==44233== Cachegrind, a cache and branch-prediction profiler
==44233== Copyright (C) 2002-2017, and GNU GPL'd, by Nicholas Nethercote et al.
==44233== Using Valgrind-3.16.1 and LibVEX; rerun with -h for copyright info
==44233== Command: ./me-large
==44233== 
--44233-- warning: L3 cache found, using its data for the LL simulation.
--44233-- warning: specified LL cache: line_size 64  assoc 11  total_size 25,952,256
--44233-- warning: simulated LL cache: line_size 64  assoc 12  total_size 25,165,824
BIP cache replacement will be used
BIP Throttle parameter is set to 0.062500
==44233== brk segment overflow in thread #1: can't grow to 0x4a4b000
==44233== (see section Limitations in user manual)
==44233== NOTE: further instances of this message will not be shown
==44233== 
==44233== I   refs:      7,528,529,062
==44233== I1  misses:            1,592
==44233== LLi misses:            1,535
==44233== I1  miss rate:          0.00%
==44233== LLi miss rate:          0.00%
==44233== 
==44233== D   refs:      1,825,539,719  (1,535,870,321 rd   + 289,669,398 wr)
==44233== D1  misses:        4,999,809  (    1,965,886 rd   +   3,033,923 wr)
==44233== LLd misses:        1,422,335  (      193,549 rd   +   1,228,786 wr)
==44233== D1  miss rate:           0.3% (          0.1%     +         1.0%  )
==44233== LLd miss rate:           0.1% (          0.0%     +         0.4%  )
==44233== 
==44233== LL refs:           5,001,401  (    1,967,478 rd   +   3,033,923 wr)
==44233== LL misses:         1,423,870  (      195,084 rd   +   1,228,786 wr)
==44233== LL miss rate:            0.0% (          0.0%     +         0.4%  )
