==37984== Cachegrind, a cache and branch-prediction profiler
==37984== Copyright (C) 2002-2017, and GNU GPL'd, by Nicholas Nethercote et al.
==37984== Using Valgrind-3.16.1 and LibVEX; rerun with -h for copyright info
==37984== Command: ./disparity .
==37984== 
--37984-- warning: L3 cache found, using its data for the LL simulation.
--37984-- warning: specified LL cache: line_size 64  assoc 11  total_size 25,952,256
--37984-- warning: simulated LL cache: line_size 64  assoc 12  total_size 25,165,824
BIP cache replacement will be used
BIP Throttle parameter is set to 0.015625
==37984== 
==37984== I   refs:      126,238,856
==37984== I1  misses:        984,120
==37984== LLi misses:          1,568
==37984== I1  miss rate:        0.78%
==37984== LLi miss rate:        0.00%
==37984== 
==37984== D   refs:       50,959,901  (34,248,434 rd   + 16,711,467 wr)
==37984== D1  misses:      5,850,801  ( 3,620,801 rd   +  2,230,000 wr)
==37984== LLd misses:         20,690  (     2,299 rd   +     18,391 wr)
==37984== D1  miss rate:        11.5% (      10.6%     +       13.3%  )
==37984== LLd miss rate:         0.0% (       0.0%     +        0.1%  )
==37984== 
==37984== LL refs:         6,834,921  ( 4,604,921 rd   +  2,230,000 wr)
==37984== LL misses:          22,258  (     3,867 rd   +     18,391 wr)
==37984== LL miss rate:          0.0% (       0.0%     +        0.1%  )
