==61439== Cachegrind, a cache and branch-prediction profiler
==61439== Copyright (C) 2002-2017, and GNU GPL'd, by Nicholas Nethercote et al.
==61439== Using Valgrind-3.16.1 and LibVEX; rerun with -h for copyright info
==61439== Command: ./sift .
==61439== 
--61439-- warning: L3 cache found, using its data for the LL simulation.
--61439-- warning: specified LL cache: line_size 64  assoc 11  total_size 25,952,256
--61439-- warning: simulated LL cache: line_size 64  assoc 12  total_size 25,165,824
LIP cache replacement will be used
==61439== brk segment overflow in thread #1: can't grow to 0x5419000
==61439== (see section Limitations in user manual)
==61439== NOTE: further instances of this message will not be shown
==61439== 
==61439== I   refs:      16,043,915,030
==61439== I1  misses:        32,723,168
==61439== LLi misses:             4,640
==61439== I1  miss rate:           0.20%
==61439== LLi miss rate:           0.00%
==61439== 
==61439== D   refs:       4,941,072,983  (3,428,287,657 rd   + 1,512,785,326 wr)
==61439== D1  misses:       827,282,716  (  730,994,632 rd   +    96,288,084 wr)
==61439== LLd misses:        24,017,602  (   14,751,261 rd   +     9,266,341 wr)
==61439== D1  miss rate:           16.7% (         21.3%     +           6.4%  )
==61439== LLd miss rate:            0.5% (          0.4%     +           0.6%  )
==61439== 
==61439== LL refs:          860,005,884  (  763,717,800 rd   +    96,288,084 wr)
==61439== LL misses:         24,022,242  (   14,755,901 rd   +     9,266,341 wr)
==61439== LL miss rate:             0.1% (          0.1%     +           0.6%  )
