==58214== Cachegrind, a cache and branch-prediction profiler
==58214== Copyright (C) 2002-2017, and GNU GPL'd, by Nicholas Nethercote et al.
==58214== Using Valgrind-3.16.1 and LibVEX; rerun with -h for copyright info
==58214== Command: ./spc-medium ../datasets/Aggregation 788 2 7 0.707 1
==58214== 
--58214-- warning: L3 cache found, using its data for the LL simulation.
--58214-- warning: specified LL cache: line_size 64  assoc 11  total_size 25,952,256
--58214-- warning: simulated LL cache: line_size 64  assoc 12  total_size 25,165,824
Random cache replacement will be used
==58214== 
==58214== I   refs:      11,307,967,301
==58214== I1  misses:             1,748
==58214== LLi misses:             1,721
==58214== I1  miss rate:           0.00%
==58214== LLi miss rate:           0.00%
==58214== 
==58214== D   refs:       4,030,824,656  (2,697,589,546 rd   + 1,333,235,110 wr)
==58214== D1  misses:        92,992,172  (   92,851,148 rd   +       141,024 wr)
==58214== LLd misses:            88,636  (        8,202 rd   +        80,434 wr)
==58214== D1  miss rate:            2.3% (          3.4%     +           0.0%  )
==58214== LLd miss rate:            0.0% (          0.0%     +           0.0%  )
==58214== 
==58214== LL refs:           92,993,920  (   92,852,896 rd   +       141,024 wr)
==58214== LL misses:             90,357  (        9,923 rd   +        80,434 wr)
==58214== LL miss rate:             0.0% (          0.0%     +           0.0%  )
