==24699== Cachegrind, a cache and branch-prediction profiler
==24699== Copyright (C) 2002-2017, and GNU GPL'd, by Nicholas Nethercote et al.
==24699== Using Valgrind-3.16.1 and LibVEX; rerun with -h for copyright info
==24699== Command: ./a.out med.txt
==24699== 
--24699-- warning: L3 cache found, using its data for the LL simulation.
--24699-- warning: specified LL cache: line_size 64  assoc 11  total_size 25,952,256
--24699-- warning: simulated LL cache: line_size 64  assoc 12  total_size 25,165,824
LIP cache replacement will be used
==24699== 
==24699== I   refs:      21,540,689,427
==24699== I1  misses:             1,824
==24699== LLi misses:             1,793
==24699== I1  miss rate:           0.00%
==24699== LLi miss rate:           0.00%
==24699== 
==24699== D   refs:      13,370,670,449  (12,167,996,488 rd   + 1,202,673,961 wr)
==24699== D1  misses:        34,047,179  (    32,983,235 rd   +     1,063,944 wr)
==24699== LLd misses:            65,757  (         2,381 rd   +        63,376 wr)
==24699== D1  miss rate:            0.3% (           0.3%     +           0.1%  )
==24699== LLd miss rate:            0.0% (           0.0%     +           0.0%  )
==24699== 
==24699== LL refs:           34,049,003  (    32,985,059 rd   +     1,063,944 wr)
==24699== LL misses:             67,550  (         4,174 rd   +        63,376 wr)
==24699== LL miss rate:             0.0% (           0.0%     +           0.0%  )
