==58021== Cachegrind, a cache and branch-prediction profiler
==58021== Copyright (C) 2002-2017, and GNU GPL'd, by Nicholas Nethercote et al.
==58021== Using Valgrind-3.16.1 and LibVEX; rerun with -h for copyright info
==58021== Command: ./spc-medium ../datasets/Aggregation 788 2 7 0.707 1
==58021== 
--58021-- warning: L3 cache found, using its data for the LL simulation.
--58021-- warning: specified LL cache: line_size 64  assoc 11  total_size 25,952,256
--58021-- warning: simulated LL cache: line_size 64  assoc 12  total_size 25,165,824
LIP cache replacement will be used
==58021== 
==58021== I   refs:      11,307,967,289
==58021== I1  misses:             1,742
==58021== LLi misses:             1,722
==58021== I1  miss rate:           0.00%
==58021== LLi miss rate:           0.00%
==58021== 
==58021== D   refs:       4,030,824,654  (2,697,589,545 rd   + 1,333,235,109 wr)
==58021== D1  misses:        99,544,680  (   99,142,297 rd   +       402,383 wr)
==58021== LLd misses:         2,228,082  (    2,135,484 rd   +        92,598 wr)
==58021== D1  miss rate:            2.5% (          3.7%     +           0.0%  )
==58021== LLd miss rate:            0.1% (          0.1%     +           0.0%  )
==58021== 
==58021== LL refs:           99,546,422  (   99,144,039 rd   +       402,383 wr)
==58021== LL misses:          2,229,804  (    2,137,206 rd   +        92,598 wr)
==58021== LL miss rate:             0.0% (          0.0%     +           0.0%  )
