==23123== Cachegrind, a cache and branch-prediction profiler
==23123== Copyright (C) 2002-2017, and GNU GPL'd, by Nicholas Nethercote et al.
==23123== Using Valgrind-3.16.1 and LibVEX; rerun with -h for copyright info
==23123== Command: ./srr-small
==23123== 
--23123-- warning: L3 cache found, using its data for the LL simulation.
--23123-- warning: specified LL cache: line_size 64  assoc 11  total_size 25,952,256
--23123-- warning: simulated LL cache: line_size 64  assoc 12  total_size 25,165,824
BIP cache replacement will be used
BIP Throttle parameter is set to 0.015625
==23123== 
==23123== I   refs:      19,999,787,105
==23123== I1  misses:             8,985
==23123== LLi misses:             1,517
==23123== I1  miss rate:           0.00%
==23123== LLi miss rate:           0.00%
==23123== 
==23123== D   refs:       7,796,537,243  (5,247,433,899 rd   + 2,549,103,344 wr)
==23123== D1  misses:       661,677,577  (  626,020,565 rd   +    35,657,012 wr)
==23123== LLd misses:            13,390  (        2,539 rd   +        10,851 wr)
==23123== D1  miss rate:            8.5% (         11.9%     +           1.4%  )
==23123== LLd miss rate:            0.0% (          0.0%     +           0.0%  )
==23123== 
==23123== LL refs:          661,686,562  (  626,029,550 rd   +    35,657,012 wr)
==23123== LL misses:             14,907  (        4,056 rd   +        10,851 wr)
==23123== LL miss rate:             0.0% (          0.0%     +           0.0%  )
