==37655== Cachegrind, a cache and branch-prediction profiler
==37655== Copyright (C) 2002-2017, and GNU GPL'd, by Nicholas Nethercote et al.
==37655== Using Valgrind-3.16.1 and LibVEX; rerun with -h for copyright info
==37655== Command: ./disparity .
==37655== 
--37655-- warning: L3 cache found, using its data for the LL simulation.
--37655-- warning: specified LL cache: line_size 64  assoc 11  total_size 25,952,256
--37655-- warning: simulated LL cache: line_size 64  assoc 12  total_size 25,165,824
BIP cache replacement will be used
BIP Throttle parameter is set to 0.062500
==37655== 
==37655== I   refs:      126,238,856
==37655== I1  misses:          2,828
==37655== LLi misses:          1,566
==37655== I1  miss rate:        0.00%
==37655== LLi miss rate:        0.00%
==37655== 
==37655== D   refs:       50,959,901  (34,248,434 rd   + 16,711,467 wr)
==37655== D1  misses:      7,047,458  ( 4,823,218 rd   +  2,224,240 wr)
==37655== LLd misses:         20,689  (     2,298 rd   +     18,391 wr)
==37655== D1  miss rate:        13.8% (      14.1%     +       13.3%  )
==37655== LLd miss rate:         0.0% (       0.0%     +        0.1%  )
==37655== 
==37655== LL refs:         7,050,286  ( 4,826,046 rd   +  2,224,240 wr)
==37655== LL misses:          22,255  (     3,864 rd   +     18,391 wr)
==37655== LL miss rate:          0.0% (       0.0%     +        0.1%  )
