==30356== Cachegrind, a cache and branch-prediction profiler
==30356== Copyright (C) 2002-2017, and GNU GPL'd, by Nicholas Nethercote et al.
==30356== Using Valgrind-3.16.1 and LibVEX; rerun with -h for copyright info
==30356== Command: ./multi_ncut .
==30356== 
--30356-- warning: L3 cache found, using its data for the LL simulation.
--30356-- warning: specified LL cache: line_size 64  assoc 11  total_size 25,952,256
--30356-- warning: simulated LL cache: line_size 64  assoc 12  total_size 25,165,824
Random cache replacement will be used
==30356== 
==30356== Process terminating with default action of signal 15 (SIGTERM)
==30356==    at 0x50DC14F: read (read.c:27)
==30356==    by 0x5059217: _IO_file_underflow@@GLIBC_2.2.5 (fileops.c:531)
==30356==    by 0x5057817: _IO_file_xsgetn (fileops.c:1344)
==30356==    by 0x504B4A0: fread (iofread.c:38)
==30356==    by 0x109304: readImage (in /home/tkloda/cortexsuite/vision/benchmarks/multi_ncut/data/fullhd/multi_ncut)
==30356==    by 0x108AC3: main (in /home/tkloda/cortexsuite/vision/benchmarks/multi_ncut/data/fullhd/multi_ncut)
==30356== 
==30356== I   refs:      602,786,984
==30356== I1  misses:          1,131
==30356== LLi misses:          1,127
==30356== I1  miss rate:        0.00%
==30356== LLi miss rate:        0.00%
==30356== 
==30356== D   refs:      259,441,363  (177,184,975 rd   + 82,256,388 wr)
==30356== D1  misses:        101,713  (      2,285 rd   +     99,428 wr)
==30356== LLd misses:        101,662  (      2,243 rd   +     99,419 wr)
==30356== D1  miss rate:         0.0% (        0.0%     +        0.1%  )
==30356== LLd miss rate:         0.0% (        0.0%     +        0.1%  )
==30356== 
==30356== LL refs:           102,844  (      3,416 rd   +     99,428 wr)
==30356== LL misses:         102,789  (      3,370 rd   +     99,419 wr)
==30356== LL miss rate:          0.0% (        0.0%     +        0.1%  )
