==21371== Cachegrind, a cache and branch-prediction profiler
==21371== Copyright (C) 2002-2017, and GNU GPL'd, by Nicholas Nethercote et al.
==21371== Using Valgrind-3.16.1 and LibVEX; rerun with -h for copyright info
==21371== Command: ./srr-medium
==21371== 
--21371-- warning: L3 cache found, using its data for the LL simulation.
--21371-- warning: specified LL cache: line_size 64  assoc 11  total_size 25,952,256
--21371-- warning: simulated LL cache: line_size 64  assoc 12  total_size 25,165,824
Random cache replacement will be used
==21371== 
==21371== I   refs:      151,164,870,270
==21371== I1  misses:              1,530
==21371== LLi misses:              1,527
==21371== I1  miss rate:            0.00%
==21371== LLi miss rate:            0.00%
==21371== 
==21371== D   refs:       57,030,637,063  (38,402,710,440 rd   + 18,627,926,623 wr)
==21371== D1  misses:         26,155,939  (    24,885,094 rd   +      1,270,845 wr)
==21371== LLd misses:             71,579  (         5,586 rd   +         65,993 wr)
==21371== D1  miss rate:             0.0% (           0.1%     +            0.0%  )
==21371== LLd miss rate:             0.0% (           0.0%     +            0.0%  )
==21371== 
==21371== LL refs:            26,157,469  (    24,886,624 rd   +      1,270,845 wr)
==21371== LL misses:              73,106  (         7,113 rd   +         65,993 wr)
==21371== LL miss rate:              0.0% (           0.0%     +            0.0%  )
