==44004== Cachegrind, a cache and branch-prediction profiler
==44004== Copyright (C) 2002-2017, and GNU GPL'd, by Nicholas Nethercote et al.
==44004== Using Valgrind-3.16.1 and LibVEX; rerun with -h for copyright info
==44004== Command: ./lda-medium est .1 3 settings.txt medium/medium_data.dat random medium/results
==44004== 
--44004-- warning: L3 cache found, using its data for the LL simulation.
--44004-- warning: specified LL cache: line_size 64  assoc 11  total_size 25,952,256
--44004-- warning: simulated LL cache: line_size 64  assoc 12  total_size 25,165,824
LIP cache replacement will be used
==44004== 
==44004== I   refs:      98,661,764,057
==44004== I1  misses:             2,185
==44004== LLi misses:             2,178
==44004== I1  miss rate:           0.00%
==44004== LLi miss rate:           0.00%
==44004== 
==44004== D   refs:      37,086,880,857  (28,183,827,340 rd   + 8,903,053,517 wr)
==44004== D1  misses:            29,649  (         2,840 rd   +        26,809 wr)
==44004== LLd misses:            29,585  (         2,783 rd   +        26,802 wr)
==44004== D1  miss rate:            0.0% (           0.0%     +           0.0%  )
==44004== LLd miss rate:            0.0% (           0.0%     +           0.0%  )
==44004== 
==44004== LL refs:               31,834  (         5,025 rd   +        26,809 wr)
==44004== LL misses:             31,763  (         4,961 rd   +        26,802 wr)
==44004== LL miss rate:             0.0% (           0.0%     +           0.0%  )
