==45509== Cachegrind, a cache and branch-prediction profiler
==45509== Copyright (C) 2002-2017, and GNU GPL'd, by Nicholas Nethercote et al.
==45509== Using Valgrind-3.16.1 and LibVEX; rerun with -h for copyright info
==45509== Command: ./me-medium
==45509== 
--45509-- warning: L3 cache found, using its data for the LL simulation.
--45509-- warning: specified LL cache: line_size 64  assoc 11  total_size 25,952,256
--45509-- warning: simulated LL cache: line_size 64  assoc 12  total_size 25,165,824
BIP cache replacement will be used
BIP Throttle parameter is set to 0.062500
==45509== brk segment overflow in thread #1: can't grow to 0x4a36000
==45509== (see section Limitations in user manual)
==45509== NOTE: further instances of this message will not be shown
==45509== 
==45509== I   refs:      582,717,332
==45509== I1  misses:      1,237,705
==45509== LLi misses:          1,534
==45509== I1  miss rate:        0.21%
==45509== LLi miss rate:        0.00%
==45509== 
==45509== D   refs:      104,638,587  (94,724,832 rd   + 9,913,755 wr)
==45509== D1  misses:     36,134,942  (35,688,126 rd   +   446,816 wr)
==45509== LLd misses:        156,410  (     2,847 rd   +   153,563 wr)
==45509== D1  miss rate:        34.5% (      37.7%     +       4.5%  )
==45509== LLd miss rate:         0.1% (       0.0%     +       1.5%  )
==45509== 
==45509== LL refs:        37,372,647  (36,925,831 rd   +   446,816 wr)
==45509== LL misses:         157,944  (     4,381 rd   +   153,563 wr)
==45509== LL miss rate:          0.0% (       0.0%     +       1.5%  )
