==53191== Cachegrind, a cache and branch-prediction profiler
==53191== Copyright (C) 2002-2017, and GNU GPL'd, by Nicholas Nethercote et al.
==53191== Using Valgrind-3.16.1 and LibVEX; rerun with -h for copyright info
==53191== Command: ./tracking .
==53191== 
--53191-- warning: L3 cache found, using its data for the LL simulation.
--53191-- warning: specified LL cache: line_size 64  assoc 11  total_size 25,952,256
--53191-- warning: simulated LL cache: line_size 64  assoc 12  total_size 25,165,824
BIP cache replacement will be used
BIP Throttle parameter is set to 0.015625
==53191== brk segment overflow in thread #1: can't grow to 0x4a37000
==53191== (see section Limitations in user manual)
==53191== NOTE: further instances of this message will not be shown
==53191== 
==53191== I   refs:      1,258,660,392
==53191== I1  misses:            3,933
==53191== LLi misses:            1,985
==53191== I1  miss rate:          0.00%
==53191== LLi miss rate:          0.00%
==53191== 
==53191== D   refs:        408,310,879  (288,791,462 rd   + 119,519,417 wr)
==53191== D1  misses:       10,571,396  (  5,694,040 rd   +   4,877,356 wr)
==53191== LLd misses:          356,628  (     63,485 rd   +     293,143 wr)
==53191== D1  miss rate:           2.6% (        2.0%     +         4.1%  )
==53191== LLd miss rate:           0.1% (        0.0%     +         0.2%  )
==53191== 
==53191== LL refs:          10,575,329  (  5,697,973 rd   +   4,877,356 wr)
==53191== LL misses:           358,613  (     65,470 rd   +     293,143 wr)
==53191== LL miss rate:            0.0% (        0.0%     +         0.2%  )
