==49294== Cachegrind, a cache and branch-prediction profiler
==49294== Copyright (C) 2002-2017, and GNU GPL'd, by Nicholas Nethercote et al.
==49294== Using Valgrind-3.16.1 and LibVEX; rerun with -h for copyright info
==49294== Command: ./pca-medium medium.data 722 800 R
==49294== 
--49294-- warning: L3 cache found, using its data for the LL simulation.
--49294-- warning: specified LL cache: line_size 64  assoc 11  total_size 25,952,256
--49294-- warning: simulated LL cache: line_size 64  assoc 12  total_size 25,165,824
BIP cache replacement will be used
BIP Throttle parameter is set to 0.031250
==49294== 
==49294== I   refs:      14,218,322,245
==49294== I1  misses:            18,171
==49294== LLi misses:             1,694
==49294== I1  miss rate:           0.00%
==49294== LLi miss rate:           0.00%
==49294== 
==49294== D   refs:       5,351,602,516  (4,031,779,776 rd   + 1,319,822,740 wr)
==49294== D1  misses:     1,490,869,054  (1,489,622,287 rd   +     1,246,767 wr)
==49294== LLd misses:           182,361  (       53,120 rd   +       129,241 wr)
==49294== D1  miss rate:           27.9% (         36.9%     +           0.1%  )
==49294== LLd miss rate:            0.0% (          0.0%     +           0.0%  )
==49294== 
==49294== LL refs:        1,490,887,225  (1,489,640,458 rd   +     1,246,767 wr)
==49294== LL misses:            184,055  (       54,814 rd   +       129,241 wr)
==49294== LL miss rate:             0.0% (          0.0%     +           0.0%  )
