==25741== Cachegrind, a cache and branch-prediction profiler
==25741== Copyright (C) 2002-2017, and GNU GPL'd, by Nicholas Nethercote et al.
==25741== Using Valgrind-3.16.1 and LibVEX; rerun with -h for copyright info
==25741== Command: ./sift .
==25741== 
--25741-- warning: L3 cache found, using its data for the LL simulation.
--25741-- warning: specified LL cache: line_size 64  assoc 11  total_size 25,952,256
--25741-- warning: simulated LL cache: line_size 64  assoc 12  total_size 25,165,824
Random cache replacement will be used
==25741== 
==25741== I   refs:      288,804,909
==25741== I1  misses:        693,965
==25741== LLi misses:          1,923
==25741== I1  miss rate:        0.24%
==25741== LLi miss rate:        0.00%
==25741== 
==25741== D   refs:       87,842,242  (61,419,191 rd   + 26,423,051 wr)
==25741== D1  misses:     16,443,586  (14,201,788 rd   +  2,241,798 wr)
==25741== LLd misses:        165,177  (     9,556 rd   +    155,621 wr)
==25741== D1  miss rate:        18.7% (      23.1%     +        8.5%  )
==25741== LLd miss rate:         0.2% (       0.0%     +        0.6%  )
==25741== 
==25741== LL refs:        17,137,551  (14,895,753 rd   +  2,241,798 wr)
==25741== LL misses:         167,100  (    11,479 rd   +    155,621 wr)
==25741== LL miss rate:          0.0% (       0.0%     +        0.6%  )
