==33533== Cachegrind, a cache and branch-prediction profiler
==33533== Copyright (C) 2002-2017, and GNU GPL'd, by Nicholas Nethercote et al.
==33533== Using Valgrind-3.16.1 and LibVEX; rerun with -h for copyright info
==33533== Command: ./texture_synthesis .
==33533== 
--33533-- warning: L3 cache found, using its data for the LL simulation.
--33533-- warning: specified LL cache: line_size 64  assoc 11  total_size 25,952,256
--33533-- warning: simulated LL cache: line_size 64  assoc 12  total_size 25,165,824
LRU cache replacement will be used
==33533== 
==33533== Process terminating with default action of signal 15 (SIGTERM)
==33533==    at 0x10D230: compare_rest (in /home/tkloda/cortexsuite/vision/benchmarks/texture_synthesis/data/fullhd/texture_synthesis)
==33533==    by 0x10D482: create_texture (in /home/tkloda/cortexsuite/vision/benchmarks/texture_synthesis/data/fullhd/texture_synthesis)
==33533==    by 0x108AF4: main (in /home/tkloda/cortexsuite/vision/benchmarks/texture_synthesis/data/fullhd/texture_synthesis)
==33533== 
==33533== I   refs:      1,561,512,714
==33533== I1  misses:            1,299
==33533== LLi misses:            1,295
==33533== I1  miss rate:          0.00%
==33533== LLi miss rate:          0.00%
==33533== 
==33533== D   refs:        428,178,990  (385,439,783 rd   + 42,739,207 wr)
==33533== D1  misses:          351,125  (     60,877 rd   +    290,248 wr)
==33533== LLd misses:          233,794  (      2,243 rd   +    231,551 wr)
==33533== D1  miss rate:           0.1% (        0.0%     +        0.7%  )
==33533== LLd miss rate:           0.1% (        0.0%     +        0.5%  )
==33533== 
==33533== LL refs:             352,424  (     62,176 rd   +    290,248 wr)
==33533== LL misses:           235,089  (      3,538 rd   +    231,551 wr)
==33533== LL miss rate:            0.0% (        0.0%     +        0.5%  )
