==43346== Cachegrind, a cache and branch-prediction profiler
==43346== Copyright (C) 2002-2017, and GNU GPL'd, by Nicholas Nethercote et al.
==43346== Using Valgrind-3.16.1 and LibVEX; rerun with -h for copyright info
==43346== Command: ./disparity .
==43346== 
--43346-- warning: L3 cache found, using its data for the LL simulation.
--43346-- warning: specified LL cache: line_size 64  assoc 11  total_size 25,952,256
--43346-- warning: simulated LL cache: line_size 64  assoc 12  total_size 25,165,824
BIP cache replacement will be used
BIP Throttle parameter is set to 0.031250
==43346== brk segment overflow in thread #1: can't grow to 0x4a37000
==43346== (see section Limitations in user manual)
==43346== NOTE: further instances of this message will not be shown
==43346== 
==43346== I   refs:      9,424,576,324
==43346== I1  misses:            1,527
==43346== LLi misses:            1,523
==43346== I1  miss rate:          0.00%
==43346== LLi miss rate:          0.00%
==43346== 
==43346== D   refs:      3,816,070,782  (2,559,180,384 rd   + 1,256,890,398 wr)
==43346== D1  misses:      344,807,539  (  250,757,037 rd   +    94,050,502 wr)
==43346== LLd misses:       59,882,114  (   37,542,253 rd   +    22,339,861 wr)
==43346== D1  miss rate:           9.0% (          9.8%     +           7.5%  )
==43346== LLd miss rate:           1.6% (          1.5%     +           1.8%  )
==43346== 
==43346== LL refs:         344,809,066  (  250,758,564 rd   +    94,050,502 wr)
==43346== LL misses:        59,883,637  (   37,543,776 rd   +    22,339,861 wr)
==43346== LL miss rate:            0.5% (          0.3%     +           1.8%  )
