==36247== Cachegrind, a cache and branch-prediction profiler
==36247== Copyright (C) 2002-2017, and GNU GPL'd, by Nicholas Nethercote et al.
==36247== Using Valgrind-3.16.1 and LibVEX; rerun with -h for copyright info
==36247== Command: ./mser .
==36247== 
--36247-- warning: L3 cache found, using its data for the LL simulation.
--36247-- warning: specified LL cache: line_size 64  assoc 11  total_size 25,952,256
--36247-- warning: simulated LL cache: line_size 64  assoc 12  total_size 25,165,824
Random cache replacement will be used
==36247== 
==36247== I   refs:      39,996,112
==36247== I1  misses:         1,518
==36247== LLi misses:         1,514
==36247== I1  miss rate:       0.00%
==36247== LLi miss rate:       0.00%
==36247== 
==36247== D   refs:      15,054,678  (10,245,445 rd   + 4,809,233 wr)
==36247== D1  misses:        21,843  (     3,516 rd   +    18,327 wr)
==36247== LLd misses:        20,583  (     2,329 rd   +    18,254 wr)
==36247== D1  miss rate:        0.1% (       0.0%     +       0.4%  )
==36247== LLd miss rate:        0.1% (       0.0%     +       0.4%  )
==36247== 
==36247== LL refs:           23,361  (     5,034 rd   +    18,327 wr)
==36247== LL misses:         22,097  (     3,843 rd   +    18,254 wr)
==36247== LL miss rate:         0.0% (       0.0%     +       0.4%  )
