==21994== Cachegrind, a cache and branch-prediction profiler
==21994== Copyright (C) 2002-2017, and GNU GPL'd, by Nicholas Nethercote et al.
==21994== Using Valgrind-3.16.1 and LibVEX; rerun with -h for copyright info
==21994== Command: ./multi_ncut .
==21994== 
--21994-- warning: L3 cache found, using its data for the LL simulation.
--21994-- warning: specified LL cache: line_size 64  assoc 11  total_size 25,952,256
--21994-- warning: simulated LL cache: line_size 64  assoc 12  total_size 25,165,824
Random cache replacement will be used
==21994== 
==21994== Process terminating with default action of signal 15 (SIGTERM)
==21994==    at 0x10AAB0: fSortIndices (in /home/tkloda/cortexsuite/vision/benchmarks/multi_ncut/data/cif/multi_ncut)
==21994==    by 0x10CE27: segment_graph (in /home/tkloda/cortexsuite/vision/benchmarks/multi_ncut/data/cif/multi_ncut)
==21994==    by 0x10CAC9: segment_image (in /home/tkloda/cortexsuite/vision/benchmarks/multi_ncut/data/cif/multi_ncut)
==21994==    by 0x108B0A: main (in /home/tkloda/cortexsuite/vision/benchmarks/multi_ncut/data/cif/multi_ncut)
==21994== 
==21994== I   refs:      1,675,488,711
==21994== I1  misses:            1,305
==21994== LLi misses:            1,289
==21994== I1  miss rate:          0.00%
==21994== LLi miss rate:          0.00%
==21994== 
==21994== D   refs:        292,088,270  (283,856,704 rd   + 8,231,566 wr)
==21994== D1  misses:       13,286,481  ( 13,111,765 rd   +   174,716 wr)
==21994== LLd misses:          172,209  (      9,657 rd   +   162,552 wr)
==21994== D1  miss rate:           4.5% (        4.6%     +       2.1%  )
==21994== LLd miss rate:           0.1% (        0.0%     +       2.0%  )
==21994== 
==21994== LL refs:          13,287,786  ( 13,113,070 rd   +   174,716 wr)
==21994== LL misses:           173,498  (     10,946 rd   +   162,552 wr)
==21994== LL miss rate:            0.0% (        0.0%     +       2.0%  )
