==26283== Cachegrind, a cache and branch-prediction profiler
==26283== Copyright (C) 2002-2017, and GNU GPL'd, by Nicholas Nethercote et al.
==26283== Using Valgrind-3.16.1 and LibVEX; rerun with -h for copyright info
==26283== Command: ./sift .
==26283== 
--26283-- warning: L3 cache found, using its data for the LL simulation.
--26283-- warning: specified LL cache: line_size 64  assoc 11  total_size 25,952,256
--26283-- warning: simulated LL cache: line_size 64  assoc 12  total_size 25,165,824
BIP cache replacement will be used
BIP Throttle parameter is set to 0.031250
==26283== 
==26283== I   refs:      288,804,908
==26283== I1  misses:         11,305
==26283== LLi misses:          1,993
==26283== I1  miss rate:        0.00%
==26283== LLi miss rate:        0.00%
==26283== 
==26283== D   refs:       87,842,240  (61,419,190 rd   + 26,423,050 wr)
==26283== D1  misses:      3,718,629  ( 3,007,655 rd   +    710,974 wr)
==26283== LLd misses:        178,643  (    23,017 rd   +    155,626 wr)
==26283== D1  miss rate:         4.2% (       4.9%     +        2.7%  )
==26283== LLd miss rate:         0.2% (       0.0%     +        0.6%  )
==26283== 
==26283== LL refs:         3,729,934  ( 3,018,960 rd   +    710,974 wr)
==26283== LL misses:         180,636  (    25,010 rd   +    155,626 wr)
==26283== LL miss rate:          0.0% (       0.0%     +        0.6%  )
