==29869== Cachegrind, a cache and branch-prediction profiler
==29869== Copyright (C) 2002-2017, and GNU GPL'd, by Nicholas Nethercote et al.
==29869== Using Valgrind-3.16.1 and LibVEX; rerun with -h for copyright info
==29869== Command: ./kmeans-small ../datasets/yeast 1484 8 10
==29869== 
--29869-- warning: L3 cache found, using its data for the LL simulation.
--29869-- warning: specified LL cache: line_size 64  assoc 11  total_size 25,952,256
--29869-- warning: simulated LL cache: line_size 64  assoc 12  total_size 25,165,824
BIP cache replacement will be used
BIP Throttle parameter is set to 0.062500
==29869== 
==29869== I   refs:      56,158,071
==29869== I1  misses:         1,471
==29869== LLi misses:         1,468
==29869== I1  miss rate:       0.00%
==29869== LLi miss rate:       0.00%
==29869== 
==29869== D   refs:      15,831,405  (13,089,370 rd   + 2,742,035 wr)
==29869== D1  misses:         4,978  (     2,156 rd   +     2,822 wr)
==29869== LLd misses:         4,969  (     2,152 rd   +     2,817 wr)
==29869== D1  miss rate:        0.0% (       0.0%     +       0.1%  )
==29869== LLd miss rate:        0.0% (       0.0%     +       0.1%  )
==29869== 
==29869== LL refs:            6,449  (     3,627 rd   +     2,822 wr)
==29869== LL misses:          6,437  (     3,620 rd   +     2,817 wr)
==29869== LL miss rate:         0.0% (       0.0%     +       0.1%  )
