==72437== Cachegrind, a cache and branch-prediction profiler
==72437== Copyright (C) 2002-2017, and GNU GPL'd, by Nicholas Nethercote et al.
==72437== Using Valgrind-3.16.1 and LibVEX; rerun with -h for copyright info
==72437== Command: ./multi_ncut .
==72437== 
--72437-- warning: L3 cache found, using its data for the LL simulation.
--72437-- warning: specified LL cache: line_size 64  assoc 11  total_size 25,952,256
--72437-- warning: simulated LL cache: line_size 64  assoc 12  total_size 25,165,824
BIP cache replacement will be used
BIP Throttle parameter is set to 0.031250
==72437== 
==72437== I   refs:      4,435,393,106
==72437== I1  misses:          784,721
==72437== LLi misses:            1,601
==72437== I1  miss rate:          0.02%
==72437== LLi miss rate:          0.00%
==72437== 
==72437== D   refs:        741,896,591  (740,027,024 rd   + 1,869,567 wr)
==72437== D1  misses:       47,112,927  ( 46,769,922 rd   +   343,005 wr)
==72437== LLd misses:           15,156  (      2,274 rd   +    12,882 wr)
==72437== D1  miss rate:           6.4% (        6.3%     +      18.3%  )
==72437== LLd miss rate:           0.0% (        0.0%     +       0.7%  )
==72437== 
==72437== LL refs:          47,897,648  ( 47,554,643 rd   +   343,005 wr)
==72437== LL misses:            16,757  (      3,875 rd   +    12,882 wr)
==72437== LL miss rate:            0.0% (        0.0%     +       0.7%  )
