==67021== Cachegrind, a cache and branch-prediction profiler
==67021== Copyright (C) 2002-2017, and GNU GPL'd, by Nicholas Nethercote et al.
==67021== Using Valgrind-3.16.1 and LibVEX; rerun with -h for copyright info
==67021== Command: ./disparity .
==67021== 
--67021-- warning: L3 cache found, using its data for the LL simulation.
--67021-- warning: specified LL cache: line_size 64  assoc 11  total_size 25,952,256
--67021-- warning: simulated LL cache: line_size 64  assoc 12  total_size 25,165,824
Input size		- (154x176)
Verification		- Successful
Cycles elapsed		- 2487545444

==67021== 
==67021== I   refs:      126,238,696
==67021== I1  misses:      3,726,486
==67021== LLi misses:          1,462
==67021== I1  miss rate:        2.95%
==67021== LLi miss rate:        0.00%
==67021== 
==67021== D   refs:       50,959,606  (34,248,378 rd   + 16,711,228 wr)
==67021== D1  misses:         20,649  (     2,259 rd   +     18,390 wr)
==67021== LLd misses:         20,649  (     2,259 rd   +     18,390 wr)
==67021== D1  miss rate:         0.0% (       0.0%     +        0.1%  )
==67021== LLd miss rate:         0.0% (       0.0%     +        0.1%  )
==67021== 
==67021== LL refs:         3,747,135  ( 3,728,745 rd   +     18,390 wr)
==67021== LL misses:          22,111  (     3,721 rd   +     18,390 wr)
==67021== LL miss rate:          0.0% (       0.0%     +        0.1%  )
