==11235== Cachegrind, a cache and branch-prediction profiler
==11235== Copyright (C) 2002-2017, and GNU GPL'd, by Nicholas Nethercote et al.
==11235== Using Valgrind-3.16.1 and LibVEX; rerun with -h for copyright info
==11235== Command: ./pca-large large.data 5000 1059 R
==11235== 
--11235-- warning: L3 cache found, using its data for the LL simulation.
--11235-- warning: specified LL cache: line_size 64  assoc 11  total_size 25,952,256
--11235-- warning: simulated LL cache: line_size 64  assoc 12  total_size 25,165,824
Random cache replacement will be used
==11235== brk segment overflow in thread #1: can't grow to 0x4a35000
==11235== (see section Limitations in user manual)
==11235== NOTE: further instances of this message will not be shown
==11235== 
==11235== I   refs:      71,275,145,790
==11235== I1  misses:             1,810
==11235== LLi misses:             1,701
==11235== I1  miss rate:           0.00%
==11235== LLi miss rate:           0.00%
==11235== 
==11235== D   refs:      28,625,035,458  (20,878,881,310 rd   + 7,746,154,148 wr)
==11235== D1  misses:     7,752,402,449  ( 7,746,029,705 rd   +     6,372,744 wr)
==11235== LLd misses:         1,342,318  (       824,248 rd   +       518,070 wr)
==11235== D1  miss rate:           27.1% (          37.1%     +           0.1%  )
==11235== LLd miss rate:            0.0% (           0.0%     +           0.0%  )
==11235== 
==11235== LL refs:        7,752,404,259  ( 7,746,031,515 rd   +     6,372,744 wr)
==11235== LL misses:          1,344,019  (       825,949 rd   +       518,070 wr)
==11235== LL miss rate:             0.0% (           0.0%     +           0.0%  )
