==54249== Cachegrind, a cache and branch-prediction profiler
==54249== Copyright (C) 2002-2017, and GNU GPL'd, by Nicholas Nethercote et al.
==54249== Using Valgrind-3.16.1 and LibVEX; rerun with -h for copyright info
==54249== Command: ./sift .
==54249== 
--54249-- warning: L3 cache found, using its data for the LL simulation.
--54249-- warning: specified LL cache: line_size 64  assoc 11  total_size 25,952,256
--54249-- warning: simulated LL cache: line_size 64  assoc 12  total_size 25,165,824
LRU cache replacement will be used
==54249== brk segment overflow in thread #1: can't grow to 0x5419000
==54249== (see section Limitations in user manual)
==54249== NOTE: further instances of this message will not be shown
==54249== 
==54249== I   refs:      16,043,915,191
==54249== I1  misses:            59,130
==54249== LLi misses:             3,816
==54249== I1  miss rate:           0.00%
==54249== LLi miss rate:           0.00%
==54249== 
==54249== D   refs:       4,941,073,134  (3,428,287,739 rd   + 1,512,785,395 wr)
==54249== D1  misses:       185,118,142  (  173,395,387 rd   +    11,722,755 wr)
==54249== LLd misses:        23,804,129  (   14,163,185 rd   +     9,640,944 wr)
==54249== D1  miss rate:            3.7% (          5.1%     +           0.8%  )
==54249== LLd miss rate:            0.5% (          0.4%     +           0.6%  )
==54249== 
==54249== LL refs:          185,177,272  (  173,454,517 rd   +    11,722,755 wr)
==54249== LL misses:         23,807,945  (   14,167,001 rd   +     9,640,944 wr)
==54249== LL miss rate:             0.1% (          0.1%     +           0.6%  )
