==51521== Cachegrind, a cache and branch-prediction profiler
==51521== Copyright (C) 2002-2017, and GNU GPL'd, by Nicholas Nethercote et al.
==51521== Using Valgrind-3.16.1 and LibVEX; rerun with -h for copyright info
==51521== Command: ./rbm-large
==51521== 
--51521-- warning: L3 cache found, using its data for the LL simulation.
--51521-- warning: specified LL cache: line_size 64  assoc 11  total_size 25,952,256
--51521-- warning: simulated LL cache: line_size 64  assoc 12  total_size 25,165,824
BIP cache replacement will be used
BIP Throttle parameter is set to 0.062500
==51521== 
==51521== I   refs:      119,676,070,063
==51521== I1  misses:              1,492
==51521== LLi misses:              1,470
==51521== I1  miss rate:            0.00%
==51521== LLi miss rate:            0.00%
==51521== 
==51521== D   refs:       35,862,087,164  (27,106,383,010 rd   + 8,755,704,154 wr)
==51521== D1  misses:      2,010,387,316  ( 1,662,423,640 rd   +   347,963,676 wr)
==51521== LLd misses:             52,310  (        28,448 rd   +        23,862 wr)
==51521== D1  miss rate:             5.6% (           6.1%     +           4.0%  )
==51521== LLd miss rate:             0.0% (           0.0%     +           0.0%  )
==51521== 
==51521== LL refs:         2,010,388,808  ( 1,662,425,132 rd   +   347,963,676 wr)
==51521== LL misses:              53,780  (        29,918 rd   +        23,862 wr)
==51521== LL miss rate:              0.0% (           0.0%     +           0.0%  )
