==37625== Cachegrind, a cache and branch-prediction profiler
==37625== Copyright (C) 2002-2017, and GNU GPL'd, by Nicholas Nethercote et al.
==37625== Using Valgrind-3.16.1 and LibVEX; rerun with -h for copyright info
==37625== Command: ./disparity .
==37625== 
--37625-- warning: L3 cache found, using its data for the LL simulation.
--37625-- warning: specified LL cache: line_size 64  assoc 11  total_size 25,952,256
--37625-- warning: simulated LL cache: line_size 64  assoc 12  total_size 25,165,824
BIP cache replacement will be used
BIP Throttle parameter is set to 0.062500
==37625== 
==37625== I   refs:      126,238,856
==37625== I1  misses:      2,118,941
==37625== LLi misses:          1,546
==37625== I1  miss rate:        1.68%
==37625== LLi miss rate:        0.00%
==37625== 
==37625== D   refs:       50,959,901  (34,248,434 rd   + 16,711,467 wr)
==37625== D1  misses:      8,925,381  ( 6,628,521 rd   +  2,296,860 wr)
==37625== LLd misses:         20,678  (     2,287 rd   +     18,391 wr)
==37625== D1  miss rate:        17.5% (      19.4%     +       13.7%  )
==37625== LLd miss rate:         0.0% (       0.0%     +        0.1%  )
==37625== 
==37625== LL refs:        11,044,322  ( 8,747,462 rd   +  2,296,860 wr)
==37625== LL misses:          22,224  (     3,833 rd   +     18,391 wr)
==37625== LL miss rate:          0.0% (       0.0%     +        0.1%  )
