==24832== Cachegrind, a cache and branch-prediction profiler
==24832== Copyright (C) 2002-2017, and GNU GPL'd, by Nicholas Nethercote et al.
==24832== Using Valgrind-3.16.1 and LibVEX; rerun with -h for copyright info
==24832== Command: ./spc-medium ../datasets/Aggregation 788 2 7 0.707 1
==24832== 
--24832-- warning: L3 cache found, using its data for the LL simulation.
--24832-- warning: specified LL cache: line_size 64  assoc 11  total_size 25,952,256
--24832-- warning: simulated LL cache: line_size 64  assoc 12  total_size 25,165,824
BIP cache replacement will be used
BIP Throttle parameter is set to 0.062500
==24832== 
==24832== I   refs:      11,307,967,431
==24832== I1  misses:             1,730
==24832== LLi misses:             1,718
==24832== I1  miss rate:           0.00%
==24832== LLi miss rate:           0.00%
==24832== 
==24832== D   refs:       4,030,824,677  (2,697,589,567 rd   + 1,333,235,110 wr)
==24832== D1  misses:        98,518,645  (   98,365,553 rd   +       153,092 wr)
==24832== LLd misses:           313,297  (      212,475 rd   +       100,822 wr)
==24832== D1  miss rate:            2.4% (          3.6%     +           0.0%  )
==24832== LLd miss rate:            0.0% (          0.0%     +           0.0%  )
==24832== 
==24832== LL refs:           98,520,375  (   98,367,283 rd   +       153,092 wr)
==24832== LL misses:            315,015  (      214,193 rd   +       100,822 wr)
==24832== LL miss rate:             0.0% (          0.0%     +           0.0%  )
