==1289== Cachegrind, a cache and branch-prediction profiler
==1289== Copyright (C) 2002-2017, and GNU GPL'd, by Nicholas Nethercote et al.
==1289== Using Valgrind-3.16.1 and LibVEX; rerun with -h for copyright info
==1289== Command: ./mser .
==1289== 
--1289-- warning: L3 cache found, using its data for the LL simulation.
--1289-- warning: specified LL cache: line_size 64  assoc 11  total_size 25,952,256
--1289-- warning: simulated LL cache: line_size 64  assoc 12  total_size 25,165,824
BIP cache replacement will be used
BIP Throttle parameter is set to 0.015625
==1289== 
==1289== I   refs:      3,434,253,570
==1289== I1  misses:            1,500
==1289== LLi misses:            1,495
==1289== I1  miss rate:          0.00%
==1289== LLi miss rate:          0.00%
==1289== 
==1289== D   refs:      1,308,839,721  (891,688,009 rd   + 417,151,712 wr)
==1289== D1  misses:       13,570,556  ( 10,812,717 rd   +   2,757,839 wr)
==1289== LLd misses:        7,183,284  (  4,928,012 rd   +   2,255,272 wr)
==1289== D1  miss rate:           1.0% (        1.2%     +         0.7%  )
==1289== LLd miss rate:           0.5% (        0.6%     +         0.5%  )
==1289== 
==1289== LL refs:          13,572,056  ( 10,814,217 rd   +   2,757,839 wr)
==1289== LL misses:         7,184,779  (  4,929,507 rd   +   2,255,272 wr)
==1289== LL miss rate:            0.2% (        0.1%     +         0.5%  )
