==51869== Cachegrind, a cache and branch-prediction profiler
==51869== Copyright (C) 2002-2017, and GNU GPL'd, by Nicholas Nethercote et al.
==51869== Using Valgrind-3.16.1 and LibVEX; rerun with -h for copyright info
==51869== Command: ./rbm-large
==51869== 
--51869-- warning: L3 cache found, using its data for the LL simulation.
--51869-- warning: specified LL cache: line_size 64  assoc 11  total_size 25,952,256
--51869-- warning: simulated LL cache: line_size 64  assoc 12  total_size 25,165,824
BIP cache replacement will be used
BIP Throttle parameter is set to 0.015625
==51869== 
==51869== I   refs:      119,676,070,063
==51869== I1  misses:              1,480
==51869== LLi misses:              1,469
==51869== I1  miss rate:            0.00%
==51869== LLi miss rate:            0.00%
==51869== 
==51869== D   refs:       35,862,087,164  (27,106,383,010 rd   + 8,755,704,154 wr)
==51869== D1  misses:      1,840,021,618  ( 1,495,805,498 rd   +   344,216,120 wr)
==51869== LLd misses:             53,614  (        29,582 rd   +        24,032 wr)
==51869== D1  miss rate:             5.1% (           5.5%     +           3.9%  )
==51869== LLd miss rate:             0.0% (           0.0%     +           0.0%  )
==51869== 
==51869== LL refs:         1,840,023,098  ( 1,495,806,978 rd   +   344,216,120 wr)
==51869== LL misses:              55,083  (        31,051 rd   +        24,032 wr)
==51869== LL miss rate:              0.0% (           0.0%     +           0.0%  )
