==53348== Cachegrind, a cache and branch-prediction profiler
==53348== Copyright (C) 2002-2017, and GNU GPL'd, by Nicholas Nethercote et al.
==53348== Using Valgrind-3.16.1 and LibVEX; rerun with -h for copyright info
==53348== Command: ./pca-medium medium.data 722 800 R
==53348== 
--53348-- warning: L3 cache found, using its data for the LL simulation.
--53348-- warning: specified LL cache: line_size 64  assoc 11  total_size 25,952,256
--53348-- warning: simulated LL cache: line_size 64  assoc 12  total_size 25,165,824
LIP cache replacement will be used
==53348== 
==53348== I   refs:      14,218,322,069
==53348== I1  misses:             1,635
==53348== LLi misses:             1,631
==53348== I1  miss rate:           0.00%
==53348== LLi miss rate:           0.00%
==53348== 
==53348== D   refs:       5,351,602,366  (4,031,779,695 rd   + 1,319,822,671 wr)
==53348== D1  misses:           120,139  (        2,281 rd   +       117,858 wr)
==53348== LLd misses:           120,137  (        2,281 rd   +       117,856 wr)
==53348== D1  miss rate:            0.0% (          0.0%     +           0.0%  )
==53348== LLd miss rate:            0.0% (          0.0%     +           0.0%  )
==53348== 
==53348== LL refs:              121,774  (        3,916 rd   +       117,858 wr)
==53348== LL misses:            121,768  (        3,912 rd   +       117,856 wr)
==53348== LL miss rate:             0.0% (          0.0%     +           0.0%  )
