==59535== Cachegrind, a cache and branch-prediction profiler
==59535== Copyright (C) 2002-2017, and GNU GPL'd, by Nicholas Nethercote et al.
==59535== Using Valgrind-3.16.1 and LibVEX; rerun with -h for copyright info
==59535== Command: ./me-large
==59535== 
--59535-- warning: L3 cache found, using its data for the LL simulation.
--59535-- warning: specified LL cache: line_size 64  assoc 11  total_size 25,952,256
--59535-- warning: simulated LL cache: line_size 64  assoc 12  total_size 25,165,824
LIP cache replacement will be used
==59535== brk segment overflow in thread #1: can't grow to 0x4a4b000
==59535== (see section Limitations in user manual)
==59535== NOTE: further instances of this message will not be shown
==59535== 
==59535== I   refs:      7,528,529,082
==59535== I1  misses:            1,499
==59535== LLi misses:            1,496
==59535== I1  miss rate:          0.00%
==59535== LLi miss rate:          0.00%
==59535== 
==59535== D   refs:      1,825,539,721  (1,535,870,322 rd   + 289,669,399 wr)
==59535== D1  misses:        1,557,181  (      309,521 rd   +   1,247,660 wr)
==59535== LLd misses:        1,556,203  (      308,727 rd   +   1,247,476 wr)
==59535== D1  miss rate:           0.1% (          0.0%     +         0.4%  )
==59535== LLd miss rate:           0.1% (          0.0%     +         0.4%  )
==59535== 
==59535== LL refs:           1,558,680  (      311,020 rd   +   1,247,660 wr)
==59535== LL misses:         1,557,699  (      310,223 rd   +   1,247,476 wr)
==59535== LL miss rate:            0.0% (          0.0%     +         0.4%  )
