==37511== Cachegrind, a cache and branch-prediction profiler
==37511== Copyright (C) 2002-2017, and GNU GPL'd, by Nicholas Nethercote et al.
==37511== Using Valgrind-3.16.1 and LibVEX; rerun with -h for copyright info
==37511== Command: ./disparity .
==37511== 
--37511-- warning: L3 cache found, using its data for the LL simulation.
--37511-- warning: specified LL cache: line_size 64  assoc 11  total_size 25,952,256
--37511-- warning: simulated LL cache: line_size 64  assoc 12  total_size 25,165,824
FIFO cache replacement will be used
==37511== 
==37511== I   refs:      126,238,844
==37511== I1  misses:          1,579
==37511== LLi misses:          1,501
==37511== I1  miss rate:        0.00%
==37511== LLi miss rate:        0.00%
==37511== 
==37511== D   refs:       50,959,899  (34,248,433 rd   + 16,711,466 wr)
==37511== D1  misses:      1,615,009  ( 1,005,277 rd   +    609,732 wr)
==37511== LLd misses:         20,641  (     2,251 rd   +     18,390 wr)
==37511== D1  miss rate:         3.2% (       2.9%     +        3.6%  )
==37511== LLd miss rate:         0.0% (       0.0%     +        0.1%  )
==37511== 
==37511== LL refs:         1,616,588  ( 1,006,856 rd   +    609,732 wr)
==37511== LL misses:          22,142  (     3,752 rd   +     18,390 wr)
==37511== LL miss rate:          0.0% (       0.0%     +        0.1%  )
