==25154== Cachegrind, a cache and branch-prediction profiler
==25154== Copyright (C) 2002-2017, and GNU GPL'd, by Nicholas Nethercote et al.
==25154== Using Valgrind-3.16.1 and LibVEX; rerun with -h for copyright info
==25154== Command: ./a.out med.txt
==25154== 
--25154-- warning: L3 cache found, using its data for the LL simulation.
--25154-- warning: specified LL cache: line_size 64  assoc 11  total_size 25,952,256
--25154-- warning: simulated LL cache: line_size 64  assoc 12  total_size 25,165,824
BIP cache replacement will be used
BIP Throttle parameter is set to 0.062500
==25154== 
==25154== I   refs:      21,540,689,427
==25154== I1  misses:        31,725,096
==25154== LLi misses:             1,907
==25154== I1  miss rate:           0.15%
==25154== LLi miss rate:           0.00%
==25154== 
==25154== D   refs:      13,370,670,449  (12,167,996,488 rd   + 1,202,673,961 wr)
==25154== D1  misses:       634,844,405  (   622,007,686 rd   +    12,836,719 wr)
==25154== LLd misses:            65,521  (         2,317 rd   +        63,204 wr)
==25154== D1  miss rate:            4.7% (           5.1%     +           1.1%  )
==25154== LLd miss rate:            0.0% (           0.0%     +           0.0%  )
==25154== 
==25154== LL refs:          666,569,501  (   653,732,782 rd   +    12,836,719 wr)
==25154== LL misses:             67,428  (         4,224 rd   +        63,204 wr)
==25154== LL miss rate:             0.0% (           0.0%     +           0.0%  )
