==67030== Cachegrind, a cache and branch-prediction profiler
==67030== Copyright (C) 2002-2017, and GNU GPL'd, by Nicholas Nethercote et al.
==67030== Using Valgrind-3.16.1 and LibVEX; rerun with -h for copyright info
==67030== Command: ./srr-medium
==67030== 
--67030-- warning: L3 cache found, using its data for the LL simulation.
--67030-- warning: specified LL cache: line_size 64  assoc 11  total_size 25,952,256
--67030-- warning: simulated LL cache: line_size 64  assoc 12  total_size 25,165,824
Cycles elapsed		- 6832585502226

==67030== 
==67030== I   refs:      151,164,870,361
==67030== I1  misses:        183,406,994
==67030== LLi misses:              1,522
==67030== I1  miss rate:            0.12%
==67030== LLi miss rate:            0.00%
==67030== 
==67030== D   refs:       57,030,637,066  (38,402,710,449 rd   + 18,627,926,617 wr)
==67030== D1  misses:         29,080,777  (    28,170,441 rd   +        910,336 wr)
==67030== LLd misses:             68,965  (         3,002 rd   +         65,963 wr)
==67030== D1  miss rate:             0.1% (           0.1%     +            0.0%  )
==67030== LLd miss rate:             0.0% (           0.0%     +            0.0%  )
==67030== 
==67030== LL refs:           212,487,771  (   211,577,435 rd   +        910,336 wr)
==67030== LL misses:              70,487  (         4,524 rd   +         65,963 wr)
==67030== LL miss rate:              0.0% (           0.0%     +            0.0%  )
