==25625== Cachegrind, a cache and branch-prediction profiler
==25625== Copyright (C) 2002-2017, and GNU GPL'd, by Nicholas Nethercote et al.
==25625== Using Valgrind-3.16.1 and LibVEX; rerun with -h for copyright info
==25625== Command: ./texture_synthesis .
==25625== 
--25625-- warning: L3 cache found, using its data for the LL simulation.
--25625-- warning: specified LL cache: line_size 64  assoc 11  total_size 25,952,256
--25625-- warning: simulated LL cache: line_size 64  assoc 12  total_size 25,165,824
FIFO cache replacement will be used
==25625== 
==25625== I   refs:      208,057,388
==25625== I1  misses:     11,215,063
==25625== LLi misses:          1,586
==25625== I1  miss rate:        5.39%
==25625== LLi miss rate:        0.00%
==25625== 
==25625== D   refs:       76,991,608  (52,726,640 rd   + 24,264,968 wr)
==25625== D1  misses:        315,529  (   241,393 rd   +     74,136 wr)
==25625== LLd misses:         31,232  (     2,307 rd   +     28,925 wr)
==25625== D1  miss rate:         0.4% (       0.5%     +        0.3%  )
==25625== LLd miss rate:         0.0% (       0.0%     +        0.1%  )
==25625== 
==25625== LL refs:        11,530,592  (11,456,456 rd   +     74,136 wr)
==25625== LL misses:          32,818  (     3,893 rd   +     28,925 wr)
==25625== LL miss rate:          0.0% (       0.0%     +        0.1%  )
