==37600== Cachegrind, a cache and branch-prediction profiler
==37600== Copyright (C) 2002-2017, and GNU GPL'd, by Nicholas Nethercote et al.
==37600== Using Valgrind-3.16.1 and LibVEX; rerun with -h for copyright info
==37600== Command: ./disparity .
==37600== 
--37600-- warning: L3 cache found, using its data for the LL simulation.
--37600-- warning: specified LL cache: line_size 64  assoc 11  total_size 25,952,256
--37600-- warning: simulated LL cache: line_size 64  assoc 12  total_size 25,165,824
FIFO cache replacement will be used
==37600== 
==37600== I   refs:      463,775,535
==37600== I1  misses:          2,651
==37600== LLi misses:          1,488
==37600== I1  miss rate:        0.00%
==37600== LLi miss rate:        0.00%
==37600== 
==37600== D   refs:      187,796,950  (126,192,387 rd   + 61,604,563 wr)
==37600== D1  misses:     19,720,143  (  9,673,535 rd   + 10,046,608 wr)
==37600== LLd misses:         74,247  (      2,315 rd   +     71,932 wr)
==37600== D1  miss rate:        10.5% (        7.7%     +       16.3%  )
==37600== LLd miss rate:         0.0% (        0.0%     +        0.1%  )
==37600== 
==37600== LL refs:        19,722,794  (  9,676,186 rd   + 10,046,608 wr)
==37600== LL misses:          75,735  (      3,803 rd   +     71,932 wr)
==37600== LL miss rate:          0.0% (        0.0%     +        0.1%  )
