==48934== Cachegrind, a cache and branch-prediction profiler
==48934== Copyright (C) 2002-2017, and GNU GPL'd, by Nicholas Nethercote et al.
==48934== Using Valgrind-3.16.1 and LibVEX; rerun with -h for copyright info
==48934== Command: ./pca-large large.data 5000 1059 R
==48934== 
--48934-- warning: L3 cache found, using its data for the LL simulation.
--48934-- warning: specified LL cache: line_size 64  assoc 11  total_size 25,952,256
--48934-- warning: simulated LL cache: line_size 64  assoc 12  total_size 25,165,824
FIFO cache replacement will be used
==48934== brk segment overflow in thread #1: can't grow to 0x4a35000
==48934== (see section Limitations in user manual)
==48934== NOTE: further instances of this message will not be shown
==48934== 
==48934== I   refs:      71,275,145,879
==48934== I1  misses:             7,532
==48934== LLi misses:             1,650
==48934== I1  miss rate:           0.00%
==48934== LLi miss rate:           0.00%
==48934== 
==48934== D   refs:      28,625,035,472  (20,878,881,322 rd   + 7,746,154,150 wr)
==48934== D1  misses:     7,896,139,165  ( 7,886,954,500 rd   +     9,184,665 wr)
==48934== LLd misses:           926,228  (       438,401 rd   +       487,827 wr)
==48934== D1  miss rate:           27.6% (          37.8%     +           0.1%  )
==48934== LLd miss rate:            0.0% (           0.0%     +           0.0%  )
==48934== 
==48934== LL refs:        7,896,146,697  ( 7,886,962,032 rd   +     9,184,665 wr)
==48934== LL misses:            927,878  (       440,051 rd   +       487,827 wr)
==48934== LL miss rate:             0.0% (           0.0%     +           0.0%  )
