==22928== Cachegrind, a cache and branch-prediction profiler
==22928== Copyright (C) 2002-2017, and GNU GPL'd, by Nicholas Nethercote et al.
==22928== Using Valgrind-3.16.1 and LibVEX; rerun with -h for copyright info
==22928== Command: ./sift .
==22928== 
--22928-- warning: L3 cache found, using its data for the LL simulation.
--22928-- warning: specified LL cache: line_size 64  assoc 11  total_size 25,952,256
--22928-- warning: simulated LL cache: line_size 64  assoc 12  total_size 25,165,824
LIP cache replacement will be used
==22928== brk segment overflow in thread #1: can't grow to 0x4a36000
==22928== (see section Limitations in user manual)
==22928== NOTE: further instances of this message will not be shown
==22928== 
==22928== I   refs:      1,142,732,445
==22928== I1  misses:           12,423
==22928== LLi misses:            2,241
==22928== I1  miss rate:          0.00%
==22928== LLi miss rate:          0.00%
==22928== 
==22928== D   refs:        350,629,227  (243,842,190 rd   + 106,787,037 wr)
==22928== D1  misses:       47,267,173  ( 41,977,884 rd   +   5,289,289 wr)
==22928== LLd misses:          696,599  (    162,005 rd   +     534,594 wr)
==22928== D1  miss rate:          13.5% (       17.2%     +         5.0%  )
==22928== LLd miss rate:           0.2% (        0.1%     +         0.5%  )
==22928== 
==22928== LL refs:          47,279,596  ( 41,990,307 rd   +   5,289,289 wr)
==22928== LL misses:           698,840  (    164,246 rd   +     534,594 wr)
==22928== LL miss rate:            0.0% (        0.0%     +         0.5%  )
