==49666== Cachegrind, a cache and branch-prediction profiler
==49666== Copyright (C) 2002-2017, and GNU GPL'd, by Nicholas Nethercote et al.
==49666== Using Valgrind-3.16.1 and LibVEX; rerun with -h for copyright info
==49666== Command: ./pca-small small.data 1593 256 R
==49666== 
--49666-- warning: L3 cache found, using its data for the LL simulation.
--49666-- warning: specified LL cache: line_size 64  assoc 11  total_size 25,952,256
--49666-- warning: simulated LL cache: line_size 64  assoc 12  total_size 25,165,824
LRU cache replacement will be used
==49666== 
==49666== I   refs:      1,489,668,873
==49666== I1  misses:            1,615
==49666== LLi misses:            1,607
==49666== I1  miss rate:          0.00%
==49666== LLi miss rate:          0.00%
==49666== 
==49666== D   refs:        597,905,960  (426,153,002 rd   + 171,752,958 wr)
==49666== D1  misses:      100,046,833  ( 99,960,852 rd   +      85,981 wr)
==49666== LLd misses:           37,484  (      2,275 rd   +      35,209 wr)
==49666== D1  miss rate:          16.7% (       23.5%     +         0.1%  )
==49666== LLd miss rate:           0.0% (        0.0%     +         0.0%  )
==49666== 
==49666== LL refs:         100,048,448  ( 99,962,467 rd   +      85,981 wr)
==49666== LL misses:            39,091  (      3,882 rd   +      35,209 wr)
==49666== LL miss rate:            0.0% (        0.0%     +         0.0%  )
