==53864== Cachegrind, a cache and branch-prediction profiler
==53864== Copyright (C) 2002-2017, and GNU GPL'd, by Nicholas Nethercote et al.
==53864== Using Valgrind-3.16.1 and LibVEX; rerun with -h for copyright info
==53864== Command: ./tracking .
==53864== 
--53864-- warning: L3 cache found, using its data for the LL simulation.
--53864-- warning: specified LL cache: line_size 64  assoc 11  total_size 25,952,256
--53864-- warning: simulated LL cache: line_size 64  assoc 12  total_size 25,165,824
FIFO cache replacement will be used
==53864== brk segment overflow in thread #1: can't grow to 0x5026000
==53864== (see section Limitations in user manual)
==53864== NOTE: further instances of this message will not be shown
==53864== 
==53864== I   refs:      7,862,359,008
==53864== I1  misses:            9,381
==53864== LLi misses:            3,509
==53864== I1  miss rate:          0.00%
==53864== LLi miss rate:          0.00%
==53864== 
==53864== D   refs:      2,585,046,518  (1,824,545,511 rd   + 760,501,007 wr)
==53864== D1  misses:      204,997,084  (  141,468,224 rd   +  63,528,860 wr)
==53864== LLd misses:        9,387,761  (    2,912,056 rd   +   6,475,705 wr)
==53864== D1  miss rate:           7.9% (          7.8%     +         8.4%  )
==53864== LLd miss rate:           0.4% (          0.2%     +         0.9%  )
==53864== 
==53864== LL refs:         205,006,465  (  141,477,605 rd   +  63,528,860 wr)
==53864== LL misses:         9,391,270  (    2,915,565 rd   +   6,475,705 wr)
==53864== LL miss rate:            0.1% (          0.0%     +         0.9%  )
