==19660== Cachegrind, a cache and branch-prediction profiler
==19660== Copyright (C) 2002-2017, and GNU GPL'd, by Nicholas Nethercote et al.
==19660== Using Valgrind-3.16.1 and LibVEX; rerun with -h for copyright info
==19660== Command: ./mser .
==19660== 
--19660-- warning: L3 cache found, using its data for the LL simulation.
--19660-- warning: specified LL cache: line_size 64  assoc 11  total_size 25,952,256
--19660-- warning: simulated LL cache: line_size 64  assoc 12  total_size 25,165,824
Random cache replacement will be used
==19660== 
==19660== I   refs:      157,426,193
==19660== I1  misses:          1,498
==19660== LLi misses:          1,493
==19660== I1  miss rate:        0.00%
==19660== LLi miss rate:        0.00%
==19660== 
==19660== D   refs:       59,523,786  (40,510,722 rd   + 19,013,064 wr)
==19660== D1  misses:        136,120  (    62,513 rd   +     73,607 wr)
==19660== LLd misses:         72,359  (     3,441 rd   +     68,918 wr)
==19660== D1  miss rate:         0.2% (       0.2%     +        0.4%  )
==19660== LLd miss rate:         0.1% (       0.0%     +        0.4%  )
==19660== 
==19660== LL refs:           137,618  (    64,011 rd   +     73,607 wr)
==19660== LL misses:          73,852  (     4,934 rd   +     68,918 wr)
==19660== LL miss rate:          0.0% (       0.0%     +        0.4%  )
