==37808== Cachegrind, a cache and branch-prediction profiler
==37808== Copyright (C) 2002-2017, and GNU GPL'd, by Nicholas Nethercote et al.
==37808== Using Valgrind-3.16.1 and LibVEX; rerun with -h for copyright info
==37808== Command: ./disparity .
==37808== 
--37808-- warning: L3 cache found, using its data for the LL simulation.
--37808-- warning: specified LL cache: line_size 64  assoc 11  total_size 25,952,256
--37808-- warning: simulated LL cache: line_size 64  assoc 12  total_size 25,165,824
BIP cache replacement will be used
BIP Throttle parameter is set to 0.031250
==37808== 
==37808== I   refs:      126,238,856
==37808== I1  misses:      1,595,038
==37808== LLi misses:          1,562
==37808== I1  miss rate:        1.26%
==37808== LLi miss rate:        0.00%
==37808== 
==37808== D   refs:       50,959,901  (34,248,434 rd   + 16,711,467 wr)
==37808== D1  misses:      8,389,755  ( 6,159,562 rd   +  2,230,193 wr)
==37808== LLd misses:         20,691  (     2,300 rd   +     18,391 wr)
==37808== D1  miss rate:        16.5% (      18.0%     +       13.3%  )
==37808== LLd miss rate:         0.0% (       0.0%     +        0.1%  )
==37808== 
==37808== LL refs:         9,984,793  ( 7,754,600 rd   +  2,230,193 wr)
==37808== LL misses:          22,253  (     3,862 rd   +     18,391 wr)
==37808== LL miss rate:          0.0% (       0.0%     +        0.1%  )
