==33938== Cachegrind, a cache and branch-prediction profiler
==33938== Copyright (C) 2002-2017, and GNU GPL'd, by Nicholas Nethercote et al.
==33938== Using Valgrind-3.16.1 and LibVEX; rerun with -h for copyright info
==33938== Command: ./spc-medium ../datasets/Aggregation 788 2 7 0.707 1
==33938== 
--33938-- warning: L3 cache found, using its data for the LL simulation.
--33938-- warning: specified LL cache: line_size 64  assoc 11  total_size 25,952,256
--33938-- warning: simulated LL cache: line_size 64  assoc 12  total_size 25,165,824
LRU cache replacement will be used
==33938== 
==33938== I   refs:      11,307,967,289
==33938== I1  misses:             1,725
==33938== LLi misses:             1,721
==33938== I1  miss rate:           0.00%
==33938== LLi miss rate:           0.00%
==33938== 
==33938== D   refs:       4,030,824,654  (2,697,589,545 rd   + 1,333,235,109 wr)
==33938== D1  misses:        69,638,884  (   69,517,988 rd   +       120,896 wr)
==33938== LLd misses:            82,589  (        2,503 rd   +        80,086 wr)
==33938== D1  miss rate:            1.7% (          2.6%     +           0.0%  )
==33938== LLd miss rate:            0.0% (          0.0%     +           0.0%  )
==33938== 
==33938== LL refs:           69,640,609  (   69,519,713 rd   +       120,896 wr)
==33938== LL misses:             84,310  (        4,224 rd   +        80,086 wr)
==33938== LL miss rate:             0.0% (          0.0%     +           0.0%  )
