==61188== Cachegrind, a cache and branch-prediction profiler
==61188== Copyright (C) 2002-2017, and GNU GPL'd, by Nicholas Nethercote et al.
==61188== Using Valgrind-3.16.1 and LibVEX; rerun with -h for copyright info
==61188== Command: ./stitch .
==61188== 
--61188-- warning: L3 cache found, using its data for the LL simulation.
--61188-- warning: specified LL cache: line_size 64  assoc 11  total_size 25,952,256
--61188-- warning: simulated LL cache: line_size 64  assoc 12  total_size 25,165,824
BIP cache replacement will be used
BIP Throttle parameter is set to 0.015625
==61188== brk segment overflow in thread #1: can't grow to 0x4a37000
==61188== (see section Limitations in user manual)
==61188== NOTE: further instances of this message will not be shown
==61188== 
==61188== I   refs:      253,517,705,686
==61188== I1  misses:         16,205,301
==61188== LLi misses:              2,244
==61188== I1  miss rate:            0.01%
==61188== LLi miss rate:            0.00%
==61188== 
==61188== D   refs:       68,980,624,508  (45,322,620,960 rd   + 23,658,003,548 wr)
==61188== D1  misses:      5,533,707,755  ( 3,335,148,204 rd   +  2,198,559,551 wr)
==61188== LLd misses:          5,905,541  (     3,405,799 rd   +      2,499,742 wr)
==61188== D1  miss rate:             8.0% (           7.4%     +            9.3%  )
==61188== LLd miss rate:             0.0% (           0.0%     +            0.0%  )
==61188== 
==61188== LL refs:         5,549,913,056  ( 3,351,353,505 rd   +  2,198,559,551 wr)
==61188== LL misses:           5,907,785  (     3,408,043 rd   +      2,499,742 wr)
==61188== LL miss rate:              0.0% (           0.0%     +            0.0%  )
