==26197== Cachegrind, a cache and branch-prediction profiler
==26197== Copyright (C) 2002-2017, and GNU GPL'd, by Nicholas Nethercote et al.
==26197== Using Valgrind-3.16.1 and LibVEX; rerun with -h for copyright info
==26197== Command: ./sift .
==26197== 
--26197-- warning: L3 cache found, using its data for the LL simulation.
--26197-- warning: specified LL cache: line_size 64  assoc 11  total_size 25,952,256
--26197-- warning: simulated LL cache: line_size 64  assoc 12  total_size 25,165,824
BIP cache replacement will be used
BIP Throttle parameter is set to 0.062500
==26197== 
==26197== I   refs:      288,804,921
==26197== I1  misses:          1,800
==26197== LLi misses:          1,795
==26197== I1  miss rate:        0.00%
==26197== LLi miss rate:        0.00%
==26197== 
==26197== D   refs:       87,842,244  (61,419,192 rd   + 26,423,052 wr)
==26197== D1  misses:        276,428  (   118,025 rd   +    158,403 wr)
==26197== LLd misses:        247,475  (    91,809 rd   +    155,666 wr)
==26197== D1  miss rate:         0.3% (       0.2%     +        0.6%  )
==26197== LLd miss rate:         0.3% (       0.1%     +        0.6%  )
==26197== 
==26197== LL refs:           278,228  (   119,825 rd   +    158,403 wr)
==26197== LL misses:         249,270  (    93,604 rd   +    155,666 wr)
==26197== LL miss rate:          0.1% (       0.0%     +        0.6%  )
