==30691== Cachegrind, a cache and branch-prediction profiler
==30691== Copyright (C) 2002-2017, and GNU GPL'd, by Nicholas Nethercote et al.
==30691== Using Valgrind-3.16.1 and LibVEX; rerun with -h for copyright info
==30691== Command: ./multi_ncut .
==30691== 
--30691-- warning: L3 cache found, using its data for the LL simulation.
--30691-- warning: specified LL cache: line_size 64  assoc 11  total_size 25,952,256
--30691-- warning: simulated LL cache: line_size 64  assoc 12  total_size 25,165,824
BIP cache replacement will be used
BIP Throttle parameter is set to 0.062500
==30691== 
==30691== Process terminating with default action of signal 15 (SIGTERM)
==30691==    at 0x10AAB0: fSortIndices (in /home/tkloda/cortexsuite/vision/benchmarks/multi_ncut/data/fullhd/multi_ncut)
==30691==    by 0x10CE27: segment_graph (in /home/tkloda/cortexsuite/vision/benchmarks/multi_ncut/data/fullhd/multi_ncut)
==30691==    by 0x10CAC9: segment_image (in /home/tkloda/cortexsuite/vision/benchmarks/multi_ncut/data/fullhd/multi_ncut)
==30691==    by 0x108B0A: main (in /home/tkloda/cortexsuite/vision/benchmarks/multi_ncut/data/fullhd/multi_ncut)
==30691== 
==30691== I   refs:      1,758,535,234
==30691== I1  misses:            1,293
==30691== LLi misses:            1,289
==30691== I1  miss rate:          0.00%
==30691== LLi miss rate:          0.00%
==30691== 
==30691== D   refs:        578,578,508  (396,127,390 rd   + 182,451,118 wr)
==30691== D1  misses:        7,906,227  (  4,031,733 rd   +   3,874,494 wr)
==30691== LLd misses:        7,506,167  (  3,667,800 rd   +   3,838,367 wr)
==30691== D1  miss rate:           1.4% (        1.0%     +         2.1%  )
==30691== LLd miss rate:           1.3% (        0.9%     +         2.1%  )
==30691== 
==30691== LL refs:           7,907,520  (  4,033,026 rd   +   3,874,494 wr)
==30691== LL misses:         7,507,456  (  3,669,089 rd   +   3,838,367 wr)
==30691== LL miss rate:            0.3% (        0.2%     +         2.1%  )
