==53842== Cachegrind, a cache and branch-prediction profiler
==53842== Copyright (C) 2002-2017, and GNU GPL'd, by Nicholas Nethercote et al.
==53842== Using Valgrind-3.16.1 and LibVEX; rerun with -h for copyright info
==53842== Command: ./tracking .
==53842== 
--53842-- warning: L3 cache found, using its data for the LL simulation.
--53842-- warning: specified LL cache: line_size 64  assoc 11  total_size 25,952,256
--53842-- warning: simulated LL cache: line_size 64  assoc 12  total_size 25,165,824
FIFO cache replacement will be used
==53842== brk segment overflow in thread #1: can't grow to 0x5026000
==53842== (see section Limitations in user manual)
==53842== NOTE: further instances of this message will not be shown
==53842== 
==53842== I   refs:      7,862,359,008
==53842== I1  misses:           80,875
==53842== LLi misses:            4,660
==53842== I1  miss rate:          0.00%
==53842== LLi miss rate:          0.00%
==53842== 
==53842== D   refs:      2,585,046,518  (1,824,545,511 rd   + 760,501,007 wr)
==53842== D1  misses:       89,812,077  (   54,733,236 rd   +  35,078,841 wr)
==53842== LLd misses:        9,388,579  (    2,912,592 rd   +   6,475,987 wr)
==53842== D1  miss rate:           3.5% (          3.0%     +         4.6%  )
==53842== LLd miss rate:           0.4% (          0.2%     +         0.9%  )
==53842== 
==53842== LL refs:          89,892,952  (   54,814,111 rd   +  35,078,841 wr)
==53842== LL misses:         9,393,239  (    2,917,252 rd   +   6,475,987 wr)
==53842== LL miss rate:            0.1% (          0.0%     +         0.9%  )
