==36305== Cachegrind, a cache and branch-prediction profiler
==36305== Copyright (C) 2002-2017, and GNU GPL'd, by Nicholas Nethercote et al.
==36305== Using Valgrind-3.16.1 and LibVEX; rerun with -h for copyright info
==36305== Command: ./mser .
==36305== 
--36305-- warning: L3 cache found, using its data for the LL simulation.
--36305-- warning: specified LL cache: line_size 64  assoc 11  total_size 25,952,256
--36305-- warning: simulated LL cache: line_size 64  assoc 12  total_size 25,165,824
FIFO cache replacement will be used
==36305== 
==36305== I   refs:      39,996,112
==36305== I1  misses:         3,606
==36305== LLi misses:         1,514
==36305== I1  miss rate:       0.01%
==36305== LLi miss rate:       0.00%
==36305== 
==36305== D   refs:      15,054,678  (10,245,445 rd   + 4,809,233 wr)
==36305== D1  misses:       383,004  (   327,899 rd   +    55,105 wr)
==36305== LLd misses:        20,502  (     2,252 rd   +    18,250 wr)
==36305== D1  miss rate:        2.5% (       3.2%     +       1.1%  )
==36305== LLd miss rate:        0.1% (       0.0%     +       0.4%  )
==36305== 
==36305== LL refs:          386,610  (   331,505 rd   +    55,105 wr)
==36305== LL misses:         22,016  (     3,766 rd   +    18,250 wr)
==36305== LL miss rate:         0.0% (       0.0%     +       0.4%  )
