==21214== Cachegrind, a cache and branch-prediction profiler
==21214== Copyright (C) 2002-2017, and GNU GPL'd, by Nicholas Nethercote et al.
==21214== Using Valgrind-3.16.1 and LibVEX; rerun with -h for copyright info
==21214== Command: ./srr-medium
==21214== 
--21214-- warning: L3 cache found, using its data for the LL simulation.
--21214-- warning: specified LL cache: line_size 64  assoc 11  total_size 25,952,256
--21214-- warning: simulated LL cache: line_size 64  assoc 12  total_size 25,165,824
LIP cache replacement will be used
==21214== 
==21214== I   refs:      151,164,870,258
==21214== I1  misses:              1,530
==21214== LLi misses:              1,527
==21214== I1  miss rate:            0.00%
==21214== LLi miss rate:            0.00%
==21214== 
==21214== D   refs:       57,030,637,061  (38,402,710,439 rd   + 18,627,926,622 wr)
==21214== D1  misses:            347,754  (       274,075 rd   +         73,679 wr)
==21214== LLd misses:            226,715  (       160,750 rd   +         65,965 wr)
==21214== D1  miss rate:             0.0% (           0.0%     +            0.0%  )
==21214== LLd miss rate:             0.0% (           0.0%     +            0.0%  )
==21214== 
==21214== LL refs:               349,284  (       275,605 rd   +         73,679 wr)
==21214== LL misses:             228,242  (       162,277 rd   +         65,965 wr)
==21214== LL miss rate:              0.0% (           0.0%     +            0.0%  )
