==33693== Cachegrind, a cache and branch-prediction profiler
==33693== Copyright (C) 2002-2017, and GNU GPL'd, by Nicholas Nethercote et al.
==33693== Using Valgrind-3.16.1 and LibVEX; rerun with -h for copyright info
==33693== Command: ./pca-small small.data 1593 256 R
==33693== 
--33693-- warning: L3 cache found, using its data for the LL simulation.
--33693-- warning: specified LL cache: line_size 64  assoc 11  total_size 25,952,256
--33693-- warning: simulated LL cache: line_size 64  assoc 12  total_size 25,165,824
LIP cache replacement will be used
==33693== 
==33693== I   refs:      1,489,668,691
==33693== I1  misses:            1,671
==33693== LLi misses:            1,639
==33693== I1  miss rate:          0.00%
==33693== LLi miss rate:          0.00%
==33693== 
==33693== D   refs:        597,905,808  (426,152,920 rd   + 171,752,888 wr)
==33693== D1  misses:       83,581,776  ( 83,488,950 rd   +      92,826 wr)
==33693== LLd misses:           37,724  (      2,498 rd   +      35,226 wr)
==33693== D1  miss rate:          14.0% (       19.6%     +         0.1%  )
==33693== LLd miss rate:           0.0% (        0.0%     +         0.0%  )
==33693== 
==33693== LL refs:          83,583,447  ( 83,490,621 rd   +      92,826 wr)
==33693== LL misses:            39,363  (      4,137 rd   +      35,226 wr)
==33693== LL miss rate:            0.0% (        0.0%     +         0.0%  )
