==19868== Cachegrind, a cache and branch-prediction profiler
==19868== Copyright (C) 2002-2017, and GNU GPL'd, by Nicholas Nethercote et al.
==19868== Using Valgrind-3.16.1 and LibVEX; rerun with -h for copyright info
==19868== Command: ./mser .
==19868== 
--19868-- warning: L3 cache found, using its data for the LL simulation.
--19868-- warning: specified LL cache: line_size 64  assoc 11  total_size 25,952,256
--19868-- warning: simulated LL cache: line_size 64  assoc 12  total_size 25,165,824
BIP cache replacement will be used
BIP Throttle parameter is set to 0.062500
==19868== 
==19868== I   refs:      157,426,193
==19868== I1  misses:      1,129,227
==19868== LLi misses:          1,545
==19868== I1  miss rate:        0.72%
==19868== LLi miss rate:        0.00%
==19868== 
==19868== D   refs:       59,523,786  (40,510,722 rd   + 19,013,064 wr)
==19868== D1  misses:      4,513,677  ( 3,295,542 rd   +  1,218,135 wr)
==19868== LLd misses:         78,170  (     8,848 rd   +     69,322 wr)
==19868== D1  miss rate:         7.6% (       8.1%     +        6.4%  )
==19868== LLd miss rate:         0.1% (       0.0%     +        0.4%  )
==19868== 
==19868== LL refs:         5,642,904  ( 4,424,769 rd   +  1,218,135 wr)
==19868== LL misses:          79,715  (    10,393 rd   +     69,322 wr)
==19868== LL miss rate:          0.0% (       0.0%     +        0.4%  )
