==53562== Cachegrind, a cache and branch-prediction profiler
==53562== Copyright (C) 2002-2017, and GNU GPL'd, by Nicholas Nethercote et al.
==53562== Using Valgrind-3.16.1 and LibVEX; rerun with -h for copyright info
==53562== Command: ./rbm-small
==53562== 
--53562-- warning: L3 cache found, using its data for the LL simulation.
--53562-- warning: specified LL cache: line_size 64  assoc 11  total_size 25,952,256
--53562-- warning: simulated LL cache: line_size 64  assoc 12  total_size 25,165,824
Random cache replacement will be used
==53562== 
==53562== I   refs:      21,565,340
==53562== I1  misses:         1,476
==53562== LLi misses:         1,467
==53562== I1  miss rate:       0.01%
==53562== LLi miss rate:       0.01%
==53562== 
==53562== D   refs:       6,380,275  (4,924,851 rd   + 1,455,424 wr)
==53562== D1  misses:         3,683  (    2,727 rd   +       956 wr)
==53562== LLd misses:         3,559  (    2,613 rd   +       946 wr)
==53562== D1  miss rate:        0.1% (      0.1%     +       0.1%  )
==53562== LLd miss rate:        0.1% (      0.1%     +       0.1%  )
==53562== 
==53562== LL refs:            5,159  (    4,203 rd   +       956 wr)
==53562== LL misses:          5,026  (    4,080 rd   +       946 wr)
==53562== LL miss rate:         0.0% (      0.0%     +       0.1%  )
