==16282== Cachegrind, a cache and branch-prediction profiler
==16282== Copyright (C) 2002-2017, and GNU GPL'd, by Nicholas Nethercote et al.
==16282== Using Valgrind-3.16.1 and LibVEX; rerun with -h for copyright info
==16282== Command: ./lda-large est .1 3 settings.txt large/large_data.dat random large/results
==16282== 
--16282-- warning: L3 cache found, using its data for the LL simulation.
--16282-- warning: specified LL cache: line_size 64  assoc 11  total_size 25,952,256
--16282-- warning: simulated LL cache: line_size 64  assoc 12  total_size 25,165,824
BIP cache replacement will be used
BIP Throttle parameter is set to 0.015625
==16282== 
==16282== I   refs:      168,644,656,198
==16282== I1  misses:         17,839,014
==16282== LLi misses:              2,335
==16282== I1  miss rate:            0.01%
==16282== LLi miss rate:            0.00%
==16282== 
==16282== D   refs:       63,377,944,658  (48,188,812,405 rd   + 15,189,132,253 wr)
==16282== D1  misses:      1,991,102,043  ( 1,969,951,664 rd   +     21,150,379 wr)
==16282== LLd misses:             56,938  (         6,912 rd   +         50,026 wr)
==16282== D1  miss rate:             3.1% (           4.1%     +            0.1%  )
==16282== LLd miss rate:             0.0% (           0.0%     +            0.0%  )
==16282== 
==16282== LL refs:         2,008,941,057  ( 1,987,790,678 rd   +     21,150,379 wr)
==16282== LL misses:              59,273  (         9,247 rd   +         50,026 wr)
==16282== LL miss rate:              0.0% (           0.0%     +            0.0%  )
