==41611== Cachegrind, a cache and branch-prediction profiler
==41611== Copyright (C) 2002-2017, and GNU GPL'd, by Nicholas Nethercote et al.
==41611== Using Valgrind-3.16.1 and LibVEX; rerun with -h for copyright info
==41611== Command: ./localization .
==41611== 
--41611-- warning: L3 cache found, using its data for the LL simulation.
--41611-- warning: specified LL cache: line_size 64  assoc 11  total_size 25,952,256
--41611-- warning: simulated LL cache: line_size 64  assoc 12  total_size 25,165,824
LIP cache replacement will be used
==41611== 
==41611== I   refs:      235,735,459
==41611== I1  misses:         83,822
==41611== LLi misses:          2,052
==41611== I1  miss rate:        0.04%
==41611== LLi miss rate:        0.00%
==41611== 
==41611== D   refs:       71,739,692  (51,437,857 rd   + 20,301,835 wr)
==41611== D1  misses:      1,776,573  ( 1,104,983 rd   +    671,590 wr)
==41611== LLd misses:          4,671  (     2,755 rd   +      1,916 wr)
==41611== D1  miss rate:         2.5% (       2.1%     +        3.3%  )
==41611== LLd miss rate:         0.0% (       0.0%     +        0.0%  )
==41611== 
==41611== LL refs:         1,860,395  ( 1,188,805 rd   +    671,590 wr)
==41611== LL misses:           6,723  (     4,807 rd   +      1,916 wr)
==41611== LL miss rate:          0.0% (       0.0%     +        0.0%  )
