==16232== Cachegrind, a cache and branch-prediction profiler
==16232== Copyright (C) 2002-2017, and GNU GPL'd, by Nicholas Nethercote et al.
==16232== Using Valgrind-3.16.1 and LibVEX; rerun with -h for copyright info
==16232== Command: ./lda-large est .1 3 settings.txt large/large_data.dat random large/results
==16232== 
--16232-- warning: L3 cache found, using its data for the LL simulation.
--16232-- warning: specified LL cache: line_size 64  assoc 11  total_size 25,952,256
--16232-- warning: simulated LL cache: line_size 64  assoc 12  total_size 25,165,824
BIP cache replacement will be used
BIP Throttle parameter is set to 0.015625
==16232== 
==16232== I   refs:      161,561,076,826
==16232== I1  misses:     15,085,333,589
==16232== LLi misses:              2,248
==16232== I1  miss rate:            9.34%
==16232== LLi miss rate:            0.00%
==16232== 
==16232== D   refs:       60,689,825,487  (46,143,773,147 rd   + 14,546,052,340 wr)
==16232== D1  misses:     23,614,248,285  (21,276,315,625 rd   +  2,337,932,660 wr)
==16232== LLd misses:             53,056  (         3,093 rd   +         49,963 wr)
==16232== D1  miss rate:            38.9% (          46.1%     +           16.1%  )
==16232== LLd miss rate:             0.0% (           0.0%     +            0.0%  )
==16232== 
==16232== LL refs:        38,699,581,874  (36,361,649,214 rd   +  2,337,932,660 wr)
==16232== LL misses:              55,304  (         5,341 rd   +         49,963 wr)
==16232== LL miss rate:              0.0% (           0.0%     +            0.0%  )
