==43617== Cachegrind, a cache and branch-prediction profiler
==43617== Copyright (C) 2002-2017, and GNU GPL'd, by Nicholas Nethercote et al.
==43617== Using Valgrind-3.16.1 and LibVEX; rerun with -h for copyright info
==43617== Command: ./me-large
==43617== 
--43617-- warning: L3 cache found, using its data for the LL simulation.
--43617-- warning: specified LL cache: line_size 64  assoc 11  total_size 25,952,256
--43617-- warning: simulated LL cache: line_size 64  assoc 12  total_size 25,165,824
LRU cache replacement will be used
==43617== brk segment overflow in thread #1: can't grow to 0x4a4b000
==43617== (see section Limitations in user manual)
==43617== NOTE: further instances of this message will not be shown
==43617== 
==43617== I   refs:      7,528,529,086
==43617== I1  misses:            1,498
==43617== LLi misses:            1,494
==43617== I1  miss rate:          0.00%
==43617== LLi miss rate:          0.00%
==43617== 
==43617== D   refs:      1,825,539,723  (1,535,870,323 rd   + 289,669,400 wr)
==43617== D1  misses:        1,927,540  (      605,791 rd   +   1,321,749 wr)
==43617== LLd misses:        1,205,156  (      117,703 rd   +   1,087,453 wr)
==43617== D1  miss rate:           0.1% (          0.0%     +         0.5%  )
==43617== LLd miss rate:           0.1% (          0.0%     +         0.4%  )
==43617== 
==43617== LL refs:           1,929,038  (      607,289 rd   +   1,321,749 wr)
==43617== LL misses:         1,206,650  (      119,197 rd   +   1,087,453 wr)
==43617== LL miss rate:            0.0% (          0.0%     +         0.4%  )
