==3589== Cachegrind, a cache and branch-prediction profiler
==3589== Copyright (C) 2002-2017, and GNU GPL'd, by Nicholas Nethercote et al.
==3589== Using Valgrind-3.16.1 and LibVEX; rerun with -h for copyright info
==3589== Command: ./disparity .
==3589== 
--3589-- warning: L3 cache found, using its data for the LL simulation.
--3589-- warning: specified LL cache: line_size 64  assoc 11  total_size 25,952,256
--3589-- warning: simulated LL cache: line_size 64  assoc 12  total_size 25,165,824
BIP cache replacement will be used
BIP Throttle parameter is set to 0.062500
==3589== 
==3589== I   refs:      7,590,565
==3589== I1  misses:      537,273
==3589== LLi misses:        1,513
==3589== I1  miss rate:      7.08%
==3589== LLi miss rate:      0.02%
==3589== 
==3589== D   refs:      3,072,795  (2,024,003 rd   + 1,048,792 wr)
==3589== D1  misses:      438,688  (  339,328 rd   +    99,360 wr)
==3589== LLd misses:        5,457  (    2,259 rd   +     3,198 wr)
==3589== D1  miss rate:      14.3% (     16.8%     +       9.5%  )
==3589== LLd miss rate:       0.2% (      0.1%     +       0.3%  )
==3589== 
==3589== LL refs:         975,961  (  876,601 rd   +    99,360 wr)
==3589== LL misses:         6,970  (    3,772 rd   +     3,198 wr)
==3589== LL miss rate:        0.1% (      0.0%     +       0.3%  )
