==11926== Cachegrind, a cache and branch-prediction profiler
==11926== Copyright (C) 2002-2017, and GNU GPL'd, by Nicholas Nethercote et al.
==11926== Using Valgrind-3.16.1 and LibVEX; rerun with -h for copyright info
==11926== Command: ./me-medium
==11926== 
--11926-- warning: L3 cache found, using its data for the LL simulation.
--11926-- warning: specified LL cache: line_size 64  assoc 11  total_size 25,952,256
--11926-- warning: simulated LL cache: line_size 64  assoc 12  total_size 25,165,824
FIFO cache replacement will be used
==11926== brk segment overflow in thread #1: can't grow to 0x4a36000
==11926== (see section Limitations in user manual)
==11926== NOTE: further instances of this message will not be shown
==11926== 
==11926== I   refs:      582,717,154
==11926== I1  misses:      3,762,520
==11926== LLi misses:          1,459
==11926== I1  miss rate:        0.65%
==11926== LLi miss rate:        0.00%
==11926== 
==11926== D   refs:      104,638,539  (94,724,782 rd   + 9,913,757 wr)
==11926== D1  misses:     35,112,509  (33,662,191 rd   + 1,450,318 wr)
==11926== LLd misses:        156,026  (     2,621 rd   +   153,405 wr)
==11926== D1  miss rate:        33.6% (      35.5%     +      14.6%  )
==11926== LLd miss rate:         0.1% (       0.0%     +       1.5%  )
==11926== 
==11926== LL refs:        38,875,029  (37,424,711 rd   + 1,450,318 wr)
==11926== LL misses:         157,485  (     4,080 rd   +   153,405 wr)
==11926== LL miss rate:          0.0% (       0.0%     +       1.5%  )
