==62233== Cachegrind, a cache and branch-prediction profiler
==62233== Copyright (C) 2002-2017, and GNU GPL'd, by Nicholas Nethercote et al.
==62233== Using Valgrind-3.16.1 and LibVEX; rerun with -h for copyright info
==62233== Command: ./sift .
==62233== 
--62233-- warning: L3 cache found, using its data for the LL simulation.
--62233-- warning: specified LL cache: line_size 64  assoc 11  total_size 25,952,256
--62233-- warning: simulated LL cache: line_size 64  assoc 12  total_size 25,165,824
BIP cache replacement will be used
BIP Throttle parameter is set to 0.031250
==62233== brk segment overflow in thread #1: can't grow to 0x5419000
==62233== (see section Limitations in user manual)
==62233== NOTE: further instances of this message will not be shown
==62233== 
==62233== I   refs:      16,043,915,040
==62233== I1  misses:             1,825
==62233== LLi misses:             1,820
==62233== I1  miss rate:           0.00%
==62233== LLi miss rate:           0.00%
==62233== 
==62233== D   refs:       4,941,072,985  (3,428,287,658 rd   + 1,512,785,327 wr)
==62233== D1  misses:        36,626,903  (   17,940,042 rd   +    18,686,861 wr)
==62233== LLd misses:        27,181,090  (   15,933,598 rd   +    11,247,492 wr)
==62233== D1  miss rate:            0.7% (          0.5%     +           1.2%  )
==62233== LLd miss rate:            0.6% (          0.5%     +           0.7%  )
==62233== 
==62233== LL refs:           36,628,728  (   17,941,867 rd   +    18,686,861 wr)
==62233== LL misses:         27,182,910  (   15,935,418 rd   +    11,247,492 wr)
==62233== LL miss rate:             0.1% (          0.1%     +           0.7%  )
