==36603== Cachegrind, a cache and branch-prediction profiler
==36603== Copyright (C) 2002-2017, and GNU GPL'd, by Nicholas Nethercote et al.
==36603== Using Valgrind-3.16.1 and LibVEX; rerun with -h for copyright info
==36603== Command: ./lda-small est .1 3 settings.txt small/small_data.dat random small/result
==36603== 
--36603-- warning: L3 cache found, using its data for the LL simulation.
--36603-- warning: specified LL cache: line_size 64  assoc 11  total_size 25,952,256
--36603-- warning: simulated LL cache: line_size 64  assoc 12  total_size 25,165,824
Random cache replacement will be used
==36603== 
==36603== I   refs:      27,886,455,119
==36603== I1  misses:             2,204
==36603== LLi misses:             2,153
==36603== I1  miss rate:           0.00%
==36603== LLi miss rate:           0.00%
==36603== 
==36603== D   refs:      10,553,354,717  (7,995,117,259 rd   + 2,558,237,458 wr)
==36603== D1  misses:           447,258  (      410,234 rd   +        37,024 wr)
==36603== LLd misses:            15,877  (        2,815 rd   +        13,062 wr)
==36603== D1  miss rate:            0.0% (          0.0%     +           0.0%  )
==36603== LLd miss rate:            0.0% (          0.0%     +           0.0%  )
==36603== 
==36603== LL refs:              449,462  (      412,438 rd   +        37,024 wr)
==36603== LL misses:             18,030  (        4,968 rd   +        13,062 wr)
==36603== LL miss rate:             0.0% (          0.0%     +           0.0%  )
