==30193== Cachegrind, a cache and branch-prediction profiler
==30193== Copyright (C) 2002-2017, and GNU GPL'd, by Nicholas Nethercote et al.
==30193== Using Valgrind-3.16.1 and LibVEX; rerun with -h for copyright info
==30193== Command: ./kmeans-small ../datasets/yeast 1484 8 10
==30193== 
--30193-- warning: L3 cache found, using its data for the LL simulation.
--30193-- warning: specified LL cache: line_size 64  assoc 11  total_size 25,952,256
--30193-- warning: simulated LL cache: line_size 64  assoc 12  total_size 25,165,824
BIP cache replacement will be used
BIP Throttle parameter is set to 0.015625
==30193== 
==30193== I   refs:      56,158,071
==30193== I1  misses:         1,471
==30193== LLi misses:         1,468
==30193== I1  miss rate:       0.00%
==30193== LLi miss rate:       0.00%
==30193== 
==30193== D   refs:      15,831,405  (13,089,370 rd   + 2,742,035 wr)
==30193== D1  misses:         5,082  (     2,238 rd   +     2,844 wr)
==30193== LLd misses:         4,973  (     2,156 rd   +     2,817 wr)
==30193== D1  miss rate:        0.0% (       0.0%     +       0.1%  )
==30193== LLd miss rate:        0.0% (       0.0%     +       0.1%  )
==30193== 
==30193== LL refs:            6,553  (     3,709 rd   +     2,844 wr)
==30193== LL misses:          6,441  (     3,624 rd   +     2,817 wr)
==30193== LL miss rate:         0.0% (       0.0%     +       0.1%  )
