==25318== Cachegrind, a cache and branch-prediction profiler
==25318== Copyright (C) 2002-2017, and GNU GPL'd, by Nicholas Nethercote et al.
==25318== Using Valgrind-3.16.1 and LibVEX; rerun with -h for copyright info
==25318== Command: ./stitch .
==25318== 
--25318-- warning: L3 cache found, using its data for the LL simulation.
--25318-- warning: specified LL cache: line_size 64  assoc 11  total_size 25,952,256
--25318-- warning: simulated LL cache: line_size 64  assoc 12  total_size 25,165,824
LRU cache replacement will be used
==25318== brk segment overflow in thread #1: can't grow to 0x4ae3000
==25318== (see section Limitations in user manual)
==25318== NOTE: further instances of this message will not be shown
==25318== 
==25318== I   refs:      8,280,657,857
==25318== I1  misses:            1,698
==25318== LLi misses:            1,694
==25318== I1  miss rate:          0.00%
==25318== LLi miss rate:          0.00%
==25318== 
==25318== D   refs:      2,251,787,265  (1,520,764,459 rd   + 731,022,806 wr)
==25318== D1  misses:          277,017  (       19,988 rd   +     257,029 wr)
==25318== LLd misses:          252,959  (        2,268 rd   +     250,691 wr)
==25318== D1  miss rate:           0.0% (          0.0%     +         0.0%  )
==25318== LLd miss rate:           0.0% (          0.0%     +         0.0%  )
==25318== 
==25318== LL refs:             278,715  (       21,686 rd   +     257,029 wr)
==25318== LL misses:           254,653  (        3,962 rd   +     250,691 wr)
==25318== LL miss rate:            0.0% (          0.0%     +         0.0%  )
