==60419== Cachegrind, a cache and branch-prediction profiler
==60419== Copyright (C) 2002-2017, and GNU GPL'd, by Nicholas Nethercote et al.
==60419== Using Valgrind-3.16.1 and LibVEX; rerun with -h for copyright info
==60419== Command: ./multi_ncut .
==60419== 
--60419-- warning: L3 cache found, using its data for the LL simulation.
--60419-- warning: specified LL cache: line_size 64  assoc 11  total_size 25,952,256
--60419-- warning: simulated LL cache: line_size 64  assoc 12  total_size 25,165,824
Random cache replacement will be used
==60419== 
==60419== I   refs:      50,837,880,281
==60419== I1  misses:            78,701
==60419== LLi misses:             1,566
==60419== I1  miss rate:           0.00%
==60419== LLi miss rate:           0.00%
==60419== 
==60419== D   refs:       8,481,933,971  (8,475,496,697 rd   + 6,437,274 wr)
==60419== D1  misses:       515,459,320  (  515,217,520 rd   +   241,800 wr)
==60419== LLd misses:            50,329  (        3,614 rd   +    46,715 wr)
==60419== D1  miss rate:            6.1% (          6.1%     +       3.8%  )
==60419== LLd miss rate:            0.0% (          0.0%     +       0.7%  )
==60419== 
==60419== LL refs:          515,538,021  (  515,296,221 rd   +   241,800 wr)
==60419== LL misses:             51,895  (        5,180 rd   +    46,715 wr)
==60419== LL miss rate:             0.0% (          0.0%     +       0.7%  )
