==39538== Cachegrind, a cache and branch-prediction profiler
==39538== Copyright (C) 2002-2017, and GNU GPL'd, by Nicholas Nethercote et al.
==39538== Using Valgrind-3.16.1 and LibVEX; rerun with -h for copyright info
==39538== Command: ./mser .
==39538== 
--39538-- warning: L3 cache found, using its data for the LL simulation.
--39538-- warning: specified LL cache: line_size 64  assoc 11  total_size 25,952,256
--39538-- warning: simulated LL cache: line_size 64  assoc 12  total_size 25,165,824
FIFO cache replacement will be used
==39538== 
==39538== I   refs:      3,308,242
==39538== I1  misses:      365,764
==39538== LLi misses:        1,504
==39538== I1  miss rate:     11.06%
==39538== LLi miss rate:      0.05%
==39538== 
==39538== D   refs:      1,219,795  (836,038 rd   + 383,757 wr)
==39538== D1  misses:      242,034  (204,821 rd   +  37,213 wr)
==39538== LLd misses:        4,355  (  2,252 rd   +   2,103 wr)
==39538== D1  miss rate:      19.8% (   24.5%     +     9.7%  )
==39538== LLd miss rate:       0.4% (    0.3%     +     0.5%  )
==39538== 
==39538== LL refs:         607,798  (570,585 rd   +  37,213 wr)
==39538== LL misses:         5,859  (  3,756 rd   +   2,103 wr)
==39538== LL miss rate:        0.1% (    0.1%     +     0.5%  )
