==22881== Cachegrind, a cache and branch-prediction profiler
==22881== Copyright (C) 2002-2017, and GNU GPL'd, by Nicholas Nethercote et al.
==22881== Using Valgrind-3.16.1 and LibVEX; rerun with -h for copyright info
==22881== Command: ./srr-small
==22881== 
--22881-- warning: L3 cache found, using its data for the LL simulation.
--22881-- warning: specified LL cache: line_size 64  assoc 11  total_size 25,952,256
--22881-- warning: simulated LL cache: line_size 64  assoc 12  total_size 25,165,824
BIP cache replacement will be used
BIP Throttle parameter is set to 0.062500
==22881== 
==22881== I   refs:      19,999,787,081
==22881== I1  misses:             1,503
==22881== LLi misses:             1,500
==22881== I1  miss rate:           0.00%
==22881== LLi miss rate:           0.00%
==22881== 
==22881== D   refs:       7,796,537,239  (5,247,433,897 rd   + 2,549,103,342 wr)
==22881== D1  misses:            13,401  (        2,550 rd   +        10,851 wr)
==22881== LLd misses:            13,379  (        2,530 rd   +        10,849 wr)
==22881== D1  miss rate:            0.0% (          0.0%     +           0.0%  )
==22881== LLd miss rate:            0.0% (          0.0%     +           0.0%  )
==22881== 
==22881== LL refs:               14,904  (        4,053 rd   +        10,851 wr)
==22881== LL misses:             14,879  (        4,030 rd   +        10,849 wr)
==22881== LL miss rate:             0.0% (          0.0%     +           0.0%  )
