==25406== Cachegrind, a cache and branch-prediction profiler
==25406== Copyright (C) 2002-2017, and GNU GPL'd, by Nicholas Nethercote et al.
==25406== Using Valgrind-3.16.1 and LibVEX; rerun with -h for copyright info
==25406== Command: ./stitch .
==25406== 
--25406-- warning: L3 cache found, using its data for the LL simulation.
--25406-- warning: specified LL cache: line_size 64  assoc 11  total_size 25,952,256
--25406-- warning: simulated LL cache: line_size 64  assoc 12  total_size 25,165,824
BIP cache replacement will be used
BIP Throttle parameter is set to 0.062500
==25406== brk segment overflow in thread #1: can't grow to 0x4ae3000
==25406== (see section Limitations in user manual)
==25406== NOTE: further instances of this message will not be shown
==25406== 
==25406== I   refs:      8,280,657,845
==25406== I1  misses:        7,342,632
==25406== LLi misses:            1,888
==25406== I1  miss rate:          0.09%
==25406== LLi miss rate:          0.00%
==25406== 
==25406== D   refs:      2,251,787,263  (1,520,764,458 rd   + 731,022,805 wr)
==25406== D1  misses:      189,270,150  (  107,716,625 rd   +  81,553,525 wr)
==25406== LLd misses:          265,432  (       12,915 rd   +     252,517 wr)
==25406== D1  miss rate:           8.4% (          7.1%     +        11.2%  )
==25406== LLd miss rate:           0.0% (          0.0%     +         0.0%  )
==25406== 
==25406== LL refs:         196,612,782  (  115,059,257 rd   +  81,553,525 wr)
==25406== LL misses:           267,320  (       14,803 rd   +     252,517 wr)
==25406== LL miss rate:            0.0% (          0.0%     +         0.0%  )
