==33989== Cachegrind, a cache and branch-prediction profiler
==33989== Copyright (C) 2002-2017, and GNU GPL'd, by Nicholas Nethercote et al.
==33989== Using Valgrind-3.16.1 and LibVEX; rerun with -h for copyright info
==33989== Command: ./texture_synthesis .
==33989== 
--33989-- warning: L3 cache found, using its data for the LL simulation.
--33989-- warning: specified LL cache: line_size 64  assoc 11  total_size 25,952,256
--33989-- warning: simulated LL cache: line_size 64  assoc 12  total_size 25,165,824
FIFO cache replacement will be used
==33989== 
==33989== Process terminating with default action of signal 15 (SIGTERM)
==33989==    at 0x10D230: compare_rest (in /home/tkloda/cortexsuite/vision/benchmarks/texture_synthesis/data/fullhd/texture_synthesis)
==33989==    by 0x10D482: create_texture (in /home/tkloda/cortexsuite/vision/benchmarks/texture_synthesis/data/fullhd/texture_synthesis)
==33989==    by 0x108AF4: main (in /home/tkloda/cortexsuite/vision/benchmarks/texture_synthesis/data/fullhd/texture_synthesis)
==33989== 
==33989== I   refs:      1,241,385,968
==33989== I1  misses:            1,299
==33989== LLi misses:            1,295
==33989== I1  miss rate:          0.00%
==33989== LLi miss rate:          0.00%
==33989== 
==33989== D   refs:        346,062,846  (307,393,311 rd   + 38,669,535 wr)
==33989== D1  misses:          385,067  (     94,193 rd   +    290,874 wr)
==33989== LLd misses:          233,794  (      2,243 rd   +    231,551 wr)
==33989== D1  miss rate:           0.1% (        0.0%     +        0.8%  )
==33989== LLd miss rate:           0.1% (        0.0%     +        0.6%  )
==33989== 
==33989== LL refs:             386,366  (     95,492 rd   +    290,874 wr)
==33989== LL misses:           235,089  (      3,538 rd   +    231,551 wr)
==33989== LL miss rate:            0.0% (        0.0%     +        0.6%  )
