==39456== Cachegrind, a cache and branch-prediction profiler
==39456== Copyright (C) 2002-2017, and GNU GPL'd, by Nicholas Nethercote et al.
==39456== Using Valgrind-3.16.1 and LibVEX; rerun with -h for copyright info
==39456== Command: ./sift .
==39456== 
--39456-- warning: L3 cache found, using its data for the LL simulation.
--39456-- warning: specified LL cache: line_size 64  assoc 11  total_size 25,952,256
--39456-- warning: simulated LL cache: line_size 64  assoc 12  total_size 25,165,824
LRU cache replacement will be used
==39456== 
==39456== I   refs:      288,805,098
==39456== I1  misses:          1,780
==39456== LLi misses:          1,776
==39456== I1  miss rate:        0.00%
==39456== LLi miss rate:        0.00%
==39456== 
==39456== D   refs:       87,842,395  (61,419,274 rd   + 26,423,121 wr)
==39456== D1  misses:        158,073  (     2,426 rd   +    155,647 wr)
==39456== LLd misses:        157,931  (     2,321 rd   +    155,610 wr)
==39456== D1  miss rate:         0.2% (       0.0%     +        0.6%  )
==39456== LLd miss rate:         0.2% (       0.0%     +        0.6%  )
==39456== 
==39456== LL refs:           159,853  (     4,206 rd   +    155,647 wr)
==39456== LL misses:         159,707  (     4,097 rd   +    155,610 wr)
==39456== LL miss rate:          0.0% (       0.0%     +        0.6%  )
