==23169== Cachegrind, a cache and branch-prediction profiler
==23169== Copyright (C) 2002-2017, and GNU GPL'd, by Nicholas Nethercote et al.
==23169== Using Valgrind-3.16.1 and LibVEX; rerun with -h for copyright info
==23169== Command: ./srr-small
==23169== 
--23169-- warning: L3 cache found, using its data for the LL simulation.
--23169-- warning: specified LL cache: line_size 64  assoc 11  total_size 25,952,256
--23169-- warning: simulated LL cache: line_size 64  assoc 12  total_size 25,165,824
BIP cache replacement will be used
BIP Throttle parameter is set to 0.015625
==23169== 
==23169== I   refs:      19,999,787,093
==23169== I1  misses:             1,531
==23169== LLi misses:             1,502
==23169== I1  miss rate:           0.00%
==23169== LLi miss rate:           0.00%
==23169== 
==23169== D   refs:       7,796,537,241  (5,247,433,898 rd   + 2,549,103,343 wr)
==23169== D1  misses:        12,011,860  (   11,176,566 rd   +       835,294 wr)
==23169== LLd misses:            13,398  (        2,546 rd   +        10,852 wr)
==23169== D1  miss rate:            0.2% (          0.2%     +           0.0%  )
==23169== LLd miss rate:            0.0% (          0.0%     +           0.0%  )
==23169== 
==23169== LL refs:           12,013,391  (   11,178,097 rd   +       835,294 wr)
==23169== LL misses:             14,900  (        4,048 rd   +        10,852 wr)
==23169== LL miss rate:             0.0% (          0.0%     +           0.0%  )
