==38156== Cachegrind, a cache and branch-prediction profiler
==38156== Copyright (C) 2002-2017, and GNU GPL'd, by Nicholas Nethercote et al.
==38156== Using Valgrind-3.16.1 and LibVEX; rerun with -h for copyright info
==38156== Command: ./multi_ncut .
==38156== 
--38156-- warning: L3 cache found, using its data for the LL simulation.
--38156-- warning: specified LL cache: line_size 64  assoc 11  total_size 25,952,256
--38156-- warning: simulated LL cache: line_size 64  assoc 12  total_size 25,165,824
LRU cache replacement will be used
==38156== 
==38156== Process terminating with default action of signal 15 (SIGTERM)
==38156==    at 0x10AAB0: fSortIndices (in /home/tkloda/cortexsuite/vision/benchmarks/multi_ncut/data/qcif/multi_ncut)
==38156==    by 0x10CE27: segment_graph (in /home/tkloda/cortexsuite/vision/benchmarks/multi_ncut/data/qcif/multi_ncut)
==38156==    by 0x10CAC9: segment_image (in /home/tkloda/cortexsuite/vision/benchmarks/multi_ncut/data/qcif/multi_ncut)
==38156==    by 0x108B0A: main (in /home/tkloda/cortexsuite/vision/benchmarks/multi_ncut/data/qcif/multi_ncut)
==38156== 
==38156== I   refs:      980,616,309
==38156== I1  misses:          2,009
==38156== LLi misses:          1,296
==38156== I1  miss rate:        0.00%
==38156== LLi miss rate:        0.00%
==38156== 
==38156== D   refs:      166,683,809  (164,586,190 rd   + 2,097,619 wr)
==38156== D1  misses:     10,109,161  ( 10,060,062 rd   +    49,099 wr)
==38156== LLd misses:         43,168  (      2,242 rd   +    40,926 wr)
==38156== D1  miss rate:         6.1% (        6.1%     +       2.3%  )
==38156== LLd miss rate:         0.0% (        0.0%     +       2.0%  )
==38156== 
==38156== LL refs:        10,111,170  ( 10,062,071 rd   +    49,099 wr)
==38156== LL misses:          44,464  (      3,538 rd   +    40,926 wr)
==38156== LL miss rate:          0.0% (        0.0%     +       2.0%  )
