==26232== Cachegrind, a cache and branch-prediction profiler
==26232== Copyright (C) 2002-2017, and GNU GPL'd, by Nicholas Nethercote et al.
==26232== Using Valgrind-3.16.1 and LibVEX; rerun with -h for copyright info
==26232== Command: ./texture_synthesis .
==26232== 
--26232-- warning: L3 cache found, using its data for the LL simulation.
--26232-- warning: specified LL cache: line_size 64  assoc 11  total_size 25,952,256
--26232-- warning: simulated LL cache: line_size 64  assoc 12  total_size 25,165,824
BIP cache replacement will be used
BIP Throttle parameter is set to 0.015625
==26232== 
==26232== I   refs:      208,057,388
==26232== I1  misses:          1,639
==26232== LLi misses:          1,588
==26232== I1  miss rate:        0.00%
==26232== LLi miss rate:        0.00%
==26232== 
==26232== D   refs:       76,991,608  (52,726,640 rd   + 24,264,968 wr)
==26232== D1  misses:        221,630  (    98,732 rd   +    122,898 wr)
==26232== LLd misses:         31,282  (     2,356 rd   +     28,926 wr)
==26232== D1  miss rate:         0.3% (       0.2%     +        0.5%  )
==26232== LLd miss rate:         0.0% (       0.0%     +        0.1%  )
==26232== 
==26232== LL refs:           223,269  (   100,371 rd   +    122,898 wr)
==26232== LL misses:          32,870  (     3,944 rd   +     28,926 wr)
==26232== LL miss rate:          0.0% (       0.0%     +        0.1%  )
