==39812== Cachegrind, a cache and branch-prediction profiler
==39812== Copyright (C) 2002-2017, and GNU GPL'd, by Nicholas Nethercote et al.
==39812== Using Valgrind-3.16.1 and LibVEX; rerun with -h for copyright info
==39812== Command: ./multi_ncut .
==39812== 
--39812-- warning: L3 cache found, using its data for the LL simulation.
--39812-- warning: specified LL cache: line_size 64  assoc 11  total_size 25,952,256
--39812-- warning: simulated LL cache: line_size 64  assoc 12  total_size 25,165,824
BIP cache replacement will be used
BIP Throttle parameter is set to 0.015625
==39812== 
==39812== I   refs:      820,995,042,953
==39812== I1  misses:              1,583
==39812== LLi misses:              1,565
==39812== I1  miss rate:            0.00%
==39812== LLi miss rate:            0.00%
==39812== 
==39812== D   refs:      136,867,775,779  (136,842,647,837 rd   + 25,127,942 wr)
==39812== D1  misses:      8,552,398,316  (  8,551,324,986 rd   +  1,073,330 wr)
==39812== LLd misses:            416,497  (        211,573 rd   +    204,924 wr)
==39812== D1  miss rate:             6.2% (            6.2%     +        4.3%  )
==39812== LLd miss rate:             0.0% (            0.0%     +        0.8%  )
==39812== 
==39812== LL refs:         8,552,399,899  (  8,551,326,569 rd   +  1,073,330 wr)
==39812== LL misses:             418,062  (        213,138 rd   +    204,924 wr)
==39812== LL miss rate:              0.0% (            0.0%     +        0.8%  )
