==45776== Cachegrind, a cache and branch-prediction profiler
==45776== Copyright (C) 2002-2017, and GNU GPL'd, by Nicholas Nethercote et al.
==45776== Using Valgrind-3.16.1 and LibVEX; rerun with -h for copyright info
==45776== Command: ./me-medium
==45776== 
--45776-- warning: L3 cache found, using its data for the LL simulation.
--45776-- warning: specified LL cache: line_size 64  assoc 11  total_size 25,952,256
--45776-- warning: simulated LL cache: line_size 64  assoc 12  total_size 25,165,824
BIP cache replacement will be used
BIP Throttle parameter is set to 0.031250
==45776== brk segment overflow in thread #1: can't grow to 0x4a36000
==45776== (see section Limitations in user manual)
==45776== NOTE: further instances of this message will not be shown
==45776== 
==45776== I   refs:      582,717,344
==45776== I1  misses:          1,469
==45776== LLi misses:          1,459
==45776== I1  miss rate:        0.00%
==45776== LLi miss rate:        0.00%
==45776== 
==45776== D   refs:      104,638,589  (94,724,833 rd   + 9,913,756 wr)
==45776== D1  misses:        371,738  (   144,739 rd   +   226,999 wr)
==45776== LLd misses:        156,515  (     2,921 rd   +   153,594 wr)
==45776== D1  miss rate:         0.4% (       0.2%     +       2.3%  )
==45776== LLd miss rate:         0.1% (       0.0%     +       1.5%  )
==45776== 
==45776== LL refs:           373,207  (   146,208 rd   +   226,999 wr)
==45776== LL misses:         157,974  (     4,380 rd   +   153,594 wr)
==45776== LL miss rate:          0.0% (       0.0%     +       1.5%  )
