==46202== Cachegrind, a cache and branch-prediction profiler
==46202== Copyright (C) 2002-2017, and GNU GPL'd, by Nicholas Nethercote et al.
==46202== Using Valgrind-3.16.1 and LibVEX; rerun with -h for copyright info
==46202== Command: ./me-small
==46202== 
--46202-- warning: L3 cache found, using its data for the LL simulation.
--46202-- warning: specified LL cache: line_size 64  assoc 11  total_size 25,952,256
--46202-- warning: simulated LL cache: line_size 64  assoc 12  total_size 25,165,824
LRU cache replacement will be used
==46202== 
==46202== I   refs:      47,322,214
==46202== I1  misses:         1,440
==46202== LLi misses:         1,437
==46202== I1  miss rate:       0.00%
==46202== LLi miss rate:       0.00%
==46202== 
==46202== D   refs:       7,814,012  (7,203,498 rd   + 610,514 wr)
==46202== D1  misses:        17,874  (    2,149 rd   +  15,725 wr)
==46202== LLd misses:        17,874  (    2,149 rd   +  15,725 wr)
==46202== D1  miss rate:        0.2% (      0.0%     +     2.6%  )
==46202== LLd miss rate:        0.2% (      0.0%     +     2.6%  )
==46202== 
==46202== LL refs:           19,314  (    3,589 rd   +  15,725 wr)
==46202== LL misses:         19,311  (    3,586 rd   +  15,725 wr)
==46202== LL miss rate:         0.0% (      0.0%     +     2.6%  )
