==47246== Cachegrind, a cache and branch-prediction profiler
==47246== Copyright (C) 2002-2017, and GNU GPL'd, by Nicholas Nethercote et al.
==47246== Using Valgrind-3.16.1 and LibVEX; rerun with -h for copyright info
==47246== Command: ./disparity .
==47246== 
--47246-- warning: L3 cache found, using its data for the LL simulation.
--47246-- warning: specified LL cache: line_size 64  assoc 11  total_size 25,952,256
--47246-- warning: simulated LL cache: line_size 64  assoc 12  total_size 25,165,824
FIFO cache replacement will be used
==47246== brk segment overflow in thread #1: can't grow to 0x4a37000
==47246== (see section Limitations in user manual)
==47246== NOTE: further instances of this message will not be shown
==47246== 
==47246== I   refs:      9,424,576,143
==47246== I1  misses:      156,705,162
==47246== LLi misses:            1,838
==47246== I1  miss rate:          1.66%
==47246== LLi miss rate:          0.00%
==47246== 
==47246== D   refs:      3,816,070,630  (2,559,180,301 rd   + 1,256,890,329 wr)
==47246== D1  misses:      430,844,198  (  261,105,106 rd   +   169,739,092 wr)
==47246== LLd misses:       63,731,360  (   27,185,515 rd   +    36,545,845 wr)
==47246== D1  miss rate:          11.3% (         10.2%     +          13.5%  )
==47246== LLd miss rate:           1.7% (          1.1%     +           2.9%  )
==47246== 
==47246== LL refs:         587,549,360  (  417,810,268 rd   +   169,739,092 wr)
==47246== LL misses:        63,733,198  (   27,187,353 rd   +    36,545,845 wr)
==47246== LL miss rate:            0.5% (          0.2%     +           2.9%  )
