==22407== Cachegrind, a cache and branch-prediction profiler
==22407== Copyright (C) 2002-2017, and GNU GPL'd, by Nicholas Nethercote et al.
==22407== Using Valgrind-3.16.1 and LibVEX; rerun with -h for copyright info
==22407== Command: ./srr-small
==22407== 
--22407-- warning: L3 cache found, using its data for the LL simulation.
--22407-- warning: specified LL cache: line_size 64  assoc 11  total_size 25,952,256
--22407-- warning: simulated LL cache: line_size 64  assoc 12  total_size 25,165,824
LIP cache replacement will be used
==22407== 
==22407== I   refs:      19,999,787,105
==22407== I1  misses:             1,503
==22407== LLi misses:             1,500
==22407== I1  miss rate:           0.00%
==22407== LLi miss rate:           0.00%
==22407== 
==22407== D   refs:       7,796,537,243  (5,247,433,899 rd   + 2,549,103,344 wr)
==22407== D1  misses:            13,392  (        2,543 rd   +        10,849 wr)
==22407== LLd misses:            13,391  (        2,542 rd   +        10,849 wr)
==22407== D1  miss rate:            0.0% (          0.0%     +           0.0%  )
==22407== LLd miss rate:            0.0% (          0.0%     +           0.0%  )
==22407== 
==22407== LL refs:               14,895  (        4,046 rd   +        10,849 wr)
==22407== LL misses:             14,891  (        4,042 rd   +        10,849 wr)
==22407== LL miss rate:             0.0% (          0.0%     +           0.0%  )
