==52783== Cachegrind, a cache and branch-prediction profiler
==52783== Copyright (C) 2002-2017, and GNU GPL'd, by Nicholas Nethercote et al.
==52783== Using Valgrind-3.16.1 and LibVEX; rerun with -h for copyright info
==52783== Command: ./tracking .
==52783== 
--52783-- warning: L3 cache found, using its data for the LL simulation.
--52783-- warning: specified LL cache: line_size 64  assoc 11  total_size 25,952,256
--52783-- warning: simulated LL cache: line_size 64  assoc 12  total_size 25,165,824
FIFO cache replacement will be used
==52783== brk segment overflow in thread #1: can't grow to 0x4a37000
==52783== (see section Limitations in user manual)
==52783== NOTE: further instances of this message will not be shown
==52783== 
==52783== I   refs:      1,258,660,392
==52783== I1  misses:            1,732
==52783== LLi misses:            1,728
==52783== I1  miss rate:          0.00%
==52783== LLi miss rate:          0.00%
==52783== 
==52783== D   refs:        408,310,879  (288,791,462 rd   + 119,519,417 wr)
==52783== D1  misses:        1,332,460  (    458,991 rd   +     873,469 wr)
==52783== LLd misses:          267,948  (      2,260 rd   +     265,688 wr)
==52783== D1  miss rate:           0.3% (        0.2%     +         0.7%  )
==52783== LLd miss rate:           0.1% (        0.0%     +         0.2%  )
==52783== 
==52783== LL refs:           1,334,192  (    460,723 rd   +     873,469 wr)
==52783== LL misses:           269,676  (      3,988 rd   +     265,688 wr)
==52783== LL miss rate:            0.0% (        0.0%     +         0.2%  )
