==49616== Cachegrind, a cache and branch-prediction profiler
==49616== Copyright (C) 2002-2017, and GNU GPL'd, by Nicholas Nethercote et al.
==49616== Using Valgrind-3.16.1 and LibVEX; rerun with -h for copyright info
==49616== Command: ./pca-small small.data 1593 256 R
==49616== 
--49616-- warning: L3 cache found, using its data for the LL simulation.
--49616-- warning: specified LL cache: line_size 64  assoc 11  total_size 25,952,256
--49616-- warning: simulated LL cache: line_size 64  assoc 12  total_size 25,165,824
LRU cache replacement will be used
==49616== 
==49616== I   refs:      1,489,668,863
==49616== I1  misses:       12,672,266
==49616== LLi misses:            1,607
==49616== I1  miss rate:          0.85%
==49616== LLi miss rate:          0.00%
==49616== 
==49616== D   refs:        597,905,958  (426,153,001 rd   + 171,752,957 wr)
==49616== D1  misses:      160,494,275  (160,186,011 rd   +     308,264 wr)
==49616== LLd misses:           37,484  (      2,275 rd   +      35,209 wr)
==49616== D1  miss rate:          26.8% (       37.6%     +         0.2%  )
==49616== LLd miss rate:           0.0% (        0.0%     +         0.0%  )
==49616== 
==49616== LL refs:         173,166,541  (172,858,277 rd   +     308,264 wr)
==49616== LL misses:            39,091  (      3,882 rd   +      35,209 wr)
==49616== LL miss rate:            0.0% (        0.0%     +         0.0%  )
