==39498== Cachegrind, a cache and branch-prediction profiler
==39498== Copyright (C) 2002-2017, and GNU GPL'd, by Nicholas Nethercote et al.
==39498== Using Valgrind-3.16.1 and LibVEX; rerun with -h for copyright info
==39498== Command: ./sift .
==39498== 
--39498-- warning: L3 cache found, using its data for the LL simulation.
--39498-- warning: specified LL cache: line_size 64  assoc 11  total_size 25,952,256
--39498-- warning: simulated LL cache: line_size 64  assoc 12  total_size 25,165,824
BIP cache replacement will be used
BIP Throttle parameter is set to 0.015625
==39498== brk segment overflow in thread #1: can't grow to 0x4cd9000
==39498== (see section Limitations in user manual)
==39498== NOTE: further instances of this message will not be shown
==39498== 
==39498== I   refs:      3,167,698,658
==39498== I1  misses:            1,854
==39498== LLi misses:            1,837
==39498== I1  miss rate:          0.00%
==39498== LLi miss rate:          0.00%
==39498== 
==39498== D   refs:        974,218,288  (676,537,038 rd   + 297,681,250 wr)
==39498== D1  misses:       10,321,809  (  8,013,258 rd   +   2,308,551 wr)
==39498== LLd misses:        4,708,748  (  2,686,985 rd   +   2,021,763 wr)
==39498== D1  miss rate:           1.1% (        1.2%     +         0.8%  )
==39498== LLd miss rate:           0.5% (        0.4%     +         0.7%  )
==39498== 
==39498== LL refs:          10,323,663  (  8,015,112 rd   +   2,308,551 wr)
==39498== LL misses:         4,710,585  (  2,688,822 rd   +   2,021,763 wr)
==39498== LL miss rate:            0.1% (        0.1%     +         0.7%  )
