==50276== Cachegrind, a cache and branch-prediction profiler
==50276== Copyright (C) 2002-2017, and GNU GPL'd, by Nicholas Nethercote et al.
==50276== Using Valgrind-3.16.1 and LibVEX; rerun with -h for copyright info
==50276== Command: ./pca-medium medium.data 722 800 R
==50276== 
--50276-- warning: L3 cache found, using its data for the LL simulation.
--50276-- warning: specified LL cache: line_size 64  assoc 11  total_size 25,952,256
--50276-- warning: simulated LL cache: line_size 64  assoc 12  total_size 25,165,824
BIP cache replacement will be used
BIP Throttle parameter is set to 0.062500
==50276== 
==50276== I   refs:      14,218,322,245
==50276== I1  misses:             1,638
==50276== LLi misses:             1,613
==50276== I1  miss rate:           0.00%
==50276== LLi miss rate:           0.00%
==50276== 
==50276== D   refs:       5,351,602,516  (4,031,779,776 rd   + 1,319,822,740 wr)
==50276== D1  misses:       245,215,366  (  244,383,859 rd   +       831,507 wr)
==50276== LLd misses:           180,942  (       52,050 rd   +       128,892 wr)
==50276== D1  miss rate:            4.6% (          6.1%     +           0.1%  )
==50276== LLd miss rate:            0.0% (          0.0%     +           0.0%  )
==50276== 
==50276== LL refs:          245,217,004  (  244,385,497 rd   +       831,507 wr)
==50276== LL misses:            182,555  (       53,663 rd   +       128,892 wr)
==50276== LL miss rate:             0.0% (          0.0%     +           0.0%  )
