==57715== Cachegrind, a cache and branch-prediction profiler
==57715== Copyright (C) 2002-2017, and GNU GPL'd, by Nicholas Nethercote et al.
==57715== Using Valgrind-3.16.1 and LibVEX; rerun with -h for copyright info
==57715== Command: ./spc-small ../datasets/R15 600 2 15 0.707 1 2
==57715== 
--57715-- warning: L3 cache found, using its data for the LL simulation.
--57715-- warning: specified LL cache: line_size 64  assoc 11  total_size 25,952,256
--57715-- warning: simulated LL cache: line_size 64  assoc 12  total_size 25,165,824
BIP cache replacement will be used
BIP Throttle parameter is set to 0.015625
==57715== 
==57715== I   refs:      217,405
==57715== I1  misses:      1,094
==57715== LLi misses:      1,090
==57715== I1  miss rate:    0.50%
==57715== LLi miss rate:    0.50%
==57715== 
==57715== D   refs:       69,324  (54,846 rd   + 14,478 wr)
==57715== D1  misses:      2,787  ( 2,181 rd   +    606 wr)
==57715== LLd misses:      2,786  ( 2,180 rd   +    606 wr)
==57715== D1  miss rate:     4.0% (   4.0%     +    4.2%  )
==57715== LLd miss rate:     4.0% (   4.0%     +    4.2%  )
==57715== 
==57715== LL refs:         3,881  ( 3,275 rd   +    606 wr)
==57715== LL misses:       3,876  ( 3,270 rd   +    606 wr)
==57715== LL miss rate:      1.4% (   1.2%     +    4.2%  )
