==51611== Cachegrind, a cache and branch-prediction profiler
==51611== Copyright (C) 2002-2017, and GNU GPL'd, by Nicholas Nethercote et al.
==51611== Using Valgrind-3.16.1 and LibVEX; rerun with -h for copyright info
==51611== Command: ./rbm-large
==51611== 
--51611-- warning: L3 cache found, using its data for the LL simulation.
--51611-- warning: specified LL cache: line_size 64  assoc 11  total_size 25,952,256
--51611-- warning: simulated LL cache: line_size 64  assoc 12  total_size 25,165,824
BIP cache replacement will be used
BIP Throttle parameter is set to 0.031250
==51611== 
==51611== I   refs:      119,676,070,063
==51611== I1  misses:         24,724,840
==51611== LLi misses:              1,545
==51611== I1  miss rate:            0.02%
==51611== LLi miss rate:            0.00%
==51611== 
==51611== D   refs:       35,862,087,164  (27,106,383,010 rd   + 8,755,704,154 wr)
==51611== D1  misses:      5,004,368,262  ( 4,617,629,022 rd   +   386,739,240 wr)
==51611== LLd misses:             47,367  (        23,660 rd   +        23,707 wr)
==51611== D1  miss rate:            14.0% (          17.0%     +           4.4%  )
==51611== LLd miss rate:             0.0% (           0.0%     +           0.0%  )
==51611== 
==51611== LL refs:         5,029,093,102  ( 4,642,353,862 rd   +   386,739,240 wr)
==51611== LL misses:              48,912  (        25,205 rd   +        23,707 wr)
==51611== LL miss rate:              0.0% (           0.0%     +           0.0%  )
