==47865== Cachegrind, a cache and branch-prediction profiler
==47865== Copyright (C) 2002-2017, and GNU GPL'd, by Nicholas Nethercote et al.
==47865== Using Valgrind-3.16.1 and LibVEX; rerun with -h for copyright info
==47865== Command: ./pca-large large.data 5000 1059 R
==47865== 
--47865-- warning: L3 cache found, using its data for the LL simulation.
--47865-- warning: specified LL cache: line_size 64  assoc 11  total_size 25,952,256
--47865-- warning: simulated LL cache: line_size 64  assoc 12  total_size 25,165,824
FIFO cache replacement will be used
==47865== brk segment overflow in thread #1: can't grow to 0x4a35000
==47865== (see section Limitations in user manual)
==47865== NOTE: further instances of this message will not be shown
==47865== 
==47865== I   refs:      71,275,145,867
==47865== I1  misses:             1,643
==47865== LLi misses:             1,639
==47865== I1  miss rate:           0.00%
==47865== LLi miss rate:           0.00%
==47865== 
==47865== D   refs:      28,625,035,470  (20,878,881,321 rd   + 7,746,154,149 wr)
==47865== D1  misses:     3,647,909,541  ( 3,646,001,013 rd   +     1,908,528 wr)
==47865== LLd misses:           926,199  (       438,375 rd   +       487,824 wr)
==47865== D1  miss rate:           12.7% (          17.5%     +           0.0%  )
==47865== LLd miss rate:            0.0% (           0.0%     +           0.0%  )
==47865== 
==47865== LL refs:        3,647,911,184  ( 3,646,002,656 rd   +     1,908,528 wr)
==47865== LL misses:            927,838  (       440,014 rd   +       487,824 wr)
==47865== LL miss rate:             0.0% (           0.0%     +           0.0%  )
