==21646== Cachegrind, a cache and branch-prediction profiler
==21646== Copyright (C) 2002-2017, and GNU GPL'd, by Nicholas Nethercote et al.
==21646== Using Valgrind-3.16.1 and LibVEX; rerun with -h for copyright info
==21646== Command: ./srr-medium
==21646== 
--21646-- warning: L3 cache found, using its data for the LL simulation.
--21646-- warning: specified LL cache: line_size 64  assoc 11  total_size 25,952,256
--21646-- warning: simulated LL cache: line_size 64  assoc 12  total_size 25,165,824
BIP cache replacement will be used
BIP Throttle parameter is set to 0.062500
==21646== 
==21646== I   refs:      151,164,870,270
==21646== I1  misses:              1,701
==21646== LLi misses:              1,574
==21646== I1  miss rate:            0.00%
==21646== LLi miss rate:            0.00%
==21646== 
==21646== D   refs:       57,030,637,063  (38,402,710,440 rd   + 18,627,926,623 wr)
==21646== D1  misses:      2,340,710,273  ( 2,320,244,256 rd   +     20,466,017 wr)
==21646== LLd misses:             70,187  (         4,038 rd   +         66,149 wr)
==21646== D1  miss rate:             4.1% (           6.0%     +            0.1%  )
==21646== LLd miss rate:             0.0% (           0.0%     +            0.0%  )
==21646== 
==21646== LL refs:         2,340,711,974  ( 2,320,245,957 rd   +     20,466,017 wr)
==21646== LL misses:              71,761  (         5,612 rd   +         66,149 wr)
==21646== LL miss rate:              0.0% (           0.0%     +            0.0%  )
