==30344== Cachegrind, a cache and branch-prediction profiler
==30344== Copyright (C) 2002-2017, and GNU GPL'd, by Nicholas Nethercote et al.
==30344== Using Valgrind-3.16.1 and LibVEX; rerun with -h for copyright info
==30344== Command: ./multi_ncut .
==30344== 
--30344-- warning: L3 cache found, using its data for the LL simulation.
--30344-- warning: specified LL cache: line_size 64  assoc 11  total_size 25,952,256
--30344-- warning: simulated LL cache: line_size 64  assoc 12  total_size 25,165,824
Random cache replacement will be used
==30344== 
==30344== Process terminating with default action of signal 15 (SIGTERM)
==30344==    at 0x50DC14F: read (read.c:27)
==30344==    by 0x5059217: _IO_file_underflow@@GLIBC_2.2.5 (fileops.c:531)
==30344==    by 0x5057817: _IO_file_xsgetn (fileops.c:1344)
==30344==    by 0x504B4A0: fread (iofread.c:38)
==30344==    by 0x109304: readImage (in /home/tkloda/cortexsuite/vision/benchmarks/multi_ncut/data/fullhd/multi_ncut)
==30344==    by 0x108AC3: main (in /home/tkloda/cortexsuite/vision/benchmarks/multi_ncut/data/fullhd/multi_ncut)
==30344== 
==30344== I   refs:      668,351,860
==30344== I1  misses:          1,131
==30344== LLi misses:          1,127
==30344== I1  miss rate:        0.00%
==30344== LLi miss rate:        0.00%
==30344== 
==30344== D   refs:      287,663,465  (196,458,389 rd   + 91,205,076 wr)
==30344== D1  misses:        112,528  (      2,349 rd   +    110,179 wr)
==30344== LLd misses:        112,414  (      2,243 rd   +    110,171 wr)
==30344== D1  miss rate:         0.0% (        0.0%     +        0.1%  )
==30344== LLd miss rate:         0.0% (        0.0%     +        0.1%  )
==30344== 
==30344== LL refs:           113,659  (      3,480 rd   +    110,179 wr)
==30344== LL misses:         113,541  (      3,370 rd   +    110,171 wr)
==30344== LL miss rate:          0.0% (        0.0%     +        0.1%  )
