==20135== Cachegrind, a cache and branch-prediction profiler
==20135== Copyright (C) 2002-2017, and GNU GPL'd, by Nicholas Nethercote et al.
==20135== Using Valgrind-3.16.1 and LibVEX; rerun with -h for copyright info
==20135== Command: ./mser .
==20135== 
--20135-- warning: L3 cache found, using its data for the LL simulation.
--20135-- warning: specified LL cache: line_size 64  assoc 11  total_size 25,952,256
--20135-- warning: simulated LL cache: line_size 64  assoc 12  total_size 25,165,824
BIP cache replacement will be used
BIP Throttle parameter is set to 0.031250
==20135== 
==20135== I   refs:      157,426,193
==20135== I1  misses:          1,518
==20135== LLi misses:          1,496
==20135== I1  miss rate:        0.00%
==20135== LLi miss rate:        0.00%
==20135== 
==20135== D   refs:       59,523,786  (40,510,722 rd   + 19,013,064 wr)
==20135== D1  misses:        429,441  (   321,640 rd   +    107,801 wr)
==20135== LLd misses:        126,094  (    56,036 rd   +     70,058 wr)
==20135== D1  miss rate:         0.7% (       0.8%     +        0.6%  )
==20135== LLd miss rate:         0.2% (       0.1%     +        0.4%  )
==20135== 
==20135== LL refs:           430,959  (   323,158 rd   +    107,801 wr)
==20135== LL misses:         127,590  (    57,532 rd   +     70,058 wr)
==20135== LL miss rate:          0.1% (       0.0%     +        0.4%  )
