==30779== Cachegrind, a cache and branch-prediction profiler
==30779== Copyright (C) 2002-2017, and GNU GPL'd, by Nicholas Nethercote et al.
==30779== Using Valgrind-3.16.1 and LibVEX; rerun with -h for copyright info
==30779== Command: ./multi_ncut .
==30779== 
--30779-- warning: L3 cache found, using its data for the LL simulation.
--30779-- warning: specified LL cache: line_size 64  assoc 11  total_size 25,952,256
--30779-- warning: simulated LL cache: line_size 64  assoc 12  total_size 25,165,824
BIP cache replacement will be used
BIP Throttle parameter is set to 0.031250
==30779== 
==30779== Process terminating with default action of signal 15 (SIGTERM)
==30779==    at 0x10AAB0: fSortIndices (in /home/tkloda/cortexsuite/vision/benchmarks/multi_ncut/data/fullhd/multi_ncut)
==30779==    by 0x10CE27: segment_graph (in /home/tkloda/cortexsuite/vision/benchmarks/multi_ncut/data/fullhd/multi_ncut)
==30779==    by 0x10CAC9: segment_image (in /home/tkloda/cortexsuite/vision/benchmarks/multi_ncut/data/fullhd/multi_ncut)
==30779==    by 0x108B0A: main (in /home/tkloda/cortexsuite/vision/benchmarks/multi_ncut/data/fullhd/multi_ncut)
==30779== 
==30779== I   refs:      1,651,733,374
==30779== I1  misses:            1,335
==30779== LLi misses:            1,290
==30779== I1  miss rate:          0.00%
==30779== LLi miss rate:          0.00%
==30779== 
==30779== D   refs:        560,777,888  (378,327,389 rd   + 182,450,499 wr)
==30779== D1  misses:       17,035,407  (  8,238,050 rd   +   8,797,357 wr)
==30779== LLd misses:        6,578,977  (  2,717,395 rd   +   3,861,582 wr)
==30779== D1  miss rate:           3.0% (        2.2%     +         4.8%  )
==30779== LLd miss rate:           1.2% (        0.7%     +         2.1%  )
==30779== 
==30779== LL refs:          17,036,742  (  8,239,385 rd   +   8,797,357 wr)
==30779== LL misses:         6,580,267  (  2,718,685 rd   +   3,861,582 wr)
==30779== LL miss rate:            0.3% (        0.1%     +         2.1%  )
