==23465== Cachegrind, a cache and branch-prediction profiler
==23465== Copyright (C) 2002-2017, and GNU GPL'd, by Nicholas Nethercote et al.
==23465== Using Valgrind-3.16.1 and LibVEX; rerun with -h for copyright info
==23465== Command: ./sift .
==23465== 
--23465-- warning: L3 cache found, using its data for the LL simulation.
--23465-- warning: specified LL cache: line_size 64  assoc 11  total_size 25,952,256
--23465-- warning: simulated LL cache: line_size 64  assoc 12  total_size 25,165,824
BIP cache replacement will be used
BIP Throttle parameter is set to 0.062500
==23465== brk segment overflow in thread #1: can't grow to 0x4a36000
==23465== (see section Limitations in user manual)
==23465== NOTE: further instances of this message will not be shown
==23465== 
==23465== I   refs:      1,142,732,445
==23465== I1  misses:            1,902
==23465== LLi misses:            1,836
==23465== I1  miss rate:          0.00%
==23465== LLi miss rate:          0.00%
==23465== 
==23465== D   refs:        350,629,227  (243,842,190 rd   + 106,787,037 wr)
==23465== D1  misses:        3,890,382  (  3,042,270 rd   +     848,112 wr)
==23465== LLd misses:          890,182  (    308,377 rd   +     581,805 wr)
==23465== D1  miss rate:           1.1% (        1.2%     +         0.8%  )
==23465== LLd miss rate:           0.3% (        0.1%     +         0.5%  )
==23465== 
==23465== LL refs:           3,892,284  (  3,044,172 rd   +     848,112 wr)
==23465== LL misses:           892,018  (    310,213 rd   +     581,805 wr)
==23465== LL miss rate:            0.1% (        0.0%     +         0.5%  )
