==41355== Cachegrind, a cache and branch-prediction profiler
==41355== Copyright (C) 2002-2017, and GNU GPL'd, by Nicholas Nethercote et al.
==41355== Using Valgrind-3.16.1 and LibVEX; rerun with -h for copyright info
==41355== Command: ./liblinear-tmedium data/10B/epsilon
==41355== 
--41355-- warning: L3 cache found, using its data for the LL simulation.
--41355-- warning: specified LL cache: line_size 64  assoc 11  total_size 25,952,256
--41355-- warning: simulated LL cache: line_size 64  assoc 12  total_size 25,165,824
LIP cache replacement will be used
==41355== 
==41355== I   refs:      19,285,289,592
==41355== I1  misses:             1,834
==41355== LLi misses:             1,830
==41355== I1  miss rate:           0.00%
==41355== LLi miss rate:           0.00%
==41355== 
==41355== D   refs:       5,666,485,980  (3,947,048,634 rd   + 1,719,437,346 wr)
==41355== D1  misses:        40,535,247  (   37,399,862 rd   +     3,135,385 wr)
==41355== LLd misses:        40,216,349  (   37,081,851 rd   +     3,134,498 wr)
==41355== D1  miss rate:            0.7% (          0.9%     +           0.2%  )
==41355== LLd miss rate:            0.7% (          0.9%     +           0.2%  )
==41355== 
==41355== LL refs:           40,537,081  (   37,401,696 rd   +     3,135,385 wr)
==41355== LL misses:         40,218,179  (   37,083,681 rd   +     3,134,498 wr)
==41355== LL miss rate:             0.2% (          0.2%     +           0.2%  )
