==58258== Cachegrind, a cache and branch-prediction profiler
==58258== Copyright (C) 2002-2017, and GNU GPL'd, by Nicholas Nethercote et al.
==58258== Using Valgrind-3.16.1 and LibVEX; rerun with -h for copyright info
==58258== Command: ./spc-medium ../datasets/Aggregation 788 2 7 0.707 1
==58258== 
--58258-- warning: L3 cache found, using its data for the LL simulation.
--58258-- warning: specified LL cache: line_size 64  assoc 11  total_size 25,952,256
--58258-- warning: simulated LL cache: line_size 64  assoc 12  total_size 25,165,824
Random cache replacement will be used
==58258== 
==58258== I   refs:      11,307,967,289
==58258== I1  misses:             1,726
==58258== LLi misses:             1,721
==58258== I1  miss rate:           0.00%
==58258== LLi miss rate:           0.00%
==58258== 
==58258== D   refs:       4,030,824,654  (2,697,589,545 rd   + 1,333,235,109 wr)
==58258== D1  misses:           108,357  (       26,704 rd   +        81,653 wr)
==58258== LLd misses:            88,498  (        8,063 rd   +        80,435 wr)
==58258== D1  miss rate:            0.0% (          0.0%     +           0.0%  )
==58258== LLd miss rate:            0.0% (          0.0%     +           0.0%  )
==58258== 
==58258== LL refs:              110,083  (       28,430 rd   +        81,653 wr)
==58258== LL misses:             90,219  (        9,784 rd   +        80,435 wr)
==58258== LL miss rate:             0.0% (          0.0%     +           0.0%  )
