==23611== Cachegrind, a cache and branch-prediction profiler
==23611== Copyright (C) 2002-2017, and GNU GPL'd, by Nicholas Nethercote et al.
==23611== Using Valgrind-3.16.1 and LibVEX; rerun with -h for copyright info
==23611== Command: ./pca-small small.data 1593 256 R
==23611== 
--23611-- warning: L3 cache found, using its data for the LL simulation.
--23611-- warning: specified LL cache: line_size 64  assoc 11  total_size 25,952,256
--23611-- warning: simulated LL cache: line_size 64  assoc 12  total_size 25,165,824
FIFO cache replacement will be used
==23611== 
==23611== I   refs:      1,489,669,024
==23611== I1  misses:            1,612
==23611== LLi misses:            1,608
==23611== I1  miss rate:          0.00%
==23611== LLi miss rate:          0.00%
==23611== 
==23611== D   refs:        597,905,983  (426,153,025 rd   + 171,752,958 wr)
==23611== D1  misses:           37,487  (      2,275 rd   +      35,212 wr)
==23611== LLd misses:           37,487  (      2,275 rd   +      35,212 wr)
==23611== D1  miss rate:           0.0% (        0.0%     +         0.0%  )
==23611== LLd miss rate:           0.0% (        0.0%     +         0.0%  )
==23611== 
==23611== LL refs:              39,099  (      3,887 rd   +      35,212 wr)
==23611== LL misses:            39,095  (      3,883 rd   +      35,212 wr)
==23611== LL miss rate:            0.0% (        0.0%     +         0.0%  )
