==30092== Cachegrind, a cache and branch-prediction profiler
==30092== Copyright (C) 2002-2017, and GNU GPL'd, by Nicholas Nethercote et al.
==30092== Using Valgrind-3.16.1 and LibVEX; rerun with -h for copyright info
==30092== Command: ./multi_ncut .
==30092== 
--30092-- warning: L3 cache found, using its data for the LL simulation.
--30092-- warning: specified LL cache: line_size 64  assoc 11  total_size 25,952,256
--30092-- warning: simulated LL cache: line_size 64  assoc 12  total_size 25,165,824
LIP cache replacement will be used
==30092== 
==30092== Process terminating with default action of signal 15 (SIGTERM)
==30092==    at 0x10AAB0: fSortIndices (in /home/tkloda/cortexsuite/vision/benchmarks/multi_ncut/data/fullhd/multi_ncut)
==30092==    by 0x10CE27: segment_graph (in /home/tkloda/cortexsuite/vision/benchmarks/multi_ncut/data/fullhd/multi_ncut)
==30092==    by 0x10CAC9: segment_image (in /home/tkloda/cortexsuite/vision/benchmarks/multi_ncut/data/fullhd/multi_ncut)
==30092==    by 0x108B0A: main (in /home/tkloda/cortexsuite/vision/benchmarks/multi_ncut/data/fullhd/multi_ncut)
==30092== 
==30092== I   refs:      1,807,735,980
==30092== I1  misses:       12,442,975
==30092== LLi misses:            1,290
==30092== I1  miss rate:          0.69%
==30092== LLi miss rate:          0.00%
==30092== 
==30092== D   refs:        586,778,756  (404,327,391 rd   + 182,451,365 wr)
==30092== D1  misses:       24,258,403  ( 12,594,897 rd   +  11,663,506 wr)
==30092== LLd misses:        7,666,726  (  3,782,066 rd   +   3,884,660 wr)
==30092== D1  miss rate:           4.1% (        3.1%     +         6.4%  )
==30092== LLd miss rate:           1.3% (        0.9%     +         2.1%  )
==30092== 
==30092== LL refs:          36,701,378  ( 25,037,872 rd   +  11,663,506 wr)
==30092== LL misses:         7,668,016  (  3,783,356 rd   +   3,884,660 wr)
==30092== LL miss rate:            0.3% (        0.2%     +         2.1%  )
