==29803== Cachegrind, a cache and branch-prediction profiler
==29803== Copyright (C) 2002-2017, and GNU GPL'd, by Nicholas Nethercote et al.
==29803== Using Valgrind-3.16.1 and LibVEX; rerun with -h for copyright info
==29803== Command: ./liblinear-tlarge data/100B/kdda
==29803== 
--29803-- warning: L3 cache found, using its data for the LL simulation.
--29803-- warning: specified LL cache: line_size 64  assoc 11  total_size 25,952,256
--29803-- warning: simulated LL cache: line_size 64  assoc 12  total_size 25,165,824
BIP cache replacement will be used
BIP Throttle parameter is set to 0.062500
==29803== 
==29803== I   refs:      111,902,758,013
==29803== I1  misses:             55,852
==29803== LLi misses:              1,985
==29803== I1  miss rate:            0.00%
==29803== LLi miss rate:            0.00%
==29803== 
==29803== D   refs:       44,061,986,476  (36,080,688,134 rd   + 7,981,298,342 wr)
==29803== D1  misses:      3,874,038,065  ( 3,868,127,231 rd   +     5,910,834 wr)
==29803== LLd misses:      1,659,682,368  ( 1,653,952,161 rd   +     5,730,207 wr)
==29803== D1  miss rate:             8.8% (          10.7%     +           0.1%  )
==29803== LLd miss rate:             3.8% (           4.6%     +           0.1%  )
==29803== 
==29803== LL refs:         3,874,093,917  ( 3,868,183,083 rd   +     5,910,834 wr)
==29803== LL misses:       1,659,684,353  ( 1,653,954,146 rd   +     5,730,207 wr)
==29803== LL miss rate:              1.1% (           1.1%     +           0.1%  )
