==22076== Cachegrind, a cache and branch-prediction profiler
==22076== Copyright (C) 2002-2017, and GNU GPL'd, by Nicholas Nethercote et al.
==22076== Using Valgrind-3.16.1 and LibVEX; rerun with -h for copyright info
==22076== Command: ./srr-medium
==22076== 
--22076-- warning: L3 cache found, using its data for the LL simulation.
--22076-- warning: specified LL cache: line_size 64  assoc 11  total_size 25,952,256
--22076-- warning: simulated LL cache: line_size 64  assoc 12  total_size 25,165,824
BIP cache replacement will be used
BIP Throttle parameter is set to 0.015625
==22076== 
==22076== I   refs:      151,164,870,258
==22076== I1  misses:              1,530
==22076== LLi misses:              1,527
==22076== I1  miss rate:            0.00%
==22076== LLi miss rate:            0.00%
==22076== 
==22076== D   refs:       57,030,637,061  (38,402,710,439 rd   + 18,627,926,622 wr)
==22076== D1  misses:             68,978  (         3,009 rd   +         65,969 wr)
==22076== LLd misses:             68,970  (         3,006 rd   +         65,964 wr)
==22076== D1  miss rate:             0.0% (           0.0%     +            0.0%  )
==22076== LLd miss rate:             0.0% (           0.0%     +            0.0%  )
==22076== 
==22076== LL refs:                70,508  (         4,539 rd   +         65,969 wr)
==22076== LL misses:              70,497  (         4,533 rd   +         65,964 wr)
==22076== LL miss rate:              0.0% (           0.0%     +            0.0%  )
