==25041== Cachegrind, a cache and branch-prediction profiler
==25041== Copyright (C) 2002-2017, and GNU GPL'd, by Nicholas Nethercote et al.
==25041== Using Valgrind-3.16.1 and LibVEX; rerun with -h for copyright info
==25041== Command: ./stitch .
==25041== 
--25041-- warning: L3 cache found, using its data for the LL simulation.
--25041-- warning: specified LL cache: line_size 64  assoc 11  total_size 25,952,256
--25041-- warning: simulated LL cache: line_size 64  assoc 12  total_size 25,165,824
BIP cache replacement will be used
BIP Throttle parameter is set to 0.015625
==25041== 
==25041== I   refs:      984,189,907
==25041== I1  misses:          1,682
==25041== LLi misses:          1,678
==25041== I1  miss rate:        0.00%
==25041== LLi miss rate:        0.00%
==25041== 
==25041== D   refs:      267,452,303  (187,194,798 rd   + 80,257,505 wr)
==25041== D1  misses:        124,219  (     36,307 rd   +     87,912 wr)
==25041== LLd misses:         72,642  (      6,582 rd   +     66,060 wr)
==25041== D1  miss rate:         0.0% (        0.0%     +        0.1%  )
==25041== LLd miss rate:         0.0% (        0.0%     +        0.1%  )
==25041== 
==25041== LL refs:           125,901  (     37,989 rd   +     87,912 wr)
==25041== LL misses:          74,320  (      8,260 rd   +     66,060 wr)
==25041== LL miss rate:          0.0% (        0.0%     +        0.1%  )
