==37874== Cachegrind, a cache and branch-prediction profiler
==37874== Copyright (C) 2002-2017, and GNU GPL'd, by Nicholas Nethercote et al.
==37874== Using Valgrind-3.16.1 and LibVEX; rerun with -h for copyright info
==37874== Command: ./texture_synthesis .
==37874== 
--37874-- warning: L3 cache found, using its data for the LL simulation.
--37874-- warning: specified LL cache: line_size 64  assoc 11  total_size 25,952,256
--37874-- warning: simulated LL cache: line_size 64  assoc 12  total_size 25,165,824
FIFO cache replacement will be used
==37874== 
==37874== I   refs:      208,057,489
==37874== I1  misses:     29,335,803
==37874== LLi misses:          1,589
==37874== I1  miss rate:       14.10%
==37874== LLi miss rate:        0.00%
==37874== 
==37874== D   refs:       76,991,623  (52,726,654 rd   + 24,264,969 wr)
==37874== D1  misses:     27,056,302  (19,482,778 rd   +  7,573,524 wr)
==37874== LLd misses:         31,239  (     2,312 rd   +     28,927 wr)
==37874== D1  miss rate:        35.1% (      37.0%     +       31.2%  )
==37874== LLd miss rate:         0.0% (       0.0%     +        0.1%  )
==37874== 
==37874== LL refs:        56,392,105  (48,818,581 rd   +  7,573,524 wr)
==37874== LL misses:          32,828  (     3,901 rd   +     28,927 wr)
==37874== LL miss rate:          0.0% (       0.0%     +        0.1%  )
