==30674== Cachegrind, a cache and branch-prediction profiler
==30674== Copyright (C) 2002-2017, and GNU GPL'd, by Nicholas Nethercote et al.
==30674== Using Valgrind-3.16.1 and LibVEX; rerun with -h for copyright info
==30674== Command: ./lda-small est .1 3 settings.txt small/small_data.dat random small/result
==30674== 
--30674-- warning: L3 cache found, using its data for the LL simulation.
--30674-- warning: specified LL cache: line_size 64  assoc 11  total_size 25,952,256
--30674-- warning: simulated LL cache: line_size 64  assoc 12  total_size 25,165,824
BIP cache replacement will be used
BIP Throttle parameter is set to 0.062500
==30674== 
==30674== I   refs:      27,045,338,983
==30674== I1  misses:             2,195
==30674== LLi misses:             2,175
==30674== I1  miss rate:           0.00%
==30674== LLi miss rate:           0.00%
==30674== 
==30674== D   refs:      10,229,785,756  (7,748,353,482 rd   + 2,481,432,274 wr)
==30674== D1  misses:         2,879,299  (    2,734,512 rd   +       144,787 wr)
==30674== LLd misses:            16,111  (        3,004 rd   +        13,107 wr)
==30674== D1  miss rate:            0.0% (          0.0%     +           0.0%  )
==30674== LLd miss rate:            0.0% (          0.0%     +           0.0%  )
==30674== 
==30674== LL refs:            2,881,494  (    2,736,707 rd   +       144,787 wr)
==30674== LL misses:             18,286  (        5,179 rd   +        13,107 wr)
==30674== LL miss rate:             0.0% (          0.0%     +           0.0%  )
