==47073== Cachegrind, a cache and branch-prediction profiler
==47073== Copyright (C) 2002-2017, and GNU GPL'd, by Nicholas Nethercote et al.
==47073== Using Valgrind-3.16.1 and LibVEX; rerun with -h for copyright info
==47073== Command: ./liblinear-tlarge data/100B/kdda
==47073== 
--47073-- warning: L3 cache found, using its data for the LL simulation.
--47073-- warning: specified LL cache: line_size 64  assoc 11  total_size 25,952,256
--47073-- warning: simulated LL cache: line_size 64  assoc 12  total_size 25,165,824
BIP cache replacement will be used
BIP Throttle parameter is set to 0.015625
==47073== brk segment overflow in thread #1: can't grow to 0x177cd000
==47073== (see section Limitations in user manual)
==47073== NOTE: further instances of this message will not be shown
==47073== 
==47073== Process terminating with default action of signal 11 (SIGSEGV)
==47073==  Access not within mapped region at address 0x0
==47073==    at 0x113940: read_problem (in /home/tkloda/cortexsuite/cortex/liblinear/liblinear-tlarge)
==47073==    by 0x10922F: main (in /home/tkloda/cortexsuite/cortex/liblinear/liblinear-tlarge)
==47073==  If you believe this happened as a result of a stack
==47073==  overflow in your program's main thread (unlikely but
==47073==  possible), you can try to increase the size of the
==47073==  main thread stack using the --main-stacksize= flag.
==47073==  The main thread stack size used in this run was 8388608.
==47073== 
==47073== I   refs:      2,211,198,588
==47073== I1  misses:            1,274
==47073== LLi misses:            1,252
==47073== I1  miss rate:          0.00%
==47073== LLi miss rate:          0.00%
==47073== 
==47073== D   refs:        669,225,113  (487,947,237 rd   + 181,277,876 wr)
==47073== D1  misses:            3,156  (      2,509 rd   +         647 wr)
==47073== LLd misses:            2,942  (      2,306 rd   +         636 wr)
==47073== D1  miss rate:           0.0% (        0.0%     +         0.0%  )
==47073== LLd miss rate:           0.0% (        0.0%     +         0.0%  )
==47073== 
==47073== LL refs:               4,430  (      3,783 rd   +         647 wr)
==47073== LL misses:             4,194  (      3,558 rd   +         636 wr)
==47073== LL miss rate:            0.0% (        0.0%     +         0.0%  )
