==24062== Cachegrind, a cache and branch-prediction profiler
==24062== Copyright (C) 2002-2017, and GNU GPL'd, by Nicholas Nethercote et al.
==24062== Using Valgrind-3.16.1 and LibVEX; rerun with -h for copyright info
==24062== Command: ./stitch .
==24062== 
--24062-- warning: L3 cache found, using its data for the LL simulation.
--24062-- warning: specified LL cache: line_size 64  assoc 11  total_size 25,952,256
--24062-- warning: simulated LL cache: line_size 64  assoc 12  total_size 25,165,824
LRU cache replacement will be used
==24062== 
==24062== I   refs:      984,189,907
==24062== I1  misses:          1,682
==24062== LLi misses:          1,678
==24062== I1  miss rate:        0.00%
==24062== LLi miss rate:        0.00%
==24062== 
==24062== D   refs:      267,452,303  (187,194,798 rd   + 80,257,505 wr)
==24062== D1  misses:         62,904  (      2,265 rd   +     60,639 wr)
==24062== LLd misses:         62,904  (      2,265 rd   +     60,639 wr)
==24062== D1  miss rate:         0.0% (        0.0%     +        0.1%  )
==24062== LLd miss rate:         0.0% (        0.0%     +        0.1%  )
==24062== 
==24062== LL refs:            64,586  (      3,947 rd   +     60,639 wr)
==24062== LL misses:          64,582  (      3,943 rd   +     60,639 wr)
==24062== LL miss rate:          0.0% (        0.0%     +        0.1%  )
