==40461== Cachegrind, a cache and branch-prediction profiler
==40461== Copyright (C) 2002-2017, and GNU GPL'd, by Nicholas Nethercote et al.
==40461== Using Valgrind-3.16.1 and LibVEX; rerun with -h for copyright info
==40461== Command: ./tracking .
==40461== 
--40461-- warning: L3 cache found, using its data for the LL simulation.
--40461-- warning: specified LL cache: line_size 64  assoc 11  total_size 25,952,256
--40461-- warning: simulated LL cache: line_size 64  assoc 12  total_size 25,165,824
Random cache replacement will be used
==40461== 
==40461== I   refs:      39,649,397
==40461== I1  misses:     3,045,140
==40461== LLi misses:         1,721
==40461== I1  miss rate:       7.68%
==40461== LLi miss rate:       0.00%
==40461== 
==40461== D   refs:      14,160,664  (9,350,708 rd   + 4,809,956 wr)
==40461== D1  misses:     3,602,111  (2,914,374 rd   +   687,737 wr)
==40461== LLd misses:        13,632  (    2,266 rd   +    11,366 wr)
==40461== D1  miss rate:       25.4% (     31.2%     +      14.3%  )
==40461== LLd miss rate:        0.1% (      0.0%     +       0.2%  )
==40461== 
==40461== LL refs:        6,647,251  (5,959,514 rd   +   687,737 wr)
==40461== LL misses:         15,353  (    3,987 rd   +    11,366 wr)
==40461== LL miss rate:         0.0% (      0.0%     +       0.2%  )
