==34159== Cachegrind, a cache and branch-prediction profiler
==34159== Copyright (C) 2002-2017, and GNU GPL'd, by Nicholas Nethercote et al.
==34159== Using Valgrind-3.16.1 and LibVEX; rerun with -h for copyright info
==34159== Command: ./texture_synthesis .
==34159== 
--34159-- warning: L3 cache found, using its data for the LL simulation.
--34159-- warning: specified LL cache: line_size 64  assoc 11  total_size 25,952,256
--34159-- warning: simulated LL cache: line_size 64  assoc 12  total_size 25,165,824
BIP cache replacement will be used
BIP Throttle parameter is set to 0.062500
==34159== 
==34159== Process terminating with default action of signal 15 (SIGTERM)
==34159==    at 0x10D230: compare_rest (in /home/tkloda/cortexsuite/vision/benchmarks/texture_synthesis/data/fullhd/texture_synthesis)
==34159==    by 0x10D482: create_texture (in /home/tkloda/cortexsuite/vision/benchmarks/texture_synthesis/data/fullhd/texture_synthesis)
==34159==    by 0x108AF4: main (in /home/tkloda/cortexsuite/vision/benchmarks/texture_synthesis/data/fullhd/texture_synthesis)
==34159== 
==34159== I   refs:      1,380,235,149
==34159== I1  misses:            1,332
==34159== LLi misses:            1,295
==34159== I1  miss rate:          0.00%
==34159== LLi miss rate:          0.00%
==34159== 
==34159== D   refs:        381,525,157  (341,147,276 rd   + 40,377,881 wr)
==34159== D1  misses:        1,149,761  (    492,261 rd   +    657,500 wr)
==34159== LLd misses:          342,882  (     56,626 rd   +    286,256 wr)
==34159== D1  miss rate:           0.3% (        0.1%     +        1.6%  )
==34159== LLd miss rate:           0.1% (        0.0%     +        0.7%  )
==34159== 
==34159== LL refs:           1,151,093  (    493,593 rd   +    657,500 wr)
==34159== LL misses:           344,177  (     57,921 rd   +    286,256 wr)
==34159== LL miss rate:            0.0% (        0.0%     +        0.7%  )
