==36533== Cachegrind, a cache and branch-prediction profiler
==36533== Copyright (C) 2002-2017, and GNU GPL'd, by Nicholas Nethercote et al.
==36533== Using Valgrind-3.16.1 and LibVEX; rerun with -h for copyright info
==36533== Command: ./mser .
==36533== 
--36533-- warning: L3 cache found, using its data for the LL simulation.
--36533-- warning: specified LL cache: line_size 64  assoc 11  total_size 25,952,256
--36533-- warning: simulated LL cache: line_size 64  assoc 12  total_size 25,165,824
BIP cache replacement will be used
BIP Throttle parameter is set to 0.062500
==36533== 
==36533== I   refs:      39,996,112
==36533== I1  misses:         1,520
==36533== LLi misses:         1,514
==36533== I1  miss rate:       0.00%
==36533== LLi miss rate:       0.00%
==36533== 
==36533== D   refs:      15,054,678  (10,245,445 rd   + 4,809,233 wr)
==36533== D1  misses:       129,961  (   101,035 rd   +    28,926 wr)
==36533== LLd misses:        23,678  (     5,351 rd   +    18,327 wr)
==36533== D1  miss rate:        0.9% (       1.0%     +       0.6%  )
==36533== LLd miss rate:        0.2% (       0.1%     +       0.4%  )
==36533== 
==36533== LL refs:          131,481  (   102,555 rd   +    28,926 wr)
==36533== LL misses:         25,192  (     6,865 rd   +    18,327 wr)
==36533== LL miss rate:         0.0% (       0.0%     +       0.4%  )
