==31175== Cachegrind, a cache and branch-prediction profiler
==31175== Copyright (C) 2002-2017, and GNU GPL'd, by Nicholas Nethercote et al.
==31175== Using Valgrind-3.16.1 and LibVEX; rerun with -h for copyright info
==31175== Command: ./stitch .
==31175== 
--31175-- warning: L3 cache found, using its data for the LL simulation.
--31175-- warning: specified LL cache: line_size 64  assoc 11  total_size 25,952,256
--31175-- warning: simulated LL cache: line_size 64  assoc 12  total_size 25,165,824
Random cache replacement will be used
==31175== 
==31175== I   refs:      223,094,028
==31175== I1  misses:          1,691
==31175== LLi misses:          1,683
==31175== I1  miss rate:        0.00%
==31175== LLi miss rate:        0.00%
==31175== 
==31175== D   refs:       60,620,648  (44,316,442 rd   + 16,304,206 wr)
==31175== D1  misses:         27,749  (     3,099 rd   +     24,650 wr)
==31175== LLd misses:         23,698  (     2,269 rd   +     21,429 wr)
==31175== D1  miss rate:         0.0% (       0.0%     +        0.2%  )
==31175== LLd miss rate:         0.0% (       0.0%     +        0.1%  )
==31175== 
==31175== LL refs:            29,440  (     4,790 rd   +     24,650 wr)
==31175== LL misses:          25,381  (     3,952 rd   +     21,429 wr)
==31175== LL miss rate:          0.0% (       0.0%     +        0.1%  )
