==61875== Cachegrind, a cache and branch-prediction profiler
==61875== Copyright (C) 2002-2017, and GNU GPL'd, by Nicholas Nethercote et al.
==61875== Using Valgrind-3.16.1 and LibVEX; rerun with -h for copyright info
==61875== Command: ./tracking .
==61875== 
--61875-- warning: L3 cache found, using its data for the LL simulation.
--61875-- warning: specified LL cache: line_size 64  assoc 11  total_size 25,952,256
--61875-- warning: simulated LL cache: line_size 64  assoc 12  total_size 25,165,824
FIFO cache replacement will be used
==61875== brk segment overflow in thread #1: can't grow to 0x4a37000
==61875== (see section Limitations in user manual)
==61875== NOTE: further instances of this message will not be shown
==61875== 
==61875== I   refs:      1,258,660,368
==61875== I1  misses:            1,732
==61875== LLi misses:            1,727
==61875== I1  miss rate:          0.00%
==61875== LLi miss rate:          0.00%
==61875== 
==61875== D   refs:        408,310,879  (288,791,462 rd   + 119,519,417 wr)
==61875== D1  misses:        5,224,379  (  2,433,172 rd   +   2,791,207 wr)
==61875== LLd misses:          267,950  (      2,261 rd   +     265,689 wr)
==61875== D1  miss rate:           1.3% (        0.8%     +         2.3%  )
==61875== LLd miss rate:           0.1% (        0.0%     +         0.2%  )
==61875== 
==61875== LL refs:           5,226,111  (  2,434,904 rd   +   2,791,207 wr)
==61875== LL misses:           269,677  (      3,988 rd   +     265,689 wr)
==61875== LL miss rate:            0.0% (        0.0%     +         0.2%  )
