==34053== Cachegrind, a cache and branch-prediction profiler
==34053== Copyright (C) 2002-2017, and GNU GPL'd, by Nicholas Nethercote et al.
==34053== Using Valgrind-3.16.1 and LibVEX; rerun with -h for copyright info
==34053== Command: ./pca-small small.data 1593 256 R
==34053== 
--34053-- warning: L3 cache found, using its data for the LL simulation.
--34053-- warning: specified LL cache: line_size 64  assoc 11  total_size 25,952,256
--34053-- warning: simulated LL cache: line_size 64  assoc 12  total_size 25,165,824
FIFO cache replacement will be used
==34053== 
==34053== I   refs:      1,489,668,691
==34053== I1  misses:            1,632
==34053== LLi misses:            1,628
==34053== I1  miss rate:          0.00%
==34053== LLi miss rate:          0.00%
==34053== 
==34053== D   refs:        597,905,808  (426,152,920 rd   + 171,752,888 wr)
==34053== D1  misses:       13,693,356  ( 13,623,136 rd   +      70,220 wr)
==34053== LLd misses:           37,487  (      2,275 rd   +      35,212 wr)
==34053== D1  miss rate:           2.3% (        3.2%     +         0.0%  )
==34053== LLd miss rate:           0.0% (        0.0%     +         0.0%  )
==34053== 
==34053== LL refs:          13,694,988  ( 13,624,768 rd   +      70,220 wr)
==34053== LL misses:            39,115  (      3,903 rd   +      35,212 wr)
==34053== LL miss rate:            0.0% (        0.0%     +         0.0%  )
