==22179== Cachegrind, a cache and branch-prediction profiler
==22179== Copyright (C) 2002-2017, and GNU GPL'd, by Nicholas Nethercote et al.
==22179== Using Valgrind-3.16.1 and LibVEX; rerun with -h for copyright info
==22179== Command: ./disparity .
==22179== 
--22179-- warning: L3 cache found, using its data for the LL simulation.
--22179-- warning: specified LL cache: line_size 64  assoc 11  total_size 25,952,256
--22179-- warning: simulated LL cache: line_size 64  assoc 12  total_size 25,165,824
LIP cache replacement will be used
==22179== brk segment overflow in thread #1: can't grow to 0x4a37000
==22179== (see section Limitations in user manual)
==22179== NOTE: further instances of this message will not be shown
==22179== 
==22179== I   refs:      9,424,576,486
==22179== I1  misses:            1,523
==22179== LLi misses:            1,519
==22179== I1  miss rate:          0.00%
==22179== LLi miss rate:          0.00%
==22179== 
==22179== D   refs:      3,816,070,807  (2,559,180,407 rd   + 1,256,890,400 wr)
==22179== D1  misses:      114,022,415  (   67,556,044 rd   +    46,466,371 wr)
==22179== LLd misses:      108,926,309  (   65,115,679 rd   +    43,810,630 wr)
==22179== D1  miss rate:           3.0% (          2.6%     +           3.7%  )
==22179== LLd miss rate:           2.9% (          2.5%     +           3.5%  )
==22179== 
==22179== LL refs:         114,023,938  (   67,557,567 rd   +    46,466,371 wr)
==22179== LL misses:       108,927,828  (   65,117,198 rd   +    43,810,630 wr)
==22179== LL miss rate:            0.8% (          0.5%     +           3.5%  )
