==11021== Cachegrind, a cache and branch-prediction profiler
==11021== Copyright (C) 2002-2017, and GNU GPL'd, by Nicholas Nethercote et al.
==11021== Using Valgrind-3.16.1 and LibVEX; rerun with -h for copyright info
==11021== Command: ./kmeans-medium ../datasets/finland 13467 2 15
==11021== 
--11021-- warning: L3 cache found, using its data for the LL simulation.
--11021-- warning: specified LL cache: line_size 64  assoc 11  total_size 25,952,256
--11021-- warning: simulated LL cache: line_size 64  assoc 12  total_size 25,165,824
LIP cache replacement will be used
==11021== 
==11021== I   refs:      261,008,316
==11021== I1  misses:      8,817,329
==11021== LLi misses:          1,450
==11021== I1  miss rate:        3.38%
==11021== LLi miss rate:        0.00%
==11021== 
==11021== D   refs:       60,294,252  (50,971,155 rd   + 9,323,097 wr)
==11021== D1  misses:     17,442,509  (15,627,745 rd   + 1,814,764 wr)
==11021== LLd misses:         12,087  (     2,150 rd   +     9,937 wr)
==11021== D1  miss rate:        28.9% (      30.7%     +      19.5%  )
==11021== LLd miss rate:         0.0% (       0.0%     +       0.1%  )
==11021== 
==11021== LL refs:        26,259,838  (24,445,074 rd   + 1,814,764 wr)
==11021== LL misses:          13,537  (     3,600 rd   +     9,937 wr)
==11021== LL miss rate:          0.0% (       0.0%     +       0.1%  )
