==23207== Cachegrind, a cache and branch-prediction profiler
==23207== Copyright (C) 2002-2017, and GNU GPL'd, by Nicholas Nethercote et al.
==23207== Using Valgrind-3.16.1 and LibVEX; rerun with -h for copyright info
==23207== Command: ./pca-large large.data 5000 1059 R
==23207== 
--23207-- warning: L3 cache found, using its data for the LL simulation.
--23207-- warning: specified LL cache: line_size 64  assoc 11  total_size 25,952,256
--23207-- warning: simulated LL cache: line_size 64  assoc 12  total_size 25,165,824
FIFO cache replacement will be used
==23207== brk segment overflow in thread #1: can't grow to 0x4a35000
==23207== (see section Limitations in user manual)
==23207== NOTE: further instances of this message will not be shown
==23207== 
==23207== I   refs:      71,275,146,040
==23207== I1  misses:             1,663
==23207== LLi misses:             1,653
==23207== I1  miss rate:           0.00%
==23207== LLi miss rate:           0.00%
==23207== 
==23207== D   refs:      28,625,035,497  (20,878,881,346 rd   + 7,746,154,151 wr)
==23207== D1  misses:     8,789,358,766  ( 8,781,541,657 rd   +     7,817,109 wr)
==23207== LLd misses:           926,224  (       438,392 rd   +       487,832 wr)
==23207== D1  miss rate:           30.7% (          42.1%     +           0.1%  )
==23207== LLd miss rate:            0.0% (           0.0%     +           0.0%  )
==23207== 
==23207== LL refs:        8,789,360,429  ( 8,781,543,320 rd   +     7,817,109 wr)
==23207== LL misses:            927,877  (       440,045 rd   +       487,832 wr)
==23207== LL miss rate:             0.0% (           0.0%     +           0.0%  )
