==38806== Cachegrind, a cache and branch-prediction profiler
==38806== Copyright (C) 2002-2017, and GNU GPL'd, by Nicholas Nethercote et al.
==38806== Using Valgrind-3.16.1 and LibVEX; rerun with -h for copyright info
==38806== Command: ./stitch .
==38806== 
--38806-- warning: L3 cache found, using its data for the LL simulation.
--38806-- warning: specified LL cache: line_size 64  assoc 11  total_size 25,952,256
--38806-- warning: simulated LL cache: line_size 64  assoc 12  total_size 25,165,824
Random cache replacement will be used
==38806== 
==38806== I   refs:      223,094,272
==38806== I1  misses:        724,384
==38806== LLi misses:          1,678
==38806== I1  miss rate:        0.32%
==38806== LLi miss rate:        0.00%
==38806== 
==38806== D   refs:       60,620,809  (44,316,535 rd   + 16,304,274 wr)
==38806== D1  misses:      4,506,092  ( 2,629,332 rd   +  1,876,760 wr)
==38806== LLd misses:         23,703  (     2,276 rd   +     21,427 wr)
==38806== D1  miss rate:         7.4% (       5.9%     +       11.5%  )
==38806== LLd miss rate:         0.0% (       0.0%     +        0.1%  )
==38806== 
==38806== LL refs:         5,230,476  ( 3,353,716 rd   +  1,876,760 wr)
==38806== LL misses:          25,381  (     3,954 rd   +     21,427 wr)
==38806== LL miss rate:          0.0% (       0.0%     +        0.1%  )
