==39607== Cachegrind, a cache and branch-prediction profiler
==39607== Copyright (C) 2002-2017, and GNU GPL'd, by Nicholas Nethercote et al.
==39607== Using Valgrind-3.16.1 and LibVEX; rerun with -h for copyright info
==39607== Command: ./lda-large est .1 3 settings.txt large/large_data.dat random large/results
==39607== 
--39607-- warning: L3 cache found, using its data for the LL simulation.
--39607-- warning: specified LL cache: line_size 64  assoc 11  total_size 25,952,256
--39607-- warning: simulated LL cache: line_size 64  assoc 12  total_size 25,165,824
BIP cache replacement will be used
BIP Throttle parameter is set to 0.031250
==39607== 
==39607== I   refs:      152,995,775,430
==39607== I1  misses:              2,154
==39607== LLi misses:              2,150
==39607== I1  miss rate:            0.00%
==39607== LLi miss rate:            0.00%
==39607== 
==39607== D   refs:       57,466,953,178  (43,690,794,436 rd   + 13,776,158,742 wr)
==39607== D1  misses:             52,726  (         2,784 rd   +         49,942 wr)
==39607== LLd misses:             52,726  (         2,784 rd   +         49,942 wr)
==39607== D1  miss rate:             0.0% (           0.0%     +            0.0%  )
==39607== LLd miss rate:             0.0% (           0.0%     +            0.0%  )
==39607== 
==39607== LL refs:                54,880  (         4,938 rd   +         49,942 wr)
==39607== LL misses:              54,876  (         4,934 rd   +         49,942 wr)
==39607== LL miss rate:              0.0% (           0.0%     +            0.0%  )
