==54260== Cachegrind, a cache and branch-prediction profiler
==54260== Copyright (C) 2002-2017, and GNU GPL'd, by Nicholas Nethercote et al.
==54260== Using Valgrind-3.16.1 and LibVEX; rerun with -h for copyright info
==54260== Command: ./tracking .
==54260== 
--54260-- warning: L3 cache found, using its data for the LL simulation.
--54260-- warning: specified LL cache: line_size 64  assoc 11  total_size 25,952,256
--54260-- warning: simulated LL cache: line_size 64  assoc 12  total_size 25,165,824
BIP cache replacement will be used
BIP Throttle parameter is set to 0.031250
==54260== brk segment overflow in thread #1: can't grow to 0x5026000
==54260== (see section Limitations in user manual)
==54260== NOTE: further instances of this message will not be shown
==54260== 
==54260== I   refs:      7,862,358,998
==54260== I1  misses:            1,754
==54260== LLi misses:            1,732
==54260== I1  miss rate:          0.00%
==54260== LLi miss rate:          0.00%
==54260== 
==54260== D   refs:      2,585,046,516  (1,824,545,510 rd   + 760,501,006 wr)
==54260== D1  misses:       60,369,777  (   29,911,986 rd   +  30,457,791 wr)
==54260== LLd misses:       16,186,978  (    6,067,408 rd   +  10,119,570 wr)
==54260== D1  miss rate:           2.3% (          1.6%     +         4.0%  )
==54260== LLd miss rate:           0.6% (          0.3%     +         1.3%  )
==54260== 
==54260== LL refs:          60,371,531  (   29,913,740 rd   +  30,457,791 wr)
==54260== LL misses:        16,188,710  (    6,069,140 rd   +  10,119,570 wr)
==54260== LL miss rate:            0.2% (          0.1%     +         1.3%  )
