==35475== Cachegrind, a cache and branch-prediction profiler
==35475== Copyright (C) 2002-2017, and GNU GPL'd, by Nicholas Nethercote et al.
==35475== Using Valgrind-3.16.1 and LibVEX; rerun with -h for copyright info
==35475== Command: ./spc-small ../datasets/R15 600 2 15 0.707 1 2
==35475== 
--35475-- warning: L3 cache found, using its data for the LL simulation.
--35475-- warning: specified LL cache: line_size 64  assoc 11  total_size 25,952,256
--35475-- warning: simulated LL cache: line_size 64  assoc 12  total_size 25,165,824
Random cache replacement will be used
==35475== 
==35475== I   refs:      217,405
==35475== I1  misses:      1,094
==35475== LLi misses:      1,090
==35475== I1  miss rate:    0.50%
==35475== LLi miss rate:    0.50%
==35475== 
==35475== D   refs:       69,324  (54,846 rd   + 14,478 wr)
==35475== D1  misses:      2,785  ( 2,178 rd   +    607 wr)
==35475== LLd misses:      2,784  ( 2,178 rd   +    606 wr)
==35475== D1  miss rate:     4.0% (   4.0%     +    4.2%  )
==35475== LLd miss rate:     4.0% (   4.0%     +    4.2%  )
==35475== 
==35475== LL refs:         3,879  ( 3,272 rd   +    607 wr)
==35475== LL misses:       3,874  ( 3,268 rd   +    606 wr)
==35475== LL miss rate:      1.4% (   1.2%     +    4.2%  )
