==16372== Cachegrind, a cache and branch-prediction profiler
==16372== Copyright (C) 2002-2017, and GNU GPL'd, by Nicholas Nethercote et al.
==16372== Using Valgrind-3.16.1 and LibVEX; rerun with -h for copyright info
==16372== Command: ./lda-large est .1 3 settings.txt large/large_data.dat random large/results
==16372== 
--16372-- warning: L3 cache found, using its data for the LL simulation.
--16372-- warning: specified LL cache: line_size 64  assoc 11  total_size 25,952,256
--16372-- warning: simulated LL cache: line_size 64  assoc 12  total_size 25,165,824
BIP cache replacement will be used
BIP Throttle parameter is set to 0.015625
==16372== 
==16372== I   refs:      243,745,585,396
==16372== I1  misses:              2,174
==16372== LLi misses:              2,170
==16372== I1  miss rate:            0.00%
==16372== LLi miss rate:            0.00%
==16372== 
==16372== D   refs:       91,766,334,690  (69,772,521,346 rd   + 21,993,813,344 wr)
==16372== D1  misses:          1,404,686  (     1,321,891 rd   +         82,795 wr)
==16372== LLd misses:            430,199  (       365,088 rd   +         65,111 wr)
==16372== D1  miss rate:             0.0% (           0.0%     +            0.0%  )
==16372== LLd miss rate:             0.0% (           0.0%     +            0.0%  )
==16372== 
==16372== LL refs:             1,406,860  (     1,324,065 rd   +         82,795 wr)
==16372== LL misses:             432,369  (       367,258 rd   +         65,111 wr)
==16372== LL miss rate:              0.0% (           0.0%     +            0.0%  )
