==60763== Cachegrind, a cache and branch-prediction profiler
==60763== Copyright (C) 2002-2017, and GNU GPL'd, by Nicholas Nethercote et al.
==60763== Using Valgrind-3.16.1 and LibVEX; rerun with -h for copyright info
==60763== Command: ./multi_ncut .
==60763== 
--60763-- warning: L3 cache found, using its data for the LL simulation.
--60763-- warning: specified LL cache: line_size 64  assoc 11  total_size 25,952,256
--60763-- warning: simulated LL cache: line_size 64  assoc 12  total_size 25,165,824
BIP cache replacement will be used
BIP Throttle parameter is set to 0.062500
==60763== 
==60763== I   refs:      50,837,880,269
==60763== I1  misses:             1,708
==60763== LLi misses:             1,583
==60763== I1  miss rate:           0.00%
==60763== LLi miss rate:           0.00%
==60763== 
==60763== D   refs:       8,481,933,969  (8,475,496,696 rd   + 6,437,273 wr)
==60763== D1  misses:       530,076,742  (  529,620,689 rd   +   456,053 wr)
==60763== LLd misses:            50,035  (        2,836 rd   +    47,199 wr)
==60763== D1  miss rate:            6.2% (          6.2%     +       7.1%  )
==60763== LLd miss rate:            0.0% (          0.0%     +       0.7%  )
==60763== 
==60763== LL refs:          530,078,450  (  529,622,397 rd   +   456,053 wr)
==60763== LL misses:             51,618  (        4,419 rd   +    47,199 wr)
==60763== LL miss rate:             0.0% (          0.0%     +       0.7%  )
