==44652== Cachegrind, a cache and branch-prediction profiler
==44652== Copyright (C) 2002-2017, and GNU GPL'd, by Nicholas Nethercote et al.
==44652== Using Valgrind-3.16.1 and LibVEX; rerun with -h for copyright info
==44652== Command: ./me-large
==44652== 
--44652-- warning: L3 cache found, using its data for the LL simulation.
--44652-- warning: specified LL cache: line_size 64  assoc 11  total_size 25,952,256
--44652-- warning: simulated LL cache: line_size 64  assoc 12  total_size 25,165,824
BIP cache replacement will be used
BIP Throttle parameter is set to 0.015625
==44652== brk segment overflow in thread #1: can't grow to 0x4a4b000
==44652== (see section Limitations in user manual)
==44652== NOTE: further instances of this message will not be shown
==44652== 
==44652== I   refs:      7,528,529,086
==44652== I1  misses:            1,499
==44652== LLi misses:            1,494
==44652== I1  miss rate:          0.00%
==44652== LLi miss rate:          0.00%
==44652== 
==44652== D   refs:      1,825,539,723  (1,535,870,323 rd   + 289,669,400 wr)
==44652== D1  misses:        2,448,486  (      907,896 rd   +   1,540,590 wr)
==44652== LLd misses:        1,717,511  (      414,949 rd   +   1,302,562 wr)
==44652== D1  miss rate:           0.1% (          0.1%     +         0.5%  )
==44652== LLd miss rate:           0.1% (          0.0%     +         0.4%  )
==44652== 
==44652== LL refs:           2,449,985  (      909,395 rd   +   1,540,590 wr)
==44652== LL misses:         1,719,005  (      416,443 rd   +   1,302,562 wr)
==44652== LL miss rate:            0.0% (          0.0%     +         0.4%  )
