==29971== Cachegrind, a cache and branch-prediction profiler
==29971== Copyright (C) 2002-2017, and GNU GPL'd, by Nicholas Nethercote et al.
==29971== Using Valgrind-3.16.1 and LibVEX; rerun with -h for copyright info
==29971== Command: ./kmeans-small ../datasets/yeast 1484 8 10
==29971== 
--29971-- warning: L3 cache found, using its data for the LL simulation.
--29971-- warning: specified LL cache: line_size 64  assoc 11  total_size 25,952,256
--29971-- warning: simulated LL cache: line_size 64  assoc 12  total_size 25,165,824
BIP cache replacement will be used
BIP Throttle parameter is set to 0.031250
==29971== 
==29971== I   refs:      56,157,743
==29971== I1  misses:       899,760
==29971== LLi misses:         1,474
==29971== I1  miss rate:       1.60%
==29971== LLi miss rate:       0.00%
==29971== 
==29971== D   refs:      15,831,282  (13,089,293 rd   + 2,741,989 wr)
==29971== D1  misses:        82,051  (    73,829 rd   +     8,222 wr)
==29971== LLd misses:         4,977  (     2,160 rd   +     2,817 wr)
==29971== D1  miss rate:        0.5% (       0.6%     +       0.3%  )
==29971== LLd miss rate:        0.0% (       0.0%     +       0.1%  )
==29971== 
==29971== LL refs:          981,811  (   973,589 rd   +     8,222 wr)
==29971== LL misses:          6,451  (     3,634 rd   +     2,817 wr)
==29971== LL miss rate:         0.0% (       0.0%     +       0.1%  )
