==38937== Cachegrind, a cache and branch-prediction profiler
==38937== Copyright (C) 2002-2017, and GNU GPL'd, by Nicholas Nethercote et al.
==38937== Using Valgrind-3.16.1 and LibVEX; rerun with -h for copyright info
==38937== Command: ./multi_ncut .
==38937== 
--38937-- warning: L3 cache found, using its data for the LL simulation.
--38937-- warning: specified LL cache: line_size 64  assoc 11  total_size 25,952,256
--38937-- warning: simulated LL cache: line_size 64  assoc 12  total_size 25,165,824
LIP cache replacement will be used
==38937== 
==38937== I   refs:      820,995,042,941
==38937== I1  misses:              1,657
==38937== LLi misses:              1,592
==38937== I1  miss rate:            0.00%
==38937== LLi miss rate:            0.00%
==38937== 
==38937== D   refs:      136,867,775,777  (136,842,647,836 rd   + 25,127,941 wr)
==38937== D1  misses:      8,553,529,204  (  8,552,068,687 rd   +  1,460,517 wr)
==38937== LLd misses:            407,922  (        202,807 rd   +    205,115 wr)
==38937== D1  miss rate:             6.2% (            6.2%     +        5.8%  )
==38937== LLd miss rate:             0.0% (            0.0%     +        0.8%  )
==38937== 
==38937== LL refs:         8,553,530,861  (  8,552,070,344 rd   +  1,460,517 wr)
==38937== LL misses:             409,514  (        204,399 rd   +    205,115 wr)
==38937== LL miss rate:              0.0% (            0.0%     +        0.8%  )
