==38060== Cachegrind, a cache and branch-prediction profiler
==38060== Copyright (C) 2002-2017, and GNU GPL'd, by Nicholas Nethercote et al.
==38060== Using Valgrind-3.16.1 and LibVEX; rerun with -h for copyright info
==38060== Command: ./lda-medium est .1 3 settings.txt medium/medium_data.dat random medium/results
==38060== 
--38060-- warning: L3 cache found, using its data for the LL simulation.
--38060-- warning: specified LL cache: line_size 64  assoc 11  total_size 25,952,256
--38060-- warning: simulated LL cache: line_size 64  assoc 12  total_size 25,165,824
FIFO cache replacement will be used
--38060:0: aspacem <<< SHOW_SEGMENTS: out_of_memory (69 segments)
--38060:0: aspacem 7 segment names in 8 slots
--38060:0: aspacem freelist begins at 281
--38060:0: aspacem (0,4,5) /home/tkloda/valgrind/lib/valgrind/cachegrind-amd64-linux
--38060:0: aspacem (1,66,4) /home/tkloda/cortexsuite/cortex/lda/lda-medium
--38060:0: aspacem (2,117,4) /lib/x86_64-linux-gnu/ld-2.27.so
--38060:0: aspacem (3,154,1) /tmp/vgdb-pipe-shared-mem-vgdb-38060-by-tkloda-on-???
--38060:0: aspacem (4,212,5) /home/tkloda/valgrind/lib/valgrind/vgpreload_core-amd64-linux.so
--38060:0: aspacem (5,281,0) [free slot: size=17  next=0]
--38060:0: aspacem (6,302,5) /lib/x86_64-linux-gnu/libm-2.27.so
--38060:0: aspacem (7,341,5) /lib/x86_64-linux-gnu/libc-2.27.so
--38060:0: aspacem   0: RSVN 0000000000-0000107fff 1081344 ----- SmFixed
--38060:0: aspacem   1: file 0000108000-000010cfff   20480 r-xT- d=0x802 i=49556481 o=0       (1,66)
--38060:0: aspacem   2: RSVN 000010d000-000030bfff 2093056 ----- SmFixed
--38060:0: aspacem   3: file 000030c000-000030cfff    4096 r---- d=0x802 i=49556481 o=16384   (1,66)
--38060:0: aspacem   4: file 000030d000-000030dfff    4096 rw--- d=0x802 i=49556481 o=20480   (1,66)
--38060:0: aspacem   5: anon 000030e000-000030efff    4096 rw---
--38060:0: aspacem   6: RSVN 000030f000-0003ffffff     60m ----- SmFixed
--38060:0: aspacem   7: file 0004000000-0004028fff  167936 r-xT- d=0x802 i=12583111 o=0       (2,117)
--38060:0: aspacem   8:      0004029000-000405dfff  217088
--38060:0: aspacem   9: anon 000405e000-0004062fff   20480 rw---
--38060:0: aspacem  10:      0004063000-0004228fff 1859584
--38060:0: aspacem  11: file 0004229000-0004229fff    4096 r---- d=0x802 i=12583111 o=167936  (2,117)
--38060:0: aspacem  12: file 000422a000-000422afff    4096 rw--- d=0x802 i=12583111 o=172032  (2,117)
--38060:0: aspacem  13: anon 000422b000-000422bfff    4096 rw---
--38060:0: aspacem  14: anon 000422c000-00043cafff 1699840 rwx--
--38060:0: aspacem  15: RSVN 00043cb000-0004a2bfff 6688768 ----- SmLower
--38060:0: aspacem  16: file 0004a2c000-0004a2cfff    4096 r-xT- d=0x802 i=28344728 o=0       (4,212)
--38060:0: aspacem  17: file 0004a2d000-0004c2bfff 2093056 ----- d=0x802 i=28344728 o=4096    (4,212)
--38060:0: aspacem  18: file 0004c2c000-0004c2cfff    4096 r---- d=0x802 i=28344728 o=0       (4,212)
--38060:0: aspacem  19: file 0004c2d000-0004c2dfff    4096 rw--- d=0x802 i=28344728 o=4096    (4,212)
--38060:0: aspacem  20: file 0004c2e000-0004dcafff 1691648 r-xT- d=0x802 i=12583362 o=0       (6,302)
--38060:0: aspacem  21: file 0004dcb000-0004fc9fff 2093056 ----- d=0x802 i=12583362 o=1691648 (6,302)
--38060:0: aspacem  22: file 0004fca000-0004fcafff    4096 r---- d=0x802 i=12583362 o=1687552 (6,302)
--38060:0: aspacem  23: file 0004fcb000-0004fcbfff    4096 rw--- d=0x802 i=12583362 o=1691648 (6,302)
--38060:0: aspacem  24: file 0004fcc000-00051b2fff 1994752 r-xT- d=0x802 i=12583345 o=0       (7,341)
--38060:0: aspacem  25: file 00051b3000-00053b2fff 2097152 ----- d=0x802 i=12583345 o=1994752 (7,341)
--38060:0: aspacem  26: file 00053b3000-00053b6fff   16384 r---- d=0x802 i=12583345 o=1994752 (7,341)
--38060:0: aspacem  27: file 00053b7000-00053b8fff    8192 rw--- d=0x802 i=12583345 o=2011136 (7,341)
--38060:0: aspacem  28: anon 00053b9000-00053bcfff   16384 rw---
--38060:0: aspacem  29:      00053bd000-0057ffffff   1324m
--38060:0: aspacem  30: FILE 0058000000-005809afff  634880 r-x-- d=0x802 i=28344876 o=0       (0,4)
--38060:0: aspacem  31: file 005809b000-005809bfff    4096 r-x-- d=0x802 i=28344876 o=634880  (0,4)
--38060:0: aspacem  32: FILE 005809c000-0058258fff 1822720 r-x-- d=0x802 i=28344876 o=638976  (0,4)
--38060:0: aspacem  33:      0058259000-0058458fff 2097152
--38060:0: aspacem  34: FILE 0058459000-005845efff   24576 rw--- d=0x802 i=28344876 o=2461696 (0,4)
--38060:0: aspacem  35: ANON 005845f000-0058e56fff      9m rw---
--38060:0: aspacem  36:      0058e57000-1001ffffff  64145m
--38060:0: aspacem  37: RSVN 1002000000-1002000fff    4096 ----- SmFixed
--38060:0: aspacem  38: ANON 1002001000-1002b8bfff     11m rwx--
--38060:0: aspacem  39: FILE 1002b8c000-1002b8cfff    4096 rw--- d=0x802 i=29515164 o=0       (3,154)
--38060:0: aspacem  40: ANON 1002b8d000-1002bbcfff  196608 rwx--
--38060:0: aspacem  41:      1002bbd000-1002bccfff   65536
--38060:0: aspacem  42: ANON 1002bcd000-1002bdcfff   65536 rwx--
--38060:0: aspacem  43:      1002bdd000-1002c8bfff  716800
--38060:0: aspacem  44: ANON 1002c8c000-1002d8bfff 1048576 rwx--
--38060:0: aspacem  45: ANON 1002d8c000-1002d8dfff    8192 -----
--38060:0: aspacem  46: ANON 1002d8e000-1002e8dfff 1048576 rwx--
--38060:0: aspacem  47: ANON 1002e8e000-1002e8ffff    8192 -----
--38060:0: aspacem  48:      1002e90000-1002f80fff  987136
--38060:0: aspacem  49: ANON 1002f81000-1005044fff     32m rwx--
--38060:0: aspacem  50:      1005045000-1005144fff 1048576
--38060:0: aspacem  51: ANON 1005145000-1005344fff 2097152 rwx--
--38060:0: aspacem  52:      1005345000-1005444fff 1048576
--38060:0: aspacem  53: ANON 1005445000-1005544fff 1048576 rwx--
--38060:0: aspacem  54:      1005545000-1005644fff 1048576
--38060:0: aspacem  55: ANON 1005645000-1005b44fff 5242880 rwx--
--38060:0: aspacem  56:      1005b45000-1005e39fff 3100672
--38060:0: aspacem  57: ANON 1005e3a000-100607bfff 2367488 rwx--
--38060:0: aspacem  58:      100607c000-1ffe800fff  65415m
--38060:0: aspacem  59: RSVN 1ffe801000-1ffeffdfff 8376320 ----- SmUpper
--38060:0: aspacem  60: anon 1ffeffe000-1fff000fff   12288 rw---
--38060:0: aspacem  61:      1fff001000-1fffffffff     15m
--38060:0: aspacem  62: RSVN 2000000000-7ffef1dcafff 130939g ----- SmFixed
--38060:0: aspacem  63: ANON 7ffef1dcb000-7ffef1debfff  135168 rw---
--38060:0: aspacem  64: RSVN 7ffef1dec000-7ffef1deffff   16384 ----- SmFixed
--38060:0: aspacem  65: ANON 7ffef1df0000-7ffef1df2fff   12288 r----
--38060:0: aspacem  66: RSVN 7ffef1df3000-ffffffffff5fffff  16383e ----- SmFixed
--38060:0: aspacem  67: ANON ffffffffff600000-ffffffffff600fff    4096 r-x--
--38060:0: aspacem  68: RSVN ffffffffff601000-ffffffffffffffff      9m ----- SmFixed
--38060:0: aspacem >>>
--38060-- core    :    12,582,912/   12,582,912 max/curr mmap'd, 0/0 unsplit/split sb unmmap'd,      9,546,576/    9,546,576 max/curr,       10146/  10123072 totalloc-blocks/bytes,       10147 searches 8 rzB
--38060-- dinfo   :    24,100,864/   17,170,432 max/curr mmap'd, 2/7 unsplit/split sb unmmap'd,     22,511,152/    8,749,104 max/curr,      230311/  61007136 totalloc-blocks/bytes,      236162 searches 8 rzB
--38060-- (null)  :             0/            0 max/curr mmap'd, 0/0 unsplit/split sb unmmap'd,              0/            0 max/curr,           0/         0 totalloc-blocks/bytes,           0 searches 0 rzB
--38060-- demangle:        65,536/       65,536 max/curr mmap'd, 0/0 unsplit/split sb unmmap'd,            176/          128 max/curr,           7/       272 totalloc-blocks/bytes,           6 searches 8 rzB
--38060-- ttaux   :       196,608/      131,072 max/curr mmap'd, 0/1 unsplit/split sb unmmap'd,        106,944/       75,504 max/curr,         430/    204384 totalloc-blocks/bytes,         430 searches 8 rzB
--38060-- translate: 22,864 guest insns, 3,594 traces, 791 uncond chased, 108 cond chased
--38060-- translate: no SP updates identified
--38060-- translate: PX: SPonly 3,594,  UnwRegs 0,  AllRegs 0,  AllRegsAllInsns 0
--38060--     tt/tc: 7,873 tt lookups requiring 8,008 probes
--38060--     tt/tc: 4,227 fast-cache updates, 2 flushes
--38060--  transtab: new        3,594 (94,300 -> 1,180,108; ratio 12.5) [0 scs] avg tce size 328
--38060--  transtab: dumped     0 (0 -> ??) (sectors recycled 0)
--38060--  transtab: discarded  0 (0 -> ??)
--38060-- scheduler: 103,601,394 event checks.
--38060-- scheduler: 68,526,258 indir transfers, 611 misses (1 in 112154) ..
--38060-- scheduler: .. of which: 68,525,621 hit0, 20 hit1, 6 hit2, 0 hit3, 611 missed
--38060-- scheduler: 1,036/5,742 major/minor sched events.
--38060--    sanity: 1036 cheap, 28 expensive checks.
--38060--    exectx: 769 lists, 1 contexts (avg 0.00 per list) (avg 1.00 IP per context)
--38060--    exectx: 1 searches, 0 full compares (0 per 1000)
--38060--    exectx: 0 cmp2, 0 cmp4, 0 cmpAll
--38060--  errormgr: 0 supplist searches, 0 comparisons during search
--38060--  errormgr: 0 errlist searches, 0 comparisons during search

host stacktrace:
==38060==    at 0x5801074A: show_sched_status_wrk (m_libcassert.c:406)
==38060==    by 0x58018D75: vgPlain_out_of_memory_NORETURN (m_mallocfree.c:795)
==38060==    by 0x58019193: newSuperblock (m_mallocfree.c:868)
==38060==    by 0x58019767: vgPlain_arena_malloc (m_mallocfree.c:1806)
==38060==    by 0x5802997B: vgPlain_addToXA (m_xarray.c:180)
==38060==    by 0x58026AAA: vgPlain_add_to_transtab (m_transtab.c:1892)
==38060==    by 0x5809F9A5: vgPlain_translate (m_translate.c:1860)
==38060==    by 0x58067B96: vgPlain_scheduler (scheduler.c:1138)
==38060==    by 0x580D4340: run_a_thread_NORETURN (syswrap-linux.c:101)

sched status:
  running_tid=1

Thread 1: status = VgTs_Runnable (lwpid 38060)
==38060==    at 0x109009: opt_alpha (in /home/tkloda/cortexsuite/cortex/lda/lda-medium)
==38060==    by 0x10968C: lda_mle (in /home/tkloda/cortexsuite/cortex/lda/lda-medium)
==38060==    by 0x10A5D0: run_em (in /home/tkloda/cortexsuite/cortex/lda/lda-medium)
==38060==    by 0x108CAC: main (in /home/tkloda/cortexsuite/cortex/lda/lda-medium)
client stack range: [0x1FFEFFE000 0x1FFF000FFF] client SP: 0x1FFEFFFF90
valgrind stack range: [0x1002D8E000 0x1002E8DFFF] top usage: 10040 of 1048576

==38060== 
==38060==     Valgrind's memory management: out of memory:
==38060==        newSuperblock's request for 90112 bytes failed.
==38060==           71,954,432 bytes have already been mmap-ed ANONYMOUS.
==38060==     Valgrind cannot continue.  Sorry.
==38060== 
==38060==     There are several possible reasons for this.
==38060==     - You have some kind of memory limit in place.  Look at the
==38060==       output of 'ulimit -a'.  Is there a limit on the size of
==38060==       virtual memory or address space?
==38060==     - You have run out of swap space.
==38060==     - Valgrind has a bug.  If you think this is the case or you are
==38060==     not sure, please let us know and we'll try to fix it.
==38060==     Please note that programs can take substantially more memory than
==38060==     normal when running under Valgrind tools, eg. up to twice or
==38060==     more, depending on the tool.  On a 64-bit machine, Valgrind
==38060==     should be able to make use of up 32GB memory.  On a 32-bit
==38060==     machine, Valgrind should be able to use all the memory available
==38060==     to a single process, up to 4GB if that's how you have your
==38060==     kernel configured.  Most 32-bit Linux setups allow a maximum of
==38060==     3GB per process.
==38060== 
==38060==     Whatever the reason, Valgrind cannot continue.  Sorry.
