==38334== Cachegrind, a cache and branch-prediction profiler
==38334== Copyright (C) 2002-2017, and GNU GPL'd, by Nicholas Nethercote et al.
==38334== Using Valgrind-3.16.1 and LibVEX; rerun with -h for copyright info
==38334== Command: ./texture_synthesis .
==38334== 
--38334-- warning: L3 cache found, using its data for the LL simulation.
--38334-- warning: specified LL cache: line_size 64  assoc 11  total_size 25,952,256
--38334-- warning: simulated LL cache: line_size 64  assoc 12  total_size 25,165,824
LRU cache replacement will be used
==38334== 
==38334== I   refs:      108,075,087,492
==38334== I1  misses:        159,542,557
==38334== LLi misses:              1,586
==38334== I1  miss rate:            0.15%
==38334== LLi miss rate:            0.00%
==38334== 
==38334== D   refs:       28,920,419,482  (26,973,975,417 rd   + 1,946,444,065 wr)
==38334== D1  misses:      1,548,507,374  ( 1,527,373,880 rd   +    21,133,494 wr)
==38334== LLd misses:            291,497  (         2,331 rd   +       289,166 wr)
==38334== D1  miss rate:             5.4% (           5.7%     +           1.1%  )
==38334== LLd miss rate:             0.0% (           0.0%     +           0.0%  )
==38334== 
==38334== LL refs:         1,708,049,931  ( 1,686,916,437 rd   +    21,133,494 wr)
==38334== LL misses:             293,083  (         3,917 rd   +       289,166 wr)
==38334== LL miss rate:              0.0% (           0.0%     +           0.0%  )
