==45285== Cachegrind, a cache and branch-prediction profiler
==45285== Copyright (C) 2002-2017, and GNU GPL'd, by Nicholas Nethercote et al.
==45285== Using Valgrind-3.16.1 and LibVEX; rerun with -h for copyright info
==45285== Command: ./me-medium
==45285== 
--45285-- warning: L3 cache found, using its data for the LL simulation.
--45285-- warning: specified LL cache: line_size 64  assoc 11  total_size 25,952,256
--45285-- warning: simulated LL cache: line_size 64  assoc 12  total_size 25,165,824
FIFO cache replacement will be used
==45285== brk segment overflow in thread #1: can't grow to 0x4a36000
==45285== (see section Limitations in user manual)
==45285== NOTE: further instances of this message will not be shown
==45285== 
==45285== I   refs:      582,717,332
==45285== I1  misses:      1,760,436
==45285== LLi misses:          1,459
==45285== I1  miss rate:        0.30%
==45285== LLi miss rate:        0.00%
==45285== 
==45285== D   refs:      104,638,587  (94,724,832 rd   + 9,913,755 wr)
==45285== D1  misses:     22,970,105  (22,337,799 rd   +   632,306 wr)
==45285== LLd misses:        156,025  (     2,620 rd   +   153,405 wr)
==45285== D1  miss rate:        22.0% (      23.6%     +       6.4%  )
==45285== LLd miss rate:         0.1% (       0.0%     +       1.5%  )
==45285== 
==45285== LL refs:        24,730,541  (24,098,235 rd   +   632,306 wr)
==45285== LL misses:         157,484  (     4,079 rd   +   153,405 wr)
==45285== LL miss rate:          0.0% (       0.0%     +       1.5%  )
