==53938== Cachegrind, a cache and branch-prediction profiler
==53938== Copyright (C) 2002-2017, and GNU GPL'd, by Nicholas Nethercote et al.
==53938== Using Valgrind-3.16.1 and LibVEX; rerun with -h for copyright info
==53938== Command: ./pca-medium medium.data 722 800 R
==53938== 
--53938-- warning: L3 cache found, using its data for the LL simulation.
--53938-- warning: specified LL cache: line_size 64  assoc 11  total_size 25,952,256
--53938-- warning: simulated LL cache: line_size 64  assoc 12  total_size 25,165,824
BIP cache replacement will be used
BIP Throttle parameter is set to 0.031250
==53938== 
==53938== I   refs:      14,218,322,069
==53938== I1  misses:             1,678
==53938== LLi misses:             1,639
==53938== I1  miss rate:           0.00%
==53938== LLi miss rate:           0.00%
==53938== 
==53938== D   refs:       5,351,602,366  (4,031,779,695 rd   + 1,319,822,671 wr)
==53938== D1  misses:       498,990,921  (  498,094,260 rd   +       896,661 wr)
==53938== LLd misses:           183,174  (       53,789 rd   +       129,385 wr)
==53938== D1  miss rate:            9.3% (         12.4%     +           0.1%  )
==53938== LLd miss rate:            0.0% (          0.0%     +           0.0%  )
==53938== 
==53938== LL refs:          498,992,599  (  498,095,938 rd   +       896,661 wr)
==53938== LL misses:            184,813  (       55,428 rd   +       129,385 wr)
==53938== LL miss rate:             0.0% (          0.0%     +           0.0%  )
