==48761== Cachegrind, a cache and branch-prediction profiler
==48761== Copyright (C) 2002-2017, and GNU GPL'd, by Nicholas Nethercote et al.
==48761== Using Valgrind-3.16.1 and LibVEX; rerun with -h for copyright info
==48761== Command: ./pca-large large.data 5000 1059 R
==48761== 
--48761-- warning: L3 cache found, using its data for the LL simulation.
--48761-- warning: specified LL cache: line_size 64  assoc 11  total_size 25,952,256
--48761-- warning: simulated LL cache: line_size 64  assoc 12  total_size 25,165,824
Random cache replacement will be used
==48761== brk segment overflow in thread #1: can't grow to 0x4a35000
==48761== (see section Limitations in user manual)
==48761== NOTE: further instances of this message will not be shown
==48761== 
==48761== I   refs:      71,275,145,879
==48761== I1  misses:             1,742
==48761== LLi misses:             1,677
==48761== I1  miss rate:           0.00%
==48761== LLi miss rate:           0.00%
==48761== 
==48761== D   refs:      28,625,035,472  (20,878,881,322 rd   + 7,746,154,150 wr)
==48761== D1  misses:     6,337,500,660  ( 6,333,131,047 rd   +     4,369,613 wr)
==48761== LLd misses:         1,344,382  (       825,663 rd   +       518,719 wr)
==48761== D1  miss rate:           22.1% (          30.3%     +           0.1%  )
==48761== LLd miss rate:            0.0% (           0.0%     +           0.0%  )
==48761== 
==48761== LL refs:        6,337,502,402  ( 6,333,132,789 rd   +     4,369,613 wr)
==48761== LL misses:          1,346,059  (       827,340 rd   +       518,719 wr)
==48761== LL miss rate:             0.0% (           0.0%     +           0.0%  )
