==21025== Cachegrind, a cache and branch-prediction profiler
==21025== Copyright (C) 2002-2017, and GNU GPL'd, by Nicholas Nethercote et al.
==21025== Using Valgrind-3.16.1 and LibVEX; rerun with -h for copyright info
==21025== Command: ./disparity .
==21025== 
--21025-- warning: L3 cache found, using its data for the LL simulation.
--21025-- warning: specified LL cache: line_size 64  assoc 11  total_size 25,952,256
--21025-- warning: simulated LL cache: line_size 64  assoc 12  total_size 25,165,824
FIFO cache replacement will be used
==21025== 
==21025== I   refs:      463,775,462
==21025== I1  misses:          1,496
==21025== LLi misses:          1,492
==21025== I1  miss rate:        0.00%
==21025== LLi miss rate:        0.00%
==21025== 
==21025== D   refs:      187,796,937  (126,192,375 rd   + 61,604,562 wr)
==21025== D1  misses:         74,246  (      2,314 rd   +     71,932 wr)
==21025== LLd misses:         74,246  (      2,314 rd   +     71,932 wr)
==21025== D1  miss rate:         0.0% (        0.0%     +        0.1%  )
==21025== LLd miss rate:         0.0% (        0.0%     +        0.1%  )
==21025== 
==21025== LL refs:            75,742  (      3,810 rd   +     71,932 wr)
==21025== LL misses:          75,738  (      3,806 rd   +     71,932 wr)
==21025== LL miss rate:          0.0% (        0.0%     +        0.1%  )
