==32991== Cachegrind, a cache and branch-prediction profiler
==32991== Copyright (C) 2002-2017, and GNU GPL'd, by Nicholas Nethercote et al.
==32991== Using Valgrind-3.16.1 and LibVEX; rerun with -h for copyright info
==32991== Command: ./spc-small ../datasets/R15 600 2 15 0.707 1 2
==32991== 
--32991-- warning: L3 cache found, using its data for the LL simulation.
--32991-- warning: specified LL cache: line_size 64  assoc 11  total_size 25,952,256
--32991-- warning: simulated LL cache: line_size 64  assoc 12  total_size 25,165,824
Random cache replacement will be used
==32991== 
==32991== I   refs:      217,405
==32991== I1  misses:      1,806
==32991== LLi misses:      1,090
==32991== I1  miss rate:    0.83%
==32991== LLi miss rate:    0.50%
==32991== 
==32991== D   refs:       69,324  (54,846 rd   + 14,478 wr)
==32991== D1  misses:      5,317  ( 4,397 rd   +    920 wr)
==32991== LLd misses:      2,784  ( 2,178 rd   +    606 wr)
==32991== D1  miss rate:     7.7% (   8.0%     +    6.4%  )
==32991== LLd miss rate:     4.0% (   4.0%     +    4.2%  )
==32991== 
==32991== LL refs:         7,123  ( 6,203 rd   +    920 wr)
==32991== LL misses:       3,874  ( 3,268 rd   +    606 wr)
==32991== LL miss rate:      1.4% (   1.2%     +    4.2%  )
