==59244== Cachegrind, a cache and branch-prediction profiler
==59244== Copyright (C) 2002-2017, and GNU GPL'd, by Nicholas Nethercote et al.
==59244== Using Valgrind-3.16.1 and LibVEX; rerun with -h for copyright info
==59244== Command: ./a.out med.txt
==59244== 
--59244-- warning: L3 cache found, using its data for the LL simulation.
--59244-- warning: specified LL cache: line_size 64  assoc 11  total_size 25,952,256
--59244-- warning: simulated LL cache: line_size 64  assoc 12  total_size 25,165,824
BIP cache replacement will be used
BIP Throttle parameter is set to 0.031250
--59244:0: aspacem <<< SHOW_SEGMENTS: out_of_memory (30 segments)
--59244:0: aspacem 3 segment names in 3 slots
--59244:0: aspacem freelist is empty
--59244:0: aspacem (0,4,3) /home/tkloda/valgrind/lib/valgrind/cachegrind-amd64-linux
--59244:0: aspacem (1,66,3) /home/tkloda/cortexsuite/cortex/svd3/a.out
--59244:0: aspacem (2,113,3) /lib/x86_64-linux-gnu/ld-2.27.so
--59244:0: aspacem   0: RSVN 0000000000-0000107fff 1081344 ----- SmFixed
--59244:0: aspacem   1: file 0000108000-0000112fff   45056 r-x-- d=0x802 i=49556510 o=0       (1,66)
--59244:0: aspacem   2: RSVN 0000113000-0000311fff 2093056 ----- SmFixed
--59244:0: aspacem   3: file 0000312000-0000313fff    8192 rw--- d=0x802 i=49556510 o=40960   (1,66)
--59244:0: aspacem   4: RSVN 0000314000-0003ffffff     60m ----- SmFixed
--59244:0: aspacem   5: file 0004000000-0004028fff  167936 r-x-- d=0x802 i=12583111 o=0       (2,113)
--59244:0: aspacem   6:      0004029000-0004228fff 2097152
--59244:0: aspacem   7: file 0004229000-000422afff    8192 rw--- d=0x802 i=12583111 o=167936  (2,113)
--59244:0: aspacem   8: anon 000422b000-000422bfff    4096 rw---
--59244:0: aspacem   9: anon 000422c000-000422cfff    4096 rwx--
--59244:0: aspacem  10: RSVN 000422d000-0004a2bfff 8384512 ----- SmLower
--59244:0: aspacem  11:      0004a2c000-0057ffffff   1333m
--59244:0: aspacem  12: FILE 0058000000-0058258fff 2461696 r-x-- d=0x802 i=28344876 o=0       (0,4)
--59244:0: aspacem  13:      0058259000-0058458fff 2097152
--59244:0: aspacem  14: FILE 0058459000-005845efff   24576 rw--- d=0x802 i=28344876 o=2461696 (0,4)
--59244:0: aspacem  15: ANON 005845f000-0058e56fff      9m rw---
--59244:0: aspacem  16:      0058e57000-1001ffffff  64145m
--59244:0: aspacem  17: RSVN 1002000000-1002000fff    4096 ----- SmFixed
--59244:0: aspacem  18: ANON 1002001000-100278bfff 7909376 rwx--
--59244:0: aspacem  19:      100278c000-1ffe800fff  65472m
--59244:0: aspacem  20: RSVN 1ffe801000-1ffeffefff 8380416 ----- SmUpper
--59244:0: aspacem  21: anon 1ffefff000-1fff000fff    8192 rw---
--59244:0: aspacem  22:      1fff001000-1fffffffff     15m
--59244:0: aspacem  23: RSVN 2000000000-7fff535f3fff 130941g ----- SmFixed
--59244:0: aspacem  24: ANON 7fff535f4000-7fff53614fff  135168 rw---
--59244:0: aspacem  25: RSVN 7fff53615000-7fff53779fff 1462272 ----- SmFixed
--59244:0: aspacem  26: ANON 7fff5377a000-7fff5377cfff   12288 r----
--59244:0: aspacem  27: RSVN 7fff5377d000-ffffffffff5fffff  16383e ----- SmFixed
--59244:0: aspacem  28: ANON ffffffffff600000-ffffffffff600fff    4096 r-x--
--59244:0: aspacem  29: RSVN ffffffffff601000-ffffffffffffffff      9m ----- SmFixed
--59244:0: aspacem >>>
--59244-- core    :     4,194,304/    4,194,304 max/curr mmap'd, 0/0 unsplit/split sb unmmap'd,      3,223,552/    3,211,328 max/curr,          62/   3312384 totalloc-blocks/bytes,          61 searches 8 rzB
--59244-- dinfo   :     3,145,728/    3,145,728 max/curr mmap'd, 0/0 unsplit/split sb unmmap'd,      2,714,496/    2,685,584 max/curr,       19397/   7111200 totalloc-blocks/bytes,       19562 searches 8 rzB
--59244-- (null)  :             0/            0 max/curr mmap'd, 0/0 unsplit/split sb unmmap'd,              0/            0 max/curr,           0/         0 totalloc-blocks/bytes,           0 searches 0 rzB
--59244-- demangle:        65,536/       65,536 max/curr mmap'd, 0/0 unsplit/split sb unmmap'd,            144/          112 max/curr,           6/       208 totalloc-blocks/bytes,           5 searches 8 rzB
--59244-- ttaux   :             0/            0 max/curr mmap'd, 0/0 unsplit/split sb unmmap'd,              0/            0 max/curr,           0/         0 totalloc-blocks/bytes,           0 searches 8 rzB
--59244-- translate: 0 guest insns, 0 traces, 0 uncond chased, 0 cond chased
--59244-- translate: no SP updates identified
--59244-- translate: PX: SPonly 0,  UnwRegs 0,  AllRegs 0,  AllRegsAllInsns 0
--59244--     tt/tc: 0 tt lookups requiring 0 probes
--59244--     tt/tc: 0 fast-cache updates, 1 flushes
--59244--  transtab: new        0 (0 -> 0; ratio 0.0) [0 scs] avg tce size 0
--59244--  transtab: dumped     0 (0 -> ??) (sectors recycled 0)
--59244--  transtab: discarded  0 (0 -> ??)
--59244-- scheduler: 0 event checks.
--59244-- scheduler: 0 indir transfers, 0 misses (1 in 0) ..
--59244-- scheduler: .. of which: 0 hit0, 0 hit1, 0 hit2, 0 hit3, 0 missed
--59244-- scheduler: 0/0 major/minor sched events.
--59244--    sanity: 0 cheap, 0 expensive checks.
==59244== 
==59244==     Valgrind's memory management: out of memory:
==59244==        newSuperblock's request for 4194304 bytes failed.
==59244==           18,530,304 bytes have already been mmap-ed ANONYMOUS.
==59244==     Valgrind cannot continue.  Sorry.
==59244== 
==59244==     There are several possible reasons for this.
==59244==     - You have some kind of memory limit in place.  Look at the
==59244==       output of 'ulimit -a'.  Is there a limit on the size of
==59244==       virtual memory or address space?
==59244==     - You have run out of swap space.
==59244==     - Valgrind has a bug.  If you think this is the case or you are
==59244==     not sure, please let us know and we'll try to fix it.
==59244==     Please note that programs can take substantially more memory than
==59244==     normal when running under Valgrind tools, eg. up to twice or
==59244==     more, depending on the tool.  On a 64-bit machine, Valgrind
==59244==     should be able to make use of up 32GB memory.  On a 32-bit
==59244==     machine, Valgrind should be able to use all the memory available
==59244==     to a single process, up to 4GB if that's how you have your
==59244==     kernel configured.  Most 32-bit Linux setups allow a maximum of
==59244==     3GB per process.
==59244== 
==59244==     Whatever the reason, Valgrind cannot continue.  Sorry.
