==37830== Cachegrind, a cache and branch-prediction profiler
==37830== Copyright (C) 2002-2017, and GNU GPL'd, by Nicholas Nethercote et al.
==37830== Using Valgrind-3.16.1 and LibVEX; rerun with -h for copyright info
==37830== Command: ./texture_synthesis .
==37830== 
--37830-- warning: L3 cache found, using its data for the LL simulation.
--37830-- warning: specified LL cache: line_size 64  assoc 11  total_size 25,952,256
--37830-- warning: simulated LL cache: line_size 64  assoc 12  total_size 25,165,824
LRU cache replacement will be used
==37830== 
==37830== I   refs:      208,057,476
==37830== I1  misses:      4,118,179
==37830== LLi misses:          1,589
==37830== I1  miss rate:        1.98%
==37830== LLi miss rate:        0.00%
==37830== 
==37830== D   refs:       76,991,619  (52,726,652 rd   + 24,264,967 wr)
==37830== D1  misses:        273,095  (   164,357 rd   +    108,738 wr)
==37830== LLd misses:         31,239  (     2,312 rd   +     28,927 wr)
==37830== D1  miss rate:         0.4% (       0.3%     +        0.4%  )
==37830== LLd miss rate:         0.0% (       0.0%     +        0.1%  )
==37830== 
==37830== LL refs:         4,391,274  ( 4,282,536 rd   +    108,738 wr)
==37830== LL misses:          32,828  (     3,901 rd   +     28,927 wr)
==37830== LL miss rate:          0.0% (       0.0%     +        0.1%  )
