==24368== Cachegrind, a cache and branch-prediction profiler
==24368== Copyright (C) 2002-2017, and GNU GPL'd, by Nicholas Nethercote et al.
==24368== Using Valgrind-3.16.1 and LibVEX; rerun with -h for copyright info
==24368== Command: ./a.out small.txt
==24368== 
--24368-- warning: L3 cache found, using its data for the LL simulation.
--24368-- warning: specified LL cache: line_size 64  assoc 11  total_size 25,952,256
--24368-- warning: simulated LL cache: line_size 64  assoc 12  total_size 25,165,824
BIP cache replacement will be used
BIP Throttle parameter is set to 0.015625
==24368== 
==24368== I   refs:      219,666,574
==24368== I1  misses:          1,765
==24368== LLi misses:          1,758
==24368== I1  miss rate:        0.00%
==24368== LLi miss rate:        0.00%
==24368== 
==24368== D   refs:      128,686,216  (113,044,779 rd   + 15,641,437 wr)
==24368== D1  misses:          5,476  (      2,351 rd   +      3,125 wr)
==24368== LLd misses:          5,409  (      2,295 rd   +      3,114 wr)
==24368== D1  miss rate:         0.0% (        0.0%     +        0.0%  )
==24368== LLd miss rate:         0.0% (        0.0%     +        0.0%  )
==24368== 
==24368== LL refs:             7,241  (      4,116 rd   +      3,125 wr)
==24368== LL misses:           7,167  (      4,053 rd   +      3,114 wr)
==24368== LL miss rate:          0.0% (        0.0%     +        0.0%  )
