==39890== Cachegrind, a cache and branch-prediction profiler
==39890== Copyright (C) 2002-2017, and GNU GPL'd, by Nicholas Nethercote et al.
==39890== Using Valgrind-3.16.1 and LibVEX; rerun with -h for copyright info
==39890== Command: ./sift .
==39890== 
--39890-- warning: L3 cache found, using its data for the LL simulation.
--39890-- warning: specified LL cache: line_size 64  assoc 11  total_size 25,952,256
--39890-- warning: simulated LL cache: line_size 64  assoc 12  total_size 25,165,824
FIFO cache replacement will be used
==39890== 
==39890== I   refs:      288,805,086
==39890== I1  misses:          1,780
==39890== LLi misses:          1,776
==39890== I1  miss rate:        0.00%
==39890== LLi miss rate:        0.00%
==39890== 
==39890== D   refs:       87,842,393  (61,419,273 rd   + 26,423,120 wr)
==39890== D1  misses:        510,971  (   311,049 rd   +    199,922 wr)
==39890== LLd misses:        157,931  (     2,321 rd   +    155,610 wr)
==39890== D1  miss rate:         0.6% (       0.5%     +        0.8%  )
==39890== LLd miss rate:         0.2% (       0.0%     +        0.6%  )
==39890== 
==39890== LL refs:           512,751  (   312,829 rd   +    199,922 wr)
==39890== LL misses:         159,707  (     4,097 rd   +    155,610 wr)
==39890== LL miss rate:          0.0% (       0.0%     +        0.6%  )
