==34299== Cachegrind, a cache and branch-prediction profiler
==34299== Copyright (C) 2002-2017, and GNU GPL'd, by Nicholas Nethercote et al.
==34299== Using Valgrind-3.16.1 and LibVEX; rerun with -h for copyright info
==34299== Command: ./spc-medium ../datasets/Aggregation 788 2 7 0.707 1
==34299== 
--34299-- warning: L3 cache found, using its data for the LL simulation.
--34299-- warning: specified LL cache: line_size 64  assoc 11  total_size 25,952,256
--34299-- warning: simulated LL cache: line_size 64  assoc 12  total_size 25,165,824
Random cache replacement will be used
==34299== 
==34299== I   refs:      11,307,967,301
==34299== I1  misses:             1,726
==34299== LLi misses:             1,721
==34299== I1  miss rate:           0.00%
==34299== LLi miss rate:           0.00%
==34299== 
==34299== D   refs:       4,030,824,656  (2,697,589,546 rd   + 1,333,235,110 wr)
==34299== D1  misses:           122,890  (       40,288 rd   +        82,602 wr)
==34299== LLd misses:            85,564  (        5,258 rd   +        80,306 wr)
==34299== D1  miss rate:            0.0% (          0.0%     +           0.0%  )
==34299== LLd miss rate:            0.0% (          0.0%     +           0.0%  )
==34299== 
==34299== LL refs:              124,616  (       42,014 rd   +        82,602 wr)
==34299== LL misses:             87,285  (        6,979 rd   +        80,306 wr)
==34299== LL miss rate:             0.0% (          0.0%     +           0.0%  )
