==11940== Cachegrind, a cache and branch-prediction profiler
==11940== Copyright (C) 2002-2017, and GNU GPL'd, by Nicholas Nethercote et al.
==11940== Using Valgrind-3.16.1 and LibVEX; rerun with -h for copyright info
==11940== Command: ./me-medium
==11940== 
--11940-- warning: L3 cache found, using its data for the LL simulation.
--11940-- warning: specified LL cache: line_size 64  assoc 11  total_size 25,952,256
--11940-- warning: simulated LL cache: line_size 64  assoc 12  total_size 25,165,824
FIFO cache replacement will be used
==11940== brk segment overflow in thread #1: can't grow to 0x4a36000
==11940== (see section Limitations in user manual)
==11940== NOTE: further instances of this message will not be shown
==11940== 
==11940== I   refs:      582,717,154
==11940== I1  misses:          2,734
==11940== LLi misses:          1,459
==11940== I1  miss rate:        0.00%
==11940== LLi miss rate:        0.00%
==11940== 
==11940== D   refs:      104,638,539  (94,724,782 rd   + 9,913,757 wr)
==11940== D1  misses:        919,709  (   431,336 rd   +   488,373 wr)
==11940== LLd misses:        156,026  (     2,621 rd   +   153,405 wr)
==11940== D1  miss rate:         0.9% (       0.5%     +       4.9%  )
==11940== LLd miss rate:         0.1% (       0.0%     +       1.5%  )
==11940== 
==11940== LL refs:           922,443  (   434,070 rd   +   488,373 wr)
==11940== LL misses:         157,485  (     4,080 rd   +   153,405 wr)
==11940== LL miss rate:          0.0% (       0.0%     +       1.5%  )
