==29982== Cachegrind, a cache and branch-prediction profiler
==29982== Copyright (C) 2002-2017, and GNU GPL'd, by Nicholas Nethercote et al.
==29982== Using Valgrind-3.16.1 and LibVEX; rerun with -h for copyright info
==29982== Command: ./multi_ncut .
==29982== 
--29982-- warning: L3 cache found, using its data for the LL simulation.
--29982-- warning: specified LL cache: line_size 64  assoc 11  total_size 25,952,256
--29982-- warning: simulated LL cache: line_size 64  assoc 12  total_size 25,165,824
LRU cache replacement will be used
==29982== 
==29982== Process terminating with default action of signal 15 (SIGTERM)
==29982==    at 0x10AAB0: fSortIndices (in /home/tkloda/cortexsuite/vision/benchmarks/multi_ncut/data/fullhd/multi_ncut)
==29982==    by 0x10CE27: segment_graph (in /home/tkloda/cortexsuite/vision/benchmarks/multi_ncut/data/fullhd/multi_ncut)
==29982==    by 0x10CAC9: segment_image (in /home/tkloda/cortexsuite/vision/benchmarks/multi_ncut/data/fullhd/multi_ncut)
==29982==    by 0x108B0A: main (in /home/tkloda/cortexsuite/vision/benchmarks/multi_ncut/data/fullhd/multi_ncut)
==29982== 
==29982== I   refs:      2,166,541,556
==29982== I1  misses:            1,293
==29982== LLi misses:            1,289
==29982== I1  miss rate:          0.00%
==29982== LLi miss rate:          0.00%
==29982== 
==29982== D   refs:        646,580,610  (464,127,398 rd   + 182,453,212 wr)
==29982== D1  misses:       12,166,571  (  8,281,756 rd   +   3,884,815 wr)
==29982== LLd misses:       11,498,372  (  8,001,808 rd   +   3,496,564 wr)
==29982== D1  miss rate:           1.9% (        1.8%     +         2.1%  )
==29982== LLd miss rate:           1.8% (        1.7%     +         1.9%  )
==29982== 
==29982== LL refs:          12,167,864  (  8,283,049 rd   +   3,884,815 wr)
==29982== LL misses:        11,499,661  (  8,003,097 rd   +   3,496,564 wr)
==29982== LL miss rate:            0.4% (        0.3%     +         1.9%  )
