==34342== Cachegrind, a cache and branch-prediction profiler
==34342== Copyright (C) 2002-2017, and GNU GPL'd, by Nicholas Nethercote et al.
==34342== Using Valgrind-3.16.1 and LibVEX; rerun with -h for copyright info
==34342== Command: ./texture_synthesis .
==34342== 
--34342-- warning: L3 cache found, using its data for the LL simulation.
--34342-- warning: specified LL cache: line_size 64  assoc 11  total_size 25,952,256
--34342-- warning: simulated LL cache: line_size 64  assoc 12  total_size 25,165,824
BIP cache replacement will be used
BIP Throttle parameter is set to 0.031250
==34342== 
==34342== Process terminating with default action of signal 15 (SIGTERM)
==34342==    at 0x10D098: compare_neighb (in /home/tkloda/cortexsuite/vision/benchmarks/texture_synthesis/data/fullhd/texture_synthesis)
==34342==    by 0x10D45F: create_texture (in /home/tkloda/cortexsuite/vision/benchmarks/texture_synthesis/data/fullhd/texture_synthesis)
==34342==    by 0x108AF4: main (in /home/tkloda/cortexsuite/vision/benchmarks/texture_synthesis/data/fullhd/texture_synthesis)
==34342== 
==34342== I   refs:      1,345,445,247
==34342== I1  misses:            1,309
==34342== LLi misses:            1,295
==34342== I1  miss rate:          0.00%
==34342== LLi miss rate:          0.00%
==34342== 
==34342== D   refs:        372,638,634  (332,686,529 rd   + 39,952,105 wr)
==34342== D1  misses:          495,889  (    184,108 rd   +    311,781 wr)
==34342== LLd misses:          346,151  (     58,457 rd   +    287,694 wr)
==34342== D1  miss rate:           0.1% (        0.1%     +        0.8%  )
==34342== LLd miss rate:           0.1% (        0.0%     +        0.7%  )
==34342== 
==34342== LL refs:             497,198  (    185,417 rd   +    311,781 wr)
==34342== LL misses:           347,446  (     59,752 rd   +    287,694 wr)
==34342== LL miss rate:            0.0% (        0.0%     +        0.7%  )
