==24011== Cachegrind, a cache and branch-prediction profiler
==24011== Copyright (C) 2002-2017, and GNU GPL'd, by Nicholas Nethercote et al.
==24011== Using Valgrind-3.16.1 and LibVEX; rerun with -h for copyright info
==24011== Command: ./a.out small.txt
==24011== 
--24011-- warning: L3 cache found, using its data for the LL simulation.
--24011-- warning: specified LL cache: line_size 64  assoc 11  total_size 25,952,256
--24011-- warning: simulated LL cache: line_size 64  assoc 12  total_size 25,165,824
BIP cache replacement will be used
BIP Throttle parameter is set to 0.062500
==24011== 
==24011== I   refs:      219,666,586
==24011== I1  misses:          1,824
==24011== LLi misses:          1,760
==24011== I1  miss rate:        0.00%
==24011== LLi miss rate:        0.00%
==24011== 
==24011== D   refs:      128,686,218  (113,044,780 rd   + 15,641,438 wr)
==24011== D1  misses:        103,535  (     88,177 rd   +     15,358 wr)
==24011== LLd misses:          5,420  (      2,305 rd   +      3,115 wr)
==24011== D1  miss rate:         0.1% (        0.1%     +        0.1%  )
==24011== LLd miss rate:         0.0% (        0.0%     +        0.0%  )
==24011== 
==24011== LL refs:           105,359  (     90,001 rd   +     15,358 wr)
==24011== LL misses:           7,180  (      4,065 rd   +      3,115 wr)
==24011== LL miss rate:          0.0% (        0.0%     +        0.0%  )
