==51907== Cachegrind, a cache and branch-prediction profiler
==51907== Copyright (C) 2002-2017, and GNU GPL'd, by Nicholas Nethercote et al.
==51907== Using Valgrind-3.16.1 and LibVEX; rerun with -h for copyright info
==51907== Command: ./rbm-large
==51907== 
--51907-- warning: L3 cache found, using its data for the LL simulation.
--51907-- warning: specified LL cache: line_size 64  assoc 11  total_size 25,952,256
--51907-- warning: simulated LL cache: line_size 64  assoc 12  total_size 25,165,824
BIP cache replacement will be used
BIP Throttle parameter is set to 0.015625
==51907== 
==51907== I   refs:      119,676,070,063
==51907== I1  misses:              1,472
==51907== LLi misses:              1,467
==51907== I1  miss rate:            0.00%
==51907== LLi miss rate:            0.00%
==51907== 
==51907== D   refs:       35,862,087,164  (27,106,383,010 rd   + 8,755,704,154 wr)
==51907== D1  misses:        695,222,756  (   456,392,153 rd   +   238,830,603 wr)
==51907== LLd misses:            178,629  (       103,264 rd   +        75,365 wr)
==51907== D1  miss rate:             1.9% (           1.7%     +           2.7%  )
==51907== LLd miss rate:             0.0% (           0.0%     +           0.0%  )
==51907== 
==51907== LL refs:           695,224,228  (   456,393,625 rd   +   238,830,603 wr)
==51907== LL misses:             180,096  (       104,731 rd   +        75,365 wr)
==51907== LL miss rate:              0.0% (           0.0%     +           0.0%  )
