==24311== Cachegrind, a cache and branch-prediction profiler
==24311== Copyright (C) 2002-2017, and GNU GPL'd, by Nicholas Nethercote et al.
==24311== Using Valgrind-3.16.1 and LibVEX; rerun with -h for copyright info
==24311== Command: ./stitch .
==24311== 
--24311-- warning: L3 cache found, using its data for the LL simulation.
--24311-- warning: specified LL cache: line_size 64  assoc 11  total_size 25,952,256
--24311-- warning: simulated LL cache: line_size 64  assoc 12  total_size 25,165,824
Random cache replacement will be used
==24311== 
==24311== I   refs:      984,189,907
==24311== I1  misses:          1,901
==24311== LLi misses:          1,697
==24311== I1  miss rate:        0.00%
==24311== LLi miss rate:        0.00%
==24311== 
==24311== D   refs:      267,452,303  (187,194,798 rd   + 80,257,505 wr)
==24311== D1  misses:      3,881,164  (  2,161,445 rd   +  1,719,719 wr)
==24311== LLd misses:         66,163  (      3,268 rd   +     62,895 wr)
==24311== D1  miss rate:         1.5% (        1.2%     +        2.1%  )
==24311== LLd miss rate:         0.0% (        0.0%     +        0.1%  )
==24311== 
==24311== LL refs:         3,883,065  (  2,163,346 rd   +  1,719,719 wr)
==24311== LL misses:          67,860  (      4,965 rd   +     62,895 wr)
==24311== LL miss rate:          0.0% (        0.0%     +        0.1%  )
