==26504== Cachegrind, a cache and branch-prediction profiler
==26504== Copyright (C) 2002-2017, and GNU GPL'd, by Nicholas Nethercote et al.
==26504== Using Valgrind-3.16.1 and LibVEX; rerun with -h for copyright info
==26504== Command: ./tracking .
==26504== 
--26504-- warning: L3 cache found, using its data for the LL simulation.
--26504-- warning: specified LL cache: line_size 64  assoc 11  total_size 25,952,256
--26504-- warning: simulated LL cache: line_size 64  assoc 12  total_size 25,165,824
LIP cache replacement will be used
==26504== 
==26504== I   refs:      426,561,191
==26504== I1  misses:         70,088
==26504== LLi misses:          1,855
==26504== I1  miss rate:        0.02%
==26504== LLi miss rate:        0.00%
==26504== 
==26504== D   refs:      140,543,721  (98,243,013 rd   + 42,300,708 wr)
==26504== D1  misses:      8,587,369  ( 7,031,009 rd   +  1,556,360 wr)
==26504== LLd misses:         96,644  (     2,492 rd   +     94,152 wr)
==26504== D1  miss rate:         6.1% (       7.2%     +        3.7%  )
==26504== LLd miss rate:         0.1% (       0.0%     +        0.2%  )
==26504== 
==26504== LL refs:         8,657,457  ( 7,101,097 rd   +  1,556,360 wr)
==26504== LL misses:          98,499  (     4,347 rd   +     94,152 wr)
==26504== LL miss rate:          0.0% (       0.0%     +        0.2%  )
