==38782== Cachegrind, a cache and branch-prediction profiler
==38782== Copyright (C) 2002-2017, and GNU GPL'd, by Nicholas Nethercote et al.
==38782== Using Valgrind-3.16.1 and LibVEX; rerun with -h for copyright info
==38782== Command: ./stitch .
==38782== 
--38782-- warning: L3 cache found, using its data for the LL simulation.
--38782-- warning: specified LL cache: line_size 64  assoc 11  total_size 25,952,256
--38782-- warning: simulated LL cache: line_size 64  assoc 12  total_size 25,165,824
LIP cache replacement will be used
==38782== 
==38782== I   refs:      223,094,272
==38782== I1  misses:      3,118,988
==38782== LLi misses:          1,693
==38782== I1  miss rate:        1.40%
==38782== LLi miss rate:        0.00%
==38782== 
==38782== D   refs:       60,620,809  (44,316,535 rd   + 16,304,274 wr)
==38782== D1  misses:     12,005,551  ( 8,569,633 rd   +  3,435,918 wr)
==38782== LLd misses:         23,703  (     2,278 rd   +     21,425 wr)
==38782== D1  miss rate:        19.8% (      19.3%     +       21.1%  )
==38782== LLd miss rate:         0.0% (       0.0%     +        0.1%  )
==38782== 
==38782== LL refs:        15,124,539  (11,688,621 rd   +  3,435,918 wr)
==38782== LL misses:          25,396  (     3,971 rd   +     21,425 wr)
==38782== LL miss rate:          0.0% (       0.0%     +        0.1%  )
