==10892== Cachegrind, a cache and branch-prediction profiler
==10892== Copyright (C) 2002-2017, and GNU GPL'd, by Nicholas Nethercote et al.
==10892== Using Valgrind-3.16.1 and LibVEX; rerun with -h for copyright info
==10892== Command: ./pca-large large.data 5000 1059 R
==10892== 
--10892-- warning: L3 cache found, using its data for the LL simulation.
--10892-- warning: specified LL cache: line_size 64  assoc 11  total_size 25,952,256
--10892-- warning: simulated LL cache: line_size 64  assoc 12  total_size 25,165,824
LRU cache replacement will be used
==10892== brk segment overflow in thread #1: can't grow to 0x4a35000
==10892== (see section Limitations in user manual)
==10892== NOTE: further instances of this message will not be shown
==10892== 
==10892== I   refs:      71,275,145,790
==10892== I1  misses:             1,666
==10892== LLi misses:             1,659
==10892== I1  miss rate:           0.00%
==10892== LLi miss rate:           0.00%
==10892== 
==10892== D   refs:      28,625,035,458  (20,878,881,310 rd   + 7,746,154,148 wr)
==10892== D1  misses:     8,918,783,136  ( 8,916,562,925 rd   +     2,220,211 wr)
==10892== LLd misses:         1,023,488  (       490,688 rd   +       532,800 wr)
==10892== D1  miss rate:           31.2% (          42.7%     +           0.0%  )
==10892== LLd miss rate:            0.0% (           0.0%     +           0.0%  )
==10892== 
==10892== LL refs:        8,918,784,802  ( 8,916,564,591 rd   +     2,220,211 wr)
==10892== LL misses:          1,025,147  (       492,347 rd   +       532,800 wr)
==10892== LL miss rate:             0.0% (           0.0%     +           0.0%  )
