==60332== Cachegrind, a cache and branch-prediction profiler
==60332== Copyright (C) 2002-2017, and GNU GPL'd, by Nicholas Nethercote et al.
==60332== Using Valgrind-3.16.1 and LibVEX; rerun with -h for copyright info
==60332== Command: ./stitch .
==60332== 
--60332-- warning: L3 cache found, using its data for the LL simulation.
--60332-- warning: specified LL cache: line_size 64  assoc 11  total_size 25,952,256
--60332-- warning: simulated LL cache: line_size 64  assoc 12  total_size 25,165,824
LIP cache replacement will be used
==60332== brk segment overflow in thread #1: can't grow to 0x4a37000
==60332== (see section Limitations in user manual)
==60332== NOTE: further instances of this message will not be shown
==60332== 
==60332== I   refs:      253,517,705,698
==60332== I1  misses:         30,204,736
==60332== LLi misses:              2,420
==60332== I1  miss rate:            0.01%
==60332== LLi miss rate:            0.00%
==60332== 
==60332== D   refs:       68,980,624,510  (45,322,620,961 rd   + 23,658,003,549 wr)
==60332== D1  misses:      5,091,381,893  ( 2,868,707,000 rd   +  2,222,674,893 wr)
==60332== LLd misses:          5,483,549  (     3,148,307 rd   +      2,335,242 wr)
==60332== D1  miss rate:             7.4% (           6.3%     +            9.4%  )
==60332== LLd miss rate:             0.0% (           0.0%     +            0.0%  )
==60332== 
==60332== LL refs:         5,121,586,629  ( 2,898,911,736 rd   +  2,222,674,893 wr)
==60332== LL misses:           5,485,969  (     3,150,727 rd   +      2,335,242 wr)
==60332== LL miss rate:              0.0% (           0.0%     +            0.0%  )
