==44790== Cachegrind, a cache and branch-prediction profiler
==44790== Copyright (C) 2002-2017, and GNU GPL'd, by Nicholas Nethercote et al.
==44790== Using Valgrind-3.16.1 and LibVEX; rerun with -h for copyright info
==44790== Command: ./me-medium
==44790== 
--44790-- warning: L3 cache found, using its data for the LL simulation.
--44790-- warning: specified LL cache: line_size 64  assoc 11  total_size 25,952,256
--44790-- warning: simulated LL cache: line_size 64  assoc 12  total_size 25,165,824
LRU cache replacement will be used
==44790== brk segment overflow in thread #1: can't grow to 0x4a36000
==44790== (see section Limitations in user manual)
==44790== NOTE: further instances of this message will not be shown
==44790== 
==44790== I   refs:      582,717,344
==44790== I1  misses:          1,463
==44790== LLi misses:          1,459
==44790== I1  miss rate:        0.00%
==44790== LLi miss rate:        0.00%
==44790== 
==44790== D   refs:      104,638,589  (94,724,833 rd   + 9,913,756 wr)
==44790== D1  misses:        246,842  (    59,898 rd   +   186,944 wr)
==44790== LLd misses:        156,025  (     2,620 rd   +   153,405 wr)
==44790== D1  miss rate:         0.2% (       0.1%     +       1.9%  )
==44790== LLd miss rate:         0.1% (       0.0%     +       1.5%  )
==44790== 
==44790== LL refs:           248,305  (    61,361 rd   +   186,944 wr)
==44790== LL misses:         157,484  (     4,079 rd   +   153,405 wr)
==44790== LL miss rate:          0.0% (       0.0%     +       1.5%  )
