==24523== Cachegrind, a cache and branch-prediction profiler
==24523== Copyright (C) 2002-2017, and GNU GPL'd, by Nicholas Nethercote et al.
==24523== Using Valgrind-3.16.1 and LibVEX; rerun with -h for copyright info
==24523== Command: ./a.out med.txt
==24523== 
--24523-- warning: L3 cache found, using its data for the LL simulation.
--24523-- warning: specified LL cache: line_size 64  assoc 11  total_size 25,952,256
--24523-- warning: simulated LL cache: line_size 64  assoc 12  total_size 25,165,824
LRU cache replacement will be used
==24523== 
==24523== I   refs:      21,540,689,427
==24523== I1  misses:             1,829
==24523== LLi misses:             1,787
==24523== I1  miss rate:           0.00%
==24523== LLi miss rate:           0.00%
==24523== 
==24523== D   refs:      13,370,670,449  (12,167,996,488 rd   + 1,202,673,961 wr)
==24523== D1  misses:        34,902,438  (    34,538,950 rd   +       363,488 wr)
==24523== LLd misses:            65,436  (         2,287 rd   +        63,149 wr)
==24523== D1  miss rate:            0.3% (           0.3%     +           0.0%  )
==24523== LLd miss rate:            0.0% (           0.0%     +           0.0%  )
==24523== 
==24523== LL refs:           34,904,267  (    34,540,779 rd   +       363,488 wr)
==24523== LL misses:             67,223  (         4,074 rd   +        63,149 wr)
==24523== LL miss rate:             0.0% (           0.0%     +           0.0%  )
