==21926== Cachegrind, a cache and branch-prediction profiler
==21926== Copyright (C) 2002-2017, and GNU GPL'd, by Nicholas Nethercote et al.
==21926== Using Valgrind-3.16.1 and LibVEX; rerun with -h for copyright info
==21926== Command: ./srr-medium
==21926== 
--21926-- warning: L3 cache found, using its data for the LL simulation.
--21926-- warning: specified LL cache: line_size 64  assoc 11  total_size 25,952,256
--21926-- warning: simulated LL cache: line_size 64  assoc 12  total_size 25,165,824
BIP cache replacement will be used
BIP Throttle parameter is set to 0.015625
==21926== 
==21926== I   refs:      151,164,870,270
==21926== I1  misses:         76,792,859
==21926== LLi misses:              1,570
==21926== I1  miss rate:            0.05%
==21926== LLi miss rate:            0.00%
==21926== 
==21926== D   refs:       57,030,637,063  (38,402,710,440 rd   + 18,627,926,623 wr)
==21926== D1  misses:     12,827,197,034  ( 9,202,000,041 rd   +  3,625,196,993 wr)
==21926== LLd misses:             70,155  (         4,008 rd   +         66,147 wr)
==21926== D1  miss rate:            22.5% (          24.0%     +           19.5%  )
==21926== LLd miss rate:             0.0% (           0.0%     +            0.0%  )
==21926== 
==21926== LL refs:        12,903,989,893  ( 9,278,792,900 rd   +  3,625,196,993 wr)
==21926== LL misses:              71,725  (         5,578 rd   +         66,147 wr)
==21926== LL miss rate:              0.0% (           0.0%     +            0.0%  )
