==36729== Cachegrind, a cache and branch-prediction profiler
==36729== Copyright (C) 2002-2017, and GNU GPL'd, by Nicholas Nethercote et al.
==36729== Using Valgrind-3.16.1 and LibVEX; rerun with -h for copyright info
==36729== Command: ./mser .
==36729== 
--36729-- warning: L3 cache found, using its data for the LL simulation.
--36729-- warning: specified LL cache: line_size 64  assoc 11  total_size 25,952,256
--36729-- warning: simulated LL cache: line_size 64  assoc 12  total_size 25,165,824
BIP cache replacement will be used
BIP Throttle parameter is set to 0.031250
==36729== 
==36729== I   refs:      39,996,112
==36729== I1  misses:         1,520
==36729== LLi misses:         1,514
==36729== I1  miss rate:       0.00%
==36729== LLi miss rate:       0.00%
==36729== 
==36729== D   refs:      15,054,678  (10,245,445 rd   + 4,809,233 wr)
==36729== D1  misses:        20,791  (     2,497 rd   +    18,294 wr)
==36729== LLd misses:        20,634  (     2,366 rd   +    18,268 wr)
==36729== D1  miss rate:        0.1% (       0.0%     +       0.4%  )
==36729== LLd miss rate:        0.1% (       0.0%     +       0.4%  )
==36729== 
==36729== LL refs:           22,311  (     4,017 rd   +    18,294 wr)
==36729== LL misses:         22,148  (     3,880 rd   +    18,268 wr)
==36729== LL miss rate:         0.0% (       0.0%     +       0.4%  )
