==22427== Cachegrind, a cache and branch-prediction profiler
==22427== Copyright (C) 2002-2017, and GNU GPL'd, by Nicholas Nethercote et al.
==22427== Using Valgrind-3.16.1 and LibVEX; rerun with -h for copyright info
==22427== Command: ./multi_ncut .
==22427== 
--22427-- warning: L3 cache found, using its data for the LL simulation.
--22427-- warning: specified LL cache: line_size 64  assoc 11  total_size 25,952,256
--22427-- warning: simulated LL cache: line_size 64  assoc 12  total_size 25,165,824
BIP cache replacement will be used
BIP Throttle parameter is set to 0.031250
==22427== 
==22427== Process terminating with default action of signal 15 (SIGTERM)
==22427==    at 0x10AAB0: fSortIndices (in /home/tkloda/cortexsuite/vision/benchmarks/multi_ncut/data/cif/multi_ncut)
==22427==    by 0x10CE27: segment_graph (in /home/tkloda/cortexsuite/vision/benchmarks/multi_ncut/data/cif/multi_ncut)
==22427==    by 0x10CAC9: segment_image (in /home/tkloda/cortexsuite/vision/benchmarks/multi_ncut/data/cif/multi_ncut)
==22427==    by 0x108B0A: main (in /home/tkloda/cortexsuite/vision/benchmarks/multi_ncut/data/cif/multi_ncut)
==22427== 
==22427== I   refs:      3,447,411,144
==22427== I1  misses:            2,067
==22427== LLi misses:            1,296
==22427== I1  miss rate:          0.00%
==22427== LLi miss rate:          0.00%
==22427== 
==22427== D   refs:        587,428,549  (579,157,502 rd   + 8,271,047 wr)
==22427== D1  misses:       36,067,929  ( 35,598,957 rd   +   468,972 wr)
==22427== LLd misses:          249,084  (     86,521 rd   +   162,563 wr)
==22427== D1  miss rate:           6.1% (        6.1%     +       5.7%  )
==22427== LLd miss rate:           0.0% (        0.0%     +       2.0%  )
==22427== 
==22427== LL refs:          36,069,996  ( 35,601,024 rd   +   468,972 wr)
==22427== LL misses:           250,380  (     87,817 rd   +   162,563 wr)
==22427== LL miss rate:            0.0% (        0.0%     +       2.0%  )
