==50208== Cachegrind, a cache and branch-prediction profiler
==50208== Copyright (C) 2002-2017, and GNU GPL'd, by Nicholas Nethercote et al.
==50208== Using Valgrind-3.16.1 and LibVEX; rerun with -h for copyright info
==50208== Command: ./pca-medium medium.data 722 800 R
==50208== 
--50208-- warning: L3 cache found, using its data for the LL simulation.
--50208-- warning: specified LL cache: line_size 64  assoc 11  total_size 25,952,256
--50208-- warning: simulated LL cache: line_size 64  assoc 12  total_size 25,165,824
BIP cache replacement will be used
BIP Throttle parameter is set to 0.062500
==50208== 
==50208== I   refs:      14,218,322,245
==50208== I1  misses:        64,784,353
==50208== LLi misses:             1,664
==50208== I1  miss rate:           0.46%
==50208== LLi miss rate:           0.00%
==50208== 
==50208== D   refs:       5,351,602,516  (4,031,779,776 rd   + 1,319,822,740 wr)
==50208== D1  misses:     1,628,179,425  (1,625,443,189 rd   +     2,736,236 wr)
==50208== LLd misses:           153,446  (       30,939 rd   +       122,507 wr)
==50208== D1  miss rate:           30.4% (         40.3%     +           0.2%  )
==50208== LLd miss rate:            0.0% (          0.0%     +           0.0%  )
==50208== 
==50208== LL refs:        1,692,963,778  (1,690,227,542 rd   +     2,736,236 wr)
==50208== LL misses:            155,110  (       32,603 rd   +       122,507 wr)
==50208== LL miss rate:             0.0% (          0.0%     +           0.0%  )
