==11349== Cachegrind, a cache and branch-prediction profiler
==11349== Copyright (C) 2002-2017, and GNU GPL'd, by Nicholas Nethercote et al.
==11349== Using Valgrind-3.16.1 and LibVEX; rerun with -h for copyright info
==11349== Command: ./pca-large large.data 5000 1059 R
==11349== 
--11349-- warning: L3 cache found, using its data for the LL simulation.
--11349-- warning: specified LL cache: line_size 64  assoc 11  total_size 25,952,256
--11349-- warning: simulated LL cache: line_size 64  assoc 12  total_size 25,165,824
FIFO cache replacement will be used
==11349== brk segment overflow in thread #1: can't grow to 0x4a35000
==11349== (see section Limitations in user manual)
==11349== NOTE: further instances of this message will not be shown
==11349== 
==11349== I   refs:      71,275,145,778
==11349== I1  misses:       422,609,981
==11349== LLi misses:             1,864
==11349== I1  miss rate:           0.59%
==11349== LLi miss rate:           0.00%
==11349== 
==11349== D   refs:      28,625,035,456  (20,878,881,309 rd   + 7,746,154,147 wr)
==11349== D1  misses:     9,909,969,055  ( 9,794,230,123 rd   +   115,738,932 wr)
==11349== LLd misses:           926,289  (       438,457 rd   +       487,832 wr)
==11349== D1  miss rate:           34.6% (          46.9%     +           1.5%  )
==11349== LLd miss rate:            0.0% (           0.0%     +           0.0%  )
==11349== 
==11349== LL refs:       10,332,579,036  (10,216,840,104 rd   +   115,738,932 wr)
==11349== LL misses:            928,153  (       440,321 rd   +       487,832 wr)
==11349== LL miss rate:             0.0% (           0.0%     +           0.0%  )
