==31356== Cachegrind, a cache and branch-prediction profiler
==31356== Copyright (C) 2002-2017, and GNU GPL'd, by Nicholas Nethercote et al.
==31356== Using Valgrind-3.16.1 and LibVEX; rerun with -h for copyright info
==31356== Command: ./kmeans-medium ../datasets/finland 13467 2 15
==31356== 
--31356-- warning: L3 cache found, using its data for the LL simulation.
--31356-- warning: specified LL cache: line_size 64  assoc 11  total_size 25,952,256
--31356-- warning: simulated LL cache: line_size 64  assoc 12  total_size 25,165,824
BIP cache replacement will be used
BIP Throttle parameter is set to 0.015625
==31356== 
==31356== I   refs:      261,008,494
==31356== I1  misses:        217,140
==31356== LLi misses:          1,446
==31356== I1  miss rate:        0.08%
==31356== LLi miss rate:        0.00%
==31356== 
==31356== D   refs:       60,294,300  (50,971,205 rd   + 9,323,095 wr)
==31356== D1  misses:        607,393  (   475,854 rd   +   131,539 wr)
==31356== LLd misses:         12,222  (     2,161 rd   +    10,061 wr)
==31356== D1  miss rate:         1.0% (       0.9%     +       1.4%  )
==31356== LLd miss rate:         0.0% (       0.0%     +       0.1%  )
==31356== 
==31356== LL refs:           824,533  (   692,994 rd   +   131,539 wr)
==31356== LL misses:          13,668  (     3,607 rd   +    10,061 wr)
==31356== LL miss rate:          0.0% (       0.0%     +       0.1%  )
