==51171== Cachegrind, a cache and branch-prediction profiler
==51171== Copyright (C) 2002-2017, and GNU GPL'd, by Nicholas Nethercote et al.
==51171== Using Valgrind-3.16.1 and LibVEX; rerun with -h for copyright info
==51171== Command: ./rbm-large
==51171== 
--51171-- warning: L3 cache found, using its data for the LL simulation.
--51171-- warning: specified LL cache: line_size 64  assoc 11  total_size 25,952,256
--51171-- warning: simulated LL cache: line_size 64  assoc 12  total_size 25,165,824
Random cache replacement will be used
==51171== 
==51171== I   refs:      119,676,070,063
==51171== I1  misses:              1,671
==51171== LLi misses:              1,475
==51171== I1  miss rate:            0.00%
==51171== LLi miss rate:            0.00%
==51171== 
==51171== D   refs:       35,862,087,164  (27,106,383,010 rd   + 8,755,704,154 wr)
==51171== D1  misses:      2,082,822,184  ( 1,737,998,979 rd   +   344,823,205 wr)
==51171== LLd misses:             46,897  (        23,271 rd   +        23,626 wr)
==51171== D1  miss rate:             5.8% (           6.4%     +           3.9%  )
==51171== LLd miss rate:             0.0% (           0.0%     +           0.0%  )
==51171== 
==51171== LL refs:         2,082,823,855  ( 1,738,000,650 rd   +   344,823,205 wr)
==51171== LL misses:              48,372  (        24,746 rd   +        23,626 wr)
==51171== LL miss rate:              0.0% (           0.0%     +           0.0%  )
