==61653== Cachegrind, a cache and branch-prediction profiler
==61653== Copyright (C) 2002-2017, and GNU GPL'd, by Nicholas Nethercote et al.
==61653== Using Valgrind-3.16.1 and LibVEX; rerun with -h for copyright info
==61653== Command: ./sift .
==61653== 
--61653-- warning: L3 cache found, using its data for the LL simulation.
--61653-- warning: specified LL cache: line_size 64  assoc 11  total_size 25,952,256
--61653-- warning: simulated LL cache: line_size 64  assoc 12  total_size 25,165,824
Random cache replacement will be used
==61653== brk segment overflow in thread #1: can't grow to 0x5419000
==61653== (see section Limitations in user manual)
==61653== NOTE: further instances of this message will not be shown
==61653== 
==61653== I   refs:      16,043,915,030
==61653== I1  misses:             5,398
==61653== LLi misses:             2,595
==61653== I1  miss rate:           0.00%
==61653== LLi miss rate:           0.00%
==61653== 
==61653== D   refs:       4,941,072,983  (3,428,287,657 rd   + 1,512,785,326 wr)
==61653== D1  misses:       115,489,542  (   95,283,363 rd   +    20,206,179 wr)
==61653== LLd misses:        23,878,489  (   13,966,344 rd   +     9,912,145 wr)
==61653== D1  miss rate:            2.3% (          2.8%     +           1.3%  )
==61653== LLd miss rate:            0.5% (          0.4%     +           0.7%  )
==61653== 
==61653== LL refs:          115,494,940  (   95,288,761 rd   +    20,206,179 wr)
==61653== LL misses:         23,881,084  (   13,968,939 rd   +     9,912,145 wr)
==61653== LL miss rate:             0.1% (          0.1%     +           0.7%  )
