==41687== Cachegrind, a cache and branch-prediction profiler
==41687== Copyright (C) 2002-2017, and GNU GPL'd, by Nicholas Nethercote et al.
==41687== Using Valgrind-3.16.1 and LibVEX; rerun with -h for copyright info
==41687== Command: ./localization .
==41687== 
--41687-- warning: L3 cache found, using its data for the LL simulation.
--41687-- warning: specified LL cache: line_size 64  assoc 11  total_size 25,952,256
--41687-- warning: simulated LL cache: line_size 64  assoc 12  total_size 25,165,824
LIP cache replacement will be used
==41687== 
==41687== I   refs:      3,695,927
==41687== I1  misses:        4,039
==41687== LLi misses:        1,814
==41687== I1  miss rate:      0.11%
==41687== LLi miss rate:      0.05%
==41687== 
==41687== D   refs:      1,169,324  (757,767 rd   + 411,557 wr)
==41687== D1  misses:        6,792  (  5,408 rd   +   1,384 wr)
==41687== LLd misses:        3,120  (  2,467 rd   +     653 wr)
==41687== D1  miss rate:       0.6% (    0.7%     +     0.3%  )
==41687== LLd miss rate:       0.3% (    0.3%     +     0.2%  )
==41687== 
==41687== LL refs:          10,831  (  9,447 rd   +   1,384 wr)
==41687== LL misses:         4,934  (  4,281 rd   +     653 wr)
==41687== LL miss rate:        0.1% (    0.1%     +     0.2%  )
