==50947== Cachegrind, a cache and branch-prediction profiler
==50947== Copyright (C) 2002-2017, and GNU GPL'd, by Nicholas Nethercote et al.
==50947== Using Valgrind-3.16.1 and LibVEX; rerun with -h for copyright info
==50947== Command: ./rbm-large
==50947== 
--50947-- warning: L3 cache found, using its data for the LL simulation.
--50947-- warning: specified LL cache: line_size 64  assoc 11  total_size 25,952,256
--50947-- warning: simulated LL cache: line_size 64  assoc 12  total_size 25,165,824
LIP cache replacement will be used
==50947== 
==50947== I   refs:      119,676,070,063
==50947== I1  misses:         41,915,502
==50947== LLi misses:              1,546
==50947== I1  miss rate:            0.04%
==50947== LLi miss rate:            0.00%
==50947== 
==50947== D   refs:       35,862,087,164  (27,106,383,010 rd   + 8,755,704,154 wr)
==50947== D1  misses:     14,032,221,805  (13,345,485,397 rd   +   686,736,408 wr)
==50947== LLd misses:             48,334  (        24,737 rd   +        23,597 wr)
==50947== D1  miss rate:            39.1% (          49.2%     +           7.8%  )
==50947== LLd miss rate:             0.0% (           0.0%     +           0.0%  )
==50947== 
==50947== LL refs:        14,074,137,307  (13,387,400,899 rd   +   686,736,408 wr)
==50947== LL misses:              49,880  (        26,283 rd   +        23,597 wr)
==50947== LL miss rate:              0.0% (           0.0%     +           0.0%  )
