==53949== Cachegrind, a cache and branch-prediction profiler
==53949== Copyright (C) 2002-2017, and GNU GPL'd, by Nicholas Nethercote et al.
==53949== Using Valgrind-3.16.1 and LibVEX; rerun with -h for copyright info
==53949== Command: ./rbm-medium
==53949== 
--53949-- warning: L3 cache found, using its data for the LL simulation.
--53949-- warning: specified LL cache: line_size 64  assoc 11  total_size 25,952,256
--53949-- warning: simulated LL cache: line_size 64  assoc 12  total_size 25,165,824
BIP cache replacement will be used
BIP Throttle parameter is set to 0.031250
==53949== 
==53949== I   refs:      12,265,732,027
==53949== I1  misses:             2,542
==53949== LLi misses:             1,644
==53949== I1  miss rate:           0.00%
==53949== LLi miss rate:           0.00%
==53949== 
==53949== D   refs:       3,657,823,178  (2,777,601,363 rd   + 880,221,815 wr)
==53949== D1  misses:       412,486,818  (  376,656,896 rd   +  35,829,922 wr)
==53949== LLd misses:            49,837  (       25,978 rd   +      23,859 wr)
==53949== D1  miss rate:           11.3% (         13.6%     +         4.1%  )
==53949== LLd miss rate:            0.0% (          0.0%     +         0.0%  )
==53949== 
==53949== LL refs:          412,489,360  (  376,659,438 rd   +  35,829,922 wr)
==53949== LL misses:             51,481  (       27,622 rd   +      23,859 wr)
==53949== LL miss rate:             0.0% (          0.0%     +         0.0%  )
