==31691== Cachegrind, a cache and branch-prediction profiler
==31691== Copyright (C) 2002-2017, and GNU GPL'd, by Nicholas Nethercote et al.
==31691== Using Valgrind-3.16.1 and LibVEX; rerun with -h for copyright info
==31691== Command: ./stitch .
==31691== 
--31691-- warning: L3 cache found, using its data for the LL simulation.
--31691-- warning: specified LL cache: line_size 64  assoc 11  total_size 25,952,256
--31691-- warning: simulated LL cache: line_size 64  assoc 12  total_size 25,165,824
BIP cache replacement will be used
BIP Throttle parameter is set to 0.031250
==31691== 
==31691== I   refs:      223,094,015
==31691== I1  misses:          1,687
==31691== LLi misses:          1,683
==31691== I1  miss rate:        0.00%
==31691== LLi miss rate:        0.00%
==31691== 
==31691== D   refs:       60,620,644  (44,316,440 rd   + 16,304,204 wr)
==31691== D1  misses:         23,703  (     2,277 rd   +     21,426 wr)
==31691== LLd misses:         23,696  (     2,270 rd   +     21,426 wr)
==31691== D1  miss rate:         0.0% (       0.0%     +        0.1%  )
==31691== LLd miss rate:         0.0% (       0.0%     +        0.1%  )
==31691== 
==31691== LL refs:            25,390  (     3,964 rd   +     21,426 wr)
==31691== LL misses:          25,379  (     3,953 rd   +     21,426 wr)
==31691== LL miss rate:          0.0% (       0.0%     +        0.1%  )
