==47374== Cachegrind, a cache and branch-prediction profiler
==47374== Copyright (C) 2002-2017, and GNU GPL'd, by Nicholas Nethercote et al.
==47374== Using Valgrind-3.16.1 and LibVEX; rerun with -h for copyright info
==47374== Command: ./pca-large large.data 5000 1059 R
==47374== 
--47374-- warning: L3 cache found, using its data for the LL simulation.
--47374-- warning: specified LL cache: line_size 64  assoc 11  total_size 25,952,256
--47374-- warning: simulated LL cache: line_size 64  assoc 12  total_size 25,165,824
LRU cache replacement will be used
==47374== brk segment overflow in thread #1: can't grow to 0x4a35000
==47374== (see section Limitations in user manual)
==47374== NOTE: further instances of this message will not be shown
==47374== 
==47374== I   refs:      71,275,145,879
==47374== I1  misses:             1,643
==47374== LLi misses:             1,639
==47374== I1  miss rate:           0.00%
==47374== LLi miss rate:           0.00%
==47374== 
==47374== D   refs:      28,625,035,472  (20,878,881,322 rd   + 7,746,154,150 wr)
==47374== D1  misses:       356,286,354  (   355,246,923 rd   +     1,039,431 wr)
==47374== LLd misses:         1,005,775  (       472,977 rd   +       532,798 wr)
==47374== D1  miss rate:            1.2% (           1.7%     +           0.0%  )
==47374== LLd miss rate:            0.0% (           0.0%     +           0.0%  )
==47374== 
==47374== LL refs:          356,287,997  (   355,248,566 rd   +     1,039,431 wr)
==47374== LL misses:          1,007,414  (       474,616 rd   +       532,798 wr)
==47374== LL miss rate:             0.0% (           0.0%     +           0.0%  )
