==25923== Cachegrind, a cache and branch-prediction profiler
==25923== Copyright (C) 2002-2017, and GNU GPL'd, by Nicholas Nethercote et al.
==25923== Using Valgrind-3.16.1 and LibVEX; rerun with -h for copyright info
==25923== Command: ./tracking .
==25923== 
--25923-- warning: L3 cache found, using its data for the LL simulation.
--25923-- warning: specified LL cache: line_size 64  assoc 11  total_size 25,952,256
--25923-- warning: simulated LL cache: line_size 64  assoc 12  total_size 25,165,824
LIP cache replacement will be used
==25923== brk segment overflow in thread #1: can't grow to 0x5026000
==25923== (see section Limitations in user manual)
==25923== NOTE: further instances of this message will not be shown
==25923== 
==25923== I   refs:      7,862,359,172
==25923== I1  misses:            1,744
==25923== LLi misses:            1,732
==25923== I1  miss rate:          0.00%
==25923== LLi miss rate:          0.00%
==25923== 
==25923== D   refs:      2,585,046,542  (1,824,545,534 rd   + 760,501,008 wr)
==25923== D1  misses:       76,945,170  (   40,534,982 rd   +  36,410,188 wr)
==25923== LLd misses:       16,740,569  (    6,263,192 rd   +  10,477,377 wr)
==25923== D1  miss rate:           3.0% (          2.2%     +         4.8%  )
==25923== LLd miss rate:           0.6% (          0.3%     +         1.4%  )
==25923== 
==25923== LL refs:          76,946,914  (   40,536,726 rd   +  36,410,188 wr)
==25923== LL misses:        16,742,301  (    6,264,924 rd   +  10,477,377 wr)
==25923== LL miss rate:            0.2% (          0.1%     +         1.4%  )
