==38685== Cachegrind, a cache and branch-prediction profiler
==38685== Copyright (C) 2002-2017, and GNU GPL'd, by Nicholas Nethercote et al.
==38685== Using Valgrind-3.16.1 and LibVEX; rerun with -h for copyright info
==38685== Command: ./lda-large est .1 3 settings.txt large/large_data.dat random large/results
==38685== 
--38685-- warning: L3 cache found, using its data for the LL simulation.
--38685-- warning: specified LL cache: line_size 64  assoc 11  total_size 25,952,256
--38685-- warning: simulated LL cache: line_size 64  assoc 12  total_size 25,165,824
LRU cache replacement will be used
==38685== 
==38685== I   refs:      269,850,801,877
==38685== I1  misses:              2,205
==38685== LLi misses:              2,150
==38685== I1  miss rate:            0.00%
==38685== LLi miss rate:            0.00%
==38685== 
==38685== D   refs:      101,432,194,733  (77,133,134,330 rd   + 24,299,060,403 wr)
==38685== D1  misses:         37,567,743  (    36,688,476 rd   +        879,267 wr)
==38685== LLd misses:             52,717  (         2,775 rd   +         49,942 wr)
==38685== D1  miss rate:             0.0% (           0.0%     +            0.0%  )
==38685== LLd miss rate:             0.0% (           0.0%     +            0.0%  )
==38685== 
==38685== LL refs:            37,569,948  (    36,690,681 rd   +        879,267 wr)
==38685== LL misses:              54,867  (         4,925 rd   +         49,942 wr)
==38685== LL miss rate:              0.0% (           0.0%     +            0.0%  )
