==1019== Cachegrind, a cache and branch-prediction profiler
==1019== Copyright (C) 2002-2017, and GNU GPL'd, by Nicholas Nethercote et al.
==1019== Using Valgrind-3.16.1 and LibVEX; rerun with -h for copyright info
==1019== Command: ./mser .
==1019== 
--1019-- warning: L3 cache found, using its data for the LL simulation.
--1019-- warning: specified LL cache: line_size 64  assoc 11  total_size 25,952,256
--1019-- warning: simulated LL cache: line_size 64  assoc 12  total_size 25,165,824
BIP cache replacement will be used
BIP Throttle parameter is set to 0.031250
==1019== 
==1019== I   refs:      3,434,253,570
==1019== I1  misses:            1,610
==1019== LLi misses:            1,566
==1019== I1  miss rate:          0.00%
==1019== LLi miss rate:          0.00%
==1019== 
==1019== D   refs:      1,308,839,721  (891,688,009 rd   + 417,151,712 wr)
==1019== D1  misses:       20,121,668  ( 16,956,954 rd   +   3,164,714 wr)
==1019== LLd misses:        8,660,634  (  6,602,046 rd   +   2,058,588 wr)
==1019== D1  miss rate:           1.5% (        1.9%     +         0.8%  )
==1019== LLd miss rate:           0.7% (        0.7%     +         0.5%  )
==1019== 
==1019== LL refs:          20,123,278  ( 16,958,564 rd   +   3,164,714 wr)
==1019== LL misses:         8,662,200  (  6,603,612 rd   +   2,058,588 wr)
==1019== LL miss rate:            0.2% (        0.2%     +         0.5%  )
