==29369== Cachegrind, a cache and branch-prediction profiler
==29369== Copyright (C) 2002-2017, and GNU GPL'd, by Nicholas Nethercote et al.
==29369== Using Valgrind-3.16.1 and LibVEX; rerun with -h for copyright info
==29369== Command: ./liblinear-tlarge data/100B/kdda
==29369== 
--29369-- warning: L3 cache found, using its data for the LL simulation.
--29369-- warning: specified LL cache: line_size 64  assoc 11  total_size 25,952,256
--29369-- warning: simulated LL cache: line_size 64  assoc 12  total_size 25,165,824
LIP cache replacement will be used
==29369== 
==29369== I   refs:      111,902,758,001
==29369== I1  misses:              1,806
==29369== LLi misses:              1,802
==29369== I1  miss rate:            0.00%
==29369== LLi miss rate:            0.00%
==29369== 
==29369== D   refs:       44,061,986,474  (36,080,688,133 rd   + 7,981,298,341 wr)
==29369== D1  misses:      2,672,476,439  ( 2,666,728,839 rd   +     5,747,600 wr)
==29369== LLd misses:      1,479,653,101  ( 1,473,919,089 rd   +     5,734,012 wr)
==29369== D1  miss rate:             6.1% (           7.4%     +           0.1%  )
==29369== LLd miss rate:             3.4% (           4.1%     +           0.1%  )
==29369== 
==29369== LL refs:         2,672,478,245  ( 2,666,730,645 rd   +     5,747,600 wr)
==29369== LL misses:       1,479,654,903  ( 1,473,920,891 rd   +     5,734,012 wr)
==29369== LL miss rate:              0.9% (           1.0%     +           0.1%  )
