==3665== Cachegrind, a cache and branch-prediction profiler
==3665== Copyright (C) 2002-2017, and GNU GPL'd, by Nicholas Nethercote et al.
==3665== Using Valgrind-3.16.1 and LibVEX; rerun with -h for copyright info
==3665== Command: ./disparity .
==3665== 
--3665-- warning: L3 cache found, using its data for the LL simulation.
--3665-- warning: specified LL cache: line_size 64  assoc 11  total_size 25,952,256
--3665-- warning: simulated LL cache: line_size 64  assoc 12  total_size 25,165,824
BIP cache replacement will be used
BIP Throttle parameter is set to 0.062500
==3665== 
==3665== I   refs:      7,590,565
==3665== I1  misses:       55,661
==3665== LLi misses:        1,514
==3665== I1  miss rate:      0.73%
==3665== LLi miss rate:      0.02%
==3665== 
==3665== D   refs:      3,072,795  (2,024,003 rd   + 1,048,792 wr)
==3665== D1  misses:       33,156  (   22,305 rd   +    10,851 wr)
==3665== LLd misses:        5,460  (    2,262 rd   +     3,198 wr)
==3665== D1  miss rate:       1.1% (      1.1%     +       1.0%  )
==3665== LLd miss rate:       0.2% (      0.1%     +       0.3%  )
==3665== 
==3665== LL refs:          88,817  (   77,966 rd   +    10,851 wr)
==3665== LL misses:         6,974  (    3,776 rd   +     3,198 wr)
==3665== LL miss rate:        0.1% (      0.0%     +       0.3%  )
