==30773== Cachegrind, a cache and branch-prediction profiler
==30773== Copyright (C) 2002-2017, and GNU GPL'd, by Nicholas Nethercote et al.
==30773== Using Valgrind-3.16.1 and LibVEX; rerun with -h for copyright info
==30773== Command: ./stitch .
==30773== 
--30773-- warning: L3 cache found, using its data for the LL simulation.
--30773-- warning: specified LL cache: line_size 64  assoc 11  total_size 25,952,256
--30773-- warning: simulated LL cache: line_size 64  assoc 12  total_size 25,165,824
LRU cache replacement will be used
==30773== 
==30773== I   refs:      223,094,015
==30773== I1  misses:          1,827
==30773== LLi misses:          1,683
==30773== I1  miss rate:        0.00%
==30773== LLi miss rate:        0.00%
==30773== 
==30773== D   refs:       60,620,644  (44,316,440 rd   + 16,304,204 wr)
==30773== D1  misses:        167,479  (   101,491 rd   +     65,988 wr)
==30773== LLd misses:         23,693  (     2,267 rd   +     21,426 wr)
==30773== D1  miss rate:         0.3% (       0.2%     +        0.4%  )
==30773== LLd miss rate:         0.0% (       0.0%     +        0.1%  )
==30773== 
==30773== LL refs:           169,306  (   103,318 rd   +     65,988 wr)
==30773== LL misses:          25,376  (     3,950 rd   +     21,426 wr)
==30773== LL miss rate:          0.0% (       0.0%     +        0.1%  )
