==39712== Cachegrind, a cache and branch-prediction profiler
==39712== Copyright (C) 2002-2017, and GNU GPL'd, by Nicholas Nethercote et al.
==39712== Using Valgrind-3.16.1 and LibVEX; rerun with -h for copyright info
==39712== Command: ./multi_ncut .
==39712== 
--39712-- warning: L3 cache found, using its data for the LL simulation.
--39712-- warning: specified LL cache: line_size 64  assoc 11  total_size 25,952,256
--39712-- warning: simulated LL cache: line_size 64  assoc 12  total_size 25,165,824
BIP cache replacement will be used
BIP Throttle parameter is set to 0.015625
==39712== 
==39712== I   refs:      820,995,042,953
==39712== I1  misses:          9,834,388
==39712== LLi misses:              1,668
==39712== I1  miss rate:            0.00%
==39712== LLi miss rate:            0.00%
==39712== 
==39712== D   refs:      136,867,775,779  (136,842,647,837 rd   + 25,127,942 wr)
==39712== D1  misses:      8,564,154,629  (  8,558,605,252 rd   +  5,549,377 wr)
==39712== LLd misses:            262,268  (         70,470 rd   +    191,798 wr)
==39712== D1  miss rate:             6.3% (            6.3%     +       22.1%  )
==39712== LLd miss rate:             0.0% (            0.0%     +        0.8%  )
==39712== 
==39712== LL refs:         8,573,989,017  (  8,568,439,640 rd   +  5,549,377 wr)
==39712== LL misses:             263,936  (         72,138 rd   +    191,798 wr)
==39712== LL miss rate:              0.0% (            0.0%     +        0.8%  )
