==30820== Cachegrind, a cache and branch-prediction profiler
==30820== Copyright (C) 2002-2017, and GNU GPL'd, by Nicholas Nethercote et al.
==30820== Using Valgrind-3.16.1 and LibVEX; rerun with -h for copyright info
==30820== Command: ./liblinear-tmedium data/10B/epsilon
==30820== 
--30820-- warning: L3 cache found, using its data for the LL simulation.
--30820-- warning: specified LL cache: line_size 64  assoc 11  total_size 25,952,256
--30820-- warning: simulated LL cache: line_size 64  assoc 12  total_size 25,165,824
FIFO cache replacement will be used
==30820== 
==30820== I   refs:      19,285,289,582
==30820== I1  misses:       200,375,066
==30820== LLi misses:             2,393
==30820== I1  miss rate:           1.04%
==30820== LLi miss rate:           0.00%
==30820== 
==30820== D   refs:       5,666,485,978  (3,947,048,633 rd   + 1,719,437,345 wr)
==30820== D1  misses:        96,025,519  (   90,396,255 rd   +     5,629,264 wr)
==30820== LLd misses:        39,973,043  (   36,836,191 rd   +     3,136,852 wr)
==30820== D1  miss rate:            1.7% (          2.3%     +           0.3%  )
==30820== LLd miss rate:            0.7% (          0.9%     +           0.2%  )
==30820== 
==30820== LL refs:          296,400,585  (  290,771,321 rd   +     5,629,264 wr)
==30820== LL misses:         39,975,436  (   36,838,584 rd   +     3,136,852 wr)
==30820== LL miss rate:             0.2% (          0.2%     +           0.2%  )
