==19310== Cachegrind, a cache and branch-prediction profiler
==19310== Copyright (C) 2002-2017, and GNU GPL'd, by Nicholas Nethercote et al.
==19310== Using Valgrind-3.16.1 and LibVEX; rerun with -h for copyright info
==19310== Command: ./mser .
==19310== 
--19310-- warning: L3 cache found, using its data for the LL simulation.
--19310-- warning: specified LL cache: line_size 64  assoc 11  total_size 25,952,256
--19310-- warning: simulated LL cache: line_size 64  assoc 12  total_size 25,165,824
LRU cache replacement will be used
==19310== 
==19310== I   refs:      157,426,193
==19310== I1  misses:          1,497
==19310== LLi misses:          1,493
==19310== I1  miss rate:        0.00%
==19310== LLi miss rate:        0.00%
==19310== 
==19310== D   refs:       59,523,786  (40,510,722 rd   + 19,013,064 wr)
==19310== D1  misses:        282,652  (   199,169 rd   +     83,483 wr)
==19310== LLd misses:         71,091  (     2,246 rd   +     68,845 wr)
==19310== D1  miss rate:         0.5% (       0.5%     +        0.4%  )
==19310== LLd miss rate:         0.1% (       0.0%     +        0.4%  )
==19310== 
==19310== LL refs:           284,149  (   200,666 rd   +     83,483 wr)
==19310== LL misses:          72,584  (     3,739 rd   +     68,845 wr)
==19310== LL miss rate:          0.0% (       0.0%     +        0.4%  )
