==35913== Cachegrind, a cache and branch-prediction profiler
==35913== Copyright (C) 2002-2017, and GNU GPL'd, by Nicholas Nethercote et al.
==35913== Using Valgrind-3.16.1 and LibVEX; rerun with -h for copyright info
==35913== Command: ./spc-small ../datasets/R15 600 2 15 0.707 1 2
==35913== 
--35913-- warning: L3 cache found, using its data for the LL simulation.
--35913-- warning: specified LL cache: line_size 64  assoc 11  total_size 25,952,256
--35913-- warning: simulated LL cache: line_size 64  assoc 12  total_size 25,165,824
BIP cache replacement will be used
BIP Throttle parameter is set to 0.031250
==35913== 
==35913== I   refs:      217,405
==35913== I1  misses:      1,094
==35913== LLi misses:      1,090
==35913== I1  miss rate:    0.50%
==35913== LLi miss rate:    0.50%
==35913== 
==35913== D   refs:       69,324  (54,846 rd   + 14,478 wr)
==35913== D1  misses:      2,835  ( 2,222 rd   +    613 wr)
==35913== LLd misses:      2,793  ( 2,187 rd   +    606 wr)
==35913== D1  miss rate:     4.1% (   4.1%     +    4.2%  )
==35913== LLd miss rate:     4.0% (   4.0%     +    4.2%  )
==35913== 
==35913== LL refs:         3,929  ( 3,316 rd   +    613 wr)
==35913== LL misses:       3,883  ( 3,277 rd   +    606 wr)
==35913== LL miss rate:      1.4% (   1.2%     +    4.2%  )
