==47052== Cachegrind, a cache and branch-prediction profiler
==47052== Copyright (C) 2002-2017, and GNU GPL'd, by Nicholas Nethercote et al.
==47052== Using Valgrind-3.16.1 and LibVEX; rerun with -h for copyright info
==47052== Command: ./disparity .
==47052== 
--47052-- warning: L3 cache found, using its data for the LL simulation.
--47052-- warning: specified LL cache: line_size 64  assoc 11  total_size 25,952,256
--47052-- warning: simulated LL cache: line_size 64  assoc 12  total_size 25,165,824
Random cache replacement will be used
==47052== brk segment overflow in thread #1: can't grow to 0x4a37000
==47052== (see section Limitations in user manual)
==47052== NOTE: further instances of this message will not be shown
==47052== 
==47052== I   refs:      9,424,576,131
==47052== I1  misses:      243,951,992
==47052== LLi misses:            4,245
==47052== I1  miss rate:          2.59%
==47052== LLi miss rate:          0.00%
==47052== 
==47052== D   refs:      3,816,070,628  (2,559,180,300 rd   + 1,256,890,328 wr)
==47052== D1  misses:      847,680,769  (  633,553,385 rd   +   214,127,384 wr)
==47052== LLd misses:       73,766,395  (   38,269,795 rd   +    35,496,600 wr)
==47052== D1  miss rate:          22.2% (         24.8%     +          17.0%  )
==47052== LLd miss rate:           1.9% (          1.5%     +           2.8%  )
==47052== 
==47052== LL refs:       1,091,632,761  (  877,505,377 rd   +   214,127,384 wr)
==47052== LL misses:        73,770,640  (   38,274,040 rd   +    35,496,600 wr)
==47052== LL miss rate:            0.6% (          0.3%     +           2.8%  )
