==19718== Cachegrind, a cache and branch-prediction profiler
==19718== Copyright (C) 2002-2017, and GNU GPL'd, by Nicholas Nethercote et al.
==19718== Using Valgrind-3.16.1 and LibVEX; rerun with -h for copyright info
==19718== Command: ./mser .
==19718== 
--19718-- warning: L3 cache found, using its data for the LL simulation.
--19718-- warning: specified LL cache: line_size 64  assoc 11  total_size 25,952,256
--19718-- warning: simulated LL cache: line_size 64  assoc 12  total_size 25,165,824
FIFO cache replacement will be used
==19718== 
==19718== I   refs:      157,426,193
==19718== I1  misses:          2,829
==19718== LLi misses:          1,493
==19718== I1  miss rate:        0.00%
==19718== LLi miss rate:        0.00%
==19718== 
==19718== D   refs:       59,523,786  (40,510,722 rd   + 19,013,064 wr)
==19718== D1  misses:      1,402,421  ( 1,205,702 rd   +    196,719 wr)
==19718== LLd misses:         71,091  (     2,246 rd   +     68,845 wr)
==19718== D1  miss rate:         2.4% (       3.0%     +        1.0%  )
==19718== LLd miss rate:         0.1% (       0.0%     +        0.4%  )
==19718== 
==19718== LL refs:         1,405,250  ( 1,208,531 rd   +    196,719 wr)
==19718== LL misses:          72,584  (     3,739 rd   +     68,845 wr)
==19718== LL miss rate:          0.0% (       0.0%     +        0.4%  )
