==33967== Cachegrind, a cache and branch-prediction profiler
==33967== Copyright (C) 2002-2017, and GNU GPL'd, by Nicholas Nethercote et al.
==33967== Using Valgrind-3.16.1 and LibVEX; rerun with -h for copyright info
==33967== Command: ./pca-small small.data 1593 256 R
==33967== 
--33967-- warning: L3 cache found, using its data for the LL simulation.
--33967-- warning: specified LL cache: line_size 64  assoc 11  total_size 25,952,256
--33967-- warning: simulated LL cache: line_size 64  assoc 12  total_size 25,165,824
FIFO cache replacement will be used
==33967== 
==33967== I   refs:      1,489,668,691
==33967== I1  misses:       42,633,388
==33967== LLi misses:            1,628
==33967== I1  miss rate:          2.86%
==33967== LLi miss rate:          0.00%
==33967== 
==33967== D   refs:        597,905,808  (426,152,920 rd   + 171,752,888 wr)
==33967== D1  misses:      189,190,544  (181,658,224 rd   +   7,532,320 wr)
==33967== LLd misses:           37,487  (      2,275 rd   +      35,212 wr)
==33967== D1  miss rate:          31.6% (       42.6%     +         4.4%  )
==33967== LLd miss rate:           0.0% (        0.0%     +         0.0%  )
==33967== 
==33967== LL refs:         231,823,932  (224,291,612 rd   +   7,532,320 wr)
==33967== LL misses:            39,115  (      3,903 rd   +      35,212 wr)
==33967== LL miss rate:            0.0% (        0.0%     +         0.0%  )
