==49723== Cachegrind, a cache and branch-prediction profiler
==49723== Copyright (C) 2002-2017, and GNU GPL'd, by Nicholas Nethercote et al.
==49723== Using Valgrind-3.16.1 and LibVEX; rerun with -h for copyright info
==49723== Command: ./stitch .
==49723== 
--49723-- warning: L3 cache found, using its data for the LL simulation.
--49723-- warning: specified LL cache: line_size 64  assoc 11  total_size 25,952,256
--49723-- warning: simulated LL cache: line_size 64  assoc 12  total_size 25,165,824
BIP cache replacement will be used
BIP Throttle parameter is set to 0.015625
==49723== brk segment overflow in thread #1: can't grow to 0x4a37000
==49723== (see section Limitations in user manual)
==49723== NOTE: further instances of this message will not be shown
==49723== 
==49723== I   refs:      253,517,705,710
==49723== I1  misses:              1,697
==49723== LLi misses:              1,693
==49723== I1  miss rate:            0.00%
==49723== LLi miss rate:            0.00%
==49723== 
==49723== D   refs:       68,980,624,510  (45,322,620,961 rd   + 23,658,003,549 wr)
==49723== D1  misses:      2,542,191,649  ( 1,389,113,510 rd   +  1,153,078,139 wr)
==49723== LLd misses:          8,130,460  (     4,881,895 rd   +      3,248,565 wr)
==49723== D1  miss rate:             3.7% (           3.1%     +            4.9%  )
==49723== LLd miss rate:             0.0% (           0.0%     +            0.0%  )
==49723== 
==49723== LL refs:         2,542,193,346  ( 1,389,115,207 rd   +  1,153,078,139 wr)
==49723== LL misses:           8,132,153  (     4,883,588 rd   +      3,248,565 wr)
==49723== LL miss rate:              0.0% (           0.0%     +            0.0%  )
