==23943== Cachegrind, a cache and branch-prediction profiler
==23943== Copyright (C) 2002-2017, and GNU GPL'd, by Nicholas Nethercote et al.
==23943== Using Valgrind-3.16.1 and LibVEX; rerun with -h for copyright info
==23943== Command: ./stitch .
==23943== 
--23943-- warning: L3 cache found, using its data for the LL simulation.
--23943-- warning: specified LL cache: line_size 64  assoc 11  total_size 25,952,256
--23943-- warning: simulated LL cache: line_size 64  assoc 12  total_size 25,165,824
LRU cache replacement will be used
==23943== 
==23943== I   refs:      984,189,895
==23943== I1  misses:        852,458
==23943== LLi misses:          1,678
==23943== I1  miss rate:        0.09%
==23943== LLi miss rate:        0.00%
==23943== 
==23943== D   refs:      267,452,301  (187,194,797 rd   + 80,257,504 wr)
==23943== D1  misses:     13,611,010  (  7,829,045 rd   +  5,781,965 wr)
==23943== LLd misses:         62,904  (      2,265 rd   +     60,639 wr)
==23943== D1  miss rate:         5.1% (        4.2%     +        7.2%  )
==23943== LLd miss rate:         0.0% (        0.0%     +        0.1%  )
==23943== 
==23943== LL refs:        14,463,468  (  8,681,503 rd   +  5,781,965 wr)
==23943== LL misses:          64,582  (      3,943 rd   +     60,639 wr)
==23943== LL miss rate:          0.0% (        0.0%     +        0.1%  )
