==52348== Cachegrind, a cache and branch-prediction profiler
==52348== Copyright (C) 2002-2017, and GNU GPL'd, by Nicholas Nethercote et al.
==52348== Using Valgrind-3.16.1 and LibVEX; rerun with -h for copyright info
==52348== Command: ./rbm-medium
==52348== 
--52348-- warning: L3 cache found, using its data for the LL simulation.
--52348-- warning: specified LL cache: line_size 64  assoc 11  total_size 25,952,256
--52348-- warning: simulated LL cache: line_size 64  assoc 12  total_size 25,165,824
Random cache replacement will be used
==52348== 
==52348== I   refs:      12,265,732,027
==52348== I1  misses:             1,666
==52348== LLi misses:             1,473
==52348== I1  miss rate:           0.00%
==52348== LLi miss rate:           0.00%
==52348== 
==52348== D   refs:       3,657,823,178  (2,777,601,363 rd   + 880,221,815 wr)
==52348== D1  misses:       213,503,457  (  178,962,820 rd   +  34,540,637 wr)
==52348== LLd misses:            46,937  (       23,295 rd   +      23,642 wr)
==52348== D1  miss rate:            5.8% (          6.4%     +         3.9%  )
==52348== LLd miss rate:            0.0% (          0.0%     +         0.0%  )
==52348== 
==52348== LL refs:          213,505,123  (  178,964,486 rd   +  34,540,637 wr)
==52348== LL misses:             48,410  (       24,768 rd   +      23,642 wr)
==52348== LL miss rate:             0.0% (          0.0%     +         0.0%  )
