==30539== Cachegrind, a cache and branch-prediction profiler
==30539== Copyright (C) 2002-2017, and GNU GPL'd, by Nicholas Nethercote et al.
==30539== Using Valgrind-3.16.1 and LibVEX; rerun with -h for copyright info
==30539== Command: ./kmeans-medium ../datasets/finland 13467 2 15
==30539== 
--30539-- warning: L3 cache found, using its data for the LL simulation.
--30539-- warning: specified LL cache: line_size 64  assoc 11  total_size 25,952,256
--30539-- warning: simulated LL cache: line_size 64  assoc 12  total_size 25,165,824
LIP cache replacement will be used
==30539== 
==30539== I   refs:      261,008,494
==30539== I1  misses:          1,548
==30539== LLi misses:          1,444
==30539== I1  miss rate:        0.00%
==30539== LLi miss rate:        0.00%
==30539== 
==30539== D   refs:       60,294,300  (50,971,205 rd   + 9,323,095 wr)
==30539== D1  misses:        101,946  (    62,554 rd   +    39,392 wr)
==30539== LLd misses:         12,164  (     2,210 rd   +     9,954 wr)
==30539== D1  miss rate:         0.2% (       0.1%     +       0.4%  )
==30539== LLd miss rate:         0.0% (       0.0%     +       0.1%  )
==30539== 
==30539== LL refs:           103,494  (    64,102 rd   +    39,392 wr)
==30539== LL misses:          13,608  (     3,654 rd   +     9,954 wr)
==30539== LL miss rate:          0.0% (       0.0%     +       0.1%  )
