==38346== Cachegrind, a cache and branch-prediction profiler
==38346== Copyright (C) 2002-2017, and GNU GPL'd, by Nicholas Nethercote et al.
==38346== Using Valgrind-3.16.1 and LibVEX; rerun with -h for copyright info
==38346== Command: ./texture_synthesis .
==38346== 
--38346-- warning: L3 cache found, using its data for the LL simulation.
--38346-- warning: specified LL cache: line_size 64  assoc 11  total_size 25,952,256
--38346-- warning: simulated LL cache: line_size 64  assoc 12  total_size 25,165,824
LIP cache replacement will be used
==38346== 
==38346== I   refs:      108,075,087,480
==38346== I1  misses:      1,847,017,774
==38346== LLi misses:              1,629
==38346== I1  miss rate:            1.71%
==38346== LLi miss rate:            0.00%
==38346== 
==38346== D   refs:       28,920,419,480  (26,973,975,416 rd   + 1,946,444,064 wr)
==38346== D1  misses:      4,483,501,429  ( 4,318,097,755 rd   +   165,403,674 wr)
==38346== LLd misses:            291,512  (         2,342 rd   +       289,170 wr)
==38346== D1  miss rate:            15.5% (          16.0%     +           8.5%  )
==38346== LLd miss rate:             0.0% (           0.0%     +           0.0%  )
==38346== 
==38346== LL refs:         6,330,519,203  ( 6,165,115,529 rd   +   165,403,674 wr)
==38346== LL misses:             293,141  (         3,971 rd   +       289,170 wr)
==38346== LL miss rate:              0.0% (           0.0%     +           0.0%  )
