==37949== Cachegrind, a cache and branch-prediction profiler
==37949== Copyright (C) 2002-2017, and GNU GPL'd, by Nicholas Nethercote et al.
==37949== Using Valgrind-3.16.1 and LibVEX; rerun with -h for copyright info
==37949== Command: ./tracking .
==37949== 
--37949-- warning: L3 cache found, using its data for the LL simulation.
--37949-- warning: specified LL cache: line_size 64  assoc 11  total_size 25,952,256
--37949-- warning: simulated LL cache: line_size 64  assoc 12  total_size 25,165,824
FIFO cache replacement will be used
==37949== 
==37949== I   refs:      426,561,282
==37949== I1  misses:     34,085,606
==37949== LLi misses:          1,705
==37949== I1  miss rate:        7.99%
==37949== LLi miss rate:        0.00%
==37949== 
==37949== D   refs:      140,543,735  (98,243,026 rd   + 42,300,709 wr)
==37949== D1  misses:     25,766,521  (21,532,000 rd   +  4,234,521 wr)
==37949== LLd misses:         96,330  (     2,264 rd   +     94,066 wr)
==37949== D1  miss rate:        18.3% (      21.9%     +       10.0%  )
==37949== LLd miss rate:         0.1% (       0.0%     +        0.2%  )
==37949== 
==37949== LL refs:        59,852,127  (55,617,606 rd   +  4,234,521 wr)
==37949== LL misses:          98,035  (     3,969 rd   +     94,066 wr)
==37949== LL miss rate:          0.0% (       0.0%     +        0.2%  )
