==29661== Cachegrind, a cache and branch-prediction profiler
==29661== Copyright (C) 2002-2017, and GNU GPL'd, by Nicholas Nethercote et al.
==29661== Using Valgrind-3.16.1 and LibVEX; rerun with -h for copyright info
==29661== Command: ./liblinear-tlarge data/100B/kdda
==29661== 
--29661-- warning: L3 cache found, using its data for the LL simulation.
--29661-- warning: specified LL cache: line_size 64  assoc 11  total_size 25,952,256
--29661-- warning: simulated LL cache: line_size 64  assoc 12  total_size 25,165,824
FIFO cache replacement will be used
==29661== 
==29661== I   refs:      111,902,758,013
==29661== I1  misses:              1,812
==29661== LLi misses:              1,807
==29661== I1  miss rate:            0.00%
==29661== LLi miss rate:            0.00%
==29661== 
==29661== D   refs:       44,061,986,476  (36,080,688,134 rd   + 7,981,298,342 wr)
==29661== D1  misses:      3,485,362,487  ( 3,479,459,866 rd   +     5,902,621 wr)
==29661== LLd misses:      2,066,536,858  ( 2,060,821,323 rd   +     5,715,535 wr)
==29661== D1  miss rate:             7.9% (           9.6%     +           0.1%  )
==29661== LLd miss rate:             4.7% (           5.7%     +           0.1%  )
==29661== 
==29661== LL refs:         3,485,364,299  ( 3,479,461,678 rd   +     5,902,621 wr)
==29661== LL misses:       2,066,538,665  ( 2,060,823,130 rd   +     5,715,535 wr)
==29661== LL miss rate:              1.3% (           1.4%     +           0.1%  )
