==24547== Cachegrind, a cache and branch-prediction profiler
==24547== Copyright (C) 2002-2017, and GNU GPL'd, by Nicholas Nethercote et al.
==24547== Using Valgrind-3.16.1 and LibVEX; rerun with -h for copyright info
==24547== Command: ./spc-small ../datasets/R15 600 2 15 0.707 1 2
==24547== 
--24547-- warning: L3 cache found, using its data for the LL simulation.
--24547-- warning: specified LL cache: line_size 64  assoc 11  total_size 25,952,256
--24547-- warning: simulated LL cache: line_size 64  assoc 12  total_size 25,165,824
Random cache replacement will be used
==24547== 
==24547== I   refs:      217,567
==24547== I1  misses:      1,464
==24547== LLi misses:      1,089
==24547== I1  miss rate:    0.67%
==24547== LLi miss rate:    0.50%
==24547== 
==24547== D   refs:       69,350  (54,870 rd   + 14,480 wr)
==24547== D1  misses:      4,160  ( 3,385 rd   +    775 wr)
==24547== LLd misses:      2,786  ( 2,181 rd   +    605 wr)
==24547== D1  miss rate:     6.0% (   6.2%     +    5.4%  )
==24547== LLd miss rate:     4.0% (   4.0%     +    4.2%  )
==24547== 
==24547== LL refs:         5,624  ( 4,849 rd   +    775 wr)
==24547== LL misses:       3,875  ( 3,270 rd   +    605 wr)
==24547== LL miss rate:      1.4% (   1.2%     +    4.2%  )
