==710== Cachegrind, a cache and branch-prediction profiler
==710== Copyright (C) 2002-2017, and GNU GPL'd, by Nicholas Nethercote et al.
==710== Using Valgrind-3.16.1 and LibVEX; rerun with -h for copyright info
==710== Command: ./mser .
==710== 
--710-- warning: L3 cache found, using its data for the LL simulation.
--710-- warning: specified LL cache: line_size 64  assoc 11  total_size 25,952,256
--710-- warning: simulated LL cache: line_size 64  assoc 12  total_size 25,165,824
FIFO cache replacement will be used
==710== 
==710== I   refs:      3,434,253,570
==710== I1  misses:            1,499
==710== LLi misses:            1,495
==710== I1  miss rate:          0.00%
==710== LLi miss rate:          0.00%
==710== 
==710== D   refs:      1,308,839,721  (891,688,009 rd   + 417,151,712 wr)
==710== D1  misses:       14,850,152  ( 11,911,656 rd   +   2,938,496 wr)
==710== LLd misses:        7,018,818  (  4,852,236 rd   +   2,166,582 wr)
==710== D1  miss rate:           1.1% (        1.3%     +         0.7%  )
==710== LLd miss rate:           0.5% (        0.5%     +         0.5%  )
==710== 
==710== LL refs:          14,851,651  ( 11,913,155 rd   +   2,938,496 wr)
==710== LL misses:         7,020,313  (  4,853,731 rd   +   2,166,582 wr)
==710== LL miss rate:            0.1% (        0.1%     +         0.5%  )
