==34177== Cachegrind, a cache and branch-prediction profiler
==34177== Copyright (C) 2002-2017, and GNU GPL'd, by Nicholas Nethercote et al.
==34177== Using Valgrind-3.16.1 and LibVEX; rerun with -h for copyright info
==34177== Command: ./texture_synthesis .
==34177== 
--34177-- warning: L3 cache found, using its data for the LL simulation.
--34177-- warning: specified LL cache: line_size 64  assoc 11  total_size 25,952,256
--34177-- warning: simulated LL cache: line_size 64  assoc 12  total_size 25,165,824
BIP cache replacement will be used
BIP Throttle parameter is set to 0.062500
==34177== 
==34177== Process terminating with default action of signal 15 (SIGTERM)
==34177==    at 0x10D460: create_texture (in /home/tkloda/cortexsuite/vision/benchmarks/texture_synthesis/data/fullhd/texture_synthesis)
==34177==    by 0x108AF4: main (in /home/tkloda/cortexsuite/vision/benchmarks/texture_synthesis/data/fullhd/texture_synthesis)
==34177== 
==34177== I   refs:      1,461,699,558
==34177== I1  misses:            1,300
==34177== LLi misses:            1,295
==34177== I1  miss rate:          0.00%
==34177== LLi miss rate:          0.00%
==34177== 
==34177== D   refs:        402,443,314  (361,020,585 rd   + 41,422,729 wr)
==34177== D1  misses:          351,004  (     60,883 rd   +    290,121 wr)
==34177== LLd misses:          343,929  (     57,275 rd   +    286,654 wr)
==34177== D1  miss rate:           0.1% (        0.0%     +        0.7%  )
==34177== LLd miss rate:           0.1% (        0.0%     +        0.7%  )
==34177== 
==34177== LL refs:             352,304  (     62,183 rd   +    290,121 wr)
==34177== LL misses:           345,224  (     58,570 rd   +    286,654 wr)
==34177== LL miss rate:            0.0% (        0.0%     +        0.7%  )
