==53244== Cachegrind, a cache and branch-prediction profiler
==53244== Copyright (C) 2002-2017, and GNU GPL'd, by Nicholas Nethercote et al.
==53244== Using Valgrind-3.16.1 and LibVEX; rerun with -h for copyright info
==53244== Command: ./rbm-medium
==53244== 
--53244-- warning: L3 cache found, using its data for the LL simulation.
--53244-- warning: specified LL cache: line_size 64  assoc 11  total_size 25,952,256
--53244-- warning: simulated LL cache: line_size 64  assoc 12  total_size 25,165,824
LIP cache replacement will be used
==53244== 
==53244== I   refs:      12,265,732,027
==53244== I1  misses:         5,403,531
==53244== LLi misses:             1,569
==53244== I1  miss rate:           0.04%
==53244== LLi miss rate:           0.00%
==53244== 
==53244== D   refs:       3,657,823,178  (2,777,601,363 rd   + 880,221,815 wr)
==53244== D1  misses:       469,642,163  (  432,151,919 rd   +  37,490,244 wr)
==53244== LLd misses:            48,458  (       24,789 rd   +      23,669 wr)
==53244== D1  miss rate:           12.8% (         15.6%     +         4.3%  )
==53244== LLd miss rate:            0.0% (          0.0%     +         0.0%  )
==53244== 
==53244== LL refs:          475,045,694  (  437,555,450 rd   +  37,490,244 wr)
==53244== LL misses:             50,027  (       26,358 rd   +      23,669 wr)
==53244== LL miss rate:             0.0% (          0.0%     +         0.0%  )
