==45627== Cachegrind, a cache and branch-prediction profiler
==45627== Copyright (C) 2002-2017, and GNU GPL'd, by Nicholas Nethercote et al.
==45627== Using Valgrind-3.16.1 and LibVEX; rerun with -h for copyright info
==45627== Command: ./me-medium
==45627== 
--45627-- warning: L3 cache found, using its data for the LL simulation.
--45627-- warning: specified LL cache: line_size 64  assoc 11  total_size 25,952,256
--45627-- warning: simulated LL cache: line_size 64  assoc 12  total_size 25,165,824
BIP cache replacement will be used
BIP Throttle parameter is set to 0.062500
==45627== brk segment overflow in thread #1: can't grow to 0x4a36000
==45627== (see section Limitations in user manual)
==45627== NOTE: further instances of this message will not be shown
==45627== 
==45627== I   refs:      582,717,344
==45627== I1  misses:          1,464
==45627== LLi misses:          1,460
==45627== I1  miss rate:        0.00%
==45627== LLi miss rate:        0.00%
==45627== 
==45627== D   refs:      104,638,589  (94,724,833 rd   + 9,913,756 wr)
==45627== D1  misses:        206,762  (    28,318 rd   +   178,444 wr)
==45627== LLd misses:        156,531  (     2,928 rd   +   153,603 wr)
==45627== D1  miss rate:         0.2% (       0.0%     +       1.8%  )
==45627== LLd miss rate:         0.1% (       0.0%     +       1.5%  )
==45627== 
==45627== LL refs:           208,226  (    29,782 rd   +   178,444 wr)
==45627== LL misses:         157,991  (     4,388 rd   +   153,603 wr)
==45627== LL miss rate:          0.0% (       0.0%     +       1.5%  )
