==51049== Cachegrind, a cache and branch-prediction profiler
==51049== Copyright (C) 2002-2017, and GNU GPL'd, by Nicholas Nethercote et al.
==51049== Using Valgrind-3.16.1 and LibVEX; rerun with -h for copyright info
==51049== Command: ./a.out large.txt
==51049== 
--51049-- warning: L3 cache found, using its data for the LL simulation.
--51049-- warning: specified LL cache: line_size 64  assoc 11  total_size 25,952,256
--51049-- warning: simulated LL cache: line_size 64  assoc 12  total_size 25,165,824
LRU cache replacement will be used
==51049== 
==51049== I   refs:      166,691,482,167
==51049== I1  misses:              1,789
==51049== LLi misses:              1,785
==51049== I1  miss rate:            0.00%
==51049== LLi miss rate:            0.00%
==51049== 
==51049== D   refs:      104,424,129,669  (95,529,538,739 rd   + 8,894,590,930 wr)
==51049== D1  misses:        173,361,841  (   172,551,662 rd   +       810,179 wr)
==51049== LLd misses:            253,046  (         2,289 rd   +       250,757 wr)
==51049== D1  miss rate:             0.2% (           0.2%     +           0.0%  )
==51049== LLd miss rate:             0.0% (           0.0%     +           0.0%  )
==51049== 
==51049== LL refs:           173,363,630  (   172,553,451 rd   +       810,179 wr)
==51049== LL misses:             254,831  (         4,074 rd   +       250,757 wr)
==51049== LL miss rate:              0.0% (           0.0%     +           0.0%  )
