==50581== Cachegrind, a cache and branch-prediction profiler
==50581== Copyright (C) 2002-2017, and GNU GPL'd, by Nicholas Nethercote et al.
==50581== Using Valgrind-3.16.1 and LibVEX; rerun with -h for copyright info
==50581== Command: ./pca-small small.data 1593 256 R
==50581== 
--50581-- warning: L3 cache found, using its data for the LL simulation.
--50581-- warning: specified LL cache: line_size 64  assoc 11  total_size 25,952,256
--50581-- warning: simulated LL cache: line_size 64  assoc 12  total_size 25,165,824
BIP cache replacement will be used
BIP Throttle parameter is set to 0.031250
==50581== 
==50581== I   refs:      1,489,668,863
==50581== I1  misses:            1,611
==50581== LLi misses:            1,607
==50581== I1  miss rate:          0.00%
==50581== LLi miss rate:          0.00%
==50581== 
==50581== D   refs:        597,905,958  (426,153,001 rd   + 171,752,957 wr)
==50581== D1  misses:           37,488  (      2,278 rd   +      35,210 wr)
==50581== LLd misses:           37,488  (      2,278 rd   +      35,210 wr)
==50581== D1  miss rate:           0.0% (        0.0%     +         0.0%  )
==50581== LLd miss rate:           0.0% (        0.0%     +         0.0%  )
==50581== 
==50581== LL refs:              39,099  (      3,889 rd   +      35,210 wr)
==50581== LL misses:            39,095  (      3,885 rd   +      35,210 wr)
==50581== LL miss rate:            0.0% (        0.0%     +         0.0%  )
