==22363== Cachegrind, a cache and branch-prediction profiler
==22363== Copyright (C) 2002-2017, and GNU GPL'd, by Nicholas Nethercote et al.
==22363== Using Valgrind-3.16.1 and LibVEX; rerun with -h for copyright info
==22363== Command: ./disparity .
==22363== 
--22363-- warning: L3 cache found, using its data for the LL simulation.
--22363-- warning: specified LL cache: line_size 64  assoc 11  total_size 25,952,256
--22363-- warning: simulated LL cache: line_size 64  assoc 12  total_size 25,165,824
LIP cache replacement will be used
==22363== 
==22363== I   refs:      1,281,749,648
==22363== I1  misses:            1,996
==22363== LLi misses:            1,635
==22363== I1  miss rate:          0.00%
==22363== LLi miss rate:          0.00%
==22363== 
==22363== D   refs:        519,594,083  (348,916,529 rd   + 170,677,554 wr)
==22363== D1  misses:      193,473,625  (134,208,601 rd   +  59,265,024 wr)
==22363== LLd misses:          295,075  (     58,535 rd   +     236,540 wr)
==22363== D1  miss rate:          37.2% (       38.5%     +        34.7%  )
==22363== LLd miss rate:           0.1% (        0.0%     +         0.1%  )
==22363== 
==22363== LL refs:         193,475,621  (134,210,597 rd   +  59,265,024 wr)
==22363== LL misses:           296,710  (     60,170 rd   +     236,540 wr)
==22363== LL miss rate:            0.0% (        0.0%     +         0.1%  )
