==20037== Cachegrind, a cache and branch-prediction profiler
==20037== Copyright (C) 2002-2017, and GNU GPL'd, by Nicholas Nethercote et al.
==20037== Using Valgrind-3.16.1 and LibVEX; rerun with -h for copyright info
==20037== Command: ./srr-large
==20037== 
--20037-- warning: L3 cache found, using its data for the LL simulation.
--20037-- warning: specified LL cache: line_size 64  assoc 11  total_size 25,952,256
--20037-- warning: simulated LL cache: line_size 64  assoc 12  total_size 25,165,824
LIP cache replacement will be used
==20037== brk segment overflow in thread #1: can't grow to 0x4a4b000
==20037== (see section Limitations in user manual)
==20037== NOTE: further instances of this message will not be shown
==20037== 
==20037== I   refs:      919,217,731,547
==20037== I1  misses:              1,560
==20037== LLi misses:              1,557
==20037== I1  miss rate:            0.00%
==20037== LLi miss rate:            0.00%
==20037== 
==20037== D   refs:      356,699,040,282  (240,279,389,403 rd   + 116,419,650,879 wr)
==20037== D1  misses:        174,868,147  (    169,391,162 rd   +       5,476,985 wr)
==20037== LLd misses:        144,746,175  (    141,584,874 rd   +       3,161,301 wr)
==20037== D1  miss rate:             0.0% (            0.1%     +             0.0%  )
==20037== LLd miss rate:             0.0% (            0.1%     +             0.0%  )
==20037== 
==20037== LL refs:           174,869,707  (    169,392,722 rd   +       5,476,985 wr)
==20037== LL misses:         144,747,732  (    141,586,431 rd   +       3,161,301 wr)
==20037== LL miss rate:              0.0% (            0.0%     +             0.0%  )
