==34649== Cachegrind, a cache and branch-prediction profiler
==34649== Copyright (C) 2002-2017, and GNU GPL'd, by Nicholas Nethercote et al.
==34649== Using Valgrind-3.16.1 and LibVEX; rerun with -h for copyright info
==34649== Command: ./spc-medium ../datasets/Aggregation 788 2 7 0.707 1
==34649== 
--34649-- warning: L3 cache found, using its data for the LL simulation.
--34649-- warning: specified LL cache: line_size 64  assoc 11  total_size 25,952,256
--34649-- warning: simulated LL cache: line_size 64  assoc 12  total_size 25,165,824
BIP cache replacement will be used
BIP Throttle parameter is set to 0.031250
==34649== 
==34649== I   refs:      11,307,967,301
==34649== I1  misses:         1,935,074
==34649== LLi misses:             1,757
==34649== I1  miss rate:           0.02%
==34649== LLi miss rate:           0.00%
==34649== 
==34649== D   refs:       4,030,824,656  (2,697,589,546 rd   + 1,333,235,110 wr)
==34649== D1  misses:       331,160,350  (  319,437,336 rd   +    11,723,014 wr)
==34649== LLd misses:            97,963  (       17,263 rd   +        80,700 wr)
==34649== D1  miss rate:            8.2% (         11.8%     +           0.9%  )
==34649== LLd miss rate:            0.0% (          0.0%     +           0.0%  )
==34649== 
==34649== LL refs:          333,095,424  (  321,372,410 rd   +    11,723,014 wr)
==34649== LL misses:             99,720  (       19,020 rd   +        80,700 wr)
==34649== LL miss rate:             0.0% (          0.0%     +           0.0%  )
