==59337== Cachegrind, a cache and branch-prediction profiler
==59337== Copyright (C) 2002-2017, and GNU GPL'd, by Nicholas Nethercote et al.
==59337== Using Valgrind-3.16.1 and LibVEX; rerun with -h for copyright info
==59337== Command: ./a.out large.txt
==59337== 
--59337-- warning: L3 cache found, using its data for the LL simulation.
--59337-- warning: specified LL cache: line_size 64  assoc 11  total_size 25,952,256
--59337-- warning: simulated LL cache: line_size 64  assoc 12  total_size 25,165,824
LRU cache replacement will be used
==59337== 
==59337== I   refs:      166,691,482,169
==59337== I1  misses:              1,788
==59337== LLi misses:              1,784
==59337== I1  miss rate:            0.00%
==59337== LLi miss rate:            0.00%
==59337== 
==59337== D   refs:      104,424,129,670  (95,529,538,739 rd   + 8,894,590,931 wr)
==59337== D1  misses:        157,350,834  (   156,765,854 rd   +       584,980 wr)
==59337== LLd misses:            253,046  (         2,288 rd   +       250,758 wr)
==59337== D1  miss rate:             0.2% (           0.2%     +           0.0%  )
==59337== LLd miss rate:             0.0% (           0.0%     +           0.0%  )
==59337== 
==59337== LL refs:           157,352,622  (   156,767,642 rd   +       584,980 wr)
==59337== LL misses:             254,830  (         4,072 rd   +       250,758 wr)
==59337== LL miss rate:              0.0% (           0.0%     +           0.0%  )
