==44302== Cachegrind, a cache and branch-prediction profiler
==44302== Copyright (C) 2002-2017, and GNU GPL'd, by Nicholas Nethercote et al.
==44302== Using Valgrind-3.16.1 and LibVEX; rerun with -h for copyright info
==44302== Command: ./lda-medium est .1 3 settings.txt medium/medium_data.dat random medium/results
==44302== 
--44302-- warning: L3 cache found, using its data for the LL simulation.
--44302-- warning: specified LL cache: line_size 64  assoc 11  total_size 25,952,256
--44302-- warning: simulated LL cache: line_size 64  assoc 12  total_size 25,165,824
FIFO cache replacement will be used
==44302== 
==44302== I   refs:      84,669,324,833
==44302== I1  misses:             2,179
==44302== LLi misses:             2,175
==44302== I1  miss rate:           0.00%
==44302== LLi miss rate:           0.00%
==44302== 
==44302== D   refs:      31,816,425,284  (24,177,337,975 rd   + 7,639,087,309 wr)
==44302== D1  misses:        11,985,614  (    11,328,655 rd   +       656,959 wr)
==44302== LLd misses:            29,580  (         2,778 rd   +        26,802 wr)
==44302== D1  miss rate:            0.0% (           0.0%     +           0.0%  )
==44302== LLd miss rate:            0.0% (           0.0%     +           0.0%  )
==44302== 
==44302== LL refs:           11,987,793  (    11,330,834 rd   +       656,959 wr)
==44302== LL misses:             31,755  (         4,953 rd   +        26,802 wr)
==44302== LL miss rate:             0.0% (           0.0%     +           0.0%  )
