==36607== Cachegrind, a cache and branch-prediction profiler
==36607== Copyright (C) 2002-2017, and GNU GPL'd, by Nicholas Nethercote et al.
==36607== Using Valgrind-3.16.1 and LibVEX; rerun with -h for copyright info
==36607== Command: ./lda-small est .1 3 settings.txt small/small_data.dat random small/result
==36607== 
--36607-- warning: L3 cache found, using its data for the LL simulation.
--36607-- warning: specified LL cache: line_size 64  assoc 11  total_size 25,952,256
--36607-- warning: simulated LL cache: line_size 64  assoc 12  total_size 25,165,824
Random cache replacement will be used
==36607== 
==36607== I   refs:      27,886,455,119
==36607== I1  misses:             2,228
==36607== LLi misses:             2,155
==36607== I1  miss rate:           0.00%
==36607== LLi miss rate:           0.00%
==36607== 
==36607== D   refs:      10,553,354,717  (7,995,117,259 rd   + 2,558,237,458 wr)
==36607== D1  misses:           475,537  (      436,348 rd   +        39,189 wr)
==36607== LLd misses:            15,868  (        2,805 rd   +        13,063 wr)
==36607== D1  miss rate:            0.0% (          0.0%     +           0.0%  )
==36607== LLd miss rate:            0.0% (          0.0%     +           0.0%  )
==36607== 
==36607== LL refs:              477,765  (      438,576 rd   +        39,189 wr)
==36607== LL misses:             18,023  (        4,960 rd   +        13,063 wr)
==36607== LL miss rate:             0.0% (          0.0%     +           0.0%  )
