==60657== Cachegrind, a cache and branch-prediction profiler
==60657== Copyright (C) 2002-2017, and GNU GPL'd, by Nicholas Nethercote et al.
==60657== Using Valgrind-3.16.1 and LibVEX; rerun with -h for copyright info
==60657== Command: ./multi_ncut .
==60657== 
--60657-- warning: L3 cache found, using its data for the LL simulation.
--60657-- warning: specified LL cache: line_size 64  assoc 11  total_size 25,952,256
--60657-- warning: simulated LL cache: line_size 64  assoc 12  total_size 25,165,824
FIFO cache replacement will be used
==60657== 
==60657== I   refs:      50,837,880,281
==60657== I1  misses:             1,560
==60657== LLi misses:             1,555
==60657== I1  miss rate:           0.00%
==60657== LLi miss rate:           0.00%
==60657== 
==60657== D   refs:       8,481,933,971  (8,475,496,697 rd   + 6,437,274 wr)
==60657== D1  misses:           254,917  (      129,878 rd   +   125,039 wr)
==60657== LLd misses:            48,920  (        2,259 rd   +    46,661 wr)
==60657== D1  miss rate:            0.0% (          0.0%     +       1.9%  )
==60657== LLd miss rate:            0.0% (          0.0%     +       0.7%  )
==60657== 
==60657== LL refs:              256,477  (      131,438 rd   +   125,039 wr)
==60657== LL misses:             50,475  (        3,814 rd   +    46,661 wr)
==60657== LL miss rate:             0.0% (          0.0%     +       0.7%  )
