==54318== Cachegrind, a cache and branch-prediction profiler
==54318== Copyright (C) 2002-2017, and GNU GPL'd, by Nicholas Nethercote et al.
==54318== Using Valgrind-3.16.1 and LibVEX; rerun with -h for copyright info
==54318== Command: ./tracking .
==54318== 
--54318-- warning: L3 cache found, using its data for the LL simulation.
--54318-- warning: specified LL cache: line_size 64  assoc 11  total_size 25,952,256
--54318-- warning: simulated LL cache: line_size 64  assoc 12  total_size 25,165,824
BIP cache replacement will be used
BIP Throttle parameter is set to 0.031250
==54318== brk segment overflow in thread #1: can't grow to 0x5026000
==54318== (see section Limitations in user manual)
==54318== NOTE: further instances of this message will not be shown
==54318== 
==54318== I   refs:      7,862,358,996
==54318== I1  misses:            1,727
==54318== LLi misses:            1,723
==54318== I1  miss rate:          0.00%
==54318== LLi miss rate:          0.00%
==54318== 
==54318== D   refs:      2,585,046,516  (1,824,545,510 rd   + 760,501,006 wr)
==54318== D1  misses:       18,599,283  (    7,165,201 rd   +  11,434,082 wr)
==54318== LLd misses:       15,059,018  (    5,671,883 rd   +   9,387,135 wr)
==54318== D1  miss rate:           0.7% (          0.4%     +         1.5%  )
==54318== LLd miss rate:           0.6% (          0.3%     +         1.2%  )
==54318== 
==54318== LL refs:          18,601,010  (    7,166,928 rd   +  11,434,082 wr)
==54318== LL misses:        15,060,741  (    5,673,606 rd   +   9,387,135 wr)
==54318== LL miss rate:            0.1% (          0.1%     +         1.2%  )
