==786== Cachegrind, a cache and branch-prediction profiler
==786== Copyright (C) 2002-2017, and GNU GPL'd, by Nicholas Nethercote et al.
==786== Using Valgrind-3.16.1 and LibVEX; rerun with -h for copyright info
==786== Command: ./mser .
==786== 
--786-- warning: L3 cache found, using its data for the LL simulation.
--786-- warning: specified LL cache: line_size 64  assoc 11  total_size 25,952,256
--786-- warning: simulated LL cache: line_size 64  assoc 12  total_size 25,165,824
BIP cache replacement will be used
BIP Throttle parameter is set to 0.062500
==786== 
==786== I   refs:      3,434,253,570
==786== I1  misses:           45,716
==786== LLi misses:            1,837
==786== I1  miss rate:          0.00%
==786== LLi miss rate:          0.00%
==786== 
==786== D   refs:      1,308,839,721  (891,688,009 rd   + 417,151,712 wr)
==786== D1  misses:       24,428,515  ( 20,434,589 rd   +   3,993,926 wr)
==786== LLd misses:        8,513,823  (  6,454,032 rd   +   2,059,791 wr)
==786== D1  miss rate:           1.9% (        2.3%     +         1.0%  )
==786== LLd miss rate:           0.7% (        0.7%     +         0.5%  )
==786== 
==786== LL refs:          24,474,231  ( 20,480,305 rd   +   3,993,926 wr)
==786== LL misses:         8,515,660  (  6,455,869 rd   +   2,059,791 wr)
==786== LL miss rate:            0.2% (        0.1%     +         0.5%  )
