==23995== Cachegrind, a cache and branch-prediction profiler
==23995== Copyright (C) 2002-2017, and GNU GPL'd, by Nicholas Nethercote et al.
==23995== Using Valgrind-3.16.1 and LibVEX; rerun with -h for copyright info
==23995== Command: ./a.out small.txt
==23995== 
--23995-- warning: L3 cache found, using its data for the LL simulation.
--23995-- warning: specified LL cache: line_size 64  assoc 11  total_size 25,952,256
--23995-- warning: simulated LL cache: line_size 64  assoc 12  total_size 25,165,824
BIP cache replacement will be used
BIP Throttle parameter is set to 0.062500
==23995== 
==23995== I   refs:      219,666,586
==23995== I1  misses:          2,082
==23995== LLi misses:          1,765
==23995== I1  miss rate:        0.00%
==23995== LLi miss rate:        0.00%
==23995== 
==23995== D   refs:      128,686,218  (113,044,780 rd   + 15,641,438 wr)
==23995== D1  misses:        193,211  (    183,588 rd   +      9,623 wr)
==23995== LLd misses:          5,421  (      2,305 rd   +      3,116 wr)
==23995== D1  miss rate:         0.2% (        0.2%     +        0.1%  )
==23995== LLd miss rate:         0.0% (        0.0%     +        0.0%  )
==23995== 
==23995== LL refs:           195,293  (    185,670 rd   +      9,623 wr)
==23995== LL misses:           7,186  (      4,070 rd   +      3,116 wr)
==23995== LL miss rate:          0.0% (        0.0%     +        0.0%  )
