==19358== Cachegrind, a cache and branch-prediction profiler
==19358== Copyright (C) 2002-2017, and GNU GPL'd, by Nicholas Nethercote et al.
==19358== Using Valgrind-3.16.1 and LibVEX; rerun with -h for copyright info
==19358== Command: ./mser .
==19358== 
--19358-- warning: L3 cache found, using its data for the LL simulation.
--19358-- warning: specified LL cache: line_size 64  assoc 11  total_size 25,952,256
--19358-- warning: simulated LL cache: line_size 64  assoc 12  total_size 25,165,824
LIP cache replacement will be used
==19358== 
==19358== I   refs:      157,426,193
==19358== I1  misses:         22,918
==19358== LLi misses:          1,547
==19358== I1  miss rate:        0.01%
==19358== LLi miss rate:        0.00%
==19358== 
==19358== D   refs:       59,523,786  (40,510,722 rd   + 19,013,064 wr)
==19358== D1  misses:      1,714,561  ( 1,466,768 rd   +    247,793 wr)
==19358== LLd misses:         77,818  (     8,480 rd   +     69,338 wr)
==19358== D1  miss rate:         2.9% (       3.6%     +        1.3%  )
==19358== LLd miss rate:         0.1% (       0.0%     +        0.4%  )
==19358== 
==19358== LL refs:         1,737,479  ( 1,489,686 rd   +    247,793 wr)
==19358== LL misses:          79,365  (    10,027 rd   +     69,338 wr)
==19358== LL miss rate:          0.0% (       0.0%     +        0.4%  )
