==23227== Cachegrind, a cache and branch-prediction profiler
==23227== Copyright (C) 2002-2017, and GNU GPL'd, by Nicholas Nethercote et al.
==23227== Using Valgrind-3.16.1 and LibVEX; rerun with -h for copyright info
==23227== Command: ./sift .
==23227== 
--23227-- warning: L3 cache found, using its data for the LL simulation.
--23227-- warning: specified LL cache: line_size 64  assoc 11  total_size 25,952,256
--23227-- warning: simulated LL cache: line_size 64  assoc 12  total_size 25,165,824
FIFO cache replacement will be used
==23227== brk segment overflow in thread #1: can't grow to 0x4a36000
==23227== (see section Limitations in user manual)
==23227== NOTE: further instances of this message will not be shown
==23227== 
==23227== I   refs:      1,142,732,445
==23227== I1  misses:        3,351,352
==23227== LLi misses:            2,092
==23227== I1  miss rate:          0.29%
==23227== LLi miss rate:          0.00%
==23227== 
==23227== D   refs:        350,629,227  (243,842,190 rd   + 106,787,037 wr)
==23227== D1  misses:       64,179,531  ( 55,272,907 rd   +   8,906,624 wr)
==23227== LLd misses:          552,595  (     18,048 rd   +     534,547 wr)
==23227== D1  miss rate:          18.3% (       22.7%     +         8.3%  )
==23227== LLd miss rate:           0.2% (        0.0%     +         0.5%  )
==23227== 
==23227== LL refs:          67,530,883  ( 58,624,259 rd   +   8,906,624 wr)
==23227== LL misses:           554,687  (     20,140 rd   +     534,547 wr)
==23227== LL miss rate:            0.0% (        0.0%     +         0.5%  )
