==39616== Cachegrind, a cache and branch-prediction profiler
==39616== Copyright (C) 2002-2017, and GNU GPL'd, by Nicholas Nethercote et al.
==39616== Using Valgrind-3.16.1 and LibVEX; rerun with -h for copyright info
==39616== Command: ./sift .
==39616== 
--39616-- warning: L3 cache found, using its data for the LL simulation.
--39616-- warning: specified LL cache: line_size 64  assoc 11  total_size 25,952,256
--39616-- warning: simulated LL cache: line_size 64  assoc 12  total_size 25,165,824
LIP cache replacement will be used
==39616== 
==39616== I   refs:      288,805,098
==39616== I1  misses:          1,780
==39616== LLi misses:          1,776
==39616== I1  miss rate:        0.00%
==39616== LLi miss rate:        0.00%
==39616== 
==39616== D   refs:       87,842,395  (61,419,274 rd   + 26,423,121 wr)
==39616== D1  misses:        183,136  (    27,503 rd   +    155,633 wr)
==39616== LLd misses:        183,134  (    27,501 rd   +    155,633 wr)
==39616== D1  miss rate:         0.2% (       0.0%     +        0.6%  )
==39616== LLd miss rate:         0.2% (       0.0%     +        0.6%  )
==39616== 
==39616== LL refs:           184,916  (    29,283 rd   +    155,633 wr)
==39616== LL misses:         184,910  (    29,277 rd   +    155,633 wr)
==39616== LL miss rate:          0.0% (       0.0%     +        0.6%  )
