==23853== Cachegrind, a cache and branch-prediction profiler
==23853== Copyright (C) 2002-2017, and GNU GPL'd, by Nicholas Nethercote et al.
==23853== Using Valgrind-3.16.1 and LibVEX; rerun with -h for copyright info
==23853== Command: ./a.out small.txt
==23853== 
--23853-- warning: L3 cache found, using its data for the LL simulation.
--23853-- warning: specified LL cache: line_size 64  assoc 11  total_size 25,952,256
--23853-- warning: simulated LL cache: line_size 64  assoc 12  total_size 25,165,824
FIFO cache replacement will be used
==23853== 
==23853== I   refs:      219,666,598
==23853== I1  misses:          1,763
==23853== LLi misses:          1,758
==23853== I1  miss rate:        0.00%
==23853== LLi miss rate:        0.00%
==23853== 
==23853== D   refs:      128,686,220  (113,044,781 rd   + 15,641,439 wr)
==23853== D1  misses:          7,447  (      3,088 rd   +      4,359 wr)
==23853== LLd misses:          5,399  (      2,286 rd   +      3,113 wr)
==23853== D1  miss rate:         0.0% (        0.0%     +        0.0%  )
==23853== LLd miss rate:         0.0% (        0.0%     +        0.0%  )
==23853== 
==23853== LL refs:             9,210  (      4,851 rd   +      4,359 wr)
==23853== LL misses:           7,157  (      4,044 rd   +      3,113 wr)
==23853== LL miss rate:          0.0% (        0.0%     +        0.0%  )
