==27361== Cachegrind, a cache and branch-prediction profiler
==27361== Copyright (C) 2002-2017, and GNU GPL'd, by Nicholas Nethercote et al.
==27361== Using Valgrind-3.16.1 and LibVEX; rerun with -h for copyright info
==27361== Command: ./tracking .
==27361== 
--27361-- warning: L3 cache found, using its data for the LL simulation.
--27361-- warning: specified LL cache: line_size 64  assoc 11  total_size 25,952,256
--27361-- warning: simulated LL cache: line_size 64  assoc 12  total_size 25,165,824
BIP cache replacement will be used
BIP Throttle parameter is set to 0.015625
==27361== 
==27361== I   refs:      426,561,191
==27361== I1  misses:         34,403
==27361== LLi misses:          1,890
==27361== I1  miss rate:        0.01%
==27361== LLi miss rate:        0.00%
==27361== 
==27361== D   refs:      140,543,721  (98,243,013 rd   + 42,300,708 wr)
==27361== D1  misses:      6,019,299  ( 4,710,729 rd   +  1,308,570 wr)
==27361== LLd misses:         96,653  (     2,502 rd   +     94,151 wr)
==27361== D1  miss rate:         4.3% (       4.8%     +        3.1%  )
==27361== LLd miss rate:         0.1% (       0.0%     +        0.2%  )
==27361== 
==27361== LL refs:         6,053,702  ( 4,745,132 rd   +  1,308,570 wr)
==27361== LL misses:          98,543  (     4,392 rd   +     94,151 wr)
==27361== LL miss rate:          0.0% (       0.0%     +        0.2%  )
