==29709== Cachegrind, a cache and branch-prediction profiler
==29709== Copyright (C) 2002-2017, and GNU GPL'd, by Nicholas Nethercote et al.
==29709== Using Valgrind-3.16.1 and LibVEX; rerun with -h for copyright info
==29709== Command: ./kmeans-small ../datasets/yeast 1484 8 10
==29709== 
--29709-- warning: L3 cache found, using its data for the LL simulation.
--29709-- warning: specified LL cache: line_size 64  assoc 11  total_size 25,952,256
--29709-- warning: simulated LL cache: line_size 64  assoc 12  total_size 25,165,824
FIFO cache replacement will be used
==29709== 
==29709== I   refs:      56,157,743
==29709== I1  misses:         1,471
==29709== LLi misses:         1,468
==29709== I1  miss rate:       0.00%
==29709== LLi miss rate:       0.00%
==29709== 
==29709== D   refs:      15,831,282  (13,089,293 rd   + 2,741,989 wr)
==29709== D1  misses:         4,964  (     2,147 rd   +     2,817 wr)
==29709== LLd misses:         4,964  (     2,147 rd   +     2,817 wr)
==29709== D1  miss rate:        0.0% (       0.0%     +       0.1%  )
==29709== LLd miss rate:        0.0% (       0.0%     +       0.1%  )
==29709== 
==29709== LL refs:            6,435  (     3,618 rd   +     2,817 wr)
==29709== LL misses:          6,432  (     3,615 rd   +     2,817 wr)
==29709== LL miss rate:         0.0% (       0.0%     +       0.1%  )
