==42640== Cachegrind, a cache and branch-prediction profiler
==42640== Copyright (C) 2002-2017, and GNU GPL'd, by Nicholas Nethercote et al.
==42640== Using Valgrind-3.16.1 and LibVEX; rerun with -h for copyright info
==42640== Command: ./liblinear-tsmall data/100M/crime_scale
==42640== 
--42640-- warning: L3 cache found, using its data for the LL simulation.
--42640-- warning: specified LL cache: line_size 64  assoc 11  total_size 25,952,256
--42640-- warning: simulated LL cache: line_size 64  assoc 12  total_size 25,165,824
Random cache replacement will be used
==42640== 
==42640== I   refs:      475,760,499
==42640== I1  misses:     19,320,177
==42640== LLi misses:          1,867
==42640== I1  miss rate:        4.06%
==42640== LLi miss rate:        0.00%
==42640== 
==42640== D   refs:      169,726,964  (132,316,255 rd   + 37,410,709 wr)
==42640== D1  misses:      9,925,642  (  9,568,659 rd   +    356,983 wr)
==42640== LLd misses:         69,010  (      5,382 rd   +     63,628 wr)
==42640== D1  miss rate:         5.8% (        7.2%     +        1.0%  )
==42640== LLd miss rate:         0.0% (        0.0%     +        0.2%  )
==42640== 
==42640== LL refs:        29,245,819  ( 28,888,836 rd   +    356,983 wr)
==42640== LL misses:          70,877  (      7,249 rd   +     63,628 wr)
==42640== LL miss rate:          0.0% (        0.0%     +        0.2%  )
