==24862== Cachegrind, a cache and branch-prediction profiler
==24862== Copyright (C) 2002-2017, and GNU GPL'd, by Nicholas Nethercote et al.
==24862== Using Valgrind-3.16.1 and LibVEX; rerun with -h for copyright info
==24862== Command: ./spc-medium ../datasets/Aggregation 788 2 7 0.707 1
==24862== 
--24862-- warning: L3 cache found, using its data for the LL simulation.
--24862-- warning: specified LL cache: line_size 64  assoc 11  total_size 25,952,256
--24862-- warning: simulated LL cache: line_size 64  assoc 12  total_size 25,165,824
BIP cache replacement will be used
BIP Throttle parameter is set to 0.031250
==24862== 
==24862== I   refs:      11,307,967,443
==24862== I1  misses:             1,726
==24862== LLi misses:             1,719
==24862== I1  miss rate:           0.00%
==24862== LLi miss rate:           0.00%
==24862== 
==24862== D   refs:       4,030,824,679  (2,697,589,568 rd   + 1,333,235,111 wr)
==24862== D1  misses:        96,323,204  (   96,184,490 rd   +       138,714 wr)
==24862== LLd misses:           454,767  (      348,229 rd   +       106,538 wr)
==24862== D1  miss rate:            2.4% (          3.6%     +           0.0%  )
==24862== LLd miss rate:            0.0% (          0.0%     +           0.0%  )
==24862== 
==24862== LL refs:           96,324,930  (   96,186,216 rd   +       138,714 wr)
==24862== LL misses:            456,486  (      349,948 rd   +       106,538 wr)
==24862== LL miss rate:             0.0% (          0.0%     +           0.0%  )
