==46742== Cachegrind, a cache and branch-prediction profiler
==46742== Copyright (C) 2002-2017, and GNU GPL'd, by Nicholas Nethercote et al.
==46742== Using Valgrind-3.16.1 and LibVEX; rerun with -h for copyright info
==46742== Command: ./me-small
==46742== 
--46742-- warning: L3 cache found, using its data for the LL simulation.
--46742-- warning: specified LL cache: line_size 64  assoc 11  total_size 25,952,256
--46742-- warning: simulated LL cache: line_size 64  assoc 12  total_size 25,165,824
BIP cache replacement will be used
BIP Throttle parameter is set to 0.062500
==46742== 
==46742== I   refs:      47,322,214
==46742== I1  misses:        54,682
==46742== LLi misses:         1,452
==46742== I1  miss rate:       0.12%
==46742== LLi miss rate:       0.00%
==46742== 
==46742== D   refs:       7,814,012  (7,203,498 rd   + 610,514 wr)
==46742== D1  misses:       125,325  (   87,058 rd   +  38,267 wr)
==46742== LLd misses:        17,890  (    2,162 rd   +  15,728 wr)
==46742== D1  miss rate:        1.6% (      1.2%     +     6.3%  )
==46742== LLd miss rate:        0.2% (      0.0%     +     2.6%  )
==46742== 
==46742== LL refs:          180,007  (  141,740 rd   +  38,267 wr)
==46742== LL misses:         19,342  (    3,614 rd   +  15,728 wr)
==46742== LL miss rate:         0.0% (      0.0%     +     2.6%  )
