==24467== Cachegrind, a cache and branch-prediction profiler
==24467== Copyright (C) 2002-2017, and GNU GPL'd, by Nicholas Nethercote et al.
==24467== Using Valgrind-3.16.1 and LibVEX; rerun with -h for copyright info
==24467== Command: ./stitch .
==24467== 
--24467-- warning: L3 cache found, using its data for the LL simulation.
--24467-- warning: specified LL cache: line_size 64  assoc 11  total_size 25,952,256
--24467-- warning: simulated LL cache: line_size 64  assoc 12  total_size 25,165,824
FIFO cache replacement will be used
==24467== 
==24467== I   refs:      984,189,907
==24467== I1  misses:         68,602
==24467== LLi misses:          1,678
==24467== I1  miss rate:        0.01%
==24467== LLi miss rate:        0.00%
==24467== 
==24467== D   refs:      267,452,303  (187,194,798 rd   + 80,257,505 wr)
==24467== D1  misses:     10,313,511  (  5,864,876 rd   +  4,448,635 wr)
==24467== LLd misses:         62,904  (      2,265 rd   +     60,639 wr)
==24467== D1  miss rate:         3.9% (        3.1%     +        5.5%  )
==24467== LLd miss rate:         0.0% (        0.0%     +        0.1%  )
==24467== 
==24467== LL refs:        10,382,113  (  5,933,478 rd   +  4,448,635 wr)
==24467== LL misses:          64,582  (      3,943 rd   +     60,639 wr)
==24467== LL miss rate:          0.0% (        0.0%     +        0.1%  )
