==41257== Cachegrind, a cache and branch-prediction profiler
==41257== Copyright (C) 2002-2017, and GNU GPL'd, by Nicholas Nethercote et al.
==41257== Using Valgrind-3.16.1 and LibVEX; rerun with -h for copyright info
==41257== Command: ./sift .
==41257== 
--41257-- warning: L3 cache found, using its data for the LL simulation.
--41257-- warning: specified LL cache: line_size 64  assoc 11  total_size 25,952,256
--41257-- warning: simulated LL cache: line_size 64  assoc 12  total_size 25,165,824
Random cache replacement will be used
==41257== brk segment overflow in thread #1: can't grow to 0x4cd9000
==41257== (see section Limitations in user manual)
==41257== NOTE: further instances of this message will not be shown
==41257== 
==41257== I   refs:      3,167,698,922
==41257== I1  misses:       18,622,936
==41257== LLi misses:            2,679
==41257== I1  miss rate:          0.59%
==41257== LLi miss rate:          0.00%
==41257== 
==41257== D   refs:        974,218,451  (676,537,132 rd   + 297,681,319 wr)
==41257== D1  misses:      265,380,153  (224,013,858 rd   +  41,366,295 wr)
==41257== LLd misses:        2,844,079  (  1,172,915 rd   +   1,671,164 wr)
==41257== D1  miss rate:          27.2% (       33.1%     +        13.9%  )
==41257== LLd miss rate:           0.3% (        0.2%     +         0.6%  )
==41257== 
==41257== LL refs:         284,003,089  (242,636,794 rd   +  41,366,295 wr)
==41257== LL misses:         2,846,758  (  1,175,594 rd   +   1,671,164 wr)
==41257== LL miss rate:            0.1% (        0.0%     +         0.6%  )
