==42217== Cachegrind, a cache and branch-prediction profiler
==42217== Copyright (C) 2002-2017, and GNU GPL'd, by Nicholas Nethercote et al.
==42217== Using Valgrind-3.16.1 and LibVEX; rerun with -h for copyright info
==42217== Command: ./svm .
==42217== 
--42217-- warning: L3 cache found, using its data for the LL simulation.
--42217-- warning: specified LL cache: line_size 64  assoc 11  total_size 25,952,256
--42217-- warning: simulated LL cache: line_size 64  assoc 12  total_size 25,165,824
FIFO cache replacement will be used
==42217== 
==42217== I   refs:      776,814,429
==42217== I1  misses:    117,321,952
==42217== LLi misses:          1,659
==42217== I1  miss rate:       15.10%
==42217== LLi miss rate:        0.00%
==42217== 
==42217== D   refs:      283,286,898  (180,216,204 rd   + 103,070,694 wr)
==42217== D1  misses:     50,782,409  ( 35,404,924 rd   +  15,377,485 wr)
==42217== LLd misses:         38,886  (      2,354 rd   +      36,532 wr)
==42217== D1  miss rate:        17.9% (       19.6%     +        14.9%  )
==42217== LLd miss rate:         0.0% (        0.0%     +         0.0%  )
==42217== 
==42217== LL refs:       168,104,361  (152,726,876 rd   +  15,377,485 wr)
==42217== LL misses:          40,545  (      4,013 rd   +      36,532 wr)
==42217== LL miss rate:          0.0% (        0.0%     +         0.0%  )
