==29377== Cachegrind, a cache and branch-prediction profiler
==29377== Copyright (C) 2002-2017, and GNU GPL'd, by Nicholas Nethercote et al.
==29377== Using Valgrind-3.16.1 and LibVEX; rerun with -h for copyright info
==29377== Command: ./kmeans-small ../datasets/yeast 1484 8 10
==29377== 
--29377-- warning: L3 cache found, using its data for the LL simulation.
--29377-- warning: specified LL cache: line_size 64  assoc 11  total_size 25,952,256
--29377-- warning: simulated LL cache: line_size 64  assoc 12  total_size 25,165,824
LIP cache replacement will be used
==29377== 
==29377== I   refs:      56,158,047
==29377== I1  misses:         1,471
==29377== LLi misses:         1,468
==29377== I1  miss rate:       0.00%
==29377== LLi miss rate:       0.00%
==29377== 
==29377== D   refs:      15,831,401  (13,089,368 rd   + 2,742,033 wr)
==29377== D1  misses:         4,966  (     2,149 rd   +     2,817 wr)
==29377== LLd misses:         4,966  (     2,149 rd   +     2,817 wr)
==29377== D1  miss rate:        0.0% (       0.0%     +       0.1%  )
==29377== LLd miss rate:        0.0% (       0.0%     +       0.1%  )
==29377== 
==29377== LL refs:            6,437  (     3,620 rd   +     2,817 wr)
==29377== LL misses:          6,434  (     3,617 rd   +     2,817 wr)
==29377== LL miss rate:         0.0% (       0.0%     +       0.1%  )
