==45478== Cachegrind, a cache and branch-prediction profiler
==45478== Copyright (C) 2002-2017, and GNU GPL'd, by Nicholas Nethercote et al.
==45478== Using Valgrind-3.16.1 and LibVEX; rerun with -h for copyright info
==45478== Command: ./me-medium
==45478== 
--45478-- warning: L3 cache found, using its data for the LL simulation.
--45478-- warning: specified LL cache: line_size 64  assoc 11  total_size 25,952,256
--45478-- warning: simulated LL cache: line_size 64  assoc 12  total_size 25,165,824
FIFO cache replacement will be used
==45478== brk segment overflow in thread #1: can't grow to 0x4a36000
==45478== (see section Limitations in user manual)
==45478== NOTE: further instances of this message will not be shown
==45478== 
==45478== I   refs:      582,717,344
==45478== I1  misses:          1,463
==45478== LLi misses:          1,459
==45478== I1  miss rate:        0.00%
==45478== LLi miss rate:        0.00%
==45478== 
==45478== D   refs:      104,638,589  (94,724,833 rd   + 9,913,756 wr)
==45478== D1  misses:        156,244  (     2,777 rd   +   153,467 wr)
==45478== LLd misses:        156,025  (     2,620 rd   +   153,405 wr)
==45478== D1  miss rate:         0.1% (       0.0%     +       1.5%  )
==45478== LLd miss rate:         0.1% (       0.0%     +       1.5%  )
==45478== 
==45478== LL refs:           157,707  (     4,240 rd   +   153,467 wr)
==45478== LL misses:         157,484  (     4,079 rd   +   153,405 wr)
==45478== LL miss rate:          0.0% (       0.0%     +       1.5%  )
