==39589== Cachegrind, a cache and branch-prediction profiler
==39589== Copyright (C) 2002-2017, and GNU GPL'd, by Nicholas Nethercote et al.
==39589== Using Valgrind-3.16.1 and LibVEX; rerun with -h for copyright info
==39589== Command: ./lda-large est .1 3 settings.txt large/large_data.dat random large/results
==39589== 
--39589-- warning: L3 cache found, using its data for the LL simulation.
--39589-- warning: specified LL cache: line_size 64  assoc 11  total_size 25,952,256
--39589-- warning: simulated LL cache: line_size 64  assoc 12  total_size 25,165,824
BIP cache replacement will be used
BIP Throttle parameter is set to 0.031250
==39589== 
==39589== I   refs:      152,995,775,442
==39589== I1  misses:              2,154
==39589== LLi misses:              2,150
==39589== I1  miss rate:            0.00%
==39589== LLi miss rate:            0.00%
==39589== 
==39589== D   refs:       57,466,953,180  (43,690,794,437 rd   + 13,776,158,743 wr)
==39589== D1  misses:             54,869  (         4,924 rd   +         49,945 wr)
==39589== LLd misses:             54,112  (         4,167 rd   +         49,945 wr)
==39589== D1  miss rate:             0.0% (           0.0%     +            0.0%  )
==39589== LLd miss rate:             0.0% (           0.0%     +            0.0%  )
==39589== 
==39589== LL refs:                57,023  (         7,078 rd   +         49,945 wr)
==39589== LL misses:              56,262  (         6,317 rd   +         49,945 wr)
==39589== LL miss rate:              0.0% (           0.0%     +            0.0%  )
