==56869== Cachegrind, a cache and branch-prediction profiler
==56869== Copyright (C) 2002-2017, and GNU GPL'd, by Nicholas Nethercote et al.
==56869== Using Valgrind-3.16.1 and LibVEX; rerun with -h for copyright info
==56869== Command: ./spc-small ../datasets/R15 600 2 15 0.707 1 2
==56869== 
--56869-- warning: L3 cache found, using its data for the LL simulation.
--56869-- warning: specified LL cache: line_size 64  assoc 11  total_size 25,952,256
--56869-- warning: simulated LL cache: line_size 64  assoc 12  total_size 25,165,824
LIP cache replacement will be used
==56869== 
==56869== I   refs:      217,405
==56869== I1  misses:      1,099
==56869== LLi misses:      1,090
==56869== I1  miss rate:    0.51%
==56869== LLi miss rate:    0.50%
==56869== 
==56869== D   refs:       69,324  (54,846 rd   + 14,478 wr)
==56869== D1  misses:      2,893  ( 2,281 rd   +    612 wr)
==56869== LLd misses:      2,786  ( 2,180 rd   +    606 wr)
==56869== D1  miss rate:     4.2% (   4.2%     +    4.2%  )
==56869== LLd miss rate:     4.0% (   4.0%     +    4.2%  )
==56869== 
==56869== LL refs:         3,992  ( 3,380 rd   +    612 wr)
==56869== LL misses:       3,876  ( 3,270 rd   +    606 wr)
==56869== LL miss rate:      1.4% (   1.2%     +    4.2%  )
