==25124== Cachegrind, a cache and branch-prediction profiler
==25124== Copyright (C) 2002-2017, and GNU GPL'd, by Nicholas Nethercote et al.
==25124== Using Valgrind-3.16.1 and LibVEX; rerun with -h for copyright info
==25124== Command: ./a.out med.txt
==25124== 
--25124-- warning: L3 cache found, using its data for the LL simulation.
--25124-- warning: specified LL cache: line_size 64  assoc 11  total_size 25,952,256
--25124-- warning: simulated LL cache: line_size 64  assoc 12  total_size 25,165,824
BIP cache replacement will be used
BIP Throttle parameter is set to 0.062500
==25124== 
==25124== I   refs:      21,540,689,415
==25124== I1  misses:        95,000,513
==25124== LLi misses:             1,891
==25124== I1  miss rate:           0.44%
==25124== LLi miss rate:           0.00%
==25124== 
==25124== D   refs:      13,370,670,447  (12,167,996,487 rd   + 1,202,673,960 wr)
==25124== D1  misses:       727,687,183  (   709,317,658 rd   +    18,369,525 wr)
==25124== LLd misses:            65,508  (         2,309 rd   +        63,199 wr)
==25124== D1  miss rate:            5.4% (           5.8%     +           1.5%  )
==25124== LLd miss rate:            0.0% (           0.0%     +           0.0%  )
==25124== 
==25124== LL refs:          822,687,696  (   804,318,171 rd   +    18,369,525 wr)
==25124== LL misses:             67,399  (         4,200 rd   +        63,199 wr)
==25124== LL miss rate:             0.0% (           0.0%     +           0.0%  )
