==22451== Cachegrind, a cache and branch-prediction profiler
==22451== Copyright (C) 2002-2017, and GNU GPL'd, by Nicholas Nethercote et al.
==22451== Using Valgrind-3.16.1 and LibVEX; rerun with -h for copyright info
==22451== Command: ./srr-small
==22451== 
--22451-- warning: L3 cache found, using its data for the LL simulation.
--22451-- warning: specified LL cache: line_size 64  assoc 11  total_size 25,952,256
--22451-- warning: simulated LL cache: line_size 64  assoc 12  total_size 25,165,824
Random cache replacement will be used
==22451== 
==22451== I   refs:      19,999,787,105
==22451== I1  misses:             8,322
==22451== LLi misses:             1,519
==22451== I1  miss rate:           0.00%
==22451== LLi miss rate:           0.00%
==22451== 
==22451== D   refs:       7,796,537,243  (5,247,433,899 rd   + 2,549,103,344 wr)
==22451== D1  misses:       617,010,021  (  588,998,260 rd   +    28,011,761 wr)
==22451== LLd misses:            13,386  (        2,537 rd   +        10,849 wr)
==22451== D1  miss rate:            7.9% (         11.2%     +           1.1%  )
==22451== LLd miss rate:            0.0% (          0.0%     +           0.0%  )
==22451== 
==22451== LL refs:          617,018,343  (  589,006,582 rd   +    28,011,761 wr)
==22451== LL misses:             14,905  (        4,056 rd   +        10,849 wr)
==22451== LL miss rate:             0.0% (          0.0%     +           0.0%  )
