==53724== Cachegrind, a cache and branch-prediction profiler
==53724== Copyright (C) 2002-2017, and GNU GPL'd, by Nicholas Nethercote et al.
==53724== Using Valgrind-3.16.1 and LibVEX; rerun with -h for copyright info
==53724== Command: ./pca-medium medium.data 722 800 R
==53724== 
--53724-- warning: L3 cache found, using its data for the LL simulation.
--53724-- warning: specified LL cache: line_size 64  assoc 11  total_size 25,952,256
--53724-- warning: simulated LL cache: line_size 64  assoc 12  total_size 25,165,824
BIP cache replacement will be used
BIP Throttle parameter is set to 0.062500
==53724== 
==53724== I   refs:      14,218,322,057
==53724== I1  misses:        70,272,430
==53724== LLi misses:             1,688
==53724== I1  miss rate:           0.49%
==53724== LLi miss rate:           0.00%
==53724== 
==53724== D   refs:       5,351,602,364  (4,031,779,694 rd   + 1,319,822,670 wr)
==53724== D1  misses:     1,890,355,690  (1,888,619,087 rd   +     1,736,603 wr)
==53724== LLd misses:           147,932  (       27,515 rd   +       120,417 wr)
==53724== D1  miss rate:           35.3% (         46.8%     +           0.1%  )
==53724== LLd miss rate:            0.0% (          0.0%     +           0.0%  )
==53724== 
==53724== LL refs:        1,960,628,120  (1,958,891,517 rd   +     1,736,603 wr)
==53724== LL misses:            149,620  (       29,203 rd   +       120,417 wr)
==53724== LL miss rate:             0.0% (          0.0%     +           0.0%  )
