==51449== Cachegrind, a cache and branch-prediction profiler
==51449== Copyright (C) 2002-2017, and GNU GPL'd, by Nicholas Nethercote et al.
==51449== Using Valgrind-3.16.1 and LibVEX; rerun with -h for copyright info
==51449== Command: ./a.out large.txt
==51449== 
--51449-- warning: L3 cache found, using its data for the LL simulation.
--51449-- warning: specified LL cache: line_size 64  assoc 11  total_size 25,952,256
--51449-- warning: simulated LL cache: line_size 64  assoc 12  total_size 25,165,824
Random cache replacement will be used
==51449== 
==51449== I   refs:      166,691,482,179
==51449== I1  misses:              1,790
==51449== LLi misses:              1,786
==51449== I1  miss rate:            0.00%
==51449== LLi miss rate:            0.00%
==51449== 
==51449== D   refs:      104,424,129,671  (95,529,538,740 rd   + 8,894,590,931 wr)
==51449== D1  misses:            963,526  (       491,404 rd   +       472,122 wr)
==51449== LLd misses:            340,248  (        44,630 rd   +       295,618 wr)
==51449== D1  miss rate:             0.0% (           0.0%     +           0.0%  )
==51449== LLd miss rate:             0.0% (           0.0%     +           0.0%  )
==51449== 
==51449== LL refs:               965,316  (       493,194 rd   +       472,122 wr)
==51449== LL misses:             342,034  (        46,416 rd   +       295,618 wr)
==51449== LL miss rate:              0.0% (           0.0%     +           0.0%  )
