==11799== Cachegrind, a cache and branch-prediction profiler
==11799== Copyright (C) 2002-2017, and GNU GPL'd, by Nicholas Nethercote et al.
==11799== Using Valgrind-3.16.1 and LibVEX; rerun with -h for copyright info
==11799== Command: ./pca-large large.data 5000 1059 R
==11799== 
--11799-- warning: L3 cache found, using its data for the LL simulation.
--11799-- warning: specified LL cache: line_size 64  assoc 11  total_size 25,952,256
--11799-- warning: simulated LL cache: line_size 64  assoc 12  total_size 25,165,824
BIP cache replacement will be used
BIP Throttle parameter is set to 0.031250
==11799== brk segment overflow in thread #1: can't grow to 0x4a35000
==11799== (see section Limitations in user manual)
==11799== NOTE: further instances of this message will not be shown
==11799== 
==11799== I   refs:      71,275,145,790
==11799== I1  misses:             1,645
==11799== LLi misses:             1,640
==11799== I1  miss rate:           0.00%
==11799== LLi miss rate:           0.00%
==11799== 
==11799== D   refs:      28,625,035,458  (20,878,881,310 rd   + 7,746,154,148 wr)
==11799== D1  misses:     1,853,958,372  ( 1,852,628,594 rd   +     1,329,778 wr)
==11799== LLd misses:         5,724,490  (     4,946,983 rd   +       777,507 wr)
==11799== D1  miss rate:            6.5% (           8.9%     +           0.0%  )
==11799== LLd miss rate:            0.0% (           0.0%     +           0.0%  )
==11799== 
==11799== LL refs:        1,853,960,017  ( 1,852,630,239 rd   +     1,329,778 wr)
==11799== LL misses:          5,726,130  (     4,948,623 rd   +       777,507 wr)
==11799== LL miss rate:             0.0% (           0.0%     +           0.0%  )
