==30779== Cachegrind, a cache and branch-prediction profiler
==30779== Copyright (C) 2002-2017, and GNU GPL'd, by Nicholas Nethercote et al.
==30779== Using Valgrind-3.16.1 and LibVEX; rerun with -h for copyright info
==30779== Command: ./kmeans-medium ../datasets/finland 13467 2 15
==30779== 
--30779-- warning: L3 cache found, using its data for the LL simulation.
--30779-- warning: specified LL cache: line_size 64  assoc 11  total_size 25,952,256
--30779-- warning: simulated LL cache: line_size 64  assoc 12  total_size 25,165,824
FIFO cache replacement will be used
==30779== 
==30779== I   refs:      261,008,494
==30779== I1  misses:      5,471,837
==30779== LLi misses:          1,444
==30779== I1  miss rate:        2.10%
==30779== LLi miss rate:        0.00%
==30779== 
==30779== D   refs:       60,294,300  (50,971,205 rd   + 9,323,095 wr)
==30779== D1  misses:      6,271,987  ( 5,246,451 rd   + 1,025,536 wr)
==30779== LLd misses:         12,080  (     2,143 rd   +     9,937 wr)
==30779== D1  miss rate:        10.4% (      10.3%     +      11.0%  )
==30779== LLd miss rate:         0.0% (       0.0%     +       0.1%  )
==30779== 
==30779== LL refs:        11,743,824  (10,718,288 rd   + 1,025,536 wr)
==30779== LL misses:          13,524  (     3,587 rd   +     9,937 wr)
==30779== LL miss rate:          0.0% (       0.0%     +       0.1%  )
