==31185== Cachegrind, a cache and branch-prediction profiler
==31185== Copyright (C) 2002-2017, and GNU GPL'd, by Nicholas Nethercote et al.
==31185== Using Valgrind-3.16.1 and LibVEX; rerun with -h for copyright info
==31185== Command: ./kmeans-medium ../datasets/finland 13467 2 15
==31185== 
--31185-- warning: L3 cache found, using its data for the LL simulation.
--31185-- warning: specified LL cache: line_size 64  assoc 11  total_size 25,952,256
--31185-- warning: simulated LL cache: line_size 64  assoc 12  total_size 25,165,824
BIP cache replacement will be used
BIP Throttle parameter is set to 0.031250
==31185== 
==31185== I   refs:      261,008,494
==31185== I1  misses:          1,490
==31185== LLi misses:          1,446
==31185== I1  miss rate:        0.00%
==31185== LLi miss rate:        0.00%
==31185== 
==31185== D   refs:       60,294,300  (50,971,205 rd   + 9,323,095 wr)
==31185== D1  misses:        348,118  (   300,930 rd   +    47,188 wr)
==31185== LLd misses:         12,217  (     2,161 rd   +    10,056 wr)
==31185== D1  miss rate:         0.6% (       0.6%     +       0.5%  )
==31185== LLd miss rate:         0.0% (       0.0%     +       0.1%  )
==31185== 
==31185== LL refs:           349,608  (   302,420 rd   +    47,188 wr)
==31185== LL misses:          13,663  (     3,607 rd   +    10,056 wr)
==31185== LL miss rate:          0.0% (       0.0%     +       0.1%  )
