==37997== Cachegrind, a cache and branch-prediction profiler
==37997== Copyright (C) 2002-2017, and GNU GPL'd, by Nicholas Nethercote et al.
==37997== Using Valgrind-3.16.1 and LibVEX; rerun with -h for copyright info
==37997== Command: ./mser .
==37997== 
--37997-- warning: L3 cache found, using its data for the LL simulation.
--37997-- warning: specified LL cache: line_size 64  assoc 11  total_size 25,952,256
--37997-- warning: simulated LL cache: line_size 64  assoc 12  total_size 25,165,824
LIP cache replacement will be used
==37997== 
==37997== I   refs:      3,434,253,669
==37997== I1  misses:            2,660
==37997== LLi misses:            1,577
==37997== I1  miss rate:          0.00%
==37997== LLi miss rate:          0.00%
==37997== 
==37997== D   refs:      1,308,839,735  (891,688,022 rd   + 417,151,713 wr)
==37997== D1  misses:       28,436,830  ( 22,622,614 rd   +   5,814,216 wr)
==37997== LLd misses:        8,166,228  (  6,028,355 rd   +   2,137,873 wr)
==37997== D1  miss rate:           2.2% (        2.5%     +         1.4%  )
==37997== LLd miss rate:           0.6% (        0.7%     +         0.5%  )
==37997== 
==37997== LL refs:          28,439,490  ( 22,625,274 rd   +   5,814,216 wr)
==37997== LL misses:         8,167,805  (  6,029,932 rd   +   2,137,873 wr)
==37997== LL miss rate:            0.2% (        0.1%     +         0.5%  )
