==26036== Cachegrind, a cache and branch-prediction profiler
==26036== Copyright (C) 2002-2017, and GNU GPL'd, by Nicholas Nethercote et al.
==26036== Using Valgrind-3.16.1 and LibVEX; rerun with -h for copyright info
==26036== Command: ./texture_synthesis .
==26036== 
--26036-- warning: L3 cache found, using its data for the LL simulation.
--26036-- warning: specified LL cache: line_size 64  assoc 11  total_size 25,952,256
--26036-- warning: simulated LL cache: line_size 64  assoc 12  total_size 25,165,824
BIP cache replacement will be used
BIP Throttle parameter is set to 0.031250
==26036== 
==26036== I   refs:      208,057,354
==26036== I1  misses:          4,277
==26036== LLi misses:          1,627
==26036== I1  miss rate:        0.00%
==26036== LLi miss rate:        0.00%
==26036== 
==26036== D   refs:       76,991,602  (52,726,637 rd   + 24,264,965 wr)
==26036== D1  misses:        197,756  (    93,244 rd   +    104,512 wr)
==26036== LLd misses:         31,278  (     2,352 rd   +     28,926 wr)
==26036== D1  miss rate:         0.3% (       0.2%     +        0.4%  )
==26036== LLd miss rate:         0.0% (       0.0%     +        0.1%  )
==26036== 
==26036== LL refs:           202,033  (    97,521 rd   +    104,512 wr)
==26036== LL misses:          32,905  (     3,979 rd   +     28,926 wr)
==26036== LL miss rate:          0.0% (       0.0%     +        0.1%  )
