==31024== Cachegrind, a cache and branch-prediction profiler
==31024== Copyright (C) 2002-2017, and GNU GPL'd, by Nicholas Nethercote et al.
==31024== Using Valgrind-3.16.1 and LibVEX; rerun with -h for copyright info
==31024== Command: ./multi_ncut .
==31024== 
--31024-- warning: L3 cache found, using its data for the LL simulation.
--31024-- warning: specified LL cache: line_size 64  assoc 11  total_size 25,952,256
--31024-- warning: simulated LL cache: line_size 64  assoc 12  total_size 25,165,824
BIP cache replacement will be used
BIP Throttle parameter is set to 0.015625
==31024== 
==31024== Process terminating with default action of signal 15 (SIGTERM)
==31024==    at 0x10AAB0: fSortIndices (in /home/tkloda/cortexsuite/vision/benchmarks/multi_ncut/data/fullhd/multi_ncut)
==31024==    by 0x10CE27: segment_graph (in /home/tkloda/cortexsuite/vision/benchmarks/multi_ncut/data/fullhd/multi_ncut)
==31024==    by 0x10CAC9: segment_image (in /home/tkloda/cortexsuite/vision/benchmarks/multi_ncut/data/fullhd/multi_ncut)
==31024==    by 0x108B0A: main (in /home/tkloda/cortexsuite/vision/benchmarks/multi_ncut/data/fullhd/multi_ncut)
==31024== 
==31024== I   refs:      1,772,935,531
==31024== I1  misses:            1,293
==31024== LLi misses:            1,289
==31024== I1  miss rate:          0.00%
==31024== LLi miss rate:          0.00%
==31024== 
==31024== D   refs:        580,978,607  (398,527,390 rd   + 182,451,217 wr)
==31024== D1  misses:        7,937,085  (  4,184,737 rd   +   3,752,348 wr)
==31024== LLd misses:        7,872,470  (  4,120,449 rd   +   3,752,021 wr)
==31024== D1  miss rate:           1.4% (        1.1%     +         2.1%  )
==31024== LLd miss rate:           1.4% (        1.0%     +         2.1%  )
==31024== 
==31024== LL refs:           7,938,378  (  4,186,030 rd   +   3,752,348 wr)
==31024== LL misses:         7,873,759  (  4,121,738 rd   +   3,752,021 wr)
==31024== LL miss rate:            0.3% (        0.2%     +         2.1%  )
