==33104== Cachegrind, a cache and branch-prediction profiler
==33104== Copyright (C) 2002-2017, and GNU GPL'd, by Nicholas Nethercote et al.
==33104== Using Valgrind-3.16.1 and LibVEX; rerun with -h for copyright info
==33104== Command: ./spc-small ../datasets/R15 600 2 15 0.707 1 2
==33104== 
--33104-- warning: L3 cache found, using its data for the LL simulation.
--33104-- warning: specified LL cache: line_size 64  assoc 11  total_size 25,952,256
--33104-- warning: simulated LL cache: line_size 64  assoc 12  total_size 25,165,824
Random cache replacement will be used
==33104== 
==33104== I   refs:      217,405
==33104== I1  misses:      1,094
==33104== LLi misses:      1,090
==33104== I1  miss rate:    0.50%
==33104== LLi miss rate:    0.50%
==33104== 
==33104== D   refs:       69,324  (54,846 rd   + 14,478 wr)
==33104== D1  misses:      2,788  ( 2,182 rd   +    606 wr)
==33104== LLd misses:      2,787  ( 2,181 rd   +    606 wr)
==33104== D1  miss rate:     4.0% (   4.0%     +    4.2%  )
==33104== LLd miss rate:     4.0% (   4.0%     +    4.2%  )
==33104== 
==33104== LL refs:         3,882  ( 3,276 rd   +    606 wr)
==33104== LL misses:       3,877  ( 3,271 rd   +    606 wr)
==33104== LL miss rate:      1.4% (   1.2%     +    4.2%  )
