==53678== Cachegrind, a cache and branch-prediction profiler
==53678== Copyright (C) 2002-2017, and GNU GPL'd, by Nicholas Nethercote et al.
==53678== Using Valgrind-3.16.1 and LibVEX; rerun with -h for copyright info
==53678== Command: ./pca-medium medium.data 722 800 R
==53678== 
--53678-- warning: L3 cache found, using its data for the LL simulation.
--53678-- warning: specified LL cache: line_size 64  assoc 11  total_size 25,952,256
--53678-- warning: simulated LL cache: line_size 64  assoc 12  total_size 25,165,824
FIFO cache replacement will be used
==53678== 
==53678== I   refs:      14,218,322,057
==53678== I1  misses:             1,635
==53678== LLi misses:             1,631
==53678== I1  miss rate:           0.00%
==53678== LLi miss rate:           0.00%
==53678== 
==53678== D   refs:       5,351,602,364  (4,031,779,694 rd   + 1,319,822,670 wr)
==53678== D1  misses:           120,718  (        2,688 rd   +       118,030 wr)
==53678== LLd misses:           120,124  (        2,274 rd   +       117,850 wr)
==53678== D1  miss rate:            0.0% (          0.0%     +           0.0%  )
==53678== LLd miss rate:            0.0% (          0.0%     +           0.0%  )
==53678== 
==53678== LL refs:              122,353  (        4,323 rd   +       118,030 wr)
==53678== LL misses:            121,755  (        3,905 rd   +       117,850 wr)
==53678== LL miss rate:             0.0% (          0.0%     +           0.0%  )
