==41813== Cachegrind, a cache and branch-prediction profiler
==41813== Copyright (C) 2002-2017, and GNU GPL'd, by Nicholas Nethercote et al.
==41813== Using Valgrind-3.16.1 and LibVEX; rerun with -h for copyright info
==41813== Command: ./liblinear-tmedium data/10B/epsilon
==41813== 
--41813-- warning: L3 cache found, using its data for the LL simulation.
--41813-- warning: specified LL cache: line_size 64  assoc 11  total_size 25,952,256
--41813-- warning: simulated LL cache: line_size 64  assoc 12  total_size 25,165,824
BIP cache replacement will be used
BIP Throttle parameter is set to 0.062500
==41813== 
==41813== I   refs:      19,285,289,592
==41813== I1  misses:       262,899,197
==41813== LLi misses:             2,082
==41813== I1  miss rate:           1.36%
==41813== LLi miss rate:           0.00%
==41813== 
==41813== D   refs:       5,666,485,980  (3,947,048,634 rd   + 1,719,437,346 wr)
==41813== D1  misses:       125,169,829  (  117,516,319 rd   +     7,653,510 wr)
==41813== LLd misses:        38,508,119  (   35,373,676 rd   +     3,134,443 wr)
==41813== D1  miss rate:            2.2% (          3.0%     +           0.4%  )
==41813== LLd miss rate:            0.7% (          0.9%     +           0.2%  )
==41813== 
==41813== LL refs:          388,069,026  (  380,415,516 rd   +     7,653,510 wr)
==41813== LL misses:         38,510,201  (   35,375,758 rd   +     3,134,443 wr)
==41813== LL miss rate:             0.2% (          0.2%     +           0.2%  )
