==25602== Cachegrind, a cache and branch-prediction profiler
==25602== Copyright (C) 2002-2017, and GNU GPL'd, by Nicholas Nethercote et al.
==25602== Using Valgrind-3.16.1 and LibVEX; rerun with -h for copyright info
==25602== Command: ./a.out med.txt
==25602== 
--25602-- warning: L3 cache found, using its data for the LL simulation.
--25602-- warning: specified LL cache: line_size 64  assoc 11  total_size 25,952,256
--25602-- warning: simulated LL cache: line_size 64  assoc 12  total_size 25,165,824
BIP cache replacement will be used
BIP Throttle parameter is set to 0.015625
==25602== 
==25602== I   refs:      21,540,689,427
==25602== I1  misses:             1,791
==25602== LLi misses:             1,787
==25602== I1  miss rate:           0.00%
==25602== LLi miss rate:           0.00%
==25602== 
==25602== D   refs:      13,370,670,449  (12,167,996,488 rd   + 1,202,673,961 wr)
==25602== D1  misses:            88,998  (        25,816 rd   +        63,182 wr)
==25602== LLd misses:            66,856  (         3,674 rd   +        63,182 wr)
==25602== D1  miss rate:            0.0% (           0.0%     +           0.0%  )
==25602== LLd miss rate:            0.0% (           0.0%     +           0.0%  )
==25602== 
==25602== LL refs:               90,789  (        27,607 rd   +        63,182 wr)
==25602== LL misses:             68,643  (         5,461 rd   +        63,182 wr)
==25602== LL miss rate:             0.0% (           0.0%     +           0.0%  )
