==27459== Cachegrind, a cache and branch-prediction profiler
==27459== Copyright (C) 2002-2017, and GNU GPL'd, by Nicholas Nethercote et al.
==27459== Using Valgrind-3.16.1 and LibVEX; rerun with -h for copyright info
==27459== Command: ./tracking .
==27459== 
--27459-- warning: L3 cache found, using its data for the LL simulation.
--27459-- warning: specified LL cache: line_size 64  assoc 11  total_size 25,952,256
--27459-- warning: simulated LL cache: line_size 64  assoc 12  total_size 25,165,824
BIP cache replacement will be used
BIP Throttle parameter is set to 0.015625
==27459== 
==27459== I   refs:      426,561,191
==27459== I1  misses:          1,718
==27459== LLi misses:          1,707
==27459== I1  miss rate:        0.00%
==27459== LLi miss rate:        0.00%
==27459== 
==27459== D   refs:      140,543,721  (98,243,013 rd   + 42,300,708 wr)
==27459== D1  misses:        558,991  (   206,408 rd   +    352,583 wr)
==27459== LLd misses:        101,675  (     4,194 rd   +     97,481 wr)
==27459== D1  miss rate:         0.4% (       0.2%     +        0.8%  )
==27459== LLd miss rate:         0.1% (       0.0%     +        0.2%  )
==27459== 
==27459== LL refs:           560,709  (   208,126 rd   +    352,583 wr)
==27459== LL misses:         103,382  (     5,901 rd   +     97,481 wr)
==27459== LL miss rate:          0.0% (       0.0%     +        0.2%  )
