==5556== Cachegrind, a cache and branch-prediction profiler
==5556== Copyright (C) 2002-2017, and GNU GPL'd, by Nicholas Nethercote et al.
==5556== Using Valgrind-3.16.1 and LibVEX; rerun with -h for copyright info
==5556== Command: ./texture_synthesis .
==5556== 
--5556-- warning: L3 cache found, using its data for the LL simulation.
--5556-- warning: specified LL cache: line_size 64  assoc 11  total_size 25,952,256
--5556-- warning: simulated LL cache: line_size 64  assoc 12  total_size 25,165,824
Random cache replacement will be used
==5556== 
==5556== I   refs:      108,075,087,226
==5556== I1  misses:              1,612
==5556== LLi misses:              1,603
==5556== I1  miss rate:            0.00%
==5556== LLi miss rate:            0.00%
==5556== 
==5556== D   refs:       28,920,419,318  (26,973,975,322 rd   + 1,946,443,996 wr)
==5556== D1  misses:            773,780  (       258,698 rd   +       515,082 wr)
==5556== LLd misses:            388,010  (        47,593 rd   +       340,417 wr)
==5556== D1  miss rate:             0.0% (           0.0%     +           0.0%  )
==5556== LLd miss rate:             0.0% (           0.0%     +           0.0%  )
==5556== 
==5556== LL refs:               775,392  (       260,310 rd   +       515,082 wr)
==5556== LL misses:             389,613  (        49,196 rd   +       340,417 wr)
==5556== LL miss rate:              0.0% (           0.0%     +           0.0%  )
