==53205== Cachegrind, a cache and branch-prediction profiler
==53205== Copyright (C) 2002-2017, and GNU GPL'd, by Nicholas Nethercote et al.
==53205== Using Valgrind-3.16.1 and LibVEX; rerun with -h for copyright info
==53205== Command: ./tracking .
==53205== 
--53205-- warning: L3 cache found, using its data for the LL simulation.
--53205-- warning: specified LL cache: line_size 64  assoc 11  total_size 25,952,256
--53205-- warning: simulated LL cache: line_size 64  assoc 12  total_size 25,165,824
BIP cache replacement will be used
BIP Throttle parameter is set to 0.015625
==53205== brk segment overflow in thread #1: can't grow to 0x4a37000
==53205== (see section Limitations in user manual)
==53205== NOTE: further instances of this message will not be shown
==53205== 
==53205== I   refs:      1,258,660,392
==53205== I1  misses:            2,143
==53205== LLi misses:            1,848
==53205== I1  miss rate:          0.00%
==53205== LLi miss rate:          0.00%
==53205== 
==53205== D   refs:        408,310,879  (288,791,462 rd   + 119,519,417 wr)
==53205== D1  misses:       10,214,855  (  5,558,756 rd   +   4,656,099 wr)
==53205== LLd misses:          356,551  (     63,224 rd   +     293,327 wr)
==53205== D1  miss rate:           2.5% (        1.9%     +         3.9%  )
==53205== LLd miss rate:           0.1% (        0.0%     +         0.2%  )
==53205== 
==53205== LL refs:          10,216,998  (  5,560,899 rd   +   4,656,099 wr)
==53205== LL misses:           358,399  (     65,072 rd   +     293,327 wr)
==53205== LL miss rate:            0.0% (        0.0%     +         0.2%  )
