==19232== Cachegrind, a cache and branch-prediction profiler
==19232== Copyright (C) 2002-2017, and GNU GPL'd, by Nicholas Nethercote et al.
==19232== Using Valgrind-3.16.1 and LibVEX; rerun with -h for copyright info
==19232== Command: ./mser .
==19232== 
--19232-- warning: L3 cache found, using its data for the LL simulation.
--19232-- warning: specified LL cache: line_size 64  assoc 11  total_size 25,952,256
--19232-- warning: simulated LL cache: line_size 64  assoc 12  total_size 25,165,824
LRU cache replacement will be used
==19232== 
==19232== I   refs:      157,426,193
==19232== I1  misses:          4,571
==19232== LLi misses:          1,493
==19232== I1  miss rate:        0.00%
==19232== LLi miss rate:        0.00%
==19232== 
==19232== D   refs:       59,523,786  (40,510,722 rd   + 19,013,064 wr)
==19232== D1  misses:      2,421,642  ( 2,218,268 rd   +    203,374 wr)
==19232== LLd misses:         71,091  (     2,246 rd   +     68,845 wr)
==19232== D1  miss rate:         4.1% (       5.5%     +        1.1%  )
==19232== LLd miss rate:         0.1% (       0.0%     +        0.4%  )
==19232== 
==19232== LL refs:         2,426,213  ( 2,222,839 rd   +    203,374 wr)
==19232== LL misses:          72,584  (     3,739 rd   +     68,845 wr)
==19232== LL miss rate:          0.0% (       0.0%     +        0.4%  )
