==20380== Cachegrind, a cache and branch-prediction profiler
==20380== Copyright (C) 2002-2017, and GNU GPL'd, by Nicholas Nethercote et al.
==20380== Using Valgrind-3.16.1 and LibVEX; rerun with -h for copyright info
==20380== Command: ./disparity .
==20380== 
--20380-- warning: L3 cache found, using its data for the LL simulation.
--20380-- warning: specified LL cache: line_size 64  assoc 11  total_size 25,952,256
--20380-- warning: simulated LL cache: line_size 64  assoc 12  total_size 25,165,824
LRU cache replacement will be used
==20380== 
==20380== I   refs:      463,775,462
==20380== I1  misses:      5,681,977
==20380== LLi misses:          1,492
==20380== I1  miss rate:        1.23%
==20380== LLi miss rate:        0.00%
==20380== 
==20380== D   refs:      187,796,937  (126,192,375 rd   + 61,604,562 wr)
==20380== D1  misses:     21,547,186  ( 13,236,195 rd   +  8,310,991 wr)
==20380== LLd misses:         74,246  (      2,314 rd   +     71,932 wr)
==20380== D1  miss rate:        11.5% (       10.5%     +       13.5%  )
==20380== LLd miss rate:         0.0% (        0.0%     +        0.1%  )
==20380== 
==20380== LL refs:        27,229,163  ( 18,918,172 rd   +  8,310,991 wr)
==20380== LL misses:          75,738  (      3,806 rd   +     71,932 wr)
==20380== LL miss rate:          0.0% (        0.0%     +        0.1%  )
