==46321== Cachegrind, a cache and branch-prediction profiler
==46321== Copyright (C) 2002-2017, and GNU GPL'd, by Nicholas Nethercote et al.
==46321== Using Valgrind-3.16.1 and LibVEX; rerun with -h for copyright info
==46321== Command: ./me-small
==46321== 
--46321-- warning: L3 cache found, using its data for the LL simulation.
--46321-- warning: specified LL cache: line_size 64  assoc 11  total_size 25,952,256
--46321-- warning: simulated LL cache: line_size 64  assoc 12  total_size 25,165,824
LIP cache replacement will be used
==46321== 
==46321== I   refs:      47,322,214
==46321== I1  misses:         1,440
==46321== LLi misses:         1,437
==46321== I1  miss rate:       0.00%
==46321== LLi miss rate:       0.00%
==46321== 
==46321== D   refs:       7,814,012  (7,203,498 rd   + 610,514 wr)
==46321== D1  misses:        19,595  (    3,856 rd   +  15,739 wr)
==46321== LLd misses:        17,894  (    2,168 rd   +  15,726 wr)
==46321== D1  miss rate:        0.3% (      0.1%     +     2.6%  )
==46321== LLd miss rate:        0.2% (      0.0%     +     2.6%  )
==46321== 
==46321== LL refs:           21,035  (    5,296 rd   +  15,739 wr)
==46321== LL misses:         19,331  (    3,605 rd   +  15,726 wr)
==46321== LL miss rate:         0.0% (      0.0%     +     2.6%  )
