==51100== Cachegrind, a cache and branch-prediction profiler
==51100== Copyright (C) 2002-2017, and GNU GPL'd, by Nicholas Nethercote et al.
==51100== Using Valgrind-3.16.1 and LibVEX; rerun with -h for copyright info
==51100== Command: ./a.out large.txt
==51100== 
--51100-- warning: L3 cache found, using its data for the LL simulation.
--51100-- warning: specified LL cache: line_size 64  assoc 11  total_size 25,952,256
--51100-- warning: simulated LL cache: line_size 64  assoc 12  total_size 25,165,824
LRU cache replacement will be used
==51100== 
==51100== I   refs:      166,691,482,179
==51100== I1  misses:              1,789
==51100== LLi misses:              1,785
==51100== I1  miss rate:            0.00%
==51100== LLi miss rate:            0.00%
==51100== 
==51100== D   refs:      104,424,129,671  (95,529,538,740 rd   + 8,894,590,931 wr)
==51100== D1  misses:         69,101,050  (    68,633,031 rd   +       468,019 wr)
==51100== LLd misses:            253,046  (         2,289 rd   +       250,757 wr)
==51100== D1  miss rate:             0.1% (           0.1%     +           0.0%  )
==51100== LLd miss rate:             0.0% (           0.0%     +           0.0%  )
==51100== 
==51100== LL refs:            69,102,839  (    68,634,820 rd   +       468,019 wr)
==51100== LL misses:             254,831  (         4,074 rd   +       250,757 wr)
==51100== LL miss rate:              0.0% (           0.0%     +           0.0%  )
