==60182== Cachegrind, a cache and branch-prediction profiler
==60182== Copyright (C) 2002-2017, and GNU GPL'd, by Nicholas Nethercote et al.
==60182== Using Valgrind-3.16.1 and LibVEX; rerun with -h for copyright info
==60182== Command: ./me-large
==60182== 
--60182-- warning: L3 cache found, using its data for the LL simulation.
--60182-- warning: specified LL cache: line_size 64  assoc 11  total_size 25,952,256
--60182-- warning: simulated LL cache: line_size 64  assoc 12  total_size 25,165,824
BIP cache replacement will be used
BIP Throttle parameter is set to 0.031250
==60182== brk segment overflow in thread #1: can't grow to 0x4a4b000
==60182== (see section Limitations in user manual)
==60182== NOTE: further instances of this message will not be shown
==60182== 
==60182== I   refs:      7,528,529,070
==60182== I1  misses:            1,500
==60182== LLi misses:            1,495
==60182== I1  miss rate:          0.00%
==60182== LLi miss rate:          0.00%
==60182== 
==60182== D   refs:      1,825,539,719  (1,535,870,321 rd   + 289,669,398 wr)
==60182== D1  misses:        2,470,250  (      920,955 rd   +   1,549,295 wr)
==60182== LLd misses:        1,674,422  (      379,686 rd   +   1,294,736 wr)
==60182== D1  miss rate:           0.1% (          0.1%     +         0.5%  )
==60182== LLd miss rate:           0.1% (          0.0%     +         0.4%  )
==60182== 
==60182== LL refs:           2,471,750  (      922,455 rd   +   1,549,295 wr)
==60182== LL misses:         1,675,917  (      381,181 rd   +   1,294,736 wr)
==60182== LL miss rate:            0.0% (          0.0%     +         0.4%  )
