==42642== Cachegrind, a cache and branch-prediction profiler
==42642== Copyright (C) 2002-2017, and GNU GPL'd, by Nicholas Nethercote et al.
==42642== Using Valgrind-3.16.1 and LibVEX; rerun with -h for copyright info
==42642== Command: ./liblinear-tsmall data/100M/crime_scale
==42642== 
--42642-- warning: L3 cache found, using its data for the LL simulation.
--42642-- warning: specified LL cache: line_size 64  assoc 11  total_size 25,952,256
--42642-- warning: simulated LL cache: line_size 64  assoc 12  total_size 25,165,824
Random cache replacement will be used
==42642== 
==42642== I   refs:      475,760,499
==42642== I1  misses:     17,447,191
==42642== LLi misses:          1,861
==42642== I1  miss rate:        3.67%
==42642== LLi miss rate:        0.00%
==42642== 
==42642== D   refs:      169,726,964  (132,316,255 rd   + 37,410,709 wr)
==42642== D1  misses:      9,351,699  (  8,890,001 rd   +    461,698 wr)
==42642== LLd misses:         69,037  (      5,416 rd   +     63,621 wr)
==42642== D1  miss rate:         5.5% (        6.7%     +        1.2%  )
==42642== LLd miss rate:         0.0% (        0.0%     +        0.2%  )
==42642== 
==42642== LL refs:        26,798,890  ( 26,337,192 rd   +    461,698 wr)
==42642== LL misses:          70,898  (      7,277 rd   +     63,621 wr)
==42642== LL miss rate:          0.0% (        0.0%     +        0.2%  )
