==12397== Cachegrind, a cache and branch-prediction profiler
==12397== Copyright (C) 2002-2017, and GNU GPL'd, by Nicholas Nethercote et al.
==12397== Using Valgrind-3.16.1 and LibVEX; rerun with -h for copyright info
==12397== Command: ./rbm-small
==12397== 
--12397-- warning: L3 cache found, using its data for the LL simulation.
--12397-- warning: specified LL cache: line_size 64  assoc 11  total_size 25,952,256
--12397-- warning: simulated LL cache: line_size 64  assoc 12  total_size 25,165,824
LIP cache replacement will be used
==12397== 
==12397== I   refs:      21,563,174
==12397== I1  misses:       622,541
==12397== LLi misses:         1,468
==12397== I1  miss rate:       2.89%
==12397== LLi miss rate:       0.01%
==12397== 
==12397== D   refs:       6,379,123  (4,924,790 rd   + 1,454,333 wr)
==12397== D1  misses:     2,250,637  (1,980,272 rd   +   270,365 wr)
==12397== LLd misses:         3,567  (    2,621 rd   +       946 wr)
==12397== D1  miss rate:       35.3% (     40.2%     +      18.6%  )
==12397== LLd miss rate:        0.1% (      0.1%     +       0.1%  )
==12397== 
==12397== LL refs:        2,873,178  (2,602,813 rd   +   270,365 wr)
==12397== LL misses:          5,035  (    4,089 rd   +       946 wr)
==12397== LL miss rate:         0.0% (      0.0%     +       0.1%  )
