==34739== Cachegrind, a cache and branch-prediction profiler
==34739== Copyright (C) 2002-2017, and GNU GPL'd, by Nicholas Nethercote et al.
==34739== Using Valgrind-3.16.1 and LibVEX; rerun with -h for copyright info
==34739== Command: ./spc-medium ../datasets/Aggregation 788 2 7 0.707 1
==34739== 
--34739-- warning: L3 cache found, using its data for the LL simulation.
--34739-- warning: specified LL cache: line_size 64  assoc 11  total_size 25,952,256
--34739-- warning: simulated LL cache: line_size 64  assoc 12  total_size 25,165,824
BIP cache replacement will be used
BIP Throttle parameter is set to 0.031250
==34739== 
==34739== I   refs:      11,307,967,301
==34739== I1  misses:             1,734
==34739== LLi misses:             1,722
==34739== I1  miss rate:           0.00%
==34739== LLi miss rate:           0.00%
==34739== 
==34739== D   refs:       4,030,824,656  (2,697,589,546 rd   + 1,333,235,110 wr)
==34739== D1  misses:        98,523,141  (   98,366,015 rd   +       157,126 wr)
==34739== LLd misses:           439,615  (      335,648 rd   +       103,967 wr)
==34739== D1  miss rate:            2.4% (          3.6%     +           0.0%  )
==34739== LLd miss rate:            0.0% (          0.0%     +           0.0%  )
==34739== 
==34739== LL refs:           98,524,875  (   98,367,749 rd   +       157,126 wr)
==34739== LL misses:            441,337  (      337,370 rd   +       103,967 wr)
==34739== LL miss rate:             0.0% (          0.0%     +           0.0%  )
