==57302== Cachegrind, a cache and branch-prediction profiler
==57302== Copyright (C) 2002-2017, and GNU GPL'd, by Nicholas Nethercote et al.
==57302== Using Valgrind-3.16.1 and LibVEX; rerun with -h for copyright info
==57302== Command: ./spc-small ../datasets/R15 600 2 15 0.707 1 2
==57302== 
--57302-- warning: L3 cache found, using its data for the LL simulation.
--57302-- warning: specified LL cache: line_size 64  assoc 11  total_size 25,952,256
--57302-- warning: simulated LL cache: line_size 64  assoc 12  total_size 25,165,824
BIP cache replacement will be used
BIP Throttle parameter is set to 0.062500
==57302== 
==57302== I   refs:      217,405
==57302== I1  misses:      1,708
==57302== LLi misses:      1,090
==57302== I1  miss rate:    0.79%
==57302== LLi miss rate:    0.50%
==57302== 
==57302== D   refs:       69,324  (54,846 rd   + 14,478 wr)
==57302== D1  misses:      5,112  ( 4,230 rd   +    882 wr)
==57302== LLd misses:      2,793  ( 2,187 rd   +    606 wr)
==57302== D1  miss rate:     7.4% (   7.7%     +    6.1%  )
==57302== LLd miss rate:     4.0% (   4.0%     +    4.2%  )
==57302== 
==57302== LL refs:         6,820  ( 5,938 rd   +    882 wr)
==57302== LL misses:       3,883  ( 3,277 rd   +    606 wr)
==57302== LL miss rate:      1.4% (   1.2%     +    4.2%  )
