==38473== Cachegrind, a cache and branch-prediction profiler
==38473== Copyright (C) 2002-2017, and GNU GPL'd, by Nicholas Nethercote et al.
==38473== Using Valgrind-3.16.1 and LibVEX; rerun with -h for copyright info
==38473== Command: ./multi_ncut .
==38473== 
--38473-- warning: L3 cache found, using its data for the LL simulation.
--38473-- warning: specified LL cache: line_size 64  assoc 11  total_size 25,952,256
--38473-- warning: simulated LL cache: line_size 64  assoc 12  total_size 25,165,824
Random cache replacement will be used
==38473== 
==38473== Process terminating with default action of signal 15 (SIGTERM)
==38473==    at 0x10AAB0: fSortIndices (in /home/tkloda/cortexsuite/vision/benchmarks/multi_ncut/data/qcif/multi_ncut)
==38473==    by 0x10CE27: segment_graph (in /home/tkloda/cortexsuite/vision/benchmarks/multi_ncut/data/qcif/multi_ncut)
==38473==    by 0x10CAC9: segment_image (in /home/tkloda/cortexsuite/vision/benchmarks/multi_ncut/data/qcif/multi_ncut)
==38473==    by 0x108B0A: main (in /home/tkloda/cortexsuite/vision/benchmarks/multi_ncut/data/qcif/multi_ncut)
==38473== 
==38473== I   refs:      365,564,473
==38473== I1  misses:          6,266
==38473== LLi misses:          1,306
==38473== I1  miss rate:        0.00%
==38473== LLi miss rate:        0.00%
==38473== 
==38473== D   refs:       64,167,273  (62,085,076 rd   + 2,082,197 wr)
==38473== D1  misses:      3,726,199  ( 3,672,671 rd   +    53,528 wr)
==38473== LLd misses:         43,600  (     2,674 rd   +    40,926 wr)
==38473== D1  miss rate:         5.8% (       5.9%     +       2.6%  )
==38473== LLd miss rate:         0.1% (       0.0%     +       2.0%  )
==38473== 
==38473== LL refs:         3,732,465  ( 3,678,937 rd   +    53,528 wr)
==38473== LL misses:          44,906  (     3,980 rd   +    40,926 wr)
==38473== LL miss rate:          0.0% (       0.0%     +       2.0%  )
