==24538== Cachegrind, a cache and branch-prediction profiler
==24538== Copyright (C) 2002-2017, and GNU GPL'd, by Nicholas Nethercote et al.
==24538== Using Valgrind-3.16.1 and LibVEX; rerun with -h for copyright info
==24538== Command: ./stitch .
==24538== 
--24538-- warning: L3 cache found, using its data for the LL simulation.
--24538-- warning: specified LL cache: line_size 64  assoc 11  total_size 25,952,256
--24538-- warning: simulated LL cache: line_size 64  assoc 12  total_size 25,165,824
FIFO cache replacement will be used
==24538== 
==24538== I   refs:      984,189,907
==24538== I1  misses:          1,682
==24538== LLi misses:          1,678
==24538== I1  miss rate:        0.00%
==24538== LLi miss rate:        0.00%
==24538== 
==24538== D   refs:      267,452,303  (187,194,798 rd   + 80,257,505 wr)
==24538== D1  misses:         90,264  (     12,825 rd   +     77,439 wr)
==24538== LLd misses:         62,904  (      2,265 rd   +     60,639 wr)
==24538== D1  miss rate:         0.0% (        0.0%     +        0.1%  )
==24538== LLd miss rate:         0.0% (        0.0%     +        0.1%  )
==24538== 
==24538== LL refs:            91,946  (     14,507 rd   +     77,439 wr)
==24538== LL misses:          64,582  (      3,943 rd   +     60,639 wr)
==24538== LL miss rate:          0.0% (        0.0%     +        0.1%  )
