==49863== Cachegrind, a cache and branch-prediction profiler
==49863== Copyright (C) 2002-2017, and GNU GPL'd, by Nicholas Nethercote et al.
==49863== Using Valgrind-3.16.1 and LibVEX; rerun with -h for copyright info
==49863== Command: ./pca-small small.data 1593 256 R
==49863== 
--49863-- warning: L3 cache found, using its data for the LL simulation.
--49863-- warning: specified LL cache: line_size 64  assoc 11  total_size 25,952,256
--49863-- warning: simulated LL cache: line_size 64  assoc 12  total_size 25,165,824
LIP cache replacement will be used
==49863== 
==49863== I   refs:      1,489,668,863
==49863== I1  misses:            1,620
==49863== LLi misses:            1,608
==49863== I1  miss rate:          0.00%
==49863== LLi miss rate:          0.00%
==49863== 
==49863== D   refs:        597,905,958  (426,153,001 rd   + 171,752,957 wr)
==49863== D1  misses:        3,336,205  (  3,269,539 rd   +      66,666 wr)
==49863== LLd misses:           37,843  (      2,599 rd   +      35,244 wr)
==49863== D1  miss rate:           0.6% (        0.8%     +         0.0%  )
==49863== LLd miss rate:           0.0% (        0.0%     +         0.0%  )
==49863== 
==49863== LL refs:           3,337,825  (  3,271,159 rd   +      66,666 wr)
==49863== LL misses:            39,451  (      4,207 rd   +      35,244 wr)
==49863== LL miss rate:            0.0% (        0.0%     +         0.0%  )
