==30784== Cachegrind, a cache and branch-prediction profiler
==30784== Copyright (C) 2002-2017, and GNU GPL'd, by Nicholas Nethercote et al.
==30784== Using Valgrind-3.16.1 and LibVEX; rerun with -h for copyright info
==30784== Command: ./lda-small est .1 3 settings.txt small/small_data.dat random small/result
==30784== 
--30784-- warning: L3 cache found, using its data for the LL simulation.
--30784-- warning: specified LL cache: line_size 64  assoc 11  total_size 25,952,256
--30784-- warning: simulated LL cache: line_size 64  assoc 12  total_size 25,165,824
BIP cache replacement will be used
BIP Throttle parameter is set to 0.031250
==30784== 
==30784== I   refs:      25,156,187,807
==30784== I1  misses:        16,314,049
==30784== LLi misses:             2,234
==30784== I1  miss rate:           0.06%
==30784== LLi miss rate:           0.00%
==30784== 
==30784== D   refs:       9,509,631,102  (7,202,845,246 rd   + 2,306,785,856 wr)
==30784== D1  misses:       436,242,128  (  429,200,632 rd   +     7,041,496 wr)
==30784== LLd misses:            15,937  (        2,829 rd   +        13,108 wr)
==30784== D1  miss rate:            4.6% (          6.0%     +           0.3%  )
==30784== LLd miss rate:            0.0% (          0.0%     +           0.0%  )
==30784== 
==30784== LL refs:          452,556,177  (  445,514,681 rd   +     7,041,496 wr)
==30784== LL misses:             18,171  (        5,063 rd   +        13,108 wr)
==30784== LL miss rate:             0.0% (          0.0%     +           0.0%  )
