==49442== Cachegrind, a cache and branch-prediction profiler
==49442== Copyright (C) 2002-2017, and GNU GPL'd, by Nicholas Nethercote et al.
==49442== Using Valgrind-3.16.1 and LibVEX; rerun with -h for copyright info
==49442== Command: ./pca-medium medium.data 722 800 R
==49442== 
--49442-- warning: L3 cache found, using its data for the LL simulation.
--49442-- warning: specified LL cache: line_size 64  assoc 11  total_size 25,952,256
--49442-- warning: simulated LL cache: line_size 64  assoc 12  total_size 25,165,824
BIP cache replacement will be used
BIP Throttle parameter is set to 0.015625
==49442== 
==49442== I   refs:      14,218,322,245
==49442== I1  misses:        70,030,166
==49442== LLi misses:             1,672
==49442== I1  miss rate:           0.49%
==49442== LLi miss rate:           0.00%
==49442== 
==49442== D   refs:       5,351,602,516  (4,031,779,776 rd   + 1,319,822,740 wr)
==49442== D1  misses:     1,687,661,823  (1,685,973,458 rd   +     1,688,365 wr)
==49442== LLd misses:           160,049  (       36,585 rd   +       123,464 wr)
==49442== D1  miss rate:           31.5% (         41.8%     +           0.1%  )
==49442== LLd miss rate:            0.0% (          0.0%     +           0.0%  )
==49442== 
==49442== LL refs:        1,757,691,989  (1,756,003,624 rd   +     1,688,365 wr)
==49442== LL misses:            161,721  (       38,257 rd   +       123,464 wr)
==49442== LL miss rate:             0.0% (          0.0%     +           0.0%  )
