==25276== Cachegrind, a cache and branch-prediction profiler
==25276== Copyright (C) 2002-2017, and GNU GPL'd, by Nicholas Nethercote et al.
==25276== Using Valgrind-3.16.1 and LibVEX; rerun with -h for copyright info
==25276== Command: ./stitch .
==25276== 
--25276-- warning: L3 cache found, using its data for the LL simulation.
--25276-- warning: specified LL cache: line_size 64  assoc 11  total_size 25,952,256
--25276-- warning: simulated LL cache: line_size 64  assoc 12  total_size 25,165,824
BIP cache replacement will be used
BIP Throttle parameter is set to 0.015625
==25276== brk segment overflow in thread #1: can't grow to 0x4a37000
==25276== (see section Limitations in user manual)
==25276== NOTE: further instances of this message will not be shown
==25276== 
==25276== I   refs:      253,517,705,884
==25276== I1  misses:              1,751
==25276== LLi misses:              1,713
==25276== I1  miss rate:            0.00%
==25276== LLi miss rate:            0.00%
==25276== 
==25276== D   refs:       68,980,624,536  (45,322,620,985 rd   + 23,658,003,551 wr)
==25276== D1  misses:      4,773,619,834  ( 2,688,504,643 rd   +  2,085,115,191 wr)
==25276== LLd misses:          6,016,895  (     3,271,271 rd   +      2,745,624 wr)
==25276== D1  miss rate:             6.9% (           5.9%     +            8.8%  )
==25276== LLd miss rate:             0.0% (           0.0%     +            0.0%  )
==25276== 
==25276== LL refs:         4,773,621,585  ( 2,688,506,394 rd   +  2,085,115,191 wr)
==25276== LL misses:           6,018,608  (     3,272,984 rd   +      2,745,624 wr)
==25276== LL miss rate:              0.0% (           0.0%     +            0.0%  )
