==49510== Cachegrind, a cache and branch-prediction profiler
==49510== Copyright (C) 2002-2017, and GNU GPL'd, by Nicholas Nethercote et al.
==49510== Using Valgrind-3.16.1 and LibVEX; rerun with -h for copyright info
==49510== Command: ./pca-medium medium.data 722 800 R
==49510== 
--49510-- warning: L3 cache found, using its data for the LL simulation.
--49510-- warning: specified LL cache: line_size 64  assoc 11  total_size 25,952,256
--49510-- warning: simulated LL cache: line_size 64  assoc 12  total_size 25,165,824
LRU cache replacement will be used
==49510== 
==49510== I   refs:      14,218,322,233
==49510== I1  misses:        73,635,843
==49510== LLi misses:             1,611
==49510== I1  miss rate:           0.52%
==49510== LLi miss rate:           0.00%
==49510== 
==49510== D   refs:       5,351,602,514  (4,031,779,775 rd   + 1,319,822,739 wr)
==49510== D1  misses:     1,888,568,529  (1,832,433,181 rd   +    56,135,348 wr)
==49510== LLd misses:           120,121  (        2,274 rd   +       117,847 wr)
==49510== D1  miss rate:           35.3% (         45.4%     +           4.3%  )
==49510== LLd miss rate:            0.0% (          0.0%     +           0.0%  )
==49510== 
==49510== LL refs:        1,962,204,372  (1,906,069,024 rd   +    56,135,348 wr)
==49510== LL misses:            121,732  (        3,885 rd   +       117,847 wr)
==49510== LL miss rate:             0.0% (          0.0%     +           0.0%  )
