==30251== Cachegrind, a cache and branch-prediction profiler
==30251== Copyright (C) 2002-2017, and GNU GPL'd, by Nicholas Nethercote et al.
==30251== Using Valgrind-3.16.1 and LibVEX; rerun with -h for copyright info
==30251== Command: ./liblinear-tmedium data/10B/epsilon
==30251== 
--30251-- warning: L3 cache found, using its data for the LL simulation.
--30251-- warning: specified LL cache: line_size 64  assoc 11  total_size 25,952,256
--30251-- warning: simulated LL cache: line_size 64  assoc 12  total_size 25,165,824
LRU cache replacement will be used
==30251== 
==30251== I   refs:      19,285,289,582
==30251== I1  misses:     1,439,951,886
==30251== LLi misses:             2,518
==30251== I1  miss rate:           7.47%
==30251== LLi miss rate:           0.00%
==30251== 
==30251== D   refs:       5,666,485,978  (3,947,048,633 rd   + 1,719,437,345 wr)
==30251== D1  misses:       722,973,751  (  582,439,645 rd   +   140,534,106 wr)
==30251== LLd misses:        39,934,280  (   36,799,820 rd   +     3,134,460 wr)
==30251== D1  miss rate:           12.8% (         14.8%     +           8.2%  )
==30251== LLd miss rate:            0.7% (          0.9%     +           0.2%  )
==30251== 
==30251== LL refs:        2,162,925,637  (2,022,391,531 rd   +   140,534,106 wr)
==30251== LL misses:         39,936,798  (   36,802,338 rd   +     3,134,460 wr)
==30251== LL miss rate:             0.2% (          0.2%     +           0.2%  )
