==29875== Cachegrind, a cache and branch-prediction profiler
==29875== Copyright (C) 2002-2017, and GNU GPL'd, by Nicholas Nethercote et al.
==29875== Using Valgrind-3.16.1 and LibVEX; rerun with -h for copyright info
==29875== Command: ./kmeans-small ../datasets/yeast 1484 8 10
==29875== 
--29875-- warning: L3 cache found, using its data for the LL simulation.
--29875-- warning: specified LL cache: line_size 64  assoc 11  total_size 25,952,256
--29875-- warning: simulated LL cache: line_size 64  assoc 12  total_size 25,165,824
BIP cache replacement will be used
BIP Throttle parameter is set to 0.062500
==29875== 
==29875== I   refs:      56,158,071
==29875== I1  misses:         1,477
==29875== LLi misses:         1,468
==29875== I1  miss rate:       0.00%
==29875== LLi miss rate:       0.00%
==29875== 
==29875== D   refs:      15,831,405  (13,089,370 rd   + 2,742,035 wr)
==29875== D1  misses:         5,020  (     2,201 rd   +     2,819 wr)
==29875== LLd misses:         4,966  (     2,149 rd   +     2,817 wr)
==29875== D1  miss rate:        0.0% (       0.0%     +       0.1%  )
==29875== LLd miss rate:        0.0% (       0.0%     +       0.1%  )
==29875== 
==29875== LL refs:            6,497  (     3,678 rd   +     2,819 wr)
==29875== LL misses:          6,434  (     3,617 rd   +     2,817 wr)
==29875== LL miss rate:         0.0% (       0.0%     +       0.1%  )
