==43643== Cachegrind, a cache and branch-prediction profiler
==43643== Copyright (C) 2002-2017, and GNU GPL'd, by Nicholas Nethercote et al.
==43643== Using Valgrind-3.16.1 and LibVEX; rerun with -h for copyright info
==43643== Command: ./me-large
==43643== 
--43643-- warning: L3 cache found, using its data for the LL simulation.
--43643-- warning: specified LL cache: line_size 64  assoc 11  total_size 25,952,256
--43643-- warning: simulated LL cache: line_size 64  assoc 12  total_size 25,165,824
LIP cache replacement will be used
==43643== brk segment overflow in thread #1: can't grow to 0x4a4b000
==43643== (see section Limitations in user manual)
==43643== NOTE: further instances of this message will not be shown
==43643== 
==43643== I   refs:      7,528,529,086
==43643== I1  misses:       10,291,536
==43643== LLi misses:            2,815
==43643== I1  miss rate:          0.14%
==43643== LLi miss rate:          0.00%
==43643== 
==43643== D   refs:      1,825,539,723  (1,535,870,323 rd   + 289,669,400 wr)
==43643== D1  misses:      263,266,428  (  258,012,692 rd   +   5,253,736 wr)
==43643== LLd misses:        1,429,881  (      192,213 rd   +   1,237,668 wr)
==43643== D1  miss rate:          14.4% (         16.8%     +         1.8%  )
==43643== LLd miss rate:           0.1% (          0.0%     +         0.4%  )
==43643== 
==43643== LL refs:         273,557,964  (  268,304,228 rd   +   5,253,736 wr)
==43643== LL misses:         1,432,696  (      195,028 rd   +   1,237,668 wr)
==43643== LL miss rate:            0.0% (          0.0%     +         0.4%  )
