==34593== Cachegrind, a cache and branch-prediction profiler
==34593== Copyright (C) 2002-2017, and GNU GPL'd, by Nicholas Nethercote et al.
==34593== Using Valgrind-3.16.1 and LibVEX; rerun with -h for copyright info
==34593== Command: ./pca-small small.data 1593 256 R
==34593== 
--34593-- warning: L3 cache found, using its data for the LL simulation.
--34593-- warning: specified LL cache: line_size 64  assoc 11  total_size 25,952,256
--34593-- warning: simulated LL cache: line_size 64  assoc 12  total_size 25,165,824
BIP cache replacement will be used
BIP Throttle parameter is set to 0.015625
==34593== 
==34593== I   refs:      1,489,668,691
==34593== I1  misses:            1,633
==34593== LLi misses:            1,628
==34593== I1  miss rate:          0.00%
==34593== LLi miss rate:          0.00%
==34593== 
==34593== D   refs:        597,905,808  (426,152,920 rd   + 171,752,888 wr)
==34593== D1  misses:           50,029  (     14,736 rd   +      35,293 wr)
==34593== LLd misses:           39,833  (      4,584 rd   +      35,249 wr)
==34593== D1  miss rate:           0.0% (        0.0%     +         0.0%  )
==34593== LLd miss rate:           0.0% (        0.0%     +         0.0%  )
==34593== 
==34593== LL refs:              51,662  (     16,369 rd   +      35,293 wr)
==34593== LL misses:            41,461  (      6,212 rd   +      35,249 wr)
==34593== LL miss rate:            0.0% (        0.0%     +         0.0%  )
