==43166== Cachegrind, a cache and branch-prediction profiler
==43166== Copyright (C) 2002-2017, and GNU GPL'd, by Nicholas Nethercote et al.
==43166== Using Valgrind-3.16.1 and LibVEX; rerun with -h for copyright info
==43166== Command: ./disparity .
==43166== 
--43166-- warning: L3 cache found, using its data for the LL simulation.
--43166-- warning: specified LL cache: line_size 64  assoc 11  total_size 25,952,256
--43166-- warning: simulated LL cache: line_size 64  assoc 12  total_size 25,165,824
BIP cache replacement will be used
BIP Throttle parameter is set to 0.062500
==43166== brk segment overflow in thread #1: can't grow to 0x4a37000
==43166== (see section Limitations in user manual)
==43166== NOTE: further instances of this message will not be shown
==43166== 
==43166== I   refs:      9,424,576,324
==43166== I1  misses:            1,551
==43166== LLi misses:            1,541
==43166== I1  miss rate:          0.00%
==43166== LLi miss rate:          0.00%
==43166== 
==43166== D   refs:      3,816,070,782  (2,559,180,384 rd   + 1,256,890,398 wr)
==43166== D1  misses:      350,902,806  (  251,606,122 rd   +    99,296,684 wr)
==43166== LLd misses:       62,131,179  (   38,478,003 rd   +    23,653,176 wr)
==43166== D1  miss rate:           9.2% (          9.8%     +           7.9%  )
==43166== LLd miss rate:           1.6% (          1.5%     +           1.9%  )
==43166== 
==43166== LL refs:         350,904,357  (  251,607,673 rd   +    99,296,684 wr)
==43166== LL misses:        62,132,720  (   38,479,544 rd   +    23,653,176 wr)
==43166== LL miss rate:            0.5% (          0.3%     +           1.9%  )
