==50673== Cachegrind, a cache and branch-prediction profiler
==50673== Copyright (C) 2002-2017, and GNU GPL'd, by Nicholas Nethercote et al.
==50673== Using Valgrind-3.16.1 and LibVEX; rerun with -h for copyright info
==50673== Command: ./stitch .
==50673== 
--50673-- warning: L3 cache found, using its data for the LL simulation.
--50673-- warning: specified LL cache: line_size 64  assoc 11  total_size 25,952,256
--50673-- warning: simulated LL cache: line_size 64  assoc 12  total_size 25,165,824
BIP cache replacement will be used
BIP Throttle parameter is set to 0.031250
==50673== brk segment overflow in thread #1: can't grow to 0x4ae3000
==50673== (see section Limitations in user manual)
==50673== NOTE: further instances of this message will not be shown
==50673== 
==50673== I   refs:      8,280,657,689
==50673== I1  misses:            1,909
==50673== LLi misses:            1,796
==50673== I1  miss rate:          0.00%
==50673== LLi miss rate:          0.00%
==50673== 
==50673== D   refs:      2,251,787,239  (1,520,764,435 rd   + 731,022,804 wr)
==50673== D1  misses:      137,738,468  (   77,425,262 rd   +  60,313,206 wr)
==50673== LLd misses:          268,950  (       14,025 rd   +     254,925 wr)
==50673== D1  miss rate:           6.1% (          5.1%     +         8.3%  )
==50673== LLd miss rate:           0.0% (          0.0%     +         0.0%  )
==50673== 
==50673== LL refs:         137,740,377  (   77,427,171 rd   +  60,313,206 wr)
==50673== LL misses:           270,746  (       15,821 rd   +     254,925 wr)
==50673== LL miss rate:            0.0% (          0.0%     +         0.0%  )
