==11620== Cachegrind, a cache and branch-prediction profiler
==11620== Copyright (C) 2002-2017, and GNU GPL'd, by Nicholas Nethercote et al.
==11620== Using Valgrind-3.16.1 and LibVEX; rerun with -h for copyright info
==11620== Command: ./liblinear-tlarge data/100B/kdda
==11620== 
--11620-- warning: L3 cache found, using its data for the LL simulation.
--11620-- warning: specified LL cache: line_size 64  assoc 11  total_size 25,952,256
--11620-- warning: simulated LL cache: line_size 64  assoc 12  total_size 25,165,824
Random cache replacement will be used
==11620== 
==11620== I   refs:      111,902,757,746
==11620== I1  misses:      6,867,191,150
==11620== LLi misses:             58,250
==11620== I1  miss rate:            6.14%
==11620== LLi miss rate:            0.00%
==11620== 
==11620== D   refs:       44,061,986,414  (36,080,688,072 rd   + 7,981,298,342 wr)
==11620== D1  misses:     15,077,820,857  (14,095,534,820 rd   +   982,286,037 wr)
==11620== LLd misses:      2,059,455,775  ( 2,053,736,347 rd   +     5,719,428 wr)
==11620== D1  miss rate:            34.2% (          39.1%     +          12.3%  )
==11620== LLd miss rate:             4.7% (           5.7%     +           0.1%  )
==11620== 
==11620== LL refs:        21,945,012,007  (20,962,725,970 rd   +   982,286,037 wr)
==11620== LL misses:       2,059,514,025  ( 2,053,794,597 rd   +     5,719,428 wr)
==11620== LL miss rate:              1.3% (           1.4%     +           0.1%  )
