==60239== Cachegrind, a cache and branch-prediction profiler
==60239== Copyright (C) 2002-2017, and GNU GPL'd, by Nicholas Nethercote et al.
==60239== Using Valgrind-3.16.1 and LibVEX; rerun with -h for copyright info
==60239== Command: ./multi_ncut .
==60239== 
--60239-- warning: L3 cache found, using its data for the LL simulation.
--60239-- warning: specified LL cache: line_size 64  assoc 11  total_size 25,952,256
--60239-- warning: simulated LL cache: line_size 64  assoc 12  total_size 25,165,824
LIP cache replacement will be used
==60239== 
==60239== I   refs:      50,837,880,271
==60239== I1  misses:           136,975
==60239== LLi misses:             1,652
==60239== I1  miss rate:           0.00%
==60239== LLi miss rate:           0.00%
==60239== 
==60239== D   refs:       8,481,933,969  (8,475,496,696 rd   + 6,437,273 wr)
==60239== D1  misses:       530,169,038  (  529,682,911 rd   +   486,127 wr)
==60239== LLd misses:            49,102  (        2,343 rd   +    46,759 wr)
==60239== D1  miss rate:            6.3% (          6.2%     +       7.6%  )
==60239== LLd miss rate:            0.0% (          0.0%     +       0.7%  )
==60239== 
==60239== LL refs:          530,306,013  (  529,819,886 rd   +   486,127 wr)
==60239== LL misses:             50,754  (        3,995 rd   +    46,759 wr)
==60239== LL miss rate:             0.0% (          0.0%     +       0.7%  )
