==46980== Cachegrind, a cache and branch-prediction profiler
==46980== Copyright (C) 2002-2017, and GNU GPL'd, by Nicholas Nethercote et al.
==46980== Using Valgrind-3.16.1 and LibVEX; rerun with -h for copyright info
==46980== Command: ./disparity .
==46980== 
--46980-- warning: L3 cache found, using its data for the LL simulation.
--46980-- warning: specified LL cache: line_size 64  assoc 11  total_size 25,952,256
--46980-- warning: simulated LL cache: line_size 64  assoc 12  total_size 25,165,824
LIP cache replacement will be used
==46980== brk segment overflow in thread #1: can't grow to 0x4a37000
==46980== (see section Limitations in user manual)
==46980== NOTE: further instances of this message will not be shown
==46980== 
==46980== I   refs:      9,424,576,143
==46980== I1  misses:            1,550
==46980== LLi misses:            1,540
==46980== I1  miss rate:          0.00%
==46980== LLi miss rate:          0.00%
==46980== 
==46980== D   refs:      3,816,070,630  (2,559,180,301 rd   + 1,256,890,329 wr)
==46980== D1  misses:      631,440,564  (  461,823,598 rd   +   169,616,966 wr)
==46980== LLd misses:       67,657,675  (   37,211,333 rd   +    30,446,342 wr)
==46980== D1  miss rate:          16.5% (         18.0%     +          13.5%  )
==46980== LLd miss rate:           1.8% (          1.5%     +           2.4%  )
==46980== 
==46980== LL refs:         631,442,114  (  461,825,148 rd   +   169,616,966 wr)
==46980== LL misses:        67,659,215  (   37,212,873 rd   +    30,446,342 wr)
==46980== LL miss rate:            0.5% (          0.3%     +           2.4%  )
