==44444== Cachegrind, a cache and branch-prediction profiler
==44444== Copyright (C) 2002-2017, and GNU GPL'd, by Nicholas Nethercote et al.
==44444== Using Valgrind-3.16.1 and LibVEX; rerun with -h for copyright info
==44444== Command: ./lda-medium est .1 3 settings.txt medium/medium_data.dat random medium/results
==44444== 
--44444-- warning: L3 cache found, using its data for the LL simulation.
--44444-- warning: specified LL cache: line_size 64  assoc 11  total_size 25,952,256
--44444-- warning: simulated LL cache: line_size 64  assoc 12  total_size 25,165,824
BIP cache replacement will be used
BIP Throttle parameter is set to 0.062500
==44444== 
==44444== I   refs:      76,584,662,373
==44444== I1  misses:             2,392
==44444== LLi misses:             2,210
==44444== I1  miss rate:           0.00%
==44444== LLi miss rate:           0.00%
==44444== 
==44444== D   refs:      28,782,946,354  (21,872,962,104 rd   + 6,909,984,250 wr)
==44444== D1  misses:       245,722,030  (   243,548,583 rd   +     2,173,447 wr)
==44444== LLd misses:            30,483  (         3,478 rd   +        27,005 wr)
==44444== D1  miss rate:            0.9% (           1.1%     +           0.0%  )
==44444== LLd miss rate:            0.0% (           0.0%     +           0.0%  )
==44444== 
==44444== LL refs:          245,724,422  (   243,550,975 rd   +     2,173,447 wr)
==44444== LL misses:             32,693  (         5,688 rd   +        27,005 wr)
==44444== LL miss rate:             0.0% (           0.0%     +           0.0%  )
