==41134== Cachegrind, a cache and branch-prediction profiler
==41134== Copyright (C) 2002-2017, and GNU GPL'd, by Nicholas Nethercote et al.
==41134== Using Valgrind-3.16.1 and LibVEX; rerun with -h for copyright info
==41134== Command: ./liblinear-tmedium data/10B/epsilon
==41134== 
--41134-- warning: L3 cache found, using its data for the LL simulation.
--41134-- warning: specified LL cache: line_size 64  assoc 11  total_size 25,952,256
--41134-- warning: simulated LL cache: line_size 64  assoc 12  total_size 25,165,824
LRU cache replacement will be used
==41134== 
==41134== I   refs:      19,285,289,592
==41134== I1  misses:             1,833
==41134== LLi misses:             1,829
==41134== I1  miss rate:           0.00%
==41134== LLi miss rate:           0.00%
==41134== 
==41134== D   refs:       5,666,485,980  (3,947,048,634 rd   + 1,719,437,346 wr)
==41134== D1  misses:        40,483,433  (   37,348,720 rd   +     3,134,713 wr)
==41134== LLd misses:        39,933,950  (   36,799,486 rd   +     3,134,464 wr)
==41134== D1  miss rate:            0.7% (          0.9%     +           0.2%  )
==41134== LLd miss rate:            0.7% (          0.9%     +           0.2%  )
==41134== 
==41134== LL refs:           40,485,266  (   37,350,553 rd   +     3,134,713 wr)
==41134== LL misses:         39,935,779  (   36,801,315 rd   +     3,134,464 wr)
==41134== LL miss rate:             0.2% (          0.2%     +           0.2%  )
