==58528== Cachegrind, a cache and branch-prediction profiler
==58528== Copyright (C) 2002-2017, and GNU GPL'd, by Nicholas Nethercote et al.
==58528== Using Valgrind-3.16.1 and LibVEX; rerun with -h for copyright info
==58528== Command: ./spc-medium ../datasets/Aggregation 788 2 7 0.707 1
==58528== 
--58528-- warning: L3 cache found, using its data for the LL simulation.
--58528-- warning: specified LL cache: line_size 64  assoc 11  total_size 25,952,256
--58528-- warning: simulated LL cache: line_size 64  assoc 12  total_size 25,165,824
BIP cache replacement will be used
BIP Throttle parameter is set to 0.062500
==58528== 
==58528== I   refs:      11,307,967,289
==58528== I1  misses:             1,751
==58528== LLi misses:             1,722
==58528== I1  miss rate:           0.00%
==58528== LLi miss rate:           0.00%
==58528== 
==58528== D   refs:       4,030,824,654  (2,697,589,545 rd   + 1,333,235,109 wr)
==58528== D1  misses:        99,521,554  (   99,143,286 rd   +       378,268 wr)
==58528== LLd misses:           215,139  (      132,035 rd   +        83,104 wr)
==58528== D1  miss rate:            2.5% (          3.7%     +           0.0%  )
==58528== LLd miss rate:            0.0% (          0.0%     +           0.0%  )
==58528== 
==58528== LL refs:           99,523,305  (   99,145,037 rd   +       378,268 wr)
==58528== LL misses:            216,861  (      133,757 rd   +        83,104 wr)
==58528== LL miss rate:             0.0% (          0.0%     +           0.0%  )
