==39040== Cachegrind, a cache and branch-prediction profiler
==39040== Copyright (C) 2002-2017, and GNU GPL'd, by Nicholas Nethercote et al.
==39040== Using Valgrind-3.16.1 and LibVEX; rerun with -h for copyright info
==39040== Command: ./mser .
==39040== 
--39040-- warning: L3 cache found, using its data for the LL simulation.
--39040-- warning: specified LL cache: line_size 64  assoc 11  total_size 25,952,256
--39040-- warning: simulated LL cache: line_size 64  assoc 12  total_size 25,165,824
FIFO cache replacement will be used
==39040== 
==39040== I   refs:      10,344,660
==39040== I1  misses:         6,704
==39040== LLi misses:         1,517
==39040== I1  miss rate:       0.06%
==39040== LLi miss rate:       0.01%
==39040== 
==39040== D   refs:       3,863,075  (2,632,605 rd   + 1,230,470 wr)
==39040== D1  misses:       145,647  (  119,935 rd   +    25,712 wr)
==39040== LLd misses:         7,529  (    2,253 rd   +     5,276 wr)
==39040== D1  miss rate:        3.8% (      4.6%     +       2.1%  )
==39040== LLd miss rate:        0.2% (      0.1%     +       0.4%  )
==39040== 
==39040== LL refs:          152,351  (  126,639 rd   +    25,712 wr)
==39040== LL misses:          9,046  (    3,770 rd   +     5,276 wr)
==39040== LL miss rate:         0.1% (      0.0%     +       0.4%  )
