==57377== Cachegrind, a cache and branch-prediction profiler
==57377== Copyright (C) 2002-2017, and GNU GPL'd, by Nicholas Nethercote et al.
==57377== Using Valgrind-3.16.1 and LibVEX; rerun with -h for copyright info
==57377== Command: ./spc-small ../datasets/R15 600 2 15 0.707 1 2
==57377== 
--57377-- warning: L3 cache found, using its data for the LL simulation.
--57377-- warning: specified LL cache: line_size 64  assoc 11  total_size 25,952,256
--57377-- warning: simulated LL cache: line_size 64  assoc 12  total_size 25,165,824
BIP cache replacement will be used
BIP Throttle parameter is set to 0.062500
==57377== 
==57377== I   refs:      217,405
==57377== I1  misses:      1,099
==57377== LLi misses:      1,090
==57377== I1  miss rate:    0.51%
==57377== LLi miss rate:    0.50%
==57377== 
==57377== D   refs:       69,324  (54,846 rd   + 14,478 wr)
==57377== D1  misses:      2,796  ( 2,190 rd   +    606 wr)
==57377== LLd misses:      2,796  ( 2,190 rd   +    606 wr)
==57377== D1  miss rate:     4.0% (   4.0%     +    4.2%  )
==57377== LLd miss rate:     4.0% (   4.0%     +    4.2%  )
==57377== 
==57377== LL refs:         3,895  ( 3,289 rd   +    606 wr)
==57377== LL misses:       3,886  ( 3,280 rd   +    606 wr)
==57377== LL miss rate:      1.4% (   1.2%     +    4.2%  )
