==22471== Cachegrind, a cache and branch-prediction profiler
==22471== Copyright (C) 2002-2017, and GNU GPL'd, by Nicholas Nethercote et al.
==22471== Using Valgrind-3.16.1 and LibVEX; rerun with -h for copyright info
==22471== Command: ./disparity .
==22471== 
--22471-- warning: L3 cache found, using its data for the LL simulation.
--22471-- warning: specified LL cache: line_size 64  assoc 11  total_size 25,952,256
--22471-- warning: simulated LL cache: line_size 64  assoc 12  total_size 25,165,824
BIP cache replacement will be used
BIP Throttle parameter is set to 0.031250
==22471== 
==22471== I   refs:      1,281,749,648
==22471== I1  misses:       16,508,450
==22471== LLi misses:            1,657
==22471== I1  miss rate:          1.29%
==22471== LLi miss rate:          0.00%
==22471== 
==22471== D   refs:        519,594,083  (348,916,529 rd   + 170,677,554 wr)
==22471== D1  misses:      157,505,216  (109,374,001 rd   +  48,131,215 wr)
==22471== LLd misses:          291,288  (     55,656 rd   +     235,632 wr)
==22471== D1  miss rate:          30.3% (       31.3%     +        28.2%  )
==22471== LLd miss rate:           0.1% (        0.0%     +         0.1%  )
==22471== 
==22471== LL refs:         174,013,666  (125,882,451 rd   +  48,131,215 wr)
==22471== LL misses:           292,945  (     57,313 rd   +     235,632 wr)
==22471== LL miss rate:            0.0% (        0.0%     +         0.1%  )
