==30939== Cachegrind, a cache and branch-prediction profiler
==30939== Copyright (C) 2002-2017, and GNU GPL'd, by Nicholas Nethercote et al.
==30939== Using Valgrind-3.16.1 and LibVEX; rerun with -h for copyright info
==30939== Command: ./kmeans-medium ../datasets/finland 13467 2 15
==30939== 
--30939-- warning: L3 cache found, using its data for the LL simulation.
--30939-- warning: specified LL cache: line_size 64  assoc 11  total_size 25,952,256
--30939-- warning: simulated LL cache: line_size 64  assoc 12  total_size 25,165,824
BIP cache replacement will be used
BIP Throttle parameter is set to 0.062500
==30939== 
==30939== I   refs:      261,008,482
==30939== I1  misses:      5,780,431
==30939== LLi misses:          1,455
==30939== I1  miss rate:        2.21%
==30939== LLi miss rate:        0.00%
==30939== 
==30939== D   refs:       60,294,298  (50,971,204 rd   + 9,323,094 wr)
==30939== D1  misses:     12,549,677  (11,637,495 rd   +   912,182 wr)
==30939== LLd misses:         12,162  (     2,154 rd   +    10,008 wr)
==30939== D1  miss rate:        20.8% (      22.8%     +       9.8%  )
==30939== LLd miss rate:         0.0% (       0.0%     +       0.1%  )
==30939== 
==30939== LL refs:        18,330,108  (17,417,926 rd   +   912,182 wr)
==30939== LL misses:          13,617  (     3,609 rd   +    10,008 wr)
==30939== LL miss rate:          0.0% (       0.0%     +       0.1%  )
