==25763== Cachegrind, a cache and branch-prediction profiler
==25763== Copyright (C) 2002-2017, and GNU GPL'd, by Nicholas Nethercote et al.
==25763== Using Valgrind-3.16.1 and LibVEX; rerun with -h for copyright info
==25763== Command: ./tracking .
==25763== 
--25763-- warning: L3 cache found, using its data for the LL simulation.
--25763-- warning: specified LL cache: line_size 64  assoc 11  total_size 25,952,256
--25763-- warning: simulated LL cache: line_size 64  assoc 12  total_size 25,165,824
Random cache replacement will be used
==25763== brk segment overflow in thread #1: can't grow to 0x4a37000
==25763== (see section Limitations in user manual)
==25763== NOTE: further instances of this message will not be shown
==25763== 
==25763== I   refs:      1,258,660,566
==25763== I1  misses:            1,738
==25763== LLi misses:            1,733
==25763== I1  miss rate:          0.00%
==25763== LLi miss rate:          0.00%
==25763== 
==25763== D   refs:        408,310,905  (288,791,486 rd   + 119,519,419 wr)
==25763== D1  misses:        2,260,082  (    853,587 rd   +   1,406,495 wr)
==25763== LLd misses:          332,065  (     29,697 rd   +     302,368 wr)
==25763== D1  miss rate:           0.6% (        0.3%     +         1.2%  )
==25763== LLd miss rate:           0.1% (        0.0%     +         0.3%  )
==25763== 
==25763== LL refs:           2,261,820  (    855,325 rd   +   1,406,495 wr)
==25763== LL misses:           333,798  (     31,430 rd   +     302,368 wr)
==25763== LL miss rate:            0.0% (        0.0%     +         0.3%  )
