==37747== Cachegrind, a cache and branch-prediction profiler
==37747== Copyright (C) 2002-2017, and GNU GPL'd, by Nicholas Nethercote et al.
==37747== Using Valgrind-3.16.1 and LibVEX; rerun with -h for copyright info
==37747== Command: ./disparity .
==37747== 
--37747-- warning: L3 cache found, using its data for the LL simulation.
--37747-- warning: specified LL cache: line_size 64  assoc 11  total_size 25,952,256
--37747-- warning: simulated LL cache: line_size 64  assoc 12  total_size 25,165,824
BIP cache replacement will be used
BIP Throttle parameter is set to 0.062500
==37747== 
==37747== I   refs:      126,238,856
==37747== I1  misses:          1,505
==37747== LLi misses:          1,501
==37747== I1  miss rate:        0.00%
==37747== LLi miss rate:        0.00%
==37747== 
==37747== D   refs:       50,959,901  (34,248,434 rd   + 16,711,467 wr)
==37747== D1  misses:         20,653  (     2,262 rd   +     18,391 wr)
==37747== LLd misses:         20,644  (     2,254 rd   +     18,390 wr)
==37747== D1  miss rate:         0.0% (       0.0%     +        0.1%  )
==37747== LLd miss rate:         0.0% (       0.0%     +        0.1%  )
==37747== 
==37747== LL refs:            22,158  (     3,767 rd   +     18,391 wr)
==37747== LL misses:          22,145  (     3,755 rd   +     18,390 wr)
==37747== LL miss rate:          0.0% (       0.0%     +        0.1%  )
