==28567== Cachegrind, a cache and branch-prediction profiler
==28567== Copyright (C) 2002-2017, and GNU GPL'd, by Nicholas Nethercote et al.
==28567== Using Valgrind-3.16.1 and LibVEX; rerun with -h for copyright info
==28567== Command: ./mser .
==28567== 
--28567-- warning: L3 cache found, using its data for the LL simulation.
--28567-- warning: specified LL cache: line_size 64  assoc 11  total_size 25,952,256
--28567-- warning: simulated LL cache: line_size 64  assoc 12  total_size 25,165,824
BIP cache replacement will be used
BIP Throttle parameter is set to 0.015625
==28567== 
==28567== Process terminating with default action of signal 15 (SIGTERM)
==28567==    at 0x10CB68: mser (in /home/tkloda/cortexsuite/vision/benchmarks/mser/data/fullhd/mser)
==28567==    by 0x108B07: main (in /home/tkloda/cortexsuite/vision/benchmarks/mser/data/fullhd/mser)
==28567== 
==28567== I   refs:      1,733,595,936
==28567== I1  misses:            1,482
==28567== LLi misses:            1,249
==28567== I1  miss rate:          0.00%
==28567== LLi miss rate:          0.00%
==28567== 
==28567== D   refs:        732,794,000  (496,339,460 rd   + 236,454,540 wr)
==28567== D1  misses:       29,590,791  ( 28,062,439 rd   +   1,528,352 wr)
==28567== LLd misses:        1,532,605  (    375,264 rd   +   1,157,341 wr)
==28567== D1  miss rate:           4.0% (        5.7%     +         0.6%  )
==28567== LLd miss rate:           0.2% (        0.1%     +         0.5%  )
==28567== 
==28567== LL refs:          29,592,273  ( 28,063,921 rd   +   1,528,352 wr)
==28567== LL misses:         1,533,854  (    376,513 rd   +   1,157,341 wr)
==28567== LL miss rate:            0.1% (        0.0%     +         0.5%  )
