==25326== Cachegrind, a cache and branch-prediction profiler
==25326== Copyright (C) 2002-2017, and GNU GPL'd, by Nicholas Nethercote et al.
==25326== Using Valgrind-3.16.1 and LibVEX; rerun with -h for copyright info
==25326== Command: ./stitch .
==25326== 
--25326-- warning: L3 cache found, using its data for the LL simulation.
--25326-- warning: specified LL cache: line_size 64  assoc 11  total_size 25,952,256
--25326-- warning: simulated LL cache: line_size 64  assoc 12  total_size 25,165,824
LIP cache replacement will be used
==25326== brk segment overflow in thread #1: can't grow to 0x4ae3000
==25326== (see section Limitations in user manual)
==25326== NOTE: further instances of this message will not be shown
==25326== 
==25326== I   refs:      8,280,657,857
==25326== I1  misses:        4,503,633
==25326== LLi misses:            1,904
==25326== I1  miss rate:          0.05%
==25326== LLi miss rate:          0.00%
==25326== 
==25326== D   refs:      2,251,787,265  (1,520,764,459 rd   + 731,022,806 wr)
==25326== D1  misses:      157,898,503  (   89,859,233 rd   +  68,039,270 wr)
==25326== LLd misses:          267,613  (       14,498 rd   +     253,115 wr)
==25326== D1  miss rate:           7.0% (          5.9%     +         9.3%  )
==25326== LLd miss rate:           0.0% (          0.0%     +         0.0%  )
==25326== 
==25326== LL refs:         162,402,136  (   94,362,866 rd   +  68,039,270 wr)
==25326== LL misses:           269,517  (       16,402 rd   +     253,115 wr)
==25326== LL miss rate:            0.0% (          0.0%     +         0.0%  )
