==42806== Cachegrind, a cache and branch-prediction profiler
==42806== Copyright (C) 2002-2017, and GNU GPL'd, by Nicholas Nethercote et al.
==42806== Using Valgrind-3.16.1 and LibVEX; rerun with -h for copyright info
==42806== Command: ./disparity .
==42806== 
--42806-- warning: L3 cache found, using its data for the LL simulation.
--42806-- warning: specified LL cache: line_size 64  assoc 11  total_size 25,952,256
--42806-- warning: simulated LL cache: line_size 64  assoc 12  total_size 25,165,824
Random cache replacement will be used
==42806== brk segment overflow in thread #1: can't grow to 0x4a37000
==42806== (see section Limitations in user manual)
==42806== NOTE: further instances of this message will not be shown
==42806== 
==42806== I   refs:      9,424,576,300
==42806== I1  misses:        4,553,380
==42806== LLi misses:            1,695
==42806== I1  miss rate:          0.05%
==42806== LLi miss rate:          0.00%
==42806== 
==42806== D   refs:      3,816,070,778  (2,559,180,382 rd   + 1,256,890,396 wr)
==42806== D1  misses:      436,446,504  (  266,868,886 rd   +   169,577,618 wr)
==42806== LLd misses:       73,761,682  (   38,263,800 rd   +    35,497,882 wr)
==42806== D1  miss rate:          11.4% (         10.4%     +          13.5%  )
==42806== LLd miss rate:           1.9% (          1.5%     +           2.8%  )
==42806== 
==42806== LL refs:         440,999,884  (  271,422,266 rd   +   169,577,618 wr)
==42806== LL misses:        73,763,377  (   38,265,495 rd   +    35,497,882 wr)
==42806== LL miss rate:            0.6% (          0.3%     +           2.8%  )
