==43665== Cachegrind, a cache and branch-prediction profiler
==43665== Copyright (C) 2002-2017, and GNU GPL'd, by Nicholas Nethercote et al.
==43665== Using Valgrind-3.16.1 and LibVEX; rerun with -h for copyright info
==43665== Command: ./me-large
==43665== 
--43665-- warning: L3 cache found, using its data for the LL simulation.
--43665-- warning: specified LL cache: line_size 64  assoc 11  total_size 25,952,256
--43665-- warning: simulated LL cache: line_size 64  assoc 12  total_size 25,165,824
LIP cache replacement will be used
==43665== brk segment overflow in thread #1: can't grow to 0x4a4b000
==43665== (see section Limitations in user manual)
==43665== NOTE: further instances of this message will not be shown
==43665== 
==43665== I   refs:      7,528,529,086
==43665== I1  misses:        1,675,386
==43665== LLi misses:            3,222
==43665== I1  miss rate:          0.02%
==43665== LLi miss rate:          0.00%
==43665== 
==43665== D   refs:      1,825,539,723  (1,535,870,323 rd   + 289,669,400 wr)
==43665== D1  misses:       80,197,449  (   77,770,601 rd   +   2,426,848 wr)
==43665== LLd misses:        1,553,669  (      311,548 rd   +   1,242,121 wr)
==43665== D1  miss rate:           4.4% (          5.1%     +         0.8%  )
==43665== LLd miss rate:           0.1% (          0.0%     +         0.4%  )
==43665== 
==43665== LL refs:          81,872,835  (   79,445,987 rd   +   2,426,848 wr)
==43665== LL misses:         1,556,891  (      314,770 rd   +   1,242,121 wr)
==43665== LL miss rate:            0.0% (          0.0%     +         0.4%  )
