==54334== Cachegrind, a cache and branch-prediction profiler
==54334== Copyright (C) 2002-2017, and GNU GPL'd, by Nicholas Nethercote et al.
==54334== Using Valgrind-3.16.1 and LibVEX; rerun with -h for copyright info
==54334== Command: ./tracking .
==54334== 
--54334-- warning: L3 cache found, using its data for the LL simulation.
--54334-- warning: specified LL cache: line_size 64  assoc 11  total_size 25,952,256
--54334-- warning: simulated LL cache: line_size 64  assoc 12  total_size 25,165,824
BIP cache replacement will be used
BIP Throttle parameter is set to 0.015625
==54334== brk segment overflow in thread #1: can't grow to 0x5026000
==54334== (see section Limitations in user manual)
==54334== NOTE: further instances of this message will not be shown
==54334== 
==54334== I   refs:      7,862,358,974
==54334== I1  misses:       62,430,625
==54334== LLi misses:            5,678
==54334== I1  miss rate:          0.79%
==54334== LLi miss rate:          0.00%
==54334== 
==54334== D   refs:      2,585,046,512  (1,824,545,508 rd   + 760,501,004 wr)
==54334== D1  misses:      383,941,919  (  274,862,765 rd   + 109,079,154 wr)
==54334== LLd misses:       12,592,040  (    3,964,922 rd   +   8,627,118 wr)
==54334== D1  miss rate:          14.9% (         15.1%     +        14.3%  )
==54334== LLd miss rate:           0.5% (          0.2%     +         1.1%  )
==54334== 
==54334== LL refs:         446,372,544  (  337,293,390 rd   + 109,079,154 wr)
==54334== LL misses:        12,597,718  (    3,970,600 rd   +   8,627,118 wr)
==54334== LL miss rate:            0.1% (          0.0%     +         1.1%  )
