==39335== Cachegrind, a cache and branch-prediction profiler
==39335== Copyright (C) 2002-2017, and GNU GPL'd, by Nicholas Nethercote et al.
==39335== Using Valgrind-3.16.1 and LibVEX; rerun with -h for copyright info
==39335== Command: ./multi_ncut .
==39335== 
--39335-- warning: L3 cache found, using its data for the LL simulation.
--39335-- warning: specified LL cache: line_size 64  assoc 11  total_size 25,952,256
--39335-- warning: simulated LL cache: line_size 64  assoc 12  total_size 25,165,824
FIFO cache replacement will be used
==39335== 
==39335== I   refs:      820,995,042,953
==39335== I1  misses:              1,559
==39335== LLi misses:              1,555
==39335== I1  miss rate:            0.00%
==39335== LLi miss rate:            0.00%
==39335== 
==39335== D   refs:      136,867,775,779  (136,842,647,837 rd   + 25,127,942 wr)
==39335== D1  misses:            844,460  (        629,771 rd   +    214,689 wr)
==39335== LLd misses:            193,777  (          2,259 rd   +    191,518 wr)
==39335== D1  miss rate:             0.0% (            0.0%     +        0.9%  )
==39335== LLd miss rate:             0.0% (            0.0%     +        0.8%  )
==39335== 
==39335== LL refs:               846,019  (        631,330 rd   +    214,689 wr)
==39335== LL misses:             195,332  (          3,814 rd   +    191,518 wr)
==39335== LL miss rate:              0.0% (            0.0%     +        0.8%  )
