==61743== Cachegrind, a cache and branch-prediction profiler
==61743== Copyright (C) 2002-2017, and GNU GPL'd, by Nicholas Nethercote et al.
==61743== Using Valgrind-3.16.1 and LibVEX; rerun with -h for copyright info
==61743== Command: ./sift .
==61743== 
--61743-- warning: L3 cache found, using its data for the LL simulation.
--61743-- warning: specified LL cache: line_size 64  assoc 11  total_size 25,952,256
--61743-- warning: simulated LL cache: line_size 64  assoc 12  total_size 25,165,824
Random cache replacement will be used
==61743== brk segment overflow in thread #1: can't grow to 0x5419000
==61743== (see section Limitations in user manual)
==61743== NOTE: further instances of this message will not be shown
==61743== 
==61743== I   refs:      16,043,915,030
==61743== I1  misses:             1,835
==61743== LLi misses:             1,825
==61743== I1  miss rate:           0.00%
==61743== LLi miss rate:           0.00%
==61743== 
==61743== D   refs:       4,941,072,983  (3,428,287,657 rd   + 1,512,785,326 wr)
==61743== D1  misses:        29,759,946  (   18,190,538 rd   +    11,569,408 wr)
==61743== LLd misses:        23,787,719  (   13,873,391 rd   +     9,914,328 wr)
==61743== D1  miss rate:            0.6% (          0.5%     +           0.8%  )
==61743== LLd miss rate:            0.5% (          0.4%     +           0.7%  )
==61743== 
==61743== LL refs:           29,761,781  (   18,192,373 rd   +    11,569,408 wr)
==61743== LL misses:         23,789,544  (   13,875,216 rd   +     9,914,328 wr)
==61743== LL miss rate:             0.1% (          0.1%     +           0.7%  )
