==47749== Cachegrind, a cache and branch-prediction profiler
==47749== Copyright (C) 2002-2017, and GNU GPL'd, by Nicholas Nethercote et al.
==47749== Using Valgrind-3.16.1 and LibVEX; rerun with -h for copyright info
==47749== Command: ./pca-large large.data 5000 1059 R
==47749== 
--47749-- warning: L3 cache found, using its data for the LL simulation.
--47749-- warning: specified LL cache: line_size 64  assoc 11  total_size 25,952,256
--47749-- warning: simulated LL cache: line_size 64  assoc 12  total_size 25,165,824
FIFO cache replacement will be used
==47749== brk segment overflow in thread #1: can't grow to 0x4a35000
==47749== (see section Limitations in user manual)
==47749== NOTE: further instances of this message will not be shown
==47749== 
==47749== I   refs:      71,275,145,879
==47749== I1  misses:       493,679,960
==47749== LLi misses:             1,876
==47749== I1  miss rate:           0.69%
==47749== LLi miss rate:           0.00%
==47749== 
==47749== D   refs:      28,625,035,472  (20,878,881,322 rd   + 7,746,154,150 wr)
==47749== D1  misses:    10,172,250,101  ( 9,923,904,134 rd   +   248,345,967 wr)
==47749== LLd misses:           926,288  (       438,456 rd   +       487,832 wr)
==47749== D1  miss rate:           35.5% (          47.5%     +           3.2%  )
==47749== LLd miss rate:            0.0% (           0.0%     +           0.0%  )
==47749== 
==47749== LL refs:       10,665,930,061  (10,417,584,094 rd   +   248,345,967 wr)
==47749== LL misses:            928,164  (       440,332 rd   +       487,832 wr)
==47749== LL miss rate:             0.0% (           0.0%     +           0.0%  )
