==36953== Cachegrind, a cache and branch-prediction profiler
==36953== Copyright (C) 2002-2017, and GNU GPL'd, by Nicholas Nethercote et al.
==36953== Using Valgrind-3.16.1 and LibVEX; rerun with -h for copyright info
==36953== Command: ./lda-small est .1 3 settings.txt small/small_data.dat random small/result
==36953== 
--36953-- warning: L3 cache found, using its data for the LL simulation.
--36953-- warning: specified LL cache: line_size 64  assoc 11  total_size 25,952,256
--36953-- warning: simulated LL cache: line_size 64  assoc 12  total_size 25,165,824
BIP cache replacement will be used
BIP Throttle parameter is set to 0.062500
==36953== 
==36953== I   refs:      24,013,830,599
==36953== I1  misses:             2,169
==36953== LLi misses:             2,155
==36953== I1  miss rate:           0.00%
==36953== LLi miss rate:           0.00%
==36953== 
==36953== D   refs:       9,078,606,986  (6,876,413,595 rd   + 2,202,193,391 wr)
==36953== D1  misses:         2,153,434  (    2,026,324 rd   +       127,110 wr)
==36953== LLd misses:            16,062  (        2,954 rd   +        13,108 wr)
==36953== D1  miss rate:            0.0% (          0.0%     +           0.0%  )
==36953== LLd miss rate:            0.0% (          0.0%     +           0.0%  )
==36953== 
==36953== LL refs:            2,155,603  (    2,028,493 rd   +       127,110 wr)
==36953== LL misses:             18,217  (        5,109 rd   +        13,108 wr)
==36953== LL miss rate:             0.0% (          0.0%     +           0.0%  )
