==30623== Cachegrind, a cache and branch-prediction profiler
==30623== Copyright (C) 2002-2017, and GNU GPL'd, by Nicholas Nethercote et al.
==30623== Using Valgrind-3.16.1 and LibVEX; rerun with -h for copyright info
==30623== Command: ./liblinear-tmedium data/10B/epsilon
==30623== 
--30623-- warning: L3 cache found, using its data for the LL simulation.
--30623-- warning: specified LL cache: line_size 64  assoc 11  total_size 25,952,256
--30623-- warning: simulated LL cache: line_size 64  assoc 12  total_size 25,165,824
Random cache replacement will be used
==30623== 
==30623== I   refs:      19,285,289,582
==30623== I1  misses:        56,679,174
==30623== LLi misses:             3,846
==30623== I1  miss rate:           0.29%
==30623== LLi miss rate:           0.00%
==30623== 
==30623== D   refs:       5,666,485,978  (3,947,048,633 rd   + 1,719,437,345 wr)
==30623== D1  misses:       126,796,461  (  116,775,363 rd   +    10,021,098 wr)
==30623== LLd misses:        39,666,628  (   36,530,059 rd   +     3,136,569 wr)
==30623== D1  miss rate:            2.2% (          3.0%     +           0.6%  )
==30623== LLd miss rate:            0.7% (          0.9%     +           0.2%  )
==30623== 
==30623== LL refs:          183,475,635  (  173,454,537 rd   +    10,021,098 wr)
==30623== LL misses:         39,670,474  (   36,533,905 rd   +     3,136,569 wr)
==30623== LL miss rate:             0.2% (          0.2%     +           0.2%  )
