==25593== Cachegrind, a cache and branch-prediction profiler
==25593== Copyright (C) 2002-2017, and GNU GPL'd, by Nicholas Nethercote et al.
==25593== Using Valgrind-3.16.1 and LibVEX; rerun with -h for copyright info
==25593== Command: ./texture_synthesis .
==25593== 
--25593-- warning: L3 cache found, using its data for the LL simulation.
--25593-- warning: specified LL cache: line_size 64  assoc 11  total_size 25,952,256
--25593-- warning: simulated LL cache: line_size 64  assoc 12  total_size 25,165,824
FIFO cache replacement will be used
==25593== 
==25593== I   refs:      208,057,388
==25593== I1  misses:     14,914,825
==25593== LLi misses:          1,586
==25593== I1  miss rate:        7.17%
==25593== LLi miss rate:        0.00%
==25593== 
==25593== D   refs:       76,991,608  (52,726,640 rd   + 24,264,968 wr)
==25593== D1  misses:     14,454,224  (11,462,583 rd   +  2,991,641 wr)
==25593== LLd misses:         31,232  (     2,307 rd   +     28,925 wr)
==25593== D1  miss rate:        18.8% (      21.7%     +       12.3%  )
==25593== LLd miss rate:         0.0% (       0.0%     +        0.1%  )
==25593== 
==25593== LL refs:        29,369,049  (26,377,408 rd   +  2,991,641 wr)
==25593== LL misses:          32,818  (     3,893 rd   +     28,925 wr)
==25593== LL miss rate:          0.0% (       0.0%     +        0.1%  )
