==26206== Cachegrind, a cache and branch-prediction profiler
==26206== Copyright (C) 2002-2017, and GNU GPL'd, by Nicholas Nethercote et al.
==26206== Using Valgrind-3.16.1 and LibVEX; rerun with -h for copyright info
==26206== Command: ./texture_synthesis .
==26206== 
--26206-- warning: L3 cache found, using its data for the LL simulation.
--26206-- warning: specified LL cache: line_size 64  assoc 11  total_size 25,952,256
--26206-- warning: simulated LL cache: line_size 64  assoc 12  total_size 25,165,824
BIP cache replacement will be used
BIP Throttle parameter is set to 0.015625
==26206== 
==26206== I   refs:      208,057,388
==26206== I1  misses:          2,337
==26206== LLi misses:          1,632
==26206== I1  miss rate:        0.00%
==26206== LLi miss rate:        0.00%
==26206== 
==26206== D   refs:       76,991,608  (52,726,640 rd   + 24,264,968 wr)
==26206== D1  misses:        229,448  (   106,230 rd   +    123,218 wr)
==26206== LLd misses:         31,278  (     2,352 rd   +     28,926 wr)
==26206== D1  miss rate:         0.3% (       0.2%     +        0.5%  )
==26206== LLd miss rate:         0.0% (       0.0%     +        0.1%  )
==26206== 
==26206== LL refs:           231,785  (   108,567 rd   +    123,218 wr)
==26206== LL misses:          32,910  (     3,984 rd   +     28,926 wr)
==26206== LL miss rate:          0.0% (       0.0%     +        0.1%  )
