==41353== Cachegrind, a cache and branch-prediction profiler
==41353== Copyright (C) 2002-2017, and GNU GPL'd, by Nicholas Nethercote et al.
==41353== Using Valgrind-3.16.1 and LibVEX; rerun with -h for copyright info
==41353== Command: ./stitch .
==41353== 
--41353-- warning: L3 cache found, using its data for the LL simulation.
--41353-- warning: specified LL cache: line_size 64  assoc 11  total_size 25,952,256
--41353-- warning: simulated LL cache: line_size 64  assoc 12  total_size 25,165,824
BIP cache replacement will be used
BIP Throttle parameter is set to 0.031250
==41353== 
==41353== Process terminating with default action of signal 15 (SIGTERM)
==41353==    at 0x10CD98: getANMS (in /home/tkloda/cortexsuite/vision/benchmarks/stitch/data/qcif/stitch)
==41353==    by 0x108B1E: main (in /home/tkloda/cortexsuite/vision/benchmarks/stitch/data/qcif/stitch)
==41353== 
==41353== I   refs:      144,556,319
==41353== I1  misses:        256,414
==41353== LLi misses:          1,367
==41353== I1  miss rate:        0.18%
==41353== LLi miss rate:        0.00%
==41353== 
==41353== D   refs:       39,516,035  (29,004,859 rd   + 10,511,176 wr)
==41353== D1  misses:      3,057,423  ( 1,856,322 rd   +  1,201,101 wr)
==41353== LLd misses:         23,677  (     2,252 rd   +     21,425 wr)
==41353== D1  miss rate:         7.7% (       6.4%     +       11.4%  )
==41353== LLd miss rate:         0.1% (       0.0%     +        0.2%  )
==41353== 
==41353== LL refs:         3,313,837  ( 2,112,736 rd   +  1,201,101 wr)
==41353== LL misses:          25,044  (     3,619 rd   +     21,425 wr)
==41353== LL miss rate:          0.0% (       0.0%     +        0.2%  )
