==37305== Cachegrind, a cache and branch-prediction profiler
==37305== Copyright (C) 2002-2017, and GNU GPL'd, by Nicholas Nethercote et al.
==37305== Using Valgrind-3.16.1 and LibVEX; rerun with -h for copyright info
==37305== Command: ./disparity .
==37305== 
--37305-- warning: L3 cache found, using its data for the LL simulation.
--37305-- warning: specified LL cache: line_size 64  assoc 11  total_size 25,952,256
--37305-- warning: simulated LL cache: line_size 64  assoc 12  total_size 25,165,824
Random cache replacement will be used
==37305== 
==37305== I   refs:      126,238,868
==37305== I1  misses:        787,333
==37305== LLi misses:          1,528
==37305== I1  miss rate:        0.62%
==37305== LLi miss rate:        0.00%
==37305== 
==37305== D   refs:       50,959,903  (34,248,435 rd   + 16,711,468 wr)
==37305== D1  misses:      5,966,312  ( 3,749,920 rd   +  2,216,392 wr)
==37305== LLd misses:         20,645  (     2,255 rd   +     18,390 wr)
==37305== D1  miss rate:        11.7% (      10.9%     +       13.3%  )
==37305== LLd miss rate:         0.0% (       0.0%     +        0.1%  )
==37305== 
==37305== LL refs:         6,753,645  ( 4,537,253 rd   +  2,216,392 wr)
==37305== LL misses:          22,173  (     3,783 rd   +     18,390 wr)
==37305== LL miss rate:          0.0% (       0.0%     +        0.1%  )
