==53691== Cachegrind, a cache and branch-prediction profiler
==53691== Copyright (C) 2002-2017, and GNU GPL'd, by Nicholas Nethercote et al.
==53691== Using Valgrind-3.16.1 and LibVEX; rerun with -h for copyright info
==53691== Command: ./rbm-medium
==53691== 
--53691-- warning: L3 cache found, using its data for the LL simulation.
--53691-- warning: specified LL cache: line_size 64  assoc 11  total_size 25,952,256
--53691-- warning: simulated LL cache: line_size 64  assoc 12  total_size 25,165,824
FIFO cache replacement will be used
==53691== 
==53691== I   refs:      12,265,732,027
==53691== I1  misses:             1,472
==53691== LLi misses:             1,468
==53691== I1  miss rate:           0.00%
==53691== LLi miss rate:           0.00%
==53691== 
==53691== D   refs:       3,657,823,178  (2,777,601,363 rd   + 880,221,815 wr)
==53691== D1  misses:        40,740,632  (   27,378,568 rd   +  13,362,064 wr)
==53691== LLd misses:            45,487  (       21,908 rd   +      23,579 wr)
==53691== D1  miss rate:            1.1% (          1.0%     +         1.5%  )
==53691== LLd miss rate:            0.0% (          0.0%     +         0.0%  )
==53691== 
==53691== LL refs:           40,742,104  (   27,380,040 rd   +  13,362,064 wr)
==53691== LL misses:             46,955  (       23,376 rd   +      23,579 wr)
==53691== LL miss rate:             0.0% (          0.0%     +         0.0%  )
