==22822== Cachegrind, a cache and branch-prediction profiler
==22822== Copyright (C) 2002-2017, and GNU GPL'd, by Nicholas Nethercote et al.
==22822== Using Valgrind-3.16.1 and LibVEX; rerun with -h for copyright info
==22822== Command: ./sift .
==22822== 
--22822-- warning: L3 cache found, using its data for the LL simulation.
--22822-- warning: specified LL cache: line_size 64  assoc 11  total_size 25,952,256
--22822-- warning: simulated LL cache: line_size 64  assoc 12  total_size 25,165,824
LRU cache replacement will be used
==22822== brk segment overflow in thread #1: can't grow to 0x4a36000
==22822== (see section Limitations in user manual)
==22822== NOTE: further instances of this message will not be shown
==22822== 
==22822== I   refs:      1,142,732,445
==22822== I1  misses:            1,800
==22822== LLi misses:            1,796
==22822== I1  miss rate:          0.00%
==22822== LLi miss rate:          0.00%
==22822== 
==22822== D   refs:        350,629,227  (243,842,190 rd   + 106,787,037 wr)
==22822== D1  misses:        2,078,561  (  1,256,987 rd   +     821,574 wr)
==22822== LLd misses:          543,225  (      8,682 rd   +     534,543 wr)
==22822== D1  miss rate:           0.6% (        0.5%     +         0.8%  )
==22822== LLd miss rate:           0.2% (        0.0%     +         0.5%  )
==22822== 
==22822== LL refs:           2,080,361  (  1,258,787 rd   +     821,574 wr)
==22822== LL misses:           545,021  (     10,478 rd   +     534,543 wr)
==22822== LL miss rate:            0.0% (        0.0%     +         0.5%  )
