==31062== Cachegrind, a cache and branch-prediction profiler
==31062== Copyright (C) 2002-2017, and GNU GPL'd, by Nicholas Nethercote et al.
==31062== Using Valgrind-3.16.1 and LibVEX; rerun with -h for copyright info
==31062== Command: ./liblinear-tmedium data/10B/epsilon
==31062== 
--31062-- warning: L3 cache found, using its data for the LL simulation.
--31062-- warning: specified LL cache: line_size 64  assoc 11  total_size 25,952,256
--31062-- warning: simulated LL cache: line_size 64  assoc 12  total_size 25,165,824
BIP cache replacement will be used
BIP Throttle parameter is set to 0.062500
==31062== 
==31062== I   refs:      19,285,289,582
==31062== I1  misses:             1,833
==31062== LLi misses:             1,829
==31062== I1  miss rate:           0.00%
==31062== LLi miss rate:           0.00%
==31062== 
==31062== D   refs:       5,666,485,978  (3,947,048,633 rd   + 1,719,437,345 wr)
==31062== D1  misses:        40,423,015  (   37,288,471 rd   +     3,134,544 wr)
==31062== LLd misses:        37,260,331  (   34,125,854 rd   +     3,134,477 wr)
==31062== D1  miss rate:            0.7% (          0.9%     +           0.2%  )
==31062== LLd miss rate:            0.7% (          0.9%     +           0.2%  )
==31062== 
==31062== LL refs:           40,424,848  (   37,290,304 rd   +     3,134,544 wr)
==31062== LL misses:         37,262,160  (   34,127,683 rd   +     3,134,477 wr)
==31062== LL miss rate:             0.1% (          0.1%     +           0.2%  )
