==31465== Cachegrind, a cache and branch-prediction profiler
==31465== Copyright (C) 2002-2017, and GNU GPL'd, by Nicholas Nethercote et al.
==31465== Using Valgrind-3.16.1 and LibVEX; rerun with -h for copyright info
==31465== Command: ./stitch .
==31465== 
--31465-- warning: L3 cache found, using its data for the LL simulation.
--31465-- warning: specified LL cache: line_size 64  assoc 11  total_size 25,952,256
--31465-- warning: simulated LL cache: line_size 64  assoc 12  total_size 25,165,824
BIP cache replacement will be used
BIP Throttle parameter is set to 0.062500
==31465== 
==31465== I   refs:      223,094,015
==31465== I1  misses:          1,726
==31465== LLi misses:          1,687
==31465== I1  miss rate:        0.00%
==31465== LLi miss rate:        0.00%
==31465== 
==31465== D   refs:       60,620,644  (44,316,440 rd   + 16,304,204 wr)
==31465== D1  misses:        101,778  (    58,555 rd   +     43,223 wr)
==31465== LLd misses:         23,727  (     2,299 rd   +     21,428 wr)
==31465== D1  miss rate:         0.2% (       0.1%     +        0.3%  )
==31465== LLd miss rate:         0.0% (       0.0%     +        0.1%  )
==31465== 
==31465== LL refs:           103,504  (    60,281 rd   +     43,223 wr)
==31465== LL misses:          25,414  (     3,986 rd   +     21,428 wr)
==31465== LL miss rate:          0.0% (       0.0%     +        0.1%  )
