==11551== Cachegrind, a cache and branch-prediction profiler
==11551== Copyright (C) 2002-2017, and GNU GPL'd, by Nicholas Nethercote et al.
==11551== Using Valgrind-3.16.1 and LibVEX; rerun with -h for copyright info
==11551== Command: ./pca-large large.data 5000 1059 R
==11551== 
--11551-- warning: L3 cache found, using its data for the LL simulation.
--11551-- warning: specified LL cache: line_size 64  assoc 11  total_size 25,952,256
--11551-- warning: simulated LL cache: line_size 64  assoc 12  total_size 25,165,824
BIP cache replacement will be used
BIP Throttle parameter is set to 0.062500
==11551== brk segment overflow in thread #1: can't grow to 0x4a35000
==11551== (see section Limitations in user manual)
==11551== NOTE: further instances of this message will not be shown
==11551== 
==11551== I   refs:      71,275,145,790
==11551== I1  misses:        16,212,174
==11551== LLi misses:             1,729
==11551== I1  miss rate:           0.02%
==11551== LLi miss rate:           0.00%
==11551== 
==11551== D   refs:      28,625,035,458  (20,878,881,310 rd   + 7,746,154,148 wr)
==11551== D1  misses:     9,310,644,854  ( 9,308,000,202 rd   +     2,644,652 wr)
==11551== LLd misses:         3,465,174  (     2,770,928 rd   +       694,246 wr)
==11551== D1  miss rate:           32.5% (          44.6%     +           0.0%  )
==11551== LLd miss rate:            0.0% (           0.0%     +           0.0%  )
==11551== 
==11551== LL refs:        9,326,857,028  ( 9,324,212,376 rd   +     2,644,652 wr)
==11551== LL misses:          3,466,903  (     2,772,657 rd   +       694,246 wr)
==11551== LL miss rate:             0.0% (           0.0%     +           0.0%  )
