==23989== Cachegrind, a cache and branch-prediction profiler
==23989== Copyright (C) 2002-2017, and GNU GPL'd, by Nicholas Nethercote et al.
==23989== Using Valgrind-3.16.1 and LibVEX; rerun with -h for copyright info
==23989== Command: ./stitch .
==23989== 
--23989-- warning: L3 cache found, using its data for the LL simulation.
--23989-- warning: specified LL cache: line_size 64  assoc 11  total_size 25,952,256
--23989-- warning: simulated LL cache: line_size 64  assoc 12  total_size 25,165,824
LRU cache replacement will be used
==23989== 
==23989== I   refs:      984,189,907
==23989== I1  misses:          1,682
==23989== LLi misses:          1,678
==23989== I1  miss rate:        0.00%
==23989== LLi miss rate:        0.00%
==23989== 
==23989== D   refs:      267,452,303  (187,194,798 rd   + 80,257,505 wr)
==23989== D1  misses:        290,951  (    170,032 rd   +    120,919 wr)
==23989== LLd misses:         62,904  (      2,265 rd   +     60,639 wr)
==23989== D1  miss rate:         0.1% (        0.1%     +        0.2%  )
==23989== LLd miss rate:         0.0% (        0.0%     +        0.1%  )
==23989== 
==23989== LL refs:           292,633  (    171,714 rd   +    120,919 wr)
==23989== LL misses:          64,582  (      3,943 rd   +     60,639 wr)
==23989== LL miss rate:          0.0% (        0.0%     +        0.1%  )
