==46892== Cachegrind, a cache and branch-prediction profiler
==46892== Copyright (C) 2002-2017, and GNU GPL'd, by Nicholas Nethercote et al.
==46892== Using Valgrind-3.16.1 and LibVEX; rerun with -h for copyright info
==46892== Command: ./disparity .
==46892== 
--46892-- warning: L3 cache found, using its data for the LL simulation.
--46892-- warning: specified LL cache: line_size 64  assoc 11  total_size 25,952,256
--46892-- warning: simulated LL cache: line_size 64  assoc 12  total_size 25,165,824
LIP cache replacement will be used
==46892== brk segment overflow in thread #1: can't grow to 0x4a37000
==46892== (see section Limitations in user manual)
==46892== NOTE: further instances of this message will not be shown
==46892== 
==46892== I   refs:      9,424,576,143
==46892== I1  misses:      193,185,715
==46892== LLi misses:            3,574
==46892== I1  miss rate:          2.05%
==46892== LLi miss rate:          0.00%
==46892== 
==46892== D   refs:      3,816,070,630  (2,559,180,301 rd   + 1,256,890,329 wr)
==46892== D1  misses:    1,573,156,716  (1,114,434,097 rd   +   458,722,619 wr)
==46892== LLd misses:       80,835,784  (   35,634,410 rd   +    45,201,374 wr)
==46892== D1  miss rate:          41.2% (         43.5%     +          36.5%  )
==46892== LLd miss rate:           2.1% (          1.4%     +           3.6%  )
==46892== 
==46892== LL refs:       1,766,342,431  (1,307,619,812 rd   +   458,722,619 wr)
==46892== LL misses:        80,839,358  (   35,637,984 rd   +    45,201,374 wr)
==46892== LL miss rate:            0.6% (          0.3%     +           3.6%  )
