==43941== Cachegrind, a cache and branch-prediction profiler
==43941== Copyright (C) 2002-2017, and GNU GPL'd, by Nicholas Nethercote et al.
==43941== Using Valgrind-3.16.1 and LibVEX; rerun with -h for copyright info
==43941== Command: ./disparity .
==43941== 
--43941-- warning: L3 cache found, using its data for the LL simulation.
--43941-- warning: specified LL cache: line_size 64  assoc 11  total_size 25,952,256
--43941-- warning: simulated LL cache: line_size 64  assoc 12  total_size 25,165,824
Random cache replacement will be used
==43941== 
==43941== I   refs:      1,281,749,480
==43941== I1  misses:       20,753,546
==43941== LLi misses:            1,617
==43941== I1  miss rate:          1.62%
==43941== LLi miss rate:          0.00%
==43941== 
==43941== D   refs:        519,594,058  (348,916,506 rd   + 170,677,552 wr)
==43941== D1  misses:       81,051,891  ( 56,805,165 rd   +  24,246,726 wr)
==43941== LLd misses:          229,596  (     20,177 rd   +     209,419 wr)
==43941== D1  miss rate:          15.6% (       16.3%     +        14.2%  )
==43941== LLd miss rate:           0.0% (        0.0%     +         0.1%  )
==43941== 
==43941== LL refs:         101,805,437  ( 77,558,711 rd   +  24,246,726 wr)
==43941== LL misses:           231,213  (     21,794 rd   +     209,419 wr)
==43941== LL miss rate:            0.0% (        0.0%     +         0.1%  )
