==22457== Cachegrind, a cache and branch-prediction profiler
==22457== Copyright (C) 2002-2017, and GNU GPL'd, by Nicholas Nethercote et al.
==22457== Using Valgrind-3.16.1 and LibVEX; rerun with -h for copyright info
==22457== Command: ./srr-small
==22457== 
--22457-- warning: L3 cache found, using its data for the LL simulation.
--22457-- warning: specified LL cache: line_size 64  assoc 11  total_size 25,952,256
--22457-- warning: simulated LL cache: line_size 64  assoc 12  total_size 25,165,824
Random cache replacement will be used
==22457== 
==22457== I   refs:      19,999,787,105
==22457== I1  misses:             9,933
==22457== LLi misses:             1,515
==22457== I1  miss rate:           0.00%
==22457== LLi miss rate:           0.00%
==22457== 
==22457== D   refs:       7,796,537,243  (5,247,433,899 rd   + 2,549,103,344 wr)
==22457== D1  misses:       521,527,881  (  505,352,739 rd   +    16,175,142 wr)
==22457== LLd misses:            13,384  (        2,535 rd   +        10,849 wr)
==22457== D1  miss rate:            6.7% (          9.6%     +           0.6%  )
==22457== LLd miss rate:            0.0% (          0.0%     +           0.0%  )
==22457== 
==22457== LL refs:          521,537,814  (  505,362,672 rd   +    16,175,142 wr)
==22457== LL misses:             14,899  (        4,050 rd   +        10,849 wr)
==22457== LL miss rate:             0.0% (          0.0%     +           0.0%  )
