==25288== Cachegrind, a cache and branch-prediction profiler
==25288== Copyright (C) 2002-2017, and GNU GPL'd, by Nicholas Nethercote et al.
==25288== Using Valgrind-3.16.1 and LibVEX; rerun with -h for copyright info
==25288== Command: ./stitch .
==25288== 
--25288-- warning: L3 cache found, using its data for the LL simulation.
--25288-- warning: specified LL cache: line_size 64  assoc 11  total_size 25,952,256
--25288-- warning: simulated LL cache: line_size 64  assoc 12  total_size 25,165,824
BIP cache replacement will be used
BIP Throttle parameter is set to 0.015625
==25288== brk segment overflow in thread #1: can't grow to 0x4a37000
==25288== (see section Limitations in user manual)
==25288== NOTE: further instances of this message will not be shown
==25288== 
==25288== I   refs:      253,517,705,884
==25288== I1  misses:              1,698
==25288== LLi misses:              1,694
==25288== I1  miss rate:            0.00%
==25288== LLi miss rate:            0.00%
==25288== 
==25288== D   refs:       68,980,624,536  (45,322,620,985 rd   + 23,658,003,551 wr)
==25288== D1  misses:          8,372,509  (     5,050,288 rd   +      3,322,221 wr)
==25288== LLd misses:          8,124,711  (     4,879,233 rd   +      3,245,478 wr)
==25288== D1  miss rate:             0.0% (           0.0%     +            0.0%  )
==25288== LLd miss rate:             0.0% (           0.0%     +            0.0%  )
==25288== 
==25288== LL refs:             8,374,207  (     5,051,986 rd   +      3,322,221 wr)
==25288== LL misses:           8,126,405  (     4,880,927 rd   +      3,245,478 wr)
==25288== LL miss rate:              0.0% (           0.0%     +            0.0%  )
