==41384== Cachegrind, a cache and branch-prediction profiler
==41384== Copyright (C) 2002-2017, and GNU GPL'd, by Nicholas Nethercote et al.
==41384== Using Valgrind-3.16.1 and LibVEX; rerun with -h for copyright info
==41384== Command: ./texture_synthesis .
==41384== 
--41384-- warning: L3 cache found, using its data for the LL simulation.
--41384-- warning: specified LL cache: line_size 64  assoc 11  total_size 25,952,256
--41384-- warning: simulated LL cache: line_size 64  assoc 12  total_size 25,165,824
LIP cache replacement will be used
==41384== 
==41384== I   refs:      933,706,467
==41384== I1  misses:    131,227,221
==41384== LLi misses:          1,626
==41384== I1  miss rate:       14.05%
==41384== LLi miss rate:        0.00%
==41384== 
==41384== D   refs:      345,176,637  (235,989,306 rd   + 109,187,331 wr)
==41384== D1  misses:    121,210,900  ( 92,583,630 rd   +  28,627,270 wr)
==41384== LLd misses:        131,232  (      2,325 rd   +     128,907 wr)
==41384== D1  miss rate:        35.1% (       39.2%     +        26.2%  )
==41384== LLd miss rate:         0.0% (        0.0%     +         0.1%  )
==41384== 
==41384== LL refs:       252,438,121  (223,810,851 rd   +  28,627,270 wr)
==41384== LL misses:         132,858  (      3,951 rd   +     128,907 wr)
==41384== LL miss rate:          0.0% (        0.0%     +         0.1%  )
