==54681== Cachegrind, a cache and branch-prediction profiler
==54681== Copyright (C) 2002-2017, and GNU GPL'd, by Nicholas Nethercote et al.
==54681== Using Valgrind-3.16.1 and LibVEX; rerun with -h for copyright info
==54681== Command: ./sift .
==54681== 
--54681-- warning: L3 cache found, using its data for the LL simulation.
--54681-- warning: specified LL cache: line_size 64  assoc 11  total_size 25,952,256
--54681-- warning: simulated LL cache: line_size 64  assoc 12  total_size 25,165,824
Random cache replacement will be used
==54681== brk segment overflow in thread #1: can't grow to 0x5419000
==54681== (see section Limitations in user manual)
==54681== NOTE: further instances of this message will not be shown
==54681== 
==54681== I   refs:      16,043,915,203
==54681== I1  misses:             1,837
==54681== LLi misses:             1,816
==54681== I1  miss rate:           0.00%
==54681== LLi miss rate:           0.00%
==54681== 
==54681== D   refs:       4,941,073,136  (3,428,287,740 rd   + 1,512,785,396 wr)
==54681== D1  misses:        33,454,257  (   21,770,752 rd   +    11,683,505 wr)
==54681== LLd misses:        23,830,379  (   13,918,356 rd   +     9,912,023 wr)
==54681== D1  miss rate:            0.7% (          0.6%     +           0.8%  )
==54681== LLd miss rate:            0.5% (          0.4%     +           0.7%  )
==54681== 
==54681== LL refs:           33,456,094  (   21,772,589 rd   +    11,683,505 wr)
==54681== LL misses:         23,832,195  (   13,920,172 rd   +     9,912,023 wr)
==54681== LL miss rate:             0.1% (          0.1%     +           0.7%  )
