==39470== Cachegrind, a cache and branch-prediction profiler
==39470== Copyright (C) 2002-2017, and GNU GPL'd, by Nicholas Nethercote et al.
==39470== Using Valgrind-3.16.1 and LibVEX; rerun with -h for copyright info
==39470== Command: ./tracking .
==39470== 
--39470-- warning: L3 cache found, using its data for the LL simulation.
--39470-- warning: specified LL cache: line_size 64  assoc 11  total_size 25,952,256
--39470-- warning: simulated LL cache: line_size 64  assoc 12  total_size 25,165,824
FIFO cache replacement will be used
==39470== 
==39470== I   refs:      10,230,617
==39470== I1  misses:        30,924
==39470== LLi misses:         1,689
==39470== I1  miss rate:       0.30%
==39470== LLi miss rate:       0.02%
==39470== 
==39470== D   refs:       3,552,300  (2,408,191 rd   + 1,144,109 wr)
==39470== D1  misses:       116,756  (   73,811 rd   +    42,945 wr)
==39470== LLd misses:         4,891  (    2,264 rd   +     2,627 wr)
==39470== D1  miss rate:        3.3% (      3.1%     +       3.8%  )
==39470== LLd miss rate:        0.1% (      0.1%     +       0.2%  )
==39470== 
==39470== LL refs:          147,680  (  104,735 rd   +    42,945 wr)
==39470== LL misses:          6,580  (    3,953 rd   +     2,627 wr)
==39470== LL miss rate:         0.0% (      0.0%     +       0.2%  )
