==22253== Cachegrind, a cache and branch-prediction profiler
==22253== Copyright (C) 2002-2017, and GNU GPL'd, by Nicholas Nethercote et al.
==22253== Using Valgrind-3.16.1 and LibVEX; rerun with -h for copyright info
==22253== Command: ./multi_ncut .
==22253== 
--22253-- warning: L3 cache found, using its data for the LL simulation.
--22253-- warning: specified LL cache: line_size 64  assoc 11  total_size 25,952,256
--22253-- warning: simulated LL cache: line_size 64  assoc 12  total_size 25,165,824
BIP cache replacement will be used
BIP Throttle parameter is set to 0.062500
==22253== 
==22253== Process terminating with default action of signal 15 (SIGTERM)
==22253==    at 0x10AAB0: fSortIndices (in /home/tkloda/cortexsuite/vision/benchmarks/multi_ncut/data/cif/multi_ncut)
==22253==    by 0x10CE27: segment_graph (in /home/tkloda/cortexsuite/vision/benchmarks/multi_ncut/data/cif/multi_ncut)
==22253==    by 0x10CAC9: segment_image (in /home/tkloda/cortexsuite/vision/benchmarks/multi_ncut/data/cif/multi_ncut)
==22253==    by 0x108B0A: main (in /home/tkloda/cortexsuite/vision/benchmarks/multi_ncut/data/cif/multi_ncut)
==22253== 
==22253== I   refs:      3,908,830,622
==22253== I1  misses:            2,042
==22253== LLi misses:            1,292
==22253== I1  miss rate:          0.00%
==22253== LLi miss rate:          0.00%
==22253== 
==22253== D   refs:        664,334,903  (656,057,710 rd   + 8,277,193 wr)
==22253== D1  misses:       40,603,244  ( 40,261,990 rd   +   341,254 wr)
==22253== LLd misses:          247,353  (     84,791 rd   +   162,562 wr)
==22253== D1  miss rate:           6.1% (        6.1%     +       4.1%  )
==22253== LLd miss rate:           0.0% (        0.0%     +       2.0%  )
==22253== 
==22253== LL refs:          40,605,286  ( 40,264,032 rd   +   341,254 wr)
==22253== LL misses:           248,645  (     86,083 rd   +   162,562 wr)
==22253== LL miss rate:            0.0% (        0.0%     +       2.0%  )
