==20326== Cachegrind, a cache and branch-prediction profiler
==20326== Copyright (C) 2002-2017, and GNU GPL'd, by Nicholas Nethercote et al.
==20326== Using Valgrind-3.16.1 and LibVEX; rerun with -h for copyright info
==20326== Command: ./mser .
==20326== 
--20326-- warning: L3 cache found, using its data for the LL simulation.
--20326-- warning: specified LL cache: line_size 64  assoc 11  total_size 25,952,256
--20326-- warning: simulated LL cache: line_size 64  assoc 12  total_size 25,165,824
BIP cache replacement will be used
BIP Throttle parameter is set to 0.015625
==20326== 
==20326== I   refs:      157,426,193
==20326== I1  misses:          1,499
==20326== LLi misses:          1,493
==20326== I1  miss rate:        0.00%
==20326== LLi miss rate:        0.00%
==20326== 
==20326== D   refs:       59,523,786  (40,510,722 rd   + 19,013,064 wr)
==20326== D1  misses:        363,957  (   283,550 rd   +     80,407 wr)
==20326== LLd misses:        128,256  (    58,249 rd   +     70,007 wr)
==20326== D1  miss rate:         0.6% (       0.7%     +        0.4%  )
==20326== LLd miss rate:         0.2% (       0.1%     +        0.4%  )
==20326== 
==20326== LL refs:           365,456  (   285,049 rd   +     80,407 wr)
==20326== LL misses:         129,749  (    59,742 rd   +     70,007 wr)
==20326== LL miss rate:          0.1% (       0.0%     +        0.4%  )
