==19668== Cachegrind, a cache and branch-prediction profiler
==19668== Copyright (C) 2002-2017, and GNU GPL'd, by Nicholas Nethercote et al.
==19668== Using Valgrind-3.16.1 and LibVEX; rerun with -h for copyright info
==19668== Command: ./rbm-large
==19668== 
--19668-- warning: L3 cache found, using its data for the LL simulation.
--19668-- warning: specified LL cache: line_size 64  assoc 11  total_size 25,952,256
--19668-- warning: simulated LL cache: line_size 64  assoc 12  total_size 25,165,824
==19668== 
==19668== I   refs:      119,676,070,259
==19668== I1  misses:        120,759,748
==19668== LLi misses:              1,467
==19668== I1  miss rate:            0.10%
==19668== LLi miss rate:            0.00%
==19668== 
==19668== D   refs:       35,862,087,194  (27,106,383,038 rd   + 8,755,704,156 wr)
==19668== D1  misses:      2,504,432,305  ( 2,156,795,118 rd   +   347,637,187 wr)
==19668== LLd misses:             45,488  (        21,909 rd   +        23,579 wr)
==19668== D1  miss rate:             7.0% (           8.0%     +           4.0%  )
==19668== LLd miss rate:             0.0% (           0.0%     +           0.0%  )
==19668== 
==19668== LL refs:         2,625,192,053  ( 2,277,554,866 rd   +   347,637,187 wr)
==19668== LL misses:              46,955  (        23,376 rd   +        23,579 wr)
==19668== LL miss rate:              0.0% (           0.0%     +           0.0%  )
