==60927== Cachegrind, a cache and branch-prediction profiler
==60927== Copyright (C) 2002-2017, and GNU GPL'd, by Nicholas Nethercote et al.
==60927== Using Valgrind-3.16.1 and LibVEX; rerun with -h for copyright info
==60927== Command: ./stitch .
==60927== 
--60927-- warning: L3 cache found, using its data for the LL simulation.
--60927-- warning: specified LL cache: line_size 64  assoc 11  total_size 25,952,256
--60927-- warning: simulated LL cache: line_size 64  assoc 12  total_size 25,165,824
BIP cache replacement will be used
BIP Throttle parameter is set to 0.062500
==60927== brk segment overflow in thread #1: can't grow to 0x4a37000
==60927== (see section Limitations in user manual)
==60927== NOTE: further instances of this message will not be shown
==60927== 
==60927== I   refs:      253,517,705,686
==60927== I1  misses:              1,697
==60927== LLi misses:              1,693
==60927== I1  miss rate:            0.00%
==60927== LLi miss rate:            0.00%
==60927== 
==60927== D   refs:       68,980,624,508  (45,322,620,960 rd   + 23,658,003,548 wr)
==60927== D1  misses:      2,654,716,641  ( 1,450,957,774 rd   +  1,203,758,867 wr)
==60927== LLd misses:          7,154,368  (     4,189,491 rd   +      2,964,877 wr)
==60927== D1  miss rate:             3.8% (           3.2%     +            5.1%  )
==60927== LLd miss rate:             0.0% (           0.0%     +            0.0%  )
==60927== 
==60927== LL refs:         2,654,718,338  ( 1,450,959,471 rd   +  1,203,758,867 wr)
==60927== LL misses:           7,156,061  (     4,191,184 rd   +      2,964,877 wr)
==60927== LL miss rate:              0.0% (           0.0%     +            0.0%  )
