==37067== Cachegrind, a cache and branch-prediction profiler
==37067== Copyright (C) 2002-2017, and GNU GPL'd, by Nicholas Nethercote et al.
==37067== Using Valgrind-3.16.1 and LibVEX; rerun with -h for copyright info
==37067== Command: ./disparity .
==37067== 
--37067-- warning: L3 cache found, using its data for the LL simulation.
--37067-- warning: specified LL cache: line_size 64  assoc 11  total_size 25,952,256
--37067-- warning: simulated LL cache: line_size 64  assoc 12  total_size 25,165,824
LRU cache replacement will be used
==37067== 
==37067== I   refs:      126,238,843
==37067== I1  misses:          1,505
==37067== LLi misses:          1,501
==37067== I1  miss rate:        0.00%
==37067== LLi miss rate:        0.00%
==37067== 
==37067== D   refs:       50,959,897  (34,248,432 rd   + 16,711,465 wr)
==37067== D1  misses:         23,554  (     4,035 rd   +     19,519 wr)
==37067== LLd misses:         20,641  (     2,251 rd   +     18,390 wr)
==37067== D1  miss rate:         0.0% (       0.0%     +        0.1%  )
==37067== LLd miss rate:         0.0% (       0.0%     +        0.1%  )
==37067== 
==37067== LL refs:            25,059  (     5,540 rd   +     19,519 wr)
==37067== LL misses:          22,142  (     3,752 rd   +     18,390 wr)
==37067== LL miss rate:          0.0% (       0.0%     +        0.1%  )
