==25212== Cachegrind, a cache and branch-prediction profiler
==25212== Copyright (C) 2002-2017, and GNU GPL'd, by Nicholas Nethercote et al.
==25212== Using Valgrind-3.16.1 and LibVEX; rerun with -h for copyright info
==25212== Command: ./a.out med.txt
==25212== 
--25212-- warning: L3 cache found, using its data for the LL simulation.
--25212-- warning: specified LL cache: line_size 64  assoc 11  total_size 25,952,256
--25212-- warning: simulated LL cache: line_size 64  assoc 12  total_size 25,165,824
BIP cache replacement will be used
BIP Throttle parameter is set to 0.062500
==25212== 
==25212== I   refs:      21,540,689,415
==25212== I1  misses:             1,802
==25212== LLi misses:             1,791
==25212== I1  miss rate:           0.00%
==25212== LLi miss rate:           0.00%
==25212== 
==25212== D   refs:      13,370,670,447  (12,167,996,487 rd   + 1,202,673,960 wr)
==25212== D1  misses:        20,809,265  (    20,431,445 rd   +       377,820 wr)
==25212== LLd misses:            65,766  (         2,403 rd   +        63,363 wr)
==25212== D1  miss rate:            0.2% (           0.2%     +           0.0%  )
==25212== LLd miss rate:            0.0% (           0.0%     +           0.0%  )
==25212== 
==25212== LL refs:           20,811,067  (    20,433,247 rd   +       377,820 wr)
==25212== LL misses:             67,557  (         4,194 rd   +        63,363 wr)
==25212== LL miss rate:             0.0% (           0.0%     +           0.0%  )
