==44949== Cachegrind, a cache and branch-prediction profiler
==44949== Copyright (C) 2002-2017, and GNU GPL'd, by Nicholas Nethercote et al.
==44949== Using Valgrind-3.16.1 and LibVEX; rerun with -h for copyright info
==44949== Command: ./kmeans-large ../datasets/MINST 10000 748 10
==44949== 
--44949-- warning: L3 cache found, using its data for the LL simulation.
--44949-- warning: specified LL cache: line_size 64  assoc 11  total_size 25,952,256
--44949-- warning: simulated LL cache: line_size 64  assoc 12  total_size 25,165,824
LIP cache replacement will be used
==44949== brk segment overflow in thread #1: can't grow to 0x4a44000
==44949== (see section Limitations in user manual)
==44949== NOTE: further instances of this message will not be shown
==44949== 
==44949== I   refs:      31,864,461,091
==44949== I1  misses:       708,755,060
==44949== LLi misses:             1,714
==44949== I1  miss rate:           2.22%
==44949== LLi miss rate:           0.00%
==44949== 
==44949== D   refs:       9,488,889,172  (8,195,422,233 rd   + 1,293,466,939 wr)
==44949== D1  misses:     1,670,980,828  (1,617,119,167 rd   +    53,861,661 wr)
==44949== LLd misses:        39,441,236  (   37,540,218 rd   +     1,901,018 wr)
==44949== D1  miss rate:           17.6% (         19.7%     +           4.2%  )
==44949== LLd miss rate:            0.4% (          0.5%     +           0.1%  )
==44949== 
==44949== LL refs:        2,379,735,888  (2,325,874,227 rd   +    53,861,661 wr)
==44949== LL misses:         39,442,950  (   37,541,932 rd   +     1,901,018 wr)
==44949== LL miss rate:             0.1% (          0.1%     +           0.1%  )
