==11158== Cachegrind, a cache and branch-prediction profiler
==11158== Copyright (C) 2002-2017, and GNU GPL'd, by Nicholas Nethercote et al.
==11158== Using Valgrind-3.16.1 and LibVEX; rerun with -h for copyright info
==11158== Command: ./spc-small ../datasets/R15 600 2 15 0.707 1 2
==11158== 
--11158-- warning: L3 cache found, using its data for the LL simulation.
--11158-- warning: specified LL cache: line_size 64  assoc 11  total_size 25,952,256
--11158-- warning: simulated LL cache: line_size 64  assoc 12  total_size 25,165,824
LRU cache replacement will be used
==11158== 
==11158== I   refs:      217,150
==11158== I1  misses:      2,586
==11158== LLi misses:      1,090
==11158== I1  miss rate:    1.19%
==11158== LLi miss rate:    0.50%
==11158== 
==11158== D   refs:       69,264  (54,785 rd   + 14,479 wr)
==11158== D1  misses:      6,743  ( 5,417 rd   +  1,326 wr)
==11158== LLd misses:      2,788  ( 2,182 rd   +    606 wr)
==11158== D1  miss rate:     9.7% (   9.9%     +    9.2%  )
==11158== LLd miss rate:     4.0% (   4.0%     +    4.2%  )
==11158== 
==11158== LL refs:         9,329  ( 8,003 rd   +  1,326 wr)
==11158== LL misses:       3,878  ( 3,272 rd   +    606 wr)
==11158== LL miss rate:      1.4% (   1.2%     +    4.2%  )
