==31155== Cachegrind, a cache and branch-prediction profiler
==31155== Copyright (C) 2002-2017, and GNU GPL'd, by Nicholas Nethercote et al.
==31155== Using Valgrind-3.16.1 and LibVEX; rerun with -h for copyright info
==31155== Command: ./kmeans-medium ../datasets/finland 13467 2 15
==31155== 
--31155-- warning: L3 cache found, using its data for the LL simulation.
--31155-- warning: specified LL cache: line_size 64  assoc 11  total_size 25,952,256
--31155-- warning: simulated LL cache: line_size 64  assoc 12  total_size 25,165,824
BIP cache replacement will be used
BIP Throttle parameter is set to 0.031250
==31155== 
==31155== I   refs:      261,008,494
==31155== I1  misses:        136,580
==31155== LLi misses:          1,457
==31155== I1  miss rate:        0.05%
==31155== LLi miss rate:        0.00%
==31155== 
==31155== D   refs:       60,294,300  (50,971,205 rd   + 9,323,095 wr)
==31155== D1  misses:        349,645  (   302,421 rd   +    47,224 wr)
==31155== LLd misses:         12,223  (     2,160 rd   +    10,063 wr)
==31155== D1  miss rate:         0.6% (       0.6%     +       0.5%  )
==31155== LLd miss rate:         0.0% (       0.0%     +       0.1%  )
==31155== 
==31155== LL refs:           486,225  (   439,001 rd   +    47,224 wr)
==31155== LL misses:          13,680  (     3,617 rd   +    10,063 wr)
==31155== LL miss rate:          0.0% (       0.0%     +       0.1%  )
