==30247== Cachegrind, a cache and branch-prediction profiler
==30247== Copyright (C) 2002-2017, and GNU GPL'd, by Nicholas Nethercote et al.
==30247== Using Valgrind-3.16.1 and LibVEX; rerun with -h for copyright info
==30247== Command: ./kmeans-small ../datasets/yeast 1484 8 10
==30247== 
--30247-- warning: L3 cache found, using its data for the LL simulation.
--30247-- warning: specified LL cache: line_size 64  assoc 11  total_size 25,952,256
--30247-- warning: simulated LL cache: line_size 64  assoc 12  total_size 25,165,824
BIP cache replacement will be used
BIP Throttle parameter is set to 0.015625
==30247== 
==30247== I   refs:      56,157,743
==30247== I1  misses:         1,471
==30247== LLi misses:         1,468
==30247== I1  miss rate:       0.00%
==30247== LLi miss rate:       0.00%
==30247== 
==30247== D   refs:      15,831,282  (13,089,293 rd   + 2,741,989 wr)
==30247== D1  misses:         4,969  (     2,152 rd   +     2,817 wr)
==30247== LLd misses:         4,966  (     2,149 rd   +     2,817 wr)
==30247== D1  miss rate:        0.0% (       0.0%     +       0.1%  )
==30247== LLd miss rate:        0.0% (       0.0%     +       0.1%  )
==30247== 
==30247== LL refs:            6,440  (     3,623 rd   +     2,817 wr)
==30247== LL misses:          6,434  (     3,617 rd   +     2,817 wr)
==30247== LL miss rate:         0.0% (       0.0%     +       0.1%  )
