==38160== Cachegrind, a cache and branch-prediction profiler
==38160== Copyright (C) 2002-2017, and GNU GPL'd, by Nicholas Nethercote et al.
==38160== Using Valgrind-3.16.1 and LibVEX; rerun with -h for copyright info
==38160== Command: ./lda-medium est .1 3 settings.txt medium/medium_data.dat random medium/results
==38160== 
--38160-- warning: L3 cache found, using its data for the LL simulation.
--38160-- warning: specified LL cache: line_size 64  assoc 11  total_size 25,952,256
--38160-- warning: simulated LL cache: line_size 64  assoc 12  total_size 25,165,824
BIP cache replacement will be used
BIP Throttle parameter is set to 0.062500
==38160== 
==38160== I   refs:      140,455,547,304
==38160== I1  misses:              2,249
==38160== LLi misses:              2,166
==38160== I1  miss rate:            0.00%
==38160== LLi miss rate:            0.00%
==38160== 
==38160== D   refs:       52,756,055,867  (40,106,273,380 rd   + 12,649,782,487 wr)
==38160== D1  misses:        435,644,028  (   431,940,435 rd   +      3,703,593 wr)
==38160== LLd misses:             30,487  (         3,477 rd   +         27,010 wr)
==38160== D1  miss rate:             0.8% (           1.1%     +            0.0%  )
==38160== LLd miss rate:             0.0% (           0.0%     +            0.0%  )
==38160== 
==38160== LL refs:           435,646,277  (   431,942,684 rd   +      3,703,593 wr)
==38160== LL misses:              32,653  (         5,643 rd   +         27,010 wr)
==38160== LL miss rate:              0.0% (           0.0%     +            0.0%  )
