==51748== Cachegrind, a cache and branch-prediction profiler
==51748== Copyright (C) 2002-2017, and GNU GPL'd, by Nicholas Nethercote et al.
==51748== Using Valgrind-3.16.1 and LibVEX; rerun with -h for copyright info
==51748== Command: ./pca-small small.data 1593 256 R
==51748== 
--51748-- warning: L3 cache found, using its data for the LL simulation.
--51748-- warning: specified LL cache: line_size 64  assoc 11  total_size 25,952,256
--51748-- warning: simulated LL cache: line_size 64  assoc 12  total_size 25,165,824
BIP cache replacement will be used
BIP Throttle parameter is set to 0.015625
==51748== 
==51748== I   refs:      1,489,668,863
==51748== I1  misses:            7,609
==51748== LLi misses:            1,676
==51748== I1  miss rate:          0.00%
==51748== LLi miss rate:          0.00%
==51748== 
==51748== D   refs:        597,905,958  (426,153,001 rd   + 171,752,957 wr)
==51748== D1  misses:      137,330,800  (137,206,764 rd   +     124,036 wr)
==51748== LLd misses:           37,722  (      2,498 rd   +      35,224 wr)
==51748== D1  miss rate:          23.0% (       32.2%     +         0.1%  )
==51748== LLd miss rate:           0.0% (        0.0%     +         0.0%  )
==51748== 
==51748== LL refs:         137,338,409  (137,214,373 rd   +     124,036 wr)
==51748== LL misses:            39,398  (      4,174 rd   +      35,224 wr)
==51748== LL miss rate:            0.0% (        0.0%     +         0.0%  )
