==61523== Cachegrind, a cache and branch-prediction profiler
==61523== Copyright (C) 2002-2017, and GNU GPL'd, by Nicholas Nethercote et al.
==61523== Using Valgrind-3.16.1 and LibVEX; rerun with -h for copyright info
==61523== Command: ./sift .
==61523== 
--61523-- warning: L3 cache found, using its data for the LL simulation.
--61523-- warning: specified LL cache: line_size 64  assoc 11  total_size 25,952,256
--61523-- warning: simulated LL cache: line_size 64  assoc 12  total_size 25,165,824
LIP cache replacement will be used
==61523== brk segment overflow in thread #1: can't grow to 0x5419000
==61523== (see section Limitations in user manual)
==61523== NOTE: further instances of this message will not be shown
==61523== 
==61523== I   refs:      16,043,915,030
==61523== I1  misses:             1,837
==61523== LLi misses:             1,825
==61523== I1  miss rate:           0.00%
==61523== LLi miss rate:           0.00%
==61523== 
==61523== D   refs:       4,941,072,983  (3,428,287,657 rd   + 1,512,785,326 wr)
==61523== D1  misses:        76,114,419  (   52,364,280 rd   +    23,750,139 wr)
==61523== LLd misses:        25,910,853  (   15,917,299 rd   +     9,993,554 wr)
==61523== D1  miss rate:            1.5% (          1.5%     +           1.6%  )
==61523== LLd miss rate:            0.5% (          0.5%     +           0.7%  )
==61523== 
==61523== LL refs:           76,116,256  (   52,366,117 rd   +    23,750,139 wr)
==61523== LL misses:         25,912,678  (   15,919,124 rd   +     9,993,554 wr)
==61523== LL miss rate:             0.1% (          0.1%     +           0.7%  )
