==32647== Cachegrind, a cache and branch-prediction profiler
==32647== Copyright (C) 2002-2017, and GNU GPL'd, by Nicholas Nethercote et al.
==32647== Using Valgrind-3.16.1 and LibVEX; rerun with -h for copyright info
==32647== Command: ./spc-small ../datasets/R15 600 2 15 0.707 1 2
==32647== 
--32647-- warning: L3 cache found, using its data for the LL simulation.
--32647-- warning: specified LL cache: line_size 64  assoc 11  total_size 25,952,256
--32647-- warning: simulated LL cache: line_size 64  assoc 12  total_size 25,165,824
LRU cache replacement will be used
==32647== 
==32647== I   refs:      217,405
==32647== I1  misses:      2,015
==32647== LLi misses:      1,090
==32647== I1  miss rate:    0.93%
==32647== LLi miss rate:    0.50%
==32647== 
==32647== D   refs:       69,324  (54,846 rd   + 14,478 wr)
==32647== D1  misses:      6,315  ( 5,363 rd   +    952 wr)
==32647== LLd misses:      2,784  ( 2,178 rd   +    606 wr)
==32647== D1  miss rate:     9.1% (   9.8%     +    6.6%  )
==32647== LLd miss rate:     4.0% (   4.0%     +    4.2%  )
==32647== 
==32647== LL refs:         8,330  ( 7,378 rd   +    952 wr)
==32647== LL misses:       3,874  ( 3,268 rd   +    606 wr)
==32647== LL miss rate:      1.4% (   1.2%     +    4.2%  )
