==19816== Cachegrind, a cache and branch-prediction profiler
==19816== Copyright (C) 2002-2017, and GNU GPL'd, by Nicholas Nethercote et al.
==19816== Using Valgrind-3.16.1 and LibVEX; rerun with -h for copyright info
==19816== Command: ./mser .
==19816== 
--19816-- warning: L3 cache found, using its data for the LL simulation.
--19816-- warning: specified LL cache: line_size 64  assoc 11  total_size 25,952,256
--19816-- warning: simulated LL cache: line_size 64  assoc 12  total_size 25,165,824
FIFO cache replacement will be used
==19816== 
==19816== I   refs:      157,426,181
==19816== I1  misses:          1,497
==19816== LLi misses:          1,493
==19816== I1  miss rate:        0.00%
==19816== LLi miss rate:        0.00%
==19816== 
==19816== D   refs:       59,523,784  (40,510,721 rd   + 19,013,063 wr)
==19816== D1  misses:        315,103  (   208,991 rd   +    106,112 wr)
==19816== LLd misses:         71,091  (     2,246 rd   +     68,845 wr)
==19816== D1  miss rate:         0.5% (       0.5%     +        0.6%  )
==19816== LLd miss rate:         0.1% (       0.0%     +        0.4%  )
==19816== 
==19816== LL refs:           316,600  (   210,488 rd   +    106,112 wr)
==19816== LL misses:          72,584  (     3,739 rd   +     68,845 wr)
==19816== LL miss rate:          0.0% (       0.0%     +        0.4%  )
