==28435== Cachegrind, a cache and branch-prediction profiler
==28435== Copyright (C) 2002-2017, and GNU GPL'd, by Nicholas Nethercote et al.
==28435== Using Valgrind-3.16.1 and LibVEX; rerun with -h for copyright info
==28435== Command: ./mser .
==28435== 
--28435-- warning: L3 cache found, using its data for the LL simulation.
--28435-- warning: specified LL cache: line_size 64  assoc 11  total_size 25,952,256
--28435-- warning: simulated LL cache: line_size 64  assoc 12  total_size 25,165,824
BIP cache replacement will be used
BIP Throttle parameter is set to 0.031250
==28435== 
==28435== Process terminating with default action of signal 15 (SIGTERM)
==28435==    at 0x10CB1A: mser (in /home/tkloda/cortexsuite/vision/benchmarks/mser/data/fullhd/mser)
==28435==    by 0x108B07: main (in /home/tkloda/cortexsuite/vision/benchmarks/mser/data/fullhd/mser)
==28435== 
==28435== I   refs:      1,938,367,226
==28435== I1  misses:            1,222
==28435== LLi misses:            1,209
==28435== I1  miss rate:          0.00%
==28435== LLi miss rate:          0.00%
==28435== 
==28435== D   refs:        800,805,123  (542,050,325 rd   + 258,754,798 wr)
==28435== D1  misses:        2,812,658  (  1,522,655 rd   +   1,290,003 wr)
==28435== LLd misses:        1,726,254  (    539,018 rd   +   1,187,236 wr)
==28435== D1  miss rate:           0.4% (        0.3%     +         0.5%  )
==28435== LLd miss rate:           0.2% (        0.1%     +         0.5%  )
==28435== 
==28435== LL refs:           2,813,880  (  1,523,877 rd   +   1,290,003 wr)
==28435== LL misses:         1,727,463  (    540,227 rd   +   1,187,236 wr)
==28435== LL miss rate:            0.1% (        0.0%     +         0.5%  )
