==21174== Cachegrind, a cache and branch-prediction profiler
==21174== Copyright (C) 2002-2017, and GNU GPL'd, by Nicholas Nethercote et al.
==21174== Using Valgrind-3.16.1 and LibVEX; rerun with -h for copyright info
==21174== Command: ./disparity .
==21174== 
--21174-- warning: L3 cache found, using its data for the LL simulation.
--21174-- warning: specified LL cache: line_size 64  assoc 11  total_size 25,952,256
--21174-- warning: simulated LL cache: line_size 64  assoc 12  total_size 25,165,824
BIP cache replacement will be used
BIP Throttle parameter is set to 0.062500
==21174== 
==21174== I   refs:      463,775,462
==21174== I1  misses:          1,497
==21174== LLi misses:          1,493
==21174== I1  miss rate:        0.00%
==21174== LLi miss rate:        0.00%
==21174== 
==21174== D   refs:      187,796,937  (126,192,375 rd   + 61,604,562 wr)
==21174== D1  misses:        933,193  (    425,181 rd   +    508,012 wr)
==21174== LLd misses:        215,230  (     66,406 rd   +    148,824 wr)
==21174== D1  miss rate:         0.5% (        0.3%     +        0.8%  )
==21174== LLd miss rate:         0.1% (        0.1%     +        0.2%  )
==21174== 
==21174== LL refs:           934,690  (    426,678 rd   +    508,012 wr)
==21174== LL misses:         216,723  (     67,899 rd   +    148,824 wr)
==21174== LL miss rate:          0.0% (        0.0%     +        0.2%  )
