==48854== Cachegrind, a cache and branch-prediction profiler
==48854== Copyright (C) 2002-2017, and GNU GPL'd, by Nicholas Nethercote et al.
==48854== Using Valgrind-3.16.1 and LibVEX; rerun with -h for copyright info
==48854== Command: ./pca-large large.data 5000 1059 R
==48854== 
--48854-- warning: L3 cache found, using its data for the LL simulation.
--48854-- warning: specified LL cache: line_size 64  assoc 11  total_size 25,952,256
--48854-- warning: simulated LL cache: line_size 64  assoc 12  total_size 25,165,824
FIFO cache replacement will be used
==48854== brk segment overflow in thread #1: can't grow to 0x4a35000
==48854== (see section Limitations in user manual)
==48854== NOTE: further instances of this message will not be shown
==48854== 
==48854== I   refs:      71,275,145,867
==48854== I1  misses:       499,075,666
==48854== LLi misses:             1,875
==48854== I1  miss rate:           0.70%
==48854== LLi miss rate:           0.00%
==48854== 
==48854== D   refs:      28,625,035,470  (20,878,881,321 rd   + 7,746,154,149 wr)
==48854== D1  misses:    10,200,746,906  ( 9,948,723,524 rd   +   252,023,382 wr)
==48854== LLd misses:           926,288  (       438,456 rd   +       487,832 wr)
==48854== D1  miss rate:           35.6% (          47.6%     +           3.3%  )
==48854== LLd miss rate:            0.0% (           0.0%     +           0.0%  )
==48854== 
==48854== LL refs:       10,699,822,572  (10,447,799,190 rd   +   252,023,382 wr)
==48854== LL misses:            928,163  (       440,331 rd   +       487,832 wr)
==48854== LL miss rate:             0.0% (           0.0%     +           0.0%  )
