==54133== Cachegrind, a cache and branch-prediction profiler
==54133== Copyright (C) 2002-2017, and GNU GPL'd, by Nicholas Nethercote et al.
==54133== Using Valgrind-3.16.1 and LibVEX; rerun with -h for copyright info
==54133== Command: ./rbm-medium
==54133== 
--54133-- warning: L3 cache found, using its data for the LL simulation.
--54133-- warning: specified LL cache: line_size 64  assoc 11  total_size 25,952,256
--54133-- warning: simulated LL cache: line_size 64  assoc 12  total_size 25,165,824
BIP cache replacement will be used
BIP Throttle parameter is set to 0.015625
==54133== 
==54133== I   refs:      12,265,732,027
==54133== I1  misses:           362,851
==54133== LLi misses:             1,521
==54133== I1  miss rate:           0.00%
==54133== LLi miss rate:           0.00%
==54133== 
==54133== D   refs:       3,657,823,178  (2,777,601,363 rd   + 880,221,815 wr)
==54133== D1  misses:       207,438,580  (  172,609,877 rd   +  34,828,703 wr)
==54133== LLd misses:            53,180  (       29,214 rd   +      23,966 wr)
==54133== D1  miss rate:            5.7% (          6.2%     +         4.0%  )
==54133== LLd miss rate:            0.0% (          0.0%     +         0.0%  )
==54133== 
==54133== LL refs:          207,801,431  (  172,972,728 rd   +  34,828,703 wr)
==54133== LL misses:             54,701  (       30,735 rd   +      23,966 wr)
==54133== LL miss rate:             0.0% (          0.0%     +         0.0%  )
