==37724== Cachegrind, a cache and branch-prediction profiler
==37724== Copyright (C) 2002-2017, and GNU GPL'd, by Nicholas Nethercote et al.
==37724== Using Valgrind-3.16.1 and LibVEX; rerun with -h for copyright info
==37724== Command: ./sift .
==37724== 
--37724-- warning: L3 cache found, using its data for the LL simulation.
--37724-- warning: specified LL cache: line_size 64  assoc 11  total_size 25,952,256
--37724-- warning: simulated LL cache: line_size 64  assoc 12  total_size 25,165,824
Random cache replacement will be used
==37724== brk segment overflow in thread #1: can't grow to 0x4a36000
==37724== (see section Limitations in user manual)
==37724== NOTE: further instances of this message will not be shown
==37724== 
==37724== I   refs:      1,142,732,532
==37724== I1  misses:            5,453
==37724== LLi misses:            2,094
==37724== I1  miss rate:          0.00%
==37724== LLi miss rate:          0.00%
==37724== 
==37724== D   refs:        350,629,239  (243,842,202 rd   + 106,787,037 wr)
==37724== D1  misses:       11,040,988  (  9,360,804 rd   +   1,680,184 wr)
==37724== LLd misses:          716,011  (    153,399 rd   +     562,612 wr)
==37724== D1  miss rate:           3.1% (        3.8%     +         1.6%  )
==37724== LLd miss rate:           0.2% (        0.1%     +         0.5%  )
==37724== 
==37724== LL refs:          11,046,441  (  9,366,257 rd   +   1,680,184 wr)
==37724== LL misses:           718,105  (    155,493 rd   +     562,612 wr)
==37724== LL miss rate:            0.0% (        0.0%     +         0.5%  )
