==22972== Cachegrind, a cache and branch-prediction profiler
==22972== Copyright (C) 2002-2017, and GNU GPL'd, by Nicholas Nethercote et al.
==22972== Using Valgrind-3.16.1 and LibVEX; rerun with -h for copyright info
==22972== Command: ./sift .
==22972== 
--22972-- warning: L3 cache found, using its data for the LL simulation.
--22972-- warning: specified LL cache: line_size 64  assoc 11  total_size 25,952,256
--22972-- warning: simulated LL cache: line_size 64  assoc 12  total_size 25,165,824
LIP cache replacement will be used
==22972== brk segment overflow in thread #1: can't grow to 0x4a36000
==22972== (see section Limitations in user manual)
==22972== NOTE: further instances of this message will not be shown
==22972== 
==22972== I   refs:      1,142,732,433
==22972== I1  misses:            1,830
==22972== LLi misses:            1,806
==22972== I1  miss rate:          0.00%
==22972== LLi miss rate:          0.00%
==22972== 
==22972== D   refs:        350,629,225  (243,842,189 rd   + 106,787,036 wr)
==22972== D1  misses:        2,705,193  (  1,879,570 rd   +     825,623 wr)
==22972== LLd misses:          930,988  (    343,671 rd   +     587,317 wr)
==22972== D1  miss rate:           0.8% (        0.8%     +         0.8%  )
==22972== LLd miss rate:           0.3% (        0.1%     +         0.5%  )
==22972== 
==22972== LL refs:           2,707,023  (  1,881,400 rd   +     825,623 wr)
==22972== LL misses:           932,794  (    345,477 rd   +     587,317 wr)
==22972== LL miss rate:            0.1% (        0.0%     +         0.5%  )
