==57485== Cachegrind, a cache and branch-prediction profiler
==57485== Copyright (C) 2002-2017, and GNU GPL'd, by Nicholas Nethercote et al.
==57485== Using Valgrind-3.16.1 and LibVEX; rerun with -h for copyright info
==57485== Command: ./spc-small ../datasets/R15 600 2 15 0.707 1 2
==57485== 
--57485-- warning: L3 cache found, using its data for the LL simulation.
--57485-- warning: specified LL cache: line_size 64  assoc 11  total_size 25,952,256
--57485-- warning: simulated LL cache: line_size 64  assoc 12  total_size 25,165,824
BIP cache replacement will be used
BIP Throttle parameter is set to 0.031250
==57485== 
==57485== I   refs:      217,405
==57485== I1  misses:      1,251
==57485== LLi misses:      1,090
==57485== I1  miss rate:    0.58%
==57485== LLi miss rate:    0.50%
==57485== 
==57485== D   refs:       69,324  (54,846 rd   + 14,478 wr)
==57485== D1  misses:      3,947  ( 3,208 rd   +    739 wr)
==57485== LLd misses:      2,798  ( 2,192 rd   +    606 wr)
==57485== D1  miss rate:     5.7% (   5.8%     +    5.1%  )
==57485== LLd miss rate:     4.0% (   4.0%     +    4.2%  )
==57485== 
==57485== LL refs:         5,198  ( 4,459 rd   +    739 wr)
==57485== LL misses:       3,888  ( 3,282 rd   +    606 wr)
==57485== LL miss rate:      1.4% (   1.2%     +    4.2%  )
