==52413== Cachegrind, a cache and branch-prediction profiler
==52413== Copyright (C) 2002-2017, and GNU GPL'd, by Nicholas Nethercote et al.
==52413== Using Valgrind-3.16.1 and LibVEX; rerun with -h for copyright info
==52413== Command: ./tracking .
==52413== 
--52413-- warning: L3 cache found, using its data for the LL simulation.
--52413-- warning: specified LL cache: line_size 64  assoc 11  total_size 25,952,256
--52413-- warning: simulated LL cache: line_size 64  assoc 12  total_size 25,165,824
LIP cache replacement will be used
==52413== brk segment overflow in thread #1: can't grow to 0x4a37000
==52413== (see section Limitations in user manual)
==52413== NOTE: further instances of this message will not be shown
==52413== 
==52413== I   refs:      1,258,660,392
==52413== I1  misses:            1,741
==52413== LLi misses:            1,730
==52413== I1  miss rate:          0.00%
==52413== LLi miss rate:          0.00%
==52413== 
==52413== D   refs:        408,310,879  (288,791,462 rd   + 119,519,417 wr)
==52413== D1  misses:        4,707,971  (  2,180,122 rd   +   2,527,849 wr)
==52413== LLd misses:          428,512  (     89,790 rd   +     338,722 wr)
==52413== D1  miss rate:           1.2% (        0.8%     +         2.1%  )
==52413== LLd miss rate:           0.1% (        0.0%     +         0.3%  )
==52413== 
==52413== LL refs:           4,709,712  (  2,181,863 rd   +   2,527,849 wr)
==52413== LL misses:           430,242  (     91,520 rd   +     338,722 wr)
==52413== LL miss rate:            0.0% (        0.0%     +         0.3%  )
