==53394== Cachegrind, a cache and branch-prediction profiler
==53394== Copyright (C) 2002-2017, and GNU GPL'd, by Nicholas Nethercote et al.
==53394== Using Valgrind-3.16.1 and LibVEX; rerun with -h for copyright info
==53394== Command: ./tracking .
==53394== 
--53394-- warning: L3 cache found, using its data for the LL simulation.
--53394-- warning: specified LL cache: line_size 64  assoc 11  total_size 25,952,256
--53394-- warning: simulated LL cache: line_size 64  assoc 12  total_size 25,165,824
LRU cache replacement will be used
==53394== brk segment overflow in thread #1: can't grow to 0x5026000
==53394== (see section Limitations in user manual)
==53394== NOTE: further instances of this message will not be shown
==53394== 
==53394== I   refs:      7,862,358,986
==53394== I1  misses:            2,032
==53394== LLi misses:            1,960
==53394== I1  miss rate:          0.00%
==53394== LLi miss rate:          0.00%
==53394== 
==53394== D   refs:      2,585,046,514  (1,824,545,509 rd   + 760,501,005 wr)
==53394== D1  misses:       37,097,093  (   17,908,444 rd   +  19,188,649 wr)
==53394== LLd misses:        9,442,068  (    3,628,722 rd   +   5,813,346 wr)
==53394== D1  miss rate:           1.4% (          1.0%     +         2.5%  )
==53394== LLd miss rate:           0.4% (          0.2%     +         0.8%  )
==53394== 
==53394== LL refs:          37,099,125  (   17,910,476 rd   +  19,188,649 wr)
==53394== LL misses:         9,444,028  (    3,630,682 rd   +   5,813,346 wr)
==53394== LL miss rate:            0.1% (          0.0%     +         0.8%  )
