==36283== Cachegrind, a cache and branch-prediction profiler
==36283== Copyright (C) 2002-2017, and GNU GPL'd, by Nicholas Nethercote et al.
==36283== Using Valgrind-3.16.1 and LibVEX; rerun with -h for copyright info
==36283== Command: ./mser .
==36283== 
--36283-- warning: L3 cache found, using its data for the LL simulation.
--36283-- warning: specified LL cache: line_size 64  assoc 11  total_size 25,952,256
--36283-- warning: simulated LL cache: line_size 64  assoc 12  total_size 25,165,824
FIFO cache replacement will be used
==36283== 
==36283== I   refs:      39,996,100
==36283== I1  misses:        13,706
==36283== LLi misses:         1,514
==36283== I1  miss rate:       0.03%
==36283== LLi miss rate:       0.00%
==36283== 
==36283== D   refs:      15,054,676  (10,245,444 rd   + 4,809,232 wr)
==36283== D1  misses:       494,611  (   414,503 rd   +    80,108 wr)
==36283== LLd misses:        20,502  (     2,252 rd   +    18,250 wr)
==36283== D1  miss rate:        3.3% (       4.0%     +       1.7%  )
==36283== LLd miss rate:        0.1% (       0.0%     +       0.4%  )
==36283== 
==36283== LL refs:          508,317  (   428,209 rd   +    80,108 wr)
==36283== LL misses:         22,016  (     3,766 rd   +    18,250 wr)
==36283== LL miss rate:         0.0% (       0.0%     +       0.4%  )
