==25398== Cachegrind, a cache and branch-prediction profiler
==25398== Copyright (C) 2002-2017, and GNU GPL'd, by Nicholas Nethercote et al.
==25398== Using Valgrind-3.16.1 and LibVEX; rerun with -h for copyright info
==25398== Command: ./stitch .
==25398== 
--25398-- warning: L3 cache found, using its data for the LL simulation.
--25398-- warning: specified LL cache: line_size 64  assoc 11  total_size 25,952,256
--25398-- warning: simulated LL cache: line_size 64  assoc 12  total_size 25,165,824
FIFO cache replacement will be used
==25398== brk segment overflow in thread #1: can't grow to 0x4ae3000
==25398== (see section Limitations in user manual)
==25398== NOTE: further instances of this message will not be shown
==25398== 
==25398== I   refs:      8,280,657,857
==25398== I1  misses:            1,698
==25398== LLi misses:            1,694
==25398== I1  miss rate:          0.00%
==25398== LLi miss rate:          0.00%
==25398== 
==25398== D   refs:      2,251,787,265  (1,520,764,459 rd   + 731,022,806 wr)
==25398== D1  misses:          819,944  (      449,562 rd   +     370,382 wr)
==25398== LLd misses:          252,959  (        2,268 rd   +     250,691 wr)
==25398== D1  miss rate:           0.0% (          0.0%     +         0.1%  )
==25398== LLd miss rate:           0.0% (          0.0%     +         0.0%  )
==25398== 
==25398== LL refs:             821,642  (      451,260 rd   +     370,382 wr)
==25398== LL misses:           254,653  (        3,962 rd   +     250,691 wr)
==25398== LL miss rate:            0.0% (          0.0%     +         0.0%  )
