==40435== Cachegrind, a cache and branch-prediction profiler
==40435== Copyright (C) 2002-2017, and GNU GPL'd, by Nicholas Nethercote et al.
==40435== Using Valgrind-3.16.1 and LibVEX; rerun with -h for copyright info
==40435== Command: ./sift .
==40435== 
--40435-- warning: L3 cache found, using its data for the LL simulation.
--40435-- warning: specified LL cache: line_size 64  assoc 11  total_size 25,952,256
--40435-- warning: simulated LL cache: line_size 64  assoc 12  total_size 25,165,824
BIP cache replacement will be used
BIP Throttle parameter is set to 0.015625
==40435== 
==40435== I   refs:      288,805,098
==40435== I1  misses:          1,780
==40435== LLi misses:          1,776
==40435== I1  miss rate:        0.00%
==40435== LLi miss rate:        0.00%
==40435== 
==40435== D   refs:       87,842,395  (61,419,274 rd   + 26,423,121 wr)
==40435== D1  misses:        273,506  (   116,753 rd   +    156,753 wr)
==40435== LLd misses:        266,373  (   110,569 rd   +    155,804 wr)
==40435== D1  miss rate:         0.3% (       0.2%     +        0.6%  )
==40435== LLd miss rate:         0.3% (       0.2%     +        0.6%  )
==40435== 
==40435== LL refs:           275,286  (   118,533 rd   +    156,753 wr)
==40435== LL misses:         268,149  (   112,345 rd   +    155,804 wr)
==40435== LL miss rate:          0.1% (       0.0%     +        0.6%  )
