==45014== Cachegrind, a cache and branch-prediction profiler
==45014== Copyright (C) 2002-2017, and GNU GPL'd, by Nicholas Nethercote et al.
==45014== Using Valgrind-3.16.1 and LibVEX; rerun with -h for copyright info
==45014== Command: ./me-medium
==45014== 
--45014-- warning: L3 cache found, using its data for the LL simulation.
--45014-- warning: specified LL cache: line_size 64  assoc 11  total_size 25,952,256
--45014-- warning: simulated LL cache: line_size 64  assoc 12  total_size 25,165,824
LIP cache replacement will be used
==45014== brk segment overflow in thread #1: can't grow to 0x4a36000
==45014== (see section Limitations in user manual)
==45014== NOTE: further instances of this message will not be shown
==45014== 
==45014== I   refs:      582,717,344
==45014== I1  misses:          1,469
==45014== LLi misses:          1,463
==45014== I1  miss rate:        0.00%
==45014== LLi miss rate:        0.00%
==45014== 
==45014== D   refs:      104,638,589  (94,724,833 rd   + 9,913,756 wr)
==45014== D1  misses:        356,042  (   135,483 rd   +   220,559 wr)
==45014== LLd misses:        156,533  (     2,936 rd   +   153,597 wr)
==45014== D1  miss rate:         0.3% (       0.1%     +       2.2%  )
==45014== LLd miss rate:         0.1% (       0.0%     +       1.5%  )
==45014== 
==45014== LL refs:           357,511  (   136,952 rd   +   220,559 wr)
==45014== LL misses:         157,996  (     4,399 rd   +   153,597 wr)
==45014== LL miss rate:          0.0% (       0.0%     +       1.5%  )
