==19404== Cachegrind, a cache and branch-prediction profiler
==19404== Copyright (C) 2002-2017, and GNU GPL'd, by Nicholas Nethercote et al.
==19404== Using Valgrind-3.16.1 and LibVEX; rerun with -h for copyright info
==19404== Command: ./mser .
==19404== 
--19404-- warning: L3 cache found, using its data for the LL simulation.
--19404-- warning: specified LL cache: line_size 64  assoc 11  total_size 25,952,256
--19404-- warning: simulated LL cache: line_size 64  assoc 12  total_size 25,165,824
LIP cache replacement will be used
==19404== 
==19404== I   refs:      157,426,193
==19404== I1  misses:          1,636
==19404== LLi misses:          1,534
==19404== I1  miss rate:        0.00%
==19404== LLi miss rate:        0.00%
==19404== 
==19404== D   refs:       59,523,786  (40,510,722 rd   + 19,013,064 wr)
==19404== D1  misses:      1,245,923  ( 1,080,303 rd   +    165,620 wr)
==19404== LLd misses:         85,405  (    15,811 rd   +     69,594 wr)
==19404== D1  miss rate:         2.1% (       2.7%     +        0.9%  )
==19404== LLd miss rate:         0.1% (       0.0%     +        0.4%  )
==19404== 
==19404== LL refs:         1,247,559  ( 1,081,939 rd   +    165,620 wr)
==19404== LL misses:          86,939  (    17,345 rd   +     69,594 wr)
==19404== LL miss rate:          0.0% (       0.0%     +        0.4%  )
