==24015== Cachegrind, a cache and branch-prediction profiler
==24015== Copyright (C) 2002-2017, and GNU GPL'd, by Nicholas Nethercote et al.
==24015== Using Valgrind-3.16.1 and LibVEX; rerun with -h for copyright info
==24015== Command: ./rbm-medium
==24015== 
--24015-- warning: L3 cache found, using its data for the LL simulation.
--24015-- warning: specified LL cache: line_size 64  assoc 11  total_size 25,952,256
--24015-- warning: simulated LL cache: line_size 64  assoc 12  total_size 25,165,824
BIP cache replacement will be used
BIP Throttle parameter is set to 0.062500
==24015== 
==24015== I   refs:      12,265,715,713
==24015== I1  misses:             3,986
==24015== LLi misses:             1,640
==24015== I1  miss rate:           0.00%
==24015== LLi miss rate:           0.00%
==24015== 
==24015== D   refs:       3,657,813,773  (2,777,601,388 rd   + 880,212,385 wr)
==24015== D1  misses:       387,032,885  (  351,395,023 rd   +  35,637,862 wr)
==24015== LLd misses:            49,698  (       25,871 rd   +      23,827 wr)
==24015== D1  miss rate:           10.6% (         12.7%     +         4.0%  )
==24015== LLd miss rate:            0.0% (          0.0%     +         0.0%  )
==24015== 
==24015== LL refs:          387,036,871  (  351,399,009 rd   +  35,637,862 wr)
==24015== LL misses:             51,338  (       27,511 rd   +      23,827 wr)
==24015== LL miss rate:             0.0% (          0.0%     +         0.0%  )
