==50423== Cachegrind, a cache and branch-prediction profiler
==50423== Copyright (C) 2002-2017, and GNU GPL'd, by Nicholas Nethercote et al.
==50423== Using Valgrind-3.16.1 and LibVEX; rerun with -h for copyright info
==50423== Command: ./stitch .
==50423== 
--50423-- warning: L3 cache found, using its data for the LL simulation.
--50423-- warning: specified LL cache: line_size 64  assoc 11  total_size 25,952,256
--50423-- warning: simulated LL cache: line_size 64  assoc 12  total_size 25,165,824
FIFO cache replacement will be used
==50423== brk segment overflow in thread #1: can't grow to 0x4ae3000
==50423== (see section Limitations in user manual)
==50423== NOTE: further instances of this message will not be shown
==50423== 
==50423== I   refs:      8,280,657,689
==50423== I1  misses:            1,698
==50423== LLi misses:            1,694
==50423== I1  miss rate:          0.00%
==50423== LLi miss rate:          0.00%
==50423== 
==50423== D   refs:      2,251,787,239  (1,520,764,435 rd   + 731,022,804 wr)
==50423== D1  misses:          547,337  (      214,220 rd   +     333,117 wr)
==50423== LLd misses:          252,958  (        2,266 rd   +     250,692 wr)
==50423== D1  miss rate:           0.0% (          0.0%     +         0.0%  )
==50423== LLd miss rate:           0.0% (          0.0%     +         0.0%  )
==50423== 
==50423== LL refs:             549,035  (      215,918 rd   +     333,117 wr)
==50423== LL misses:           254,652  (        3,960 rd   +     250,692 wr)
==50423== LL miss rate:            0.0% (          0.0%     +         0.0%  )
