==47135== Cachegrind, a cache and branch-prediction profiler
==47135== Copyright (C) 2002-2017, and GNU GPL'd, by Nicholas Nethercote et al.
==47135== Using Valgrind-3.16.1 and LibVEX; rerun with -h for copyright info
==47135== Command: ./me-small
==47135== 
--47135-- warning: L3 cache found, using its data for the LL simulation.
--47135-- warning: specified LL cache: line_size 64  assoc 11  total_size 25,952,256
--47135-- warning: simulated LL cache: line_size 64  assoc 12  total_size 25,165,824
BIP cache replacement will be used
BIP Throttle parameter is set to 0.015625
==47135== 
==47135== I   refs:      47,322,214
==47135== I1  misses:         1,479
==47135== LLi misses:         1,438
==47135== I1  miss rate:       0.00%
==47135== LLi miss rate:       0.00%
==47135== 
==47135== D   refs:       7,814,012  (7,203,498 rd   + 610,514 wr)
==47135== D1  misses:        32,898  (   11,767 rd   +  21,131 wr)
==47135== LLd misses:        17,895  (    2,167 rd   +  15,728 wr)
==47135== D1  miss rate:        0.4% (      0.2%     +     3.5%  )
==47135== LLd miss rate:        0.2% (      0.0%     +     2.6%  )
==47135== 
==47135== LL refs:           34,377  (   13,246 rd   +  21,131 wr)
==47135== LL misses:         19,333  (    3,605 rd   +  15,728 wr)
==47135== LL miss rate:         0.0% (      0.0%     +     2.6%  )
