==26244== Cachegrind, a cache and branch-prediction profiler
==26244== Copyright (C) 2002-2017, and GNU GPL'd, by Nicholas Nethercote et al.
==26244== Using Valgrind-3.16.1 and LibVEX; rerun with -h for copyright info
==26244== Command: ./texture_synthesis .
==26244== 
--26244-- warning: L3 cache found, using its data for the LL simulation.
--26244-- warning: specified LL cache: line_size 64  assoc 11  total_size 25,952,256
--26244-- warning: simulated LL cache: line_size 64  assoc 12  total_size 25,165,824
BIP cache replacement will be used
BIP Throttle parameter is set to 0.015625
==26244== 
==26244== I   refs:      208,057,388
==26244== I1  misses:          1,614
==26244== LLi misses:          1,587
==26244== I1  miss rate:        0.00%
==26244== LLi miss rate:        0.00%
==26244== 
==26244== D   refs:       76,991,608  (52,726,640 rd   + 24,264,968 wr)
==26244== D1  misses:        220,952  (    98,142 rd   +    122,810 wr)
==26244== LLd misses:         31,301  (     2,368 rd   +     28,933 wr)
==26244== D1  miss rate:         0.3% (       0.2%     +        0.5%  )
==26244== LLd miss rate:         0.0% (       0.0%     +        0.1%  )
==26244== 
==26244== LL refs:           222,566  (    99,756 rd   +    122,810 wr)
==26244== LL misses:          32,888  (     3,955 rd   +     28,933 wr)
==26244== LL miss rate:          0.0% (       0.0%     +        0.1%  )
