==46369== Cachegrind, a cache and branch-prediction profiler
==46369== Copyright (C) 2002-2017, and GNU GPL'd, by Nicholas Nethercote et al.
==46369== Using Valgrind-3.16.1 and LibVEX; rerun with -h for copyright info
==46369== Command: ./me-small
==46369== 
--46369-- warning: L3 cache found, using its data for the LL simulation.
--46369-- warning: specified LL cache: line_size 64  assoc 11  total_size 25,952,256
--46369-- warning: simulated LL cache: line_size 64  assoc 12  total_size 25,165,824
LIP cache replacement will be used
==46369== 
==46369== I   refs:      47,322,214
==46369== I1  misses:         1,440
==46369== LLi misses:         1,437
==46369== I1  miss rate:       0.00%
==46369== LLi miss rate:       0.00%
==46369== 
==46369== D   refs:       7,814,012  (7,203,498 rd   + 610,514 wr)
==46369== D1  misses:        17,877  (    2,152 rd   +  15,725 wr)
==46369== LLd misses:        17,877  (    2,152 rd   +  15,725 wr)
==46369== D1  miss rate:        0.2% (      0.0%     +     2.6%  )
==46369== LLd miss rate:        0.2% (      0.0%     +     2.6%  )
==46369== 
==46369== LL refs:           19,317  (    3,592 rd   +  15,725 wr)
==46369== LL misses:         19,314  (    3,589 rd   +  15,725 wr)
==46369== LL miss rate:         0.0% (      0.0%     +     2.6%  )
