==51289== Cachegrind, a cache and branch-prediction profiler
==51289== Copyright (C) 2002-2017, and GNU GPL'd, by Nicholas Nethercote et al.
==51289== Using Valgrind-3.16.1 and LibVEX; rerun with -h for copyright info
==51289== Command: ./a.out large.txt
==51289== 
--51289-- warning: L3 cache found, using its data for the LL simulation.
--51289-- warning: specified LL cache: line_size 64  assoc 11  total_size 25,952,256
--51289-- warning: simulated LL cache: line_size 64  assoc 12  total_size 25,165,824
Random cache replacement will be used
==51289== 
==51289== I   refs:      166,691,482,179
==51289== I1  misses:        418,264,367
==51289== LLi misses:              2,002
==51289== I1  miss rate:            0.25%
==51289== LLi miss rate:            0.00%
==51289== 
==51289== D   refs:      104,424,129,671  (95,529,538,740 rd   + 8,894,590,931 wr)
==51289== D1  misses:      6,733,597,167  ( 6,496,828,117 rd   +   236,769,050 wr)
==51289== LLd misses:            359,246  (        56,952 rd   +       302,294 wr)
==51289== D1  miss rate:             6.4% (           6.8%     +           2.7%  )
==51289== LLd miss rate:             0.0% (           0.0%     +           0.0%  )
==51289== 
==51289== LL refs:         7,151,861,534  ( 6,915,092,484 rd   +   236,769,050 wr)
==51289== LL misses:             361,248  (        58,954 rd   +       302,294 wr)
==51289== LL miss rate:              0.0% (           0.0%     +           0.0%  )
