==50731== Cachegrind, a cache and branch-prediction profiler
==50731== Copyright (C) 2002-2017, and GNU GPL'd, by Nicholas Nethercote et al.
==50731== Using Valgrind-3.16.1 and LibVEX; rerun with -h for copyright info
==50731== Command: ./stitch .
==50731== 
--50731-- warning: L3 cache found, using its data for the LL simulation.
--50731-- warning: specified LL cache: line_size 64  assoc 11  total_size 25,952,256
--50731-- warning: simulated LL cache: line_size 64  assoc 12  total_size 25,165,824
BIP cache replacement will be used
BIP Throttle parameter is set to 0.031250
==50731== brk segment overflow in thread #1: can't grow to 0x4ae3000
==50731== (see section Limitations in user manual)
==50731== NOTE: further instances of this message will not be shown
==50731== 
==50731== I   refs:      8,280,657,677
==50731== I1  misses:            1,698
==50731== LLi misses:            1,694
==50731== I1  miss rate:          0.00%
==50731== LLi miss rate:          0.00%
==50731== 
==50731== D   refs:      2,251,787,237  (1,520,764,434 rd   + 731,022,803 wr)
==50731== D1  misses:        1,129,747  (      664,776 rd   +     464,971 wr)
==50731== LLd misses:          299,425  (       41,647 rd   +     257,778 wr)
==50731== D1  miss rate:           0.1% (          0.0%     +         0.1%  )
==50731== LLd miss rate:           0.0% (          0.0%     +         0.0%  )
==50731== 
==50731== LL refs:           1,131,445  (      666,474 rd   +     464,971 wr)
==50731== LL misses:           301,119  (       43,341 rd   +     257,778 wr)
==50731== LL miss rate:            0.0% (          0.0%     +         0.0%  )
