==39592== Cachegrind, a cache and branch-prediction profiler
==39592== Copyright (C) 2002-2017, and GNU GPL'd, by Nicholas Nethercote et al.
==39592== Using Valgrind-3.16.1 and LibVEX; rerun with -h for copyright info
==39592== Command: ./disparity .
==39592== 
--39592-- warning: L3 cache found, using its data for the LL simulation.
--39592-- warning: specified LL cache: line_size 64  assoc 11  total_size 25,952,256
--39592-- warning: simulated LL cache: line_size 64  assoc 12  total_size 25,165,824
Random cache replacement will be used
==39592== 
==39592== I   refs:      5,413,774
==39592== I1  misses:      752,733
==39592== LLi misses:        1,498
==39592== I1  miss rate:     13.90%
==39592== LLi miss rate:      0.03%
==39592== 
==39592== D   refs:      2,193,336  (1,441,259 rd   + 752,077 wr)
==39592== D1  misses:      530,691  (  397,742 rd   + 132,949 wr)
==39592== LLd misses:        4,929  (    2,259 rd   +   2,670 wr)
==39592== D1  miss rate:      24.2% (     27.6%     +    17.7%  )
==39592== LLd miss rate:       0.2% (      0.2%     +     0.4%  )
==39592== 
==39592== LL refs:       1,283,424  (1,150,475 rd   + 132,949 wr)
==39592== LL misses:         6,427  (    3,757 rd   +   2,670 wr)
==39592== LL miss rate:        0.1% (      0.1%     +     0.4%  )
