==26687== Cachegrind, a cache and branch-prediction profiler
==26687== Copyright (C) 2002-2017, and GNU GPL'd, by Nicholas Nethercote et al.
==26687== Using Valgrind-3.16.1 and LibVEX; rerun with -h for copyright info
==26687== Command: ./tracking .
==26687== 
--26687-- warning: L3 cache found, using its data for the LL simulation.
--26687-- warning: specified LL cache: line_size 64  assoc 11  total_size 25,952,256
--26687-- warning: simulated LL cache: line_size 64  assoc 12  total_size 25,165,824
Random cache replacement will be used
==26687== 
==26687== I   refs:      426,561,191
==26687== I1  misses:         26,467
==26687== LLi misses:          1,801
==26687== I1  miss rate:        0.01%
==26687== LLi miss rate:        0.00%
==26687== 
==26687== D   refs:      140,543,721  (98,243,013 rd   + 42,300,708 wr)
==26687== D1  misses:      2,551,930  ( 1,493,259 rd   +  1,058,671 wr)
==26687== LLd misses:        101,747  (     3,633 rd   +     98,114 wr)
==26687== D1  miss rate:         1.8% (       1.5%     +        2.5%  )
==26687== LLd miss rate:         0.1% (       0.0%     +        0.2%  )
==26687== 
==26687== LL refs:         2,578,397  ( 1,519,726 rd   +  1,058,671 wr)
==26687== LL misses:         103,548  (     5,434 rd   +     98,114 wr)
==26687== LL miss rate:          0.0% (       0.0%     +        0.2%  )
