==20933== Cachegrind, a cache and branch-prediction profiler
==20933== Copyright (C) 2002-2017, and GNU GPL'd, by Nicholas Nethercote et al.
==20933== Using Valgrind-3.16.1 and LibVEX; rerun with -h for copyright info
==20933== Command: ./disparity .
==20933== 
--20933-- warning: L3 cache found, using its data for the LL simulation.
--20933-- warning: specified LL cache: line_size 64  assoc 11  total_size 25,952,256
--20933-- warning: simulated LL cache: line_size 64  assoc 12  total_size 25,165,824
FIFO cache replacement will be used
==20933== 
==20933== I   refs:      463,775,438
==20933== I1  misses:      1,413,000
==20933== LLi misses:          1,492
==20933== I1  miss rate:        0.30%
==20933== LLi miss rate:        0.00%
==20933== 
==20933== D   refs:      187,796,933  (126,192,373 rd   + 61,604,560 wr)
==20933== D1  misses:     14,898,015  ( 11,288,077 rd   +  3,609,938 wr)
==20933== LLd misses:         74,246  (      2,314 rd   +     71,932 wr)
==20933== D1  miss rate:         7.9% (        8.9%     +        5.9%  )
==20933== LLd miss rate:         0.0% (        0.0%     +        0.1%  )
==20933== 
==20933== LL refs:        16,311,015  ( 12,701,077 rd   +  3,609,938 wr)
==20933== LL misses:          75,738  (      3,806 rd   +     71,932 wr)
==20933== LL miss rate:          0.0% (        0.0%     +        0.1%  )
