==25818== Cachegrind, a cache and branch-prediction profiler
==25818== Copyright (C) 2002-2017, and GNU GPL'd, by Nicholas Nethercote et al.
==25818== Using Valgrind-3.16.1 and LibVEX; rerun with -h for copyright info
==25818== Command: ./texture_synthesis .
==25818== 
--25818-- warning: L3 cache found, using its data for the LL simulation.
--25818-- warning: specified LL cache: line_size 64  assoc 11  total_size 25,952,256
--25818-- warning: simulated LL cache: line_size 64  assoc 12  total_size 25,165,824
BIP cache replacement will be used
BIP Throttle parameter is set to 0.062500
==25818== 
==25818== I   refs:      208,057,388
==25818== I1  misses:     14,253,303
==25818== LLi misses:          1,614
==25818== I1  miss rate:        6.85%
==25818== LLi miss rate:        0.00%
==25818== 
==25818== D   refs:       76,991,608  (52,726,640 rd   + 24,264,968 wr)
==25818== D1  misses:      7,836,157  ( 6,158,947 rd   +  1,677,210 wr)
==25818== LLd misses:         31,260  (     2,335 rd   +     28,925 wr)
==25818== D1  miss rate:        10.2% (      11.7%     +        6.9%  )
==25818== LLd miss rate:         0.0% (       0.0%     +        0.1%  )
==25818== 
==25818== LL refs:        22,089,460  (20,412,250 rd   +  1,677,210 wr)
==25818== LL misses:          32,874  (     3,949 rd   +     28,925 wr)
==25818== LL miss rate:          0.0% (       0.0%     +        0.1%  )
