==29309== Cachegrind, a cache and branch-prediction profiler
==29309== Copyright (C) 2002-2017, and GNU GPL'd, by Nicholas Nethercote et al.
==29309== Using Valgrind-3.16.1 and LibVEX; rerun with -h for copyright info
==29309== Command: ./kmeans-small ../datasets/yeast 1484 8 10
==29309== 
--29309-- warning: L3 cache found, using its data for the LL simulation.
--29309-- warning: specified LL cache: line_size 64  assoc 11  total_size 25,952,256
--29309-- warning: simulated LL cache: line_size 64  assoc 12  total_size 25,165,824
LIP cache replacement will be used
==29309== 
==29309== I   refs:      56,158,071
==29309== I1  misses:       112,784
==29309== LLi misses:         1,475
==29309== I1  miss rate:       0.20%
==29309== LLi miss rate:       0.00%
==29309== 
==29309== D   refs:      15,831,405  (13,089,370 rd   + 2,742,035 wr)
==29309== D1  misses:        79,562  (    71,551 rd   +     8,011 wr)
==29309== LLd misses:         4,979  (     2,162 rd   +     2,817 wr)
==29309== D1  miss rate:        0.5% (       0.5%     +       0.3%  )
==29309== LLd miss rate:        0.0% (       0.0%     +       0.1%  )
==29309== 
==29309== LL refs:          192,346  (   184,335 rd   +     8,011 wr)
==29309== LL misses:          6,454  (     3,637 rd   +     2,817 wr)
==29309== LL miss rate:         0.0% (       0.0%     +       0.1%  )
