==53298== Cachegrind, a cache and branch-prediction profiler
==53298== Copyright (C) 2002-2017, and GNU GPL'd, by Nicholas Nethercote et al.
==53298== Using Valgrind-3.16.1 and LibVEX; rerun with -h for copyright info
==53298== Command: ./rbm-small
==53298== 
--53298-- warning: L3 cache found, using its data for the LL simulation.
--53298-- warning: specified LL cache: line_size 64  assoc 11  total_size 25,952,256
--53298-- warning: simulated LL cache: line_size 64  assoc 12  total_size 25,165,824
LIP cache replacement will be used
==53298== 
==53298== I   refs:      21,565,340
==53298== I1  misses:        74,275
==53298== LLi misses:         1,468
==53298== I1  miss rate:       0.34%
==53298== LLi miss rate:       0.01%
==53298== 
==53298== D   refs:       6,380,275  (4,924,851 rd   + 1,455,424 wr)
==53298== D1  misses:       591,023  (  516,940 rd   +    74,083 wr)
==53298== LLd misses:         3,569  (    2,622 rd   +       947 wr)
==53298== D1  miss rate:        9.3% (     10.5%     +       5.1%  )
==53298== LLd miss rate:        0.1% (      0.1%     +       0.1%  )
==53298== 
==53298== LL refs:          665,298  (  591,215 rd   +    74,083 wr)
==53298== LL misses:          5,037  (    4,090 rd   +       947 wr)
==53298== LL miss rate:         0.0% (      0.0%     +       0.1%  )
