==23321== Cachegrind, a cache and branch-prediction profiler
==23321== Copyright (C) 2002-2017, and GNU GPL'd, by Nicholas Nethercote et al.
==23321== Using Valgrind-3.16.1 and LibVEX; rerun with -h for copyright info
==23321== Command: ./sift .
==23321== 
--23321-- warning: L3 cache found, using its data for the LL simulation.
--23321-- warning: specified LL cache: line_size 64  assoc 11  total_size 25,952,256
--23321-- warning: simulated LL cache: line_size 64  assoc 12  total_size 25,165,824
FIFO cache replacement will be used
==23321== brk segment overflow in thread #1: can't grow to 0x4a36000
==23321== (see section Limitations in user manual)
==23321== NOTE: further instances of this message will not be shown
==23321== 
==23321== I   refs:      1,142,732,445
==23321== I1  misses:            1,800
==23321== LLi misses:            1,796
==23321== I1  miss rate:          0.00%
==23321== LLi miss rate:          0.00%
==23321== 
==23321== D   refs:        350,629,227  (243,842,190 rd   + 106,787,037 wr)
==23321== D1  misses:        2,091,095  (  1,268,853 rd   +     822,242 wr)
==23321== LLd misses:          552,595  (     18,048 rd   +     534,547 wr)
==23321== D1  miss rate:           0.6% (        0.5%     +         0.8%  )
==23321== LLd miss rate:           0.2% (        0.0%     +         0.5%  )
==23321== 
==23321== LL refs:           2,092,895  (  1,270,653 rd   +     822,242 wr)
==23321== LL misses:           554,391  (     19,844 rd   +     534,547 wr)
==23321== LL miss rate:            0.0% (        0.0%     +         0.5%  )
