==29541== Cachegrind, a cache and branch-prediction profiler
==29541== Copyright (C) 2002-2017, and GNU GPL'd, by Nicholas Nethercote et al.
==29541== Using Valgrind-3.16.1 and LibVEX; rerun with -h for copyright info
==29541== Command: ./liblinear-tlarge data/100B/kdda
==29541== 
--29541-- warning: L3 cache found, using its data for the LL simulation.
--29541-- warning: specified LL cache: line_size 64  assoc 11  total_size 25,952,256
--29541-- warning: simulated LL cache: line_size 64  assoc 12  total_size 25,165,824
Random cache replacement will be used
==29541== 
==29541== I   refs:      111,902,758,013
==29541== I1  misses:              1,814
==29541== LLi misses:              1,806
==29541== I1  miss rate:            0.00%
==29541== LLi miss rate:            0.00%
==29541== 
==29541== D   refs:       44,061,986,476  (36,080,688,134 rd   + 7,981,298,342 wr)
==29541== D1  misses:      2,736,632,302  ( 2,730,883,320 rd   +     5,748,982 wr)
==29541== LLd misses:      2,057,259,697  ( 2,051,540,823 rd   +     5,718,874 wr)
==29541== D1  miss rate:             6.2% (           7.6%     +           0.1%  )
==29541== LLd miss rate:             4.7% (           5.7%     +           0.1%  )
==29541== 
==29541== LL refs:         2,736,634,116  ( 2,730,885,134 rd   +     5,748,982 wr)
==29541== LL misses:       2,057,261,503  ( 2,051,542,629 rd   +     5,718,874 wr)
==29541== LL miss rate:              1.3% (           1.4%     +           0.1%  )
