==33108== Cachegrind, a cache and branch-prediction profiler
==33108== Copyright (C) 2002-2017, and GNU GPL'd, by Nicholas Nethercote et al.
==33108== Using Valgrind-3.16.1 and LibVEX; rerun with -h for copyright info
==33108== Command: ./spc-small ../datasets/R15 600 2 15 0.707 1 2
==33108== 
--33108-- warning: L3 cache found, using its data for the LL simulation.
--33108-- warning: specified LL cache: line_size 64  assoc 11  total_size 25,952,256
--33108-- warning: simulated LL cache: line_size 64  assoc 12  total_size 25,165,824
Random cache replacement will be used
==33108== 
==33108== I   refs:      217,405
==33108== I1  misses:      1,094
==33108== LLi misses:      1,090
==33108== I1  miss rate:    0.50%
==33108== LLi miss rate:    0.50%
==33108== 
==33108== D   refs:       69,324  (54,846 rd   + 14,478 wr)
==33108== D1  misses:      2,798  ( 2,192 rd   +    606 wr)
==33108== LLd misses:      2,784  ( 2,178 rd   +    606 wr)
==33108== D1  miss rate:     4.0% (   4.0%     +    4.2%  )
==33108== LLd miss rate:     4.0% (   4.0%     +    4.2%  )
==33108== 
==33108== LL refs:         3,892  ( 3,286 rd   +    606 wr)
==33108== LL misses:       3,874  ( 3,268 rd   +    606 wr)
==33108== LL miss rate:      1.4% (   1.2%     +    4.2%  )
