==23571== Cachegrind, a cache and branch-prediction profiler
==23571== Copyright (C) 2002-2017, and GNU GPL'd, by Nicholas Nethercote et al.
==23571== Using Valgrind-3.16.1 and LibVEX; rerun with -h for copyright info
==23571== Command: ./pca-small small.data 1593 256 R
==23571== 
--23571-- warning: L3 cache found, using its data for the LL simulation.
--23571-- warning: specified LL cache: line_size 64  assoc 11  total_size 25,952,256
--23571-- warning: simulated LL cache: line_size 64  assoc 12  total_size 25,165,824
Random cache replacement will be used
==23571== 
==23571== I   refs:      1,489,669,036
==23571== I1  misses:            1,767
==23571== LLi misses:            1,615
==23571== I1  miss rate:          0.00%
==23571== LLi miss rate:          0.00%
==23571== 
==23571== D   refs:        597,905,985  (426,153,026 rd   + 171,752,959 wr)
==23571== D1  misses:      107,009,466  (106,813,835 rd   +     195,631 wr)
==23571== LLd misses:           37,684  (      2,470 rd   +      35,214 wr)
==23571== D1  miss rate:          17.9% (       25.1%     +         0.1%  )
==23571== LLd miss rate:           0.0% (        0.0%     +         0.0%  )
==23571== 
==23571== LL refs:         107,011,233  (106,815,602 rd   +     195,631 wr)
==23571== LL misses:            39,299  (      4,085 rd   +      35,214 wr)
==23571== LL miss rate:            0.0% (        0.0%     +         0.0%  )
