==11083== Cachegrind, a cache and branch-prediction profiler
==11083== Copyright (C) 2002-2017, and GNU GPL'd, by Nicholas Nethercote et al.
==11083== Using Valgrind-3.16.1 and LibVEX; rerun with -h for copyright info
==11083== Command: ./pca-large large.data 5000 1059 R
==11083== 
--11083-- warning: L3 cache found, using its data for the LL simulation.
--11083-- warning: specified LL cache: line_size 64  assoc 11  total_size 25,952,256
--11083-- warning: simulated LL cache: line_size 64  assoc 12  total_size 25,165,824
LIP cache replacement will be used
==11083== brk segment overflow in thread #1: can't grow to 0x4a35000
==11083== (see section Limitations in user manual)
==11083== NOTE: further instances of this message will not be shown
==11083== 
==11083== I   refs:      71,275,145,790
==11083== I1  misses:             1,643
==11083== LLi misses:             1,639
==11083== I1  miss rate:           0.00%
==11083== LLi miss rate:           0.00%
==11083== 
==11083== D   refs:      28,625,035,458  (20,878,881,310 rd   + 7,746,154,148 wr)
==11083== D1  misses:     7,537,927,084  ( 7,535,780,590 rd   +     2,146,494 wr)
==11083== LLd misses:     3,316,361,401  ( 3,315,095,498 rd   +     1,265,903 wr)
==11083== D1  miss rate:           26.3% (          36.1%     +           0.0%  )
==11083== LLd miss rate:           11.6% (          15.9%     +           0.0%  )
==11083== 
==11083== LL refs:        7,537,928,727  ( 7,535,782,233 rd   +     2,146,494 wr)
==11083== LL misses:      3,316,363,040  ( 3,315,097,137 rd   +     1,265,903 wr)
==11083== LL miss rate:             3.3% (           3.6%     +           0.0%  )
