==37325== Cachegrind, a cache and branch-prediction profiler
==37325== Copyright (C) 2002-2017, and GNU GPL'd, by Nicholas Nethercote et al.
==37325== Using Valgrind-3.16.1 and LibVEX; rerun with -h for copyright info
==37325== Command: ./disparity .
==37325== 
--37325-- warning: L3 cache found, using its data for the LL simulation.
--37325-- warning: specified LL cache: line_size 64  assoc 11  total_size 25,952,256
--37325-- warning: simulated LL cache: line_size 64  assoc 12  total_size 25,165,824
Random cache replacement will be used
==37325== 
==37325== I   refs:      126,238,856
==37325== I1  misses:         53,755
==37325== LLi misses:          1,520
==37325== I1  miss rate:        0.04%
==37325== LLi miss rate:        0.00%
==37325== 
==37325== D   refs:       50,959,901  (34,248,434 rd   + 16,711,467 wr)
==37325== D1  misses:      4,262,150  ( 2,610,295 rd   +  1,651,855 wr)
==37325== LLd misses:         20,653  (     2,263 rd   +     18,390 wr)
==37325== D1  miss rate:         8.4% (       7.6%     +        9.9%  )
==37325== LLd miss rate:         0.0% (       0.0%     +        0.1%  )
==37325== 
==37325== LL refs:         4,315,905  ( 2,664,050 rd   +  1,651,855 wr)
==37325== LL misses:          22,173  (     3,783 rd   +     18,390 wr)
==37325== LL miss rate:          0.0% (       0.0%     +        0.1%  )
