==37674== Cachegrind, a cache and branch-prediction profiler
==37674== Copyright (C) 2002-2017, and GNU GPL'd, by Nicholas Nethercote et al.
==37674== Using Valgrind-3.16.1 and LibVEX; rerun with -h for copyright info
==37674== Command: ./multi_ncut .
==37674== 
--37674-- warning: L3 cache found, using its data for the LL simulation.
--37674-- warning: specified LL cache: line_size 64  assoc 11  total_size 25,952,256
--37674-- warning: simulated LL cache: line_size 64  assoc 12  total_size 25,165,824
FIFO cache replacement will be used
==37674== 
==37674== I   refs:      820,995,043,191
==37674== I1  misses:              2,598
==37674== LLi misses:              1,531
==37674== I1  miss rate:            0.00%
==37674== LLi miss rate:            0.00%
==37674== 
==37674== D   refs:      136,867,775,941  (136,842,647,930 rd   + 25,128,011 wr)
==37674== D1  misses:     17,104,155,144  ( 17,102,596,494 rd   +  1,558,650 wr)
==37674== LLd misses:            193,780  (          2,260 rd   +    191,520 wr)
==37674== D1  miss rate:            12.5% (           12.5%     +        6.2%  )
==37674== LLd miss rate:             0.0% (            0.0%     +        0.8%  )
==37674== 
==37674== LL refs:        17,104,157,742  ( 17,102,599,092 rd   +  1,558,650 wr)
==37674== LL misses:             195,311  (          3,791 rd   +    191,520 wr)
==37674== LL miss rate:              0.0% (            0.0%     +        0.8%  )
