==30449== Cachegrind, a cache and branch-prediction profiler
==30449== Copyright (C) 2002-2017, and GNU GPL'd, by Nicholas Nethercote et al.
==30449== Using Valgrind-3.16.1 and LibVEX; rerun with -h for copyright info
==30449== Command: ./liblinear-tmedium data/10B/epsilon
==30449== 
--30449-- warning: L3 cache found, using its data for the LL simulation.
--30449-- warning: specified LL cache: line_size 64  assoc 11  total_size 25,952,256
--30449-- warning: simulated LL cache: line_size 64  assoc 12  total_size 25,165,824
LIP cache replacement will be used
==30449== 
==30449== I   refs:      19,285,289,582
==30449== I1  misses:       691,703,443
==30449== LLi misses:             2,228
==30449== I1  miss rate:           3.59%
==30449== LLi miss rate:           0.00%
==30449== 
==30449== D   refs:       5,666,485,978  (3,947,048,633 rd   + 1,719,437,345 wr)
==30449== D1  misses:       171,877,683  (  160,070,139 rd   +    11,807,544 wr)
==30449== LLd misses:        39,883,745  (   36,749,239 rd   +     3,134,506 wr)
==30449== D1  miss rate:            3.0% (          4.1%     +           0.7%  )
==30449== LLd miss rate:            0.7% (          0.9%     +           0.2%  )
==30449== 
==30449== LL refs:          863,581,126  (  851,773,582 rd   +    11,807,544 wr)
==30449== LL misses:         39,885,973  (   36,751,467 rd   +     3,134,506 wr)
==30449== LL miss rate:             0.2% (          0.2%     +           0.2%  )
