==24882== Cachegrind, a cache and branch-prediction profiler
==24882== Copyright (C) 2002-2017, and GNU GPL'd, by Nicholas Nethercote et al.
==24882== Using Valgrind-3.16.1 and LibVEX; rerun with -h for copyright info
==24882== Command: ./spc-medium ../datasets/Aggregation 788 2 7 0.707 1
==24882== 
--24882-- warning: L3 cache found, using its data for the LL simulation.
--24882-- warning: specified LL cache: line_size 64  assoc 11  total_size 25,952,256
--24882-- warning: simulated LL cache: line_size 64  assoc 12  total_size 25,165,824
BIP cache replacement will be used
BIP Throttle parameter is set to 0.015625
==24882== 
==24882== I   refs:      11,307,967,443
==24882== I1  misses:             1,936
==24882== LLi misses:             1,791
==24882== I1  miss rate:           0.00%
==24882== LLi miss rate:           0.00%
==24882== 
==24882== D   refs:       4,030,824,679  (2,697,589,568 rd   + 1,333,235,111 wr)
==24882== D1  misses:       100,293,002  (   99,840,685 rd   +       452,317 wr)
==24882== LLd misses:           642,787  (      560,115 rd   +        82,672 wr)
==24882== D1  miss rate:            2.5% (          3.7%     +           0.0%  )
==24882== LLd miss rate:            0.0% (          0.0%     +           0.0%  )
==24882== 
==24882== LL refs:          100,294,938  (   99,842,621 rd   +       452,317 wr)
==24882== LL misses:            644,578  (      561,906 rd   +        82,672 wr)
==24882== LL miss rate:             0.0% (          0.0%     +           0.0%  )
