==20296== Cachegrind, a cache and branch-prediction profiler
==20296== Copyright (C) 2002-2017, and GNU GPL'd, by Nicholas Nethercote et al.
==20296== Using Valgrind-3.16.1 and LibVEX; rerun with -h for copyright info
==20296== Command: ./mser .
==20296== 
--20296-- warning: L3 cache found, using its data for the LL simulation.
--20296-- warning: specified LL cache: line_size 64  assoc 11  total_size 25,952,256
--20296-- warning: simulated LL cache: line_size 64  assoc 12  total_size 25,165,824
BIP cache replacement will be used
BIP Throttle parameter is set to 0.015625
==20296== 
==20296== I   refs:      157,426,181
==20296== I1  misses:          1,498
==20296== LLi misses:          1,493
==20296== I1  miss rate:        0.00%
==20296== LLi miss rate:        0.00%
==20296== 
==20296== D   refs:       59,523,784  (40,510,721 rd   + 19,013,063 wr)
==20296== D1  misses:        591,705  (   466,296 rd   +    125,409 wr)
==20296== LLd misses:        102,312  (    32,633 rd   +     69,679 wr)
==20296== D1  miss rate:         1.0% (       1.2%     +        0.7%  )
==20296== LLd miss rate:         0.2% (       0.1%     +        0.4%  )
==20296== 
==20296== LL refs:           593,203  (   467,794 rd   +    125,409 wr)
==20296== LL misses:         103,805  (    34,126 rd   +     69,679 wr)
==20296== LL miss rate:          0.0% (       0.0%     +        0.4%  )
