==44910== Cachegrind, a cache and branch-prediction profiler
==44910== Copyright (C) 2002-2017, and GNU GPL'd, by Nicholas Nethercote et al.
==44910== Using Valgrind-3.16.1 and LibVEX; rerun with -h for copyright info
==44910== Command: ./me-medium
==44910== 
--44910-- warning: L3 cache found, using its data for the LL simulation.
--44910-- warning: specified LL cache: line_size 64  assoc 11  total_size 25,952,256
--44910-- warning: simulated LL cache: line_size 64  assoc 12  total_size 25,165,824
LIP cache replacement will be used
==44910== brk segment overflow in thread #1: can't grow to 0x4a36000
==44910== (see section Limitations in user manual)
==44910== NOTE: further instances of this message will not be shown
==44910== 
==44910== I   refs:      582,717,344
==44910== I1  misses:          3,003
==44910== LLi misses:          1,543
==44910== I1  miss rate:        0.00%
==44910== LLi miss rate:        0.00%
==44910== 
==44910== D   refs:      104,638,589  (94,724,833 rd   + 9,913,756 wr)
==44910== D1  misses:        572,922  (   324,756 rd   +   248,166 wr)
==44910== LLd misses:        156,497  (     2,902 rd   +   153,595 wr)
==44910== D1  miss rate:         0.5% (       0.3%     +       2.5%  )
==44910== LLd miss rate:         0.1% (       0.0%     +       1.5%  )
==44910== 
==44910== LL refs:           575,925  (   327,759 rd   +   248,166 wr)
==44910== LL misses:         158,040  (     4,445 rd   +   153,595 wr)
==44910== LL miss rate:          0.0% (       0.0%     +       1.5%  )
