==23037== Cachegrind, a cache and branch-prediction profiler
==23037== Copyright (C) 2002-2017, and GNU GPL'd, by Nicholas Nethercote et al.
==23037== Using Valgrind-3.16.1 and LibVEX; rerun with -h for copyright info
==23037== Command: ./liblinear-tsmall data/100M/crime_scale
==23037== 
--23037-- warning: L3 cache found, using its data for the LL simulation.
--23037-- warning: specified LL cache: line_size 64  assoc 11  total_size 25,952,256
--23037-- warning: simulated LL cache: line_size 64  assoc 12  total_size 25,165,824
BIP cache replacement will be used
BIP Throttle parameter is set to 0.062500
==23037== 
==23037== I   refs:      475,760,835
==23037== I1  misses:          2,053
==23037== LLi misses:          1,914
==23037== I1  miss rate:        0.00%
==23037== LLi miss rate:        0.00%
==23037== 
==23037== D   refs:      169,726,987  (132,316,278 rd   + 37,410,709 wr)
==23037== D1  misses:      4,525,171  (  4,459,579 rd   +     65,592 wr)
==23037== LLd misses:        180,692  (    116,977 rd   +     63,715 wr)
==23037== D1  miss rate:         2.7% (        3.4%     +        0.2%  )
==23037== LLd miss rate:         0.1% (        0.1%     +        0.2%  )
==23037== 
==23037== LL refs:         4,527,224  (  4,461,632 rd   +     65,592 wr)
==23037== LL misses:         182,606  (    118,891 rd   +     63,715 wr)
==23037== LL miss rate:          0.0% (        0.0%     +        0.2%  )
