==45741== Cachegrind, a cache and branch-prediction profiler
==45741== Copyright (C) 2002-2017, and GNU GPL'd, by Nicholas Nethercote et al.
==45741== Using Valgrind-3.16.1 and LibVEX; rerun with -h for copyright info
==45741== Command: ./me-medium
==45741== 
--45741-- warning: L3 cache found, using its data for the LL simulation.
--45741-- warning: specified LL cache: line_size 64  assoc 11  total_size 25,952,256
--45741-- warning: simulated LL cache: line_size 64  assoc 12  total_size 25,165,824
BIP cache replacement will be used
BIP Throttle parameter is set to 0.031250
==45741== brk segment overflow in thread #1: can't grow to 0x4a36000
==45741== (see section Limitations in user manual)
==45741== NOTE: further instances of this message will not be shown
==45741== 
==45741== I   refs:      582,717,320
==45741== I1  misses:          1,553
==45741== LLi misses:          1,474
==45741== I1  miss rate:        0.00%
==45741== LLi miss rate:        0.00%
==45741== 
==45741== D   refs:      104,638,585  (94,724,831 rd   + 9,913,754 wr)
==45741== D1  misses:        806,934  (   549,457 rd   +   257,477 wr)
==45741== LLd misses:        156,453  (     2,875 rd   +   153,578 wr)
==45741== D1  miss rate:         0.8% (       0.6%     +       2.6%  )
==45741== LLd miss rate:         0.1% (       0.0%     +       1.5%  )
==45741== 
==45741== LL refs:           808,487  (   551,010 rd   +   257,477 wr)
==45741== LL misses:         157,927  (     4,349 rd   +   153,578 wr)
==45741== LL miss rate:          0.0% (       0.0%     +       1.5%  )
