==20031== Cachegrind, a cache and branch-prediction profiler
==20031== Copyright (C) 2002-2017, and GNU GPL'd, by Nicholas Nethercote et al.
==20031== Using Valgrind-3.16.1 and LibVEX; rerun with -h for copyright info
==20031== Command: ./srr-large
==20031== 
--20031-- warning: L3 cache found, using its data for the LL simulation.
--20031-- warning: specified LL cache: line_size 64  assoc 11  total_size 25,952,256
--20031-- warning: simulated LL cache: line_size 64  assoc 12  total_size 25,165,824
LIP cache replacement will be used
==20031== brk segment overflow in thread #1: can't grow to 0x4a4b000
==20031== (see section Limitations in user manual)
==20031== NOTE: further instances of this message will not be shown
==20031== 
==20031== I   refs:      919,217,731,547
==20031== I1  misses:              1,560
==20031== LLi misses:              1,557
==20031== I1  miss rate:            0.00%
==20031== LLi miss rate:            0.00%
==20031== 
==20031== D   refs:      356,699,040,282  (240,279,389,403 rd   + 116,419,650,879 wr)
==20031== D1  misses:        217,800,139  (    210,320,332 rd   +       7,479,807 wr)
==20031== LLd misses:        170,734,087  (    166,294,679 rd   +       4,439,408 wr)
==20031== D1  miss rate:             0.1% (            0.1%     +             0.0%  )
==20031== LLd miss rate:             0.0% (            0.1%     +             0.0%  )
==20031== 
==20031== LL refs:           217,801,699  (    210,321,892 rd   +       7,479,807 wr)
==20031== LL misses:         170,735,644  (    166,296,236 rd   +       4,439,408 wr)
==20031== LL miss rate:              0.0% (            0.0%     +             0.0%  )
