==30571== Cachegrind, a cache and branch-prediction profiler
==30571== Copyright (C) 2002-2017, and GNU GPL'd, by Nicholas Nethercote et al.
==30571== Using Valgrind-3.16.1 and LibVEX; rerun with -h for copyright info
==30571== Command: ./liblinear-tmedium data/10B/epsilon
==30571== 
--30571-- warning: L3 cache found, using its data for the LL simulation.
--30571-- warning: specified LL cache: line_size 64  assoc 11  total_size 25,952,256
--30571-- warning: simulated LL cache: line_size 64  assoc 12  total_size 25,165,824
LIP cache replacement will be used
==30571== 
==30571== I   refs:      19,285,289,582
==30571== I1  misses:             1,833
==30571== LLi misses:             1,829
==30571== I1  miss rate:           0.00%
==30571== LLi miss rate:           0.00%
==30571== 
==30571== D   refs:       5,666,485,978  (3,947,048,633 rd   + 1,719,437,345 wr)
==30571== D1  misses:        40,367,759  (   37,233,235 rd   +     3,134,524 wr)
==30571== LLd misses:        40,367,757  (   37,233,233 rd   +     3,134,524 wr)
==30571== D1  miss rate:            0.7% (          0.9%     +           0.2%  )
==30571== LLd miss rate:            0.7% (          0.9%     +           0.2%  )
==30571== 
==30571== LL refs:           40,369,592  (   37,235,068 rd   +     3,134,524 wr)
==30571== LL misses:         40,369,586  (   37,235,062 rd   +     3,134,524 wr)
==30571== LL miss rate:             0.2% (          0.2%     +           0.2%  )
