==25773== Cachegrind, a cache and branch-prediction profiler
==25773== Copyright (C) 2002-2017, and GNU GPL'd, by Nicholas Nethercote et al.
==25773== Using Valgrind-3.16.1 and LibVEX; rerun with -h for copyright info
==25773== Command: ./sift .
==25773== 
--25773-- warning: L3 cache found, using its data for the LL simulation.
--25773-- warning: specified LL cache: line_size 64  assoc 11  total_size 25,952,256
--25773-- warning: simulated LL cache: line_size 64  assoc 12  total_size 25,165,824
Random cache replacement will be used
==25773== 
==25773== I   refs:      288,804,909
==25773== I1  misses:         18,559
==25773== LLi misses:          1,916
==25773== I1  miss rate:        0.01%
==25773== LLi miss rate:        0.00%
==25773== 
==25773== D   refs:       87,842,242  (61,419,191 rd   + 26,423,051 wr)
==25773== D1  misses:      1,747,665  ( 1,537,421 rd   +    210,244 wr)
==25773== LLd misses:        165,354  (     9,728 rd   +    155,626 wr)
==25773== D1  miss rate:         2.0% (       2.5%     +        0.8%  )
==25773== LLd miss rate:         0.2% (       0.0%     +        0.6%  )
==25773== 
==25773== LL refs:         1,766,224  ( 1,555,980 rd   +    210,244 wr)
==25773== LL misses:         167,270  (    11,644 rd   +    155,626 wr)
==25773== LL miss rate:          0.0% (       0.0%     +        0.6%  )
