==37317== Cachegrind, a cache and branch-prediction profiler
==37317== Copyright (C) 2002-2017, and GNU GPL'd, by Nicholas Nethercote et al.
==37317== Using Valgrind-3.16.1 and LibVEX; rerun with -h for copyright info
==37317== Command: ./disparity .
==37317== 
--37317-- warning: L3 cache found, using its data for the LL simulation.
--37317-- warning: specified LL cache: line_size 64  assoc 11  total_size 25,952,256
--37317-- warning: simulated LL cache: line_size 64  assoc 12  total_size 25,165,824
Random cache replacement will be used
==37317== 
==37317== I   refs:      126,238,844
==37317== I1  misses:          3,071
==37317== LLi misses:          1,520
==37317== I1  miss rate:        0.00%
==37317== LLi miss rate:        0.00%
==37317== 
==37317== D   refs:       50,959,899  (34,248,433 rd   + 16,711,466 wr)
==37317== D1  misses:      5,683,629  ( 3,518,912 rd   +  2,164,717 wr)
==37317== LLd misses:         20,648  (     2,257 rd   +     18,391 wr)
==37317== D1  miss rate:        11.2% (      10.3%     +       13.0%  )
==37317== LLd miss rate:         0.0% (       0.0%     +        0.1%  )
==37317== 
==37317== LL refs:         5,686,700  ( 3,521,983 rd   +  2,164,717 wr)
==37317== LL misses:          22,168  (     3,777 rd   +     18,391 wr)
==37317== LL miss rate:          0.0% (       0.0%     +        0.1%  )
