==37137== Cachegrind, a cache and branch-prediction profiler
==37137== Copyright (C) 2002-2017, and GNU GPL'd, by Nicholas Nethercote et al.
==37137== Using Valgrind-3.16.1 and LibVEX; rerun with -h for copyright info
==37137== Command: ./lda-small est .1 3 settings.txt small/small_data.dat random small/result
==37137== 
--37137-- warning: L3 cache found, using its data for the LL simulation.
--37137-- warning: specified LL cache: line_size 64  assoc 11  total_size 25,952,256
--37137-- warning: simulated LL cache: line_size 64  assoc 12  total_size 25,165,824
BIP cache replacement will be used
BIP Throttle parameter is set to 0.031250
==37137== 
==37137== I   refs:      27,592,875,320
==37137== I1  misses:             2,175
==37137== LLi misses:             2,155
==37137== I1  miss rate:           0.00%
==37137== LLi miss rate:           0.00%
==37137== 
==37137== D   refs:      10,447,402,480  (7,913,411,085 rd   + 2,533,991,395 wr)
==37137== D1  misses:           194,724  (      172,754 rd   +        21,970 wr)
==37137== LLd misses:            16,059  (        2,992 rd   +        13,067 wr)
==37137== D1  miss rate:            0.0% (          0.0%     +           0.0%  )
==37137== LLd miss rate:            0.0% (          0.0%     +           0.0%  )
==37137== 
==37137== LL refs:              196,899  (      174,929 rd   +        21,970 wr)
==37137== LL misses:             18,214  (        5,147 rd   +        13,067 wr)
==37137== LL miss rate:             0.0% (          0.0%     +           0.0%  )
