==23721== Cachegrind, a cache and branch-prediction profiler
==23721== Copyright (C) 2002-2017, and GNU GPL'd, by Nicholas Nethercote et al.
==23721== Using Valgrind-3.16.1 and LibVEX; rerun with -h for copyright info
==23721== Command: ./rbm-large
==23721== 
--23721-- warning: L3 cache found, using its data for the LL simulation.
--23721-- warning: specified LL cache: line_size 64  assoc 11  total_size 25,952,256
--23721-- warning: simulated LL cache: line_size 64  assoc 12  total_size 25,165,824
LRU cache replacement will be used
==23721== 
==23721== I   refs:      119,675,764,706
==23721== I1  misses:              1,476
==23721== LLi misses:              1,471
==23721== I1  miss rate:            0.00%
==23721== LLi miss rate:            0.00%
==23721== 
==23721== D   refs:       35,861,912,595  (27,106,383,035 rd   + 8,755,529,560 wr)
==23721== D1  misses:        584,281,585  (   392,405,623 rd   +   191,875,962 wr)
==23721== LLd misses:             45,488  (        21,907 rd   +        23,581 wr)
==23721== D1  miss rate:             1.6% (           1.4%     +           2.2%  )
==23721== LLd miss rate:             0.0% (           0.0%     +           0.0%  )
==23721== 
==23721== LL refs:           584,283,061  (   392,407,099 rd   +   191,875,962 wr)
==23721== LL misses:              46,959  (        23,378 rd   +        23,581 wr)
==23721== LL miss rate:              0.0% (           0.0%     +           0.0%  )
