==20298== Cachegrind, a cache and branch-prediction profiler
==20298== Copyright (C) 2002-2017, and GNU GPL'd, by Nicholas Nethercote et al.
==20298== Using Valgrind-3.16.1 and LibVEX; rerun with -h for copyright info
==20298== Command: ./srr-large
==20298== 
--20298-- warning: L3 cache found, using its data for the LL simulation.
--20298-- warning: specified LL cache: line_size 64  assoc 11  total_size 25,952,256
--20298-- warning: simulated LL cache: line_size 64  assoc 12  total_size 25,165,824
FIFO cache replacement will be used
==20298== brk segment overflow in thread #1: can't grow to 0x4a4b000
==20298== (see section Limitations in user manual)
==20298== NOTE: further instances of this message will not be shown
==20298== 
==20298== I   refs:      919,217,731,547
==20298== I1  misses:              1,787
==20298== LLi misses:              1,564
==20298== I1  miss rate:            0.00%
==20298== LLi miss rate:            0.00%
==20298== 
==20298== D   refs:      356,699,040,282  (240,279,389,403 rd   + 116,419,650,879 wr)
==20298== D1  misses:      3,290,819,441  (  3,204,023,744 rd   +      86,795,697 wr)
==20298== LLd misses:            402,488  (          2,554 rd   +         399,934 wr)
==20298== D1  miss rate:             0.9% (            1.3%     +             0.1%  )
==20298== LLd miss rate:             0.0% (            0.0%     +             0.0%  )
==20298== 
==20298== LL refs:         3,290,821,228  (  3,204,025,531 rd   +      86,795,697 wr)
==20298== LL misses:             404,052  (          4,118 rd   +         399,934 wr)
==20298== LL miss rate:              0.0% (            0.0%     +             0.0%  )
