==59660== Cachegrind, a cache and branch-prediction profiler
==59660== Copyright (C) 2002-2017, and GNU GPL'd, by Nicholas Nethercote et al.
==59660== Using Valgrind-3.16.1 and LibVEX; rerun with -h for copyright info
==59660== Command: ./me-large
==59660== 
--59660-- warning: L3 cache found, using its data for the LL simulation.
--59660-- warning: specified LL cache: line_size 64  assoc 11  total_size 25,952,256
--59660-- warning: simulated LL cache: line_size 64  assoc 12  total_size 25,165,824
Random cache replacement will be used
==59660== brk segment overflow in thread #1: can't grow to 0x4a4b000
==59660== (see section Limitations in user manual)
==59660== NOTE: further instances of this message will not be shown
==59660== 
==59660== I   refs:      7,528,529,082
==59660== I1  misses:            1,634
==59660== LLi misses:            1,512
==59660== I1  miss rate:          0.00%
==59660== LLi miss rate:          0.00%
==59660== 
==59660== D   refs:      1,825,539,721  (1,535,870,322 rd   + 289,669,399 wr)
==59660== D1  misses:        2,706,809  (    1,122,703 rd   +   1,584,106 wr)
==59660== LLd misses:        1,295,787  (      163,150 rd   +   1,132,637 wr)
==59660== D1  miss rate:           0.1% (          0.1%     +         0.5%  )
==59660== LLd miss rate:           0.1% (          0.0%     +         0.4%  )
==59660== 
==59660== LL refs:           2,708,443  (    1,124,337 rd   +   1,584,106 wr)
==59660== LL misses:         1,297,299  (      164,662 rd   +   1,132,637 wr)
==59660== LL miss rate:            0.0% (          0.0%     +         0.4%  )
