==36715== Cachegrind, a cache and branch-prediction profiler
==36715== Copyright (C) 2002-2017, and GNU GPL'd, by Nicholas Nethercote et al.
==36715== Using Valgrind-3.16.1 and LibVEX; rerun with -h for copyright info
==36715== Command: ./mser .
==36715== 
--36715-- warning: L3 cache found, using its data for the LL simulation.
--36715-- warning: specified LL cache: line_size 64  assoc 11  total_size 25,952,256
--36715-- warning: simulated LL cache: line_size 64  assoc 12  total_size 25,165,824
BIP cache replacement will be used
BIP Throttle parameter is set to 0.031250
==36715== 
==36715== I   refs:      39,996,112
==36715== I1  misses:         1,520
==36715== LLi misses:         1,514
==36715== I1  miss rate:       0.00%
==36715== LLi miss rate:       0.00%
==36715== 
==36715== D   refs:      15,054,678  (10,245,445 rd   + 4,809,233 wr)
==36715== D1  misses:        88,395  (    66,226 rd   +    22,169 wr)
==36715== LLd misses:        25,922  (     7,609 rd   +    18,313 wr)
==36715== D1  miss rate:        0.6% (       0.6%     +       0.5%  )
==36715== LLd miss rate:        0.2% (       0.1%     +       0.4%  )
==36715== 
==36715== LL refs:           89,915  (    67,746 rd   +    22,169 wr)
==36715== LL misses:         27,436  (     9,123 rd   +    18,313 wr)
==36715== LL miss rate:         0.0% (       0.0%     +       0.4%  )
