==58223== Cachegrind, a cache and branch-prediction profiler
==58223== Copyright (C) 2002-2017, and GNU GPL'd, by Nicholas Nethercote et al.
==58223== Using Valgrind-3.16.1 and LibVEX; rerun with -h for copyright info
==58223== Command: ./disparity .
==58223== 
--58223-- warning: L3 cache found, using its data for the LL simulation.
--58223-- warning: specified LL cache: line_size 64  assoc 11  total_size 25,952,256
--58223-- warning: simulated LL cache: line_size 64  assoc 12  total_size 25,165,824
FIFO cache replacement will be used
==58223== 
==58223== I   refs:      1,281,749,261
==58223== I1  misses:            1,510
==58223== LLi misses:            1,506
==58223== I1  miss rate:          0.00%
==58223== LLi miss rate:          0.00%
==58223== 
==58223== D   refs:        519,593,902  (348,916,421 rd   + 170,677,481 wr)
==58223== D1  misses:        1,683,542  (    895,873 rd   +     787,669 wr)
==58223== LLd misses:          199,325  (      2,314 rd   +     197,011 wr)
==58223== D1  miss rate:           0.3% (        0.3%     +         0.5%  )
==58223== LLd miss rate:           0.0% (        0.0%     +         0.1%  )
==58223== 
==58223== LL refs:           1,685,052  (    897,383 rd   +     787,669 wr)
==58223== LL misses:           200,831  (      3,820 rd   +     197,011 wr)
==58223== LL miss rate:            0.0% (        0.0%     +         0.1%  )
