==43877== Cachegrind, a cache and branch-prediction profiler
==43877== Copyright (C) 2002-2017, and GNU GPL'd, by Nicholas Nethercote et al.
==43877== Using Valgrind-3.16.1 and LibVEX; rerun with -h for copyright info
==43877== Command: ./me-large
==43877== 
--43877-- warning: L3 cache found, using its data for the LL simulation.
--43877-- warning: specified LL cache: line_size 64  assoc 11  total_size 25,952,256
--43877-- warning: simulated LL cache: line_size 64  assoc 12  total_size 25,165,824
Random cache replacement will be used
==43877== brk segment overflow in thread #1: can't grow to 0x4a4b000
==43877== (see section Limitations in user manual)
==43877== NOTE: further instances of this message will not be shown
==43877== 
==43877== I   refs:      7,528,529,086
==43877== I1  misses:            2,121
==43877== LLi misses:            1,609
==43877== I1  miss rate:          0.00%
==43877== LLi miss rate:          0.00%
==43877== 
==43877== D   refs:      1,825,539,723  (1,535,870,323 rd   + 289,669,400 wr)
==43877== D1  misses:        3,123,398  (    1,473,621 rd   +   1,649,777 wr)
==43877== LLd misses:        1,294,242  (      162,457 rd   +   1,131,785 wr)
==43877== D1  miss rate:           0.2% (          0.1%     +         0.6%  )
==43877== LLd miss rate:           0.1% (          0.0%     +         0.4%  )
==43877== 
==43877== LL refs:           3,125,519  (    1,475,742 rd   +   1,649,777 wr)
==43877== LL misses:         1,295,851  (      164,066 rd   +   1,131,785 wr)
==43877== LL miss rate:            0.0% (          0.0%     +         0.4%  )
