==62053== Cachegrind, a cache and branch-prediction profiler
==62053== Copyright (C) 2002-2017, and GNU GPL'd, by Nicholas Nethercote et al.
==62053== Using Valgrind-3.16.1 and LibVEX; rerun with -h for copyright info
==62053== Command: ./sift .
==62053== 
--62053-- warning: L3 cache found, using its data for the LL simulation.
--62053-- warning: specified LL cache: line_size 64  assoc 11  total_size 25,952,256
--62053-- warning: simulated LL cache: line_size 64  assoc 12  total_size 25,165,824
BIP cache replacement will be used
BIP Throttle parameter is set to 0.062500
==62053== brk segment overflow in thread #1: can't grow to 0x5419000
==62053== (see section Limitations in user manual)
==62053== NOTE: further instances of this message will not be shown
==62053== 
==62053== I   refs:      16,043,915,040
==62053== I1  misses:             1,828
==62053== LLi misses:             1,822
==62053== I1  miss rate:           0.00%
==62053== LLi miss rate:           0.00%
==62053== 
==62053== D   refs:       4,941,072,985  (3,428,287,658 rd   + 1,512,785,327 wr)
==62053== D1  misses:        35,499,205  (   18,999,742 rd   +    16,499,463 wr)
==62053== LLd misses:        26,363,765  (   15,371,051 rd   +    10,992,714 wr)
==62053== D1  miss rate:            0.7% (          0.6%     +           1.1%  )
==62053== LLd miss rate:            0.5% (          0.4%     +           0.7%  )
==62053== 
==62053== LL refs:           35,501,033  (   19,001,570 rd   +    16,499,463 wr)
==62053== LL misses:         26,365,587  (   15,372,873 rd   +    10,992,714 wr)
==62053== LL miss rate:             0.1% (          0.1%     +           0.7%  )
