==60202== Cachegrind, a cache and branch-prediction profiler
==60202== Copyright (C) 2002-2017, and GNU GPL'd, by Nicholas Nethercote et al.
==60202== Using Valgrind-3.16.1 and LibVEX; rerun with -h for copyright info
==60202== Command: ./me-large
==60202== 
--60202-- warning: L3 cache found, using its data for the LL simulation.
--60202-- warning: specified LL cache: line_size 64  assoc 11  total_size 25,952,256
--60202-- warning: simulated LL cache: line_size 64  assoc 12  total_size 25,165,824
BIP cache replacement will be used
BIP Throttle parameter is set to 0.031250
==60202== brk segment overflow in thread #1: can't grow to 0x4a4b000
==60202== (see section Limitations in user manual)
==60202== NOTE: further instances of this message will not be shown
==60202== 
==60202== I   refs:      7,528,529,082
==60202== I1  misses:            1,499
==60202== LLi misses:            1,496
==60202== I1  miss rate:          0.00%
==60202== LLi miss rate:          0.00%
==60202== 
==60202== D   refs:      1,825,539,721  (1,535,870,322 rd   + 289,669,399 wr)
==60202== D1  misses:        1,595,159  (      335,520 rd   +   1,259,639 wr)
==60202== LLd misses:        1,543,886  (      289,852 rd   +   1,254,034 wr)
==60202== D1  miss rate:           0.1% (          0.0%     +         0.4%  )
==60202== LLd miss rate:           0.1% (          0.0%     +         0.4%  )
==60202== 
==60202== LL refs:           1,596,658  (      337,019 rd   +   1,259,639 wr)
==60202== LL misses:         1,545,382  (      291,348 rd   +   1,254,034 wr)
==60202== LL miss rate:            0.0% (          0.0%     +         0.4%  )
