==37635== Cachegrind, a cache and branch-prediction profiler
==37635== Copyright (C) 2002-2017, and GNU GPL'd, by Nicholas Nethercote et al.
==37635== Using Valgrind-3.16.1 and LibVEX; rerun with -h for copyright info
==37635== Command: ./disparity .
==37635== 
--37635-- warning: L3 cache found, using its data for the LL simulation.
--37635-- warning: specified LL cache: line_size 64  assoc 11  total_size 25,952,256
--37635-- warning: simulated LL cache: line_size 64  assoc 12  total_size 25,165,824
BIP cache replacement will be used
BIP Throttle parameter is set to 0.062500
==37635== 
==37635== I   refs:      126,238,856
==37635== I1  misses:      1,310,149
==37635== LLi misses:          1,546
==37635== I1  miss rate:        1.04%
==37635== LLi miss rate:        0.00%
==37635== 
==37635== D   refs:       50,959,901  (34,248,434 rd   + 16,711,467 wr)
==37635== D1  misses:      6,240,651  ( 3,946,872 rd   +  2,293,779 wr)
==37635== LLd misses:         20,686  (     2,295 rd   +     18,391 wr)
==37635== D1  miss rate:        12.2% (      11.5%     +       13.7%  )
==37635== LLd miss rate:         0.0% (       0.0%     +        0.1%  )
==37635== 
==37635== LL refs:         7,550,800  ( 5,257,021 rd   +  2,293,779 wr)
==37635== LL misses:          22,232  (     3,841 rd   +     18,391 wr)
==37635== LL miss rate:          0.0% (       0.0%     +        0.1%  )
