==23685== Cachegrind, a cache and branch-prediction profiler
==23685== Copyright (C) 2002-2017, and GNU GPL'd, by Nicholas Nethercote et al.
==23685== Using Valgrind-3.16.1 and LibVEX; rerun with -h for copyright info
==23685== Command: ./pca-small small.data 1593 256 R
==23685== 
--23685-- warning: L3 cache found, using its data for the LL simulation.
--23685-- warning: specified LL cache: line_size 64  assoc 11  total_size 25,952,256
--23685-- warning: simulated LL cache: line_size 64  assoc 12  total_size 25,165,824
BIP cache replacement will be used
BIP Throttle parameter is set to 0.015625
==23685== 
==23685== I   refs:      1,489,669,024
==23685== I1  misses:            1,624
==23685== LLi misses:            1,609
==23685== I1  miss rate:          0.00%
==23685== LLi miss rate:          0.00%
==23685== 
==23685== D   refs:        597,905,983  (426,153,025 rd   + 171,752,958 wr)
==23685== D1  misses:       60,993,297  ( 60,910,531 rd   +      82,766 wr)
==23685== LLd misses:           37,808  (      2,570 rd   +      35,238 wr)
==23685== D1  miss rate:          10.2% (       14.3%     +         0.0%  )
==23685== LLd miss rate:           0.0% (        0.0%     +         0.0%  )
==23685== 
==23685== LL refs:          60,994,921  ( 60,912,155 rd   +      82,766 wr)
==23685== LL misses:            39,417  (      4,179 rd   +      35,238 wr)
==23685== LL miss rate:            0.0% (        0.0%     +         0.0%  )
