==36741== Cachegrind, a cache and branch-prediction profiler
==36741== Copyright (C) 2002-2017, and GNU GPL'd, by Nicholas Nethercote et al.
==36741== Using Valgrind-3.16.1 and LibVEX; rerun with -h for copyright info
==36741== Command: ./lda-small est .1 3 settings.txt small/small_data.dat random small/result
==36741== 
--36741-- warning: L3 cache found, using its data for the LL simulation.
--36741-- warning: specified LL cache: line_size 64  assoc 11  total_size 25,952,256
--36741-- warning: simulated LL cache: line_size 64  assoc 12  total_size 25,165,824
FIFO cache replacement will be used
==36741== 
==36741== I   refs:      25,721,717,299
==36741== I1  misses:            12,560
==36741== LLi misses:             2,153
==36741== I1  miss rate:           0.00%
==36741== LLi miss rate:           0.00%
==36741== 
==36741== D   refs:       9,716,545,098  (7,362,714,074 rd   + 2,353,831,024 wr)
==36741== D1  misses:       161,468,540  (  158,787,982 rd   +     2,680,558 wr)
==36741== LLd misses:            15,836  (        2,775 rd   +        13,061 wr)
==36741== D1  miss rate:            1.7% (          2.2%     +           0.1%  )
==36741== LLd miss rate:            0.0% (          0.0%     +           0.0%  )
==36741== 
==36741== LL refs:          161,481,100  (  158,800,542 rd   +     2,680,558 wr)
==36741== LL misses:             17,989  (        4,928 rd   +        13,061 wr)
==36741== LL miss rate:             0.0% (          0.0%     +           0.0%  )
