==33384== Cachegrind, a cache and branch-prediction profiler
==33384== Copyright (C) 2002-2017, and GNU GPL'd, by Nicholas Nethercote et al.
==33384== Using Valgrind-3.16.1 and LibVEX; rerun with -h for copyright info
==33384== Command: ./spc-small ../datasets/R15 600 2 15 0.707 1 2
==33384== 
--33384-- warning: L3 cache found, using its data for the LL simulation.
--33384-- warning: specified LL cache: line_size 64  assoc 11  total_size 25,952,256
--33384-- warning: simulated LL cache: line_size 64  assoc 12  total_size 25,165,824
BIP cache replacement will be used
BIP Throttle parameter is set to 0.062500
==33384== 
==33384== I   refs:      217,405
==33384== I1  misses:      1,105
==33384== LLi misses:      1,090
==33384== I1  miss rate:    0.51%
==33384== LLi miss rate:    0.50%
==33384== 
==33384== D   refs:       69,324  (54,846 rd   + 14,478 wr)
==33384== D1  misses:      2,973  ( 2,355 rd   +    618 wr)
==33384== LLd misses:      2,787  ( 2,181 rd   +    606 wr)
==33384== D1  miss rate:     4.3% (   4.3%     +    4.3%  )
==33384== LLd miss rate:     4.0% (   4.0%     +    4.2%  )
==33384== 
==33384== LL refs:         4,078  ( 3,460 rd   +    618 wr)
==33384== LL misses:       3,877  ( 3,271 rd   +    606 wr)
==33384== LL miss rate:      1.4% (   1.2%     +    4.2%  )
