==53272== Cachegrind, a cache and branch-prediction profiler
==53272== Copyright (C) 2002-2017, and GNU GPL'd, by Nicholas Nethercote et al.
==53272== Using Valgrind-3.16.1 and LibVEX; rerun with -h for copyright info
==53272== Command: ./rbm-small
==53272== 
--53272-- warning: L3 cache found, using its data for the LL simulation.
--53272-- warning: specified LL cache: line_size 64  assoc 11  total_size 25,952,256
--53272-- warning: simulated LL cache: line_size 64  assoc 12  total_size 25,165,824
LRU cache replacement will be used
==53272== 
==53272== I   refs:      21,565,340
==53272== I1  misses:         1,471
==53272== LLi misses:         1,467
==53272== I1  miss rate:       0.01%
==53272== LLi miss rate:       0.01%
==53272== 
==53272== D   refs:       6,380,275  (4,924,851 rd   + 1,455,424 wr)
==53272== D1  misses:         3,570  (    2,623 rd   +       947 wr)
==53272== LLd misses:         3,557  (    2,611 rd   +       946 wr)
==53272== D1  miss rate:        0.1% (      0.1%     +       0.1%  )
==53272== LLd miss rate:        0.1% (      0.1%     +       0.1%  )
==53272== 
==53272== LL refs:            5,041  (    4,094 rd   +       947 wr)
==53272== LL misses:          5,024  (    4,078 rd   +       946 wr)
==53272== LL miss rate:         0.0% (      0.0%     +       0.1%  )
