==19768== Cachegrind, a cache and branch-prediction profiler
==19768== Copyright (C) 2002-2017, and GNU GPL'd, by Nicholas Nethercote et al.
==19768== Using Valgrind-3.16.1 and LibVEX; rerun with -h for copyright info
==19768== Command: ./mser .
==19768== 
--19768-- warning: L3 cache found, using its data for the LL simulation.
--19768-- warning: specified LL cache: line_size 64  assoc 11  total_size 25,952,256
--19768-- warning: simulated LL cache: line_size 64  assoc 12  total_size 25,165,824
FIFO cache replacement will be used
==19768== 
==19768== I   refs:      157,426,193
==19768== I1  misses:          1,497
==19768== LLi misses:          1,493
==19768== I1  miss rate:        0.00%
==19768== LLi miss rate:        0.00%
==19768== 
==19768== D   refs:       59,523,786  (40,510,722 rd   + 19,013,064 wr)
==19768== D1  misses:        905,901  (   753,183 rd   +    152,718 wr)
==19768== LLd misses:         71,091  (     2,246 rd   +     68,845 wr)
==19768== D1  miss rate:         1.5% (       1.9%     +        0.8%  )
==19768== LLd miss rate:         0.1% (       0.0%     +        0.4%  )
==19768== 
==19768== LL refs:           907,398  (   754,680 rd   +    152,718 wr)
==19768== LL misses:          72,584  (     3,739 rd   +     68,845 wr)
==19768== LL miss rate:          0.0% (       0.0%     +        0.4%  )
