==33722== Cachegrind, a cache and branch-prediction profiler
==33722== Copyright (C) 2002-2017, and GNU GPL'd, by Nicholas Nethercote et al.
==33722== Using Valgrind-3.16.1 and LibVEX; rerun with -h for copyright info
==33722== Command: ./spc-small ../datasets/R15 600 2 15 0.707 1 2
==33722== 
--33722-- warning: L3 cache found, using its data for the LL simulation.
--33722-- warning: specified LL cache: line_size 64  assoc 11  total_size 25,952,256
--33722-- warning: simulated LL cache: line_size 64  assoc 12  total_size 25,165,824
BIP cache replacement will be used
BIP Throttle parameter is set to 0.015625
==33722== 
==33722== I   refs:      217,405
==33722== I1  misses:      1,106
==33722== LLi misses:      1,090
==33722== I1  miss rate:    0.51%
==33722== LLi miss rate:    0.50%
==33722== 
==33722== D   refs:       69,324  (54,846 rd   + 14,478 wr)
==33722== D1  misses:      3,039  ( 2,412 rd   +    627 wr)
==33722== LLd misses:      2,786  ( 2,180 rd   +    606 wr)
==33722== D1  miss rate:     4.4% (   4.4%     +    4.3%  )
==33722== LLd miss rate:     4.0% (   4.0%     +    4.2%  )
==33722== 
==33722== LL refs:         4,145  ( 3,518 rd   +    627 wr)
==33722== LL misses:       3,876  ( 3,270 rd   +    606 wr)
==33722== LL miss rate:      1.4% (   1.2%     +    4.2%  )
