==23821== Cachegrind, a cache and branch-prediction profiler
==23821== Copyright (C) 2002-2017, and GNU GPL'd, by Nicholas Nethercote et al.
==23821== Using Valgrind-3.16.1 and LibVEX; rerun with -h for copyright info
==23821== Command: ./a.out small.txt
==23821== 
--23821-- warning: L3 cache found, using its data for the LL simulation.
--23821-- warning: specified LL cache: line_size 64  assoc 11  total_size 25,952,256
--23821-- warning: simulated LL cache: line_size 64  assoc 12  total_size 25,165,824
FIFO cache replacement will be used
==23821== 
==23821== I   refs:      219,666,610
==23821== I1  misses:          2,745
==23821== LLi misses:          1,758
==23821== I1  miss rate:        0.00%
==23821== LLi miss rate:        0.00%
==23821== 
==23821== D   refs:      128,686,222  (113,044,782 rd   + 15,641,440 wr)
==23821== D1  misses:        393,871  (    364,643 rd   +     29,228 wr)
==23821== LLd misses:          5,399  (      2,286 rd   +      3,113 wr)
==23821== D1  miss rate:         0.3% (        0.3%     +        0.2%  )
==23821== LLd miss rate:         0.0% (        0.0%     +        0.0%  )
==23821== 
==23821== LL refs:           396,616  (    367,388 rd   +     29,228 wr)
==23821== LL misses:           7,157  (      4,044 rd   +      3,113 wr)
==23821== LL miss rate:          0.0% (        0.0%     +        0.0%  )
