==39436== Cachegrind, a cache and branch-prediction profiler
==39436== Copyright (C) 2002-2017, and GNU GPL'd, by Nicholas Nethercote et al.
==39436== Using Valgrind-3.16.1 and LibVEX; rerun with -h for copyright info
==39436== Command: ./sift .
==39436== 
--39436-- warning: L3 cache found, using its data for the LL simulation.
--39436-- warning: specified LL cache: line_size 64  assoc 11  total_size 25,952,256
--39436-- warning: simulated LL cache: line_size 64  assoc 12  total_size 25,165,824
LRU cache replacement will be used
==39436== 
==39436== I   refs:      288,805,086
==39436== I1  misses:          1,780
==39436== LLi misses:          1,776
==39436== I1  miss rate:        0.00%
==39436== LLi miss rate:        0.00%
==39436== 
==39436== D   refs:       87,842,393  (61,419,273 rd   + 26,423,120 wr)
==39436== D1  misses:        190,354  (    33,647 rd   +    156,707 wr)
==39436== LLd misses:        157,931  (     2,321 rd   +    155,610 wr)
==39436== D1  miss rate:         0.2% (       0.1%     +        0.6%  )
==39436== LLd miss rate:         0.2% (       0.0%     +        0.6%  )
==39436== 
==39436== LL refs:           192,134  (    35,427 rd   +    156,707 wr)
==39436== LL misses:         159,707  (     4,097 rd   +    155,610 wr)
==39436== LL miss rate:          0.0% (       0.0%     +        0.6%  )
