==53228== Cachegrind, a cache and branch-prediction profiler
==53228== Copyright (C) 2002-2017, and GNU GPL'd, by Nicholas Nethercote et al.
==53228== Using Valgrind-3.16.1 and LibVEX; rerun with -h for copyright info
==53228== Command: ./rbm-medium
==53228== 
--53228-- warning: L3 cache found, using its data for the LL simulation.
--53228-- warning: specified LL cache: line_size 64  assoc 11  total_size 25,952,256
--53228-- warning: simulated LL cache: line_size 64  assoc 12  total_size 25,165,824
LIP cache replacement will be used
==53228== 
==53228== I   refs:      12,265,732,027
==53228== I1  misses:         6,358,502
==53228== LLi misses:             1,567
==53228== I1  miss rate:           0.05%
==53228== LLi miss rate:           0.00%
==53228== 
==53228== D   refs:       3,657,823,178  (2,777,601,363 rd   + 880,221,815 wr)
==53228== D1  misses:       566,719,319  (  525,757,913 rd   +  40,961,406 wr)
==53228== LLd misses:            47,434  (       23,742 rd   +      23,692 wr)
==53228== D1  miss rate:           15.5% (         18.9%     +         4.7%  )
==53228== LLd miss rate:            0.0% (          0.0%     +         0.0%  )
==53228== 
==53228== LL refs:          573,077,821  (  532,116,415 rd   +  40,961,406 wr)
==53228== LL misses:             49,001  (       25,309 rd   +      23,692 wr)
==53228== LL miss rate:             0.0% (          0.0%     +         0.0%  )
