==32921== Cachegrind, a cache and branch-prediction profiler
==32921== Copyright (C) 2002-2017, and GNU GPL'd, by Nicholas Nethercote et al.
==32921== Using Valgrind-3.16.1 and LibVEX; rerun with -h for copyright info
==32921== Command: ./spc-small ../datasets/R15 600 2 15 0.707 1 2
==32921== 
--32921-- warning: L3 cache found, using its data for the LL simulation.
--32921-- warning: specified LL cache: line_size 64  assoc 11  total_size 25,952,256
--32921-- warning: simulated LL cache: line_size 64  assoc 12  total_size 25,165,824
LIP cache replacement will be used
==32921== 
==32921== I   refs:      217,405
==32921== I1  misses:      1,094
==32921== LLi misses:      1,090
==32921== I1  miss rate:    0.50%
==32921== LLi miss rate:    0.50%
==32921== 
==32921== D   refs:       69,324  (54,846 rd   + 14,478 wr)
==32921== D1  misses:      2,787  ( 2,181 rd   +    606 wr)
==32921== LLd misses:      2,786  ( 2,180 rd   +    606 wr)
==32921== D1  miss rate:     4.0% (   4.0%     +    4.2%  )
==32921== LLd miss rate:     4.0% (   4.0%     +    4.2%  )
==32921== 
==32921== LL refs:         3,881  ( 3,275 rd   +    606 wr)
==32921== LL misses:       3,876  ( 3,270 rd   +    606 wr)
==32921== LL miss rate:      1.4% (   1.2%     +    4.2%  )
