==25370== Cachegrind, a cache and branch-prediction profiler
==25370== Copyright (C) 2002-2017, and GNU GPL'd, by Nicholas Nethercote et al.
==25370== Using Valgrind-3.16.1 and LibVEX; rerun with -h for copyright info
==25370== Command: ./stitch .
==25370== 
--25370-- warning: L3 cache found, using its data for the LL simulation.
--25370-- warning: specified LL cache: line_size 64  assoc 11  total_size 25,952,256
--25370-- warning: simulated LL cache: line_size 64  assoc 12  total_size 25,165,824
Random cache replacement will be used
==25370== brk segment overflow in thread #1: can't grow to 0x4ae3000
==25370== (see section Limitations in user manual)
==25370== NOTE: further instances of this message will not be shown
==25370== 
==25370== I   refs:      8,280,657,857
==25370== I1  misses:            1,700
==25370== LLi misses:            1,695
==25370== I1  miss rate:          0.00%
==25370== LLi miss rate:          0.00%
==25370== 
==25370== D   refs:      2,251,787,265  (1,520,764,459 rd   + 731,022,806 wr)
==25370== D1  misses:          880,793  (      488,468 rd   +     392,325 wr)
==25370== LLd misses:          292,157  (       30,991 rd   +     261,166 wr)
==25370== D1  miss rate:           0.0% (          0.0%     +         0.1%  )
==25370== LLd miss rate:           0.0% (          0.0%     +         0.0%  )
==25370== 
==25370== LL refs:             882,493  (      490,168 rd   +     392,325 wr)
==25370== LL misses:           293,852  (       32,686 rd   +     261,166 wr)
==25370== LL miss rate:            0.0% (          0.0%     +         0.0%  )
