==51287== Cachegrind, a cache and branch-prediction profiler
==51287== Copyright (C) 2002-2017, and GNU GPL'd, by Nicholas Nethercote et al.
==51287== Using Valgrind-3.16.1 and LibVEX; rerun with -h for copyright info
==51287== Command: ./a.out large.txt
==51287== 
--51287-- warning: L3 cache found, using its data for the LL simulation.
--51287-- warning: specified LL cache: line_size 64  assoc 11  total_size 25,952,256
--51287-- warning: simulated LL cache: line_size 64  assoc 12  total_size 25,165,824
Random cache replacement will be used
==51287== 
==51287== I   refs:      166,691,482,179
==51287== I1  misses:        444,987,561
==51287== LLi misses:              1,994
==51287== I1  miss rate:            0.27%
==51287== LLi miss rate:            0.00%
==51287== 
==51287== D   refs:      104,424,129,671  (95,529,538,740 rd   + 8,894,590,931 wr)
==51287== D1  misses:      6,949,940,860  ( 6,731,541,899 rd   +   218,398,961 wr)
==51287== LLd misses:            358,001  (        56,154 rd   +       301,847 wr)
==51287== D1  miss rate:             6.7% (           7.0%     +           2.5%  )
==51287== LLd miss rate:             0.0% (           0.0%     +           0.0%  )
==51287== 
==51287== LL refs:         7,394,928,421  ( 7,176,529,460 rd   +   218,398,961 wr)
==51287== LL misses:             359,995  (        58,148 rd   +       301,847 wr)
==51287== LL miss rate:              0.0% (           0.0%     +           0.0%  )
