==60406== Cachegrind, a cache and branch-prediction profiler
==60406== Copyright (C) 2002-2017, and GNU GPL'd, by Nicholas Nethercote et al.
==60406== Using Valgrind-3.16.1 and LibVEX; rerun with -h for copyright info
==60406== Command: ./stitch .
==60406== 
--60406-- warning: L3 cache found, using its data for the LL simulation.
--60406-- warning: specified LL cache: line_size 64  assoc 11  total_size 25,952,256
--60406-- warning: simulated LL cache: line_size 64  assoc 12  total_size 25,165,824
LIP cache replacement will be used
==60406== brk segment overflow in thread #1: can't grow to 0x4a37000
==60406== (see section Limitations in user manual)
==60406== NOTE: further instances of this message will not be shown
==60406== 
==60406== I   refs:      253,517,705,698
==60406== I1  misses:              1,697
==60406== LLi misses:              1,693
==60406== I1  miss rate:            0.00%
==60406== LLi miss rate:            0.00%
==60406== 
==60406== D   refs:       68,980,624,510  (45,322,620,961 rd   + 23,658,003,549 wr)
==60406== D1  misses:      3,964,952,005  ( 2,167,521,209 rd   +  1,797,430,796 wr)
==60406== LLd misses:          8,340,803  (     5,022,481 rd   +      3,318,322 wr)
==60406== D1  miss rate:             5.7% (           4.8%     +            7.6%  )
==60406== LLd miss rate:             0.0% (           0.0%     +            0.0%  )
==60406== 
==60406== LL refs:         3,964,953,702  ( 2,167,522,906 rd   +  1,797,430,796 wr)
==60406== LL misses:           8,342,496  (     5,024,174 rd   +      3,318,322 wr)
==60406== LL miss rate:              0.0% (           0.0%     +            0.0%  )
