==11468== Cachegrind, a cache and branch-prediction profiler
==11468== Copyright (C) 2002-2017, and GNU GPL'd, by Nicholas Nethercote et al.
==11468== Using Valgrind-3.16.1 and LibVEX; rerun with -h for copyright info
==11468== Command: ./lda-medium est .1 3 settings.txt medium/medium_data.dat random medium/results
==11468== 
--11468-- warning: L3 cache found, using its data for the LL simulation.
--11468-- warning: specified LL cache: line_size 64  assoc 11  total_size 25,952,256
--11468-- warning: simulated LL cache: line_size 64  assoc 12  total_size 25,165,824
LIP cache replacement will be used
==11468== 
==11468== I   refs:      89,980,424,057
==11468== I1  misses:        31,502,823
==11468== LLi misses:             2,197
==11468== I1  miss rate:           0.04%
==11468== LLi miss rate:           0.00%
==11468== 
==11468== D   refs:      33,863,562,952  (25,729,919,454 rd   + 8,133,643,498 wr)
==11468== D1  misses:     2,314,460,839  ( 2,171,145,895 rd   +   143,314,944 wr)
==11468== LLd misses:            29,604  (         2,799 rd   +        26,805 wr)
==11468== D1  miss rate:            6.8% (           8.4%     +           1.8%  )
==11468== LLd miss rate:            0.0% (           0.0%     +           0.0%  )
==11468== 
==11468== LL refs:        2,345,963,662  ( 2,202,648,718 rd   +   143,314,944 wr)
==11468== LL misses:             31,801  (         4,996 rd   +        26,805 wr)
==11468== LL miss rate:             0.0% (           0.0%     +           0.0%  )
