==25290== Cachegrind, a cache and branch-prediction profiler
==25290== Copyright (C) 2002-2017, and GNU GPL'd, by Nicholas Nethercote et al.
==25290== Using Valgrind-3.16.1 and LibVEX; rerun with -h for copyright info
==25290== Command: ./a.out med.txt
==25290== 
--25290-- warning: L3 cache found, using its data for the LL simulation.
--25290-- warning: specified LL cache: line_size 64  assoc 11  total_size 25,952,256
--25290-- warning: simulated LL cache: line_size 64  assoc 12  total_size 25,165,824
BIP cache replacement will be used
BIP Throttle parameter is set to 0.031250
==25290== 
==25290== I   refs:      21,540,689,427
==25290== I1  misses:       110,460,876
==25290== LLi misses:             1,890
==25290== I1  miss rate:           0.51%
==25290== LLi miss rate:           0.00%
==25290== 
==25290== D   refs:      13,370,670,449  (12,167,996,488 rd   + 1,202,673,961 wr)
==25290== D1  misses:     1,072,681,847  (   977,916,610 rd   +    94,765,237 wr)
==25290== LLd misses:            65,506  (         2,310 rd   +        63,196 wr)
==25290== D1  miss rate:            8.0% (           8.0%     +           7.9%  )
==25290== LLd miss rate:            0.0% (           0.0%     +           0.0%  )
==25290== 
==25290== LL refs:        1,183,142,723  ( 1,088,377,486 rd   +    94,765,237 wr)
==25290== LL misses:             67,396  (         4,200 rd   +        63,196 wr)
==25290== LL miss rate:             0.0% (           0.0%     +           0.0%  )
