==61646== Cachegrind, a cache and branch-prediction profiler
==61646== Copyright (C) 2002-2017, and GNU GPL'd, by Nicholas Nethercote et al.
==61646== Using Valgrind-3.16.1 and LibVEX; rerun with -h for copyright info
==61646== Command: ./mser .
==61646== 
--61646-- warning: L3 cache found, using its data for the LL simulation.
--61646-- warning: specified LL cache: line_size 64  assoc 11  total_size 25,952,256
--61646-- warning: simulated LL cache: line_size 64  assoc 12  total_size 25,165,824
Input size		- (480x640)
Verification		- Successful
Cycles elapsed		- 3430349258

==61646== 
==61646== I   refs:      512,880,557
==61646== I1  misses:     21,392,068
==61646== LLi misses:          1,461
==61646== I1  miss rate:        4.17%
==61646== LLi miss rate:        0.00%
==61646== 
==61646== D   refs:      194,907,702  (132,686,394 rd   + 62,221,308 wr)
==61646== D1  misses:      1,050,132  (    737,636 rd   +    312,496 wr)
==61646== LLd misses:        219,779  (      2,258 rd   +    217,521 wr)
==61646== D1  miss rate:         0.5% (        0.6%     +        0.5%  )
==61646== LLd miss rate:         0.1% (        0.0%     +        0.3%  )
==61646== 
==61646== LL refs:        22,442,200  ( 22,129,704 rd   +    312,496 wr)
==61646== LL misses:         221,240  (      3,719 rd   +    217,521 wr)
==61646== LL miss rate:          0.0% (        0.0%     +        0.3%  )
