==38220== Cachegrind, a cache and branch-prediction profiler
==38220== Copyright (C) 2002-2017, and GNU GPL'd, by Nicholas Nethercote et al.
==38220== Using Valgrind-3.16.1 and LibVEX; rerun with -h for copyright info
==38220== Command: ./sift .
==38220== 
--38220-- warning: L3 cache found, using its data for the LL simulation.
--38220-- warning: specified LL cache: line_size 64  assoc 11  total_size 25,952,256
--38220-- warning: simulated LL cache: line_size 64  assoc 12  total_size 25,165,824
Random cache replacement will be used
==38220== brk segment overflow in thread #1: can't grow to 0x5419000
==38220== (see section Limitations in user manual)
==38220== NOTE: further instances of this message will not be shown
==38220== 
==38220== I   refs:      16,043,915,290
==38220== I1  misses:        64,796,106
==38220== LLi misses:             4,478
==38220== I1  miss rate:           0.40%
==38220== LLi miss rate:           0.00%
==38220== 
==38220== D   refs:       4,941,073,148  (3,428,287,752 rd   + 1,512,785,396 wr)
==38220== D1  misses:       924,315,914  (  824,257,287 rd   +   100,058,627 wr)
==38220== LLd misses:        23,871,081  (   13,959,108 rd   +     9,911,973 wr)
==38220== D1  miss rate:           18.7% (         24.0%     +           6.6%  )
==38220== LLd miss rate:            0.5% (          0.4%     +           0.7%  )
==38220== 
==38220== LL refs:          989,112,020  (  889,053,393 rd   +   100,058,627 wr)
==38220== LL misses:         23,875,559  (   13,963,586 rd   +     9,911,973 wr)
==38220== LL miss rate:             0.1% (          0.1%     +           0.7%  )
