==23721== Cachegrind, a cache and branch-prediction profiler
==23721== Copyright (C) 2002-2017, and GNU GPL'd, by Nicholas Nethercote et al.
==23721== Using Valgrind-3.16.1 and LibVEX; rerun with -h for copyright info
==23721== Command: ./sift .
==23721== 
--23721-- warning: L3 cache found, using its data for the LL simulation.
--23721-- warning: specified LL cache: line_size 64  assoc 11  total_size 25,952,256
--23721-- warning: simulated LL cache: line_size 64  assoc 12  total_size 25,165,824
BIP cache replacement will be used
BIP Throttle parameter is set to 0.031250
==23721== brk segment overflow in thread #1: can't grow to 0x4a36000
==23721== (see section Limitations in user manual)
==23721== NOTE: further instances of this message will not be shown
==23721== 
==23721== I   refs:      1,142,732,445
==23721== I1  misses:            1,801
==23721== LLi misses:            1,796
==23721== I1  miss rate:          0.00%
==23721== LLi miss rate:          0.00%
==23721== 
==23721== D   refs:        350,629,227  (243,842,190 rd   + 106,787,037 wr)
==23721== D1  misses:        1,038,455  (    423,159 rd   +     615,296 wr)
==23721== LLd misses:        1,020,498  (    408,540 rd   +     611,958 wr)
==23721== D1  miss rate:           0.3% (        0.2%     +         0.6%  )
==23721== LLd miss rate:           0.3% (        0.2%     +         0.6%  )
==23721== 
==23721== LL refs:           1,040,256  (    424,960 rd   +     615,296 wr)
==23721== LL misses:         1,022,294  (    410,336 rd   +     611,958 wr)
==23721== LL miss rate:            0.1% (        0.0%     +         0.6%  )
