==11041== Cachegrind, a cache and branch-prediction profiler
==11041== Copyright (C) 2002-2017, and GNU GPL'd, by Nicholas Nethercote et al.
==11041== Using Valgrind-3.16.1 and LibVEX; rerun with -h for copyright info
==11041== Command: ./pca-large large.data 5000 1059 R
==11041== 
--11041-- warning: L3 cache found, using its data for the LL simulation.
--11041-- warning: specified LL cache: line_size 64  assoc 11  total_size 25,952,256
--11041-- warning: simulated LL cache: line_size 64  assoc 12  total_size 25,165,824
LIP cache replacement will be used
==11041== brk segment overflow in thread #1: can't grow to 0x4a35000
==11041== (see section Limitations in user manual)
==11041== NOTE: further instances of this message will not be shown
==11041== 
==11041== I   refs:      71,275,145,778
==11041== I1  misses:             1,956
==11041== LLi misses:             1,725
==11041== I1  miss rate:           0.00%
==11041== LLi miss rate:           0.00%
==11041== 
==11041== D   refs:      28,625,035,456  (20,878,881,309 rd   + 7,746,154,147 wr)
==11041== D1  misses:     9,653,130,876  ( 9,650,127,117 rd   +     3,003,759 wr)
==11041== LLd misses:     3,371,454,935  ( 3,370,209,900 rd   +     1,245,035 wr)
==11041== D1  miss rate:           33.7% (          46.2%     +           0.0%  )
==11041== LLd miss rate:           11.8% (          16.1%     +           0.0%  )
==11041== 
==11041== LL refs:        9,653,132,832  ( 9,650,129,073 rd   +     3,003,759 wr)
==11041== LL misses:      3,371,456,660  ( 3,370,211,625 rd   +     1,245,035 wr)
==11041== LL miss rate:             3.4% (           3.7%     +           0.0%  )
