==41339== Cachegrind, a cache and branch-prediction profiler
==41339== Copyright (C) 2002-2017, and GNU GPL'd, by Nicholas Nethercote et al.
==41339== Using Valgrind-3.16.1 and LibVEX; rerun with -h for copyright info
==41339== Command: ./liblinear-tmedium data/10B/epsilon
==41339== 
--41339-- warning: L3 cache found, using its data for the LL simulation.
--41339-- warning: specified LL cache: line_size 64  assoc 11  total_size 25,952,256
--41339-- warning: simulated LL cache: line_size 64  assoc 12  total_size 25,165,824
LIP cache replacement will be used
==41339== 
==41339== I   refs:      19,285,289,580
==41339== I1  misses:             1,870
==41339== LLi misses:             1,834
==41339== I1  miss rate:           0.00%
==41339== LLi miss rate:           0.00%
==41339== 
==41339== D   refs:       5,666,485,978  (3,947,048,633 rd   + 1,719,437,345 wr)
==41339== D1  misses:        40,713,189  (   37,555,965 rd   +     3,157,224 wr)
==41339== LLd misses:        40,165,757  (   37,031,290 rd   +     3,134,467 wr)
==41339== D1  miss rate:            0.7% (          1.0%     +           0.2%  )
==41339== LLd miss rate:            0.7% (          0.9%     +           0.2%  )
==41339== 
==41339== LL refs:           40,715,059  (   37,557,835 rd   +     3,157,224 wr)
==41339== LL misses:         40,167,591  (   37,033,124 rd   +     3,134,467 wr)
==41339== LL miss rate:             0.2% (          0.2%     +           0.2%  )
