==29407== Cachegrind, a cache and branch-prediction profiler
==29407== Copyright (C) 2002-2017, and GNU GPL'd, by Nicholas Nethercote et al.
==29407== Using Valgrind-3.16.1 and LibVEX; rerun with -h for copyright info
==29407== Command: ./kmeans-small ../datasets/yeast 1484 8 10
==29407== 
--29407-- warning: L3 cache found, using its data for the LL simulation.
--29407-- warning: specified LL cache: line_size 64  assoc 11  total_size 25,952,256
--29407-- warning: simulated LL cache: line_size 64  assoc 12  total_size 25,165,824
LIP cache replacement will be used
==29407== 
==29407== I   refs:      56,158,071
==29407== I1  misses:         1,471
==29407== LLi misses:         1,468
==29407== I1  miss rate:       0.00%
==29407== LLi miss rate:       0.00%
==29407== 
==29407== D   refs:      15,831,405  (13,089,370 rd   + 2,742,035 wr)
==29407== D1  misses:         4,969  (     2,152 rd   +     2,817 wr)
==29407== LLd misses:         4,966  (     2,149 rd   +     2,817 wr)
==29407== D1  miss rate:        0.0% (       0.0%     +       0.1%  )
==29407== LLd miss rate:        0.0% (       0.0%     +       0.1%  )
==29407== 
==29407== LL refs:            6,440  (     3,623 rd   +     2,817 wr)
==29407== LL misses:          6,434  (     3,617 rd   +     2,817 wr)
==29407== LL miss rate:         0.0% (       0.0%     +       0.1%  )
