==44613== Cachegrind, a cache and branch-prediction profiler
==44613== Copyright (C) 2002-2017, and GNU GPL'd, by Nicholas Nethercote et al.
==44613== Using Valgrind-3.16.1 and LibVEX; rerun with -h for copyright info
==44613== Command: ./disparity .
==44613== 
--44613-- warning: L3 cache found, using its data for the LL simulation.
--44613-- warning: specified LL cache: line_size 64  assoc 11  total_size 25,952,256
--44613-- warning: simulated LL cache: line_size 64  assoc 12  total_size 25,165,824
BIP cache replacement will be used
BIP Throttle parameter is set to 0.015625
==44613== 
==44613== I   refs:      1,281,749,480
==44613== I1  misses:       22,199,667
==44613== LLi misses:            1,658
==44613== I1  miss rate:          1.73%
==44613== LLi miss rate:          0.00%
==44613== 
==44613== D   refs:        519,594,058  (348,916,506 rd   + 170,677,552 wr)
==44613== D1  misses:      205,684,132  (149,635,095 rd   +  56,049,037 wr)
==44613== LLd misses:          291,958  (     55,766 rd   +     236,192 wr)
==44613== D1  miss rate:          39.6% (       42.9%     +        32.8%  )
==44613== LLd miss rate:           0.1% (        0.0%     +         0.1%  )
==44613== 
==44613== LL refs:         227,883,799  (171,834,762 rd   +  56,049,037 wr)
==44613== LL misses:           293,616  (     57,424 rd   +     236,192 wr)
==44613== LL miss rate:            0.0% (        0.0%     +         0.1%  )
