==31050== Cachegrind, a cache and branch-prediction profiler
==31050== Copyright (C) 2002-2017, and GNU GPL'd, by Nicholas Nethercote et al.
==31050== Using Valgrind-3.16.1 and LibVEX; rerun with -h for copyright info
==31050== Command: ./liblinear-tmedium data/10B/epsilon
==31050== 
--31050-- warning: L3 cache found, using its data for the LL simulation.
--31050-- warning: specified LL cache: line_size 64  assoc 11  total_size 25,952,256
--31050-- warning: simulated LL cache: line_size 64  assoc 12  total_size 25,165,824
BIP cache replacement will be used
BIP Throttle parameter is set to 0.062500
==31050== 
==31050== I   refs:      19,285,289,582
==31050== I1  misses:             1,833
==31050== LLi misses:             1,829
==31050== I1  miss rate:           0.00%
==31050== LLi miss rate:           0.00%
==31050== 
==31050== D   refs:       5,666,485,978  (3,947,048,633 rd   + 1,719,437,345 wr)
==31050== D1  misses:        40,462,754  (   37,328,141 rd   +     3,134,613 wr)
==31050== LLd misses:        37,262,985  (   34,128,481 rd   +     3,134,504 wr)
==31050== D1  miss rate:            0.7% (          0.9%     +           0.2%  )
==31050== LLd miss rate:            0.7% (          0.9%     +           0.2%  )
==31050== 
==31050== LL refs:           40,464,587  (   37,329,974 rd   +     3,134,613 wr)
==31050== LL misses:         37,264,814  (   34,130,310 rd   +     3,134,504 wr)
==31050== LL miss rate:             0.1% (          0.1%     +           0.2%  )
