==35997== Cachegrind, a cache and branch-prediction profiler
==35997== Copyright (C) 2002-2017, and GNU GPL'd, by Nicholas Nethercote et al.
==35997== Using Valgrind-3.16.1 and LibVEX; rerun with -h for copyright info
==35997== Command: ./spc-small ../datasets/R15 600 2 15 0.707 1 2
==35997== 
--35997-- warning: L3 cache found, using its data for the LL simulation.
--35997-- warning: specified LL cache: line_size 64  assoc 11  total_size 25,952,256
--35997-- warning: simulated LL cache: line_size 64  assoc 12  total_size 25,165,824
BIP cache replacement will be used
BIP Throttle parameter is set to 0.015625
==35997== 
==35997== I   refs:      217,405
==35997== I1  misses:      5,845
==35997== LLi misses:      1,090
==35997== I1  miss rate:    2.69%
==35997== LLi miss rate:    0.50%
==35997== 
==35997== D   refs:       69,324  (54,846 rd   + 14,478 wr)
==35997== D1  misses:     13,858  (11,563 rd   +  2,295 wr)
==35997== LLd misses:      2,797  ( 2,191 rd   +    606 wr)
==35997== D1  miss rate:    20.0% (  21.1%     +   15.9%  )
==35997== LLd miss rate:     4.0% (   4.0%     +    4.2%  )
==35997== 
==35997== LL refs:        19,703  (17,408 rd   +  2,295 wr)
==35997== LL misses:       3,887  ( 3,281 rd   +    606 wr)
==35997== LL miss rate:      1.4% (   1.2%     +    4.2%  )
