==49010== Cachegrind, a cache and branch-prediction profiler
==49010== Copyright (C) 2002-2017, and GNU GPL'd, by Nicholas Nethercote et al.
==49010== Using Valgrind-3.16.1 and LibVEX; rerun with -h for copyright info
==49010== Command: ./stitch .
==49010== 
--49010-- warning: L3 cache found, using its data for the LL simulation.
--49010-- warning: specified LL cache: line_size 64  assoc 11  total_size 25,952,256
--49010-- warning: simulated LL cache: line_size 64  assoc 12  total_size 25,165,824
Random cache replacement will be used
==49010== brk segment overflow in thread #1: can't grow to 0x4a37000
==49010== (see section Limitations in user manual)
==49010== NOTE: further instances of this message will not be shown
==49010== 
==49010== I   refs:      253,517,705,710
==49010== I1  misses:              1,806
==49010== LLi misses:              1,751
==49010== I1  miss rate:            0.00%
==49010== LLi miss rate:            0.00%
==49010== 
==49010== D   refs:       68,980,624,510  (45,322,620,961 rd   + 23,658,003,549 wr)
==49010== D1  misses:      4,566,675,492  ( 2,556,448,067 rd   +  2,010,227,425 wr)
==49010== LLd misses:          5,090,155  (     2,537,670 rd   +      2,552,485 wr)
==49010== D1  miss rate:             6.6% (           5.6%     +            8.5%  )
==49010== LLd miss rate:             0.0% (           0.0%     +            0.0%  )
==49010== 
==49010== LL refs:         4,566,677,298  ( 2,556,449,873 rd   +  2,010,227,425 wr)
==49010== LL misses:           5,091,906  (     2,539,421 rd   +      2,552,485 wr)
==49010== LL miss rate:              0.0% (           0.0%     +            0.0%  )
