==53904== Cachegrind, a cache and branch-prediction profiler
==53904== Copyright (C) 2002-2017, and GNU GPL'd, by Nicholas Nethercote et al.
==53904== Using Valgrind-3.16.1 and LibVEX; rerun with -h for copyright info
==53904== Command: ./tracking .
==53904== 
--53904-- warning: L3 cache found, using its data for the LL simulation.
--53904-- warning: specified LL cache: line_size 64  assoc 11  total_size 25,952,256
--53904-- warning: simulated LL cache: line_size 64  assoc 12  total_size 25,165,824
FIFO cache replacement will be used
==53904== brk segment overflow in thread #1: can't grow to 0x5026000
==53904== (see section Limitations in user manual)
==53904== NOTE: further instances of this message will not be shown
==53904== 
==53904== I   refs:      7,862,359,008
==53904== I1  misses:            1,732
==53904== LLi misses:            1,726
==53904== I1  miss rate:          0.00%
==53904== LLi miss rate:          0.00%
==53904== 
==53904== D   refs:      2,585,046,518  (1,824,545,511 rd   + 760,501,007 wr)
==53904== D1  misses:       35,765,100  (   16,796,700 rd   +  18,968,400 wr)
==53904== LLd misses:        9,387,228  (    2,911,510 rd   +   6,475,718 wr)
==53904== D1  miss rate:           1.4% (          0.9%     +         2.5%  )
==53904== LLd miss rate:           0.4% (          0.2%     +         0.9%  )
==53904== 
==53904== LL refs:          35,766,832  (   16,798,432 rd   +  18,968,400 wr)
==53904== LL misses:         9,388,954  (    2,913,236 rd   +   6,475,718 wr)
==53904== LL miss rate:            0.1% (          0.0%     +         0.9%  )
