==60686== Cachegrind, a cache and branch-prediction profiler
==60686== Copyright (C) 2002-2017, and GNU GPL'd, by Nicholas Nethercote et al.
==60686== Using Valgrind-3.16.1 and LibVEX; rerun with -h for copyright info
==60686== Command: ./stitch .
==60686== 
--60686-- warning: L3 cache found, using its data for the LL simulation.
--60686-- warning: specified LL cache: line_size 64  assoc 11  total_size 25,952,256
--60686-- warning: simulated LL cache: line_size 64  assoc 12  total_size 25,165,824
FIFO cache replacement will be used
==60686== brk segment overflow in thread #1: can't grow to 0x4a37000
==60686== (see section Limitations in user manual)
==60686== NOTE: further instances of this message will not be shown
==60686== 
==60686== I   refs:      253,517,705,698
==60686== I1  misses:              9,876
==60686== LLi misses:              2,024
==60686== I1  miss rate:            0.00%
==60686== LLi miss rate:            0.00%
==60686== 
==60686== D   refs:       68,980,624,510  (45,322,620,961 rd   + 23,658,003,549 wr)
==60686== D1  misses:      4,676,080,410  ( 2,641,649,088 rd   +  2,034,431,322 wr)
==60686== LLd misses:          4,142,125  (     1,647,528 rd   +      2,494,597 wr)
==60686== D1  miss rate:             6.8% (           5.8%     +            8.6%  )
==60686== LLd miss rate:             0.0% (           0.0%     +            0.0%  )
==60686== 
==60686== LL refs:         4,676,090,286  ( 2,641,658,964 rd   +  2,034,431,322 wr)
==60686== LL misses:           4,144,149  (     1,649,552 rd   +      2,494,597 wr)
==60686== LL miss rate:              0.0% (           0.0%     +            0.0%  )
