==58214== Cachegrind, a cache and branch-prediction profiler
==58214== Copyright (C) 2002-2017, and GNU GPL'd, by Nicholas Nethercote et al.
==58214== Using Valgrind-3.16.1 and LibVEX; rerun with -h for copyright info
==58214== Command: ./srr-large
==58214== 
--58214-- warning: L3 cache found, using its data for the LL simulation.
--58214-- warning: specified LL cache: line_size 64  assoc 11  total_size 25,952,256
--58214-- warning: simulated LL cache: line_size 64  assoc 12  total_size 25,165,824
LIP cache replacement will be used
==58214== brk segment overflow in thread #1: can't grow to 0x4a4b000
==58214== (see section Limitations in user manual)
==58214== NOTE: further instances of this message will not be shown
==58214== 
==58214== I   refs:      919,217,731,553
==58214== I1  misses:              1,577
==58214== LLi misses:              1,560
==58214== I1  miss rate:            0.00%
==58214== LLi miss rate:            0.00%
==58214== 
==58214== D   refs:      356,699,040,284  (240,279,389,404 rd   + 116,419,650,880 wr)
==58214== D1  misses:        302,069,209  (    288,137,484 rd   +      13,931,725 wr)
==58214== LLd misses:          7,722,780  (      7,070,276 rd   +         652,504 wr)
==58214== D1  miss rate:             0.1% (            0.1%     +             0.0%  )
==58214== LLd miss rate:             0.0% (            0.0%     +             0.0%  )
==58214== 
==58214== LL refs:           302,070,786  (    288,139,061 rd   +      13,931,725 wr)
==58214== LL misses:           7,724,340  (      7,071,836 rd   +         652,504 wr)
==58214== LL miss rate:              0.0% (            0.0%     +             0.0%  )
