==47604== Cachegrind, a cache and branch-prediction profiler
==47604== Copyright (C) 2002-2017, and GNU GPL'd, by Nicholas Nethercote et al.
==47604== Using Valgrind-3.16.1 and LibVEX; rerun with -h for copyright info
==47604== Command: ./disparity .
==47604== 
--47604-- warning: L3 cache found, using its data for the LL simulation.
--47604-- warning: specified LL cache: line_size 64  assoc 11  total_size 25,952,256
--47604-- warning: simulated LL cache: line_size 64  assoc 12  total_size 25,165,824
BIP cache replacement will be used
BIP Throttle parameter is set to 0.031250
==47604== brk segment overflow in thread #1: can't grow to 0x4a37000
==47604== (see section Limitations in user manual)
==47604== NOTE: further instances of this message will not be shown
==47604== 
==47604== I   refs:      9,424,576,143
==47604== I1  misses:            2,064
==47604== LLi misses:            1,840
==47604== I1  miss rate:          0.00%
==47604== LLi miss rate:          0.00%
==47604== 
==47604== D   refs:      3,816,070,630  (2,559,180,301 rd   + 1,256,890,329 wr)
==47604== D1  misses:    1,042,526,133  (  696,586,169 rd   +   345,939,964 wr)
==47604== LLd misses:       80,695,516  (   35,683,284 rd   +    45,012,232 wr)
==47604== D1  miss rate:          27.3% (         27.2%     +          27.5%  )
==47604== LLd miss rate:           2.1% (          1.4%     +           3.6%  )
==47604== 
==47604== LL refs:       1,042,528,197  (  696,588,233 rd   +   345,939,964 wr)
==47604== LL misses:        80,697,356  (   35,685,124 rd   +    45,012,232 wr)
==47604== LL miss rate:            0.6% (          0.3%     +           3.6%  )
