==47602== Cachegrind, a cache and branch-prediction profiler
==47602== Copyright (C) 2002-2017, and GNU GPL'd, by Nicholas Nethercote et al.
==47602== Using Valgrind-3.16.1 and LibVEX; rerun with -h for copyright info
==47602== Command: ./disparity .
==47602== 
--47602-- warning: L3 cache found, using its data for the LL simulation.
--47602-- warning: specified LL cache: line_size 64  assoc 11  total_size 25,952,256
--47602-- warning: simulated LL cache: line_size 64  assoc 12  total_size 25,165,824
BIP cache replacement will be used
BIP Throttle parameter is set to 0.031250
==47602== brk segment overflow in thread #1: can't grow to 0x4a37000
==47602== (see section Limitations in user manual)
==47602== NOTE: further instances of this message will not be shown
==47602== 
==47602== I   refs:      9,424,576,143
==47602== I1  misses:       10,070,646
==47602== LLi misses:            1,852
==47602== I1  miss rate:          0.11%
==47602== LLi miss rate:          0.00%
==47602== 
==47602== D   refs:      3,816,070,630  (2,559,180,301 rd   + 1,256,890,329 wr)
==47602== D1  misses:    1,031,543,229  (  684,531,512 rd   +   347,011,717 wr)
==47602== LLd misses:       80,719,218  (   35,698,467 rd   +    45,020,751 wr)
==47602== D1  miss rate:          27.0% (         26.7%     +          27.6%  )
==47602== LLd miss rate:           2.1% (          1.4%     +           3.6%  )
==47602== 
==47602== LL refs:       1,041,613,875  (  694,602,158 rd   +   347,011,717 wr)
==47602== LL misses:        80,721,070  (   35,700,319 rd   +    45,020,751 wr)
==47602== LL miss rate:            0.6% (          0.3%     +           3.6%  )
