==23217== Cachegrind, a cache and branch-prediction profiler
==23217== Copyright (C) 2002-2017, and GNU GPL'd, by Nicholas Nethercote et al.
==23217== Using Valgrind-3.16.1 and LibVEX; rerun with -h for copyright info
==23217== Command: ./srr-small
==23217== 
--23217-- warning: L3 cache found, using its data for the LL simulation.
--23217-- warning: specified LL cache: line_size 64  assoc 11  total_size 25,952,256
--23217-- warning: simulated LL cache: line_size 64  assoc 12  total_size 25,165,824
BIP cache replacement will be used
BIP Throttle parameter is set to 0.015625
==23217== 
==23217== I   refs:      19,999,787,105
==23217== I1  misses:             1,503
==23217== LLi misses:             1,500
==23217== I1  miss rate:           0.00%
==23217== LLi miss rate:           0.00%
==23217== 
==23217== D   refs:       7,796,537,243  (5,247,433,899 rd   + 2,549,103,344 wr)
==23217== D1  misses:            13,402  (        2,551 rd   +        10,851 wr)
==23217== LLd misses:            13,379  (        2,530 rd   +        10,849 wr)
==23217== D1  miss rate:            0.0% (          0.0%     +           0.0%  )
==23217== LLd miss rate:            0.0% (          0.0%     +           0.0%  )
==23217== 
==23217== LL refs:               14,905  (        4,054 rd   +        10,851 wr)
==23217== LL misses:             14,879  (        4,030 rd   +        10,849 wr)
==23217== LL miss rate:             0.0% (          0.0%     +           0.0%  )
