==49841== Cachegrind, a cache and branch-prediction profiler
==49841== Copyright (C) 2002-2017, and GNU GPL'd, by Nicholas Nethercote et al.
==49841== Using Valgrind-3.16.1 and LibVEX; rerun with -h for copyright info
==49841== Command: ./stitch .
==49841== 
--49841-- warning: L3 cache found, using its data for the LL simulation.
--49841-- warning: specified LL cache: line_size 64  assoc 11  total_size 25,952,256
--49841-- warning: simulated LL cache: line_size 64  assoc 12  total_size 25,165,824
LRU cache replacement will be used
==49841== brk segment overflow in thread #1: can't grow to 0x4ae3000
==49841== (see section Limitations in user manual)
==49841== NOTE: further instances of this message will not be shown
==49841== 
==49841== I   refs:      8,280,657,689
==49841== I1  misses:            2,150
==49841== LLi misses:            1,694
==49841== I1  miss rate:          0.00%
==49841== LLi miss rate:          0.00%
==49841== 
==49841== D   refs:      2,251,787,239  (1,520,764,435 rd   + 731,022,804 wr)
==49841== D1  misses:      121,032,364  (   66,518,787 rd   +  54,513,577 wr)
==49841== LLd misses:          252,958  (        2,266 rd   +     250,692 wr)
==49841== D1  miss rate:           5.4% (          4.4%     +         7.5%  )
==49841== LLd miss rate:           0.0% (          0.0%     +         0.0%  )
==49841== 
==49841== LL refs:         121,034,514  (   66,520,937 rd   +  54,513,577 wr)
==49841== LL misses:           254,652  (        3,960 rd   +     250,692 wr)
==49841== LL miss rate:            0.0% (          0.0%     +         0.0%  )
