==61346== Cachegrind, a cache and branch-prediction profiler
==61346== Copyright (C) 2002-2017, and GNU GPL'd, by Nicholas Nethercote et al.
==61346== Using Valgrind-3.16.1 and LibVEX; rerun with -h for copyright info
==61346== Command: ./multi_ncut .
==61346== 
--61346-- warning: L3 cache found, using its data for the LL simulation.
--61346-- warning: specified LL cache: line_size 64  assoc 11  total_size 25,952,256
--61346-- warning: simulated LL cache: line_size 64  assoc 12  total_size 25,165,824
Input size		- (480x640)
Checking error: Values mismtach at 2910 element
Expected value = 0, observed = 1
Error in Multi N Cut
Cycles elapsed		- 329062745370008

==61346== 
==61346== I   refs:      9,010,866,281,764
==61346== I1  misses:           35,038,864
==61346== LLi misses:                1,746
==61346== I1  miss rate:              0.00%
==61346== LLi miss rate:              0.00%
==61346== 
==61346== D   refs:      1,501,929,834,880  (1,501,845,024,965 rd   + 84,809,915 wr)
==61346== D1  misses:       93,867,466,880  (   93,863,359,178 rd   +  4,107,702 wr)
==61346== LLd misses:              835,129  (          221,351 rd   +    613,778 wr)
==61346== D1  miss rate:               6.2% (              6.2%     +        4.8%  )
==61346== LLd miss rate:               0.0% (              0.0%     +        0.7%  )
==61346== 
==61346== LL refs:          93,902,505,744  (   93,898,398,042 rd   +  4,107,702 wr)
==61346== LL misses:               836,875  (          223,097 rd   +    613,778 wr)
==61346== LL miss rate:                0.0% (              0.0%     +        0.7%  )
