==40407== Cachegrind, a cache and branch-prediction profiler
==40407== Copyright (C) 2002-2017, and GNU GPL'd, by Nicholas Nethercote et al.
==40407== Using Valgrind-3.16.1 and LibVEX; rerun with -h for copyright info
==40407== Command: ./sift .
==40407== 
--40407-- warning: L3 cache found, using its data for the LL simulation.
--40407-- warning: specified LL cache: line_size 64  assoc 11  total_size 25,952,256
--40407-- warning: simulated LL cache: line_size 64  assoc 12  total_size 25,165,824
BIP cache replacement will be used
BIP Throttle parameter is set to 0.015625
==40407== 
==40407== I   refs:      288,805,098
==40407== I1  misses:          1,793
==40407== LLi misses:          1,779
==40407== I1  miss rate:        0.00%
==40407== LLi miss rate:        0.00%
==40407== 
==40407== D   refs:       87,842,395  (61,419,274 rd   + 26,423,121 wr)
==40407== D1  misses:        471,515  (   278,481 rd   +    193,034 wr)
==40407== LLd misses:        211,381  (    55,719 rd   +    155,662 wr)
==40407== D1  miss rate:         0.5% (       0.5%     +        0.7%  )
==40407== LLd miss rate:         0.2% (       0.1%     +        0.6%  )
==40407== 
==40407== LL refs:           473,308  (   280,274 rd   +    193,034 wr)
==40407== LL misses:         213,160  (    57,498 rd   +    155,662 wr)
==40407== LL miss rate:          0.1% (       0.0%     +        0.6%  )
