==44959== Cachegrind, a cache and branch-prediction profiler
==44959== Copyright (C) 2002-2017, and GNU GPL'd, by Nicholas Nethercote et al.
==44959== Using Valgrind-3.16.1 and LibVEX; rerun with -h for copyright info
==44959== Command: ./kmeans-large ../datasets/MINST 10000 748 10
==44959== 
--44959-- warning: L3 cache found, using its data for the LL simulation.
--44959-- warning: specified LL cache: line_size 64  assoc 11  total_size 25,952,256
--44959-- warning: simulated LL cache: line_size 64  assoc 12  total_size 25,165,824
LIP cache replacement will be used
==44959== brk segment overflow in thread #1: can't grow to 0x4a44000
==44959== (see section Limitations in user manual)
==44959== NOTE: further instances of this message will not be shown
==44959== 
==44959== I   refs:      31,864,461,079
==44959== I1  misses:       632,955,845
==44959== LLi misses:             1,704
==44959== I1  miss rate:           1.99%
==44959== LLi miss rate:           0.00%
==44959== 
==44959== D   refs:       9,488,889,170  (8,195,422,232 rd   + 1,293,466,938 wr)
==44959== D1  misses:     1,018,311,852  (1,008,015,887 rd   +    10,295,965 wr)
==44959== LLd misses:        39,425,139  (   37,526,629 rd   +     1,898,510 wr)
==44959== D1  miss rate:           10.7% (         12.3%     +           0.8%  )
==44959== LLd miss rate:            0.4% (          0.5%     +           0.1%  )
==44959== 
==44959== LL refs:        1,651,267,697  (1,640,971,732 rd   +    10,295,965 wr)
==44959== LL misses:         39,426,843  (   37,528,333 rd   +     1,898,510 wr)
==44959== LL miss rate:             0.1% (          0.1%     +           0.1%  )
