==52097== Cachegrind, a cache and branch-prediction profiler
==52097== Copyright (C) 2002-2017, and GNU GPL'd, by Nicholas Nethercote et al.
==52097== Using Valgrind-3.16.1 and LibVEX; rerun with -h for copyright info
==52097== Command: ./a.out large.txt
==52097== 
--52097-- warning: L3 cache found, using its data for the LL simulation.
--52097-- warning: specified LL cache: line_size 64  assoc 11  total_size 25,952,256
--52097-- warning: simulated LL cache: line_size 64  assoc 12  total_size 25,165,824
BIP cache replacement will be used
BIP Throttle parameter is set to 0.015625
==52097== 
==52097== I   refs:      166,691,482,179
==52097== I1  misses:              1,789
==52097== LLi misses:              1,785
==52097== I1  miss rate:            0.00%
==52097== LLi miss rate:            0.00%
==52097== 
==52097== D   refs:      104,424,129,671  (95,529,538,740 rd   + 8,894,590,931 wr)
==52097== D1  misses:        128,833,901  (   128,262,334 rd   +       571,567 wr)
==52097== LLd misses:          2,327,352  (     1,954,659 rd   +       372,693 wr)
==52097== D1  miss rate:             0.1% (           0.1%     +           0.0%  )
==52097== LLd miss rate:             0.0% (           0.0%     +           0.0%  )
==52097== 
==52097== LL refs:           128,835,690  (   128,264,123 rd   +       571,567 wr)
==52097== LL misses:           2,329,137  (     1,956,444 rd   +       372,693 wr)
==52097== LL miss rate:              0.0% (           0.0%     +           0.0%  )
