==41847== Cachegrind, a cache and branch-prediction profiler
==41847== Copyright (C) 2002-2017, and GNU GPL'd, by Nicholas Nethercote et al.
==41847== Using Valgrind-3.16.1 and LibVEX; rerun with -h for copyright info
==41847== Command: ./liblinear-tmedium data/10B/epsilon
==41847== 
--41847-- warning: L3 cache found, using its data for the LL simulation.
--41847-- warning: specified LL cache: line_size 64  assoc 11  total_size 25,952,256
--41847-- warning: simulated LL cache: line_size 64  assoc 12  total_size 25,165,824
BIP cache replacement will be used
BIP Throttle parameter is set to 0.062500
==41847== 
==41847== I   refs:      19,285,289,580
==41847== I1  misses:             1,869
==41847== LLi misses:             1,834
==41847== I1  miss rate:           0.00%
==41847== LLi miss rate:           0.00%
==41847== 
==41847== D   refs:       5,666,485,978  (3,947,048,633 rd   + 1,719,437,345 wr)
==41847== D1  misses:        40,593,958  (   37,443,243 rd   +     3,150,715 wr)
==41847== LLd misses:        37,242,441  (   34,107,976 rd   +     3,134,465 wr)
==41847== D1  miss rate:            0.7% (          0.9%     +           0.2%  )
==41847== LLd miss rate:            0.7% (          0.9%     +           0.2%  )
==41847== 
==41847== LL refs:           40,595,827  (   37,445,112 rd   +     3,150,715 wr)
==41847== LL misses:         37,244,275  (   34,109,810 rd   +     3,134,465 wr)
==41847== LL miss rate:             0.1% (          0.1%     +           0.2%  )
