==30972== Cachegrind, a cache and branch-prediction profiler
==30972== Copyright (C) 2002-2017, and GNU GPL'd, by Nicholas Nethercote et al.
==30972== Using Valgrind-3.16.1 and LibVEX; rerun with -h for copyright info
==30972== Command: ./lda-small est .1 3 settings.txt small/small_data.dat random small/result
==30972== 
--30972-- warning: L3 cache found, using its data for the LL simulation.
--30972-- warning: specified LL cache: line_size 64  assoc 11  total_size 25,952,256
--30972-- warning: simulated LL cache: line_size 64  assoc 12  total_size 25,165,824
BIP cache replacement will be used
BIP Throttle parameter is set to 0.015625
==30972== 
==30972== I   refs:      31,051,917,763
==30972== I1  misses:            14,338
==30972== LLi misses:             2,338
==30972== I1  miss rate:           0.00%
==30972== LLi miss rate:           0.00%
==30972== 
==30972== D   refs:      11,748,095,911  (8,899,906,025 rd   + 2,848,189,886 wr)
==30972== D1  misses:       137,704,703  (  135,922,416 rd   +     1,782,287 wr)
==30972== LLd misses:            16,015  (        2,903 rd   +        13,112 wr)
==30972== D1  miss rate:            1.2% (          1.5%     +           0.1%  )
==30972== LLd miss rate:            0.0% (          0.0%     +           0.0%  )
==30972== 
==30972== LL refs:          137,719,041  (  135,936,754 rd   +     1,782,287 wr)
==30972== LL misses:             18,353  (        5,241 rd   +        13,112 wr)
==30972== LL miss rate:             0.0% (          0.0%     +           0.0%  )
