==36243== Cachegrind, a cache and branch-prediction profiler
==36243== Copyright (C) 2002-2017, and GNU GPL'd, by Nicholas Nethercote et al.
==36243== Using Valgrind-3.16.1 and LibVEX; rerun with -h for copyright info
==36243== Command: ./mser .
==36243== 
--36243-- warning: L3 cache found, using its data for the LL simulation.
--36243-- warning: specified LL cache: line_size 64  assoc 11  total_size 25,952,256
--36243-- warning: simulated LL cache: line_size 64  assoc 12  total_size 25,165,824
Random cache replacement will be used
==36243== 
==36243== I   refs:      39,996,100
==36243== I1  misses:         1,518
==36243== LLi misses:         1,514
==36243== I1  miss rate:       0.00%
==36243== LLi miss rate:       0.00%
==36243== 
==36243== D   refs:      15,054,676  (10,245,444 rd   + 4,809,232 wr)
==36243== D1  misses:        22,380  (     3,986 rd   +    18,394 wr)
==36243== LLd misses:        20,692  (     2,430 rd   +    18,262 wr)
==36243== D1  miss rate:        0.1% (       0.0%     +       0.4%  )
==36243== LLd miss rate:        0.1% (       0.0%     +       0.4%  )
==36243== 
==36243== LL refs:           23,898  (     5,504 rd   +    18,394 wr)
==36243== LL misses:         22,206  (     3,944 rd   +    18,262 wr)
==36243== LL miss rate:         0.0% (       0.0%     +       0.4%  )
