==48684== Cachegrind, a cache and branch-prediction profiler
==48684== Copyright (C) 2002-2017, and GNU GPL'd, by Nicholas Nethercote et al.
==48684== Using Valgrind-3.16.1 and LibVEX; rerun with -h for copyright info
==48684== Command: ./stitch .
==48684== 
--48684-- warning: L3 cache found, using its data for the LL simulation.
--48684-- warning: specified LL cache: line_size 64  assoc 11  total_size 25,952,256
--48684-- warning: simulated LL cache: line_size 64  assoc 12  total_size 25,165,824
LRU cache replacement will be used
==48684== brk segment overflow in thread #1: can't grow to 0x4a37000
==48684== (see section Limitations in user manual)
==48684== NOTE: further instances of this message will not be shown
==48684== 
==48684== I   refs:      253,517,705,710
==48684== I1  misses:              2,624
==48684== LLi misses:              1,707
==48684== I1  miss rate:            0.00%
==48684== LLi miss rate:            0.00%
==48684== 
==48684== D   refs:       68,980,624,510  (45,322,620,961 rd   + 23,658,003,549 wr)
==48684== D1  misses:      4,383,212,068  ( 2,434,681,755 rd   +  1,948,530,313 wr)
==48684== LLd misses:          3,949,182  (     1,613,657 rd   +      2,335,525 wr)
==48684== D1  miss rate:             6.4% (           5.4%     +            8.2%  )
==48684== LLd miss rate:             0.0% (           0.0%     +            0.0%  )
==48684== 
==48684== LL refs:         4,383,214,692  ( 2,434,684,379 rd   +  1,948,530,313 wr)
==48684== LL misses:           3,950,889  (     1,615,364 rd   +      2,335,525 wr)
==48684== LL miss rate:              0.0% (           0.0%     +            0.0%  )
