==16366== Cachegrind, a cache and branch-prediction profiler
==16366== Copyright (C) 2002-2017, and GNU GPL'd, by Nicholas Nethercote et al.
==16366== Using Valgrind-3.16.1 and LibVEX; rerun with -h for copyright info
==16366== Command: ./lda-large est .1 3 settings.txt large/large_data.dat random large/results
==16366== 
--16366-- warning: L3 cache found, using its data for the LL simulation.
--16366-- warning: specified LL cache: line_size 64  assoc 11  total_size 25,952,256
--16366-- warning: simulated LL cache: line_size 64  assoc 12  total_size 25,165,824
BIP cache replacement will be used
BIP Throttle parameter is set to 0.015625
==16366== 
==16366== I   refs:      168,644,656,198
==16366== I1  misses:              2,174
==16366== LLi misses:              2,170
==16366== I1  miss rate:            0.00%
==16366== LLi miss rate:            0.00%
==16366== 
==16366== D   refs:       63,377,944,658  (48,188,812,405 rd   + 15,189,132,253 wr)
==16366== D1  misses:            998,741  (       925,108 rd   +         73,633 wr)
==16366== LLd misses:            319,588  (       259,845 rd   +         59,743 wr)
==16366== D1  miss rate:             0.0% (           0.0%     +            0.0%  )
==16366== LLd miss rate:             0.0% (           0.0%     +            0.0%  )
==16366== 
==16366== LL refs:             1,000,915  (       927,282 rd   +         73,633 wr)
==16366== LL misses:             321,758  (       262,015 rd   +         59,743 wr)
==16366== LL miss rate:              0.0% (           0.0%     +            0.0%  )
