==58502== Cachegrind, a cache and branch-prediction profiler
==58502== Copyright (C) 2002-2017, and GNU GPL'd, by Nicholas Nethercote et al.
==58502== Using Valgrind-3.16.1 and LibVEX; rerun with -h for copyright info
==58502== Command: ./spc-medium ../datasets/Aggregation 788 2 7 0.707 1
==58502== 
--58502-- warning: L3 cache found, using its data for the LL simulation.
--58502-- warning: specified LL cache: line_size 64  assoc 11  total_size 25,952,256
--58502-- warning: simulated LL cache: line_size 64  assoc 12  total_size 25,165,824
BIP cache replacement will be used
BIP Throttle parameter is set to 0.062500
==58502== 
==58502== I   refs:      11,307,967,277
==58502== I1  misses:             1,964
==58502== LLi misses:             1,798
==58502== I1  miss rate:           0.00%
==58502== LLi miss rate:           0.00%
==58502== 
==58502== D   refs:       4,030,824,652  (2,697,589,544 rd   + 1,333,235,108 wr)
==58502== D1  misses:       100,315,044  (   99,853,757 rd   +       461,287 wr)
==58502== LLd misses:           198,848  (      117,356 rd   +        81,492 wr)
==58502== D1  miss rate:            2.5% (          3.7%     +           0.0%  )
==58502== LLd miss rate:            0.0% (          0.0%     +           0.0%  )
==58502== 
==58502== LL refs:          100,317,008  (   99,855,721 rd   +       461,287 wr)
==58502== LL misses:            200,646  (      119,154 rd   +        81,492 wr)
==58502== LL miss rate:             0.0% (          0.0%     +           0.0%  )
