==40359== Cachegrind, a cache and branch-prediction profiler
==40359== Copyright (C) 2002-2017, and GNU GPL'd, by Nicholas Nethercote et al.
==40359== Using Valgrind-3.16.1 and LibVEX; rerun with -h for copyright info
==40359== Command: ./texture_synthesis .
==40359== 
--40359-- warning: L3 cache found, using its data for the LL simulation.
--40359-- warning: specified LL cache: line_size 64  assoc 11  total_size 25,952,256
--40359-- warning: simulated LL cache: line_size 64  assoc 12  total_size 25,165,824
LRU cache replacement will be used
==40359== 
==40359== I   refs:      704,697,891
==40359== I1  misses:     65,129,209
==40359== LLi misses:          1,584
==40359== I1  miss rate:        9.24%
==40359== LLi miss rate:        0.00%
==40359== 
==40359== D   refs:      259,575,848  (176,442,885 rd   + 83,132,963 wr)
==40359== D1  misses:     15,271,788  ( 12,405,669 rd   +  2,866,119 wr)
==40359== LLd misses:        107,919  (      2,331 rd   +    105,588 wr)
==40359== D1  miss rate:         5.9% (        7.0%     +        3.4%  )
==40359== LLd miss rate:         0.0% (        0.0%     +        0.1%  )
==40359== 
==40359== LL refs:        80,400,997  ( 77,534,878 rd   +  2,866,119 wr)
==40359== LL misses:         109,503  (      3,915 rd   +    105,588 wr)
==40359== LL miss rate:          0.0% (        0.0%     +        0.1%  )
