==39333== Cachegrind, a cache and branch-prediction profiler
==39333== Copyright (C) 2002-2017, and GNU GPL'd, by Nicholas Nethercote et al.
==39333== Using Valgrind-3.16.1 and LibVEX; rerun with -h for copyright info
==39333== Command: ./lda-large est .1 3 settings.txt large/large_data.dat random large/results
==39333== 
--39333-- warning: L3 cache found, using its data for the LL simulation.
--39333-- warning: specified LL cache: line_size 64  assoc 11  total_size 25,952,256
--39333-- warning: simulated LL cache: line_size 64  assoc 12  total_size 25,165,824
BIP cache replacement will be used
BIP Throttle parameter is set to 0.062500
==39333== 
==39333== I   refs:      178,806,662,429
==39333== I1  misses:             13,644
==39333== LLi misses:              2,374
==39333== I1  miss rate:            0.00%
==39333== LLi miss rate:            0.00%
==39333== 
==39333== D   refs:       67,183,352,979  (51,084,739,489 rd   + 16,098,613,490 wr)
==39333== D1  misses:        823,744,536  (   815,544,975 rd   +      8,199,561 wr)
==39333== LLd misses:             60,237  (        10,010 rd   +         50,227 wr)
==39333== D1  miss rate:             1.2% (           1.6%     +            0.1%  )
==39333== LLd miss rate:             0.0% (           0.0%     +            0.0%  )
==39333== 
==39333== LL refs:           823,758,180  (   815,558,619 rd   +      8,199,561 wr)
==39333== LL misses:              62,611  (        12,384 rd   +         50,227 wr)
==39333== LL miss rate:              0.0% (           0.0%     +            0.0%  )
