==34385== Cachegrind, a cache and branch-prediction profiler
==34385== Copyright (C) 2002-2017, and GNU GPL'd, by Nicholas Nethercote et al.
==34385== Using Valgrind-3.16.1 and LibVEX; rerun with -h for copyright info
==34385== Command: ./pca-small small.data 1593 256 R
==34385== 
--34385-- warning: L3 cache found, using its data for the LL simulation.
--34385-- warning: specified LL cache: line_size 64  assoc 11  total_size 25,952,256
--34385-- warning: simulated LL cache: line_size 64  assoc 12  total_size 25,165,824
BIP cache replacement will be used
BIP Throttle parameter is set to 0.031250
==34385== 
==34385== I   refs:      1,489,668,691
==34385== I1  misses:            1,633
==34385== LLi misses:            1,628
==34385== I1  miss rate:          0.00%
==34385== LLi miss rate:          0.00%
==34385== 
==34385== D   refs:        597,905,808  (426,152,920 rd   + 171,752,888 wr)
==34385== D1  misses:       41,556,011  ( 41,086,519 rd   +     469,492 wr)
==34385== LLd misses:           37,825  (      2,586 rd   +      35,239 wr)
==34385== D1  miss rate:           7.0% (        9.6%     +         0.3%  )
==34385== LLd miss rate:           0.0% (        0.0%     +         0.0%  )
==34385== 
==34385== LL refs:          41,557,644  ( 41,088,152 rd   +     469,492 wr)
==34385== LL misses:            39,453  (      4,214 rd   +      35,239 wr)
==34385== LL miss rate:            0.0% (        0.0%     +         0.0%  )
