==41754== Cachegrind, a cache and branch-prediction profiler
==41754== Copyright (C) 2002-2017, and GNU GPL'd, by Nicholas Nethercote et al.
==41754== Using Valgrind-3.16.1 and LibVEX; rerun with -h for copyright info
==41754== Command: ./liblinear-tmedium data/10B/epsilon
==41754== 
--41754-- warning: L3 cache found, using its data for the LL simulation.
--41754-- warning: specified LL cache: line_size 64  assoc 11  total_size 25,952,256
--41754-- warning: simulated LL cache: line_size 64  assoc 12  total_size 25,165,824
BIP cache replacement will be used
BIP Throttle parameter is set to 0.062500
==41754== 
==41754== I   refs:      19,285,289,592
==41754== I1  misses:     1,631,690,884
==41754== LLi misses:             2,480
==41754== I1  miss rate:           8.46%
==41754== LLi miss rate:           0.00%
==41754== 
==41754== D   refs:       5,666,485,980  (3,947,048,634 rd   + 1,719,437,346 wr)
==41754== D1  misses:       844,422,118  (  691,660,383 rd   +   152,761,735 wr)
==41754== LLd misses:        39,747,543  (   36,613,032 rd   +     3,134,511 wr)
==41754== D1  miss rate:           14.9% (         17.5%     +           8.9%  )
==41754== LLd miss rate:            0.7% (          0.9%     +           0.2%  )
==41754== 
==41754== LL refs:        2,476,113,002  (2,323,351,267 rd   +   152,761,735 wr)
==41754== LL misses:         39,750,023  (   36,615,512 rd   +     3,134,511 wr)
==41754== LL miss rate:             0.2% (          0.2%     +           0.2%  )
