==44665== Cachegrind, a cache and branch-prediction profiler
==44665== Copyright (C) 2002-2017, and GNU GPL'd, by Nicholas Nethercote et al.
==44665== Using Valgrind-3.16.1 and LibVEX; rerun with -h for copyright info
==44665== Command: ./disparity .
==44665== 
--44665-- warning: L3 cache found, using its data for the LL simulation.
--44665-- warning: specified LL cache: line_size 64  assoc 11  total_size 25,952,256
--44665-- warning: simulated LL cache: line_size 64  assoc 12  total_size 25,165,824
BIP cache replacement will be used
BIP Throttle parameter is set to 0.015625
==44665== 
==44665== I   refs:      1,281,749,480
==44665== I1  misses:        3,914,132
==44665== LLi misses:            1,555
==44665== I1  miss rate:          0.31%
==44665== LLi miss rate:          0.00%
==44665== 
==44665== D   refs:        519,594,058  (348,916,506 rd   + 170,677,552 wr)
==44665== D1  misses:       40,363,574  ( 23,391,685 rd   +  16,971,889 wr)
==44665== LLd misses:          345,053  (     94,433 rd   +     250,620 wr)
==44665== D1  miss rate:           7.8% (        6.7%     +         9.9%  )
==44665== LLd miss rate:           0.1% (        0.0%     +         0.1%  )
==44665== 
==44665== LL refs:          44,277,706  ( 27,305,817 rd   +  16,971,889 wr)
==44665== LL misses:           346,608  (     95,988 rd   +     250,620 wr)
==44665== LL miss rate:            0.0% (        0.0%     +         0.1%  )
