==53706== Cachegrind, a cache and branch-prediction profiler
==53706== Copyright (C) 2002-2017, and GNU GPL'd, by Nicholas Nethercote et al.
==53706== Using Valgrind-3.16.1 and LibVEX; rerun with -h for copyright info
==53706== Command: ./pca-medium medium.data 722 800 R
==53706== 
--53706-- warning: L3 cache found, using its data for the LL simulation.
--53706-- warning: specified LL cache: line_size 64  assoc 11  total_size 25,952,256
--53706-- warning: simulated LL cache: line_size 64  assoc 12  total_size 25,165,824
BIP cache replacement will be used
BIP Throttle parameter is set to 0.062500
==53706== 
==53706== I   refs:      14,218,322,069
==53706== I1  misses:        71,199,451
==53706== LLi misses:             1,667
==53706== I1  miss rate:           0.50%
==53706== LLi miss rate:           0.00%
==53706== 
==53706== D   refs:       5,351,602,366  (4,031,779,695 rd   + 1,319,822,671 wr)
==53706== D1  misses:     1,672,230,872  (1,666,795,947 rd   +     5,434,925 wr)
==53706== LLd misses:           161,648  (       36,600 rd   +       125,048 wr)
==53706== D1  miss rate:           31.2% (         41.3%     +           0.4%  )
==53706== LLd miss rate:            0.0% (          0.0%     +           0.0%  )
==53706== 
==53706== LL refs:        1,743,430,323  (1,737,995,398 rd   +     5,434,925 wr)
==53706== LL misses:            163,315  (       38,267 rd   +       125,048 wr)
==53706== LL miss rate:             0.0% (          0.0%     +           0.0%  )
