==24549== Cachegrind, a cache and branch-prediction profiler
==24549== Copyright (C) 2002-2017, and GNU GPL'd, by Nicholas Nethercote et al.
==24549== Using Valgrind-3.16.1 and LibVEX; rerun with -h for copyright info
==24549== Command: ./spc-small ../datasets/R15 600 2 15 0.707 1 2
==24549== 
--24549-- warning: L3 cache found, using its data for the LL simulation.
--24549-- warning: specified LL cache: line_size 64  assoc 11  total_size 25,952,256
--24549-- warning: simulated LL cache: line_size 64  assoc 12  total_size 25,165,824
Random cache replacement will be used
==24549== 
==24549== I   refs:      217,567
==24549== I1  misses:      1,263
==24549== LLi misses:      1,089
==24549== I1  miss rate:    0.58%
==24549== LLi miss rate:    0.50%
==24549== 
==24549== D   refs:       69,350  (54,870 rd   + 14,480 wr)
==24549== D1  misses:      3,690  ( 2,968 rd   +    722 wr)
==24549== LLd misses:      2,785  ( 2,180 rd   +    605 wr)
==24549== D1  miss rate:     5.3% (   5.4%     +    5.0%  )
==24549== LLd miss rate:     4.0% (   4.0%     +    4.2%  )
==24549== 
==24549== LL refs:         4,953  ( 4,231 rd   +    722 wr)
==24549== LL misses:       3,874  ( 3,269 rd   +    605 wr)
==24549== LL miss rate:      1.4% (   1.2%     +    4.2%  )
