==38614== Cachegrind, a cache and branch-prediction profiler
==38614== Copyright (C) 2002-2017, and GNU GPL'd, by Nicholas Nethercote et al.
==38614== Using Valgrind-3.16.1 and LibVEX; rerun with -h for copyright info
==38614== Command: ./sift .
==38614== 
--38614-- warning: L3 cache found, using its data for the LL simulation.
--38614-- warning: specified LL cache: line_size 64  assoc 11  total_size 25,952,256
--38614-- warning: simulated LL cache: line_size 64  assoc 12  total_size 25,165,824
LIP cache replacement will be used
==38614== brk segment overflow in thread #1: can't grow to 0x4cd9000
==38614== (see section Limitations in user manual)
==38614== NOTE: further instances of this message will not be shown
==38614== 
==38614== I   refs:      3,167,698,658
==38614== I1  misses:           13,124
==38614== LLi misses:            2,552
==38614== I1  miss rate:          0.00%
==38614== LLi miss rate:          0.00%
==38614== 
==38614== D   refs:        974,218,288  (676,537,038 rd   + 297,681,250 wr)
==38614== D1  misses:      144,929,729  (127,161,520 rd   +  17,768,209 wr)
==38614== LLd misses:        3,778,125  (  1,996,335 rd   +   1,781,790 wr)
==38614== D1  miss rate:          14.9% (       18.8%     +         6.0%  )
==38614== LLd miss rate:           0.4% (        0.3%     +         0.6%  )
==38614== 
==38614== LL refs:         144,942,853  (127,174,644 rd   +  17,768,209 wr)
==38614== LL misses:         3,780,677  (  1,998,887 rd   +   1,781,790 wr)
==38614== LL miss rate:            0.1% (        0.1%     +         0.6%  )
