==51453== Cachegrind, a cache and branch-prediction profiler
==51453== Copyright (C) 2002-2017, and GNU GPL'd, by Nicholas Nethercote et al.
==51453== Using Valgrind-3.16.1 and LibVEX; rerun with -h for copyright info
==51453== Command: ./rbm-large
==51453== 
--51453-- warning: L3 cache found, using its data for the LL simulation.
--51453-- warning: specified LL cache: line_size 64  assoc 11  total_size 25,952,256
--51453-- warning: simulated LL cache: line_size 64  assoc 12  total_size 25,165,824
BIP cache replacement will be used
BIP Throttle parameter is set to 0.062500
==51453== 
==51453== I   refs:      119,676,070,063
==51453== I1  misses:         15,634,741
==51453== LLi misses:              1,570
==51453== I1  miss rate:            0.01%
==51453== LLi miss rate:            0.00%
==51453== 
==51453== D   refs:       35,862,087,164  (27,106,383,010 rd   + 8,755,704,154 wr)
==51453== D1  misses:      5,169,757,288  ( 4,729,612,885 rd   +   440,144,403 wr)
==51453== LLd misses:             47,694  (        23,991 rd   +        23,703 wr)
==51453== D1  miss rate:            14.4% (          17.4%     +           5.0%  )
==51453== LLd miss rate:             0.0% (           0.0%     +           0.0%  )
==51453== 
==51453== LL refs:         5,185,392,029  ( 4,745,247,626 rd   +   440,144,403 wr)
==51453== LL misses:              49,264  (        25,561 rd   +        23,703 wr)
==51453== LL miss rate:              0.0% (           0.0%     +           0.0%  )
