==27193== Cachegrind, a cache and branch-prediction profiler
==27193== Copyright (C) 2002-2017, and GNU GPL'd, by Nicholas Nethercote et al.
==27193== Using Valgrind-3.16.1 and LibVEX; rerun with -h for copyright info
==27193== Command: ./tracking .
==27193== 
--27193-- warning: L3 cache found, using its data for the LL simulation.
--27193-- warning: specified LL cache: line_size 64  assoc 11  total_size 25,952,256
--27193-- warning: simulated LL cache: line_size 64  assoc 12  total_size 25,165,824
BIP cache replacement will be used
BIP Throttle parameter is set to 0.031250
==27193== 
==27193== I   refs:      426,561,167
==27193== I1  misses:         35,331
==27193== LLi misses:          1,881
==27193== I1  miss rate:        0.01%
==27193== LLi miss rate:        0.00%
==27193== 
==27193== D   refs:      140,543,717  (98,243,011 rd   + 42,300,706 wr)
==27193== D1  misses:      6,652,230  ( 5,157,130 rd   +  1,495,100 wr)
==27193== LLd misses:         96,616  (     2,479 rd   +     94,137 wr)
==27193== D1  miss rate:         4.7% (       5.2%     +        3.5%  )
==27193== LLd miss rate:         0.1% (       0.0%     +        0.2%  )
==27193== 
==27193== LL refs:         6,687,561  ( 5,192,461 rd   +  1,495,100 wr)
==27193== LL misses:          98,497  (     4,360 rd   +     94,137 wr)
==27193== LL miss rate:          0.0% (       0.0%     +        0.2%  )
