==43832== Cachegrind, a cache and branch-prediction profiler
==43832== Copyright (C) 2002-2017, and GNU GPL'd, by Nicholas Nethercote et al.
==43832== Using Valgrind-3.16.1 and LibVEX; rerun with -h for copyright info
==43832== Command: ./lda-medium est .1 3 settings.txt medium/medium_data.dat random medium/results
==43832== 
--43832-- warning: L3 cache found, using its data for the LL simulation.
--43832-- warning: specified LL cache: line_size 64  assoc 11  total_size 25,952,256
--43832-- warning: simulated LL cache: line_size 64  assoc 12  total_size 25,165,824
LRU cache replacement will be used
==43832== 
==43832== I   refs:      67,971,914,223
==43832== I1  misses:             2,179
==43832== LLi misses:             2,175
==43832== I1  miss rate:           0.00%
==43832== LLi miss rate:           0.00%
==43832== 
==43832== D   refs:      25,552,954,354  (19,414,279,039 rd   + 6,138,675,315 wr)
==43832== D1  misses:            30,265  (         3,460 rd   +        26,805 wr)
==43832== LLd misses:            29,580  (         2,778 rd   +        26,802 wr)
==43832== D1  miss rate:            0.0% (           0.0%     +           0.0%  )
==43832== LLd miss rate:            0.0% (           0.0%     +           0.0%  )
==43832== 
==43832== LL refs:               32,444  (         5,639 rd   +        26,805 wr)
==43832== LL misses:             31,755  (         4,953 rd   +        26,802 wr)
==43832== LL miss rate:             0.0% (           0.0%     +           0.0%  )
