==23211== Cachegrind, a cache and branch-prediction profiler
==23211== Copyright (C) 2002-2017, and GNU GPL'd, by Nicholas Nethercote et al.
==23211== Using Valgrind-3.16.1 and LibVEX; rerun with -h for copyright info
==23211== Command: ./srr-small
==23211== 
--23211-- warning: L3 cache found, using its data for the LL simulation.
--23211-- warning: specified LL cache: line_size 64  assoc 11  total_size 25,952,256
--23211-- warning: simulated LL cache: line_size 64  assoc 12  total_size 25,165,824
BIP cache replacement will be used
BIP Throttle parameter is set to 0.015625
==23211== 
==23211== I   refs:      19,999,787,093
==23211== I1  misses:             1,784
==23211== LLi misses:             1,500
==23211== I1  miss rate:           0.00%
==23211== LLi miss rate:           0.00%
==23211== 
==23211== D   refs:       7,796,537,241  (5,247,433,898 rd   + 2,549,103,343 wr)
==23211== D1  misses:            15,623  (        4,767 rd   +        10,856 wr)
==23211== LLd misses:            13,408  (        2,557 rd   +        10,851 wr)
==23211== D1  miss rate:            0.0% (          0.0%     +           0.0%  )
==23211== LLd miss rate:            0.0% (          0.0%     +           0.0%  )
==23211== 
==23211== LL refs:               17,407  (        6,551 rd   +        10,856 wr)
==23211== LL misses:             14,908  (        4,057 rd   +        10,851 wr)
==23211== LL miss rate:             0.0% (          0.0%     +           0.0%  )
