==23779== Cachegrind, a cache and branch-prediction profiler
==23779== Copyright (C) 2002-2017, and GNU GPL'd, by Nicholas Nethercote et al.
==23779== Using Valgrind-3.16.1 and LibVEX; rerun with -h for copyright info
==23779== Command: ./a.out small.txt
==23779== 
--23779-- warning: L3 cache found, using its data for the LL simulation.
--23779-- warning: specified LL cache: line_size 64  assoc 11  total_size 25,952,256
--23779-- warning: simulated LL cache: line_size 64  assoc 12  total_size 25,165,824
FIFO cache replacement will be used
==23779== 
==23779== I   refs:      219,666,586
==23779== I1  misses:      3,842,692
==23779== LLi misses:          1,758
==23779== I1  miss rate:        1.75%
==23779== LLi miss rate:        0.00%
==23779== 
==23779== D   refs:      128,686,218  (113,044,780 rd   + 15,641,438 wr)
==23779== D1  misses:      7,947,631  (  7,363,369 rd   +    584,262 wr)
==23779== LLd misses:          5,399  (      2,286 rd   +      3,113 wr)
==23779== D1  miss rate:         6.2% (        6.5%     +        3.7%  )
==23779== LLd miss rate:         0.0% (        0.0%     +        0.0%  )
==23779== 
==23779== LL refs:        11,790,323  ( 11,206,061 rd   +    584,262 wr)
==23779== LL misses:           7,157  (      4,044 rd   +      3,113 wr)
==23779== LL miss rate:          0.0% (        0.0%     +        0.0%  )
