==37207== Cachegrind, a cache and branch-prediction profiler
==37207== Copyright (C) 2002-2017, and GNU GPL'd, by Nicholas Nethercote et al.
==37207== Using Valgrind-3.16.1 and LibVEX; rerun with -h for copyright info
==37207== Command: ./disparity .
==37207== 
--37207-- warning: L3 cache found, using its data for the LL simulation.
--37207-- warning: specified LL cache: line_size 64  assoc 11  total_size 25,952,256
--37207-- warning: simulated LL cache: line_size 64  assoc 12  total_size 25,165,824
LIP cache replacement will be used
==37207== 
==37207== I   refs:      126,238,856
==37207== I1  misses:          1,513
==37207== LLi misses:          1,502
==37207== I1  miss rate:        0.00%
==37207== LLi miss rate:        0.00%
==37207== 
==37207== D   refs:       50,959,901  (34,248,434 rd   + 16,711,467 wr)
==37207== D1  misses:      1,024,520  (   537,598 rd   +    486,922 wr)
==37207== LLd misses:         20,952  (     2,429 rd   +     18,523 wr)
==37207== D1  miss rate:         2.0% (       1.6%     +        2.9%  )
==37207== LLd miss rate:         0.0% (       0.0%     +        0.1%  )
==37207== 
==37207== LL refs:         1,026,033  (   539,111 rd   +    486,922 wr)
==37207== LL misses:          22,454  (     3,931 rd   +     18,523 wr)
==37207== LL miss rate:          0.0% (       0.0%     +        0.1%  )
