==42462== Cachegrind, a cache and branch-prediction profiler
==42462== Copyright (C) 2002-2017, and GNU GPL'd, by Nicholas Nethercote et al.
==42462== Using Valgrind-3.16.1 and LibVEX; rerun with -h for copyright info
==42462== Command: ./disparity .
==42462== 
--42462-- warning: L3 cache found, using its data for the LL simulation.
--42462-- warning: specified LL cache: line_size 64  assoc 11  total_size 25,952,256
--42462-- warning: simulated LL cache: line_size 64  assoc 12  total_size 25,165,824
LRU cache replacement will be used
==42462== brk segment overflow in thread #1: can't grow to 0x4a37000
==42462== (see section Limitations in user manual)
==42462== NOTE: further instances of this message will not be shown
==42462== 
==42462== I   refs:      9,424,576,324
==42462== I1  misses:            2,038
==42462== LLi misses:            1,737
==42462== I1  miss rate:          0.00%
==42462== LLi miss rate:          0.00%
==42462== 
==42462== D   refs:      3,816,070,782  (2,559,180,384 rd   + 1,256,890,398 wr)
==42462== D1  misses:      420,607,691  (  250,990,111 rd   +   169,617,580 wr)
==42462== LLd misses:       64,410,950  (   27,865,294 rd   +    36,545,656 wr)
==42462== D1  miss rate:          11.0% (          9.8%     +          13.5%  )
==42462== LLd miss rate:           1.7% (          1.1%     +           2.9%  )
==42462== 
==42462== LL refs:         420,609,729  (  250,992,149 rd   +   169,617,580 wr)
==42462== LL misses:        64,412,687  (   27,867,031 rd   +    36,545,656 wr)
==42462== LL miss rate:            0.5% (          0.2%     +           2.9%  )
