==52296== Cachegrind, a cache and branch-prediction profiler
==52296== Copyright (C) 2002-2017, and GNU GPL'd, by Nicholas Nethercote et al.
==52296== Using Valgrind-3.16.1 and LibVEX; rerun with -h for copyright info
==52296== Command: ./tracking .
==52296== 
--52296-- warning: L3 cache found, using its data for the LL simulation.
--52296-- warning: specified LL cache: line_size 64  assoc 11  total_size 25,952,256
--52296-- warning: simulated LL cache: line_size 64  assoc 12  total_size 25,165,824
LIP cache replacement will be used
==52296== brk segment overflow in thread #1: can't grow to 0x4a37000
==52296== (see section Limitations in user manual)
==52296== NOTE: further instances of this message will not be shown
==52296== 
==52296== I   refs:      1,258,660,392
==52296== I1  misses:       50,798,274
==52296== LLi misses:            1,922
==52296== I1  miss rate:          4.04%
==52296== LLi miss rate:          0.00%
==52296== 
==52296== D   refs:        408,310,879  (288,791,462 rd   + 119,519,417 wr)
==52296== D1  misses:       88,868,019  ( 70,560,001 rd   +  18,308,018 wr)
==52296== LLd misses:          286,240  (      7,268 rd   +     278,972 wr)
==52296== D1  miss rate:          21.8% (       24.4%     +        15.3%  )
==52296== LLd miss rate:           0.1% (        0.0%     +         0.2%  )
==52296== 
==52296== LL refs:         139,666,293  (121,358,275 rd   +  18,308,018 wr)
==52296== LL misses:           288,162  (      9,190 rd   +     278,972 wr)
==52296== LL miss rate:            0.0% (        0.0%     +         0.2%  )
