==52515== Cachegrind, a cache and branch-prediction profiler
==52515== Copyright (C) 2002-2017, and GNU GPL'd, by Nicholas Nethercote et al.
==52515== Using Valgrind-3.16.1 and LibVEX; rerun with -h for copyright info
==52515== Command: ./rbm-large
==52515== 
--52515-- warning: L3 cache found, using its data for the LL simulation.
--52515-- warning: specified LL cache: line_size 64  assoc 11  total_size 25,952,256
--52515-- warning: simulated LL cache: line_size 64  assoc 12  total_size 25,165,824
FIFO cache replacement will be used
==52515== 
==52515== I   refs:      119,675,953,576
==52515== I1  misses:              1,472
==52515== LLi misses:              1,467
==52515== I1  miss rate:            0.00%
==52515== LLi miss rate:            0.00%
==52515== 
==52515== D   refs:       35,862,020,600  (27,106,383,010 rd   + 8,755,637,590 wr)
==52515== D1  misses:            206,700  (       141,866 rd   +        64,834 wr)
==52515== LLd misses:             45,486  (        21,907 rd   +        23,579 wr)
==52515== D1  miss rate:             0.0% (           0.0%     +           0.0%  )
==52515== LLd miss rate:             0.0% (           0.0%     +           0.0%  )
==52515== 
==52515== LL refs:               208,172  (       143,338 rd   +        64,834 wr)
==52515== LL misses:              46,953  (        23,374 rd   +        23,579 wr)
==52515== LL miss rate:              0.0% (           0.0%     +           0.0%  )
