==47716== Cachegrind, a cache and branch-prediction profiler
==47716== Copyright (C) 2002-2017, and GNU GPL'd, by Nicholas Nethercote et al.
==47716== Using Valgrind-3.16.1 and LibVEX; rerun with -h for copyright info
==47716== Command: ./disparity .
==47716== 
--47716-- warning: L3 cache found, using its data for the LL simulation.
--47716-- warning: specified LL cache: line_size 64  assoc 11  total_size 25,952,256
--47716-- warning: simulated LL cache: line_size 64  assoc 12  total_size 25,165,824
BIP cache replacement will be used
BIP Throttle parameter is set to 0.031250
==47716== brk segment overflow in thread #1: can't grow to 0x4a37000
==47716== (see section Limitations in user manual)
==47716== NOTE: further instances of this message will not be shown
==47716== 
==47716== I   refs:      9,424,576,131
==47716== I1  misses:            1,541
==47716== LLi misses:            1,537
==47716== I1  miss rate:          0.00%
==47716== LLi miss rate:          0.00%
==47716== 
==47716== D   refs:      3,816,070,628  (2,559,180,300 rd   + 1,256,890,328 wr)
==47716== D1  misses:      109,180,551  (   63,511,712 rd   +    45,668,839 wr)
==47716== LLd misses:       61,089,078  (   38,816,935 rd   +    22,272,143 wr)
==47716== D1  miss rate:           2.9% (          2.5%     +           3.6%  )
==47716== LLd miss rate:           1.6% (          1.5%     +           1.8%  )
==47716== 
==47716== LL refs:         109,182,092  (   63,513,253 rd   +    45,668,839 wr)
==47716== LL misses:        61,090,615  (   38,818,472 rd   +    22,272,143 wr)
==47716== LL miss rate:            0.5% (          0.3%     +           1.8%  )
