==44848== Cachegrind, a cache and branch-prediction profiler
==44848== Copyright (C) 2002-2017, and GNU GPL'd, by Nicholas Nethercote et al.
==44848== Using Valgrind-3.16.1 and LibVEX; rerun with -h for copyright info
==44848== Command: ./me-medium
==44848== 
--44848-- warning: L3 cache found, using its data for the LL simulation.
--44848-- warning: specified LL cache: line_size 64  assoc 11  total_size 25,952,256
--44848-- warning: simulated LL cache: line_size 64  assoc 12  total_size 25,165,824
LIP cache replacement will be used
==44848== brk segment overflow in thread #1: can't grow to 0x4a36000
==44848== (see section Limitations in user manual)
==44848== NOTE: further instances of this message will not be shown
==44848== 
==44848== I   refs:      582,717,344
==44848== I1  misses:      1,705,677
==44848== LLi misses:          1,533
==44848== I1  miss rate:        0.29%
==44848== LLi miss rate:        0.00%
==44848== 
==44848== D   refs:      104,638,589  (94,724,833 rd   + 9,913,756 wr)
==44848== D1  misses:     42,086,586  (41,404,483 rd   +   682,103 wr)
==44848== LLd misses:        156,436  (     2,867 rd   +   153,569 wr)
==44848== D1  miss rate:        40.2% (      43.7%     +       6.9%  )
==44848== LLd miss rate:         0.1% (       0.0%     +       1.5%  )
==44848== 
==44848== LL refs:        43,792,263  (43,110,160 rd   +   682,103 wr)
==44848== LL misses:         157,969  (     4,400 rd   +   153,569 wr)
==44848== LL miss rate:          0.0% (       0.0%     +       1.5%  )
