==47430== Cachegrind, a cache and branch-prediction profiler
==47430== Copyright (C) 2002-2017, and GNU GPL'd, by Nicholas Nethercote et al.
==47430== Using Valgrind-3.16.1 and LibVEX; rerun with -h for copyright info
==47430== Command: ./disparity .
==47430== 
--47430-- warning: L3 cache found, using its data for the LL simulation.
--47430-- warning: specified LL cache: line_size 64  assoc 11  total_size 25,952,256
--47430-- warning: simulated LL cache: line_size 64  assoc 12  total_size 25,165,824
BIP cache replacement will be used
BIP Throttle parameter is set to 0.062500
==47430== brk segment overflow in thread #1: can't grow to 0x4a37000
==47430== (see section Limitations in user manual)
==47430== NOTE: further instances of this message will not be shown
==47430== 
==47430== I   refs:      9,424,576,143
==47430== I1  misses:       47,643,414
==47430== LLi misses:            1,969
==47430== I1  miss rate:          0.51%
==47430== LLi miss rate:          0.00%
==47430== 
==47430== D   refs:      3,816,070,630  (2,559,180,301 rd   + 1,256,890,329 wr)
==47430== D1  misses:      970,670,058  (  674,461,958 rd   +   296,208,100 wr)
==47430== LLd misses:       77,565,209  (   32,903,289 rd   +    44,661,920 wr)
==47430== D1  miss rate:          25.4% (         26.4%     +          23.6%  )
==47430== LLd miss rate:           2.0% (          1.3%     +           3.6%  )
==47430== 
==47430== LL refs:       1,018,313,472  (  722,105,372 rd   +   296,208,100 wr)
==47430== LL misses:        77,567,178  (   32,905,258 rd   +    44,661,920 wr)
==47430== LL miss rate:            0.6% (          0.3%     +           3.6%  )
