==45201== Cachegrind, a cache and branch-prediction profiler
==45201== Copyright (C) 2002-2017, and GNU GPL'd, by Nicholas Nethercote et al.
==45201== Using Valgrind-3.16.1 and LibVEX; rerun with -h for copyright info
==45201== Command: ./kmeans-large ../datasets/MINST 10000 748 10
==45201== 
--45201-- warning: L3 cache found, using its data for the LL simulation.
--45201-- warning: specified LL cache: line_size 64  assoc 11  total_size 25,952,256
--45201-- warning: simulated LL cache: line_size 64  assoc 12  total_size 25,165,824
Random cache replacement will be used
==45201== brk segment overflow in thread #1: can't grow to 0x4a44000
==45201== (see section Limitations in user manual)
==45201== NOTE: further instances of this message will not be shown
==45201== 
==45201== I   refs:      31,864,461,079
==45201== I1  misses:             1,545
==45201== LLi misses:             1,522
==45201== I1  miss rate:           0.00%
==45201== LLi miss rate:           0.00%
==45201== 
==45201== D   refs:       9,488,889,170  (8,195,422,232 rd   + 1,293,466,938 wr)
==45201== D1  misses:        64,662,757  (   62,738,903 rd   +     1,923,854 wr)
==45201== LLd misses:        35,232,388  (   33,426,208 rd   +     1,806,180 wr)
==45201== D1  miss rate:            0.7% (          0.8%     +           0.1%  )
==45201== LLd miss rate:            0.4% (          0.4%     +           0.1%  )
==45201== 
==45201== LL refs:           64,664,302  (   62,740,448 rd   +     1,923,854 wr)
==45201== LL misses:         35,233,910  (   33,427,730 rd   +     1,806,180 wr)
==45201== LL miss rate:             0.1% (          0.1%     +           0.1%  )
