==31366== Cachegrind, a cache and branch-prediction profiler
==31366== Copyright (C) 2002-2017, and GNU GPL'd, by Nicholas Nethercote et al.
==31366== Using Valgrind-3.16.1 and LibVEX; rerun with -h for copyright info
==31366== Command: ./kmeans-medium ../datasets/finland 13467 2 15
==31366== 
--31366-- warning: L3 cache found, using its data for the LL simulation.
--31366-- warning: specified LL cache: line_size 64  assoc 11  total_size 25,952,256
--31366-- warning: simulated LL cache: line_size 64  assoc 12  total_size 25,165,824
BIP cache replacement will be used
BIP Throttle parameter is set to 0.015625
==31366== 
==31366== I   refs:      261,008,494
==31366== I1  misses:          1,472
==31366== LLi misses:          1,446
==31366== I1  miss rate:        0.00%
==31366== LLi miss rate:        0.00%
==31366== 
==31366== D   refs:       60,294,300  (50,971,205 rd   + 9,323,095 wr)
==31366== D1  misses:        346,899  (   300,023 rd   +    46,876 wr)
==31366== LLd misses:         12,226  (     2,161 rd   +    10,065 wr)
==31366== D1  miss rate:         0.6% (       0.6%     +       0.5%  )
==31366== LLd miss rate:         0.0% (       0.0%     +       0.1%  )
==31366== 
==31366== LL refs:           348,371  (   301,495 rd   +    46,876 wr)
==31366== LL misses:          13,672  (     3,607 rd   +    10,065 wr)
==31366== LL miss rate:          0.0% (       0.0%     +       0.1%  )
