==27117== Cachegrind, a cache and branch-prediction profiler
==27117== Copyright (C) 2002-2017, and GNU GPL'd, by Nicholas Nethercote et al.
==27117== Using Valgrind-3.16.1 and LibVEX; rerun with -h for copyright info
==27117== Command: ./tracking .
==27117== 
--27117-- warning: L3 cache found, using its data for the LL simulation.
--27117-- warning: specified LL cache: line_size 64  assoc 11  total_size 25,952,256
--27117-- warning: simulated LL cache: line_size 64  assoc 12  total_size 25,165,824
BIP cache replacement will be used
BIP Throttle parameter is set to 0.062500
==27117== 
==27117== I   refs:      426,561,191
==27117== I1  misses:          1,709
==27117== LLi misses:          1,705
==27117== I1  miss rate:        0.00%
==27117== LLi miss rate:        0.00%
==27117== 
==27117== D   refs:      140,543,721  (98,243,013 rd   + 42,300,708 wr)
==27117== D1  misses:        554,754  (   205,949 rd   +    348,805 wr)
==27117== LLd misses:        101,362  (     4,098 rd   +     97,264 wr)
==27117== D1  miss rate:         0.4% (       0.2%     +        0.8%  )
==27117== LLd miss rate:         0.1% (       0.0%     +        0.2%  )
==27117== 
==27117== LL refs:           556,463  (   207,658 rd   +    348,805 wr)
==27117== LL misses:         103,067  (     5,803 rd   +     97,264 wr)
==27117== LL miss rate:          0.0% (       0.0%     +        0.2%  )
