==38529== Cachegrind, a cache and branch-prediction profiler
==38529== Copyright (C) 2002-2017, and GNU GPL'd, by Nicholas Nethercote et al.
==38529== Using Valgrind-3.16.1 and LibVEX; rerun with -h for copyright info
==38529== Command: ./mser .
==38529== 
--38529-- warning: L3 cache found, using its data for the LL simulation.
--38529-- warning: specified LL cache: line_size 64  assoc 11  total_size 25,952,256
--38529-- warning: simulated LL cache: line_size 64  assoc 12  total_size 25,165,824
FIFO cache replacement will be used
==38529== 
==38529== I   refs:      39,996,186
==38529== I1  misses:       974,488
==38529== LLi misses:         1,514
==38529== I1  miss rate:       2.44%
==38529== LLi miss rate:       0.00%
==38529== 
==38529== D   refs:      15,054,686  (10,245,455 rd   + 4,809,231 wr)
==38529== D1  misses:       700,835  (   568,022 rd   +   132,813 wr)
==38529== LLd misses:        20,502  (     2,258 rd   +    18,244 wr)
==38529== D1  miss rate:        4.7% (       5.5%     +       2.8%  )
==38529== LLd miss rate:        0.1% (       0.0%     +       0.4%  )
==38529== 
==38529== LL refs:        1,675,323  ( 1,542,510 rd   +   132,813 wr)
==38529== LL misses:         22,016  (     3,772 rd   +    18,244 wr)
==38529== LL miss rate:         0.0% (       0.0%     +       0.4%  )
