==36895== Cachegrind, a cache and branch-prediction profiler
==36895== Copyright (C) 2002-2017, and GNU GPL'd, by Nicholas Nethercote et al.
==36895== Using Valgrind-3.16.1 and LibVEX; rerun with -h for copyright info
==36895== Command: ./lda-small est .1 3 settings.txt small/small_data.dat random small/result
==36895== 
--36895-- warning: L3 cache found, using its data for the LL simulation.
--36895-- warning: specified LL cache: line_size 64  assoc 11  total_size 25,952,256
--36895-- warning: simulated LL cache: line_size 64  assoc 12  total_size 25,165,824
BIP cache replacement will be used
BIP Throttle parameter is set to 0.062500
==36895== 
==36895== I   refs:      23,623,921,206
==36895== I1  misses:        11,987,558
==36895== LLi misses:             2,208
==36895== I1  miss rate:           0.05%
==36895== LLi miss rate:           0.00%
==36895== 
==36895== D   refs:       8,914,410,438  (6,755,905,510 rd   + 2,158,504,928 wr)
==36895== D1  misses:       369,778,467  (  365,501,516 rd   +     4,276,951 wr)
==36895== LLd misses:            15,909  (        2,821 rd   +        13,088 wr)
==36895== D1  miss rate:            4.1% (          5.4%     +           0.2%  )
==36895== LLd miss rate:            0.0% (          0.0%     +           0.0%  )
==36895== 
==36895== LL refs:          381,766,025  (  377,489,074 rd   +     4,276,951 wr)
==36895== LL misses:             18,117  (        5,029 rd   +        13,088 wr)
==36895== LL miss rate:             0.0% (          0.0%     +           0.0%  )
