==29877== Cachegrind, a cache and branch-prediction profiler
==29877== Copyright (C) 2002-2017, and GNU GPL'd, by Nicholas Nethercote et al.
==29877== Using Valgrind-3.16.1 and LibVEX; rerun with -h for copyright info
==29877== Command: ./kmeans-small ../datasets/yeast 1484 8 10
==29877== 
--29877-- warning: L3 cache found, using its data for the LL simulation.
--29877-- warning: specified LL cache: line_size 64  assoc 11  total_size 25,952,256
--29877-- warning: simulated LL cache: line_size 64  assoc 12  total_size 25,165,824
BIP cache replacement will be used
BIP Throttle parameter is set to 0.062500
==29877== 
==29877== I   refs:      56,158,047
==29877== I1  misses:         1,481
==29877== LLi misses:         1,468
==29877== I1  miss rate:       0.00%
==29877== LLi miss rate:       0.00%
==29877== 
==29877== D   refs:      15,831,401  (13,089,368 rd   + 2,742,033 wr)
==29877== D1  misses:         5,053  (     2,231 rd   +     2,822 wr)
==29877== LLd misses:         4,966  (     2,149 rd   +     2,817 wr)
==29877== D1  miss rate:        0.0% (       0.0%     +       0.1%  )
==29877== LLd miss rate:        0.0% (       0.0%     +       0.1%  )
==29877== 
==29877== LL refs:            6,534  (     3,712 rd   +     2,822 wr)
==29877== LL misses:          6,434  (     3,617 rd   +     2,817 wr)
==29877== LL miss rate:         0.0% (       0.0%     +       0.1%  )
