==31311== Cachegrind, a cache and branch-prediction profiler
==31311== Copyright (C) 2002-2017, and GNU GPL'd, by Nicholas Nethercote et al.
==31311== Using Valgrind-3.16.1 and LibVEX; rerun with -h for copyright info
==31311== Command: ./stitch .
==31311== 
--31311-- warning: L3 cache found, using its data for the LL simulation.
--31311-- warning: specified LL cache: line_size 64  assoc 11  total_size 25,952,256
--31311-- warning: simulated LL cache: line_size 64  assoc 12  total_size 25,165,824
FIFO cache replacement will be used
==31311== 
==31311== I   refs:      223,094,015
==31311== I1  misses:          1,726
==31311== LLi misses:          1,683
==31311== I1  miss rate:        0.00%
==31311== LLi miss rate:        0.00%
==31311== 
==31311== D   refs:       60,620,644  (44,316,440 rd   + 16,304,204 wr)
==31311== D1  misses:         41,087  (    10,034 rd   +     31,053 wr)
==31311== LLd misses:         23,693  (     2,267 rd   +     21,426 wr)
==31311== D1  miss rate:         0.1% (       0.0%     +        0.2%  )
==31311== LLd miss rate:         0.0% (       0.0%     +        0.1%  )
==31311== 
==31311== LL refs:            42,813  (    11,760 rd   +     31,053 wr)
==31311== LL misses:          25,376  (     3,950 rd   +     21,426 wr)
==31311== LL miss rate:          0.0% (       0.0%     +        0.1%  )
