==52985== Cachegrind, a cache and branch-prediction profiler
==52985== Copyright (C) 2002-2017, and GNU GPL'd, by Nicholas Nethercote et al.
==52985== Using Valgrind-3.16.1 and LibVEX; rerun with -h for copyright info
==52985== Command: ./tracking .
==52985== 
--52985-- warning: L3 cache found, using its data for the LL simulation.
--52985-- warning: specified LL cache: line_size 64  assoc 11  total_size 25,952,256
--52985-- warning: simulated LL cache: line_size 64  assoc 12  total_size 25,165,824
BIP cache replacement will be used
BIP Throttle parameter is set to 0.031250
==52985== brk segment overflow in thread #1: can't grow to 0x4a37000
==52985== (see section Limitations in user manual)
==52985== NOTE: further instances of this message will not be shown
==52985== 
==52985== I   refs:      1,258,660,380
==52985== I1  misses:           99,193
==52985== LLi misses:            1,932
==52985== I1  miss rate:          0.01%
==52985== LLi miss rate:          0.00%
==52985== 
==52985== D   refs:        408,310,877  (288,791,461 rd   + 119,519,416 wr)
==52985== D1  misses:       27,133,128  ( 20,922,591 rd   +   6,210,537 wr)
==52985== LLd misses:          321,649  (     37,032 rd   +     284,617 wr)
==52985== D1  miss rate:           6.6% (        7.2%     +         5.2%  )
==52985== LLd miss rate:           0.1% (        0.0%     +         0.2%  )
==52985== 
==52985== LL refs:          27,232,321  ( 21,021,784 rd   +   6,210,537 wr)
==52985== LL misses:           323,581  (     38,964 rd   +     284,617 wr)
==52985== LL miss rate:            0.0% (        0.0%     +         0.2%  )
