==57272== Cachegrind, a cache and branch-prediction profiler
==57272== Copyright (C) 2002-2017, and GNU GPL'd, by Nicholas Nethercote et al.
==57272== Using Valgrind-3.16.1 and LibVEX; rerun with -h for copyright info
==57272== Command: ./spc-small ../datasets/R15 600 2 15 0.707 1 2
==57272== 
--57272-- warning: L3 cache found, using its data for the LL simulation.
--57272-- warning: specified LL cache: line_size 64  assoc 11  total_size 25,952,256
--57272-- warning: simulated LL cache: line_size 64  assoc 12  total_size 25,165,824
BIP cache replacement will be used
BIP Throttle parameter is set to 0.062500
==57272== 
==57272== I   refs:      217,405
==57272== I1  misses:      5,947
==57272== LLi misses:      1,090
==57272== I1  miss rate:    2.74%
==57272== LLi miss rate:    0.50%
==57272== 
==57272== D   refs:       69,324  (54,846 rd   + 14,478 wr)
==57272== D1  misses:     10,757  ( 9,378 rd   +  1,379 wr)
==57272== LLd misses:      2,795  ( 2,189 rd   +    606 wr)
==57272== D1  miss rate:    15.5% (  17.1%     +    9.5%  )
==57272== LLd miss rate:     4.0% (   4.0%     +    4.2%  )
==57272== 
==57272== LL refs:        16,704  (15,325 rd   +  1,379 wr)
==57272== LL misses:       3,885  ( 3,279 rd   +    606 wr)
==57272== LL miss rate:      1.4% (   1.2%     +    4.2%  )
