==25766== Cachegrind, a cache and branch-prediction profiler
==25766== Copyright (C) 2002-2017, and GNU GPL'd, by Nicholas Nethercote et al.
==25766== Using Valgrind-3.16.1 and LibVEX; rerun with -h for copyright info
==25766== Command: ./texture_synthesis .
==25766== 
--25766-- warning: L3 cache found, using its data for the LL simulation.
--25766-- warning: specified LL cache: line_size 64  assoc 11  total_size 25,952,256
--25766-- warning: simulated LL cache: line_size 64  assoc 12  total_size 25,165,824
FIFO cache replacement will be used
==25766== 
==25766== I   refs:      208,057,388
==25766== I1  misses:          2,062
==25766== LLi misses:          1,586
==25766== I1  miss rate:        0.00%
==25766== LLi miss rate:        0.00%
==25766== 
==25766== D   refs:       76,991,608  (52,726,640 rd   + 24,264,968 wr)
==25766== D1  misses:         52,286  (    10,636 rd   +     41,650 wr)
==25766== LLd misses:         31,232  (     2,307 rd   +     28,925 wr)
==25766== D1  miss rate:         0.1% (       0.0%     +        0.2%  )
==25766== LLd miss rate:         0.0% (       0.0%     +        0.1%  )
==25766== 
==25766== LL refs:            54,348  (    12,698 rd   +     41,650 wr)
==25766== LL misses:          32,818  (     3,893 rd   +     28,925 wr)
==25766== LL miss rate:          0.0% (       0.0%     +        0.1%  )
