==51894== Cachegrind, a cache and branch-prediction profiler
==51894== Copyright (C) 2002-2017, and GNU GPL'd, by Nicholas Nethercote et al.
==51894== Using Valgrind-3.16.1 and LibVEX; rerun with -h for copyright info
==51894== Command: ./a.out large.txt
==51894== 
--51894-- warning: L3 cache found, using its data for the LL simulation.
--51894-- warning: specified LL cache: line_size 64  assoc 11  total_size 25,952,256
--51894-- warning: simulated LL cache: line_size 64  assoc 12  total_size 25,165,824
BIP cache replacement will be used
BIP Throttle parameter is set to 0.031250
==51894== 
==51894== I   refs:      166,691,482,179
==51894== I1  misses:              1,806
==51894== LLi misses:              1,794
==51894== I1  miss rate:            0.00%
==51894== LLi miss rate:            0.00%
==51894== 
==51894== D   refs:      104,424,129,671  (95,529,538,740 rd   + 8,894,590,931 wr)
==51894== D1  misses:        212,220,996  (   210,146,049 rd   +     2,074,947 wr)
==51894== LLd misses:            538,093  (       175,064 rd   +       363,029 wr)
==51894== D1  miss rate:             0.2% (           0.2%     +           0.0%  )
==51894== LLd miss rate:             0.0% (           0.0%     +           0.0%  )
==51894== 
==51894== LL refs:           212,222,802  (   210,147,855 rd   +     2,074,947 wr)
==51894== LL misses:             539,887  (       176,858 rd   +       363,029 wr)
==51894== LL miss rate:              0.0% (           0.0%     +           0.0%  )
