==53123== Cachegrind, a cache and branch-prediction profiler
==53123== Copyright (C) 2002-2017, and GNU GPL'd, by Nicholas Nethercote et al.
==53123== Using Valgrind-3.16.1 and LibVEX; rerun with -h for copyright info
==53123== Command: ./rbm-small
==53123== 
--53123-- warning: L3 cache found, using its data for the LL simulation.
--53123-- warning: specified LL cache: line_size 64  assoc 11  total_size 25,952,256
--53123-- warning: simulated LL cache: line_size 64  assoc 12  total_size 25,165,824
LRU cache replacement will be used
==53123== 
==53123== I   refs:      21,565,340
==53123== I1  misses:       206,304
==53123== LLi misses:         1,467
==53123== I1  miss rate:       0.96%
==53123== LLi miss rate:       0.01%
==53123== 
==53123== D   refs:       6,380,275  (4,924,851 rd   + 1,455,424 wr)
==53123== D1  misses:       745,759  (  658,532 rd   +    87,227 wr)
==53123== LLd misses:         3,557  (    2,611 rd   +       946 wr)
==53123== D1  miss rate:       11.7% (     13.4%     +       6.0%  )
==53123== LLd miss rate:        0.1% (      0.1%     +       0.1%  )
==53123== 
==53123== LL refs:          952,063  (  864,836 rd   +    87,227 wr)
==53123== LL misses:          5,024  (    4,078 rd   +       946 wr)
==53123== LL miss rate:         0.0% (      0.0%     +       0.1%  )
