==31277== Cachegrind, a cache and branch-prediction profiler
==31277== Copyright (C) 2002-2017, and GNU GPL'd, by Nicholas Nethercote et al.
==31277== Using Valgrind-3.16.1 and LibVEX; rerun with -h for copyright info
==31277== Command: ./stitch .
==31277== 
--31277-- warning: L3 cache found, using its data for the LL simulation.
--31277-- warning: specified LL cache: line_size 64  assoc 11  total_size 25,952,256
--31277-- warning: simulated LL cache: line_size 64  assoc 12  total_size 25,165,824
FIFO cache replacement will be used
==31277== 
==31277== I   refs:      223,094,015
==31277== I1  misses:          1,850
==31277== LLi misses:          1,683
==31277== I1  miss rate:        0.00%
==31277== LLi miss rate:        0.00%
==31277== 
==31277== D   refs:       60,620,644  (44,316,440 rd   + 16,304,204 wr)
==31277== D1  misses:        175,459  (   107,888 rd   +     67,571 wr)
==31277== LLd misses:         23,693  (     2,267 rd   +     21,426 wr)
==31277== D1  miss rate:         0.3% (       0.2%     +        0.4%  )
==31277== LLd miss rate:         0.0% (       0.0%     +        0.1%  )
==31277== 
==31277== LL refs:           177,309  (   109,738 rd   +     67,571 wr)
==31277== LL misses:          25,376  (     3,950 rd   +     21,426 wr)
==31277== LL miss rate:          0.0% (       0.0%     +        0.1%  )
