==52231== Cachegrind, a cache and branch-prediction profiler
==52231== Copyright (C) 2002-2017, and GNU GPL'd, by Nicholas Nethercote et al.
==52231== Using Valgrind-3.16.1 and LibVEX; rerun with -h for copyright info
==52231== Command: ./rbm-large
==52231== 
--52231-- warning: L3 cache found, using its data for the LL simulation.
--52231-- warning: specified LL cache: line_size 64  assoc 11  total_size 25,952,256
--52231-- warning: simulated LL cache: line_size 64  assoc 12  total_size 25,165,824
Random cache replacement will be used
==52231== 
==52231== I   refs:      119,675,953,576
==52231== I1  misses:          2,577,303
==52231== LLi misses:              1,491
==52231== I1  miss rate:            0.00%
==52231== LLi miss rate:            0.00%
==52231== 
==52231== D   refs:       35,862,020,600  (27,106,383,010 rd   + 8,755,637,590 wr)
==52231== D1  misses:      4,715,002,298  ( 4,358,593,279 rd   +   356,409,019 wr)
==52231== LLd misses:             46,913  (        23,269 rd   +        23,644 wr)
==52231== D1  miss rate:            13.1% (          16.1%     +           4.1%  )
==52231== LLd miss rate:             0.0% (           0.0%     +           0.0%  )
==52231== 
==52231== LL refs:         4,717,579,601  ( 4,361,170,582 rd   +   356,409,019 wr)
==52231== LL misses:              48,404  (        24,760 rd   +        23,644 wr)
==52231== LL miss rate:              0.0% (           0.0%     +           0.0%  )
