==40345== Cachegrind, a cache and branch-prediction profiler
==40345== Copyright (C) 2002-2017, and GNU GPL'd, by Nicholas Nethercote et al.
==40345== Using Valgrind-3.16.1 and LibVEX; rerun with -h for copyright info
==40345== Command: ./stitch .
==40345== 
--40345-- warning: L3 cache found, using its data for the LL simulation.
--40345-- warning: specified LL cache: line_size 64  assoc 11  total_size 25,952,256
--40345-- warning: simulated LL cache: line_size 64  assoc 12  total_size 25,165,824
FIFO cache replacement will be used
==40345== 
==40345== I   refs:      79,012,823
==40345== I1  misses:       119,060
==40345== LLi misses:         1,660
==40345== I1  miss rate:       0.15%
==40345== LLi miss rate:       0.00%
==40345== 
==40345== D   refs:      21,409,657  (16,295,156 rd   + 5,114,501 wr)
==40345== D1  misses:       833,549  (   486,867 rd   +   346,682 wr)
==40345== LLd misses:        12,972  (     2,271 rd   +    10,701 wr)
==40345== D1  miss rate:        3.9% (       3.0%     +       6.8%  )
==40345== LLd miss rate:        0.1% (       0.0%     +       0.2%  )
==40345== 
==40345== LL refs:          952,609  (   605,927 rd   +   346,682 wr)
==40345== LL misses:         14,632  (     3,931 rd   +    10,701 wr)
==40345== LL miss rate:         0.0% (       0.0%     +       0.2%  )
