==32655== Cachegrind, a cache and branch-prediction profiler
==32655== Copyright (C) 2002-2017, and GNU GPL'd, by Nicholas Nethercote et al.
==32655== Using Valgrind-3.16.1 and LibVEX; rerun with -h for copyright info
==32655== Command: ./spc-small ../datasets/R15 600 2 15 0.707 1 2
==32655== 
--32655-- warning: L3 cache found, using its data for the LL simulation.
--32655-- warning: specified LL cache: line_size 64  assoc 11  total_size 25,952,256
--32655-- warning: simulated LL cache: line_size 64  assoc 12  total_size 25,165,824
LRU cache replacement will be used
==32655== 
==32655== I   refs:      217,405
==32655== I1  misses:      1,706
==32655== LLi misses:      1,090
==32655== I1  miss rate:    0.78%
==32655== LLi miss rate:    0.50%
==32655== 
==32655== D   refs:       69,324  (54,846 rd   + 14,478 wr)
==32655== D1  misses:      4,777  ( 3,933 rd   +    844 wr)
==32655== LLd misses:      2,784  ( 2,178 rd   +    606 wr)
==32655== D1  miss rate:     6.9% (   7.2%     +    5.8%  )
==32655== LLd miss rate:     4.0% (   4.0%     +    4.2%  )
==32655== 
==32655== LL refs:         6,483  ( 5,639 rd   +    844 wr)
==32655== LL misses:       3,874  ( 3,268 rd   +    606 wr)
==32655== LL miss rate:      1.4% (   1.2%     +    4.2%  )
