==39406== Cachegrind, a cache and branch-prediction profiler
==39406== Copyright (C) 2002-2017, and GNU GPL'd, by Nicholas Nethercote et al.
==39406== Using Valgrind-3.16.1 and LibVEX; rerun with -h for copyright info
==39406== Command: ./texture_synthesis .
==39406== 
--39406-- warning: L3 cache found, using its data for the LL simulation.
--39406-- warning: specified LL cache: line_size 64  assoc 11  total_size 25,952,256
--39406-- warning: simulated LL cache: line_size 64  assoc 12  total_size 25,165,824
FIFO cache replacement will be used
==39406== 
==39406== I   refs:      21,867,383
==39406== I1  misses:         2,792
==39406== LLi misses:         1,575
==39406== I1  miss rate:       0.01%
==39406== LLi miss rate:       0.01%
==39406== 
==39406== D   refs:       8,087,708  (5,550,596 rd   + 2,537,112 wr)
==39406== D1  misses:        23,721  (   11,767 rd   +    11,954 wr)
==39406== LLd misses:         5,959  (    2,316 rd   +     3,643 wr)
==39406== D1  miss rate:        0.3% (      0.2%     +       0.5%  )
==39406== LLd miss rate:        0.1% (      0.0%     +       0.1%  )
==39406== 
==39406== LL refs:           26,513  (   14,559 rd   +    11,954 wr)
==39406== LL misses:          7,534  (    3,891 rd   +     3,643 wr)
==39406== LL miss rate:         0.0% (      0.0%     +       0.1%  )
