==37808== Cachegrind, a cache and branch-prediction profiler
==37808== Copyright (C) 2002-2017, and GNU GPL'd, by Nicholas Nethercote et al.
==37808== Using Valgrind-3.16.1 and LibVEX; rerun with -h for copyright info
==37808== Command: ./stitch .
==37808== 
--37808-- warning: L3 cache found, using its data for the LL simulation.
--37808-- warning: specified LL cache: line_size 64  assoc 11  total_size 25,952,256
--37808-- warning: simulated LL cache: line_size 64  assoc 12  total_size 25,165,824
FIFO cache replacement will be used
==37808== 
==37808== I   refs:      984,189,998
==37808== I1  misses:      2,940,533
==37808== LLi misses:          1,678
==37808== I1  miss rate:        0.30%
==37808== LLi miss rate:        0.00%
==37808== 
==37808== D   refs:      267,452,317  (187,194,811 rd   + 80,257,506 wr)
==37808== D1  misses:     28,098,192  ( 16,317,793 rd   + 11,780,399 wr)
==37808== LLd misses:         62,909  (      2,271 rd   +     60,638 wr)
==37808== D1  miss rate:        10.5% (        8.7%     +       14.7%  )
==37808== LLd miss rate:         0.0% (        0.0%     +        0.1%  )
==37808== 
==37808== LL refs:        31,038,725  ( 19,258,326 rd   + 11,780,399 wr)
==37808== LL misses:          64,587  (      3,949 rd   +     60,638 wr)
==37808== LL miss rate:          0.0% (        0.0%     +        0.1%  )
