==27189== Cachegrind, a cache and branch-prediction profiler
==27189== Copyright (C) 2002-2017, and GNU GPL'd, by Nicholas Nethercote et al.
==27189== Using Valgrind-3.16.1 and LibVEX; rerun with -h for copyright info
==27189== Command: ./tracking .
==27189== 
--27189-- warning: L3 cache found, using its data for the LL simulation.
--27189-- warning: specified LL cache: line_size 64  assoc 11  total_size 25,952,256
--27189-- warning: simulated LL cache: line_size 64  assoc 12  total_size 25,165,824
BIP cache replacement will be used
BIP Throttle parameter is set to 0.031250
==27189== 
==27189== I   refs:      426,561,191
==27189== I1  misses:         31,395
==27189== LLi misses:          1,888
==27189== I1  miss rate:        0.01%
==27189== LLi miss rate:        0.00%
==27189== 
==27189== D   refs:      140,543,721  (98,243,013 rd   + 42,300,708 wr)
==27189== D1  misses:      3,415,134  ( 2,277,296 rd   +  1,137,838 wr)
==27189== LLd misses:         96,679  (     2,528 rd   +     94,151 wr)
==27189== D1  miss rate:         2.4% (       2.3%     +        2.7%  )
==27189== LLd miss rate:         0.1% (       0.0%     +        0.2%  )
==27189== 
==27189== LL refs:         3,446,529  ( 2,308,691 rd   +  1,137,838 wr)
==27189== LL misses:          98,567  (     4,416 rd   +     94,151 wr)
==27189== LL miss rate:          0.0% (       0.0%     +        0.2%  )
