==36953== Cachegrind, a cache and branch-prediction profiler
==36953== Copyright (C) 2002-2017, and GNU GPL'd, by Nicholas Nethercote et al.
==36953== Using Valgrind-3.16.1 and LibVEX; rerun with -h for copyright info
==36953== Command: ./disparity .
==36953== 
--36953-- warning: L3 cache found, using its data for the LL simulation.
--36953-- warning: specified LL cache: line_size 64  assoc 11  total_size 25,952,256
--36953-- warning: simulated LL cache: line_size 64  assoc 12  total_size 25,165,824
LRU cache replacement will be used
==36953== 
==36953== I   refs:      126,238,856
==36953== I1  misses:      2,093,602
==36953== LLi misses:          1,501
==36953== I1  miss rate:        1.66%
==36953== LLi miss rate:        0.00%
==36953== 
==36953== D   refs:       50,959,901  (34,248,434 rd   + 16,711,467 wr)
==36953== D1  misses:      6,478,108  ( 4,160,186 rd   +  2,317,922 wr)
==36953== LLd misses:         20,641  (     2,251 rd   +     18,390 wr)
==36953== D1  miss rate:        12.7% (      12.1%     +       13.9%  )
==36953== LLd miss rate:         0.0% (       0.0%     +        0.1%  )
==36953== 
==36953== LL refs:         8,571,710  ( 6,253,788 rd   +  2,317,922 wr)
==36953== LL misses:          22,142  (     3,752 rd   +     18,390 wr)
==36953== LL miss rate:          0.0% (       0.0%     +        0.1%  )
