==32693== Cachegrind, a cache and branch-prediction profiler
==32693== Copyright (C) 2002-2017, and GNU GPL'd, by Nicholas Nethercote et al.
==32693== Using Valgrind-3.16.1 and LibVEX; rerun with -h for copyright info
==32693== Command: ./spc-small ../datasets/R15 600 2 15 0.707 1 2
==32693== 
--32693-- warning: L3 cache found, using its data for the LL simulation.
--32693-- warning: specified LL cache: line_size 64  assoc 11  total_size 25,952,256
--32693-- warning: simulated LL cache: line_size 64  assoc 12  total_size 25,165,824
LRU cache replacement will be used
==32693== 
==32693== I   refs:      217,405
==32693== I1  misses:      1,097
==32693== LLi misses:      1,090
==32693== I1  miss rate:    0.50%
==32693== LLi miss rate:    0.50%
==32693== 
==32693== D   refs:       69,324  (54,846 rd   + 14,478 wr)
==32693== D1  misses:      3,265  ( 2,582 rd   +    683 wr)
==32693== LLd misses:      2,784  ( 2,178 rd   +    606 wr)
==32693== D1  miss rate:     4.7% (   4.7%     +    4.7%  )
==32693== LLd miss rate:     4.0% (   4.0%     +    4.2%  )
==32693== 
==32693== LL refs:         4,362  ( 3,679 rd   +    683 wr)
==32693== LL misses:       3,874  ( 3,268 rd   +    606 wr)
==32693== LL miss rate:      1.4% (   1.2%     +    4.2%  )
