==50847== Cachegrind, a cache and branch-prediction profiler
==50847== Copyright (C) 2002-2017, and GNU GPL'd, by Nicholas Nethercote et al.
==50847== Using Valgrind-3.16.1 and LibVEX; rerun with -h for copyright info
==50847== Command: ./stitch .
==50847== 
--50847-- warning: L3 cache found, using its data for the LL simulation.
--50847-- warning: specified LL cache: line_size 64  assoc 11  total_size 25,952,256
--50847-- warning: simulated LL cache: line_size 64  assoc 12  total_size 25,165,824
BIP cache replacement will be used
BIP Throttle parameter is set to 0.015625
==50847== brk segment overflow in thread #1: can't grow to 0x4ae3000
==50847== (see section Limitations in user manual)
==50847== NOTE: further instances of this message will not be shown
==50847== 
==50847== I   refs:      8,280,657,689
==50847== I1  misses:          212,122
==50847== LLi misses:            1,757
==50847== I1  miss rate:          0.00%
==50847== LLi miss rate:          0.00%
==50847== 
==50847== D   refs:      2,251,787,239  (1,520,764,435 rd   + 731,022,804 wr)
==50847== D1  misses:      126,487,569  (   70,070,462 rd   +  56,417,107 wr)
==50847== LLd misses:          275,590  (       19,416 rd   +     256,174 wr)
==50847== D1  miss rate:           5.6% (          4.6%     +         7.7%  )
==50847== LLd miss rate:           0.0% (          0.0%     +         0.0%  )
==50847== 
==50847== LL refs:         126,699,691  (   70,282,584 rd   +  56,417,107 wr)
==50847== LL misses:           277,347  (       21,173 rd   +     256,174 wr)
==50847== LL miss rate:            0.0% (          0.0%     +         0.0%  )
