==19448== Cachegrind, a cache and branch-prediction profiler
==19448== Copyright (C) 2002-2017, and GNU GPL'd, by Nicholas Nethercote et al.
==19448== Using Valgrind-3.16.1 and LibVEX; rerun with -h for copyright info
==19448== Command: ./mser .
==19448== 
--19448-- warning: L3 cache found, using its data for the LL simulation.
--19448-- warning: specified LL cache: line_size 64  assoc 11  total_size 25,952,256
--19448-- warning: simulated LL cache: line_size 64  assoc 12  total_size 25,165,824
LIP cache replacement will be used
==19448== 
==19448== I   refs:      157,426,193
==19448== I1  misses:          1,525
==19448== LLi misses:          1,496
==19448== I1  miss rate:        0.00%
==19448== LLi miss rate:        0.00%
==19448== 
==19448== D   refs:       59,523,786  (40,510,722 rd   + 19,013,064 wr)
==19448== D1  misses:        593,548  (   465,824 rd   +    127,724 wr)
==19448== LLd misses:        107,648  (    37,956 rd   +     69,692 wr)
==19448== D1  miss rate:         1.0% (       1.1%     +        0.7%  )
==19448== LLd miss rate:         0.2% (       0.1%     +        0.4%  )
==19448== 
==19448== LL refs:           595,073  (   467,349 rd   +    127,724 wr)
==19448== LL misses:         109,144  (    39,452 rd   +     69,692 wr)
==19448== LL miss rate:          0.1% (       0.0%     +        0.4%  )
