==50596== Cachegrind, a cache and branch-prediction profiler
==50596== Copyright (C) 2002-2017, and GNU GPL'd, by Nicholas Nethercote et al.
==50596== Using Valgrind-3.16.1 and LibVEX; rerun with -h for copyright info
==50596== Command: ./pca-medium medium.data 722 800 R
==50596== 
--50596-- warning: L3 cache found, using its data for the LL simulation.
--50596-- warning: specified LL cache: line_size 64  assoc 11  total_size 25,952,256
--50596-- warning: simulated LL cache: line_size 64  assoc 12  total_size 25,165,824
BIP cache replacement will be used
BIP Throttle parameter is set to 0.015625
==50596== 
==50596== I   refs:      14,218,322,233
==50596== I1  misses:             1,647
==50596== LLi misses:             1,623
==50596== I1  miss rate:           0.00%
==50596== LLi miss rate:           0.00%
==50596== 
==50596== D   refs:       5,351,602,514  (4,031,779,775 rd   + 1,319,822,739 wr)
==50596== D1  misses:       627,864,716  (  627,059,027 rd   +       805,689 wr)
==50596== LLd misses:           195,316  (       65,269 rd   +       130,047 wr)
==50596== D1  miss rate:           11.7% (         15.6%     +           0.1%  )
==50596== LLd miss rate:            0.0% (          0.0%     +           0.0%  )
==50596== 
==50596== LL refs:          627,866,363  (  627,060,674 rd   +       805,689 wr)
==50596== LL misses:            196,939  (       66,892 rd   +       130,047 wr)
==50596== LL miss rate:             0.0% (          0.0%     +           0.0%  )
