==32377== Cachegrind, a cache and branch-prediction profiler
==32377== Copyright (C) 2002-2017, and GNU GPL'd, by Nicholas Nethercote et al.
==32377== Using Valgrind-3.16.1 and LibVEX; rerun with -h for copyright info
==32377== Command: ./kmeans-large ../datasets/MINST 10000 748 10
==32377== 
--32377-- warning: L3 cache found, using its data for the LL simulation.
--32377-- warning: specified LL cache: line_size 64  assoc 11  total_size 25,952,256
--32377-- warning: simulated LL cache: line_size 64  assoc 12  total_size 25,165,824
BIP cache replacement will be used
BIP Throttle parameter is set to 0.031250
==32377== brk segment overflow in thread #1: can't grow to 0x4a44000
==32377== (see section Limitations in user manual)
==32377== NOTE: further instances of this message will not be shown
==32377== 
==32377== I   refs:      31,864,461,091
==32377== I1  misses:            10,047
==32377== LLi misses:             1,518
==32377== I1  miss rate:           0.00%
==32377== LLi miss rate:           0.00%
==32377== 
==32377== D   refs:       9,488,889,172  (8,195,422,233 rd   + 1,293,466,939 wr)
==32377== D1  misses:        76,632,166  (   74,421,542 rd   +     2,210,624 wr)
==32377== LLd misses:        30,224,294  (   28,362,138 rd   +     1,862,156 wr)
==32377== D1  miss rate:            0.8% (          0.9%     +           0.2%  )
==32377== LLd miss rate:            0.3% (          0.3%     +           0.1%  )
==32377== 
==32377== LL refs:           76,642,213  (   74,431,589 rd   +     2,210,624 wr)
==32377== LL misses:         30,225,812  (   28,363,656 rd   +     1,862,156 wr)
==32377== LL miss rate:             0.1% (          0.1%     +           0.1%  )
