==58117== Cachegrind, a cache and branch-prediction profiler
==58117== Copyright (C) 2002-2017, and GNU GPL'd, by Nicholas Nethercote et al.
==58117== Using Valgrind-3.16.1 and LibVEX; rerun with -h for copyright info
==58117== Command: ./disparity .
==58117== 
--58117-- warning: L3 cache found, using its data for the LL simulation.
--58117-- warning: specified LL cache: line_size 64  assoc 11  total_size 25,952,256
--58117-- warning: simulated LL cache: line_size 64  assoc 12  total_size 25,165,824
FIFO cache replacement will be used
==58117== 
==58117== I   refs:      1,281,749,273
==58117== I1  misses:            2,046
==58117== LLi misses:            1,506
==58117== I1  miss rate:          0.00%
==58117== LLi miss rate:          0.00%
==58117== 
==58117== D   refs:        519,593,904  (348,916,422 rd   + 170,677,482 wr)
==58117== D1  misses:       57,549,481  ( 34,569,966 rd   +  22,979,515 wr)
==58117== LLd misses:          199,325  (      2,314 rd   +     197,011 wr)
==58117== D1  miss rate:          11.1% (        9.9%     +        13.5%  )
==58117== LLd miss rate:           0.0% (        0.0%     +         0.1%  )
==58117== 
==58117== LL refs:          57,551,527  ( 34,572,012 rd   +  22,979,515 wr)
==58117== LL misses:           200,831  (      3,820 rd   +     197,011 wr)
==58117== LL miss rate:            0.0% (        0.0%     +         0.1%  )
