==54577== Cachegrind, a cache and branch-prediction profiler
==54577== Copyright (C) 2002-2017, and GNU GPL'd, by Nicholas Nethercote et al.
==54577== Using Valgrind-3.16.1 and LibVEX; rerun with -h for copyright info
==54577== Command: ./sift .
==54577== 
--54577-- warning: L3 cache found, using its data for the LL simulation.
--54577-- warning: specified LL cache: line_size 64  assoc 11  total_size 25,952,256
--54577-- warning: simulated LL cache: line_size 64  assoc 12  total_size 25,165,824
Random cache replacement will be used
==54577== brk segment overflow in thread #1: can't grow to 0x5419000
==54577== (see section Limitations in user manual)
==54577== NOTE: further instances of this message will not be shown
==54577== 
==54577== I   refs:      16,043,915,191
==54577== I1  misses:        16,381,255
==54577== LLi misses:             4,435
==54577== I1  miss rate:           0.10%
==54577== LLi miss rate:           0.00%
==54577== 
==54577== D   refs:       4,941,073,134  (3,428,287,739 rd   + 1,512,785,395 wr)
==54577== D1  misses:     1,360,069,998  (  842,941,547 rd   +   517,128,451 wr)
==54577== LLd misses:        23,333,286  (   13,563,339 rd   +     9,769,947 wr)
==54577== D1  miss rate:           27.5% (         24.6%     +          34.2%  )
==54577== LLd miss rate:            0.5% (          0.4%     +           0.6%  )
==54577== 
==54577== LL refs:        1,376,451,253  (  859,322,802 rd   +   517,128,451 wr)
==54577== LL misses:         23,337,721  (   13,567,774 rd   +     9,769,947 wr)
==54577== LL miss rate:             0.1% (          0.1%     +           0.6%  )
