==39778== Cachegrind, a cache and branch-prediction profiler
==39778== Copyright (C) 2002-2017, and GNU GPL'd, by Nicholas Nethercote et al.
==39778== Using Valgrind-3.16.1 and LibVEX; rerun with -h for copyright info
==39778== Command: ./stitch .
==39778== 
--39778-- warning: L3 cache found, using its data for the LL simulation.
--39778-- warning: specified LL cache: line_size 64  assoc 11  total_size 25,952,256
--39778-- warning: simulated LL cache: line_size 64  assoc 12  total_size 25,165,824
LRU cache replacement will be used
==39778== 
==39778== I   refs:      669,258
==39778== I1  misses:      5,545
==39778== LLi misses:      1,606
==39778== I1  miss rate:    0.83%
==39778== LLi miss rate:    0.24%
==39778== 
==39778== D   refs:      188,235  (150,109 rd   + 38,126 wr)
==39778== D1  misses:      8,696  (  6,888 rd   +  1,808 wr)
==39778== LLd misses:      2,912  (  2,208 rd   +    704 wr)
==39778== D1  miss rate:     4.6% (    4.6%     +    4.7%  )
==39778== LLd miss rate:     1.5% (    1.5%     +    1.8%  )
==39778== 
==39778== LL refs:        14,241  ( 12,433 rd   +  1,808 wr)
==39778== LL misses:       4,518  (  3,814 rd   +    704 wr)
==39778== LL miss rate:      0.5% (    0.5%     +    1.8%  )
