==35710== Cachegrind, a cache and branch-prediction profiler
==35710== Copyright (C) 2002-2017, and GNU GPL'd, by Nicholas Nethercote et al.
==35710== Using Valgrind-3.16.1 and LibVEX; rerun with -h for copyright info
==35710== Command: ./tracking .
==35710== 
--35710-- warning: L3 cache found, using its data for the LL simulation.
--35710-- warning: specified LL cache: line_size 64  assoc 11  total_size 25,952,256
--35710-- warning: simulated LL cache: line_size 64  assoc 12  total_size 25,165,824
BIP cache replacement will be used
BIP Throttle parameter is set to 0.015625
==35710== 
==35710== Process terminating with default action of signal 15 (SIGTERM)
==35710==    at 0x1099D7: imageBlur (in /home/tkloda/cortexsuite/vision/benchmarks/tracking/data/fullhd/tracking)
==35710==    by 0x108AA6: main (in /home/tkloda/cortexsuite/vision/benchmarks/tracking/data/fullhd/tracking)
==35710== 
==35710== I   refs:      931,738,334
==35710== I1  misses:          1,260
==35710== LLi misses:          1,249
==35710== I1  miss rate:        0.00%
==35710== LLi miss rate:        0.00%
==35710== 
==35710== D   refs:      368,066,683  (253,674,043 rd   + 114,392,640 wr)
==35710== D1  misses:        688,817  (    151,144 rd   +     537,673 wr)
==35710== LLd misses:        685,997  (    148,331 rd   +     537,666 wr)
==35710== D1  miss rate:         0.2% (        0.1%     +         0.5%  )
==35710== LLd miss rate:         0.2% (        0.1%     +         0.5%  )
==35710== 
==35710== LL refs:           690,077  (    152,404 rd   +     537,673 wr)
==35710== LL misses:         687,246  (    149,580 rd   +     537,666 wr)
==35710== LL miss rate:          0.1% (        0.0%     +         0.5%  )
