==39676== Cachegrind, a cache and branch-prediction profiler
==39676== Copyright (C) 2002-2017, and GNU GPL'd, by Nicholas Nethercote et al.
==39676== Using Valgrind-3.16.1 and LibVEX; rerun with -h for copyright info
==39676== Command: ./multi_ncut .
==39676== 
--39676-- warning: L3 cache found, using its data for the LL simulation.
--39676-- warning: specified LL cache: line_size 64  assoc 11  total_size 25,952,256
--39676-- warning: simulated LL cache: line_size 64  assoc 12  total_size 25,165,824
Random cache replacement will be used
==39676== 
==39676== I   refs:      189,783,294
==39676== I1  misses:          3,010
==39676== LLi misses:          1,525
==39676== I1  miss rate:        0.00%
==39676== LLi miss rate:        0.00%
==39676== 
==39676== D   refs:       32,206,776  (31,820,849 rd   + 385,927 wr)
==39676== D1  misses:         27,194  (    19,478 rd   +   7,716 wr)
==39676== LLd misses:          5,349  (     2,260 rd   +   3,089 wr)
==39676== D1  miss rate:         0.1% (       0.1%     +     2.0%  )
==39676== LLd miss rate:         0.0% (       0.0%     +     0.8%  )
==39676== 
==39676== LL refs:            30,204  (    22,488 rd   +   7,716 wr)
==39676== LL misses:           6,874  (     3,785 rd   +   3,089 wr)
==39676== LL miss rate:          0.0% (       0.0%     +     0.8%  )
