==21308== Cachegrind, a cache and branch-prediction profiler
==21308== Copyright (C) 2002-2017, and GNU GPL'd, by Nicholas Nethercote et al.
==21308== Using Valgrind-3.16.1 and LibVEX; rerun with -h for copyright info
==21308== Command: ./disparity .
==21308== 
--21308-- warning: L3 cache found, using its data for the LL simulation.
--21308-- warning: specified LL cache: line_size 64  assoc 11  total_size 25,952,256
--21308-- warning: simulated LL cache: line_size 64  assoc 12  total_size 25,165,824
BIP cache replacement will be used
BIP Throttle parameter is set to 0.031250
==21308== 
==21308== I   refs:      463,775,462
==21308== I1  misses:          1,496
==21308== LLi misses:          1,492
==21308== I1  miss rate:        0.00%
==21308== LLi miss rate:        0.00%
==21308== 
==21308== D   refs:      187,796,937  (126,192,375 rd   + 61,604,562 wr)
==21308== D1  misses:      4,892,546  (  2,868,670 rd   +  2,023,876 wr)
==21308== LLd misses:        133,701  (     35,587 rd   +     98,114 wr)
==21308== D1  miss rate:         2.6% (        2.3%     +        3.3%  )
==21308== LLd miss rate:         0.1% (        0.0%     +        0.2%  )
==21308== 
==21308== LL refs:         4,894,042  (  2,870,166 rd   +  2,023,876 wr)
==21308== LL misses:         135,193  (     37,079 rd   +     98,114 wr)
==21308== LL miss rate:          0.0% (        0.0%     +        0.2%  )
