==34113== Cachegrind, a cache and branch-prediction profiler
==34113== Copyright (C) 2002-2017, and GNU GPL'd, by Nicholas Nethercote et al.
==34113== Using Valgrind-3.16.1 and LibVEX; rerun with -h for copyright info
==34113== Command: ./spc-medium ../datasets/Aggregation 788 2 7 0.707 1
==34113== 
--34113-- warning: L3 cache found, using its data for the LL simulation.
--34113-- warning: specified LL cache: line_size 64  assoc 11  total_size 25,952,256
--34113-- warning: simulated LL cache: line_size 64  assoc 12  total_size 25,165,824
LIP cache replacement will be used
==34113== 
==34113== I   refs:      11,307,967,289
==34113== I1  misses:             1,725
==34113== LLi misses:             1,721
==34113== I1  miss rate:           0.00%
==34113== LLi miss rate:           0.00%
==34113== 
==34113== D   refs:       4,030,824,654  (2,697,589,545 rd   + 1,333,235,109 wr)
==34113== D1  misses:        12,176,138  (   12,081,436 rd   +        94,702 wr)
==34113== LLd misses:         7,887,810  (    7,797,400 rd   +        90,410 wr)
==34113== D1  miss rate:            0.3% (          0.4%     +           0.0%  )
==34113== LLd miss rate:            0.2% (          0.3%     +           0.0%  )
==34113== 
==34113== LL refs:           12,177,863  (   12,083,161 rd   +        94,702 wr)
==34113== LL misses:          7,889,531  (    7,799,121 rd   +        90,410 wr)
==34113== LL miss rate:             0.1% (          0.1%     +           0.0%  )
