==22673== Cachegrind, a cache and branch-prediction profiler
==22673== Copyright (C) 2002-2017, and GNU GPL'd, by Nicholas Nethercote et al.
==22673== Using Valgrind-3.16.1 and LibVEX; rerun with -h for copyright info
==22673== Command: ./srr-small
==22673== 
--22673-- warning: L3 cache found, using its data for the LL simulation.
--22673-- warning: specified LL cache: line_size 64  assoc 11  total_size 25,952,256
--22673-- warning: simulated LL cache: line_size 64  assoc 12  total_size 25,165,824
FIFO cache replacement will be used
==22673== 
==22673== I   refs:      19,999,787,105
==22673== I1  misses:             1,513
==22673== LLi misses:             1,500
==22673== I1  miss rate:           0.00%
==22673== LLi miss rate:           0.00%
==22673== 
==22673== D   refs:       7,796,537,243  (5,247,433,899 rd   + 2,549,103,344 wr)
==22673== D1  misses:        11,115,672  (   10,422,967 rd   +       692,705 wr)
==22673== LLd misses:            13,377  (        2,528 rd   +        10,849 wr)
==22673== D1  miss rate:            0.1% (          0.2%     +           0.0%  )
==22673== LLd miss rate:            0.0% (          0.0%     +           0.0%  )
==22673== 
==22673== LL refs:           11,117,185  (   10,424,480 rd   +       692,705 wr)
==22673== LL misses:             14,877  (        4,028 rd   +        10,849 wr)
==22673== LL miss rate:             0.0% (          0.0%     +           0.0%  )
