==59537== Cachegrind, a cache and branch-prediction profiler
==59537== Copyright (C) 2002-2017, and GNU GPL'd, by Nicholas Nethercote et al.
==59537== Using Valgrind-3.16.1 and LibVEX; rerun with -h for copyright info
==59537== Command: ./me-large
==59537== 
--59537-- warning: L3 cache found, using its data for the LL simulation.
--59537-- warning: specified LL cache: line_size 64  assoc 11  total_size 25,952,256
--59537-- warning: simulated LL cache: line_size 64  assoc 12  total_size 25,165,824
LIP cache replacement will be used
==59537== brk segment overflow in thread #1: can't grow to 0x4a4b000
==59537== (see section Limitations in user manual)
==59537== NOTE: further instances of this message will not be shown
==59537== 
==59537== I   refs:      7,528,529,082
==59537== I1  misses:            1,499
==59537== LLi misses:            1,496
==59537== I1  miss rate:          0.00%
==59537== LLi miss rate:          0.00%
==59537== 
==59537== D   refs:      1,825,539,721  (1,535,870,322 rd   + 289,669,399 wr)
==59537== D1  misses:        1,927,613  (      605,811 rd   +   1,321,802 wr)
==59537== LLd misses:        1,925,978  (      604,659 rd   +   1,321,319 wr)
==59537== D1  miss rate:           0.1% (          0.0%     +         0.5%  )
==59537== LLd miss rate:           0.1% (          0.0%     +         0.5%  )
==59537== 
==59537== LL refs:           1,929,112  (      607,310 rd   +   1,321,802 wr)
==59537== LL misses:         1,927,474  (      606,155 rd   +   1,321,319 wr)
==59537== LL miss rate:            0.0% (          0.0%     +         0.5%  )
