==53033== Cachegrind, a cache and branch-prediction profiler
==53033== Copyright (C) 2002-2017, and GNU GPL'd, by Nicholas Nethercote et al.
==53033== Using Valgrind-3.16.1 and LibVEX; rerun with -h for copyright info
==53033== Command: ./tracking .
==53033== 
--53033-- warning: L3 cache found, using its data for the LL simulation.
--53033-- warning: specified LL cache: line_size 64  assoc 11  total_size 25,952,256
--53033-- warning: simulated LL cache: line_size 64  assoc 12  total_size 25,165,824
BIP cache replacement will be used
BIP Throttle parameter is set to 0.031250
==53033== brk segment overflow in thread #1: can't grow to 0x4a37000
==53033== (see section Limitations in user manual)
==53033== NOTE: further instances of this message will not be shown
==53033== 
==53033== I   refs:      1,258,660,392
==53033== I1  misses:            2,465
==53033== LLi misses:            1,881
==53033== I1  miss rate:          0.00%
==53033== LLi miss rate:          0.00%
==53033== 
==53033== D   refs:        408,310,879  (288,791,462 rd   + 119,519,417 wr)
==53033== D1  misses:        7,683,748  (  4,111,188 rd   +   3,572,560 wr)
==53033== LLd misses:          352,982  (     60,744 rd   +     292,238 wr)
==53033== D1  miss rate:           1.9% (        1.4%     +         3.0%  )
==53033== LLd miss rate:           0.1% (        0.0%     +         0.2%  )
==53033== 
==53033== LL refs:           7,686,213  (  4,113,653 rd   +   3,572,560 wr)
==53033== LL misses:           354,863  (     62,625 rd   +     292,238 wr)
==53033== LL miss rate:            0.0% (        0.0%     +         0.2%  )
