==44004== Cachegrind, a cache and branch-prediction profiler
==44004== Copyright (C) 2002-2017, and GNU GPL'd, by Nicholas Nethercote et al.
==44004== Using Valgrind-3.16.1 and LibVEX; rerun with -h for copyright info
==44004== Command: ./me-large
==44004== 
--44004-- warning: L3 cache found, using its data for the LL simulation.
--44004-- warning: specified LL cache: line_size 64  assoc 11  total_size 25,952,256
--44004-- warning: simulated LL cache: line_size 64  assoc 12  total_size 25,165,824
FIFO cache replacement will be used
==44004== brk segment overflow in thread #1: can't grow to 0x4a4b000
==44004== (see section Limitations in user manual)
==44004== NOTE: further instances of this message will not be shown
==44004== 
==44004== I   refs:      7,528,529,086
==44004== I1  misses:        9,900,940
==44004== LLi misses:            2,251
==44004== I1  miss rate:          0.13%
==44004== LLi miss rate:          0.00%
==44004== 
==44004== D   refs:      1,825,539,723  (1,535,870,323 rd   + 289,669,400 wr)
==44004== D1  misses:      149,043,136  (  146,404,356 rd   +   2,638,780 wr)
==44004== LLd misses:        1,254,765  (      149,126 rd   +   1,105,639 wr)
==44004== D1  miss rate:           8.2% (          9.5%     +         0.9%  )
==44004== LLd miss rate:           0.1% (          0.0%     +         0.4%  )
==44004== 
==44004== LL refs:         158,944,076  (  156,305,296 rd   +   2,638,780 wr)
==44004== LL misses:         1,257,016  (      151,377 rd   +   1,105,639 wr)
==44004== LL miss rate:            0.0% (          0.0%     +         0.4%  )
