==47466== Cachegrind, a cache and branch-prediction profiler
==47466== Copyright (C) 2002-2017, and GNU GPL'd, by Nicholas Nethercote et al.
==47466== Using Valgrind-3.16.1 and LibVEX; rerun with -h for copyright info
==47466== Command: ./disparity .
==47466== 
--47466-- warning: L3 cache found, using its data for the LL simulation.
--47466-- warning: specified LL cache: line_size 64  assoc 11  total_size 25,952,256
--47466-- warning: simulated LL cache: line_size 64  assoc 12  total_size 25,165,824
BIP cache replacement will be used
BIP Throttle parameter is set to 0.062500
==47466== brk segment overflow in thread #1: can't grow to 0x4a37000
==47466== (see section Limitations in user manual)
==47466== NOTE: further instances of this message will not be shown
==47466== 
==47466== I   refs:      9,424,576,131
==47466== I1  misses:            6,582
==47466== LLi misses:            1,597
==47466== I1  miss rate:          0.00%
==47466== LLi miss rate:          0.00%
==47466== 
==47466== D   refs:      3,816,070,628  (2,559,180,300 rd   + 1,256,890,328 wr)
==47466== D1  misses:      380,783,585  (  263,570,284 rd   +   117,213,301 wr)
==47466== LLd misses:       62,810,124  (   38,786,536 rd   +    24,023,588 wr)
==47466== D1  miss rate:          10.0% (         10.3%     +           9.3%  )
==47466== LLd miss rate:           1.6% (          1.5%     +           1.9%  )
==47466== 
==47466== LL refs:         380,790,167  (  263,576,866 rd   +   117,213,301 wr)
==47466== LL misses:        62,811,721  (   38,788,133 rd   +    24,023,588 wr)
==47466== LL miss rate:            0.5% (          0.3%     +           1.9%  )
