==24914== Cachegrind, a cache and branch-prediction profiler
==24914== Copyright (C) 2002-2017, and GNU GPL'd, by Nicholas Nethercote et al.
==24914== Using Valgrind-3.16.1 and LibVEX; rerun with -h for copyright info
==24914== Command: ./a.out med.txt
==24914== 
--24914-- warning: L3 cache found, using its data for the LL simulation.
--24914-- warning: specified LL cache: line_size 64  assoc 11  total_size 25,952,256
--24914-- warning: simulated LL cache: line_size 64  assoc 12  total_size 25,165,824
Random cache replacement will be used
==24914== 
==24914== I   refs:      21,540,689,427
==24914== I1  misses:             1,797
==24914== LLi misses:             1,788
==24914== I1  miss rate:           0.00%
==24914== LLi miss rate:           0.00%
==24914== 
==24914== D   refs:      13,370,670,449  (12,167,996,488 rd   + 1,202,673,961 wr)
==24914== D1  misses:           243,035  (       126,033 rd   +       117,002 wr)
==24914== LLd misses:            67,839  (         3,199 rd   +        64,640 wr)
==24914== D1  miss rate:            0.0% (           0.0%     +           0.0%  )
==24914== LLd miss rate:            0.0% (           0.0%     +           0.0%  )
==24914== 
==24914== LL refs:              244,832  (       127,830 rd   +       117,002 wr)
==24914== LL misses:             69,627  (         4,987 rd   +        64,640 wr)
==24914== LL miss rate:             0.0% (           0.0%     +           0.0%  )
