==31839== Cachegrind, a cache and branch-prediction profiler
==31839== Copyright (C) 2002-2017, and GNU GPL'd, by Nicholas Nethercote et al.
==31839== Using Valgrind-3.16.1 and LibVEX; rerun with -h for copyright info
==31839== Command: ./kmeans-large ../datasets/MINST 10000 748 10
==31839== 
--31839-- warning: L3 cache found, using its data for the LL simulation.
--31839-- warning: specified LL cache: line_size 64  assoc 11  total_size 25,952,256
--31839-- warning: simulated LL cache: line_size 64  assoc 12  total_size 25,165,824
Random cache replacement will be used
==31839== brk segment overflow in thread #1: can't grow to 0x4a44000
==31839== (see section Limitations in user manual)
==31839== NOTE: further instances of this message will not be shown
==31839== 
==31839== I   refs:      31,864,461,079
==31839== I1  misses:         5,862,907
==31839== LLi misses:             1,619
==31839== I1  miss rate:           0.02%
==31839== LLi miss rate:           0.00%
==31839== 
==31839== D   refs:       9,488,889,170  (8,195,422,232 rd   + 1,293,466,938 wr)
==31839== D1  misses:       492,819,942  (  490,000,838 rd   +     2,819,104 wr)
==31839== LLd misses:        35,238,738  (   33,431,767 rd   +     1,806,971 wr)
==31839== D1  miss rate:            5.2% (          6.0%     +           0.2%  )
==31839== LLd miss rate:            0.4% (          0.4%     +           0.1%  )
==31839== 
==31839== LL refs:          498,682,849  (  495,863,745 rd   +     2,819,104 wr)
==31839== LL misses:         35,240,357  (   33,433,386 rd   +     1,806,971 wr)
==31839== LL miss rate:             0.1% (          0.1%     +           0.1%  )
