==60917== Cachegrind, a cache and branch-prediction profiler
==60917== Copyright (C) 2002-2017, and GNU GPL'd, by Nicholas Nethercote et al.
==60917== Using Valgrind-3.16.1 and LibVEX; rerun with -h for copyright info
==60917== Command: ./multi_ncut .
==60917== 
--60917-- warning: L3 cache found, using its data for the LL simulation.
--60917-- warning: specified LL cache: line_size 64  assoc 11  total_size 25,952,256
--60917-- warning: simulated LL cache: line_size 64  assoc 12  total_size 25,165,824
BIP cache replacement will be used
BIP Throttle parameter is set to 0.031250
==60917== 
==60917== I   refs:      50,837,880,281
==60917== I1  misses:             2,049
==60917== LLi misses:             1,664
==60917== I1  miss rate:           0.00%
==60917== LLi miss rate:           0.00%
==60917== 
==60917== D   refs:       8,481,933,971  (8,475,496,697 rd   + 6,437,274 wr)
==60917== D1  misses:       530,162,034  (  529,666,913 rd   +   495,121 wr)
==60917== LLd misses:            49,566  (        2,572 rd   +    46,994 wr)
==60917== D1  miss rate:            6.3% (          6.2%     +       7.7%  )
==60917== LLd miss rate:            0.0% (          0.0%     +       0.7%  )
==60917== 
==60917== LL refs:          530,164,083  (  529,668,962 rd   +   495,121 wr)
==60917== LL misses:             51,230  (        4,236 rd   +    46,994 wr)
==60917== LL miss rate:             0.0% (          0.0%     +       0.7%  )
