==51806== Cachegrind, a cache and branch-prediction profiler
==51806== Copyright (C) 2002-2017, and GNU GPL'd, by Nicholas Nethercote et al.
==51806== Using Valgrind-3.16.1 and LibVEX; rerun with -h for copyright info
==51806== Command: ./rbm-large
==51806== 
--51806-- warning: L3 cache found, using its data for the LL simulation.
--51806-- warning: specified LL cache: line_size 64  assoc 11  total_size 25,952,256
--51806-- warning: simulated LL cache: line_size 64  assoc 12  total_size 25,165,824
BIP cache replacement will be used
BIP Throttle parameter is set to 0.015625
==51806== 
==51806== I   refs:      119,676,070,063
==51806== I1  misses:            654,382
==51806== LLi misses:              1,613
==51806== I1  miss rate:            0.00%
==51806== LLi miss rate:            0.00%
==51806== 
==51806== D   refs:       35,862,087,164  (27,106,383,010 rd   + 8,755,704,154 wr)
==51806== D1  misses:      4,164,521,163  ( 3,806,433,753 rd   +   358,087,410 wr)
==51806== LLd misses:             49,543  (        25,738 rd   +        23,805 wr)
==51806== D1  miss rate:            11.6% (          14.0%     +           4.1%  )
==51806== LLd miss rate:             0.0% (           0.0%     +           0.0%  )
==51806== 
==51806== LL refs:         4,165,175,545  ( 3,807,088,135 rd   +   358,087,410 wr)
==51806== LL misses:              51,156  (        27,351 rd   +        23,805 wr)
==51806== LL miss rate:              0.0% (           0.0%     +           0.0%  )
