==28355== Cachegrind, a cache and branch-prediction profiler
==28355== Copyright (C) 2002-2017, and GNU GPL'd, by Nicholas Nethercote et al.
==28355== Using Valgrind-3.16.1 and LibVEX; rerun with -h for copyright info
==28355== Command: ./mser .
==28355== 
--28355-- warning: L3 cache found, using its data for the LL simulation.
--28355-- warning: specified LL cache: line_size 64  assoc 11  total_size 25,952,256
--28355-- warning: simulated LL cache: line_size 64  assoc 12  total_size 25,165,824
BIP cache replacement will be used
BIP Throttle parameter is set to 0.031250
==28355== 
==28355== Process terminating with default action of signal 15 (SIGTERM)
==28355==    at 0x10D2C3: mser (in /home/tkloda/cortexsuite/vision/benchmarks/mser/data/fullhd/mser)
==28355==    by 0x108B07: main (in /home/tkloda/cortexsuite/vision/benchmarks/mser/data/fullhd/mser)
==28355== 
==28355== I   refs:      1,784,381,244
==28355== I1  misses:           81,357
==28355== LLi misses:            1,288
==28355== I1  miss rate:          0.00%
==28355== LLi miss rate:          0.00%
==28355== 
==28355== D   refs:        749,658,462  (507,677,523 rd   + 241,980,939 wr)
==28355== D1  misses:        5,485,669  (  3,549,813 rd   +   1,935,856 wr)
==28355== LLd misses:        1,490,940  (    339,560 rd   +   1,151,380 wr)
==28355== D1  miss rate:           0.7% (        0.7%     +         0.8%  )
==28355== LLd miss rate:           0.2% (        0.1%     +         0.5%  )
==28355== 
==28355== LL refs:           5,567,026  (  3,631,170 rd   +   1,935,856 wr)
==28355== LL misses:         1,492,228  (    340,848 rd   +   1,151,380 wr)
==28355== LL miss rate:            0.1% (        0.0%     +         0.5%  )
