==39442== Cachegrind, a cache and branch-prediction profiler
==39442== Copyright (C) 2002-2017, and GNU GPL'd, by Nicholas Nethercote et al.
==39442== Using Valgrind-3.16.1 and LibVEX; rerun with -h for copyright info
==39442== Command: ./sift .
==39442== 
--39442-- warning: L3 cache found, using its data for the LL simulation.
--39442-- warning: specified LL cache: line_size 64  assoc 11  total_size 25,952,256
--39442-- warning: simulated LL cache: line_size 64  assoc 12  total_size 25,165,824
LRU cache replacement will be used
==39442== 
==39442== I   refs:      288,805,098
==39442== I1  misses:          1,780
==39442== LLi misses:          1,776
==39442== I1  miss rate:        0.00%
==39442== LLi miss rate:        0.00%
==39442== 
==39442== D   refs:       87,842,395  (61,419,274 rd   + 26,423,121 wr)
==39442== D1  misses:        200,931  (    45,265 rd   +    155,666 wr)
==39442== LLd misses:        157,931  (     2,321 rd   +    155,610 wr)
==39442== D1  miss rate:         0.2% (       0.1%     +        0.6%  )
==39442== LLd miss rate:         0.2% (       0.0%     +        0.6%  )
==39442== 
==39442== LL refs:           202,711  (    47,045 rd   +    155,666 wr)
==39442== LL misses:         159,707  (     4,097 rd   +    155,610 wr)
==39442== LL miss rate:          0.0% (       0.0%     +        0.6%  )
