==51877== Cachegrind, a cache and branch-prediction profiler
==51877== Copyright (C) 2002-2017, and GNU GPL'd, by Nicholas Nethercote et al.
==51877== Using Valgrind-3.16.1 and LibVEX; rerun with -h for copyright info
==51877== Command: ./rbm-large
==51877== 
--51877-- warning: L3 cache found, using its data for the LL simulation.
--51877-- warning: specified LL cache: line_size 64  assoc 11  total_size 25,952,256
--51877-- warning: simulated LL cache: line_size 64  assoc 12  total_size 25,165,824
BIP cache replacement will be used
BIP Throttle parameter is set to 0.015625
==51877== 
==51877== I   refs:      119,676,070,063
==51877== I1  misses:              1,472
==51877== LLi misses:              1,467
==51877== I1  miss rate:            0.00%
==51877== LLi miss rate:            0.00%
==51877== 
==51877== D   refs:       35,862,087,164  (27,106,383,010 rd   + 8,755,704,154 wr)
==51877== D1  misses:      1,773,349,470  ( 1,429,306,248 rd   +   344,043,222 wr)
==51877== LLd misses:             53,830  (        29,767 rd   +        24,063 wr)
==51877== D1  miss rate:             4.9% (           5.3%     +           3.9%  )
==51877== LLd miss rate:             0.0% (           0.0%     +           0.0%  )
==51877== 
==51877== LL refs:         1,773,350,942  ( 1,429,307,720 rd   +   344,043,222 wr)
==51877== LL misses:              55,297  (        31,234 rd   +        24,063 wr)
==51877== LL miss rate:              0.0% (           0.0%     +           0.0%  )
