==19842== Cachegrind, a cache and branch-prediction profiler
==19842== Copyright (C) 2002-2017, and GNU GPL'd, by Nicholas Nethercote et al.
==19842== Using Valgrind-3.16.1 and LibVEX; rerun with -h for copyright info
==19842== Command: ./srr-large
==19842== 
--19842-- warning: L3 cache found, using its data for the LL simulation.
--19842-- warning: specified LL cache: line_size 64  assoc 11  total_size 25,952,256
--19842-- warning: simulated LL cache: line_size 64  assoc 12  total_size 25,165,824
LRU cache replacement will be used
==19842== brk segment overflow in thread #1: can't grow to 0x4a4b000
==19842== (see section Limitations in user manual)
==19842== NOTE: further instances of this message will not be shown
==19842== 
==19842== I   refs:      919,217,731,559
==19842== I1  misses:              1,560
==19842== LLi misses:              1,557
==19842== I1  miss rate:            0.00%
==19842== LLi miss rate:            0.00%
==19842== 
==19842== D   refs:      356,699,040,284  (240,279,389,404 rd   + 116,419,650,880 wr)
==19842== D1  misses:        174,908,352  (    169,417,063 rd   +       5,491,289 wr)
==19842== LLd misses:            403,010  (          3,009 rd   +         400,001 wr)
==19842== D1  miss rate:             0.0% (            0.1%     +             0.0%  )
==19842== LLd miss rate:             0.0% (            0.0%     +             0.0%  )
==19842== 
==19842== LL refs:           174,909,912  (    169,418,623 rd   +       5,491,289 wr)
==19842== LL misses:             404,567  (          4,566 rd   +         400,001 wr)
==19842== LL miss rate:              0.0% (            0.0%     +             0.0%  )
