==43005== Cachegrind, a cache and branch-prediction profiler
==43005== Copyright (C) 2002-2017, and GNU GPL'd, by Nicholas Nethercote et al.
==43005== Using Valgrind-3.16.1 and LibVEX; rerun with -h for copyright info
==43005== Command: ./liblinear-tsmall data/100M/crime_scale
==43005== 
--43005-- warning: L3 cache found, using its data for the LL simulation.
--43005-- warning: specified LL cache: line_size 64  assoc 11  total_size 25,952,256
--43005-- warning: simulated LL cache: line_size 64  assoc 12  total_size 25,165,824
BIP cache replacement will be used
BIP Throttle parameter is set to 0.062500
==43005== 
==43005== I   refs:      475,760,487
==43005== I1  misses:         54,367
==43005== LLi misses:          1,966
==43005== I1  miss rate:        0.01%
==43005== LLi miss rate:        0.00%
==43005== 
==43005== D   refs:      169,726,962  (132,316,254 rd   + 37,410,708 wr)
==43005== D1  misses:      4,644,356  (  4,574,591 rd   +     69,765 wr)
==43005== LLd misses:        179,436  (    115,794 rd   +     63,642 wr)
==43005== D1  miss rate:         2.7% (        3.5%     +        0.2%  )
==43005== LLd miss rate:         0.1% (        0.1%     +        0.2%  )
==43005== 
==43005== LL refs:         4,698,723  (  4,628,958 rd   +     69,765 wr)
==43005== LL misses:         181,402  (    117,760 rd   +     63,642 wr)
==43005== LL miss rate:          0.0% (        0.0%     +        0.2%  )
