==11966== Cachegrind, a cache and branch-prediction profiler
==11966== Copyright (C) 2002-2017, and GNU GPL'd, by Nicholas Nethercote et al.
==11966== Using Valgrind-3.16.1 and LibVEX; rerun with -h for copyright info
==11966== Command: ./me-small
==11966== 
--11966-- warning: L3 cache found, using its data for the LL simulation.
--11966-- warning: specified LL cache: line_size 64  assoc 11  total_size 25,952,256
--11966-- warning: simulated LL cache: line_size 64  assoc 12  total_size 25,165,824
LIP cache replacement will be used
==11966== 
==11966== I   refs:      47,322,023
==11966== I1  misses:       303,410
==11966== LLi misses:         1,444
==11966== I1  miss rate:       0.64%
==11966== LLi miss rate:       0.00%
==11966== 
==11966== D   refs:       7,813,960  (7,203,446 rd   + 610,514 wr)
==11966== D1  misses:     1,689,256  (1,577,858 rd   + 111,398 wr)
==11966== LLd misses:        17,883  (    2,158 rd   +  15,725 wr)
==11966== D1  miss rate:       21.6% (     21.9%     +    18.2%  )
==11966== LLd miss rate:        0.2% (      0.0%     +     2.6%  )
==11966== 
==11966== LL refs:        1,992,666  (1,881,268 rd   + 111,398 wr)
==11966== LL misses:         19,327  (    3,602 rd   +  15,725 wr)
==11966== LL miss rate:         0.0% (      0.0%     +     2.6%  )
