==38534== Cachegrind, a cache and branch-prediction profiler
==38534== Copyright (C) 2002-2017, and GNU GPL'd, by Nicholas Nethercote et al.
==38534== Using Valgrind-3.16.1 and LibVEX; rerun with -h for copyright info
==38534== Command: ./sift .
==38534== 
--38534-- warning: L3 cache found, using its data for the LL simulation.
--38534-- warning: specified LL cache: line_size 64  assoc 11  total_size 25,952,256
--38534-- warning: simulated LL cache: line_size 64  assoc 12  total_size 25,165,824
LRU cache replacement will be used
==38534== brk segment overflow in thread #1: can't grow to 0x4cd9000
==38534== (see section Limitations in user manual)
==38534== NOTE: further instances of this message will not be shown
==38534== 
==38534== I   refs:      3,167,698,658
==38534== I1  misses:            1,821
==38534== LLi misses:            1,817
==38534== I1  miss rate:          0.00%
==38534== LLi miss rate:          0.00%
==38534== 
==38534== D   refs:        974,218,288  (676,537,038 rd   + 297,681,250 wr)
==38534== D1  misses:        5,656,349  (  3,390,815 rd   +   2,265,534 wr)
==38534== LLd misses:        2,804,549  (  1,157,997 rd   +   1,646,552 wr)
==38534== D1  miss rate:           0.6% (        0.5%     +         0.8%  )
==38534== LLd miss rate:           0.3% (        0.2%     +         0.6%  )
==38534== 
==38534== LL refs:           5,658,170  (  3,392,636 rd   +   2,265,534 wr)
==38534== LL misses:         2,806,366  (  1,159,814 rd   +   1,646,552 wr)
==38534== LL miss rate:            0.1% (        0.0%     +         0.6%  )
