==25216== Cachegrind, a cache and branch-prediction profiler
==25216== Copyright (C) 2002-2017, and GNU GPL'd, by Nicholas Nethercote et al.
==25216== Using Valgrind-3.16.1 and LibVEX; rerun with -h for copyright info
==25216== Command: ./stitch .
==25216== 
--25216-- warning: L3 cache found, using its data for the LL simulation.
--25216-- warning: specified LL cache: line_size 64  assoc 11  total_size 25,952,256
--25216-- warning: simulated LL cache: line_size 64  assoc 12  total_size 25,165,824
BIP cache replacement will be used
BIP Throttle parameter is set to 0.062500
==25216== brk segment overflow in thread #1: can't grow to 0x4a37000
==25216== (see section Limitations in user manual)
==25216== NOTE: further instances of this message will not be shown
==25216== 
==25216== I   refs:      253,517,705,884
==25216== I1  misses:             11,333
==25216== LLi misses:              2,000
==25216== I1  miss rate:            0.00%
==25216== LLi miss rate:            0.00%
==25216== 
==25216== D   refs:       68,980,624,536  (45,322,620,985 rd   + 23,658,003,551 wr)
==25216== D1  misses:      4,890,138,695  ( 2,755,577,174 rd   +  2,134,561,521 wr)
==25216== LLd misses:          5,359,785  (     3,026,190 rd   +      2,333,595 wr)
==25216== D1  miss rate:             7.1% (           6.1%     +            9.0%  )
==25216== LLd miss rate:             0.0% (           0.0%     +            0.0%  )
==25216== 
==25216== LL refs:         4,890,150,028  ( 2,755,588,507 rd   +  2,134,561,521 wr)
==25216== LL misses:           5,361,785  (     3,028,190 rd   +      2,333,595 wr)
==25216== LL miss rate:              0.0% (           0.0%     +            0.0%  )
