==26325== Cachegrind, a cache and branch-prediction profiler
==26325== Copyright (C) 2002-2017, and GNU GPL'd, by Nicholas Nethercote et al.
==26325== Using Valgrind-3.16.1 and LibVEX; rerun with -h for copyright info
==26325== Command: ./sift .
==26325== 
--26325-- warning: L3 cache found, using its data for the LL simulation.
--26325-- warning: specified LL cache: line_size 64  assoc 11  total_size 25,952,256
--26325-- warning: simulated LL cache: line_size 64  assoc 12  total_size 25,165,824
BIP cache replacement will be used
BIP Throttle parameter is set to 0.031250
==26325== 
==26325== I   refs:      288,804,921
==26325== I1  misses:          1,906
==26325== LLi misses:          1,805
==26325== I1  miss rate:        0.00%
==26325== LLi miss rate:        0.00%
==26325== 
==26325== D   refs:       87,842,244  (61,419,192 rd   + 26,423,052 wr)
==26325== D1  misses:      1,035,243  (   329,049 rd   +    706,194 wr)
==26325== LLd misses:        179,706  (    24,074 rd   +    155,632 wr)
==26325== D1  miss rate:         1.2% (       0.5%     +        2.7%  )
==26325== LLd miss rate:         0.2% (       0.0%     +        0.6%  )
==26325== 
==26325== LL refs:         1,037,149  (   330,955 rd   +    706,194 wr)
==26325== LL misses:         181,511  (    25,879 rd   +    155,632 wr)
==26325== LL miss rate:          0.0% (       0.0%     +        0.6%  )
