==730== Cachegrind, a cache and branch-prediction profiler
==730== Copyright (C) 2002-2017, and GNU GPL'd, by Nicholas Nethercote et al.
==730== Using Valgrind-3.16.1 and LibVEX; rerun with -h for copyright info
==730== Command: ./mser .
==730== 
--730-- warning: L3 cache found, using its data for the LL simulation.
--730-- warning: specified LL cache: line_size 64  assoc 11  total_size 25,952,256
--730-- warning: simulated LL cache: line_size 64  assoc 12  total_size 25,165,824
FIFO cache replacement will be used
==730== 
==730== I   refs:      3,434,253,558
==730== I1  misses:            1,499
==730== LLi misses:            1,495
==730== I1  miss rate:          0.00%
==730== LLi miss rate:          0.00%
==730== 
==730== D   refs:      1,308,839,719  (891,688,008 rd   + 417,151,711 wr)
==730== D1  misses:       11,092,134  (  8,308,256 rd   +   2,783,878 wr)
==730== LLd misses:        7,005,666  (  4,839,059 rd   +   2,166,607 wr)
==730== D1  miss rate:           0.8% (        0.9%     +         0.7%  )
==730== LLd miss rate:           0.5% (        0.5%     +         0.5%  )
==730== 
==730== LL refs:          11,093,633  (  8,309,755 rd   +   2,783,878 wr)
==730== LL misses:         7,007,161  (  4,840,554 rd   +   2,166,607 wr)
==730== LL miss rate:            0.1% (        0.1%     +         0.5%  )
