==25743== Cachegrind, a cache and branch-prediction profiler
==25743== Copyright (C) 2002-2017, and GNU GPL'd, by Nicholas Nethercote et al.
==25743== Using Valgrind-3.16.1 and LibVEX; rerun with -h for copyright info
==25743== Command: ./tracking .
==25743== 
--25743-- warning: L3 cache found, using its data for the LL simulation.
--25743-- warning: specified LL cache: line_size 64  assoc 11  total_size 25,952,256
--25743-- warning: simulated LL cache: line_size 64  assoc 12  total_size 25,165,824
Random cache replacement will be used
==25743== brk segment overflow in thread #1: can't grow to 0x4a37000
==25743== (see section Limitations in user manual)
==25743== NOTE: further instances of this message will not be shown
==25743== 
==25743== I   refs:      1,258,660,554
==25743== I1  misses:           80,500
==25743== LLi misses:            2,057
==25743== I1  miss rate:          0.01%
==25743== LLi miss rate:          0.00%
==25743== 
==25743== D   refs:        408,310,903  (288,791,485 rd   + 119,519,418 wr)
==25743== D1  misses:        8,018,137  (  4,751,711 rd   +   3,266,426 wr)
==25743== LLd misses:          329,427  (     28,360 rd   +     301,067 wr)
==25743== D1  miss rate:           2.0% (        1.6%     +         2.7%  )
==25743== LLd miss rate:           0.1% (        0.0%     +         0.3%  )
==25743== 
==25743== LL refs:           8,098,637  (  4,832,211 rd   +   3,266,426 wr)
==25743== LL misses:           331,484  (     30,417 rd   +     301,067 wr)
==25743== LL miss rate:            0.0% (        0.0%     +         0.3%  )
