==51924== Cachegrind, a cache and branch-prediction profiler
==51924== Copyright (C) 2002-2017, and GNU GPL'd, by Nicholas Nethercote et al.
==51924== Using Valgrind-3.16.1 and LibVEX; rerun with -h for copyright info
==51924== Command: ./a.out large.txt
==51924== 
--51924-- warning: L3 cache found, using its data for the LL simulation.
--51924-- warning: specified LL cache: line_size 64  assoc 11  total_size 25,952,256
--51924-- warning: simulated LL cache: line_size 64  assoc 12  total_size 25,165,824
BIP cache replacement will be used
BIP Throttle parameter is set to 0.031250
==51924== 
==51924== I   refs:      166,691,482,167
==51924== I1  misses:              1,789
==51924== LLi misses:              1,785
==51924== I1  miss rate:            0.00%
==51924== LLi miss rate:            0.00%
==51924== 
==51924== D   refs:      104,424,129,669  (95,529,538,739 rd   + 8,894,590,930 wr)
==51924== D1  misses:        132,697,796  (   132,122,238 rd   +       575,558 wr)
==51924== LLd misses:          1,342,224  (       977,120 rd   +       365,104 wr)
==51924== D1  miss rate:             0.1% (           0.1%     +           0.0%  )
==51924== LLd miss rate:             0.0% (           0.0%     +           0.0%  )
==51924== 
==51924== LL refs:           132,699,585  (   132,124,027 rd   +       575,558 wr)
==51924== LL misses:           1,344,009  (       978,905 rd   +       365,104 wr)
==51924== LL miss rate:              0.0% (           0.0%     +           0.0%  )
