==23543== Cachegrind, a cache and branch-prediction profiler
==23543== Copyright (C) 2002-2017, and GNU GPL'd, by Nicholas Nethercote et al.
==23543== Using Valgrind-3.16.1 and LibVEX; rerun with -h for copyright info
==23543== Command: ./a.out small.txt
==23543== 
--23543-- warning: L3 cache found, using its data for the LL simulation.
--23543-- warning: specified LL cache: line_size 64  assoc 11  total_size 25,952,256
--23543-- warning: simulated LL cache: line_size 64  assoc 12  total_size 25,165,824
LIP cache replacement will be used
==23543== 
==23543== I   refs:      219,666,586
==23543== I1  misses:          1,776
==23543== LLi misses:          1,758
==23543== I1  miss rate:        0.00%
==23543== LLi miss rate:        0.00%
==23543== 
==23543== D   refs:      128,686,218  (113,044,780 rd   + 15,641,438 wr)
==23543== D1  misses:          5,480  (      2,358 rd   +      3,122 wr)
==23543== LLd misses:          5,401  (      2,288 rd   +      3,113 wr)
==23543== D1  miss rate:         0.0% (        0.0%     +        0.0%  )
==23543== LLd miss rate:         0.0% (        0.0%     +        0.0%  )
==23543== 
==23543== LL refs:             7,256  (      4,134 rd   +      3,122 wr)
==23543== LL misses:           7,159  (      4,046 rd   +      3,113 wr)
==23543== LL miss rate:          0.0% (        0.0%     +        0.0%  )
