==26313== Cachegrind, a cache and branch-prediction profiler
==26313== Copyright (C) 2002-2017, and GNU GPL'd, by Nicholas Nethercote et al.
==26313== Using Valgrind-3.16.1 and LibVEX; rerun with -h for copyright info
==26313== Command: ./sift .
==26313== 
--26313-- warning: L3 cache found, using its data for the LL simulation.
--26313-- warning: specified LL cache: line_size 64  assoc 11  total_size 25,952,256
--26313-- warning: simulated LL cache: line_size 64  assoc 12  total_size 25,165,824
BIP cache replacement will be used
BIP Throttle parameter is set to 0.031250
==26313== 
==26313== I   refs:      288,804,896
==26313== I1  misses:          2,063
==26313== LLi misses:          1,897
==26313== I1  miss rate:        0.00%
==26313== LLi miss rate:        0.00%
==26313== 
==26313== D   refs:       87,842,238  (61,419,189 rd   + 26,423,049 wr)
==26313== D1  misses:      1,503,953  (   793,735 rd   +    710,218 wr)
==26313== LLd misses:        178,773  (    23,140 rd   +    155,633 wr)
==26313== D1  miss rate:         1.7% (       1.3%     +        2.7%  )
==26313== LLd miss rate:         0.2% (       0.0%     +        0.6%  )
==26313== 
==26313== LL refs:         1,506,016  (   795,798 rd   +    710,218 wr)
==26313== LL misses:         180,670  (    25,037 rd   +    155,633 wr)
==26313== LL miss rate:          0.0% (       0.0%     +        0.6%  )
