==21130== Cachegrind, a cache and branch-prediction profiler
==21130== Copyright (C) 2002-2017, and GNU GPL'd, by Nicholas Nethercote et al.
==21130== Using Valgrind-3.16.1 and LibVEX; rerun with -h for copyright info
==21130== Command: ./srr-medium
==21130== 
--21130-- warning: L3 cache found, using its data for the LL simulation.
--21130-- warning: specified LL cache: line_size 64  assoc 11  total_size 25,952,256
--21130-- warning: simulated LL cache: line_size 64  assoc 12  total_size 25,165,824
LIP cache replacement will be used
==21130== 
==21130== I   refs:      151,164,870,270
==21130== I1  misses:              2,300
==21130== LLi misses:              1,584
==21130== I1  miss rate:            0.00%
==21130== LLi miss rate:            0.00%
==21130== 
==21130== D   refs:       57,030,637,063  (38,402,710,440 rd   + 18,627,926,623 wr)
==21130== D1  misses:      2,028,196,644  ( 1,983,578,781 rd   +     44,617,863 wr)
==21130== LLd misses:             70,298  (         4,124 rd   +         66,174 wr)
==21130== D1  miss rate:             3.6% (           5.2%     +            0.2%  )
==21130== LLd miss rate:             0.0% (           0.0%     +            0.0%  )
==21130== 
==21130== LL refs:         2,028,198,944  ( 1,983,581,081 rd   +     44,617,863 wr)
==21130== LL misses:              71,882  (         5,708 rd   +         66,174 wr)
==21130== LL miss rate:              0.0% (           0.0%     +            0.0%  )
