==19720== Cachegrind, a cache and branch-prediction profiler
==19720== Copyright (C) 2002-2017, and GNU GPL'd, by Nicholas Nethercote et al.
==19720== Using Valgrind-3.16.1 and LibVEX; rerun with -h for copyright info
==19720== Command: ./mser .
==19720== 
--19720-- warning: L3 cache found, using its data for the LL simulation.
--19720-- warning: specified LL cache: line_size 64  assoc 11  total_size 25,952,256
--19720-- warning: simulated LL cache: line_size 64  assoc 12  total_size 25,165,824
FIFO cache replacement will be used
==19720== 
==19720== I   refs:      157,426,181
==19720== I1  misses:          2,815
==19720== LLi misses:          1,493
==19720== I1  miss rate:        0.00%
==19720== LLi miss rate:        0.00%
==19720== 
==19720== D   refs:       59,523,784  (40,510,721 rd   + 19,013,063 wr)
==19720== D1  misses:      1,399,653  ( 1,204,053 rd   +    195,600 wr)
==19720== LLd misses:         71,091  (     2,246 rd   +     68,845 wr)
==19720== D1  miss rate:         2.4% (       3.0%     +        1.0%  )
==19720== LLd miss rate:         0.1% (       0.0%     +        0.4%  )
==19720== 
==19720== LL refs:         1,402,468  ( 1,206,868 rd   +    195,600 wr)
==19720== LL misses:          72,584  (     3,739 rd   +     68,845 wr)
==19720== LL miss rate:          0.0% (       0.0%     +        0.4%  )
