==58800== Cachegrind, a cache and branch-prediction profiler
==58800== Copyright (C) 2002-2017, and GNU GPL'd, by Nicholas Nethercote et al.
==58800== Using Valgrind-3.16.1 and LibVEX; rerun with -h for copyright info
==58800== Command: ./spc-medium ../datasets/Aggregation 788 2 7 0.707 1
==58800== 
--58800-- warning: L3 cache found, using its data for the LL simulation.
--58800-- warning: specified LL cache: line_size 64  assoc 11  total_size 25,952,256
--58800-- warning: simulated LL cache: line_size 64  assoc 12  total_size 25,165,824
BIP cache replacement will be used
BIP Throttle parameter is set to 0.015625
==58800== 
==58800== I   refs:      11,307,967,289
==58800== I1  misses:           294,924
==58800== LLi misses:             1,785
==58800== I1  miss rate:           0.00%
==58800== LLi miss rate:           0.00%
==58800== 
==58800== D   refs:       4,030,824,654  (2,697,589,545 rd   + 1,333,235,109 wr)
==58800== D1  misses:       279,042,386  (  277,011,539 rd   +     2,030,847 wr)
==58800== LLd misses:           153,644  (       72,575 rd   +        81,069 wr)
==58800== D1  miss rate:            6.9% (         10.3%     +           0.2%  )
==58800== LLd miss rate:            0.0% (          0.0%     +           0.0%  )
==58800== 
==58800== LL refs:          279,337,310  (  277,306,463 rd   +     2,030,847 wr)
==58800== LL misses:            155,429  (       74,360 rd   +        81,069 wr)
==58800== LL miss rate:             0.0% (          0.0%     +           0.0%  )
