==40020== Cachegrind, a cache and branch-prediction profiler
==40020== Copyright (C) 2002-2017, and GNU GPL'd, by Nicholas Nethercote et al.
==40020== Using Valgrind-3.16.1 and LibVEX; rerun with -h for copyright info
==40020== Command: ./liblinear-tlarge data/100B/kdda
==40020== 
--40020-- warning: L3 cache found, using its data for the LL simulation.
--40020-- warning: specified LL cache: line_size 64  assoc 11  total_size 25,952,256
--40020-- warning: simulated LL cache: line_size 64  assoc 12  total_size 25,165,824
LIP cache replacement will be used
==40020== 
==40020== I   refs:      111,902,758,001
==40020== I1  misses:              2,065
==40020== LLi misses:              1,959
==40020== I1  miss rate:            0.00%
==40020== LLi miss rate:            0.00%
==40020== 
==40020== D   refs:       44,061,986,474  (36,080,688,133 rd   + 7,981,298,341 wr)
==40020== D1  misses:      4,902,259,016  ( 4,787,924,682 rd   +   114,334,334 wr)
==40020== LLd misses:      1,569,178,366  ( 1,563,462,119 rd   +     5,716,247 wr)
==40020== D1  miss rate:            11.1% (          13.3%     +           1.4%  )
==40020== LLd miss rate:             3.6% (           4.3%     +           0.1%  )
==40020== 
==40020== LL refs:         4,902,261,081  ( 4,787,926,747 rd   +   114,334,334 wr)
==40020== LL misses:       1,569,180,325  ( 1,563,464,078 rd   +     5,716,247 wr)
==40020== LL miss rate:              1.0% (           1.1%     +           0.1%  )
