==35467== Cachegrind, a cache and branch-prediction profiler
==35467== Copyright (C) 2002-2017, and GNU GPL'd, by Nicholas Nethercote et al.
==35467== Using Valgrind-3.16.1 and LibVEX; rerun with -h for copyright info
==35467== Command: ./spc-small ../datasets/R15 600 2 15 0.707 1 2
==35467== 
--35467-- warning: L3 cache found, using its data for the LL simulation.
--35467-- warning: specified LL cache: line_size 64  assoc 11  total_size 25,952,256
--35467-- warning: simulated LL cache: line_size 64  assoc 12  total_size 25,165,824
Random cache replacement will be used
==35467== 
==35467== I   refs:      217,405
==35467== I1  misses:      1,094
==35467== LLi misses:      1,090
==35467== I1  miss rate:    0.50%
==35467== LLi miss rate:    0.50%
==35467== 
==35467== D   refs:       69,324  (54,846 rd   + 14,478 wr)
==35467== D1  misses:      2,796  ( 2,190 rd   +    606 wr)
==35467== LLd misses:      2,787  ( 2,181 rd   +    606 wr)
==35467== D1  miss rate:     4.0% (   4.0%     +    4.2%  )
==35467== LLd miss rate:     4.0% (   4.0%     +    4.2%  )
==35467== 
==35467== LL refs:         3,890  ( 3,284 rd   +    606 wr)
==35467== LL misses:       3,877  ( 3,271 rd   +    606 wr)
==35467== LL miss rate:      1.4% (   1.2%     +    4.2%  )
