==25495== Cachegrind, a cache and branch-prediction profiler
==25495== Copyright (C) 2002-2017, and GNU GPL'd, by Nicholas Nethercote et al.
==25495== Using Valgrind-3.16.1 and LibVEX; rerun with -h for copyright info
==25495== Command: ./sift .
==25495== 
--25495-- warning: L3 cache found, using its data for the LL simulation.
--25495-- warning: specified LL cache: line_size 64  assoc 11  total_size 25,952,256
--25495-- warning: simulated LL cache: line_size 64  assoc 12  total_size 25,165,824
LRU cache replacement will be used
==25495== 
==25495== I   refs:      288,804,896
==25495== I1  misses:          1,799
==25495== LLi misses:          1,795
==25495== I1  miss rate:        0.00%
==25495== LLi miss rate:        0.00%
==25495== 
==25495== D   refs:       87,842,238  (61,419,189 rd   + 26,423,049 wr)
==25495== D1  misses:        513,899  (   313,719 rd   +    200,180 wr)
==25495== LLd misses:        157,933  (     2,323 rd   +    155,610 wr)
==25495== D1  miss rate:         0.6% (       0.5%     +        0.8%  )
==25495== LLd miss rate:         0.2% (       0.0%     +        0.6%  )
==25495== 
==25495== LL refs:           515,698  (   315,518 rd   +    200,180 wr)
==25495== LL misses:         159,728  (     4,118 rd   +    155,610 wr)
==25495== LL miss rate:          0.0% (       0.0%     +        0.6%  )
