==40172== Cachegrind, a cache and branch-prediction profiler
==40172== Copyright (C) 2002-2017, and GNU GPL'd, by Nicholas Nethercote et al.
==40172== Using Valgrind-3.16.1 and LibVEX; rerun with -h for copyright info
==40172== Command: ./multi_ncut .
==40172== 
--40172-- warning: L3 cache found, using its data for the LL simulation.
--40172-- warning: specified LL cache: line_size 64  assoc 11  total_size 25,952,256
--40172-- warning: simulated LL cache: line_size 64  assoc 12  total_size 25,165,824
Random cache replacement will be used
==40172== 
==40172== I   refs:      14,127,911,282
==40172== I1  misses:         2,310,979
==40172== LLi misses:             1,564
==40172== I1  miss rate:           0.02%
==40172== LLi miss rate:           0.00%
==40172== 
==40172== D   refs:       2,359,390,611  (2,356,019,934 rd   + 3,370,677 wr)
==40172== D1  misses:       295,691,715  (  295,089,292 rd   +   602,423 wr)
==40172== LLd misses:            27,370  (        2,452 rd   +    24,918 wr)
==40172== D1  miss rate:           12.5% (         12.5%     +      17.9%  )
==40172== LLd miss rate:            0.0% (          0.0%     +       0.7%  )
==40172== 
==40172== LL refs:          298,002,694  (  297,400,271 rd   +   602,423 wr)
==40172== LL misses:             28,934  (        4,016 rd   +    24,918 wr)
==40172== LL miss rate:             0.0% (          0.0%     +       0.7%  )
