==38581== Cachegrind, a cache and branch-prediction profiler
==38581== Copyright (C) 2002-2017, and GNU GPL'd, by Nicholas Nethercote et al.
==38581== Using Valgrind-3.16.1 and LibVEX; rerun with -h for copyright info
==38581== Command: ./disparity .
==38581== 
--38581-- warning: L3 cache found, using its data for the LL simulation.
--38581-- warning: specified LL cache: line_size 64  assoc 11  total_size 25,952,256
--38581-- warning: simulated LL cache: line_size 64  assoc 12  total_size 25,165,824
Random cache replacement will be used
==38581== 
==38581== I   refs:      126,238,917
==38581== I1  misses:      6,514,056
==38581== LLi misses:          1,512
==38581== I1  miss rate:        5.16%
==38581== LLi miss rate:        0.00%
==38581== 
==38581== D   refs:       50,959,912  (34,248,445 rd   + 16,711,467 wr)
==38581== D1  misses:     15,002,998  (11,383,691 rd   +  3,619,307 wr)
==38581== LLd misses:         20,645  (     2,255 rd   +     18,390 wr)
==38581== D1  miss rate:        29.4% (      33.2%     +       21.7%  )
==38581== LLd miss rate:         0.0% (       0.0%     +        0.1%  )
==38581== 
==38581== LL refs:        21,517,054  (17,897,747 rd   +  3,619,307 wr)
==38581== LL misses:          22,157  (     3,767 rd   +     18,390 wr)
==38581== LL miss rate:          0.0% (       0.0%     +        0.1%  )
