==20428== Cachegrind, a cache and branch-prediction profiler
==20428== Copyright (C) 2002-2017, and GNU GPL'd, by Nicholas Nethercote et al.
==20428== Using Valgrind-3.16.1 and LibVEX; rerun with -h for copyright info
==20428== Command: ./disparity .
==20428== 
--20428-- warning: L3 cache found, using its data for the LL simulation.
--20428-- warning: specified LL cache: line_size 64  assoc 11  total_size 25,952,256
--20428-- warning: simulated LL cache: line_size 64  assoc 12  total_size 25,165,824
LRU cache replacement will be used
==20428== 
==20428== I   refs:      463,775,462
==20428== I1  misses:          1,524
==20428== LLi misses:          1,492
==20428== I1  miss rate:        0.00%
==20428== LLi miss rate:        0.00%
==20428== 
==20428== D   refs:      187,796,937  (126,192,375 rd   + 61,604,562 wr)
==20428== D1  misses:      9,364,197  (  5,296,842 rd   +  4,067,355 wr)
==20428== LLd misses:         74,246  (      2,314 rd   +     71,932 wr)
==20428== D1  miss rate:         5.0% (        4.2%     +        6.6%  )
==20428== LLd miss rate:         0.0% (        0.0%     +        0.1%  )
==20428== 
==20428== LL refs:         9,365,721  (  5,298,366 rd   +  4,067,355 wr)
==20428== LL misses:          75,738  (      3,806 rd   +     71,932 wr)
==20428== LL miss rate:          0.0% (        0.0%     +        0.1%  )
