==29665== Cachegrind, a cache and branch-prediction profiler
==29665== Copyright (C) 2002-2017, and GNU GPL'd, by Nicholas Nethercote et al.
==29665== Using Valgrind-3.16.1 and LibVEX; rerun with -h for copyright info
==29665== Command: ./kmeans-small ../datasets/yeast 1484 8 10
==29665== 
--29665-- warning: L3 cache found, using its data for the LL simulation.
--29665-- warning: specified LL cache: line_size 64  assoc 11  total_size 25,952,256
--29665-- warning: simulated LL cache: line_size 64  assoc 12  total_size 25,165,824
FIFO cache replacement will be used
==29665== 
==29665== I   refs:      56,158,059
==29665== I1  misses:        53,399
==29665== LLi misses:         1,468
==29665== I1  miss rate:       0.10%
==29665== LLi miss rate:       0.00%
==29665== 
==29665== D   refs:      15,831,403  (13,089,369 rd   + 2,742,034 wr)
==29665== D1  misses:        80,475  (    72,587 rd   +     7,888 wr)
==29665== LLd misses:         4,964  (     2,147 rd   +     2,817 wr)
==29665== D1  miss rate:        0.5% (       0.6%     +       0.3%  )
==29665== LLd miss rate:        0.0% (       0.0%     +       0.1%  )
==29665== 
==29665== LL refs:          133,874  (   125,986 rd   +     7,888 wr)
==29665== LL misses:          6,432  (     3,615 rd   +     2,817 wr)
==29665== LL miss rate:         0.0% (       0.0%     +       0.1%  )
