==44290== Cachegrind, a cache and branch-prediction profiler
==44290== Copyright (C) 2002-2017, and GNU GPL'd, by Nicholas Nethercote et al.
==44290== Using Valgrind-3.16.1 and LibVEX; rerun with -h for copyright info
==44290== Command: ./lda-medium est .1 3 settings.txt medium/medium_data.dat random medium/results
==44290== 
--44290-- warning: L3 cache found, using its data for the LL simulation.
--44290-- warning: specified LL cache: line_size 64  assoc 11  total_size 25,952,256
--44290-- warning: simulated LL cache: line_size 64  assoc 12  total_size 25,165,824
FIFO cache replacement will be used
==44290== 
==44290== I   refs:      84,669,324,833
==44290== I1  misses:             2,184
==44290== LLi misses:             2,175
==44290== I1  miss rate:           0.00%
==44290== LLi miss rate:           0.00%
==44290== 
==44290== D   refs:      31,816,425,284  (24,177,337,975 rd   + 7,639,087,309 wr)
==44290== D1  misses:       104,800,540  (   103,121,632 rd   +     1,678,908 wr)
==44290== LLd misses:            29,580  (         2,778 rd   +        26,802 wr)
==44290== D1  miss rate:            0.3% (           0.4%     +           0.0%  )
==44290== LLd miss rate:            0.0% (           0.0%     +           0.0%  )
==44290== 
==44290== LL refs:          104,802,724  (   103,123,816 rd   +     1,678,908 wr)
==44290== LL misses:             31,755  (         4,953 rd   +        26,802 wr)
==44290== LL miss rate:             0.0% (           0.0%     +           0.0%  )
