==50769== Cachegrind, a cache and branch-prediction profiler
==50769== Copyright (C) 2002-2017, and GNU GPL'd, by Nicholas Nethercote et al.
==50769== Using Valgrind-3.16.1 and LibVEX; rerun with -h for copyright info
==50769== Command: ./stitch .
==50769== 
--50769-- warning: L3 cache found, using its data for the LL simulation.
--50769-- warning: specified LL cache: line_size 64  assoc 11  total_size 25,952,256
--50769-- warning: simulated LL cache: line_size 64  assoc 12  total_size 25,165,824
BIP cache replacement will be used
BIP Throttle parameter is set to 0.031250
==50769== brk segment overflow in thread #1: can't grow to 0x4ae3000
==50769== (see section Limitations in user manual)
==50769== NOTE: further instances of this message will not be shown
==50769== 
==50769== I   refs:      8,280,657,689
==50769== I1  misses:            1,698
==50769== LLi misses:            1,694
==50769== I1  miss rate:          0.00%
==50769== LLi miss rate:          0.00%
==50769== 
==50769== D   refs:      2,251,787,239  (1,520,764,435 rd   + 731,022,804 wr)
==50769== D1  misses:          277,030  (       19,994 rd   +     257,036 wr)
==50769== LLd misses:          276,205  (       19,291 rd   +     256,914 wr)
==50769== D1  miss rate:           0.0% (          0.0%     +         0.0%  )
==50769== LLd miss rate:           0.0% (          0.0%     +         0.0%  )
==50769== 
==50769== LL refs:             278,728  (       21,692 rd   +     257,036 wr)
==50769== LL misses:           277,899  (       20,985 rd   +     256,914 wr)
==50769== LL miss rate:            0.0% (          0.0%     +         0.0%  )
