==50503== Cachegrind, a cache and branch-prediction profiler
==50503== Copyright (C) 2002-2017, and GNU GPL'd, by Nicholas Nethercote et al.
==50503== Using Valgrind-3.16.1 and LibVEX; rerun with -h for copyright info
==50503== Command: ./stitch .
==50503== 
--50503-- warning: L3 cache found, using its data for the LL simulation.
--50503-- warning: specified LL cache: line_size 64  assoc 11  total_size 25,952,256
--50503-- warning: simulated LL cache: line_size 64  assoc 12  total_size 25,165,824
BIP cache replacement will be used
BIP Throttle parameter is set to 0.062500
==50503== brk segment overflow in thread #1: can't grow to 0x4ae3000
==50503== (see section Limitations in user manual)
==50503== NOTE: further instances of this message will not be shown
==50503== 
==50503== I   refs:      8,280,657,677
==50503== I1  misses:            1,893
==50503== LLi misses:            1,783
==50503== I1  miss rate:          0.00%
==50503== LLi miss rate:          0.00%
==50503== 
==50503== D   refs:      2,251,787,237  (1,520,764,434 rd   + 731,022,803 wr)
==50503== D1  misses:      133,960,344  (   75,236,182 rd   +  58,724,162 wr)
==50503== LLd misses:          268,799  (       13,613 rd   +     255,186 wr)
==50503== D1  miss rate:           5.9% (          4.9%     +         8.0%  )
==50503== LLd miss rate:           0.0% (          0.0%     +         0.0%  )
==50503== 
==50503== LL refs:         133,962,237  (   75,238,075 rd   +  58,724,162 wr)
==50503== LL misses:           270,582  (       15,396 rd   +     255,186 wr)
==50503== LL miss rate:            0.0% (          0.0%     +         0.0%  )
