==45441== Cachegrind, a cache and branch-prediction profiler
==45441== Copyright (C) 2002-2017, and GNU GPL'd, by Nicholas Nethercote et al.
==45441== Using Valgrind-3.16.1 and LibVEX; rerun with -h for copyright info
==45441== Command: ./me-medium
==45441== 
--45441-- warning: L3 cache found, using its data for the LL simulation.
--45441-- warning: specified LL cache: line_size 64  assoc 11  total_size 25,952,256
--45441-- warning: simulated LL cache: line_size 64  assoc 12  total_size 25,165,824
FIFO cache replacement will be used
==45441== brk segment overflow in thread #1: can't grow to 0x4a36000
==45441== (see section Limitations in user manual)
==45441== NOTE: further instances of this message will not be shown
==45441== 
==45441== I   refs:      582,717,332
==45441== I1  misses:          1,463
==45441== LLi misses:          1,459
==45441== I1  miss rate:        0.00%
==45441== LLi miss rate:        0.00%
==45441== 
==45441== D   refs:      104,638,587  (94,724,832 rd   + 9,913,755 wr)
==45441== D1  misses:        262,465  (    74,509 rd   +   187,956 wr)
==45441== LLd misses:        156,025  (     2,620 rd   +   153,405 wr)
==45441== D1  miss rate:         0.3% (       0.1%     +       1.9%  )
==45441== LLd miss rate:         0.1% (       0.0%     +       1.5%  )
==45441== 
==45441== LL refs:           263,928  (    75,972 rd   +   187,956 wr)
==45441== LL misses:         157,484  (     4,079 rd   +   153,405 wr)
==45441== LL miss rate:          0.0% (       0.0%     +       1.5%  )
