==21166== Cachegrind, a cache and branch-prediction profiler
==21166== Copyright (C) 2002-2017, and GNU GPL'd, by Nicholas Nethercote et al.
==21166== Using Valgrind-3.16.1 and LibVEX; rerun with -h for copyright info
==21166== Command: ./srr-medium
==21166== 
--21166-- warning: L3 cache found, using its data for the LL simulation.
--21166-- warning: specified LL cache: line_size 64  assoc 11  total_size 25,952,256
--21166-- warning: simulated LL cache: line_size 64  assoc 12  total_size 25,165,824
LIP cache replacement will be used
==21166== 
==21166== I   refs:      151,164,870,270
==21166== I1  misses:              1,530
==21166== LLi misses:              1,527
==21166== I1  miss rate:            0.00%
==21166== LLi miss rate:            0.00%
==21166== 
==21166== D   refs:       57,030,637,063  (38,402,710,440 rd   + 18,627,926,623 wr)
==21166== D1  misses:         39,302,446  (    37,678,435 rd   +      1,624,011 wr)
==21166== LLd misses:            110,270  (        44,058 rd   +         66,212 wr)
==21166== D1  miss rate:             0.1% (           0.1%     +            0.0%  )
==21166== LLd miss rate:             0.0% (           0.0%     +            0.0%  )
==21166== 
==21166== LL refs:            39,303,976  (    37,679,965 rd   +      1,624,011 wr)
==21166== LL misses:             111,797  (        45,585 rd   +         66,212 wr)
==21166== LL miss rate:              0.0% (           0.0%     +            0.0%  )
