==57869== Cachegrind, a cache and branch-prediction profiler
==57869== Copyright (C) 2002-2017, and GNU GPL'd, by Nicholas Nethercote et al.
==57869== Using Valgrind-3.16.1 and LibVEX; rerun with -h for copyright info
==57869== Command: ./spc-medium ../datasets/Aggregation 788 2 7 0.707 1
==57869== 
--57869-- warning: L3 cache found, using its data for the LL simulation.
--57869-- warning: specified LL cache: line_size 64  assoc 11  total_size 25,952,256
--57869-- warning: simulated LL cache: line_size 64  assoc 12  total_size 25,165,824
LRU cache replacement will be used
==57869== 
==57869== I   refs:      11,307,967,277
==57869== I1  misses:             1,743
==57869== LLi misses:             1,721
==57869== I1  miss rate:           0.00%
==57869== LLi miss rate:           0.00%
==57869== 
==57869== D   refs:       4,030,824,652  (2,697,589,544 rd   + 1,333,235,108 wr)
==57869== D1  misses:        97,655,273  (   97,346,817 rd   +       308,456 wr)
==57869== LLd misses:            82,589  (        2,503 rd   +        80,086 wr)
==57869== D1  miss rate:            2.4% (          3.6%     +           0.0%  )
==57869== LLd miss rate:            0.0% (          0.0%     +           0.0%  )
==57869== 
==57869== LL refs:           97,657,016  (   97,348,560 rd   +       308,456 wr)
==57869== LL misses:             84,310  (        4,224 rd   +        80,086 wr)
==57869== LL miss rate:             0.0% (          0.0%     +           0.0%  )
