==38038== Cachegrind, a cache and branch-prediction profiler
==38038== Copyright (C) 2002-2017, and GNU GPL'd, by Nicholas Nethercote et al.
==38038== Using Valgrind-3.16.1 and LibVEX; rerun with -h for copyright info
==38038== Command: ./lda-medium est .1 3 settings.txt medium/medium_data.dat random medium/results
==38038== 
--38038-- warning: L3 cache found, using its data for the LL simulation.
--38038-- warning: specified LL cache: line_size 64  assoc 11  total_size 25,952,256
--38038-- warning: simulated LL cache: line_size 64  assoc 12  total_size 25,165,824
FIFO cache replacement will be used
==38038== 
==38038== I   refs:      80,009,489,038
==38038== I1  misses:             2,160
==38038== LLi misses:             2,156
==38038== I1  miss rate:           0.00%
==38038== LLi miss rate:           0.00%
==38038== 
==38038== D   refs:      30,096,654,212  (22,864,631,552 rd   + 7,232,022,660 wr)
==38038== D1  misses:           781,179  (       714,093 rd   +        67,086 wr)
==38038== LLd misses:            29,578  (         2,775 rd   +        26,803 wr)
==38038== D1  miss rate:            0.0% (           0.0%     +           0.0%  )
==38038== LLd miss rate:            0.0% (           0.0%     +           0.0%  )
==38038== 
==38038== LL refs:              783,339  (       716,253 rd   +        67,086 wr)
==38038== LL misses:             31,734  (         4,931 rd   +        26,803 wr)
==38038== LL miss rate:             0.0% (           0.0%     +           0.0%  )
