==32375== Cachegrind, a cache and branch-prediction profiler
==32375== Copyright (C) 2002-2017, and GNU GPL'd, by Nicholas Nethercote et al.
==32375== Using Valgrind-3.16.1 and LibVEX; rerun with -h for copyright info
==32375== Command: ./kmeans-large ../datasets/MINST 10000 748 10
==32375== 
--32375-- warning: L3 cache found, using its data for the LL simulation.
--32375-- warning: specified LL cache: line_size 64  assoc 11  total_size 25,952,256
--32375-- warning: simulated LL cache: line_size 64  assoc 12  total_size 25,165,824
BIP cache replacement will be used
BIP Throttle parameter is set to 0.031250
==32375== brk segment overflow in thread #1: can't grow to 0x4a44000
==32375== (see section Limitations in user manual)
==32375== NOTE: further instances of this message will not be shown
==32375== 
==32375== I   refs:      31,864,461,091
==32375== I1  misses:             1,543
==32375== LLi misses:             1,518
==32375== I1  miss rate:           0.00%
==32375== LLi miss rate:           0.00%
==32375== 
==32375== D   refs:       9,488,889,172  (8,195,422,233 rd   + 1,293,466,939 wr)
==32375== D1  misses:        57,909,217  (   55,988,449 rd   +     1,920,768 wr)
==32375== LLd misses:        27,749,606  (   25,886,427 rd   +     1,863,179 wr)
==32375== D1  miss rate:            0.6% (          0.7%     +           0.1%  )
==32375== LLd miss rate:            0.3% (          0.3%     +           0.1%  )
==32375== 
==32375== LL refs:           57,910,760  (   55,989,992 rd   +     1,920,768 wr)
==32375== LL misses:         27,751,124  (   25,887,945 rd   +     1,863,179 wr)
==32375== LL miss rate:             0.1% (          0.1%     +           0.1%  )
