==24745== Cachegrind, a cache and branch-prediction profiler
==24745== Copyright (C) 2002-2017, and GNU GPL'd, by Nicholas Nethercote et al.
==24745== Using Valgrind-3.16.1 and LibVEX; rerun with -h for copyright info
==24745== Command: ./a.out med.txt
==24745== 
--24745-- warning: L3 cache found, using its data for the LL simulation.
--24745-- warning: specified LL cache: line_size 64  assoc 11  total_size 25,952,256
--24745-- warning: simulated LL cache: line_size 64  assoc 12  total_size 25,165,824
LIP cache replacement will be used
==24745== 
==24745== I   refs:      21,540,689,427
==24745== I1  misses:             1,791
==24745== LLi misses:             1,787
==24745== I1  miss rate:           0.00%
==24745== LLi miss rate:           0.00%
==24745== 
==24745== D   refs:      13,370,670,449  (12,167,996,488 rd   + 1,202,673,961 wr)
==24745== D1  misses:           205,772  (       115,453 rd   +        90,319 wr)
==24745== LLd misses:           105,791  (        29,320 rd   +        76,471 wr)
==24745== D1  miss rate:            0.0% (           0.0%     +           0.0%  )
==24745== LLd miss rate:            0.0% (           0.0%     +           0.0%  )
==24745== 
==24745== LL refs:              207,563  (       117,244 rd   +        90,319 wr)
==24745== LL misses:            107,578  (        31,107 rd   +        76,471 wr)
==24745== LL miss rate:             0.0% (           0.0%     +           0.0%  )
