==21390== Cachegrind, a cache and branch-prediction profiler
==21390== Copyright (C) 2002-2017, and GNU GPL'd, by Nicholas Nethercote et al.
==21390== Using Valgrind-3.16.1 and LibVEX; rerun with -h for copyright info
==21390== Command: ./disparity .
==21390== 
--21390-- warning: L3 cache found, using its data for the LL simulation.
--21390-- warning: specified LL cache: line_size 64  assoc 11  total_size 25,952,256
--21390-- warning: simulated LL cache: line_size 64  assoc 12  total_size 25,165,824
BIP cache replacement will be used
BIP Throttle parameter is set to 0.015625
==21390== 
==21390== I   refs:      463,775,462
==21390== I1  misses:      6,402,565
==21390== LLi misses:          1,550
==21390== I1  miss rate:        1.38%
==21390== LLi miss rate:        0.00%
==21390== 
==21390== D   refs:      187,796,937  (126,192,375 rd   + 61,604,562 wr)
==21390== D1  misses:     72,883,229  ( 49,934,730 rd   + 22,948,499 wr)
==21390== LLd misses:         86,965  (      8,752 rd   +     78,213 wr)
==21390== D1  miss rate:        38.8% (       39.6%     +       37.3%  )
==21390== LLd miss rate:         0.0% (        0.0%     +        0.1%  )
==21390== 
==21390== LL refs:        79,285,794  ( 56,337,295 rd   + 22,948,499 wr)
==21390== LL misses:          88,515  (     10,302 rd   +     78,213 wr)
==21390== LL miss rate:          0.0% (        0.0%     +        0.1%  )
