==43883== Cachegrind, a cache and branch-prediction profiler
==43883== Copyright (C) 2002-2017, and GNU GPL'd, by Nicholas Nethercote et al.
==43883== Using Valgrind-3.16.1 and LibVEX; rerun with -h for copyright info
==43883== Command: ./disparity .
==43883== 
--43883-- warning: L3 cache found, using its data for the LL simulation.
--43883-- warning: specified LL cache: line_size 64  assoc 11  total_size 25,952,256
--43883-- warning: simulated LL cache: line_size 64  assoc 12  total_size 25,165,824
LIP cache replacement will be used
==43883== 
==43883== I   refs:      1,281,749,468
==43883== I1  misses:            1,504
==43883== LLi misses:            1,494
==43883== I1  miss rate:          0.00%
==43883== LLi miss rate:          0.00%
==43883== 
==43883== D   refs:        519,594,056  (348,916,505 rd   + 170,677,551 wr)
==43883== D1  misses:       71,689,631  ( 47,738,025 rd   +  23,951,606 wr)
==43883== LLd misses:          357,030  (     88,592 rd   +     268,438 wr)
==43883== D1  miss rate:          13.8% (       13.7%     +        14.0%  )
==43883== LLd miss rate:           0.1% (        0.0%     +         0.2%  )
==43883== 
==43883== LL refs:          71,691,135  ( 47,739,529 rd   +  23,951,606 wr)
==43883== LL misses:           358,524  (     90,086 rd   +     268,438 wr)
==43883== LL miss rate:            0.0% (        0.0%     +         0.2%  )
