==30789== Cachegrind, a cache and branch-prediction profiler
==30789== Copyright (C) 2002-2017, and GNU GPL'd, by Nicholas Nethercote et al.
==30789== Using Valgrind-3.16.1 and LibVEX; rerun with -h for copyright info
==30789== Command: ./multi_ncut .
==30789== 
--30789-- warning: L3 cache found, using its data for the LL simulation.
--30789-- warning: specified LL cache: line_size 64  assoc 11  total_size 25,952,256
--30789-- warning: simulated LL cache: line_size 64  assoc 12  total_size 25,165,824
BIP cache replacement will be used
BIP Throttle parameter is set to 0.031250
==30789== 
==30789== Process terminating with default action of signal 15 (SIGTERM)
==30789==    at 0x10AAB0: fSortIndices (in /home/tkloda/cortexsuite/vision/benchmarks/multi_ncut/data/fullhd/multi_ncut)
==30789==    by 0x10CE27: segment_graph (in /home/tkloda/cortexsuite/vision/benchmarks/multi_ncut/data/fullhd/multi_ncut)
==30789==    by 0x10CAC9: segment_image (in /home/tkloda/cortexsuite/vision/benchmarks/multi_ncut/data/fullhd/multi_ncut)
==30789==    by 0x108B0A: main (in /home/tkloda/cortexsuite/vision/benchmarks/multi_ncut/data/fullhd/multi_ncut)
==30789== 
==30789== I   refs:      1,792,735,585
==30789== I1  misses:            1,310
==30789== LLi misses:            1,290
==30789== I1  miss rate:          0.00%
==30789== LLi miss rate:          0.00%
==30789== 
==30789== D   refs:        584,278,625  (401,827,390 rd   + 182,451,235 wr)
==30789== D1  misses:       18,231,901  (  9,438,762 rd   +   8,793,139 wr)
==30789== LLd misses:        7,559,799  (  3,693,041 rd   +   3,866,758 wr)
==30789== D1  miss rate:           3.1% (        2.3%     +         4.8%  )
==30789== LLd miss rate:           1.3% (        0.9%     +         2.1%  )
==30789== 
==30789== LL refs:          18,233,211  (  9,440,072 rd   +   8,793,139 wr)
==30789== LL misses:         7,561,089  (  3,694,331 rd   +   3,866,758 wr)
==30789== LL miss rate:            0.3% (        0.2%     +         2.1%  )
