==24681== Cachegrind, a cache and branch-prediction profiler
==24681== Copyright (C) 2002-2017, and GNU GPL'd, by Nicholas Nethercote et al.
==24681== Using Valgrind-3.16.1 and LibVEX; rerun with -h for copyright info
==24681== Command: ./spc-medium ../datasets/Aggregation 788 2 7 0.707 1
==24681== 
--24681-- warning: L3 cache found, using its data for the LL simulation.
--24681-- warning: specified LL cache: line_size 64  assoc 11  total_size 25,952,256
--24681-- warning: simulated LL cache: line_size 64  assoc 12  total_size 25,165,824
LRU cache replacement will be used
==24681== 
==24681== I   refs:      11,307,967,443
==24681== I1  misses:           401,031
==24681== LLi misses:             1,718
==24681== I1  miss rate:           0.00%
==24681== LLi miss rate:           0.00%
==24681== 
==24681== D   refs:       4,030,824,679  (2,697,589,568 rd   + 1,333,235,111 wr)
==24681== D1  misses:       261,924,674  (  261,017,855 rd   +       906,819 wr)
==24681== LLd misses:            82,590  (        2,504 rd   +        80,086 wr)
==24681== D1  miss rate:            6.5% (          9.7%     +           0.1%  )
==24681== LLd miss rate:            0.0% (          0.0%     +           0.0%  )
==24681== 
==24681== LL refs:          262,325,705  (  261,418,886 rd   +       906,819 wr)
==24681== LL misses:             84,308  (        4,222 rd   +        80,086 wr)
==24681== LL miss rate:             0.0% (          0.0%     +           0.0%  )
