==25480== Cachegrind, a cache and branch-prediction profiler
==25480== Copyright (C) 2002-2017, and GNU GPL'd, by Nicholas Nethercote et al.
==25480== Using Valgrind-3.16.1 and LibVEX; rerun with -h for copyright info
==25480== Command: ./stitch .
==25480== 
--25480-- warning: L3 cache found, using its data for the LL simulation.
--25480-- warning: specified LL cache: line_size 64  assoc 11  total_size 25,952,256
--25480-- warning: simulated LL cache: line_size 64  assoc 12  total_size 25,165,824
BIP cache replacement will be used
BIP Throttle parameter is set to 0.015625
==25480== brk segment overflow in thread #1: can't grow to 0x4ae3000
==25480== (see section Limitations in user manual)
==25480== NOTE: further instances of this message will not be shown
==25480== 
==25480== I   refs:      8,280,657,857
==25480== I1  misses:            1,698
==25480== LLi misses:            1,694
==25480== I1  miss rate:          0.00%
==25480== LLi miss rate:          0.00%
==25480== 
==25480== D   refs:      2,251,787,265  (1,520,764,459 rd   + 731,022,806 wr)
==25480== D1  misses:        1,136,819  (      672,020 rd   +     464,799 wr)
==25480== LLd misses:          284,887  (       28,254 rd   +     256,633 wr)
==25480== D1  miss rate:           0.1% (          0.0%     +         0.1%  )
==25480== LLd miss rate:           0.0% (          0.0%     +         0.0%  )
==25480== 
==25480== LL refs:           1,138,517  (      673,718 rd   +     464,799 wr)
==25480== LL misses:           286,581  (       29,948 rd   +     256,633 wr)
==25480== LL miss rate:            0.0% (          0.0%     +         0.0%  )
