==54984== Cachegrind, a cache and branch-prediction profiler
==54984== Copyright (C) 2002-2017, and GNU GPL'd, by Nicholas Nethercote et al.
==54984== Using Valgrind-3.16.1 and LibVEX; rerun with -h for copyright info
==54984== Command: ./sift .
==54984== 
--54984-- warning: L3 cache found, using its data for the LL simulation.
--54984-- warning: specified LL cache: line_size 64  assoc 11  total_size 25,952,256
--54984-- warning: simulated LL cache: line_size 64  assoc 12  total_size 25,165,824
BIP cache replacement will be used
BIP Throttle parameter is set to 0.062500
==54984== brk segment overflow in thread #1: can't grow to 0x5419000
==54984== (see section Limitations in user manual)
==54984== NOTE: further instances of this message will not be shown
==54984== 
==54984== I   refs:      16,043,915,203
==54984== I1  misses:             1,878
==54984== LLi misses:             1,825
==54984== I1  miss rate:           0.00%
==54984== LLi miss rate:           0.00%
==54984== 
==54984== D   refs:       4,941,073,136  (3,428,287,740 rd   + 1,512,785,396 wr)
==54984== D1  misses:       158,472,649  (  107,505,745 rd   +    50,966,904 wr)
==54984== LLd misses:        23,992,350  (   14,850,885 rd   +     9,141,465 wr)
==54984== D1  miss rate:            3.2% (          3.1%     +           3.4%  )
==54984== LLd miss rate:            0.5% (          0.4%     +           0.6%  )
==54984== 
==54984== LL refs:          158,474,527  (  107,507,623 rd   +    50,966,904 wr)
==54984== LL misses:         23,994,175  (   14,852,710 rd   +     9,141,465 wr)
==54984== LL miss rate:             0.1% (          0.1%     +           0.6%  )
