==28515== Cachegrind, a cache and branch-prediction profiler
==28515== Copyright (C) 2002-2017, and GNU GPL'd, by Nicholas Nethercote et al.
==28515== Using Valgrind-3.16.1 and LibVEX; rerun with -h for copyright info
==28515== Command: ./mser .
==28515== 
--28515-- warning: L3 cache found, using its data for the LL simulation.
--28515-- warning: specified LL cache: line_size 64  assoc 11  total_size 25,952,256
--28515-- warning: simulated LL cache: line_size 64  assoc 12  total_size 25,165,824
BIP cache replacement will be used
BIP Throttle parameter is set to 0.015625
==28515== 
==28515== Process terminating with default action of signal 15 (SIGTERM)
==28515==    at 0x50DC151: read (read.c:27)
==28515==    by 0x5059217: _IO_file_underflow@@GLIBC_2.2.5 (fileops.c:531)
==28515==    by 0x5057817: _IO_file_xsgetn (fileops.c:1344)
==28515==    by 0x504B4A0: fread (iofread.c:38)
==28515==    by 0x109350: readImage (in /home/tkloda/cortexsuite/vision/benchmarks/mser/data/fullhd/mser)
==28515==    by 0x108A87: main (in /home/tkloda/cortexsuite/vision/benchmarks/mser/data/fullhd/mser)
==28515== 
==28515== I   refs:      1,202,107,127
==28515== I1  misses:       49,532,882
==28515== LLi misses:            1,223
==28515== I1  miss rate:          4.12%
==28515== LLi miss rate:          0.00%
==28515== 
==28515== D   refs:        517,417,539  (353,361,786 rd   + 164,055,753 wr)
==28515== D1  misses:        8,672,046  (  5,650,134 rd   +   3,021,912 wr)
==28515== LLd misses:          199,948  (      2,242 rd   +     197,706 wr)
==28515== D1  miss rate:           1.7% (        1.6%     +         1.8%  )
==28515== LLd miss rate:           0.0% (        0.0%     +         0.1%  )
==28515== 
==28515== LL refs:          58,204,928  ( 55,183,016 rd   +   3,021,912 wr)
==28515== LL misses:           201,171  (      3,465 rd   +     197,706 wr)
==28515== LL miss rate:            0.0% (        0.0%     +         0.1%  )
