==31259== Cachegrind, a cache and branch-prediction profiler
==31259== Copyright (C) 2002-2017, and GNU GPL'd, by Nicholas Nethercote et al.
==31259== Using Valgrind-3.16.1 and LibVEX; rerun with -h for copyright info
==31259== Command: ./liblinear-tmedium data/10B/epsilon
==31259== 
--31259-- warning: L3 cache found, using its data for the LL simulation.
--31259-- warning: specified LL cache: line_size 64  assoc 11  total_size 25,952,256
--31259-- warning: simulated LL cache: line_size 64  assoc 12  total_size 25,165,824
BIP cache replacement will be used
BIP Throttle parameter is set to 0.015625
==31259== 
==31259== I   refs:      19,285,289,570
==31259== I1  misses:     1,552,526,263
==31259== LLi misses:             2,522
==31259== I1  miss rate:           8.05%
==31259== LLi miss rate:           0.00%
==31259== 
==31259== D   refs:       5,666,485,976  (3,947,048,632 rd   + 1,719,437,344 wr)
==31259== D1  misses:       822,057,568  (  704,034,025 rd   +   118,023,543 wr)
==31259== LLd misses:        39,608,204  (   36,473,690 rd   +     3,134,514 wr)
==31259== D1  miss rate:           14.5% (         17.8%     +           6.9%  )
==31259== LLd miss rate:            0.7% (          0.9%     +           0.2%  )
==31259== 
==31259== LL refs:        2,374,583,831  (2,256,560,288 rd   +   118,023,543 wr)
==31259== LL misses:         39,610,726  (   36,476,212 rd   +     3,134,514 wr)
==31259== LL miss rate:             0.2% (          0.2%     +           0.2%  )
