==21556== Cachegrind, a cache and branch-prediction profiler
==21556== Copyright (C) 2002-2017, and GNU GPL'd, by Nicholas Nethercote et al.
==21556== Using Valgrind-3.16.1 and LibVEX; rerun with -h for copyright info
==21556== Command: ./multi_ncut .
==21556== 
--21556-- warning: L3 cache found, using its data for the LL simulation.
--21556-- warning: specified LL cache: line_size 64  assoc 11  total_size 25,952,256
--21556-- warning: simulated LL cache: line_size 64  assoc 12  total_size 25,165,824
LRU cache replacement will be used
==21556== 
==21556== Process terminating with default action of signal 15 (SIGTERM)
==21556==    at 0x10AAB0: fSortIndices (in /home/tkloda/cortexsuite/vision/benchmarks/multi_ncut/data/cif/multi_ncut)
==21556==    by 0x10CE27: segment_graph (in /home/tkloda/cortexsuite/vision/benchmarks/multi_ncut/data/cif/multi_ncut)
==21556==    by 0x10CAC9: segment_image (in /home/tkloda/cortexsuite/vision/benchmarks/multi_ncut/data/cif/multi_ncut)
==21556==    by 0x108B0A: main (in /home/tkloda/cortexsuite/vision/benchmarks/multi_ncut/data/cif/multi_ncut)
==21556== 
==21556== I   refs:      3,933,431,649
==21556== I1  misses:            9,515
==21556== LLi misses:            1,289
==21556== I1  miss rate:          0.00%
==21556== LLi miss rate:          0.00%
==21556== 
==21556== D   refs:        668,435,238  (660,157,721 rd   + 8,277,517 wr)
==21556== D1  misses:       40,580,513  ( 40,381,208 rd   +   199,305 wr)
==21556== LLd misses:          164,792  (      2,242 rd   +   162,550 wr)
==21556== D1  miss rate:           6.1% (        6.1%     +       2.4%  )
==21556== LLd miss rate:           0.0% (        0.0%     +       2.0%  )
==21556== 
==21556== LL refs:          40,590,028  ( 40,390,723 rd   +   199,305 wr)
==21556== LL misses:           166,081  (      3,531 rd   +   162,550 wr)
==21556== LL miss rate:            0.0% (        0.0%     +       2.0%  )
