==50808== Cachegrind, a cache and branch-prediction profiler
==50808== Copyright (C) 2002-2017, and GNU GPL'd, by Nicholas Nethercote et al.
==50808== Using Valgrind-3.16.1 and LibVEX; rerun with -h for copyright info
==50808== Command: ./pca-small small.data 1593 256 R
==50808== 
--50808-- warning: L3 cache found, using its data for the LL simulation.
--50808-- warning: specified LL cache: line_size 64  assoc 11  total_size 25,952,256
--50808-- warning: simulated LL cache: line_size 64  assoc 12  total_size 25,165,824
LRU cache replacement will be used
==50808== 
==50808== I   refs:      1,489,668,863
==50808== I1  misses:            2,973
==50808== LLi misses:            1,607
==50808== I1  miss rate:          0.00%
==50808== LLi miss rate:          0.00%
==50808== 
==50808== D   refs:        597,905,958  (426,153,001 rd   + 171,752,957 wr)
==50808== D1  misses:        7,920,993  (  7,863,603 rd   +      57,390 wr)
==50808== LLd misses:           37,484  (      2,275 rd   +      35,209 wr)
==50808== D1  miss rate:           1.3% (        1.8%     +         0.0%  )
==50808== LLd miss rate:           0.0% (        0.0%     +         0.0%  )
==50808== 
==50808== LL refs:           7,923,966  (  7,866,576 rd   +      57,390 wr)
==50808== LL misses:            39,091  (      3,882 rd   +      35,209 wr)
==50808== LL miss rate:            0.0% (        0.0%     +         0.0%  )
