==24007== Cachegrind, a cache and branch-prediction profiler
==24007== Copyright (C) 2002-2017, and GNU GPL'd, by Nicholas Nethercote et al.
==24007== Using Valgrind-3.16.1 and LibVEX; rerun with -h for copyright info
==24007== Command: ./stitch .
==24007== 
--24007-- warning: L3 cache found, using its data for the LL simulation.
--24007-- warning: specified LL cache: line_size 64  assoc 11  total_size 25,952,256
--24007-- warning: simulated LL cache: line_size 64  assoc 12  total_size 25,165,824
LRU cache replacement will be used
==24007== 
==24007== I   refs:      984,189,895
==24007== I1  misses:          1,682
==24007== LLi misses:          1,678
==24007== I1  miss rate:        0.00%
==24007== LLi miss rate:        0.00%
==24007== 
==24007== D   refs:      267,452,301  (187,194,797 rd   + 80,257,504 wr)
==24007== D1  misses:        204,453  (    104,746 rd   +     99,707 wr)
==24007== LLd misses:         62,904  (      2,265 rd   +     60,639 wr)
==24007== D1  miss rate:         0.1% (        0.1%     +        0.1%  )
==24007== LLd miss rate:         0.0% (        0.0%     +        0.1%  )
==24007== 
==24007== LL refs:           206,135  (    106,428 rd   +     99,707 wr)
==24007== LL misses:          64,582  (      3,943 rd   +     60,639 wr)
==24007== LL miss rate:          0.0% (        0.0%     +        0.1%  )
