==60768== Cachegrind, a cache and branch-prediction profiler
==60768== Copyright (C) 2002-2017, and GNU GPL'd, by Nicholas Nethercote et al.
==60768== Using Valgrind-3.16.1 and LibVEX; rerun with -h for copyright info
==60768== Command: ./stitch .
==60768== 
--60768-- warning: L3 cache found, using its data for the LL simulation.
--60768-- warning: specified LL cache: line_size 64  assoc 11  total_size 25,952,256
--60768-- warning: simulated LL cache: line_size 64  assoc 12  total_size 25,165,824
FIFO cache replacement will be used
==60768== brk segment overflow in thread #1: can't grow to 0x4a37000
==60768== (see section Limitations in user manual)
==60768== NOTE: further instances of this message will not be shown
==60768== 
==60768== I   refs:      253,517,705,698
==60768== I1  misses:              1,697
==60768== LLi misses:              1,693
==60768== I1  miss rate:            0.00%
==60768== LLi miss rate:            0.00%
==60768== 
==60768== D   refs:       68,980,624,510  (45,322,620,961 rd   + 23,658,003,549 wr)
==60768== D1  misses:         18,386,639  (     7,357,132 rd   +     11,029,507 wr)
==60768== LLd misses:          4,141,785  (     1,647,098 rd   +      2,494,687 wr)
==60768== D1  miss rate:             0.0% (           0.0%     +            0.0%  )
==60768== LLd miss rate:             0.0% (           0.0%     +            0.0%  )
==60768== 
==60768== LL refs:            18,388,336  (     7,358,829 rd   +     11,029,507 wr)
==60768== LL misses:           4,143,478  (     1,648,791 rd   +      2,494,687 wr)
==60768== LL miss rate:              0.0% (           0.0%     +            0.0%  )
