==52671== Cachegrind, a cache and branch-prediction profiler
==52671== Copyright (C) 2002-2017, and GNU GPL'd, by Nicholas Nethercote et al.
==52671== Using Valgrind-3.16.1 and LibVEX; rerun with -h for copyright info
==52671== Command: ./tracking .
==52671== 
--52671-- warning: L3 cache found, using its data for the LL simulation.
--52671-- warning: specified LL cache: line_size 64  assoc 11  total_size 25,952,256
--52671-- warning: simulated LL cache: line_size 64  assoc 12  total_size 25,165,824
FIFO cache replacement will be used
==52671== brk segment overflow in thread #1: can't grow to 0x4a37000
==52671== (see section Limitations in user manual)
==52671== NOTE: further instances of this message will not be shown
==52671== 
==52671== I   refs:      1,258,660,392
==52671== I1  misses:           17,890
==52671== LLi misses:            1,728
==52671== I1  miss rate:          0.00%
==52671== LLi miss rate:          0.00%
==52671== 
==52671== D   refs:        408,310,879  (288,791,462 rd   + 119,519,417 wr)
==52671== D1  misses:       16,144,037  ( 11,393,940 rd   +   4,750,097 wr)
==52671== LLd misses:          267,948  (      2,260 rd   +     265,688 wr)
==52671== D1  miss rate:           4.0% (        3.9%     +         4.0%  )
==52671== LLd miss rate:           0.1% (        0.0%     +         0.2%  )
==52671== 
==52671== LL refs:          16,161,927  ( 11,411,830 rd   +   4,750,097 wr)
==52671== LL misses:           269,676  (      3,988 rd   +     265,688 wr)
==52671== LL miss rate:            0.0% (        0.0%     +         0.2%  )
