==12439== Cachegrind, a cache and branch-prediction profiler
==12439== Copyright (C) 2002-2017, and GNU GPL'd, by Nicholas Nethercote et al.
==12439== Using Valgrind-3.16.1 and LibVEX; rerun with -h for copyright info
==12439== Command: ./rbm-small
==12439== 
--12439-- warning: L3 cache found, using its data for the LL simulation.
--12439-- warning: specified LL cache: line_size 64  assoc 11  total_size 25,952,256
--12439-- warning: simulated LL cache: line_size 64  assoc 12  total_size 25,165,824
FIFO cache replacement will be used
==12439== 
==12439== I   refs:      21,563,174
==12439== I1  misses:       108,383
==12439== LLi misses:         1,467
==12439== I1  miss rate:       0.50%
==12439== LLi miss rate:       0.01%
==12439== 
==12439== D   refs:       6,379,123  (4,924,790 rd   + 1,454,333 wr)
==12439== D1  misses:       596,640  (  487,956 rd   +   108,684 wr)
==12439== LLd misses:         3,561  (    2,615 rd   +       946 wr)
==12439== D1  miss rate:        9.4% (      9.9%     +       7.5%  )
==12439== LLd miss rate:        0.1% (      0.1%     +       0.1%  )
==12439== 
==12439== LL refs:          705,023  (  596,339 rd   +   108,684 wr)
==12439== LL misses:          5,028  (    4,082 rd   +       946 wr)
==12439== LL miss rate:         0.0% (      0.0%     +       0.1%  )
