==23002== Cachegrind, a cache and branch-prediction profiler
==23002== Copyright (C) 2002-2017, and GNU GPL'd, by Nicholas Nethercote et al.
==23002== Using Valgrind-3.16.1 and LibVEX; rerun with -h for copyright info
==23002== Command: ./sift .
==23002== 
--23002-- warning: L3 cache found, using its data for the LL simulation.
--23002-- warning: specified LL cache: line_size 64  assoc 11  total_size 25,952,256
--23002-- warning: simulated LL cache: line_size 64  assoc 12  total_size 25,165,824
LIP cache replacement will be used
==23002== brk segment overflow in thread #1: can't grow to 0x4a36000
==23002== (see section Limitations in user manual)
==23002== NOTE: further instances of this message will not be shown
==23002== 
==23002== I   refs:      1,142,732,433
==23002== I1  misses:            1,809
==23002== LLi misses:            1,798
==23002== I1  miss rate:          0.00%
==23002== LLi miss rate:          0.00%
==23002== 
==23002== D   refs:        350,629,225  (243,842,189 rd   + 106,787,036 wr)
==23002== D1  misses:        2,011,645  (  1,212,592 rd   +     799,053 wr)
==23002== LLd misses:          946,263  (    351,377 rd   +     594,886 wr)
==23002== D1  miss rate:           0.6% (        0.5%     +         0.7%  )
==23002== LLd miss rate:           0.3% (        0.1%     +         0.6%  )
==23002== 
==23002== LL refs:           2,013,454  (  1,214,401 rd   +     799,053 wr)
==23002== LL misses:           948,061  (    353,175 rd   +     594,886 wr)
==23002== LL miss rate:            0.1% (        0.0%     +         0.6%  )
