==23509== Cachegrind, a cache and branch-prediction profiler
==23509== Copyright (C) 2002-2017, and GNU GPL'd, by Nicholas Nethercote et al.
==23509== Using Valgrind-3.16.1 and LibVEX; rerun with -h for copyright info
==23509== Command: ./pca-small small.data 1593 256 R
==23509== 
--23509-- warning: L3 cache found, using its data for the LL simulation.
--23509-- warning: specified LL cache: line_size 64  assoc 11  total_size 25,952,256
--23509-- warning: simulated LL cache: line_size 64  assoc 12  total_size 25,165,824
LRU cache replacement will be used
==23509== 
==23509== I   refs:      1,489,669,036
==23509== I1  misses:       10,489,439
==23509== LLi misses:            1,608
==23509== I1  miss rate:          0.70%
==23509== LLi miss rate:          0.00%
==23509== 
==23509== D   refs:        597,905,985  (426,153,026 rd   + 171,752,959 wr)
==23509== D1  misses:      160,919,053  (160,745,203 rd   +     173,850 wr)
==23509== LLd misses:           37,487  (      2,275 rd   +      35,212 wr)
==23509== D1  miss rate:          26.9% (       37.7%     +         0.1%  )
==23509== LLd miss rate:           0.0% (        0.0%     +         0.0%  )
==23509== 
==23509== LL refs:         171,408,492  (171,234,642 rd   +     173,850 wr)
==23509== LL misses:            39,095  (      3,883 rd   +      35,212 wr)
==23509== LL miss rate:            0.0% (        0.0%     +         0.0%  )
