==30744== Cachegrind, a cache and branch-prediction profiler
==30744== Copyright (C) 2002-2017, and GNU GPL'd, by Nicholas Nethercote et al.
==30744== Using Valgrind-3.16.1 and LibVEX; rerun with -h for copyright info
==30744== Command: ./liblinear-tmedium data/10B/epsilon
==30744== 
--30744-- warning: L3 cache found, using its data for the LL simulation.
--30744-- warning: specified LL cache: line_size 64  assoc 11  total_size 25,952,256
--30744-- warning: simulated LL cache: line_size 64  assoc 12  total_size 25,165,824
Random cache replacement will be used
==30744== 
==30744== I   refs:      19,285,289,582
==30744== I1  misses:             1,833
==30744== LLi misses:             1,829
==30744== I1  miss rate:           0.00%
==30744== LLi miss rate:           0.00%
==30744== 
==30744== D   refs:       5,666,485,978  (3,947,048,633 rd   + 1,719,437,345 wr)
==30744== D1  misses:        40,409,059  (   37,269,569 rd   +     3,139,490 wr)
==30744== LLd misses:        39,615,832  (   36,480,029 rd   +     3,135,803 wr)
==30744== D1  miss rate:            0.7% (          0.9%     +           0.2%  )
==30744== LLd miss rate:            0.7% (          0.9%     +           0.2%  )
==30744== 
==30744== LL refs:           40,410,892  (   37,271,402 rd   +     3,139,490 wr)
==30744== LL misses:         39,617,661  (   36,481,858 rd   +     3,135,803 wr)
==30744== LL miss rate:             0.2% (          0.2%     +           0.2%  )
