==46586== Cachegrind, a cache and branch-prediction profiler
==46586== Copyright (C) 2002-2017, and GNU GPL'd, by Nicholas Nethercote et al.
==46586== Using Valgrind-3.16.1 and LibVEX; rerun with -h for copyright info
==46586== Command: ./me-small
==46586== 
--46586-- warning: L3 cache found, using its data for the LL simulation.
--46586-- warning: specified LL cache: line_size 64  assoc 11  total_size 25,952,256
--46586-- warning: simulated LL cache: line_size 64  assoc 12  total_size 25,165,824
FIFO cache replacement will be used
==46586== 
==46586== I   refs:      47,322,202
==46586== I1  misses:        13,393
==46586== LLi misses:         1,437
==46586== I1  miss rate:       0.03%
==46586== LLi miss rate:       0.00%
==46586== 
==46586== D   refs:       7,814,010  (7,203,497 rd   + 610,513 wr)
==46586== D1  misses:        74,419  (   43,081 rd   +  31,338 wr)
==46586== LLd misses:        17,874  (    2,149 rd   +  15,725 wr)
==46586== D1  miss rate:        1.0% (      0.6%     +     5.1%  )
==46586== LLd miss rate:        0.2% (      0.0%     +     2.6%  )
==46586== 
==46586== LL refs:           87,812  (   56,474 rd   +  31,338 wr)
==46586== LL misses:         19,311  (    3,586 rd   +  15,725 wr)
==46586== LL miss rate:         0.0% (      0.0%     +     2.6%  )
