==25715== Cachegrind, a cache and branch-prediction profiler
==25715== Copyright (C) 2002-2017, and GNU GPL'd, by Nicholas Nethercote et al.
==25715== Using Valgrind-3.16.1 and LibVEX; rerun with -h for copyright info
==25715== Command: ./texture_synthesis .
==25715== 
--25715-- warning: L3 cache found, using its data for the LL simulation.
--25715-- warning: specified LL cache: line_size 64  assoc 11  total_size 25,952,256
--25715-- warning: simulated LL cache: line_size 64  assoc 12  total_size 25,165,824
FIFO cache replacement will be used
==25715== 
==25715== I   refs:      208,057,388
==25715== I1  misses:          1,677
==25715== LLi misses:          1,586
==25715== I1  miss rate:        0.00%
==25715== LLi miss rate:        0.00%
==25715== 
==25715== D   refs:       76,991,608  (52,726,640 rd   + 24,264,968 wr)
==25715== D1  misses:         86,595  (    35,031 rd   +     51,564 wr)
==25715== LLd misses:         31,232  (     2,307 rd   +     28,925 wr)
==25715== D1  miss rate:         0.1% (       0.1%     +        0.2%  )
==25715== LLd miss rate:         0.0% (       0.0%     +        0.1%  )
==25715== 
==25715== LL refs:            88,272  (    36,708 rd   +     51,564 wr)
==25715== LL misses:          32,818  (     3,893 rd   +     28,925 wr)
==25715== LL miss rate:          0.0% (       0.0%     +        0.1%  )
