==25321== Cachegrind, a cache and branch-prediction profiler
==25321== Copyright (C) 2002-2017, and GNU GPL'd, by Nicholas Nethercote et al.
==25321== Using Valgrind-3.16.1 and LibVEX; rerun with -h for copyright info
==25321== Command: ./texture_synthesis .
==25321== 
--25321-- warning: L3 cache found, using its data for the LL simulation.
--25321-- warning: specified LL cache: line_size 64  assoc 11  total_size 25,952,256
--25321-- warning: simulated LL cache: line_size 64  assoc 12  total_size 25,165,824
LIP cache replacement will be used
==25321== 
==25321== I   refs:      208,057,376
==25321== I1  misses:          1,722
==25321== LLi misses:          1,614
==25321== I1  miss rate:        0.00%
==25321== LLi miss rate:        0.00%
==25321== 
==25321== D   refs:       76,991,606  (52,726,639 rd   + 24,264,967 wr)
==25321== D1  misses:        427,654  (   291,008 rd   +    136,646 wr)
==25321== LLd misses:         31,281  (     2,355 rd   +     28,926 wr)
==25321== D1  miss rate:         0.6% (       0.6%     +        0.6%  )
==25321== LLd miss rate:         0.0% (       0.0%     +        0.1%  )
==25321== 
==25321== LL refs:           429,376  (   292,730 rd   +    136,646 wr)
==25321== LL misses:          32,895  (     3,969 rd   +     28,926 wr)
==25321== LL miss rate:          0.0% (       0.0%     +        0.1%  )
