==29625== Cachegrind, a cache and branch-prediction profiler
==29625== Copyright (C) 2002-2017, and GNU GPL'd, by Nicholas Nethercote et al.
==29625== Using Valgrind-3.16.1 and LibVEX; rerun with -h for copyright info
==29625== Command: ./liblinear-tlarge data/100B/kdda
==29625== 
--29625-- warning: L3 cache found, using its data for the LL simulation.
--29625-- warning: specified LL cache: line_size 64  assoc 11  total_size 25,952,256
--29625-- warning: simulated LL cache: line_size 64  assoc 12  total_size 25,165,824
FIFO cache replacement will be used
==29625== 
==29625== I   refs:      111,902,758,013
==29625== I1  misses:         16,479,083
==29625== LLi misses:              3,052
==29625== I1  miss rate:            0.01%
==29625== LLi miss rate:            0.00%
==29625== 
==29625== D   refs:       44,061,986,476  (36,080,688,134 rd   + 7,981,298,342 wr)
==29625== D1  misses:      4,134,425,881  ( 4,126,744,814 rd   +     7,681,067 wr)
==29625== LLd misses:      2,066,542,184  ( 2,060,826,646 rd   +     5,715,538 wr)
==29625== D1  miss rate:             9.4% (          11.4%     +           0.1%  )
==29625== LLd miss rate:             4.7% (           5.7%     +           0.1%  )
==29625== 
==29625== LL refs:         4,150,904,964  ( 4,143,223,897 rd   +     7,681,067 wr)
==29625== LL misses:       2,066,545,236  ( 2,060,829,698 rd   +     5,715,538 wr)
==29625== LL miss rate:              1.3% (           1.4%     +           0.1%  )
