==52996== Cachegrind, a cache and branch-prediction profiler
==52996== Copyright (C) 2002-2017, and GNU GPL'd, by Nicholas Nethercote et al.
==52996== Using Valgrind-3.16.1 and LibVEX; rerun with -h for copyright info
==52996== Command: ./rbm-medium
==52996== 
--52996-- warning: L3 cache found, using its data for the LL simulation.
--52996-- warning: specified LL cache: line_size 64  assoc 11  total_size 25,952,256
--52996-- warning: simulated LL cache: line_size 64  assoc 12  total_size 25,165,824
BIP cache replacement will be used
BIP Throttle parameter is set to 0.015625
==52996== 
==52996== I   refs:      12,265,732,027
==52996== I1  misses:           102,817
==52996== LLi misses:             1,618
==52996== I1  miss rate:           0.00%
==52996== LLi miss rate:           0.00%
==52996== 
==52996== D   refs:       3,657,823,178  (2,777,601,363 rd   + 880,221,815 wr)
==52996== D1  misses:       408,713,455  (  373,655,198 rd   +  35,058,257 wr)
==52996== LLd misses:            49,915  (       25,993 rd   +      23,922 wr)
==52996== D1  miss rate:           11.2% (         13.5%     +         4.0%  )
==52996== LLd miss rate:            0.0% (          0.0%     +         0.0%  )
==52996== 
==52996== LL refs:          408,816,272  (  373,758,015 rd   +  35,058,257 wr)
==52996== LL misses:             51,533  (       27,611 rd   +      23,922 wr)
==52996== LL miss rate:             0.0% (          0.0%     +         0.0%  )
