==24903== Cachegrind, a cache and branch-prediction profiler
==24903== Copyright (C) 2002-2017, and GNU GPL'd, by Nicholas Nethercote et al.
==24903== Using Valgrind-3.16.1 and LibVEX; rerun with -h for copyright info
==24903== Command: ./a.out med.txt
==24903== 
--24903-- warning: L3 cache found, using its data for the LL simulation.
--24903-- warning: specified LL cache: line_size 64  assoc 11  total_size 25,952,256
--24903-- warning: simulated LL cache: line_size 64  assoc 12  total_size 25,165,824
Random cache replacement will be used
==24903== 
==24903== I   refs:      21,540,689,439
==24903== I1  misses:             1,804
==24903== LLi misses:             1,790
==24903== I1  miss rate:           0.00%
==24903== LLi miss rate:           0.00%
==24903== 
==24903== D   refs:      13,370,670,451  (12,167,996,489 rd   + 1,202,673,962 wr)
==24903== D1  misses:         5,863,994  (     5,727,861 rd   +       136,133 wr)
==24903== LLd misses:            69,933  (         5,050 rd   +        64,883 wr)
==24903== D1  miss rate:            0.0% (           0.0%     +           0.0%  )
==24903== LLd miss rate:            0.0% (           0.0%     +           0.0%  )
==24903== 
==24903== LL refs:            5,865,798  (     5,729,665 rd   +       136,133 wr)
==24903== LL misses:             71,723  (         6,840 rd   +        64,883 wr)
==24903== LL miss rate:             0.0% (           0.0%     +           0.0%  )
