==39824== Cachegrind, a cache and branch-prediction profiler
==39824== Copyright (C) 2002-2017, and GNU GPL'd, by Nicholas Nethercote et al.
==39824== Using Valgrind-3.16.1 and LibVEX; rerun with -h for copyright info
==39824== Command: ./liblinear-tlarge data/100B/kdda
==39824== 
--39824-- warning: L3 cache found, using its data for the LL simulation.
--39824-- warning: specified LL cache: line_size 64  assoc 11  total_size 25,952,256
--39824-- warning: simulated LL cache: line_size 64  assoc 12  total_size 25,165,824
LRU cache replacement will be used
==39824== 
==39824== I   refs:      111,902,758,013
==39824== I1  misses:        289,638,709
==39824== LLi misses:              2,243
==39824== I1  miss rate:            0.26%
==39824== LLi miss rate:            0.00%
==39824== 
==39824== D   refs:       44,061,986,476  (36,080,688,134 rd   + 7,981,298,342 wr)
==39824== D1  misses:      4,165,879,754  ( 4,159,540,004 rd   +     6,339,750 wr)
==39824== LLd misses:      1,953,852,898  ( 1,948,137,579 rd   +     5,715,319 wr)
==39824== D1  miss rate:             9.5% (          11.5%     +           0.1%  )
==39824== LLd miss rate:             4.4% (           5.4%     +           0.1%  )
==39824== 
==39824== LL refs:         4,455,518,463  ( 4,449,178,713 rd   +     6,339,750 wr)
==39824== LL misses:       1,953,855,141  ( 1,948,139,822 rd   +     5,715,319 wr)
==39824== LL miss rate:              1.3% (           1.3%     +           0.1%  )
