==49726== Cachegrind, a cache and branch-prediction profiler
==49726== Copyright (C) 2002-2017, and GNU GPL'd, by Nicholas Nethercote et al.
==49726== Using Valgrind-3.16.1 and LibVEX; rerun with -h for copyright info
==49726== Command: ./pca-medium medium.data 722 800 R
==49726== 
--49726-- warning: L3 cache found, using its data for the LL simulation.
--49726-- warning: specified LL cache: line_size 64  assoc 11  total_size 25,952,256
--49726-- warning: simulated LL cache: line_size 64  assoc 12  total_size 25,165,824
LIP cache replacement will be used
==49726== 
==49726== I   refs:      14,218,322,233
==49726== I1  misses:        24,909,379
==49726== LLi misses:             1,678
==49726== I1  miss rate:           0.18%
==49726== LLi miss rate:           0.00%
==49726== 
==49726== D   refs:       5,351,602,514  (4,031,779,775 rd   + 1,319,822,739 wr)
==49726== D1  misses:     1,587,714,175  (1,583,421,973 rd   +     4,292,202 wr)
==49726== LLd misses:           141,956  (       23,260 rd   +       118,696 wr)
==49726== D1  miss rate:           29.7% (         39.3%     +           0.3%  )
==49726== LLd miss rate:            0.0% (          0.0%     +           0.0%  )
==49726== 
==49726== LL refs:        1,612,623,554  (1,608,331,352 rd   +     4,292,202 wr)
==49726== LL misses:            143,634  (       24,938 rd   +       118,696 wr)
==49726== LL miss rate:             0.0% (          0.0%     +           0.0%  )
