==20582== Cachegrind, a cache and branch-prediction profiler
==20582== Copyright (C) 2002-2017, and GNU GPL'd, by Nicholas Nethercote et al.
==20582== Using Valgrind-3.16.1 and LibVEX; rerun with -h for copyright info
==20582== Command: ./disparity .
==20582== 
--20582-- warning: L3 cache found, using its data for the LL simulation.
--20582-- warning: specified LL cache: line_size 64  assoc 11  total_size 25,952,256
--20582-- warning: simulated LL cache: line_size 64  assoc 12  total_size 25,165,824
LIP cache replacement will be used
==20582== 
==20582== I   refs:      463,775,462
==20582== I1  misses:        293,479
==20582== LLi misses:          1,552
==20582== I1  miss rate:        0.06%
==20582== LLi miss rate:        0.00%
==20582== 
==20582== D   refs:      187,796,937  (126,192,375 rd   + 61,604,562 wr)
==20582== D1  misses:     29,195,478  ( 20,917,471 rd   +  8,278,007 wr)
==20582== LLd misses:         87,154  (      8,852 rd   +     78,302 wr)
==20582== D1  miss rate:        15.5% (       16.6%     +       13.4%  )
==20582== LLd miss rate:         0.0% (        0.0%     +        0.1%  )
==20582== 
==20582== LL refs:        29,488,957  ( 21,210,950 rd   +  8,278,007 wr)
==20582== LL misses:          88,706  (     10,404 rd   +     78,302 wr)
==20582== LL miss rate:          0.0% (        0.0%     +        0.1%  )
