==26793== Cachegrind, a cache and branch-prediction profiler
==26793== Copyright (C) 2002-2017, and GNU GPL'd, by Nicholas Nethercote et al.
==26793== Using Valgrind-3.16.1 and LibVEX; rerun with -h for copyright info
==26793== Command: ./tracking .
==26793== 
--26793-- warning: L3 cache found, using its data for the LL simulation.
--26793-- warning: specified LL cache: line_size 64  assoc 11  total_size 25,952,256
--26793-- warning: simulated LL cache: line_size 64  assoc 12  total_size 25,165,824
Random cache replacement will be used
==26793== 
==26793== I   refs:      426,561,203
==26793== I1  misses:          1,712
==26793== LLi misses:          1,706
==26793== I1  miss rate:        0.00%
==26793== LLi miss rate:        0.00%
==26793== 
==26793== D   refs:      140,543,723  (98,243,014 rd   + 42,300,709 wr)
==26793== D1  misses:        331,067  (    93,787 rd   +    237,280 wr)
==26793== LLd misses:        101,385  (     3,168 rd   +     98,217 wr)
==26793== D1  miss rate:         0.2% (       0.1%     +        0.6%  )
==26793== LLd miss rate:         0.1% (       0.0%     +        0.2%  )
==26793== 
==26793== LL refs:           332,779  (    95,499 rd   +    237,280 wr)
==26793== LL misses:         103,091  (     4,874 rd   +     98,217 wr)
==26793== LL miss rate:          0.0% (       0.0%     +        0.2%  )
