==30196== Cachegrind, a cache and branch-prediction profiler
==30196== Copyright (C) 2002-2017, and GNU GPL'd, by Nicholas Nethercote et al.
==30196== Using Valgrind-3.16.1 and LibVEX; rerun with -h for copyright info
==30196== Command: ./multi_ncut .
==30196== 
--30196-- warning: L3 cache found, using its data for the LL simulation.
--30196-- warning: specified LL cache: line_size 64  assoc 11  total_size 25,952,256
--30196-- warning: simulated LL cache: line_size 64  assoc 12  total_size 25,165,824
Random cache replacement will be used
==30196== 
==30196== Process terminating with default action of signal 15 (SIGTERM)
==30196==    at 0x515AA10: __memcpy_avx_unaligned_erms (memmove-vec-unaligned-erms.S:221)
==30196==    by 0x50578AA: _IO_file_xsgetn (fileops.c:1318)
==30196==    by 0x504B4A0: fread (iofread.c:38)
==30196==    by 0x109304: readImage (in /home/tkloda/cortexsuite/vision/benchmarks/multi_ncut/data/fullhd/multi_ncut)
==30196==    by 0x108AC3: main (in /home/tkloda/cortexsuite/vision/benchmarks/multi_ncut/data/fullhd/multi_ncut)
==30196== 
==30196== I   refs:      691,713,273
==30196== I1  misses:     37,277,776
==30196== LLi misses:          1,139
==30196== I1  miss rate:        5.39%
==30196== LLi miss rate:        0.00%
==30196== 
==30196== D   refs:      297,719,281  (203,325,703 rd   + 94,393,578 wr)
==30196== D1  misses:     43,409,937  ( 35,644,476 rd   +  7,765,461 wr)
==30196== LLd misses:        116,268  (      2,264 rd   +    114,004 wr)
==30196== D1  miss rate:        14.6% (       17.5%     +        8.2%  )
==30196== LLd miss rate:         0.0% (        0.0%     +        0.1%  )
==30196== 
==30196== LL refs:        80,687,713  ( 72,922,252 rd   +  7,765,461 wr)
==30196== LL misses:         117,407  (      3,403 rd   +    114,004 wr)
==30196== LL miss rate:          0.0% (        0.0%     +        0.1%  )
