==52149== Cachegrind, a cache and branch-prediction profiler
==52149== Copyright (C) 2002-2017, and GNU GPL'd, by Nicholas Nethercote et al.
==52149== Using Valgrind-3.16.1 and LibVEX; rerun with -h for copyright info
==52149== Command: ./rbm-large
==52149== 
--52149-- warning: L3 cache found, using its data for the LL simulation.
--52149-- warning: specified LL cache: line_size 64  assoc 11  total_size 25,952,256
--52149-- warning: simulated LL cache: line_size 64  assoc 12  total_size 25,165,824
LIP cache replacement will be used
==52149== 
==52149== I   refs:      119,675,953,576
==52149== I1  misses:              1,480
==52149== LLi misses:              1,469
==52149== I1  miss rate:            0.00%
==52149== LLi miss rate:            0.00%
==52149== 
==52149== D   refs:       35,862,020,600  (27,106,383,010 rd   + 8,755,637,590 wr)
==52149== D1  misses:      1,820,687,315  ( 1,476,402,495 rd   +   344,284,820 wr)
==52149== LLd misses:             54,145  (        30,011 rd   +        24,134 wr)
==52149== D1  miss rate:             5.1% (           5.4%     +           3.9%  )
==52149== LLd miss rate:             0.0% (           0.0%     +           0.0%  )
==52149== 
==52149== LL refs:         1,820,688,795  ( 1,476,403,975 rd   +   344,284,820 wr)
==52149== LL misses:              55,614  (        31,480 rd   +        24,134 wr)
==52149== LL miss rate:              0.0% (           0.0%     +           0.0%  )
