==27869== Cachegrind, a cache and branch-prediction profiler
==27869== Copyright (C) 2002-2017, and GNU GPL'd, by Nicholas Nethercote et al.
==27869== Using Valgrind-3.16.1 and LibVEX; rerun with -h for copyright info
==27869== Command: ./mser .
==27869== 
--27869-- warning: L3 cache found, using its data for the LL simulation.
--27869-- warning: specified LL cache: line_size 64  assoc 11  total_size 25,952,256
--27869-- warning: simulated LL cache: line_size 64  assoc 12  total_size 25,165,824
Random cache replacement will be used
==27869== 
==27869== Process terminating with default action of signal 15 (SIGTERM)
==27869==    at 0x50DC14F: read (read.c:27)
==27869==    by 0x5059217: _IO_file_underflow@@GLIBC_2.2.5 (fileops.c:531)
==27869==    by 0x5057817: _IO_file_xsgetn (fileops.c:1344)
==27869==    by 0x504B4A0: fread (iofread.c:38)
==27869==    by 0x109350: readImage (in /home/tkloda/cortexsuite/vision/benchmarks/mser/data/fullhd/mser)
==27869==    by 0x108A87: main (in /home/tkloda/cortexsuite/vision/benchmarks/mser/data/fullhd/mser)
==27869== 
==27869== I   refs:      824,328,595
==27869== I1  misses:          2,726
==27869== LLi misses:          1,229
==27869== I1  miss rate:        0.00%
==27869== LLi miss rate:        0.00%
==27869== 
==27869== D   refs:      354,804,480  (242,310,215 rd   + 112,494,265 wr)
==27869== D1  misses:        320,951  (    170,556 rd   +     150,395 wr)
==27869== LLd misses:        138,023  (      2,265 rd   +     135,758 wr)
==27869== D1  miss rate:         0.1% (        0.1%     +         0.1%  )
==27869== LLd miss rate:         0.0% (        0.0%     +         0.1%  )
==27869== 
==27869== LL refs:           323,677  (    173,282 rd   +     150,395 wr)
==27869== LL misses:         139,252  (      3,494 rd   +     135,758 wr)
==27869== LL miss rate:          0.0% (        0.0%     +         0.1%  )
