==19316== Cachegrind, a cache and branch-prediction profiler
==19316== Copyright (C) 2002-2017, and GNU GPL'd, by Nicholas Nethercote et al.
==19316== Using Valgrind-3.16.1 and LibVEX; rerun with -h for copyright info
==19316== Command: ./mser .
==19316== 
--19316-- warning: L3 cache found, using its data for the LL simulation.
--19316-- warning: specified LL cache: line_size 64  assoc 11  total_size 25,952,256
--19316-- warning: simulated LL cache: line_size 64  assoc 12  total_size 25,165,824
LRU cache replacement will be used
==19316== 
==19316== I   refs:      157,426,193
==19316== I1  misses:          1,497
==19316== LLi misses:          1,493
==19316== I1  miss rate:        0.00%
==19316== LLi miss rate:        0.00%
==19316== 
==19316== D   refs:       59,523,786  (40,510,722 rd   + 19,013,064 wr)
==19316== D1  misses:        124,880  (    55,300 rd   +     69,580 wr)
==19316== LLd misses:         71,091  (     2,246 rd   +     68,845 wr)
==19316== D1  miss rate:         0.2% (       0.1%     +        0.4%  )
==19316== LLd miss rate:         0.1% (       0.0%     +        0.4%  )
==19316== 
==19316== LL refs:           126,377  (    56,797 rd   +     69,580 wr)
==19316== LL misses:          72,584  (     3,739 rd   +     68,845 wr)
==19316== LL miss rate:          0.0% (       0.0%     +        0.4%  )
