==35191== Cachegrind, a cache and branch-prediction profiler
==35191== Copyright (C) 2002-2017, and GNU GPL'd, by Nicholas Nethercote et al.
==35191== Using Valgrind-3.16.1 and LibVEX; rerun with -h for copyright info
==35191== Command: ./spc-small ../datasets/R15 600 2 15 0.707 1 2
==35191== 
--35191-- warning: L3 cache found, using its data for the LL simulation.
--35191-- warning: specified LL cache: line_size 64  assoc 11  total_size 25,952,256
--35191-- warning: simulated LL cache: line_size 64  assoc 12  total_size 25,165,824
LIP cache replacement will be used
==35191== 
==35191== I   refs:      217,405
==35191== I1  misses:      1,715
==35191== LLi misses:      1,090
==35191== I1  miss rate:    0.79%
==35191== LLi miss rate:    0.50%
==35191== 
==35191== D   refs:       69,324  (54,846 rd   + 14,478 wr)
==35191== D1  misses:      5,107  ( 4,168 rd   +    939 wr)
==35191== LLd misses:      2,798  ( 2,192 rd   +    606 wr)
==35191== D1  miss rate:     7.4% (   7.6%     +    6.5%  )
==35191== LLd miss rate:     4.0% (   4.0%     +    4.2%  )
==35191== 
==35191== LL refs:         6,822  ( 5,883 rd   +    939 wr)
==35191== LL misses:       3,888  ( 3,282 rd   +    606 wr)
==35191== LL miss rate:      1.4% (   1.2%     +    4.2%  )
