==24477== Cachegrind, a cache and branch-prediction profiler
==24477== Copyright (C) 2002-2017, and GNU GPL'd, by Nicholas Nethercote et al.
==24477== Using Valgrind-3.16.1 and LibVEX; rerun with -h for copyright info
==24477== Command: ./sift .
==24477== 
--24477-- warning: L3 cache found, using its data for the LL simulation.
--24477-- warning: specified LL cache: line_size 64  assoc 11  total_size 25,952,256
--24477-- warning: simulated LL cache: line_size 64  assoc 12  total_size 25,165,824
BIP cache replacement will be used
BIP Throttle parameter is set to 0.015625
==24477== brk segment overflow in thread #1: can't grow to 0x4cd9000
==24477== (see section Limitations in user manual)
==24477== NOTE: further instances of this message will not be shown
==24477== 
==24477== I   refs:      3,167,698,993
==24477== I1  misses:            1,805
==24477== LLi misses:            1,800
==24477== I1  miss rate:          0.00%
==24477== LLi miss rate:          0.00%
==24477== 
==24477== D   refs:        974,218,461  (676,537,142 rd   + 297,681,319 wr)
==24477== D1  misses:        5,395,746  (  3,230,753 rd   +   2,164,993 wr)
==24477== LLd misses:        4,895,409  (  2,788,776 rd   +   2,106,633 wr)
==24477== D1  miss rate:           0.6% (        0.5%     +         0.7%  )
==24477== LLd miss rate:           0.5% (        0.4%     +         0.7%  )
==24477== 
==24477== LL refs:           5,397,551  (  3,232,558 rd   +   2,164,993 wr)
==24477== LL misses:         4,897,209  (  2,790,576 rd   +   2,106,633 wr)
==24477== LL miss rate:            0.1% (        0.1%     +         0.7%  )
