==37923== Cachegrind, a cache and branch-prediction profiler
==37923== Copyright (C) 2002-2017, and GNU GPL'd, by Nicholas Nethercote et al.
==37923== Using Valgrind-3.16.1 and LibVEX; rerun with -h for copyright info
==37923== Command: ./tracking .
==37923== 
--37923-- warning: L3 cache found, using its data for the LL simulation.
--37923-- warning: specified LL cache: line_size 64  assoc 11  total_size 25,952,256
--37923-- warning: simulated LL cache: line_size 64  assoc 12  total_size 25,165,824
LIP cache replacement will be used
==37923== 
==37923== I   refs:      426,561,282
==37923== I1  misses:          6,066
==37923== LLi misses:          1,827
==37923== I1  miss rate:        0.00%
==37923== LLi miss rate:        0.00%
==37923== 
==37923== D   refs:      140,543,735  (98,243,026 rd   + 42,300,709 wr)
==37923== D1  misses:      3,182,970  ( 1,584,854 rd   +  1,598,116 wr)
==37923== LLd misses:         96,350  (     2,281 rd   +     94,069 wr)
==37923== D1  miss rate:         2.3% (       1.6%     +        3.8%  )
==37923== LLd miss rate:         0.1% (       0.0%     +        0.2%  )
==37923== 
==37923== LL refs:         3,189,036  ( 1,590,920 rd   +  1,598,116 wr)
==37923== LL misses:          98,177  (     4,108 rd   +     94,069 wr)
==37923== LL miss rate:          0.0% (       0.0%     +        0.2%  )
