==23285== Cachegrind, a cache and branch-prediction profiler
==23285== Copyright (C) 2002-2017, and GNU GPL'd, by Nicholas Nethercote et al.
==23285== Using Valgrind-3.16.1 and LibVEX; rerun with -h for copyright info
==23285== Command: ./a.out small.txt
==23285== 
--23285-- warning: L3 cache found, using its data for the LL simulation.
--23285-- warning: specified LL cache: line_size 64  assoc 11  total_size 25,952,256
--23285-- warning: simulated LL cache: line_size 64  assoc 12  total_size 25,165,824
LRU cache replacement will be used
==23285== 
==23285== I   refs:      219,666,598
==23285== I1  misses:      3,359,111
==23285== LLi misses:          1,758
==23285== I1  miss rate:        1.53%
==23285== LLi miss rate:        0.00%
==23285== 
==23285== D   refs:      128,686,220  (113,044,781 rd   + 15,641,439 wr)
==23285== D1  misses:      6,241,959  (  5,962,937 rd   +    279,022 wr)
==23285== LLd misses:          5,399  (      2,286 rd   +      3,113 wr)
==23285== D1  miss rate:         4.9% (        5.3%     +        1.8%  )
==23285== LLd miss rate:         0.0% (        0.0%     +        0.0%  )
==23285== 
==23285== LL refs:         9,601,070  (  9,322,048 rd   +    279,022 wr)
==23285== LL misses:           7,157  (      4,044 rd   +      3,113 wr)
==23285== LL miss rate:          0.0% (        0.0%     +        0.0%  )
