==50337== Cachegrind, a cache and branch-prediction profiler
==50337== Copyright (C) 2002-2017, and GNU GPL'd, by Nicholas Nethercote et al.
==50337== Using Valgrind-3.16.1 and LibVEX; rerun with -h for copyright info
==50337== Command: ./stitch .
==50337== 
--50337-- warning: L3 cache found, using its data for the LL simulation.
--50337-- warning: specified LL cache: line_size 64  assoc 11  total_size 25,952,256
--50337-- warning: simulated LL cache: line_size 64  assoc 12  total_size 25,165,824
FIFO cache replacement will be used
==50337== brk segment overflow in thread #1: can't grow to 0x4ae3000
==50337== (see section Limitations in user manual)
==50337== NOTE: further instances of this message will not be shown
==50337== 
==50337== I   refs:      8,280,657,689
==50337== I1  misses:            1,946
==50337== LLi misses:            1,694
==50337== I1  miss rate:          0.00%
==50337== LLi miss rate:          0.00%
==50337== 
==50337== D   refs:      2,251,787,239  (1,520,764,435 rd   + 731,022,804 wr)
==50337== D1  misses:      132,334,729  (   74,119,708 rd   +  58,215,021 wr)
==50337== LLd misses:          252,958  (        2,266 rd   +     250,692 wr)
==50337== D1  miss rate:           5.9% (          4.9%     +         8.0%  )
==50337== LLd miss rate:           0.0% (          0.0%     +         0.0%  )
==50337== 
==50337== LL refs:         132,336,675  (   74,121,654 rd   +  58,215,021 wr)
==50337== LL misses:           254,652  (        3,960 rd   +     250,692 wr)
==50337== LL miss rate:            0.0% (          0.0%     +         0.0%  )
