==30272== Cachegrind, a cache and branch-prediction profiler
==30272== Copyright (C) 2002-2017, and GNU GPL'd, by Nicholas Nethercote et al.
==30272== Using Valgrind-3.16.1 and LibVEX; rerun with -h for copyright info
==30272== Command: ./multi_ncut .
==30272== 
--30272-- warning: L3 cache found, using its data for the LL simulation.
--30272-- warning: specified LL cache: line_size 64  assoc 11  total_size 25,952,256
--30272-- warning: simulated LL cache: line_size 64  assoc 12  total_size 25,165,824
Random cache replacement will be used
==30272== 
==30272== Process terminating with default action of signal 15 (SIGTERM)
==30272==    at 0x50DC14F: read (read.c:27)
==30272==    by 0x5059217: _IO_file_underflow@@GLIBC_2.2.5 (fileops.c:531)
==30272==    by 0x5057817: _IO_file_xsgetn (fileops.c:1344)
==30272==    by 0x504B4A0: fread (iofread.c:38)
==30272==    by 0x10931B: readImage (in /home/tkloda/cortexsuite/vision/benchmarks/multi_ncut/data/fullhd/multi_ncut)
==30272==    by 0x108AC3: main (in /home/tkloda/cortexsuite/vision/benchmarks/multi_ncut/data/fullhd/multi_ncut)
==30272== 
==30272== I   refs:      734,437,079
==30272== I1  misses:          1,197
==30272== LLi misses:          1,127
==30272== I1  miss rate:        0.00%
==30272== LLi miss rate:        0.00%
==30272== 
==30272== D   refs:      316,109,550  (215,884,765 rd   + 100,224,785 wr)
==30272== D1  misses:        129,764  (      7,737 rd   +     122,027 wr)
==30272== LLd misses:        123,274  (      2,265 rd   +     121,009 wr)
==30272== D1  miss rate:         0.0% (        0.0%     +         0.1%  )
==30272== LLd miss rate:         0.0% (        0.0%     +         0.1%  )
==30272== 
==30272== LL refs:           130,961  (      8,934 rd   +     122,027 wr)
==30272== LL misses:         124,401  (      3,392 rd   +     121,009 wr)
==30272== LL miss rate:          0.0% (        0.0%     +         0.1%  )
