==34193== Cachegrind, a cache and branch-prediction profiler
==34193== Copyright (C) 2002-2017, and GNU GPL'd, by Nicholas Nethercote et al.
==34193== Using Valgrind-3.16.1 and LibVEX; rerun with -h for copyright info
==34193== Command: ./pca-small small.data 1593 256 R
==34193== 
--34193-- warning: L3 cache found, using its data for the LL simulation.
--34193-- warning: specified LL cache: line_size 64  assoc 11  total_size 25,952,256
--34193-- warning: simulated LL cache: line_size 64  assoc 12  total_size 25,165,824
BIP cache replacement will be used
BIP Throttle parameter is set to 0.062500
==34193== 
==34193== I   refs:      1,489,668,691
==34193== I1  misses:            3,661
==34193== LLi misses:            1,650
==34193== I1  miss rate:          0.00%
==34193== LLi miss rate:          0.00%
==34193== 
==34193== D   refs:        597,905,808  (426,152,920 rd   + 171,752,888 wr)
==34193== D1  misses:      124,865,590  (124,351,864 rd   +     513,726 wr)
==34193== LLd misses:           37,715  (      2,489 rd   +      35,226 wr)
==34193== D1  miss rate:          20.9% (       29.2%     +         0.3%  )
==34193== LLd miss rate:           0.0% (        0.0%     +         0.0%  )
==34193== 
==34193== LL refs:         124,869,251  (124,355,525 rd   +     513,726 wr)
==34193== LL misses:            39,365  (      4,139 rd   +      35,226 wr)
==34193== LL miss rate:            0.0% (        0.0%     +         0.0%  )
