==41539== Cachegrind, a cache and branch-prediction profiler
==41539== Copyright (C) 2002-2017, and GNU GPL'd, by Nicholas Nethercote et al.
==41539== Using Valgrind-3.16.1 and LibVEX; rerun with -h for copyright info
==41539== Command: ./localization .
==41539== 
--41539-- warning: L3 cache found, using its data for the LL simulation.
--41539-- warning: specified LL cache: line_size 64  assoc 11  total_size 25,952,256
--41539-- warning: simulated LL cache: line_size 64  assoc 12  total_size 25,165,824
LIP cache replacement will be used
==41539== 
==41539== I   refs:      757,580,543
==41539== I1  misses:         85,737
==41539== LLi misses:          2,066
==41539== I1  miss rate:        0.01%
==41539== LLi miss rate:        0.00%
==41539== 
==41539== D   refs:      238,830,471  (174,511,975 rd   + 64,318,496 wr)
==41539== D1  misses:      3,487,289  (  2,086,504 rd   +  1,400,785 wr)
==41539== LLd misses:          6,020  (      2,759 rd   +      3,261 wr)
==41539== D1  miss rate:         1.5% (        1.2%     +        2.2%  )
==41539== LLd miss rate:         0.0% (        0.0%     +        0.0%  )
==41539== 
==41539== LL refs:         3,573,026  (  2,172,241 rd   +  1,400,785 wr)
==41539== LL misses:           8,086  (      4,825 rd   +      3,261 wr)
==41539== LL miss rate:          0.0% (        0.0%     +        0.0%  )
