==53412== Cachegrind, a cache and branch-prediction profiler
==53412== Copyright (C) 2002-2017, and GNU GPL'd, by Nicholas Nethercote et al.
==53412== Using Valgrind-3.16.1 and LibVEX; rerun with -h for copyright info
==53412== Command: ./pca-medium medium.data 722 800 R
==53412== 
--53412-- warning: L3 cache found, using its data for the LL simulation.
--53412-- warning: specified LL cache: line_size 64  assoc 11  total_size 25,952,256
--53412-- warning: simulated LL cache: line_size 64  assoc 12  total_size 25,165,824
Random cache replacement will be used
==53412== 
==53412== I   refs:      14,218,322,069
==53412== I1  misses:             2,460
==53412== LLi misses:             1,677
==53412== I1  miss rate:           0.00%
==53412== LLi miss rate:           0.00%
==53412== 
==53412== D   refs:       5,351,602,366  (4,031,779,695 rd   + 1,319,822,671 wr)
==53412== D1  misses:     1,552,606,674  (1,549,234,535 rd   +     3,372,139 wr)
==53412== LLd misses:           135,130  (       15,998 rd   +       119,132 wr)
==53412== D1  miss rate:           29.0% (         38.4%     +           0.3%  )
==53412== LLd miss rate:            0.0% (          0.0%     +           0.0%  )
==53412== 
==53412== LL refs:        1,552,609,134  (1,549,236,995 rd   +     3,372,139 wr)
==53412== LL misses:            136,807  (       17,675 rd   +       119,132 wr)
==53412== LL miss rate:             0.0% (          0.0%     +           0.0%  )
