==50307== Cachegrind, a cache and branch-prediction profiler
==50307== Copyright (C) 2002-2017, and GNU GPL'd, by Nicholas Nethercote et al.
==50307== Using Valgrind-3.16.1 and LibVEX; rerun with -h for copyright info
==50307== Command: ./stitch .
==50307== 
--50307-- warning: L3 cache found, using its data for the LL simulation.
--50307-- warning: specified LL cache: line_size 64  assoc 11  total_size 25,952,256
--50307-- warning: simulated LL cache: line_size 64  assoc 12  total_size 25,165,824
FIFO cache replacement will be used
==50307== brk segment overflow in thread #1: can't grow to 0x4ae3000
==50307== (see section Limitations in user manual)
==50307== NOTE: further instances of this message will not be shown
==50307== 
==50307== I   refs:      8,280,657,689
==50307== I1  misses:        3,079,801
==50307== LLi misses:            1,694
==50307== I1  miss rate:          0.04%
==50307== LLi miss rate:          0.00%
==50307== 
==50307== D   refs:      2,251,787,239  (1,520,764,435 rd   + 731,022,804 wr)
==50307== D1  misses:      171,825,672  (  103,901,105 rd   +  67,924,567 wr)
==50307== LLd misses:          252,958  (        2,266 rd   +     250,692 wr)
==50307== D1  miss rate:           7.6% (          6.8%     +         9.3%  )
==50307== LLd miss rate:           0.0% (          0.0%     +         0.0%  )
==50307== 
==50307== LL refs:         174,905,473  (  106,980,906 rd   +  67,924,567 wr)
==50307== LL misses:           254,652  (        3,960 rd   +     250,692 wr)
==50307== LL miss rate:            0.0% (          0.0%     +         0.0%  )
