==37528== Cachegrind, a cache and branch-prediction profiler
==37528== Copyright (C) 2002-2017, and GNU GPL'd, by Nicholas Nethercote et al.
==37528== Using Valgrind-3.16.1 and LibVEX; rerun with -h for copyright info
==37528== Command: ./mser .
==37528== 
--37528-- warning: L3 cache found, using its data for the LL simulation.
--37528-- warning: specified LL cache: line_size 64  assoc 11  total_size 25,952,256
--37528-- warning: simulated LL cache: line_size 64  assoc 12  total_size 25,165,824
FIFO cache replacement will be used
==37528== 
==37528== I   refs:      157,426,292
==37528== I1  misses:          2,675
==37528== LLi misses:          1,493
==37528== I1  miss rate:        0.00%
==37528== LLi miss rate:        0.00%
==37528== 
==37528== D   refs:       59,523,800  (40,510,735 rd   + 19,013,065 wr)
==37528== D1  misses:      1,606,216  ( 1,312,446 rd   +    293,770 wr)
==37528== LLd misses:         71,096  (     2,252 rd   +     68,844 wr)
==37528== D1  miss rate:         2.7% (       3.2%     +        1.5%  )
==37528== LLd miss rate:         0.1% (       0.0%     +        0.4%  )
==37528== 
==37528== LL refs:         1,608,891  ( 1,315,121 rd   +    293,770 wr)
==37528== LL misses:          72,589  (     3,745 rd   +     68,844 wr)
==37528== LL miss rate:          0.0% (       0.0%     +        0.4%  )
