==49921== Cachegrind, a cache and branch-prediction profiler
==49921== Copyright (C) 2002-2017, and GNU GPL'd, by Nicholas Nethercote et al.
==49921== Using Valgrind-3.16.1 and LibVEX; rerun with -h for copyright info
==49921== Command: ./pca-small small.data 1593 256 R
==49921== 
--49921-- warning: L3 cache found, using its data for the LL simulation.
--49921-- warning: specified LL cache: line_size 64  assoc 11  total_size 25,952,256
--49921-- warning: simulated LL cache: line_size 64  assoc 12  total_size 25,165,824
Random cache replacement will be used
==49921== 
==49921== I   refs:      1,489,668,873
==49921== I1  misses:       45,328,482
==49921== LLi misses:            1,625
==49921== I1  miss rate:          3.04%
==49921== LLi miss rate:          0.00%
==49921== 
==49921== D   refs:        597,905,960  (426,153,002 rd   + 171,752,958 wr)
==49921== D1  misses:      211,373,158  (195,177,663 rd   +  16,195,495 wr)
==49921== LLd misses:           37,672  (      2,459 rd   +      35,213 wr)
==49921== D1  miss rate:          35.4% (       45.8%     +         9.4%  )
==49921== LLd miss rate:           0.0% (        0.0%     +         0.0%  )
==49921== 
==49921== LL refs:         256,701,640  (240,506,145 rd   +  16,195,495 wr)
==49921== LL misses:            39,297  (      4,084 rd   +      35,213 wr)
==49921== LL miss rate:            0.0% (        0.0%     +         0.0%  )
