==39034== Cachegrind, a cache and branch-prediction profiler
==39034== Copyright (C) 2002-2017, and GNU GPL'd, by Nicholas Nethercote et al.
==39034== Using Valgrind-3.16.1 and LibVEX; rerun with -h for copyright info
==39034== Command: ./multi_ncut .
==39034== 
--39034-- warning: L3 cache found, using its data for the LL simulation.
--39034-- warning: specified LL cache: line_size 64  assoc 11  total_size 25,952,256
--39034-- warning: simulated LL cache: line_size 64  assoc 12  total_size 25,165,824
BIP cache replacement will be used
BIP Throttle parameter is set to 0.031250
==39034== 
==39034== Process terminating with default action of signal 15 (SIGTERM)
==39034==    at 0x10AAB0: fSortIndices (in /home/tkloda/cortexsuite/vision/benchmarks/multi_ncut/data/qcif/multi_ncut)
==39034==    by 0x10CE27: segment_graph (in /home/tkloda/cortexsuite/vision/benchmarks/multi_ncut/data/qcif/multi_ncut)
==39034==    by 0x10CAC9: segment_image (in /home/tkloda/cortexsuite/vision/benchmarks/multi_ncut/data/qcif/multi_ncut)
==39034==    by 0x108B0A: main (in /home/tkloda/cortexsuite/vision/benchmarks/multi_ncut/data/qcif/multi_ncut)
==39034== 
==39034== I   refs:      658,397,141
==39034== I1  misses:          1,319
==39034== LLi misses:          1,297
==39034== I1  miss rate:        0.00%
==39034== LLi miss rate:        0.00%
==39034== 
==39034== D   refs:      112,977,809  (110,885,606 rd   + 2,092,203 wr)
==39034== D1  misses:      6,857,586  (  6,755,776 rd   +   101,810 wr)
==39034== LLd misses:         43,474  (      2,546 rd   +    40,928 wr)
==39034== D1  miss rate:         6.1% (        6.1%     +       4.9%  )
==39034== LLd miss rate:         0.0% (        0.0%     +       2.0%  )
==39034== 
==39034== LL refs:         6,858,905  (  6,757,095 rd   +   101,810 wr)
==39034== LL misses:          44,771  (      3,843 rd   +    40,928 wr)
==39034== LL miss rate:          0.0% (        0.0%     +       2.0%  )
