==42360== Cachegrind, a cache and branch-prediction profiler
==42360== Copyright (C) 2002-2017, and GNU GPL'd, by Nicholas Nethercote et al.
==42360== Using Valgrind-3.16.1 and LibVEX; rerun with -h for copyright info
==42360== Command: ./svm .
==42360== 
--42360-- warning: L3 cache found, using its data for the LL simulation.
--42360-- warning: specified LL cache: line_size 64  assoc 11  total_size 25,952,256
--42360-- warning: simulated LL cache: line_size 64  assoc 12  total_size 25,165,824
Random cache replacement will be used
==42360== 
==42360== I   refs:      1,017,322,051
==42360== I1  misses:      124,399,010
==42360== LLi misses:            1,731
==42360== I1  miss rate:         12.23%
==42360== LLi miss rate:          0.00%
==42360== 
==42360== D   refs:        376,309,611  (238,930,869 rd   + 137,378,742 wr)
==42360== D1  misses:       67,620,874  ( 46,606,001 rd   +  21,014,873 wr)
==42360== LLd misses:           41,482  (      2,777 rd   +      38,705 wr)
==42360== D1  miss rate:          18.0% (       19.5%     +        15.3%  )
==42360== LLd miss rate:           0.0% (        0.0%     +         0.0%  )
==42360== 
==42360== LL refs:         192,019,884  (171,005,011 rd   +  21,014,873 wr)
==42360== LL misses:            43,213  (      4,508 rd   +      38,705 wr)
==42360== LL miss rate:            0.0% (        0.0%     +         0.0%  )
