==39336== Cachegrind, a cache and branch-prediction profiler
==39336== Copyright (C) 2002-2017, and GNU GPL'd, by Nicholas Nethercote et al.
==39336== Using Valgrind-3.16.1 and LibVEX; rerun with -h for copyright info
==39336== Command: ./sift .
==39336== 
--39336-- warning: L3 cache found, using its data for the LL simulation.
--39336-- warning: specified LL cache: line_size 64  assoc 11  total_size 25,952,256
--39336-- warning: simulated LL cache: line_size 64  assoc 12  total_size 25,165,824
BIP cache replacement will be used
BIP Throttle parameter is set to 0.031250
==39336== brk segment overflow in thread #1: can't grow to 0x4cd9000
==39336== (see section Limitations in user manual)
==39336== NOTE: further instances of this message will not be shown
==39336== 
==39336== I   refs:      3,167,698,646
==39336== I1  misses:            1,860
==39336== LLi misses:            1,823
==39336== I1  miss rate:          0.00%
==39336== LLi miss rate:          0.00%
==39336== 
==39336== D   refs:        974,218,286  (676,537,037 rd   + 297,681,249 wr)
==39336== D1  misses:       15,485,769  ( 10,010,253 rd   +   5,475,516 wr)
==39336== LLd misses:        4,509,387  (  2,463,257 rd   +   2,046,130 wr)
==39336== D1  miss rate:           1.6% (        1.5%     +         1.8%  )
==39336== LLd miss rate:           0.5% (        0.4%     +         0.7%  )
==39336== 
==39336== LL refs:          15,487,629  ( 10,012,113 rd   +   5,475,516 wr)
==39336== LL misses:         4,511,210  (  2,465,080 rd   +   2,046,130 wr)
==39336== LL miss rate:            0.1% (        0.1%     +         0.7%  )
