==47113== Cachegrind, a cache and branch-prediction profiler
==47113== Copyright (C) 2002-2017, and GNU GPL'd, by Nicholas Nethercote et al.
==47113== Using Valgrind-3.16.1 and LibVEX; rerun with -h for copyright info
==47113== Command: ./me-small
==47113== 
--47113-- warning: L3 cache found, using its data for the LL simulation.
--47113-- warning: specified LL cache: line_size 64  assoc 11  total_size 25,952,256
--47113-- warning: simulated LL cache: line_size 64  assoc 12  total_size 25,165,824
BIP cache replacement will be used
BIP Throttle parameter is set to 0.015625
==47113== 
==47113== I   refs:      47,322,214
==47113== I1  misses:         4,441
==47113== LLi misses:         1,447
==47113== I1  miss rate:       0.01%
==47113== LLi miss rate:       0.00%
==47113== 
==47113== D   refs:       7,814,012  (7,203,498 rd   + 610,514 wr)
==47113== D1  misses:        83,158  (   54,712 rd   +  28,446 wr)
==47113== LLd misses:        17,893  (    2,165 rd   +  15,728 wr)
==47113== D1  miss rate:        1.1% (      0.8%     +     4.7%  )
==47113== LLd miss rate:        0.2% (      0.0%     +     2.6%  )
==47113== 
==47113== LL refs:           87,599  (   59,153 rd   +  28,446 wr)
==47113== LL misses:         19,340  (    3,612 rd   +  15,728 wr)
==47113== LL miss rate:         0.0% (      0.0%     +     2.6%  )
