==46940== Cachegrind, a cache and branch-prediction profiler
==46940== Copyright (C) 2002-2017, and GNU GPL'd, by Nicholas Nethercote et al.
==46940== Using Valgrind-3.16.1 and LibVEX; rerun with -h for copyright info
==46940== Command: ./disparity .
==46940== 
--46940-- warning: L3 cache found, using its data for the LL simulation.
--46940-- warning: specified LL cache: line_size 64  assoc 11  total_size 25,952,256
--46940-- warning: simulated LL cache: line_size 64  assoc 12  total_size 25,165,824
LIP cache replacement will be used
==46940== brk segment overflow in thread #1: can't grow to 0x4a37000
==46940== (see section Limitations in user manual)
==46940== NOTE: further instances of this message will not be shown
==46940== 
==46940== I   refs:      9,424,576,143
==46940== I1  misses:        6,042,877
==46940== LLi misses:            1,694
==46940== I1  miss rate:          0.06%
==46940== LLi miss rate:          0.00%
==46940== 
==46940== D   refs:      3,816,070,630  (2,559,180,301 rd   + 1,256,890,329 wr)
==46940== D1  misses:      885,226,051  (  589,718,561 rd   +   295,507,490 wr)
==46940== LLd misses:       99,638,723  (   53,312,870 rd   +    46,325,853 wr)
==46940== D1  miss rate:          23.2% (         23.0%     +          23.5%  )
==46940== LLd miss rate:           2.6% (          2.1%     +           3.7%  )
==46940== 
==46940== LL refs:         891,268,928  (  595,761,438 rd   +   295,507,490 wr)
==46940== LL misses:        99,640,417  (   53,314,564 rd   +    46,325,853 wr)
==46940== LL miss rate:            0.8% (          0.4%     +           3.7%  )
