==28091== Cachegrind, a cache and branch-prediction profiler
==28091== Copyright (C) 2002-2017, and GNU GPL'd, by Nicholas Nethercote et al.
==28091== Using Valgrind-3.16.1 and LibVEX; rerun with -h for copyright info
==28091== Command: ./mser .
==28091== 
--28091-- warning: L3 cache found, using its data for the LL simulation.
--28091-- warning: specified LL cache: line_size 64  assoc 11  total_size 25,952,256
--28091-- warning: simulated LL cache: line_size 64  assoc 12  total_size 25,165,824
FIFO cache replacement will be used
==28091== 
==28091== Process terminating with default action of signal 15 (SIGTERM)
==28091==    at 0x10D2C3: mser (in /home/tkloda/cortexsuite/vision/benchmarks/mser/data/fullhd/mser)
==28091==    by 0x108B07: main (in /home/tkloda/cortexsuite/vision/benchmarks/mser/data/fullhd/mser)
==28091== 
==28091== I   refs:      1,809,773,867
==28091== I1  misses:            1,208
==28091== LLi misses:            1,202
==28091== I1  miss rate:          0.00%
==28091== LLi miss rate:          0.00%
==28091== 
==28091== D   refs:        758,063,262  (513,324,017 rd   + 244,739,245 wr)
==28091== D1  misses:        2,289,488  (  1,070,760 rd   +   1,218,728 wr)
==28091== LLd misses:        1,107,256  (     52,698 rd   +   1,054,558 wr)
==28091== D1  miss rate:           0.3% (        0.2%     +         0.5%  )
==28091== LLd miss rate:           0.1% (        0.0%     +         0.4%  )
==28091== 
==28091== LL refs:           2,290,696  (  1,071,968 rd   +   1,218,728 wr)
==28091== LL misses:         1,108,458  (     53,900 rd   +   1,054,558 wr)
==28091== LL miss rate:            0.0% (        0.0%     +         0.4%  )
