==30845== Cachegrind, a cache and branch-prediction profiler
==30845== Copyright (C) 2002-2017, and GNU GPL'd, by Nicholas Nethercote et al.
==30845== Using Valgrind-3.16.1 and LibVEX; rerun with -h for copyright info
==30845== Command: ./kmeans-medium ../datasets/finland 13467 2 15
==30845== 
--30845-- warning: L3 cache found, using its data for the LL simulation.
--30845-- warning: specified LL cache: line_size 64  assoc 11  total_size 25,952,256
--30845-- warning: simulated LL cache: line_size 64  assoc 12  total_size 25,165,824
FIFO cache replacement will be used
==30845== 
==30845== I   refs:      261,008,481
==30845== I1  misses:          1,456
==30845== LLi misses:          1,444
==30845== I1  miss rate:        0.00%
==30845== LLi miss rate:        0.00%
==30845== 
==30845== D   refs:       60,294,296  (50,971,203 rd   + 9,323,093 wr)
==30845== D1  misses:        354,510  (   307,240 rd   +    47,270 wr)
==30845== LLd misses:         12,080  (     2,143 rd   +     9,937 wr)
==30845== D1  miss rate:         0.6% (       0.6%     +       0.5%  )
==30845== LLd miss rate:         0.0% (       0.0%     +       0.1%  )
==30845== 
==30845== LL refs:           355,966  (   308,696 rd   +    47,270 wr)
==30845== LL misses:          13,524  (     3,587 rd   +     9,937 wr)
==30845== LL miss rate:          0.0% (       0.0%     +       0.1%  )
