==44384== Cachegrind, a cache and branch-prediction profiler
==44384== Copyright (C) 2002-2017, and GNU GPL'd, by Nicholas Nethercote et al.
==44384== Using Valgrind-3.16.1 and LibVEX; rerun with -h for copyright info
==44384== Command: ./lda-medium est .1 3 settings.txt medium/medium_data.dat random medium/results
==44384== 
--44384-- warning: L3 cache found, using its data for the LL simulation.
--44384-- warning: specified LL cache: line_size 64  assoc 11  total_size 25,952,256
--44384-- warning: simulated LL cache: line_size 64  assoc 12  total_size 25,165,824
BIP cache replacement will be used
BIP Throttle parameter is set to 0.062500
==44384== 
==44384== I   refs:      102,085,136,074
==44384== I1  misses:      2,739,344,314
==44384== LLi misses:              2,222
==44384== I1  miss rate:            2.68%
==44384== LLi miss rate:            0.00%
==44384== 
==44384== D   refs:       38,465,882,989  (29,223,326,798 rd   + 9,242,556,191 wr)
==44384== D1  misses:      5,638,311,244  ( 5,319,421,957 rd   +   318,889,287 wr)
==44384== LLd misses:             29,893  (         2,889 rd   +        27,004 wr)
==44384== D1  miss rate:            14.7% (          18.2%     +           3.5%  )
==44384== LLd miss rate:             0.0% (           0.0%     +           0.0%  )
==44384== 
==44384== LL refs:         8,377,655,558  ( 8,058,766,271 rd   +   318,889,287 wr)
==44384== LL misses:              32,115  (         5,111 rd   +        27,004 wr)
==44384== LL miss rate:              0.0% (           0.0%     +           0.0%  )
