==50874== Cachegrind, a cache and branch-prediction profiler
==50874== Copyright (C) 2002-2017, and GNU GPL'd, by Nicholas Nethercote et al.
==50874== Using Valgrind-3.16.1 and LibVEX; rerun with -h for copyright info
==50874== Command: ./pca-small small.data 1593 256 R
==50874== 
--50874-- warning: L3 cache found, using its data for the LL simulation.
--50874-- warning: specified LL cache: line_size 64  assoc 11  total_size 25,952,256
--50874-- warning: simulated LL cache: line_size 64  assoc 12  total_size 25,165,824
LIP cache replacement will be used
==50874== 
==50874== I   refs:      1,489,668,851
==50874== I1  misses:       43,574,330
==50874== LLi misses:            1,630
==50874== I1  miss rate:          2.93%
==50874== LLi miss rate:          0.00%
==50874== 
==50874== D   refs:        597,905,956  (426,153,000 rd   + 171,752,956 wr)
==50874== D1  misses:      190,153,136  (187,506,929 rd   +   2,646,207 wr)
==50874== LLd misses:           37,650  (      2,434 rd   +      35,216 wr)
==50874== D1  miss rate:          31.8% (       44.0%     +         1.5%  )
==50874== LLd miss rate:           0.0% (        0.0%     +         0.0%  )
==50874== 
==50874== LL refs:         233,727,466  (231,081,259 rd   +   2,646,207 wr)
==50874== LL misses:            39,280  (      4,064 rd   +      35,216 wr)
==50874== LL miss rate:            0.0% (        0.0%     +         0.0%  )
