==39120== Cachegrind, a cache and branch-prediction profiler
==39120== Copyright (C) 2002-2017, and GNU GPL'd, by Nicholas Nethercote et al.
==39120== Using Valgrind-3.16.1 and LibVEX; rerun with -h for copyright info
==39120== Command: ./disparity .
==39120== 
--39120-- warning: L3 cache found, using its data for the LL simulation.
--39120-- warning: specified LL cache: line_size 64  assoc 11  total_size 25,952,256
--39120-- warning: simulated LL cache: line_size 64  assoc 12  total_size 25,165,824
FIFO cache replacement will be used
==39120== 
==39120== I   refs:      7,591,156
==39120== I1  misses:        2,540
==39120== LLi misses:        1,494
==39120== I1  miss rate:      0.03%
==39120== LLi miss rate:      0.02%
==39120== 
==39120== D   refs:      3,073,084  (2,024,176 rd   + 1,048,908 wr)
==39120== D1  misses:       43,677  (   20,145 rd   +    23,532 wr)
==39120== LLd misses:        5,450  (    2,252 rd   +     3,198 wr)
==39120== D1  miss rate:       1.4% (      1.0%     +       2.2%  )
==39120== LLd miss rate:       0.2% (      0.1%     +       0.3%  )
==39120== 
==39120== LL refs:          46,217  (   22,685 rd   +    23,532 wr)
==39120== LL misses:         6,944  (    3,746 rd   +     3,198 wr)
==39120== LL miss rate:        0.1% (      0.0%     +       0.3%  )
