==29157== Cachegrind, a cache and branch-prediction profiler
==29157== Copyright (C) 2002-2017, and GNU GPL'd, by Nicholas Nethercote et al.
==29157== Using Valgrind-3.16.1 and LibVEX; rerun with -h for copyright info
==29157== Command: ./kmeans-small ../datasets/yeast 1484 8 10
==29157== 
--29157-- warning: L3 cache found, using its data for the LL simulation.
--29157-- warning: specified LL cache: line_size 64  assoc 11  total_size 25,952,256
--29157-- warning: simulated LL cache: line_size 64  assoc 12  total_size 25,165,824
LRU cache replacement will be used
==29157== 
==29157== I   refs:      56,158,071
==29157== I1  misses:         1,498
==29157== LLi misses:         1,468
==29157== I1  miss rate:       0.00%
==29157== LLi miss rate:       0.00%
==29157== 
==29157== D   refs:      15,831,405  (13,089,370 rd   + 2,742,035 wr)
==29157== D1  misses:        78,329  (    70,428 rd   +     7,901 wr)
==29157== LLd misses:         4,964  (     2,147 rd   +     2,817 wr)
==29157== D1  miss rate:        0.5% (       0.5%     +       0.3%  )
==29157== LLd miss rate:        0.0% (       0.0%     +       0.1%  )
==29157== 
==29157== LL refs:           79,827  (    71,926 rd   +     7,901 wr)
==29157== LL misses:          6,432  (     3,615 rd   +     2,817 wr)
==29157== LL miss rate:         0.0% (       0.0%     +       0.1%  )
