==19700== Cachegrind, a cache and branch-prediction profiler
==19700== Copyright (C) 2002-2017, and GNU GPL'd, by Nicholas Nethercote et al.
==19700== Using Valgrind-3.16.1 and LibVEX; rerun with -h for copyright info
==19700== Command: ./mser .
==19700== 
--19700-- warning: L3 cache found, using its data for the LL simulation.
--19700-- warning: specified LL cache: line_size 64  assoc 11  total_size 25,952,256
--19700-- warning: simulated LL cache: line_size 64  assoc 12  total_size 25,165,824
FIFO cache replacement will be used
==19700== 
==19700== I   refs:      157,426,193
==19700== I1  misses:      1,129,227
==19700== LLi misses:          1,493
==19700== I1  miss rate:        0.72%
==19700== LLi miss rate:        0.00%
==19700== 
==19700== D   refs:       59,523,786  (40,510,722 rd   + 19,013,064 wr)
==19700== D1  misses:      4,513,677  ( 3,295,542 rd   +  1,218,135 wr)
==19700== LLd misses:         71,091  (     2,246 rd   +     68,845 wr)
==19700== D1  miss rate:         7.6% (       8.1%     +        6.4%  )
==19700== LLd miss rate:         0.1% (       0.0%     +        0.4%  )
==19700== 
==19700== LL refs:         5,642,904  ( 4,424,769 rd   +  1,218,135 wr)
==19700== LL misses:          72,584  (     3,739 rd   +     68,845 wr)
==19700== LL miss rate:          0.0% (       0.0%     +        0.4%  )
