==46748== Cachegrind, a cache and branch-prediction profiler
==46748== Copyright (C) 2002-2017, and GNU GPL'd, by Nicholas Nethercote et al.
==46748== Using Valgrind-3.16.1 and LibVEX; rerun with -h for copyright info
==46748== Command: ./disparity .
==46748== 
--46748-- warning: L3 cache found, using its data for the LL simulation.
--46748-- warning: specified LL cache: line_size 64  assoc 11  total_size 25,952,256
--46748-- warning: simulated LL cache: line_size 64  assoc 12  total_size 25,165,824
LRU cache replacement will be used
==46748== brk segment overflow in thread #1: can't grow to 0x4a37000
==46748== (see section Limitations in user manual)
==46748== NOTE: further instances of this message will not be shown
==46748== 
==46748== I   refs:      9,424,576,143
==46748== I1  misses:       76,863,281
==46748== LLi misses:            1,797
==46748== I1  miss rate:          0.82%
==46748== LLi miss rate:          0.00%
==46748== 
==46748== D   refs:      3,816,070,630  (2,559,180,301 rd   + 1,256,890,329 wr)
==46748== D1  misses:      849,942,839  (  541,538,085 rd   +   308,404,754 wr)
==46748== LLd misses:       64,410,903  (   27,865,197 rd   +    36,545,706 wr)
==46748== D1  miss rate:          22.3% (         21.2%     +          24.5%  )
==46748== LLd miss rate:           1.7% (          1.1%     +           2.9%  )
==46748== 
==46748== LL refs:         926,806,120  (  618,401,366 rd   +   308,404,754 wr)
==46748== LL misses:        64,412,700  (   27,866,994 rd   +    36,545,706 wr)
==46748== LL miss rate:            0.5% (          0.2%     +           2.9%  )
