==53166== Cachegrind, a cache and branch-prediction profiler
==53166== Copyright (C) 2002-2017, and GNU GPL'd, by Nicholas Nethercote et al.
==53166== Using Valgrind-3.16.1 and LibVEX; rerun with -h for copyright info
==53166== Command: ./rbm-medium
==53166== 
--53166-- warning: L3 cache found, using its data for the LL simulation.
--53166-- warning: specified LL cache: line_size 64  assoc 11  total_size 25,952,256
--53166-- warning: simulated LL cache: line_size 64  assoc 12  total_size 25,165,824
LRU cache replacement will be used
==53166== 
==53166== I   refs:      12,265,732,027
==53166== I1  misses:             1,472
==53166== LLi misses:             1,468
==53166== I1  miss rate:           0.00%
==53166== LLi miss rate:           0.00%
==53166== 
==53166== D   refs:       3,657,823,178  (2,777,601,363 rd   + 880,221,815 wr)
==53166== D1  misses:       157,858,529  (  123,611,727 rd   +  34,246,802 wr)
==53166== LLd misses:            45,487  (       21,908 rd   +      23,579 wr)
==53166== D1  miss rate:            4.3% (          4.5%     +         3.9%  )
==53166== LLd miss rate:            0.0% (          0.0%     +         0.0%  )
==53166== 
==53166== LL refs:          157,860,001  (  123,613,199 rd   +  34,246,802 wr)
==53166== LL misses:             46,955  (       23,376 rd   +      23,579 wr)
==53166== LL miss rate:             0.0% (          0.0%     +         0.0%  )
