==21403== Cachegrind, a cache and branch-prediction profiler
==21403== Copyright (C) 2002-2017, and GNU GPL'd, by Nicholas Nethercote et al.
==21403== Using Valgrind-3.16.1 and LibVEX; rerun with -h for copyright info
==21403== Command: ./srr-medium
==21403== 
--21403-- warning: L3 cache found, using its data for the LL simulation.
--21403-- warning: specified LL cache: line_size 64  assoc 11  total_size 25,952,256
--21403-- warning: simulated LL cache: line_size 64  assoc 12  total_size 25,165,824
Random cache replacement will be used
==21403== 
==21403== I   refs:      151,164,870,270
==21403== I1  misses:              1,531
==21403== LLi misses:              1,527
==21403== I1  miss rate:            0.00%
==21403== LLi miss rate:            0.00%
==21403== 
==21403== D   refs:       57,030,637,063  (38,402,710,440 rd   + 18,627,926,623 wr)
==21403== D1  misses:             84,322  (        15,849 rd   +         68,473 wr)
==21403== LLd misses:             69,999  (         4,030 rd   +         65,969 wr)
==21403== D1  miss rate:             0.0% (           0.0%     +            0.0%  )
==21403== LLd miss rate:             0.0% (           0.0%     +            0.0%  )
==21403== 
==21403== LL refs:                85,853  (        17,380 rd   +         68,473 wr)
==21403== LL misses:              71,526  (         5,557 rd   +         65,969 wr)
==21403== LL miss rate:              0.0% (           0.0%     +            0.0%  )
