==37784== Cachegrind, a cache and branch-prediction profiler
==37784== Copyright (C) 2002-2017, and GNU GPL'd, by Nicholas Nethercote et al.
==37784== Using Valgrind-3.16.1 and LibVEX; rerun with -h for copyright info
==37784== Command: ./stitch .
==37784== 
--37784-- warning: L3 cache found, using its data for the LL simulation.
--37784-- warning: specified LL cache: line_size 64  assoc 11  total_size 25,952,256
--37784-- warning: simulated LL cache: line_size 64  assoc 12  total_size 25,165,824
Random cache replacement will be used
==37784== 
==37784== I   refs:      984,189,998
==37784== I1  misses:      9,341,981
==37784== LLi misses:          1,727
==37784== I1  miss rate:        0.95%
==37784== LLi miss rate:        0.00%
==37784== 
==37784== D   refs:      267,452,317  (187,194,811 rd   + 80,257,506 wr)
==37784== D1  misses:     51,558,468  ( 37,361,209 rd   + 14,197,259 wr)
==37784== LLd misses:         64,747  (      2,979 rd   +     61,768 wr)
==37784== D1  miss rate:        19.3% (       20.0%     +       17.7%  )
==37784== LLd miss rate:         0.0% (        0.0%     +        0.1%  )
==37784== 
==37784== LL refs:        60,900,449  ( 46,703,190 rd   + 14,197,259 wr)
==37784== LL misses:          66,474  (      4,706 rd   +     61,768 wr)
==37784== LL miss rate:          0.0% (        0.0%     +        0.1%  )
