==50735== Cachegrind, a cache and branch-prediction profiler
==50735== Copyright (C) 2002-2017, and GNU GPL'd, by Nicholas Nethercote et al.
==50735== Using Valgrind-3.16.1 and LibVEX; rerun with -h for copyright info
==50735== Command: ./stitch .
==50735== 
--50735-- warning: L3 cache found, using its data for the LL simulation.
--50735-- warning: specified LL cache: line_size 64  assoc 11  total_size 25,952,256
--50735-- warning: simulated LL cache: line_size 64  assoc 12  total_size 25,165,824
BIP cache replacement will be used
BIP Throttle parameter is set to 0.031250
==50735== brk segment overflow in thread #1: can't grow to 0x4ae3000
==50735== (see section Limitations in user manual)
==50735== NOTE: further instances of this message will not be shown
==50735== 
==50735== I   refs:      8,280,657,689
==50735== I1  misses:            1,698
==50735== LLi misses:            1,694
==50735== I1  miss rate:          0.00%
==50735== LLi miss rate:          0.00%
==50735== 
==50735== D   refs:      2,251,787,239  (1,520,764,435 rd   + 731,022,804 wr)
==50735== D1  misses:        1,137,611  (      672,808 rd   +     464,803 wr)
==50735== LLd misses:          281,785  (       26,026 rd   +     255,759 wr)
==50735== D1  miss rate:           0.1% (          0.0%     +         0.1%  )
==50735== LLd miss rate:           0.0% (          0.0%     +         0.0%  )
==50735== 
==50735== LL refs:           1,139,309  (      674,506 rd   +     464,803 wr)
==50735== LL misses:           283,479  (       27,720 rd   +     255,759 wr)
==50735== LL miss rate:            0.0% (          0.0%     +         0.0%  )
