==45315== Cachegrind, a cache and branch-prediction profiler
==45315== Copyright (C) 2002-2017, and GNU GPL'd, by Nicholas Nethercote et al.
==45315== Using Valgrind-3.16.1 and LibVEX; rerun with -h for copyright info
==45315== Command: ./kmeans-large ../datasets/MINST 10000 748 10
==45315== 
--45315-- warning: L3 cache found, using its data for the LL simulation.
--45315-- warning: specified LL cache: line_size 64  assoc 11  total_size 25,952,256
--45315-- warning: simulated LL cache: line_size 64  assoc 12  total_size 25,165,824
FIFO cache replacement will be used
==45315== brk segment overflow in thread #1: can't grow to 0x4a44000
==45315== (see section Limitations in user manual)
==45315== NOTE: further instances of this message will not be shown
==45315== 
==45315== I   refs:      31,864,461,079
==45315== I1  misses:        40,553,132
==45315== LLi misses:             1,733
==45315== I1  miss rate:           0.13%
==45315== LLi miss rate:           0.00%
==45315== 
==45315== D   refs:       9,488,889,170  (8,195,422,232 rd   + 1,293,466,938 wr)
==45315== D1  misses:       589,923,828  (  586,254,669 rd   +     3,669,159 wr)
==45315== LLd misses:        39,622,020  (   37,720,699 rd   +     1,901,321 wr)
==45315== D1  miss rate:            6.2% (          7.2%     +           0.3%  )
==45315== LLd miss rate:            0.4% (          0.5%     +           0.1%  )
==45315== 
==45315== LL refs:          630,476,960  (  626,807,801 rd   +     3,669,159 wr)
==45315== LL misses:         39,623,753  (   37,722,432 rd   +     1,901,321 wr)
==45315== LL miss rate:             0.1% (          0.1%     +           0.1%  )
