==43256== Cachegrind, a cache and branch-prediction profiler
==43256== Copyright (C) 2002-2017, and GNU GPL'd, by Nicholas Nethercote et al.
==43256== Using Valgrind-3.16.1 and LibVEX; rerun with -h for copyright info
==43256== Command: ./disparity .
==43256== 
--43256-- warning: L3 cache found, using its data for the LL simulation.
--43256-- warning: specified LL cache: line_size 64  assoc 11  total_size 25,952,256
--43256-- warning: simulated LL cache: line_size 64  assoc 12  total_size 25,165,824
BIP cache replacement will be used
BIP Throttle parameter is set to 0.031250
==43256== brk segment overflow in thread #1: can't grow to 0x4a37000
==43256== (see section Limitations in user manual)
==43256== NOTE: further instances of this message will not be shown
==43256== 
==43256== I   refs:      9,424,576,324
==43256== I1  misses:      240,686,817
==43256== LLi misses:            4,439
==43256== I1  miss rate:          2.55%
==43256== LLi miss rate:          0.00%
==43256== 
==43256== D   refs:      3,816,070,782  (2,559,180,384 rd   + 1,256,890,398 wr)
==43256== D1  misses:    1,419,643,080  (1,016,384,821 rd   +   403,258,259 wr)
==43256== LLd misses:       78,694,735  (   33,768,420 rd   +    44,926,315 wr)
==43256== D1  miss rate:          37.2% (         39.7%     +          32.1%  )
==43256== LLd miss rate:           2.1% (          1.3%     +           3.6%  )
==43256== 
==43256== LL refs:       1,660,329,897  (1,257,071,638 rd   +   403,258,259 wr)
==43256== LL misses:        78,699,174  (   33,772,859 rd   +    44,926,315 wr)
==43256== LL miss rate:            0.6% (          0.3%     +           3.6%  )
