==41565== Cachegrind, a cache and branch-prediction profiler
==41565== Copyright (C) 2002-2017, and GNU GPL'd, by Nicholas Nethercote et al.
==41565== Using Valgrind-3.16.1 and LibVEX; rerun with -h for copyright info
==41565== Command: ./localization .
==41565== 
--41565-- warning: L3 cache found, using its data for the LL simulation.
--41565-- warning: specified LL cache: line_size 64  assoc 11  total_size 25,952,256
--41565-- warning: simulated LL cache: line_size 64  assoc 12  total_size 25,165,824
FIFO cache replacement will be used
==41565== 
==41565== I   refs:      757,580,543
==41565== I1  misses:     11,637,226
==41565== LLi misses:          2,055
==41565== I1  miss rate:        1.54%
==41565== LLi miss rate:        0.00%
==41565== 
==41565== D   refs:      238,830,471  (174,511,975 rd   + 64,318,496 wr)
==41565== D1  misses:     25,648,439  ( 22,702,509 rd   +  2,945,930 wr)
==41565== LLd misses:          6,010  (      2,750 rd   +      3,260 wr)
==41565== D1  miss rate:        10.7% (       13.0%     +        4.6%  )
==41565== LLd miss rate:         0.0% (        0.0%     +        0.0%  )
==41565== 
==41565== LL refs:        37,285,665  ( 34,339,735 rd   +  2,945,930 wr)
==41565== LL misses:           8,065  (      4,805 rd   +      3,260 wr)
==41565== LL miss rate:          0.0% (        0.0%     +        0.0%  )
