==51000== Cachegrind, a cache and branch-prediction profiler
==51000== Copyright (C) 2002-2017, and GNU GPL'd, by Nicholas Nethercote et al.
==51000== Using Valgrind-3.16.1 and LibVEX; rerun with -h for copyright info
==51000== Command: ./a.out large.txt
==51000== 
--51000-- warning: L3 cache found, using its data for the LL simulation.
--51000-- warning: specified LL cache: line_size 64  assoc 11  total_size 25,952,256
--51000-- warning: simulated LL cache: line_size 64  assoc 12  total_size 25,165,824
LRU cache replacement will be used
==51000== 
==51000== I   refs:      166,691,482,179
==51000== I1  misses:             12,630
==51000== LLi misses:              1,785
==51000== I1  miss rate:            0.00%
==51000== LLi miss rate:            0.00%
==51000== 
==51000== D   refs:      104,424,129,671  (95,529,538,740 rd   + 8,894,590,931 wr)
==51000== D1  misses:      5,193,571,789  ( 5,187,991,404 rd   +     5,580,385 wr)
==51000== LLd misses:            253,046  (         2,289 rd   +       250,757 wr)
==51000== D1  miss rate:             5.0% (           5.4%     +           0.1%  )
==51000== LLd miss rate:             0.0% (           0.0%     +           0.0%  )
==51000== 
==51000== LL refs:         5,193,584,419  ( 5,188,004,034 rd   +     5,580,385 wr)
==51000== LL misses:             254,831  (         4,074 rd   +       250,757 wr)
==51000== LL miss rate:              0.0% (           0.0%     +           0.0%  )
