==46942== Cachegrind, a cache and branch-prediction profiler
==46942== Copyright (C) 2002-2017, and GNU GPL'd, by Nicholas Nethercote et al.
==46942== Using Valgrind-3.16.1 and LibVEX; rerun with -h for copyright info
==46942== Command: ./disparity .
==46942== 
--46942-- warning: L3 cache found, using its data for the LL simulation.
--46942-- warning: specified LL cache: line_size 64  assoc 11  total_size 25,952,256
--46942-- warning: simulated LL cache: line_size 64  assoc 12  total_size 25,165,824
LIP cache replacement will be used
==46942== brk segment overflow in thread #1: can't grow to 0x4a37000
==46942== (see section Limitations in user manual)
==46942== NOTE: further instances of this message will not be shown
==46942== 
==46942== I   refs:      9,424,576,143
==46942== I1  misses:            1,722
==46942== LLi misses:            1,665
==46942== I1  miss rate:          0.00%
==46942== LLi miss rate:          0.00%
==46942== 
==46942== D   refs:      3,816,070,630  (2,559,180,301 rd   + 1,256,890,329 wr)
==46942== D1  misses:    1,030,321,006  (  726,113,249 rd   +   304,207,757 wr)
==46942== LLd misses:      105,014,634  (   56,322,347 rd   +    48,692,287 wr)
==46942== D1  miss rate:          27.0% (         28.4%     +          24.2%  )
==46942== LLd miss rate:           2.8% (          2.2%     +           3.9%  )
==46942== 
==46942== LL refs:       1,030,322,728  (  726,114,971 rd   +   304,207,757 wr)
==46942== LL misses:       105,016,299  (   56,324,012 rd   +    48,692,287 wr)
==46942== LL miss rate:            0.8% (          0.5%     +           3.9%  )
