==12881== Cachegrind, a cache and branch-prediction profiler
==12881== Copyright (C) 2002-2017, and GNU GPL'd, by Nicholas Nethercote et al.
==12881== Using Valgrind-3.16.1 and LibVEX; rerun with -h for copyright info
==12881== Command: ./srr-small
==12881== 
--12881-- warning: L3 cache found, using its data for the LL simulation.
--12881-- warning: specified LL cache: line_size 64  assoc 11  total_size 25,952,256
--12881-- warning: simulated LL cache: line_size 64  assoc 12  total_size 25,165,824
FIFO cache replacement will be used
==12881== 
==12881== I   refs:      19,999,786,897
==12881== I1  misses:             4,267
==12881== LLi misses:             1,499
==12881== I1  miss rate:           0.00%
==12881== LLi miss rate:           0.00%
==12881== 
==12881== D   refs:       7,796,537,191  (5,247,433,847 rd   + 2,549,103,344 wr)
==12881== D1  misses:       633,096,005  (  623,539,007 rd   +     9,556,998 wr)
==12881== LLd misses:            13,378  (        2,529 rd   +        10,849 wr)
==12881== D1  miss rate:            8.1% (         11.9%     +           0.4%  )
==12881== LLd miss rate:            0.0% (          0.0%     +           0.0%  )
==12881== 
==12881== LL refs:          633,100,272  (  623,543,274 rd   +     9,556,998 wr)
==12881== LL misses:             14,877  (        4,028 rd   +        10,849 wr)
==12881== LL miss rate:             0.0% (          0.0%     +           0.0%  )
