==29659== Cachegrind, a cache and branch-prediction profiler
==29659== Copyright (C) 2002-2017, and GNU GPL'd, by Nicholas Nethercote et al.
==29659== Using Valgrind-3.16.1 and LibVEX; rerun with -h for copyright info
==29659== Command: ./liblinear-tlarge data/100B/kdda
==29659== 
--29659-- warning: L3 cache found, using its data for the LL simulation.
--29659-- warning: specified LL cache: line_size 64  assoc 11  total_size 25,952,256
--29659-- warning: simulated LL cache: line_size 64  assoc 12  total_size 25,165,824
FIFO cache replacement will be used
==29659== 
==29659== I   refs:      111,902,758,013
==29659== I1  misses:              1,816
==29659== LLi misses:              1,810
==29659== I1  miss rate:            0.00%
==29659== LLi miss rate:            0.00%
==29659== 
==29659== D   refs:       44,061,986,476  (36,080,688,134 rd   + 7,981,298,342 wr)
==29659== D1  misses:      3,481,259,846  ( 3,475,351,233 rd   +     5,908,613 wr)
==29659== LLd misses:      2,066,537,409  ( 2,060,821,884 rd   +     5,715,525 wr)
==29659== D1  miss rate:             7.9% (           9.6%     +           0.1%  )
==29659== LLd miss rate:             4.7% (           5.7%     +           0.1%  )
==29659== 
==29659== LL refs:         3,481,261,662  ( 3,475,353,049 rd   +     5,908,613 wr)
==29659== LL misses:       2,066,539,219  ( 2,060,823,694 rd   +     5,715,525 wr)
==29659== LL miss rate:              1.3% (           1.4%     +           0.1%  )
