==60103== Cachegrind, a cache and branch-prediction profiler
==60103== Copyright (C) 2002-2017, and GNU GPL'd, by Nicholas Nethercote et al.
==60103== Using Valgrind-3.16.1 and LibVEX; rerun with -h for copyright info
==60103== Command: ./multi_ncut .
==60103== 
--60103-- warning: L3 cache found, using its data for the LL simulation.
--60103-- warning: specified LL cache: line_size 64  assoc 11  total_size 25,952,256
--60103-- warning: simulated LL cache: line_size 64  assoc 12  total_size 25,165,824
LRU cache replacement will be used
==60103== 
==60103== I   refs:      50,837,880,269
==60103== I1  misses:             1,564
==60103== LLi misses:             1,555
==60103== I1  miss rate:           0.00%
==60103== LLi miss rate:           0.00%
==60103== 
==60103== D   refs:       8,481,933,969  (8,475,496,696 rd   + 6,437,273 wr)
==60103== D1  misses:       529,772,680  (  529,492,165 rd   +   280,515 wr)
==60103== LLd misses:            48,920  (        2,259 rd   +    46,661 wr)
==60103== D1  miss rate:            6.2% (          6.2%     +       4.4%  )
==60103== LLd miss rate:            0.0% (          0.0%     +       0.7%  )
==60103== 
==60103== LL refs:          529,774,244  (  529,493,729 rd   +   280,515 wr)
==60103== LL misses:             50,475  (        3,814 rd   +    46,661 wr)
==60103== LL miss rate:             0.0% (          0.0%     +       0.7%  )
