==20484== Cachegrind, a cache and branch-prediction profiler
==20484== Copyright (C) 2002-2017, and GNU GPL'd, by Nicholas Nethercote et al.
==20484== Using Valgrind-3.16.1 and LibVEX; rerun with -h for copyright info
==20484== Command: ./srr-large
==20484== 
--20484-- warning: L3 cache found, using its data for the LL simulation.
--20484-- warning: specified LL cache: line_size 64  assoc 11  total_size 25,952,256
--20484-- warning: simulated LL cache: line_size 64  assoc 12  total_size 25,165,824
BIP cache replacement will be used
BIP Throttle parameter is set to 0.062500
==20484== brk segment overflow in thread #1: can't grow to 0x4a4b000
==20484== (see section Limitations in user manual)
==20484== NOTE: further instances of this message will not be shown
==20484== 
==20484== I   refs:      919,217,731,559
==20484== I1  misses:              1,577
==20484== LLi misses:              1,560
==20484== I1  miss rate:            0.00%
==20484== LLi miss rate:            0.00%
==20484== 
==20484== D   refs:      356,699,040,284  (240,279,389,404 rd   + 116,419,650,880 wr)
==20484== D1  misses:        376,571,154  (    339,084,704 rd   +      37,486,450 wr)
==20484== LLd misses:            983,456  (        427,011 rd   +         556,445 wr)
==20484== D1  miss rate:             0.1% (            0.1%     +             0.0%  )
==20484== LLd miss rate:             0.0% (            0.0%     +             0.0%  )
==20484== 
==20484== LL refs:           376,572,731  (    339,086,281 rd   +      37,486,450 wr)
==20484== LL misses:             985,016  (        428,571 rd   +         556,445 wr)
==20484== LL miss rate:              0.0% (            0.0%     +             0.0%  )
