==50627== Cachegrind, a cache and branch-prediction profiler
==50627== Copyright (C) 2002-2017, and GNU GPL'd, by Nicholas Nethercote et al.
==50627== Using Valgrind-3.16.1 and LibVEX; rerun with -h for copyright info
==50627== Command: ./stitch .
==50627== 
--50627-- warning: L3 cache found, using its data for the LL simulation.
--50627-- warning: specified LL cache: line_size 64  assoc 11  total_size 25,952,256
--50627-- warning: simulated LL cache: line_size 64  assoc 12  total_size 25,165,824
BIP cache replacement will be used
BIP Throttle parameter is set to 0.031250
==50627== brk segment overflow in thread #1: can't grow to 0x4ae3000
==50627== (see section Limitations in user manual)
==50627== NOTE: further instances of this message will not be shown
==50627== 
==50627== I   refs:      8,280,657,689
==50627== I1  misses:        7,360,002
==50627== LLi misses:            1,891
==50627== I1  miss rate:          0.09%
==50627== LLi miss rate:          0.00%
==50627== 
==50627== D   refs:      2,251,787,239  (1,520,764,435 rd   + 731,022,804 wr)
==50627== D1  misses:      262,748,197  (  148,314,395 rd   + 114,433,802 wr)
==50627== LLd misses:          266,397  (       13,625 rd   +     252,772 wr)
==50627== D1  miss rate:          11.7% (          9.8%     +        15.7%  )
==50627== LLd miss rate:           0.0% (          0.0%     +         0.0%  )
==50627== 
==50627== LL refs:         270,108,199  (  155,674,397 rd   + 114,433,802 wr)
==50627== LL misses:           268,288  (       15,516 rd   +     252,772 wr)
==50627== LL miss rate:            0.0% (          0.0%     +         0.0%  )
