==20931== Cachegrind, a cache and branch-prediction profiler
==20931== Copyright (C) 2002-2017, and GNU GPL'd, by Nicholas Nethercote et al.
==20931== Using Valgrind-3.16.1 and LibVEX; rerun with -h for copyright info
==20931== Command: ./disparity .
==20931== 
--20931-- warning: L3 cache found, using its data for the LL simulation.
--20931-- warning: specified LL cache: line_size 64  assoc 11  total_size 25,952,256
--20931-- warning: simulated LL cache: line_size 64  assoc 12  total_size 25,165,824
FIFO cache replacement will be used
==20931== 
==20931== I   refs:      463,775,462
==20931== I1  misses:          1,566
==20931== LLi misses:          1,492
==20931== I1  miss rate:        0.00%
==20931== LLi miss rate:        0.00%
==20931== 
==20931== D   refs:      187,796,937  (126,192,375 rd   + 61,604,562 wr)
==20931== D1  misses:     16,465,849  (  8,190,122 rd   +  8,275,727 wr)
==20931== LLd misses:         74,246  (      2,314 rd   +     71,932 wr)
==20931== D1  miss rate:         8.8% (        6.5%     +       13.4%  )
==20931== LLd miss rate:         0.0% (        0.0%     +        0.1%  )
==20931== 
==20931== LL refs:        16,467,415  (  8,191,688 rd   +  8,275,727 wr)
==20931== LL misses:          75,738  (      3,806 rd   +     71,932 wr)
==20931== LL miss rate:          0.0% (        0.0%     +        0.1%  )
