==51930== Cachegrind, a cache and branch-prediction profiler
==51930== Copyright (C) 2002-2017, and GNU GPL'd, by Nicholas Nethercote et al.
==51930== Using Valgrind-3.16.1 and LibVEX; rerun with -h for copyright info
==51930== Command: ./a.out large.txt
==51930== 
--51930-- warning: L3 cache found, using its data for the LL simulation.
--51930-- warning: specified LL cache: line_size 64  assoc 11  total_size 25,952,256
--51930-- warning: simulated LL cache: line_size 64  assoc 12  total_size 25,165,824
BIP cache replacement will be used
BIP Throttle parameter is set to 0.031250
==51930== 
==51930== I   refs:      166,691,482,179
==51930== I1  misses:              1,789
==51930== LLi misses:              1,785
==51930== I1  miss rate:            0.00%
==51930== LLi miss rate:            0.00%
==51930== 
==51930== D   refs:      104,424,129,671  (95,529,538,740 rd   + 8,894,590,931 wr)
==51930== D1  misses:        129,912,909  (   128,552,948 rd   +     1,359,961 wr)
==51930== LLd misses:          1,165,638  (       799,953 rd   +       365,685 wr)
==51930== D1  miss rate:             0.1% (           0.1%     +           0.0%  )
==51930== LLd miss rate:             0.0% (           0.0%     +           0.0%  )
==51930== 
==51930== LL refs:           129,914,698  (   128,554,737 rd   +     1,359,961 wr)
==51930== LL misses:           1,167,423  (       801,738 rd   +       365,685 wr)
==51930== LL miss rate:              0.0% (           0.0%     +           0.0%  )
