==39322== Cachegrind, a cache and branch-prediction profiler
==39322== Copyright (C) 2002-2017, and GNU GPL'd, by Nicholas Nethercote et al.
==39322== Using Valgrind-3.16.1 and LibVEX; rerun with -h for copyright info
==39322== Command: ./stitch .
==39322== 
--39322-- warning: L3 cache found, using its data for the LL simulation.
--39322-- warning: specified LL cache: line_size 64  assoc 11  total_size 25,952,256
--39322-- warning: simulated LL cache: line_size 64  assoc 12  total_size 25,165,824
FIFO cache replacement will be used
==39322== 
==39322== I   refs:      1,011,972
==39322== I1  misses:       34,583
==39322== LLi misses:        1,605
==39322== I1  miss rate:      3.42%
==39322== LLi miss rate:      0.16%
==39322== 
==39322== D   refs:        278,219  (224,379 rd   + 53,840 wr)
==39322== D1  misses:       42,468  ( 35,364 rd   +  7,104 wr)
==39322== LLd misses:        2,982  (  2,213 rd   +    769 wr)
==39322== D1  miss rate:      15.3% (   15.8%     +   13.2%  )
==39322== LLd miss rate:       1.1% (    1.0%     +    1.4%  )
==39322== 
==39322== LL refs:          77,051  ( 69,947 rd   +  7,104 wr)
==39322== LL misses:         4,587  (  3,818 rd   +    769 wr)
==39322== LL miss rate:        0.4% (    0.3%     +    1.4%  )
