==44868== Cachegrind, a cache and branch-prediction profiler
==44868== Copyright (C) 2002-2017, and GNU GPL'd, by Nicholas Nethercote et al.
==44868== Using Valgrind-3.16.1 and LibVEX; rerun with -h for copyright info
==44868== Command: ./me-medium
==44868== 
--44868-- warning: L3 cache found, using its data for the LL simulation.
--44868-- warning: specified LL cache: line_size 64  assoc 11  total_size 25,952,256
--44868-- warning: simulated LL cache: line_size 64  assoc 12  total_size 25,165,824
LIP cache replacement will be used
==44868== brk segment overflow in thread #1: can't grow to 0x4a36000
==44868== (see section Limitations in user manual)
==44868== NOTE: further instances of this message will not be shown
==44868== 
==44868== I   refs:      582,717,344
==44868== I1  misses:      1,108,837
==44868== LLi misses:          1,530
==44868== I1  miss rate:        0.19%
==44868== LLi miss rate:        0.00%
==44868== 
==44868== D   refs:      104,638,589  (94,724,833 rd   + 9,913,756 wr)
==44868== D1  misses:     17,362,069  (16,220,994 rd   + 1,141,075 wr)
==44868== LLd misses:        156,377  (     2,831 rd   +   153,546 wr)
==44868== D1  miss rate:        16.6% (      17.1%     +      11.5%  )
==44868== LLd miss rate:         0.1% (       0.0%     +       1.5%  )
==44868== 
==44868== LL refs:        18,470,906  (17,329,831 rd   + 1,141,075 wr)
==44868== LL misses:         157,907  (     4,361 rd   +   153,546 wr)
==44868== LL miss rate:          0.0% (       0.0%     +       1.5%  )
