==40401== Cachegrind, a cache and branch-prediction profiler
==40401== Copyright (C) 2002-2017, and GNU GPL'd, by Nicholas Nethercote et al.
==40401== Using Valgrind-3.16.1 and LibVEX; rerun with -h for copyright info
==40401== Command: ./sift .
==40401== 
--40401-- warning: L3 cache found, using its data for the LL simulation.
--40401-- warning: specified LL cache: line_size 64  assoc 11  total_size 25,952,256
--40401-- warning: simulated LL cache: line_size 64  assoc 12  total_size 25,165,824
BIP cache replacement will be used
BIP Throttle parameter is set to 0.015625
==40401== 
==40401== I   refs:      288,805,098
==40401== I1  misses:          1,781
==40401== LLi misses:          1,776
==40401== I1  miss rate:        0.00%
==40401== LLi miss rate:        0.00%
==40401== 
==40401== D   refs:       87,842,395  (61,419,274 rd   + 26,423,121 wr)
==40401== D1  misses:        468,728  (   277,040 rd   +    191,688 wr)
==40401== LLd misses:        211,694  (    56,034 rd   +    155,660 wr)
==40401== D1  miss rate:         0.5% (       0.5%     +        0.7%  )
==40401== LLd miss rate:         0.2% (       0.1%     +        0.6%  )
==40401== 
==40401== LL refs:           470,509  (   278,821 rd   +    191,688 wr)
==40401== LL misses:         213,470  (    57,810 rd   +    155,660 wr)
==40401== LL miss rate:          0.1% (       0.0%     +        0.6%  )
