==40677== Cachegrind, a cache and branch-prediction profiler
==40677== Copyright (C) 2002-2017, and GNU GPL'd, by Nicholas Nethercote et al.
==40677== Using Valgrind-3.16.1 and LibVEX; rerun with -h for copyright info
==40677== Command: ./stitch .
==40677== 
--40677-- warning: L3 cache found, using its data for the LL simulation.
--40677-- warning: specified LL cache: line_size 64  assoc 11  total_size 25,952,256
--40677-- warning: simulated LL cache: line_size 64  assoc 12  total_size 25,165,824
LIP cache replacement will be used
==40677== 
==40677== I   refs:      223,094,181
==40677== I1  misses:        298,564
==40677== LLi misses:          1,732
==40677== I1  miss rate:        0.13%
==40677== LLi miss rate:        0.00%
==40677== 
==40677== D   refs:       60,620,795  (44,316,522 rd   + 16,304,273 wr)
==40677== D1  misses:      2,284,608  ( 1,356,826 rd   +    927,782 wr)
==40677== LLd misses:         23,710  (     2,282 rd   +     21,428 wr)
==40677== D1  miss rate:         3.8% (       3.1%     +        5.7%  )
==40677== LLd miss rate:         0.0% (       0.0%     +        0.1%  )
==40677== 
==40677== LL refs:         2,583,172  ( 1,655,390 rd   +    927,782 wr)
==40677== LL misses:          25,442  (     4,014 rd   +     21,428 wr)
==40677== LL miss rate:          0.0% (       0.0%     +        0.1%  )
