==54222== Cachegrind, a cache and branch-prediction profiler
==54222== Copyright (C) 2002-2017, and GNU GPL'd, by Nicholas Nethercote et al.
==54222== Using Valgrind-3.16.1 and LibVEX; rerun with -h for copyright info
==54222== Command: ./tracking .
==54222== 
--54222-- warning: L3 cache found, using its data for the LL simulation.
--54222-- warning: specified LL cache: line_size 64  assoc 11  total_size 25,952,256
--54222-- warning: simulated LL cache: line_size 64  assoc 12  total_size 25,165,824
BIP cache replacement will be used
BIP Throttle parameter is set to 0.031250
==54222== brk segment overflow in thread #1: can't grow to 0x5026000
==54222== (see section Limitations in user manual)
==54222== NOTE: further instances of this message will not be shown
==54222== 
==54222== I   refs:      7,862,359,008
==54222== I1  misses:            2,100
==54222== LLi misses:            2,026
==54222== I1  miss rate:          0.00%
==54222== LLi miss rate:          0.00%
==54222== 
==54222== D   refs:      2,585,046,518  (1,824,545,511 rd   + 760,501,007 wr)
==54222== D1  misses:       86,530,681  (   49,335,524 rd   +  37,195,157 wr)
==54222== LLd misses:       15,291,512  (    5,512,170 rd   +   9,779,342 wr)
==54222== D1  miss rate:           3.3% (          2.7%     +         4.9%  )
==54222== LLd miss rate:           0.6% (          0.3%     +         1.3%  )
==54222== 
==54222== LL refs:          86,532,781  (   49,337,624 rd   +  37,195,157 wr)
==54222== LL misses:        15,293,538  (    5,514,196 rd   +   9,779,342 wr)
==54222== LL miss rate:            0.1% (          0.1%     +         1.3%  )
