==39457== Cachegrind, a cache and branch-prediction profiler
==39457== Copyright (C) 2002-2017, and GNU GPL'd, by Nicholas Nethercote et al.
==39457== Using Valgrind-3.16.1 and LibVEX; rerun with -h for copyright info
==39457== Command: ./multi_ncut .
==39457== 
--39457-- warning: L3 cache found, using its data for the LL simulation.
--39457-- warning: specified LL cache: line_size 64  assoc 11  total_size 25,952,256
--39457-- warning: simulated LL cache: line_size 64  assoc 12  total_size 25,165,824
BIP cache replacement will be used
BIP Throttle parameter is set to 0.062500
==39457== 
==39457== I   refs:      820,995,042,953
==39457== I1  misses:              1,574
==39457== LLi misses:              1,561
==39457== I1  miss rate:            0.00%
==39457== LLi miss rate:            0.00%
==39457== 
==39457== D   refs:      136,867,775,779  (136,842,647,837 rd   + 25,127,942 wr)
==39457== D1  misses:      8,553,514,450  (  8,551,995,046 rd   +  1,519,404 wr)
==39457== LLd misses:            384,806  (        181,292 rd   +    203,514 wr)
==39457== D1  miss rate:             6.2% (            6.2%     +        6.0%  )
==39457== LLd miss rate:             0.0% (            0.0%     +        0.8%  )
==39457== 
==39457== LL refs:         8,553,516,024  (  8,551,996,620 rd   +  1,519,404 wr)
==39457== LL misses:             386,367  (        182,853 rd   +    203,514 wr)
==39457== LL miss rate:              0.0% (            0.0%     +        0.8%  )
