==48646== Cachegrind, a cache and branch-prediction profiler
==48646== Copyright (C) 2002-2017, and GNU GPL'd, by Nicholas Nethercote et al.
==48646== Using Valgrind-3.16.1 and LibVEX; rerun with -h for copyright info
==48646== Command: ./stitch .
==48646== 
--48646-- warning: L3 cache found, using its data for the LL simulation.
--48646-- warning: specified LL cache: line_size 64  assoc 11  total_size 25,952,256
--48646-- warning: simulated LL cache: line_size 64  assoc 12  total_size 25,165,824
LRU cache replacement will be used
==48646== brk segment overflow in thread #1: can't grow to 0x4a37000
==48646== (see section Limitations in user manual)
==48646== NOTE: further instances of this message will not be shown
==48646== 
==48646== I   refs:      253,517,705,698
==48646== I1  misses:              2,108
==48646== LLi misses:              1,950
==48646== I1  miss rate:            0.00%
==48646== LLi miss rate:            0.00%
==48646== 
==48646== D   refs:       68,980,624,508  (45,322,620,960 rd   + 23,658,003,548 wr)
==48646== D1  misses:      4,663,282,239  ( 2,628,677,467 rd   +  2,034,604,772 wr)
==48646== LLd misses:          3,949,191  (     1,613,668 rd   +      2,335,523 wr)
==48646== D1  miss rate:             6.8% (           5.8%     +            8.6%  )
==48646== LLd miss rate:             0.0% (           0.0%     +            0.0%  )
==48646== 
==48646== LL refs:         4,663,284,347  ( 2,628,679,575 rd   +  2,034,604,772 wr)
==48646== LL misses:           3,951,141  (     1,615,618 rd   +      2,335,523 wr)
==48646== LL miss rate:              0.0% (           0.0%     +            0.0%  )
