==53788== Cachegrind, a cache and branch-prediction profiler
==53788== Copyright (C) 2002-2017, and GNU GPL'd, by Nicholas Nethercote et al.
==53788== Using Valgrind-3.16.1 and LibVEX; rerun with -h for copyright info
==53788== Command: ./pca-medium medium.data 722 800 R
==53788== 
--53788-- warning: L3 cache found, using its data for the LL simulation.
--53788-- warning: specified LL cache: line_size 64  assoc 11  total_size 25,952,256
--53788-- warning: simulated LL cache: line_size 64  assoc 12  total_size 25,165,824
BIP cache replacement will be used
BIP Throttle parameter is set to 0.062500
==53788== 
==53788== I   refs:      14,218,322,069
==53788== I1  misses:             1,635
==53788== LLi misses:             1,631
==53788== I1  miss rate:           0.00%
==53788== LLi miss rate:           0.00%
==53788== 
==53788== D   refs:       5,351,602,366  (4,031,779,695 rd   + 1,319,822,671 wr)
==53788== D1  misses:        76,161,640  (   74,874,831 rd   +     1,286,809 wr)
==53788== LLd misses:           223,867  (       94,505 rd   +       129,362 wr)
==53788== D1  miss rate:            1.4% (          1.9%     +           0.1%  )
==53788== LLd miss rate:            0.0% (          0.0%     +           0.0%  )
==53788== 
==53788== LL refs:           76,163,275  (   74,876,466 rd   +     1,286,809 wr)
==53788== LL misses:            225,498  (       96,136 rd   +       129,362 wr)
==53788== LL miss rate:             0.0% (          0.0%     +           0.0%  )
