==33356== Cachegrind, a cache and branch-prediction profiler
==33356== Copyright (C) 2002-2017, and GNU GPL'd, by Nicholas Nethercote et al.
==33356== Using Valgrind-3.16.1 and LibVEX; rerun with -h for copyright info
==33356== Command: ./spc-small ../datasets/R15 600 2 15 0.707 1 2
==33356== 
--33356-- warning: L3 cache found, using its data for the LL simulation.
--33356-- warning: specified LL cache: line_size 64  assoc 11  total_size 25,952,256
--33356-- warning: simulated LL cache: line_size 64  assoc 12  total_size 25,165,824
BIP cache replacement will be used
BIP Throttle parameter is set to 0.062500
==33356== 
==33356== I   refs:      217,405
==33356== I1  misses:      1,129
==33356== LLi misses:      1,090
==33356== I1  miss rate:    0.52%
==33356== LLi miss rate:    0.50%
==33356== 
==33356== D   refs:       69,324  (54,846 rd   + 14,478 wr)
==33356== D1  misses:      3,572  ( 2,872 rd   +    700 wr)
==33356== LLd misses:      2,798  ( 2,192 rd   +    606 wr)
==33356== D1  miss rate:     5.2% (   5.2%     +    4.8%  )
==33356== LLd miss rate:     4.0% (   4.0%     +    4.2%  )
==33356== 
==33356== LL refs:         4,701  ( 4,001 rd   +    700 wr)
==33356== LL misses:       3,888  ( 3,282 rd   +    606 wr)
==33356== LL miss rate:      1.4% (   1.2%     +    4.2%  )
