==73539== Cachegrind, a cache and branch-prediction profiler
==73539== Copyright (C) 2002-2017, and GNU GPL'd, by Nicholas Nethercote et al.
==73539== Using Valgrind-3.16.1 and LibVEX; rerun with -h for copyright info
==73539== Command: ./mser .
==73539== 
--73539-- warning: L3 cache found, using its data for the LL simulation.
--73539-- warning: specified LL cache: line_size 64  assoc 11  total_size 25,952,256
--73539-- warning: simulated LL cache: line_size 64  assoc 12  total_size 25,165,824
LIP cache replacement will be used
==73539== 
==73539== I   refs:      3,434,253,570
==73539== I1  misses:           36,825
==73539== LLi misses:            1,831
==73539== I1  miss rate:          0.00%
==73539== LLi miss rate:          0.00%
==73539== 
==73539== D   refs:      1,308,839,721  (891,688,009 rd   + 417,151,712 wr)
==73539== D1  misses:       55,658,314  ( 49,814,045 rd   +   5,844,269 wr)
==73539== LLd misses:        8,663,917  (  6,606,657 rd   +   2,057,260 wr)
==73539== D1  miss rate:           4.3% (        5.6%     +         1.4%  )
==73539== LLd miss rate:           0.7% (        0.7%     +         0.5%  )
==73539== 
==73539== LL refs:          55,695,139  ( 49,850,870 rd   +   5,844,269 wr)
==73539== LL misses:         8,665,748  (  6,608,488 rd   +   2,057,260 wr)
==73539== LL miss rate:            0.2% (        0.2%     +         0.5%  )
