==58213== Cachegrind, a cache and branch-prediction profiler
==58213== Copyright (C) 2002-2017, and GNU GPL'd, by Nicholas Nethercote et al.
==58213== Using Valgrind-3.16.1 and LibVEX; rerun with -h for copyright info
==58213== Command: ./disparity .
==58213== 
--58213-- warning: L3 cache found, using its data for the LL simulation.
--58213-- warning: specified LL cache: line_size 64  assoc 11  total_size 25,952,256
--58213-- warning: simulated LL cache: line_size 64  assoc 12  total_size 25,165,824
FIFO cache replacement will be used
==58213== 
==58213== I   refs:      1,281,749,285
==58213== I1  misses:            1,510
==58213== LLi misses:            1,506
==58213== I1  miss rate:          0.00%
==58213== LLi miss rate:          0.00%
==58213== 
==58213== D   refs:        519,593,906  (348,916,423 rd   + 170,677,483 wr)
==58213== D1  misses:        8,364,005  (  3,474,903 rd   +   4,889,102 wr)
==58213== LLd misses:          199,325  (      2,314 rd   +     197,011 wr)
==58213== D1  miss rate:           1.6% (        1.0%     +         2.9%  )
==58213== LLd miss rate:           0.0% (        0.0%     +         0.1%  )
==58213== 
==58213== LL refs:           8,365,515  (  3,476,413 rd   +   4,889,102 wr)
==58213== LL misses:           200,831  (      3,820 rd   +     197,011 wr)
==58213== LL miss rate:            0.0% (        0.0%     +         0.1%  )
