==26139== Cachegrind, a cache and branch-prediction profiler
==26139== Copyright (C) 2002-2017, and GNU GPL'd, by Nicholas Nethercote et al.
==26139== Using Valgrind-3.16.1 and LibVEX; rerun with -h for copyright info
==26139== Command: ./sift .
==26139== 
--26139-- warning: L3 cache found, using its data for the LL simulation.
--26139-- warning: specified LL cache: line_size 64  assoc 11  total_size 25,952,256
--26139-- warning: simulated LL cache: line_size 64  assoc 12  total_size 25,165,824
BIP cache replacement will be used
BIP Throttle parameter is set to 0.062500
==26139== 
==26139== I   refs:      288,804,908
==26139== I1  misses:          2,069
==26139== LLi misses:          1,892
==26139== I1  miss rate:        0.00%
==26139== LLi miss rate:        0.00%
==26139== 
==26139== D   refs:       87,842,240  (61,419,190 rd   + 26,423,050 wr)
==26139== D1  misses:      1,146,876  (   598,028 rd   +    548,848 wr)
==26139== LLd misses:        178,972  (    23,340 rd   +    155,632 wr)
==26139== D1  miss rate:         1.3% (       1.0%     +        2.1%  )
==26139== LLd miss rate:         0.2% (       0.0%     +        0.6%  )
==26139== 
==26139== LL refs:         1,148,945  (   600,097 rd   +    548,848 wr)
==26139== LL misses:         180,864  (    25,232 rd   +    155,632 wr)
==26139== LL miss rate:          0.0% (       0.0%     +        0.6%  )
