==16258== Cachegrind, a cache and branch-prediction profiler
==16258== Copyright (C) 2002-2017, and GNU GPL'd, by Nicholas Nethercote et al.
==16258== Using Valgrind-3.16.1 and LibVEX; rerun with -h for copyright info
==16258== Command: ./lda-large est .1 3 settings.txt large/large_data.dat random large/results
==16258== 
--16258-- warning: L3 cache found, using its data for the LL simulation.
--16258-- warning: specified LL cache: line_size 64  assoc 11  total_size 25,952,256
--16258-- warning: simulated LL cache: line_size 64  assoc 12  total_size 25,165,824
BIP cache replacement will be used
BIP Throttle parameter is set to 0.015625
==16258== 
==16258== I   refs:      168,644,656,198
==16258== I1  misses:        663,305,261
==16258== LLi misses:              2,269
==16258== I1  miss rate:            0.39%
==16258== LLi miss rate:            0.00%
==16258== 
==16258== D   refs:       63,377,944,658  (48,188,812,405 rd   + 15,189,132,253 wr)
==16258== D1  misses:      7,502,524,176  ( 7,312,679,804 rd   +    189,844,372 wr)
==16258== LLd misses:             54,309  (         4,308 rd   +         50,001 wr)
==16258== D1  miss rate:            11.8% (          15.2%     +            1.2%  )
==16258== LLd miss rate:             0.0% (           0.0%     +            0.0%  )
==16258== 
==16258== LL refs:         8,165,829,437  ( 7,975,985,065 rd   +    189,844,372 wr)
==16258== LL misses:              56,578  (         6,577 rd   +         50,001 wr)
==16258== LL miss rate:              0.0% (           0.0%     +            0.0%  )
