==27089== Cachegrind, a cache and branch-prediction profiler
==27089== Copyright (C) 2002-2017, and GNU GPL'd, by Nicholas Nethercote et al.
==27089== Using Valgrind-3.16.1 and LibVEX; rerun with -h for copyright info
==27089== Command: ./tracking .
==27089== 
--27089-- warning: L3 cache found, using its data for the LL simulation.
--27089-- warning: specified LL cache: line_size 64  assoc 11  total_size 25,952,256
--27089-- warning: simulated LL cache: line_size 64  assoc 12  total_size 25,165,824
BIP cache replacement will be used
BIP Throttle parameter is set to 0.062500
==27089== 
==27089== I   refs:      426,561,191
==27089== I1  misses:          1,709
==27089== LLi misses:          1,705
==27089== I1  miss rate:        0.00%
==27089== LLi miss rate:        0.00%
==27089== 
==27089== D   refs:      140,543,721  (98,243,013 rd   + 42,300,708 wr)
==27089== D1  misses:        968,310  (   398,510 rd   +    569,800 wr)
==27089== LLd misses:         96,719  (     2,570 rd   +     94,149 wr)
==27089== D1  miss rate:         0.7% (       0.4%     +        1.3%  )
==27089== LLd miss rate:         0.1% (       0.0%     +        0.2%  )
==27089== 
==27089== LL refs:           970,019  (   400,219 rd   +    569,800 wr)
==27089== LL misses:          98,424  (     4,275 rd   +     94,149 wr)
==27089== LL miss rate:          0.0% (       0.0%     +        0.2%  )
