==50855== Cachegrind, a cache and branch-prediction profiler
==50855== Copyright (C) 2002-2017, and GNU GPL'd, by Nicholas Nethercote et al.
==50855== Using Valgrind-3.16.1 and LibVEX; rerun with -h for copyright info
==50855== Command: ./stitch .
==50855== 
--50855-- warning: L3 cache found, using its data for the LL simulation.
--50855-- warning: specified LL cache: line_size 64  assoc 11  total_size 25,952,256
--50855-- warning: simulated LL cache: line_size 64  assoc 12  total_size 25,165,824
BIP cache replacement will be used
BIP Throttle parameter is set to 0.015625
==50855== brk segment overflow in thread #1: can't grow to 0x4ae3000
==50855== (see section Limitations in user manual)
==50855== NOTE: further instances of this message will not be shown
==50855== 
==50855== I   refs:      8,280,657,689
==50855== I1  misses:            1,757
==50855== LLi misses:            1,706
==50855== I1  miss rate:          0.00%
==50855== LLi miss rate:          0.00%
==50855== 
==50855== D   refs:      2,251,787,239  (1,520,764,435 rd   + 731,022,804 wr)
==50855== D1  misses:      130,203,535  (   72,010,590 rd   +  58,192,945 wr)
==50855== LLd misses:          270,825  (       15,473 rd   +     255,352 wr)
==50855== D1  miss rate:           5.8% (          4.7%     +         8.0%  )
==50855== LLd miss rate:           0.0% (          0.0%     +         0.0%  )
==50855== 
==50855== LL refs:         130,205,292  (   72,012,347 rd   +  58,192,945 wr)
==50855== LL misses:           272,531  (       17,179 rd   +     255,352 wr)
==50855== LL miss rate:            0.0% (          0.0%     +         0.0%  )
