==23685== Cachegrind, a cache and branch-prediction profiler
==23685== Copyright (C) 2002-2017, and GNU GPL'd, by Nicholas Nethercote et al.
==23685== Using Valgrind-3.16.1 and LibVEX; rerun with -h for copyright info
==23685== Command: ./a.out small.txt
==23685== 
--23685-- warning: L3 cache found, using its data for the LL simulation.
--23685-- warning: specified LL cache: line_size 64  assoc 11  total_size 25,952,256
--23685-- warning: simulated LL cache: line_size 64  assoc 12  total_size 25,165,824
Random cache replacement will be used
==23685== 
==23685== I   refs:      219,666,610
==23685== I1  misses:          1,902
==23685== LLi misses:          1,759
==23685== I1  miss rate:        0.00%
==23685== LLi miss rate:        0.00%
==23685== 
==23685== D   refs:      128,686,222  (113,044,782 rd   + 15,641,440 wr)
==23685== D1  misses:          9,871  (      4,866 rd   +      5,005 wr)
==23685== LLd misses:          5,404  (      2,291 rd   +      3,113 wr)
==23685== D1  miss rate:         0.0% (        0.0%     +        0.0%  )
==23685== LLd miss rate:         0.0% (        0.0%     +        0.0%  )
==23685== 
==23685== LL refs:            11,773  (      6,768 rd   +      5,005 wr)
==23685== LL misses:           7,163  (      4,050 rd   +      3,113 wr)
==23685== LL miss rate:          0.0% (        0.0%     +        0.0%  )
