==23107== Cachegrind, a cache and branch-prediction profiler
==23107== Copyright (C) 2002-2017, and GNU GPL'd, by Nicholas Nethercote et al.
==23107== Using Valgrind-3.16.1 and LibVEX; rerun with -h for copyright info
==23107== Command: ./srr-small
==23107== 
--23107-- warning: L3 cache found, using its data for the LL simulation.
--23107-- warning: specified LL cache: line_size 64  assoc 11  total_size 25,952,256
--23107-- warning: simulated LL cache: line_size 64  assoc 12  total_size 25,165,824
BIP cache replacement will be used
BIP Throttle parameter is set to 0.015625
==23107== 
==23107== I   refs:      19,999,787,105
==23107== I1  misses:         8,603,518
==23107== LLi misses:             1,516
==23107== I1  miss rate:           0.04%
==23107== LLi miss rate:           0.00%
==23107== 
==23107== D   refs:       7,796,537,243  (5,247,433,899 rd   + 2,549,103,344 wr)
==23107== D1  misses:       684,892,905  (  648,413,467 rd   +    36,479,438 wr)
==23107== LLd misses:            13,388  (        2,537 rd   +        10,851 wr)
==23107== D1  miss rate:            8.8% (         12.4%     +           1.4%  )
==23107== LLd miss rate:            0.0% (          0.0%     +           0.0%  )
==23107== 
==23107== LL refs:          693,496,423  (  657,016,985 rd   +    36,479,438 wr)
==23107== LL misses:             14,904  (        4,053 rd   +        10,851 wr)
==23107== LL miss rate:             0.0% (          0.0%     +           0.0%  )
