==33545== Cachegrind, a cache and branch-prediction profiler
==33545== Copyright (C) 2002-2017, and GNU GPL'd, by Nicholas Nethercote et al.
==33545== Using Valgrind-3.16.1 and LibVEX; rerun with -h for copyright info
==33545== Command: ./pca-small small.data 1593 256 R
==33545== 
--33545-- warning: L3 cache found, using its data for the LL simulation.
--33545-- warning: specified LL cache: line_size 64  assoc 11  total_size 25,952,256
--33545-- warning: simulated LL cache: line_size 64  assoc 12  total_size 25,165,824
LRU cache replacement will be used
==33545== 
==33545== I   refs:      1,489,668,691
==33545== I1  misses:            1,632
==33545== LLi misses:            1,628
==33545== I1  miss rate:          0.00%
==33545== LLi miss rate:          0.00%
==33545== 
==33545== D   refs:        597,905,808  (426,152,920 rd   + 171,752,888 wr)
==33545== D1  misses:       50,768,271  ( 50,298,743 rd   +     469,528 wr)
==33545== LLd misses:           37,487  (      2,275 rd   +      35,212 wr)
==33545== D1  miss rate:           8.5% (       11.8%     +         0.3%  )
==33545== LLd miss rate:           0.0% (        0.0%     +         0.0%  )
==33545== 
==33545== LL refs:          50,769,903  ( 50,300,375 rd   +     469,528 wr)
==33545== LL misses:            39,115  (      3,903 rd   +      35,212 wr)
==33545== LL miss rate:            0.0% (        0.0%     +         0.0%  )
