==48078== Cachegrind, a cache and branch-prediction profiler
==48078== Copyright (C) 2002-2017, and GNU GPL'd, by Nicholas Nethercote et al.
==48078== Using Valgrind-3.16.1 and LibVEX; rerun with -h for copyright info
==48078== Command: ./liblinear-tsmall data/100M/crime_scale
==48078== 
--48078-- warning: L3 cache found, using its data for the LL simulation.
--48078-- warning: specified LL cache: line_size 64  assoc 11  total_size 25,952,256
--48078-- warning: simulated LL cache: line_size 64  assoc 12  total_size 25,165,824
BIP cache replacement will be used
BIP Throttle parameter is set to 0.031250
==48078== 
==48078== I   refs:      475,760,487
==48078== I1  misses:          1,900
==48078== LLi misses:          1,827
==48078== I1  miss rate:        0.00%
==48078== LLi miss rate:        0.00%
==48078== 
==48078== D   refs:      169,726,962  (132,316,254 rd   + 37,410,708 wr)
==48078== D1  misses:      4,553,840  (  4,484,185 rd   +     69,655 wr)
==48078== LLd misses:        192,123  (    128,404 rd   +     63,719 wr)
==48078== D1  miss rate:         2.7% (        3.4%     +        0.2%  )
==48078== LLd miss rate:         0.1% (        0.1%     +        0.2%  )
==48078== 
==48078== LL refs:         4,555,740  (  4,486,085 rd   +     69,655 wr)
==48078== LL misses:         193,950  (    130,231 rd   +     63,719 wr)
==48078== LL miss rate:          0.0% (        0.0%     +        0.2%  )
