==47173== Cachegrind, a cache and branch-prediction profiler
==47173== Copyright (C) 2002-2017, and GNU GPL'd, by Nicholas Nethercote et al.
==47173== Using Valgrind-3.16.1 and LibVEX; rerun with -h for copyright info
==47173== Command: ./liblinear-tsmall data/100M/crime_scale
==47173== 
--47173-- warning: L3 cache found, using its data for the LL simulation.
--47173-- warning: specified LL cache: line_size 64  assoc 11  total_size 25,952,256
--47173-- warning: simulated LL cache: line_size 64  assoc 12  total_size 25,165,824
LRU cache replacement will be used
==47173== 
==47173== I   refs:      475,760,499
==47173== I1  misses:     18,918,060
==47173== LLi misses:          1,811
==47173== I1  miss rate:        3.98%
==47173== LLi miss rate:        0.00%
==47173== 
==47173== D   refs:      169,726,964  (132,316,255 rd   + 37,410,709 wr)
==47173== D1  misses:     15,185,963  ( 14,450,384 rd   +    735,579 wr)
==47173== LLd misses:         65,950  (      2,338 rd   +     63,612 wr)
==47173== D1  miss rate:         8.9% (       10.9%     +        2.0%  )
==47173== LLd miss rate:         0.0% (        0.0%     +        0.2%  )
==47173== 
==47173== LL refs:        34,104,023  ( 33,368,444 rd   +    735,579 wr)
==47173== LL misses:          67,761  (      4,149 rd   +     63,612 wr)
==47173== LL miss rate:          0.0% (        0.0%     +        0.2%  )
