==30195== Cachegrind, a cache and branch-prediction profiler
==30195== Copyright (C) 2002-2017, and GNU GPL'd, by Nicholas Nethercote et al.
==30195== Using Valgrind-3.16.1 and LibVEX; rerun with -h for copyright info
==30195== Command: ./kmeans-small ../datasets/yeast 1484 8 10
==30195== 
--30195-- warning: L3 cache found, using its data for the LL simulation.
--30195-- warning: specified LL cache: line_size 64  assoc 11  total_size 25,952,256
--30195-- warning: simulated LL cache: line_size 64  assoc 12  total_size 25,165,824
BIP cache replacement will be used
BIP Throttle parameter is set to 0.015625
==30195== 
==30195== I   refs:      56,158,071
==30195== I1  misses:         1,472
==30195== LLi misses:         1,468
==30195== I1  miss rate:       0.00%
==30195== LLi miss rate:       0.00%
==30195== 
==30195== D   refs:      15,831,405  (13,089,370 rd   + 2,742,035 wr)
==30195== D1  misses:         5,039  (     2,207 rd   +     2,832 wr)
==30195== LLd misses:         4,971  (     2,154 rd   +     2,817 wr)
==30195== D1  miss rate:        0.0% (       0.0%     +       0.1%  )
==30195== LLd miss rate:        0.0% (       0.0%     +       0.1%  )
==30195== 
==30195== LL refs:            6,511  (     3,679 rd   +     2,832 wr)
==30195== LL misses:          6,439  (     3,622 rd   +     2,817 wr)
==30195== LL miss rate:         0.0% (       0.0%     +       0.1%  )
