==52390== Cachegrind, a cache and branch-prediction profiler
==52390== Copyright (C) 2002-2017, and GNU GPL'd, by Nicholas Nethercote et al.
==52390== Using Valgrind-3.16.1 and LibVEX; rerun with -h for copyright info
==52390== Command: ./tracking .
==52390== 
--52390-- warning: L3 cache found, using its data for the LL simulation.
--52390-- warning: specified LL cache: line_size 64  assoc 11  total_size 25,952,256
--52390-- warning: simulated LL cache: line_size 64  assoc 12  total_size 25,165,824
LIP cache replacement will be used
==52390== brk segment overflow in thread #1: can't grow to 0x4a37000
==52390== (see section Limitations in user manual)
==52390== NOTE: further instances of this message will not be shown
==52390== 
==52390== I   refs:      1,258,660,392
==52390== I1  misses:            1,787
==52390== LLi misses:            1,735
==52390== I1  miss rate:          0.00%
==52390== LLi miss rate:          0.00%
==52390== 
==52390== D   refs:        408,310,879  (288,791,462 rd   + 119,519,417 wr)
==52390== D1  misses:        9,878,857  (  5,203,676 rd   +   4,675,181 wr)
==52390== LLd misses:          360,563  (     65,834 rd   +     294,729 wr)
==52390== D1  miss rate:           2.4% (        1.8%     +         3.9%  )
==52390== LLd miss rate:           0.1% (        0.0%     +         0.2%  )
==52390== 
==52390== LL refs:           9,880,644  (  5,205,463 rd   +   4,675,181 wr)
==52390== LL misses:           362,298  (     67,569 rd   +     294,729 wr)
==52390== LL miss rate:            0.0% (        0.0%     +         0.2%  )
