==57681== Cachegrind, a cache and branch-prediction profiler
==57681== Copyright (C) 2002-2017, and GNU GPL'd, by Nicholas Nethercote et al.
==57681== Using Valgrind-3.16.1 and LibVEX; rerun with -h for copyright info
==57681== Command: ./disparity .
==57681== 
--57681-- warning: L3 cache found, using its data for the LL simulation.
--57681-- warning: specified LL cache: line_size 64  assoc 11  total_size 25,952,256
--57681-- warning: simulated LL cache: line_size 64  assoc 12  total_size 25,165,824
LRU cache replacement will be used
==57681== 
==57681== I   refs:      1,281,749,261
==57681== I1  misses:            1,510
==57681== LLi misses:            1,506
==57681== I1  miss rate:          0.00%
==57681== LLi miss rate:          0.00%
==57681== 
==57681== D   refs:        519,593,902  (348,916,421 rd   + 170,677,481 wr)
==57681== D1  misses:       14,846,408  (  8,776,033 rd   +   6,070,375 wr)
==57681== LLd misses:          199,325  (      2,314 rd   +     197,011 wr)
==57681== D1  miss rate:           2.9% (        2.5%     +         3.6%  )
==57681== LLd miss rate:           0.0% (        0.0%     +         0.1%  )
==57681== 
==57681== LL refs:          14,847,918  (  8,777,543 rd   +   6,070,375 wr)
==57681== LL misses:           200,831  (      3,820 rd   +     197,011 wr)
==57681== LL miss rate:            0.0% (        0.0%     +         0.1%  )
