==53752== Cachegrind, a cache and branch-prediction profiler
==53752== Copyright (C) 2002-2017, and GNU GPL'd, by Nicholas Nethercote et al.
==53752== Using Valgrind-3.16.1 and LibVEX; rerun with -h for copyright info
==53752== Command: ./pca-medium medium.data 722 800 R
==53752== 
--53752-- warning: L3 cache found, using its data for the LL simulation.
--53752-- warning: specified LL cache: line_size 64  assoc 11  total_size 25,952,256
--53752-- warning: simulated LL cache: line_size 64  assoc 12  total_size 25,165,824
BIP cache replacement will be used
BIP Throttle parameter is set to 0.062500
==53752== 
==53752== I   refs:      14,218,322,057
==53752== I1  misses:            15,292
==53752== LLi misses:             1,681
==53752== I1  miss rate:           0.00%
==53752== LLi miss rate:           0.00%
==53752== 
==53752== D   refs:       5,351,602,364  (4,031,779,694 rd   + 1,319,822,670 wr)
==53752== D1  misses:     1,351,946,367  (1,350,271,324 rd   +     1,675,043 wr)
==53752== LLd misses:           179,338  (       50,806 rd   +       128,532 wr)
==53752== D1  miss rate:           25.3% (         33.5%     +           0.1%  )
==53752== LLd miss rate:            0.0% (          0.0%     +           0.0%  )
==53752== 
==53752== LL refs:        1,351,961,659  (1,350,286,616 rd   +     1,675,043 wr)
==53752== LL misses:            181,019  (       52,487 rd   +       128,532 wr)
==53752== LL miss rate:             0.0% (          0.0%     +           0.0%  )
