==45387== Cachegrind, a cache and branch-prediction profiler
==45387== Copyright (C) 2002-2017, and GNU GPL'd, by Nicholas Nethercote et al.
==45387== Using Valgrind-3.16.1 and LibVEX; rerun with -h for copyright info
==45387== Command: ./me-medium
==45387== 
--45387-- warning: L3 cache found, using its data for the LL simulation.
--45387-- warning: specified LL cache: line_size 64  assoc 11  total_size 25,952,256
--45387-- warning: simulated LL cache: line_size 64  assoc 12  total_size 25,165,824
FIFO cache replacement will be used
==45387== brk segment overflow in thread #1: can't grow to 0x4a36000
==45387== (see section Limitations in user manual)
==45387== NOTE: further instances of this message will not be shown
==45387== 
==45387== I   refs:      582,717,344
==45387== I1  misses:          1,828
==45387== LLi misses:          1,459
==45387== I1  miss rate:        0.00%
==45387== LLi miss rate:        0.00%
==45387== 
==45387== D   refs:      104,638,589  (94,724,833 rd   + 9,913,756 wr)
==45387== D1  misses:        498,596  (   258,686 rd   +   239,910 wr)
==45387== LLd misses:        156,025  (     2,620 rd   +   153,405 wr)
==45387== D1  miss rate:         0.5% (       0.3%     +       2.4%  )
==45387== LLd miss rate:         0.1% (       0.0%     +       1.5%  )
==45387== 
==45387== LL refs:           500,424  (   260,514 rd   +   239,910 wr)
==45387== LL misses:         157,484  (     4,079 rd   +   153,405 wr)
==45387== LL miss rate:          0.0% (       0.0%     +       1.5%  )
