==28607== Cachegrind, a cache and branch-prediction profiler
==28607== Copyright (C) 2002-2017, and GNU GPL'd, by Nicholas Nethercote et al.
==28607== Using Valgrind-3.16.1 and LibVEX; rerun with -h for copyright info
==28607== Command: ./mser .
==28607== 
--28607-- warning: L3 cache found, using its data for the LL simulation.
--28607-- warning: specified LL cache: line_size 64  assoc 11  total_size 25,952,256
--28607-- warning: simulated LL cache: line_size 64  assoc 12  total_size 25,165,824
BIP cache replacement will be used
BIP Throttle parameter is set to 0.015625
==28607== 
==28607== Process terminating with default action of signal 15 (SIGTERM)
==28607==    at 0x10CA90: mser (in /home/tkloda/cortexsuite/vision/benchmarks/mser/data/fullhd/mser)
==28607==    by 0x108B07: main (in /home/tkloda/cortexsuite/vision/benchmarks/mser/data/fullhd/mser)
==28607== 
==28607== I   refs:      2,016,482,742
==28607== I1  misses:            1,207
==28607== LLi misses:            1,202
==28607== I1  miss rate:          0.00%
==28607== LLi miss rate:          0.00%
==28607== 
==28607== D   refs:        826,742,458  (559,482,938 rd   + 267,259,520 wr)
==28607== D1  misses:        2,208,805  (    954,586 rd   +   1,254,219 wr)
==28607== LLd misses:        1,826,739  (    627,760 rd   +   1,198,979 wr)
==28607== D1  miss rate:           0.3% (        0.2%     +         0.5%  )
==28607== LLd miss rate:           0.2% (        0.1%     +         0.4%  )
==28607== 
==28607== LL refs:           2,210,012  (    955,793 rd   +   1,254,219 wr)
==28607== LL misses:         1,827,941  (    628,962 rd   +   1,198,979 wr)
==28607== LL miss rate:            0.1% (        0.0%     +         0.4%  )
