==54199== Cachegrind, a cache and branch-prediction profiler
==54199== Copyright (C) 2002-2017, and GNU GPL'd, by Nicholas Nethercote et al.
==54199== Using Valgrind-3.16.1 and LibVEX; rerun with -h for copyright info
==54199== Command: ./rbm-small
==54199== 
--54199-- warning: L3 cache found, using its data for the LL simulation.
--54199-- warning: specified LL cache: line_size 64  assoc 11  total_size 25,952,256
--54199-- warning: simulated LL cache: line_size 64  assoc 12  total_size 25,165,824
BIP cache replacement will be used
BIP Throttle parameter is set to 0.015625
==54199== 
==54199== I   refs:      21,565,340
==54199== I1  misses:        12,194
==54199== LLi misses:         1,468
==54199== I1  miss rate:       0.06%
==54199== LLi miss rate:       0.01%
==54199== 
==54199== D   refs:       6,380,275  (4,924,851 rd   + 1,455,424 wr)
==54199== D1  misses:       186,262  (  143,232 rd   +    43,030 wr)
==54199== LLd misses:         3,571  (    2,624 rd   +       947 wr)
==54199== D1  miss rate:        2.9% (      2.9%     +       3.0%  )
==54199== LLd miss rate:        0.1% (      0.1%     +       0.1%  )
==54199== 
==54199== LL refs:          198,456  (  155,426 rd   +    43,030 wr)
==54199== LL misses:          5,039  (    4,092 rd   +       947 wr)
==54199== LL miss rate:         0.0% (      0.0%     +       0.1%  )
