==57917== Cachegrind, a cache and branch-prediction profiler
==57917== Copyright (C) 2002-2017, and GNU GPL'd, by Nicholas Nethercote et al.
==57917== Using Valgrind-3.16.1 and LibVEX; rerun with -h for copyright info
==57917== Command: ./spc-medium ../datasets/Aggregation 788 2 7 0.707 1
==57917== 
--57917-- warning: L3 cache found, using its data for the LL simulation.
--57917-- warning: specified LL cache: line_size 64  assoc 11  total_size 25,952,256
--57917-- warning: simulated LL cache: line_size 64  assoc 12  total_size 25,165,824
LRU cache replacement will be used
==57917== 
==57917== I   refs:      11,307,967,277
==57917== I1  misses:             1,728
==57917== LLi misses:             1,721
==57917== I1  miss rate:           0.00%
==57917== LLi miss rate:           0.00%
==57917== 
==57917== D   refs:       4,030,824,652  (2,697,589,544 rd   + 1,333,235,108 wr)
==57917== D1  misses:            85,398  (        4,459 rd   +        80,939 wr)
==57917== LLd misses:            82,589  (        2,503 rd   +        80,086 wr)
==57917== D1  miss rate:            0.0% (          0.0%     +           0.0%  )
==57917== LLd miss rate:            0.0% (          0.0%     +           0.0%  )
==57917== 
==57917== LL refs:               87,126  (        6,187 rd   +        80,939 wr)
==57917== LL misses:             84,310  (        4,224 rd   +        80,086 wr)
==57917== LL miss rate:             0.0% (          0.0%     +           0.0%  )
