==39524== Cachegrind, a cache and branch-prediction profiler
==39524== Copyright (C) 2002-2017, and GNU GPL'd, by Nicholas Nethercote et al.
==39524== Using Valgrind-3.16.1 and LibVEX; rerun with -h for copyright info
==39524== Command: ./mser .
==39524== 
--39524-- warning: L3 cache found, using its data for the LL simulation.
--39524-- warning: specified LL cache: line_size 64  assoc 11  total_size 25,952,256
--39524-- warning: simulated LL cache: line_size 64  assoc 12  total_size 25,165,824
Random cache replacement will be used
==39524== 
==39524== I   refs:      3,308,242
==39524== I1  misses:        9,936
==39524== LLi misses:        1,508
==39524== I1  miss rate:      0.30%
==39524== LLi miss rate:      0.05%
==39524== 
==39524== D   refs:      1,219,795  (836,038 rd   + 383,757 wr)
==39524== D1  misses:       61,926  ( 50,852 rd   +  11,074 wr)
==39524== LLd misses:        4,357  (  2,254 rd   +   2,103 wr)
==39524== D1  miss rate:       5.1% (    6.1%     +     2.9%  )
==39524== LLd miss rate:       0.4% (    0.3%     +     0.5%  )
==39524== 
==39524== LL refs:          71,862  ( 60,788 rd   +  11,074 wr)
==39524== LL misses:         5,865  (  3,762 rd   +   2,103 wr)
==39524== LL miss rate:        0.1% (    0.1%     +     0.5%  )
