==32441== Cachegrind, a cache and branch-prediction profiler
==32441== Copyright (C) 2002-2017, and GNU GPL'd, by Nicholas Nethercote et al.
==32441== Using Valgrind-3.16.1 and LibVEX; rerun with -h for copyright info
==32441== Command: ./kmeans-large ../datasets/MINST 10000 748 10
==32441== 
--32441-- warning: L3 cache found, using its data for the LL simulation.
--32441-- warning: specified LL cache: line_size 64  assoc 11  total_size 25,952,256
--32441-- warning: simulated LL cache: line_size 64  assoc 12  total_size 25,165,824
BIP cache replacement will be used
BIP Throttle parameter is set to 0.031250
==32441== brk segment overflow in thread #1: can't grow to 0x4a44000
==32441== (see section Limitations in user manual)
==32441== NOTE: further instances of this message will not be shown
==32441== 
==32441== I   refs:      31,864,461,091
==32441== I1  misses:             1,515
==32441== LLi misses:             1,512
==32441== I1  miss rate:           0.00%
==32441== LLi miss rate:           0.00%
==32441== 
==32441== D   refs:       9,488,889,172  (8,195,422,233 rd   + 1,293,466,939 wr)
==32441== D1  misses:        39,459,142  (   37,556,746 rd   +     1,902,396 wr)
==32441== LLd misses:        27,806,253  (   25,935,528 rd   +     1,870,725 wr)
==32441== D1  miss rate:            0.4% (          0.5%     +           0.1%  )
==32441== LLd miss rate:            0.3% (          0.3%     +           0.1%  )
==32441== 
==32441== LL refs:           39,460,657  (   37,558,261 rd   +     1,902,396 wr)
==32441== LL misses:         27,807,765  (   25,937,040 rd   +     1,870,725 wr)
==32441== LL miss rate:             0.1% (          0.1%     +           0.1%  )
