==26358== Cachegrind, a cache and branch-prediction profiler
==26358== Copyright (C) 2002-2017, and GNU GPL'd, by Nicholas Nethercote et al.
==26358== Using Valgrind-3.16.1 and LibVEX; rerun with -h for copyright info
==26358== Command: ./tracking .
==26358== 
--26358-- warning: L3 cache found, using its data for the LL simulation.
--26358-- warning: specified LL cache: line_size 64  assoc 11  total_size 25,952,256
--26358-- warning: simulated LL cache: line_size 64  assoc 12  total_size 25,165,824
LRU cache replacement will be used
==26358== 
==26358== I   refs:      426,561,191
==26358== I1  misses:         11,117
==26358== LLi misses:          1,705
==26358== I1  miss rate:        0.00%
==26358== LLi miss rate:        0.00%
==26358== 
==26358== D   refs:      140,543,721  (98,243,013 rd   + 42,300,708 wr)
==26358== D1  misses:      2,183,692  ( 1,137,041 rd   +  1,046,651 wr)
==26358== LLd misses:         96,327  (     2,261 rd   +     94,066 wr)
==26358== D1  miss rate:         1.6% (       1.2%     +        2.5%  )
==26358== LLd miss rate:         0.1% (       0.0%     +        0.2%  )
==26358== 
==26358== LL refs:         2,194,809  ( 1,148,158 rd   +  1,046,651 wr)
==26358== LL misses:          98,032  (     3,966 rd   +     94,066 wr)
==26358== LL miss rate:          0.0% (       0.0%     +        0.2%  )
