==36094== Cachegrind, a cache and branch-prediction profiler
==36094== Copyright (C) 2002-2017, and GNU GPL'd, by Nicholas Nethercote et al.
==36094== Using Valgrind-3.16.1 and LibVEX; rerun with -h for copyright info
==36094== Command: ./spc-small ../datasets/R15 600 2 15 0.707 1 2
==36094== 
--36094-- warning: L3 cache found, using its data for the LL simulation.
--36094-- warning: specified LL cache: line_size 64  assoc 11  total_size 25,952,256
--36094-- warning: simulated LL cache: line_size 64  assoc 12  total_size 25,165,824
BIP cache replacement will be used
BIP Throttle parameter is set to 0.015625
==36094== 
==36094== I   refs:      217,405
==36094== I1  misses:      1,105
==36094== LLi misses:      1,090
==36094== I1  miss rate:    0.51%
==36094== LLi miss rate:    0.50%
==36094== 
==36094== D   refs:       69,324  (54,846 rd   + 14,478 wr)
==36094== D1  misses:      2,952  ( 2,335 rd   +    617 wr)
==36094== LLd misses:      2,786  ( 2,180 rd   +    606 wr)
==36094== D1  miss rate:     4.3% (   4.3%     +    4.3%  )
==36094== LLd miss rate:     4.0% (   4.0%     +    4.2%  )
==36094== 
==36094== LL refs:         4,057  ( 3,440 rd   +    617 wr)
==36094== LL misses:       3,876  ( 3,270 rd   +    606 wr)
==36094== LL miss rate:      1.4% (   1.2%     +    4.2%  )
