==24597== Cachegrind, a cache and branch-prediction profiler
==24597== Copyright (C) 2002-2017, and GNU GPL'd, by Nicholas Nethercote et al.
==24597== Using Valgrind-3.16.1 and LibVEX; rerun with -h for copyright info
==24597== Command: ./stitch .
==24597== 
--24597-- warning: L3 cache found, using its data for the LL simulation.
--24597-- warning: specified LL cache: line_size 64  assoc 11  total_size 25,952,256
--24597-- warning: simulated LL cache: line_size 64  assoc 12  total_size 25,165,824
BIP cache replacement will be used
BIP Throttle parameter is set to 0.062500
==24597== 
==24597== I   refs:      984,189,907
==24597== I1  misses:      2,021,889
==24597== LLi misses:          1,764
==24597== I1  miss rate:        0.21%
==24597== LLi miss rate:        0.00%
==24597== 
==24597== D   refs:      267,452,303  (187,194,798 rd   + 80,257,505 wr)
==24597== D1  misses:     23,081,477  ( 13,355,491 rd   +  9,725,986 wr)
==24597== LLd misses:         62,996  (      2,346 rd   +     60,650 wr)
==24597== D1  miss rate:         8.6% (        7.1%     +       12.1%  )
==24597== LLd miss rate:         0.0% (        0.0%     +        0.1%  )
==24597== 
==24597== LL refs:        25,103,366  ( 15,377,380 rd   +  9,725,986 wr)
==24597== LL misses:          64,760  (      4,110 rd   +     60,650 wr)
==24597== LL miss rate:          0.0% (        0.0%     +        0.1%  )
