==43780== Cachegrind, a cache and branch-prediction profiler
==43780== Copyright (C) 2002-2017, and GNU GPL'd, by Nicholas Nethercote et al.
==43780== Using Valgrind-3.16.1 and LibVEX; rerun with -h for copyright info
==43780== Command: ./lda-medium est .1 3 settings.txt medium/medium_data.dat random medium/results
==43780== 
--43780-- warning: L3 cache found, using its data for the LL simulation.
--43780-- warning: specified LL cache: line_size 64  assoc 11  total_size 25,952,256
--43780-- warning: simulated LL cache: line_size 64  assoc 12  total_size 25,165,824
LRU cache replacement will be used
==43780== 
==43780== I   refs:      67,971,914,235
==43780== I1  misses:             3,373
==43780== LLi misses:             2,175
==43780== I1  miss rate:           0.00%
==43780== LLi miss rate:           0.00%
==43780== 
==43780== D   refs:      25,552,954,356  (19,414,279,040 rd   + 6,138,675,316 wr)
==43780== D1  misses:       141,066,821  (   139,362,873 rd   +     1,703,948 wr)
==43780== LLd misses:            29,580  (         2,778 rd   +        26,802 wr)
==43780== D1  miss rate:            0.6% (           0.7%     +           0.0%  )
==43780== LLd miss rate:            0.0% (           0.0%     +           0.0%  )
==43780== 
==43780== LL refs:          141,070,194  (   139,366,246 rd   +     1,703,948 wr)
==43780== LL misses:             31,755  (         4,953 rd   +        26,802 wr)
==43780== LL miss rate:             0.0% (           0.0%     +           0.0%  )
