==21362== Cachegrind, a cache and branch-prediction profiler
==21362== Copyright (C) 2002-2017, and GNU GPL'd, by Nicholas Nethercote et al.
==21362== Using Valgrind-3.16.1 and LibVEX; rerun with -h for copyright info
==21362== Command: ./disparity .
==21362== 
--21362-- warning: L3 cache found, using its data for the LL simulation.
--21362-- warning: specified LL cache: line_size 64  assoc 11  total_size 25,952,256
--21362-- warning: simulated LL cache: line_size 64  assoc 12  total_size 25,165,824
BIP cache replacement will be used
BIP Throttle parameter is set to 0.031250
==21362== 
==21362== I   refs:      463,775,462
==21362== I1  misses:          1,496
==21362== LLi misses:          1,492
==21362== I1  miss rate:        0.00%
==21362== LLi miss rate:        0.00%
==21362== 
==21362== D   refs:      187,796,937  (126,192,375 rd   + 61,604,562 wr)
==21362== D1  misses:         74,254  (      2,321 rd   +     71,933 wr)
==21362== LLd misses:         74,251  (      2,318 rd   +     71,933 wr)
==21362== D1  miss rate:         0.0% (        0.0%     +        0.1%  )
==21362== LLd miss rate:         0.0% (        0.0%     +        0.1%  )
==21362== 
==21362== LL refs:            75,750  (      3,817 rd   +     71,933 wr)
==21362== LL misses:          75,743  (      3,810 rd   +     71,933 wr)
==21362== LL miss rate:          0.0% (        0.0%     +        0.1%  )
