==23143== Cachegrind, a cache and branch-prediction profiler
==23143== Copyright (C) 2002-2017, and GNU GPL'd, by Nicholas Nethercote et al.
==23143== Using Valgrind-3.16.1 and LibVEX; rerun with -h for copyright info
==23143== Command: ./srr-small
==23143== 
--23143-- warning: L3 cache found, using its data for the LL simulation.
--23143-- warning: specified LL cache: line_size 64  assoc 11  total_size 25,952,256
--23143-- warning: simulated LL cache: line_size 64  assoc 12  total_size 25,165,824
BIP cache replacement will be used
BIP Throttle parameter is set to 0.015625
==23143== 
==23143== I   refs:      19,999,787,093
==23143== I1  misses:             3,347
==23143== LLi misses:             1,537
==23143== I1  miss rate:           0.00%
==23143== LLi miss rate:           0.00%
==23143== 
==23143== D   refs:       7,796,537,241  (5,247,433,898 rd   + 2,549,103,343 wr)
==23143== D1  misses:       403,233,323  (  398,334,891 rd   +     4,898,432 wr)
==23143== LLd misses:            13,395  (        2,544 rd   +        10,851 wr)
==23143== D1  miss rate:            5.2% (          7.6%     +           0.2%  )
==23143== LLd miss rate:            0.0% (          0.0%     +           0.0%  )
==23143== 
==23143== LL refs:          403,236,670  (  398,338,238 rd   +     4,898,432 wr)
==23143== LL misses:             14,932  (        4,081 rd   +        10,851 wr)
==23143== LL miss rate:             0.0% (          0.0%     +           0.0%  )
