==19224== Cachegrind, a cache and branch-prediction profiler
==19224== Copyright (C) 2002-2017, and GNU GPL'd, by Nicholas Nethercote et al.
==19224== Using Valgrind-3.16.1 and LibVEX; rerun with -h for copyright info
==19224== Command: ./mser .
==19224== 
--19224-- warning: L3 cache found, using its data for the LL simulation.
--19224-- warning: specified LL cache: line_size 64  assoc 11  total_size 25,952,256
--19224-- warning: simulated LL cache: line_size 64  assoc 12  total_size 25,165,824
LRU cache replacement will be used
==19224== 
==19224== I   refs:      157,426,193
==19224== I1  misses:          2,702
==19224== LLi misses:          1,493
==19224== I1  miss rate:        0.00%
==19224== LLi miss rate:        0.00%
==19224== 
==19224== D   refs:       59,523,786  (40,510,722 rd   + 19,013,064 wr)
==19224== D1  misses:      1,311,971  ( 1,137,165 rd   +    174,806 wr)
==19224== LLd misses:         71,091  (     2,246 rd   +     68,845 wr)
==19224== D1  miss rate:         2.2% (       2.8%     +        0.9%  )
==19224== LLd miss rate:         0.1% (       0.0%     +        0.4%  )
==19224== 
==19224== LL refs:         1,314,673  ( 1,139,867 rd   +    174,806 wr)
==19224== LL misses:          72,584  (     3,739 rd   +     68,845 wr)
==19224== LL miss rate:          0.0% (       0.0%     +        0.4%  )
