==32383== Cachegrind, a cache and branch-prediction profiler
==32383== Copyright (C) 2002-2017, and GNU GPL'd, by Nicholas Nethercote et al.
==32383== Using Valgrind-3.16.1 and LibVEX; rerun with -h for copyright info
==32383== Command: ./kmeans-large ../datasets/MINST 10000 748 10
==32383== 
--32383-- warning: L3 cache found, using its data for the LL simulation.
--32383-- warning: specified LL cache: line_size 64  assoc 11  total_size 25,952,256
--32383-- warning: simulated LL cache: line_size 64  assoc 12  total_size 25,165,824
BIP cache replacement will be used
BIP Throttle parameter is set to 0.031250
==32383== brk segment overflow in thread #1: can't grow to 0x4a44000
==32383== (see section Limitations in user manual)
==32383== NOTE: further instances of this message will not be shown
==32383== 
==32383== I   refs:      31,864,461,079
==32383== I1  misses:             1,522
==32383== LLi misses:             1,513
==32383== I1  miss rate:           0.00%
==32383== LLi miss rate:           0.00%
==32383== 
==32383== D   refs:       9,488,889,170  (8,195,422,232 rd   + 1,293,466,938 wr)
==32383== D1  misses:        39,858,326  (   37,955,271 rd   +     1,903,055 wr)
==32383== LLd misses:        27,796,535  (   25,928,881 rd   +     1,867,654 wr)
==32383== D1  miss rate:            0.4% (          0.5%     +           0.1%  )
==32383== LLd miss rate:            0.3% (          0.3%     +           0.1%  )
==32383== 
==32383== LL refs:           39,859,848  (   37,956,793 rd   +     1,903,055 wr)
==32383== LL misses:         27,798,048  (   25,930,394 rd   +     1,867,654 wr)
==32383== LL miss rate:             0.1% (          0.1%     +           0.1%  )
