==39096== Cachegrind, a cache and branch-prediction profiler
==39096== Copyright (C) 2002-2017, and GNU GPL'd, by Nicholas Nethercote et al.
==39096== Using Valgrind-3.16.1 and LibVEX; rerun with -h for copyright info
==39096== Command: ./disparity .
==39096== 
--39096-- warning: L3 cache found, using its data for the LL simulation.
--39096-- warning: specified LL cache: line_size 64  assoc 11  total_size 25,952,256
--39096-- warning: simulated LL cache: line_size 64  assoc 12  total_size 25,165,824
Random cache replacement will be used
==39096== 
==39096== I   refs:      7,591,156
==39096== I1  misses:       33,826
==39096== LLi misses:        1,496
==39096== I1  miss rate:      0.45%
==39096== LLi miss rate:      0.02%
==39096== 
==39096== D   refs:      3,073,084  (2,024,176 rd   + 1,048,908 wr)
==39096== D1  misses:       79,240  (   46,882 rd   +    32,358 wr)
==39096== LLd misses:        5,452  (    2,254 rd   +     3,198 wr)
==39096== D1  miss rate:       2.6% (      2.3%     +       3.1%  )
==39096== LLd miss rate:       0.2% (      0.1%     +       0.3%  )
==39096== 
==39096== LL refs:         113,066  (   80,708 rd   +    32,358 wr)
==39096== LL misses:         6,948  (    3,750 rd   +     3,198 wr)
==39096== LL miss rate:        0.1% (      0.0%     +       0.3%  )
