==41197== Cachegrind, a cache and branch-prediction profiler
==41197== Copyright (C) 2002-2017, and GNU GPL'd, by Nicholas Nethercote et al.
==41197== Using Valgrind-3.16.1 and LibVEX; rerun with -h for copyright info
==41197== Command: ./stitch .
==41197== 
--41197-- warning: L3 cache found, using its data for the LL simulation.
--41197-- warning: specified LL cache: line_size 64  assoc 11  total_size 25,952,256
--41197-- warning: simulated LL cache: line_size 64  assoc 12  total_size 25,165,824
BIP cache replacement will be used
BIP Throttle parameter is set to 0.062500
==41197== 
==41197== Process terminating with default action of signal 15 (SIGTERM)
==41197==    at 0x50DC222: write (write.c:27)
==41197==    by 0x505728C: _IO_file_write@@GLIBC_2.2.5 (fileops.c:1203)
==41197==    by 0x5059020: _IO_do_write@@GLIBC_2.2.5 (fileops.c:457)
==41197==    by 0x505B2D1: _IO_flush_all_lockp (genops.c:769)
==41197==    by 0x505B4D4: _IO_cleanup (genops.c:929)
==41197==    by 0x500F221: __run_exit_handlers (exit.c:130)
==41197==    by 0x500F259: exit (exit.c:139)
==41197==    by 0x4FEDBFD: (below main) (libc-start.c:344)
==41197== 
==41197== I   refs:      223,093,721
==41197== I1  misses:        597,945
==41197== LLi misses:          1,695
==41197== I1  miss rate:        0.27%
==41197== LLi miss rate:        0.00%
==41197== 
==41197== D   refs:       60,620,568  (44,316,384 rd   + 16,304,184 wr)
==41197== D1  misses:      3,260,978  ( 1,944,031 rd   +  1,316,947 wr)
==41197== LLd misses:         23,706  (     2,279 rd   +     21,427 wr)
==41197== D1  miss rate:         5.4% (       4.4%     +        8.1%  )
==41197== LLd miss rate:         0.0% (       0.0%     +        0.1%  )
==41197== 
==41197== LL refs:         3,858,923  ( 2,541,976 rd   +  1,316,947 wr)
==41197== LL misses:          25,401  (     3,974 rd   +     21,427 wr)
==41197== LL miss rate:          0.0% (       0.0%     +        0.1%  )
