==58025== Cachegrind, a cache and branch-prediction profiler
==58025== Copyright (C) 2002-2017, and GNU GPL'd, by Nicholas Nethercote et al.
==58025== Using Valgrind-3.16.1 and LibVEX; rerun with -h for copyright info
==58025== Command: ./spc-medium ../datasets/Aggregation 788 2 7 0.707 1
==58025== 
--58025-- warning: L3 cache found, using its data for the LL simulation.
--58025-- warning: specified LL cache: line_size 64  assoc 11  total_size 25,952,256
--58025-- warning: simulated LL cache: line_size 64  assoc 12  total_size 25,165,824
LIP cache replacement will be used
==58025== 
==58025== I   refs:      11,307,967,289
==58025== I1  misses:             1,753
==58025== LLi misses:             1,726
==58025== I1  miss rate:           0.00%
==58025== LLi miss rate:           0.00%
==58025== 
==58025== D   refs:       4,030,824,654  (2,697,589,545 rd   + 1,333,235,109 wr)
==58025== D1  misses:       101,113,243  (  100,750,952 rd   +       362,291 wr)
==58025== LLd misses:         1,992,457  (    1,893,098 rd   +        99,359 wr)
==58025== D1  miss rate:            2.5% (          3.7%     +           0.0%  )
==58025== LLd miss rate:            0.0% (          0.1%     +           0.0%  )
==58025== 
==58025== LL refs:          101,114,996  (  100,752,705 rd   +       362,291 wr)
==58025== LL misses:          1,994,183  (    1,894,824 rd   +        99,359 wr)
==58025== LL miss rate:             0.0% (          0.0%     +           0.0%  )
