==42239== Cachegrind, a cache and branch-prediction profiler
==42239== Copyright (C) 2002-2017, and GNU GPL'd, by Nicholas Nethercote et al.
==42239== Using Valgrind-3.16.1 and LibVEX; rerun with -h for copyright info
==42239== Command: ./svm .
==42239== 
--42239-- warning: L3 cache found, using its data for the LL simulation.
--42239-- warning: specified LL cache: line_size 64  assoc 11  total_size 25,952,256
--42239-- warning: simulated LL cache: line_size 64  assoc 12  total_size 25,165,824
LRU cache replacement will be used
==42239== 
==42239== I   refs:      775,685,123
==42239== I1  misses:    104,571,814
==42239== LLi misses:          1,680
==42239== I1  miss rate:       13.48%
==42239== LLi miss rate:        0.00%
==42239== 
==42239== D   refs:      282,921,437  (179,995,499 rd   + 102,925,938 wr)
==42239== D1  misses:      4,402,351  (  3,084,468 rd   +   1,317,883 wr)
==42239== LLd misses:         39,462  (      2,750 rd   +      36,712 wr)
==42239== D1  miss rate:         1.6% (        1.7%     +         1.3%  )
==42239== LLd miss rate:         0.0% (        0.0%     +         0.0%  )
==42239== 
==42239== LL refs:       108,974,165  (107,656,282 rd   +   1,317,883 wr)
==42239== LL misses:          41,142  (      4,430 rd   +      36,712 wr)
==42239== LL miss rate:          0.0% (        0.0%     +         0.0%  )
