==42242== Cachegrind, a cache and branch-prediction profiler
==42242== Copyright (C) 2002-2017, and GNU GPL'd, by Nicholas Nethercote et al.
==42242== Using Valgrind-3.16.1 and LibVEX; rerun with -h for copyright info
==42242== Command: ./liblinear-tmedium data/10B/epsilon
==42242== 
--42242-- warning: L3 cache found, using its data for the LL simulation.
--42242-- warning: specified LL cache: line_size 64  assoc 11  total_size 25,952,256
--42242-- warning: simulated LL cache: line_size 64  assoc 12  total_size 25,165,824
BIP cache replacement will be used
BIP Throttle parameter is set to 0.015625
==42242== 
==42242== I   refs:      19,285,289,580
==42242== I1  misses:             1,835
==42242== LLi misses:             1,830
==42242== I1  miss rate:           0.00%
==42242== LLi miss rate:           0.00%
==42242== 
==42242== D   refs:       5,666,485,978  (3,947,048,633 rd   + 1,719,437,345 wr)
==42242== D1  misses:        41,282,139  (   38,100,974 rd   +     3,181,165 wr)
==42242== LLd misses:        38,120,925  (   34,975,653 rd   +     3,145,272 wr)
==42242== D1  miss rate:            0.7% (          1.0%     +           0.2%  )
==42242== LLd miss rate:            0.7% (          0.9%     +           0.2%  )
==42242== 
==42242== LL refs:           41,283,974  (   38,102,809 rd   +     3,181,165 wr)
==42242== LL misses:         38,122,755  (   34,977,483 rd   +     3,145,272 wr)
==42242== LL miss rate:             0.2% (          0.2%     +           0.2%  )
