==48296== Cachegrind, a cache and branch-prediction profiler
==48296== Copyright (C) 2002-2017, and GNU GPL'd, by Nicholas Nethercote et al.
==48296== Using Valgrind-3.16.1 and LibVEX; rerun with -h for copyright info
==48296== Command: ./liblinear-tsmall data/100M/crime_scale
==48296== 
--48296-- warning: L3 cache found, using its data for the LL simulation.
--48296-- warning: specified LL cache: line_size 64  assoc 11  total_size 25,952,256
--48296-- warning: simulated LL cache: line_size 64  assoc 12  total_size 25,165,824
BIP cache replacement will be used
BIP Throttle parameter is set to 0.015625
==48296== 
==48296== I   refs:      475,760,499
==48296== I1  misses:          1,816
==48296== LLi misses:          1,811
==48296== I1  miss rate:        0.00%
==48296== LLi miss rate:        0.00%
==48296== 
==48296== D   refs:      169,726,964  (132,316,255 rd   + 37,410,709 wr)
==48296== D1  misses:      1,059,056  (    994,632 rd   +     64,424 wr)
==48296== LLd misses:        755,253  (    690,889 rd   +     64,364 wr)
==48296== D1  miss rate:         0.6% (        0.8%     +        0.2%  )
==48296== LLd miss rate:         0.4% (        0.5%     +        0.2%  )
==48296== 
==48296== LL refs:         1,060,872  (    996,448 rd   +     64,424 wr)
==48296== LL misses:         757,064  (    692,700 rd   +     64,364 wr)
==48296== LL miss rate:          0.1% (        0.1%     +        0.2%  )
