==50451== Cachegrind, a cache and branch-prediction profiler
==50451== Copyright (C) 2002-2017, and GNU GPL'd, by Nicholas Nethercote et al.
==50451== Using Valgrind-3.16.1 and LibVEX; rerun with -h for copyright info
==50451== Command: ./stitch .
==50451== 
--50451-- warning: L3 cache found, using its data for the LL simulation.
--50451-- warning: specified LL cache: line_size 64  assoc 11  total_size 25,952,256
--50451-- warning: simulated LL cache: line_size 64  assoc 12  total_size 25,165,824
BIP cache replacement will be used
BIP Throttle parameter is set to 0.062500
==50451== brk segment overflow in thread #1: can't grow to 0x4ae3000
==50451== (see section Limitations in user manual)
==50451== NOTE: further instances of this message will not be shown
==50451== 
==50451== I   refs:      8,280,657,677
==50451== I1  misses:       10,516,649
==50451== LLi misses:            1,871
==50451== I1  miss rate:          0.13%
==50451== LLi miss rate:          0.00%
==50451== 
==50451== D   refs:      2,251,787,237  (1,520,764,434 rd   + 731,022,803 wr)
==50451== D1  misses:      317,987,470  (  224,609,802 rd   +  93,377,668 wr)
==50451== LLd misses:          264,107  (       11,823 rd   +     252,284 wr)
==50451== D1  miss rate:          14.1% (         14.8%     +        12.8%  )
==50451== LLd miss rate:           0.0% (          0.0%     +         0.0%  )
==50451== 
==50451== LL refs:         328,504,119  (  235,126,451 rd   +  93,377,668 wr)
==50451== LL misses:           265,978  (       13,694 rd   +     252,284 wr)
==50451== LL miss rate:            0.0% (          0.0%     +         0.0%  )
