==39724== Cachegrind, a cache and branch-prediction profiler
==39724== Copyright (C) 2002-2017, and GNU GPL'd, by Nicholas Nethercote et al.
==39724== Using Valgrind-3.16.1 and LibVEX; rerun with -h for copyright info
==39724== Command: ./sift .
==39724== 
--39724-- warning: L3 cache found, using its data for the LL simulation.
--39724-- warning: specified LL cache: line_size 64  assoc 11  total_size 25,952,256
--39724-- warning: simulated LL cache: line_size 64  assoc 12  total_size 25,165,824
LIP cache replacement will be used
==39724== 
==39724== I   refs:      2,814,717
==39724== I1  misses:        6,581
==39724== LLi misses:        1,743
==39724== I1  miss rate:      0.23%
==39724== LLi miss rate:      0.06%
==39724== 
==39724== D   refs:        858,173  (608,923 rd   + 249,250 wr)
==39724== D1  misses:       45,623  ( 39,770 rd   +   5,853 wr)
==39724== LLd misses:        4,272  (  2,285 rd   +   1,987 wr)
==39724== D1  miss rate:       5.3% (    6.5%     +     2.3%  )
==39724== LLd miss rate:       0.5% (    0.4%     +     0.8%  )
==39724== 
==39724== LL refs:          52,204  ( 46,351 rd   +   5,853 wr)
==39724== LL misses:         6,015  (  4,028 rd   +   1,987 wr)
==39724== LL miss rate:        0.2% (    0.1%     +     0.8%  )
