==29195== Cachegrind, a cache and branch-prediction profiler
==29195== Copyright (C) 2002-2017, and GNU GPL'd, by Nicholas Nethercote et al.
==29195== Using Valgrind-3.16.1 and LibVEX; rerun with -h for copyright info
==29195== Command: ./liblinear-tlarge data/100B/kdda
==29195== 
--29195-- warning: L3 cache found, using its data for the LL simulation.
--29195-- warning: specified LL cache: line_size 64  assoc 11  total_size 25,952,256
--29195-- warning: simulated LL cache: line_size 64  assoc 12  total_size 25,165,824
LRU cache replacement will be used
==29195== 
==29195== I   refs:      111,902,758,013
==29195== I1  misses:              1,806
==29195== LLi misses:              1,802
==29195== I1  miss rate:            0.00%
==29195== LLi miss rate:            0.00%
==29195== 
==29195== D   refs:       44,061,986,476  (36,080,688,134 rd   + 7,981,298,342 wr)
==29195== D1  misses:      2,781,049,659  ( 2,775,302,298 rd   +     5,747,361 wr)
==29195== LLd misses:      1,954,172,928  ( 1,948,457,604 rd   +     5,715,324 wr)
==29195== D1  miss rate:             6.3% (           7.7%     +           0.1%  )
==29195== LLd miss rate:             4.4% (           5.4%     +           0.1%  )
==29195== 
==29195== LL refs:         2,781,051,465  ( 2,775,304,104 rd   +     5,747,361 wr)
==29195== LL misses:       1,954,174,730  ( 1,948,459,406 rd   +     5,715,324 wr)
==29195== LL miss rate:              1.3% (           1.3%     +           0.1%  )
