==54273== Cachegrind, a cache and branch-prediction profiler
==54273== Copyright (C) 2002-2017, and GNU GPL'd, by Nicholas Nethercote et al.
==54273== Using Valgrind-3.16.1 and LibVEX; rerun with -h for copyright info
==54273== Command: ./sift .
==54273== 
--54273-- warning: L3 cache found, using its data for the LL simulation.
--54273-- warning: specified LL cache: line_size 64  assoc 11  total_size 25,952,256
--54273-- warning: simulated LL cache: line_size 64  assoc 12  total_size 25,165,824
LRU cache replacement will be used
==54273== brk segment overflow in thread #1: can't grow to 0x5419000
==54273== (see section Limitations in user manual)
==54273== NOTE: further instances of this message will not be shown
==54273== 
==54273== I   refs:      16,043,915,191
==54273== I1  misses:            15,197
==54273== LLi misses:             2,905
==54273== I1  miss rate:           0.00%
==54273== LLi miss rate:           0.00%
==54273== 
==54273== D   refs:       4,941,073,134  (3,428,287,739 rd   + 1,512,785,395 wr)
==54273== D1  misses:        95,552,550  (   83,832,069 rd   +    11,720,481 wr)
==54273== LLd misses:        23,803,882  (   14,163,077 rd   +     9,640,805 wr)
==54273== D1  miss rate:            1.9% (          2.4%     +           0.8%  )
==54273== LLd miss rate:            0.5% (          0.4%     +           0.6%  )
==54273== 
==54273== LL refs:           95,567,747  (   83,847,266 rd   +    11,720,481 wr)
==54273== LL misses:         23,806,787  (   14,165,982 rd   +     9,640,805 wr)
==54273== LL miss rate:             0.1% (          0.1%     +           0.6%  )
