==41178== Cachegrind, a cache and branch-prediction profiler
==41178== Copyright (C) 2002-2017, and GNU GPL'd, by Nicholas Nethercote et al.
==41178== Using Valgrind-3.16.1 and LibVEX; rerun with -h for copyright info
==41178== Command: ./multi_ncut .
==41178== 
--41178-- warning: L3 cache found, using its data for the LL simulation.
--41178-- warning: specified LL cache: line_size 64  assoc 11  total_size 25,952,256
--41178-- warning: simulated LL cache: line_size 64  assoc 12  total_size 25,165,824
LIP cache replacement will be used
==41178== 
==41178== I   refs:      9,010,866,281,370
==41178== I1  misses:            1,238,637
==41178== LLi misses:                1,751
==41178== I1  miss rate:              0.00%
==41178== LLi miss rate:              0.00%
==41178== 
==41178== D   refs:      1,501,929,834,846  (1,501,845,024,871 rd   + 84,809,975 wr)
==41178== D1  misses:      187,731,908,839  (  187,723,504,492 rd   +  8,404,347 wr)
==41178== LLd misses:              941,167  (          327,373 rd   +    613,794 wr)
==41178== D1  miss rate:              12.5% (             12.5%     +        9.9%  )
==41178== LLd miss rate:               0.0% (              0.0%     +        0.7%  )
==41178== 
==41178== LL refs:         187,733,147,476  (  187,724,743,129 rd   +  8,404,347 wr)
==41178== LL misses:               942,918  (          329,124 rd   +    613,794 wr)
==41178== LL miss rate:                0.0% (              0.0%     +        0.7%  )
