==50403== Cachegrind, a cache and branch-prediction profiler
==50403== Copyright (C) 2002-2017, and GNU GPL'd, by Nicholas Nethercote et al.
==50403== Using Valgrind-3.16.1 and LibVEX; rerun with -h for copyright info
==50403== Command: ./stitch .
==50403== 
--50403-- warning: L3 cache found, using its data for the LL simulation.
--50403-- warning: specified LL cache: line_size 64  assoc 11  total_size 25,952,256
--50403-- warning: simulated LL cache: line_size 64  assoc 12  total_size 25,165,824
FIFO cache replacement will be used
==50403== brk segment overflow in thread #1: can't grow to 0x4ae3000
==50403== (see section Limitations in user manual)
==50403== NOTE: further instances of this message will not be shown
==50403== 
==50403== I   refs:      8,280,657,677
==50403== I1  misses:            1,698
==50403== LLi misses:            1,694
==50403== I1  miss rate:          0.00%
==50403== LLi miss rate:          0.00%
==50403== 
==50403== D   refs:      2,251,787,237  (1,520,764,434 rd   + 731,022,803 wr)
==50403== D1  misses:        1,058,776  (      496,207 rd   +     562,569 wr)
==50403== LLd misses:          252,958  (        2,266 rd   +     250,692 wr)
==50403== D1  miss rate:           0.0% (          0.0%     +         0.1%  )
==50403== LLd miss rate:           0.0% (          0.0%     +         0.0%  )
==50403== 
==50403== LL refs:           1,060,474  (      497,905 rd   +     562,569 wr)
==50403== LL misses:           254,652  (        3,960 rd   +     250,692 wr)
==50403== LL miss rate:            0.0% (          0.0%     +         0.0%  )
