==43961== Cachegrind, a cache and branch-prediction profiler
==43961== Copyright (C) 2002-2017, and GNU GPL'd, by Nicholas Nethercote et al.
==43961== Using Valgrind-3.16.1 and LibVEX; rerun with -h for copyright info
==43961== Command: ./disparity .
==43961== 
--43961-- warning: L3 cache found, using its data for the LL simulation.
--43961-- warning: specified LL cache: line_size 64  assoc 11  total_size 25,952,256
--43961-- warning: simulated LL cache: line_size 64  assoc 12  total_size 25,165,824
Random cache replacement will be used
==43961== 
==43961== I   refs:      1,281,749,480
==43961== I1  misses:        1,857,864
==43961== LLi misses:            1,603
==43961== I1  miss rate:          0.14%
==43961== LLi miss rate:          0.00%
==43961== 
==43961== D   refs:        519,594,058  (348,916,506 rd   + 170,677,552 wr)
==43961== D1  misses:       63,179,121  ( 40,189,794 rd   +  22,989,327 wr)
==43961== LLd misses:          229,780  (     24,522 rd   +     205,258 wr)
==43961== D1  miss rate:          12.2% (       11.5%     +        13.5%  )
==43961== LLd miss rate:           0.0% (        0.0%     +         0.1%  )
==43961== 
==43961== LL refs:          65,036,985  ( 42,047,658 rd   +  22,989,327 wr)
==43961== LL misses:           231,383  (     26,125 rd   +     205,258 wr)
==43961== LL miss rate:            0.0% (        0.0%     +         0.1%  )
