==49458== Cachegrind, a cache and branch-prediction profiler
==49458== Copyright (C) 2002-2017, and GNU GPL'd, by Nicholas Nethercote et al.
==49458== Using Valgrind-3.16.1 and LibVEX; rerun with -h for copyright info
==49458== Command: ./pca-large large.data 5000 1059 R
==49458== 
--49458-- warning: L3 cache found, using its data for the LL simulation.
--49458-- warning: specified LL cache: line_size 64  assoc 11  total_size 25,952,256
--49458-- warning: simulated LL cache: line_size 64  assoc 12  total_size 25,165,824
BIP cache replacement will be used
BIP Throttle parameter is set to 0.015625
==49458== brk segment overflow in thread #1: can't grow to 0x4a35000
==49458== (see section Limitations in user manual)
==49458== NOTE: further instances of this message will not be shown
==49458== 
==49458== I   refs:      71,275,145,867
==49458== I1  misses:             1,652
==49458== LLi misses:             1,641
==49458== I1  miss rate:           0.00%
==49458== LLi miss rate:           0.00%
==49458== 
==49458== D   refs:      28,625,035,470  (20,878,881,321 rd   + 7,746,154,149 wr)
==49458== D1  misses:     3,750,728,732  ( 3,749,100,348 rd   +     1,628,384 wr)
==49458== LLd misses:        14,637,393  (    13,730,638 rd   +       906,755 wr)
==49458== D1  miss rate:           13.1% (          18.0%     +           0.0%  )
==49458== LLd miss rate:            0.1% (           0.1%     +           0.0%  )
==49458== 
==49458== LL refs:        3,750,730,384  ( 3,749,102,000 rd   +     1,628,384 wr)
==49458== LL misses:         14,639,034  (    13,732,279 rd   +       906,755 wr)
==49458== LL miss rate:             0.0% (           0.0%     +           0.0%  )
