==62115== Cachegrind, a cache and branch-prediction profiler
==62115== Copyright (C) 2002-2017, and GNU GPL'd, by Nicholas Nethercote et al.
==62115== Using Valgrind-3.16.1 and LibVEX; rerun with -h for copyright info
==62115== Command: ./sift .
==62115== 
--62115-- warning: L3 cache found, using its data for the LL simulation.
--62115-- warning: specified LL cache: line_size 64  assoc 11  total_size 25,952,256
--62115-- warning: simulated LL cache: line_size 64  assoc 12  total_size 25,165,824
BIP cache replacement will be used
BIP Throttle parameter is set to 0.031250
==62115== brk segment overflow in thread #1: can't grow to 0x5419000
==62115== (see section Limitations in user manual)
==62115== NOTE: further instances of this message will not be shown
==62115== 
==62115== I   refs:      16,043,915,040
==62115== I1  misses:        21,583,210
==62115== LLi misses:             4,675
==62115== I1  miss rate:           0.13%
==62115== LLi miss rate:           0.00%
==62115== 
==62115== D   refs:       4,941,072,985  (3,428,287,658 rd   + 1,512,785,327 wr)
==62115== D1  misses:       720,445,602  (  614,506,624 rd   +   105,938,978 wr)
==62115== LLd misses:        24,372,228  (   14,523,608 rd   +     9,848,620 wr)
==62115== D1  miss rate:           14.6% (         17.9%     +           7.0%  )
==62115== LLd miss rate:            0.5% (          0.4%     +           0.7%  )
==62115== 
==62115== LL refs:          742,028,812  (  636,089,834 rd   +   105,938,978 wr)
==62115== LL misses:         24,376,903  (   14,528,283 rd   +     9,848,620 wr)
==62115== LL miss rate:             0.1% (          0.1%     +           0.7%  )
