==52115== Cachegrind, a cache and branch-prediction profiler
==52115== Copyright (C) 2002-2017, and GNU GPL'd, by Nicholas Nethercote et al.
==52115== Using Valgrind-3.16.1 and LibVEX; rerun with -h for copyright info
==52115== Command: ./rbm-large
==52115== 
--52115-- warning: L3 cache found, using its data for the LL simulation.
--52115-- warning: specified LL cache: line_size 64  assoc 11  total_size 25,952,256
--52115-- warning: simulated LL cache: line_size 64  assoc 12  total_size 25,165,824
LIP cache replacement will be used
==52115== 
==52115== I   refs:      119,675,953,576
==52115== I1  misses:              1,517
==52115== LLi misses:              1,471
==52115== I1  miss rate:            0.00%
==52115== LLi miss rate:            0.00%
==52115== 
==52115== D   refs:       35,862,020,600  (27,106,383,010 rd   + 8,755,637,590 wr)
==52115== D1  misses:      4,177,882,576  ( 3,819,506,817 rd   +   358,375,759 wr)
==52115== LLd misses:             50,694  (        26,629 rd   +        24,065 wr)
==52115== D1  miss rate:            11.6% (          14.1%     +           4.1%  )
==52115== LLd miss rate:             0.0% (           0.0%     +           0.0%  )
==52115== 
==52115== LL refs:         4,177,884,093  ( 3,819,508,334 rd   +   358,375,759 wr)
==52115== LL misses:              52,165  (        28,100 rd   +        24,065 wr)
==52115== LL miss rate:              0.0% (           0.0%     +           0.0%  )
