==25971== Cachegrind, a cache and branch-prediction profiler
==25971== Copyright (C) 2002-2017, and GNU GPL'd, by Nicholas Nethercote et al.
==25971== Using Valgrind-3.16.1 and LibVEX; rerun with -h for copyright info
==25971== Command: ./sift .
==25971== 
--25971-- warning: L3 cache found, using its data for the LL simulation.
--25971-- warning: specified LL cache: line_size 64  assoc 11  total_size 25,952,256
--25971-- warning: simulated LL cache: line_size 64  assoc 12  total_size 25,165,824
FIFO cache replacement will be used
==25971== 
==25971== I   refs:      288,804,921
==25971== I1  misses:          2,102
==25971== LLi misses:          1,795
==25971== I1  miss rate:        0.00%
==25971== LLi miss rate:        0.00%
==25971== 
==25971== D   refs:       87,842,244  (61,419,192 rd   + 26,423,052 wr)
==25971== D1  misses:        826,997  (   619,921 rd   +    207,076 wr)
==25971== LLd misses:        157,933  (     2,323 rd   +    155,610 wr)
==25971== D1  miss rate:         0.9% (       1.0%     +        0.8%  )
==25971== LLd miss rate:         0.2% (       0.0%     +        0.6%  )
==25971== 
==25971== LL refs:           829,099  (   622,023 rd   +    207,076 wr)
==25971== LL misses:         159,728  (     4,118 rd   +    155,610 wr)
==25971== LL miss rate:          0.0% (       0.0%     +        0.6%  )
