==50295== Cachegrind, a cache and branch-prediction profiler
==50295== Copyright (C) 2002-2017, and GNU GPL'd, by Nicholas Nethercote et al.
==50295== Using Valgrind-3.16.1 and LibVEX; rerun with -h for copyright info
==50295== Command: ./pca-small small.data 1593 256 R
==50295== 
--50295-- warning: L3 cache found, using its data for the LL simulation.
--50295-- warning: specified LL cache: line_size 64  assoc 11  total_size 25,952,256
--50295-- warning: simulated LL cache: line_size 64  assoc 12  total_size 25,165,824
BIP cache replacement will be used
BIP Throttle parameter is set to 0.062500
==50295== 
==50295== I   refs:      1,489,668,861
==50295== I1  misses:        5,253,698
==50295== LLi misses:            1,667
==50295== I1  miss rate:          0.35%
==50295== LLi miss rate:          0.00%
==50295== 
==50295== D   refs:        597,905,958  (426,153,001 rd   + 171,752,957 wr)
==50295== D1  misses:      162,235,295  (162,087,259 rd   +     148,036 wr)
==50295== LLd misses:           37,693  (      2,467 rd   +      35,226 wr)
==50295== D1  miss rate:          27.1% (       38.0%     +         0.1%  )
==50295== LLd miss rate:           0.0% (        0.0%     +         0.0%  )
==50295== 
==50295== LL refs:         167,488,993  (167,340,957 rd   +     148,036 wr)
==50295== LL misses:            39,360  (      4,134 rd   +      35,226 wr)
==50295== LL miss rate:            0.0% (        0.0%     +         0.0%  )
