==24507== Cachegrind, a cache and branch-prediction profiler
==24507== Copyright (C) 2002-2017, and GNU GPL'd, by Nicholas Nethercote et al.
==24507== Using Valgrind-3.16.1 and LibVEX; rerun with -h for copyright info
==24507== Command: ./a.out med.txt
==24507== 
--24507-- warning: L3 cache found, using its data for the LL simulation.
--24507-- warning: specified LL cache: line_size 64  assoc 11  total_size 25,952,256
--24507-- warning: simulated LL cache: line_size 64  assoc 12  total_size 25,165,824
LRU cache replacement will be used
==24507== 
==24507== I   refs:      21,540,689,415
==24507== I1  misses:             1,945
==24507== LLi misses:             1,787
==24507== I1  miss rate:           0.00%
==24507== LLi miss rate:           0.00%
==24507== 
==24507== D   refs:      13,370,670,447  (12,167,996,487 rd   + 1,202,673,960 wr)
==24507== D1  misses:       566,612,098  (   565,586,251 rd   +     1,025,847 wr)
==24507== LLd misses:            65,436  (         2,287 rd   +        63,149 wr)
==24507== D1  miss rate:            4.2% (           4.6%     +           0.1%  )
==24507== LLd miss rate:            0.0% (           0.0%     +           0.0%  )
==24507== 
==24507== LL refs:          566,614,043  (   565,588,196 rd   +     1,025,847 wr)
==24507== LL misses:             67,223  (         4,074 rd   +        63,149 wr)
==24507== LL miss rate:             0.0% (           0.0%     +           0.0%  )
