==40168== Cachegrind, a cache and branch-prediction profiler
==40168== Copyright (C) 2002-2017, and GNU GPL'd, by Nicholas Nethercote et al.
==40168== Using Valgrind-3.16.1 and LibVEX; rerun with -h for copyright info
==40168== Command: ./multi_ncut .
==40168== 
--40168-- warning: L3 cache found, using its data for the LL simulation.
--40168-- warning: specified LL cache: line_size 64  assoc 11  total_size 25,952,256
--40168-- warning: simulated LL cache: line_size 64  assoc 12  total_size 25,165,824
LIP cache replacement will be used
==40168== 
==40168== I   refs:      14,127,911,270
==40168== I1  misses:             2,623
==40168== LLi misses:             1,553
==40168== I1  miss rate:           0.00%
==40168== LLi miss rate:           0.00%
==40168== 
==40168== D   refs:       2,359,390,609  (2,356,019,933 rd   + 3,370,676 wr)
==40168== D1  misses:       294,245,460  (  294,066,645 rd   +   178,815 wr)
==40168== LLd misses:            27,132  (        2,270 rd   +    24,862 wr)
==40168== D1  miss rate:           12.5% (         12.5%     +       5.3%  )
==40168== LLd miss rate:            0.0% (          0.0%     +       0.7%  )
==40168== 
==40168== LL refs:          294,248,083  (  294,069,268 rd   +   178,815 wr)
==40168== LL misses:             28,685  (        3,823 rd   +    24,862 wr)
==40168== LL miss rate:             0.0% (          0.0%     +       0.7%  )
