==34303== Cachegrind, a cache and branch-prediction profiler
==34303== Copyright (C) 2002-2017, and GNU GPL'd, by Nicholas Nethercote et al.
==34303== Using Valgrind-3.16.1 and LibVEX; rerun with -h for copyright info
==34303== Command: ./pca-small small.data 1593 256 R
==34303== 
--34303-- warning: L3 cache found, using its data for the LL simulation.
--34303-- warning: specified LL cache: line_size 64  assoc 11  total_size 25,952,256
--34303-- warning: simulated LL cache: line_size 64  assoc 12  total_size 25,165,824
BIP cache replacement will be used
BIP Throttle parameter is set to 0.031250
==34303== 
==34303== I   refs:      1,489,668,679
==34303== I1  misses:       43,679,748
==34303== LLi misses:            1,650
==34303== I1  miss rate:          2.93%
==34303== LLi miss rate:          0.00%
==34303== 
==34303== D   refs:        597,905,806  (426,152,919 rd   + 171,752,887 wr)
==34303== D1  misses:      184,546,318  (182,163,065 rd   +   2,383,253 wr)
==34303== LLd misses:           37,650  (      2,433 rd   +      35,217 wr)
==34303== D1  miss rate:          30.9% (       42.7%     +         1.4%  )
==34303== LLd miss rate:           0.0% (        0.0%     +         0.0%  )
==34303== 
==34303== LL refs:         228,226,066  (225,842,813 rd   +   2,383,253 wr)
==34303== LL misses:            39,300  (      4,083 rd   +      35,217 wr)
==34303== LL miss rate:            0.0% (        0.0%     +         0.0%  )
