==51163== Cachegrind, a cache and branch-prediction profiler
==51163== Copyright (C) 2002-2017, and GNU GPL'd, by Nicholas Nethercote et al.
==51163== Using Valgrind-3.16.1 and LibVEX; rerun with -h for copyright info
==51163== Command: ./rbm-large
==51163== 
--51163-- warning: L3 cache found, using its data for the LL simulation.
--51163-- warning: specified LL cache: line_size 64  assoc 11  total_size 25,952,256
--51163-- warning: simulated LL cache: line_size 64  assoc 12  total_size 25,165,824
Random cache replacement will be used
==51163== 
==51163== I   refs:      119,676,070,063
==51163== I1  misses:              1,958
==51163== LLi misses:              1,484
==51163== I1  miss rate:            0.00%
==51163== LLi miss rate:            0.00%
==51163== 
==51163== D   refs:       35,862,087,164  (27,106,383,010 rd   + 8,755,704,154 wr)
==51163== D1  misses:      2,682,500,017  ( 2,336,229,840 rd   +   346,270,177 wr)
==51163== LLd misses:             46,849  (        23,216 rd   +        23,633 wr)
==51163== D1  miss rate:             7.5% (           8.6%     +           4.0%  )
==51163== LLd miss rate:             0.0% (           0.0%     +           0.0%  )
==51163== 
==51163== LL refs:         2,682,501,975  ( 2,336,231,798 rd   +   346,270,177 wr)
==51163== LL misses:              48,333  (        24,700 rd   +        23,633 wr)
==51163== LL miss rate:              0.0% (           0.0%     +           0.0%  )
