==55320== Cachegrind, a cache and branch-prediction profiler
==55320== Copyright (C) 2002-2017, and GNU GPL'd, by Nicholas Nethercote et al.
==55320== Using Valgrind-3.16.1 and LibVEX; rerun with -h for copyright info
==55320== Command: ./sift .
==55320== 
--55320-- warning: L3 cache found, using its data for the LL simulation.
--55320-- warning: specified LL cache: line_size 64  assoc 11  total_size 25,952,256
--55320-- warning: simulated LL cache: line_size 64  assoc 12  total_size 25,165,824
BIP cache replacement will be used
BIP Throttle parameter is set to 0.015625
==55320== brk segment overflow in thread #1: can't grow to 0x5419000
==55320== (see section Limitations in user manual)
==55320== NOTE: further instances of this message will not be shown
==55320== 
==55320== I   refs:      16,043,915,203
==55320== I1  misses:             1,949
==55320== LLi misses:             1,825
==55320== I1  miss rate:           0.00%
==55320== LLi miss rate:           0.00%
==55320== 
==55320== D   refs:       4,941,073,136  (3,428,287,740 rd   + 1,512,785,396 wr)
==55320== D1  misses:       210,435,202  (  125,873,790 rd   +    84,561,412 wr)
==55320== LLd misses:        24,274,043  (   15,093,899 rd   +     9,180,144 wr)
==55320== D1  miss rate:            4.3% (          3.7%     +           5.6%  )
==55320== LLd miss rate:            0.5% (          0.4%     +           0.6%  )
==55320== 
==55320== LL refs:          210,437,151  (  125,875,739 rd   +    84,561,412 wr)
==55320== LL misses:         24,275,868  (   15,095,724 rd   +     9,180,144 wr)
==55320== LL miss rate:             0.1% (          0.1%     +           0.6%  )
