==54201== Cachegrind, a cache and branch-prediction profiler
==54201== Copyright (C) 2002-2017, and GNU GPL'd, by Nicholas Nethercote et al.
==54201== Using Valgrind-3.16.1 and LibVEX; rerun with -h for copyright info
==54201== Command: ./rbm-small
==54201== 
--54201-- warning: L3 cache found, using its data for the LL simulation.
--54201-- warning: specified LL cache: line_size 64  assoc 11  total_size 25,952,256
--54201-- warning: simulated LL cache: line_size 64  assoc 12  total_size 25,165,824
BIP cache replacement will be used
BIP Throttle parameter is set to 0.015625
==54201== 
==54201== I   refs:      21,565,340
==54201== I1  misses:         4,232
==54201== LLi misses:         1,468
==54201== I1  miss rate:       0.02%
==54201== LLi miss rate:       0.01%
==54201== 
==54201== D   refs:       6,380,275  (4,924,851 rd   + 1,455,424 wr)
==54201== D1  misses:       195,483  (  152,412 rd   +    43,071 wr)
==54201== LLd misses:         3,571  (    2,624 rd   +       947 wr)
==54201== D1  miss rate:        3.1% (      3.1%     +       3.0%  )
==54201== LLd miss rate:        0.1% (      0.1%     +       0.1%  )
==54201== 
==54201== LL refs:          199,715  (  156,644 rd   +    43,071 wr)
==54201== LL misses:          5,039  (    4,092 rd   +       947 wr)
==54201== LL miss rate:         0.0% (      0.0%     +       0.1%  )
