==45535== Cachegrind, a cache and branch-prediction profiler
==45535== Copyright (C) 2002-2017, and GNU GPL'd, by Nicholas Nethercote et al.
==45535== Using Valgrind-3.16.1 and LibVEX; rerun with -h for copyright info
==45535== Command: ./kmeans-large ../datasets/MINST 10000 748 10
==45535== 
--45535-- warning: L3 cache found, using its data for the LL simulation.
--45535-- warning: specified LL cache: line_size 64  assoc 11  total_size 25,952,256
--45535-- warning: simulated LL cache: line_size 64  assoc 12  total_size 25,165,824
BIP cache replacement will be used
BIP Throttle parameter is set to 0.062500
==45535== brk segment overflow in thread #1: can't grow to 0x4a44000
==45535== (see section Limitations in user manual)
==45535== NOTE: further instances of this message will not be shown
==45535== 
==45535== I   refs:      31,864,461,091
==45535== I1  misses:             1,522
==45535== LLi misses:             1,513
==45535== I1  miss rate:           0.00%
==45535== LLi miss rate:           0.00%
==45535== 
==45535== D   refs:       9,488,889,172  (8,195,422,233 rd   + 1,293,466,939 wr)
==45535== D1  misses:        39,858,044  (   37,954,996 rd   +     1,903,048 wr)
==45535== LLd misses:        27,023,629  (   25,184,744 rd   +     1,838,885 wr)
==45535== D1  miss rate:            0.4% (          0.5%     +           0.1%  )
==45535== LLd miss rate:            0.3% (          0.3%     +           0.1%  )
==45535== 
==45535== LL refs:           39,859,566  (   37,956,518 rd   +     1,903,048 wr)
==45535== LL misses:         27,025,142  (   25,186,257 rd   +     1,838,885 wr)
==45535== LL miss rate:             0.1% (          0.1%     +           0.1%  )
