==50481== Cachegrind, a cache and branch-prediction profiler
==50481== Copyright (C) 2002-2017, and GNU GPL'd, by Nicholas Nethercote et al.
==50481== Using Valgrind-3.16.1 and LibVEX; rerun with -h for copyright info
==50481== Command: ./stitch .
==50481== 
--50481-- warning: L3 cache found, using its data for the LL simulation.
--50481-- warning: specified LL cache: line_size 64  assoc 11  total_size 25,952,256
--50481-- warning: simulated LL cache: line_size 64  assoc 12  total_size 25,165,824
BIP cache replacement will be used
BIP Throttle parameter is set to 0.062500
==50481== brk segment overflow in thread #1: can't grow to 0x4ae3000
==50481== (see section Limitations in user manual)
==50481== NOTE: further instances of this message will not be shown
==50481== 
==50481== I   refs:      8,280,657,689
==50481== I1  misses:        2,826,888
==50481== LLi misses:            1,881
==50481== I1  miss rate:          0.03%
==50481== LLi miss rate:          0.00%
==50481== 
==50481== D   refs:      2,251,787,239  (1,520,764,435 rd   + 731,022,804 wr)
==50481== D1  misses:      147,975,191  (   84,250,509 rd   +  63,724,682 wr)
==50481== LLd misses:          265,338  (       12,853 rd   +     252,485 wr)
==50481== D1  miss rate:           6.6% (          5.5%     +         8.7%  )
==50481== LLd miss rate:           0.0% (          0.0%     +         0.0%  )
==50481== 
==50481== LL refs:         150,802,079  (   87,077,397 rd   +  63,724,682 wr)
==50481== LL misses:           267,219  (       14,734 rd   +     252,485 wr)
==50481== LL miss rate:            0.0% (          0.0%     +         0.0%  )
