==37689== Cachegrind, a cache and branch-prediction profiler
==37689== Copyright (C) 2002-2017, and GNU GPL'd, by Nicholas Nethercote et al.
==37689== Using Valgrind-3.16.1 and LibVEX; rerun with -h for copyright info
==37689== Command: ./disparity .
==37689== 
--37689-- warning: L3 cache found, using its data for the LL simulation.
--37689-- warning: specified LL cache: line_size 64  assoc 11  total_size 25,952,256
--37689-- warning: simulated LL cache: line_size 64  assoc 12  total_size 25,165,824
BIP cache replacement will be used
BIP Throttle parameter is set to 0.062500
==37689== 
==37689== I   refs:      126,238,856
==37689== I1  misses:          1,540
==37689== LLi misses:          1,503
==37689== I1  miss rate:        0.00%
==37689== LLi miss rate:        0.00%
==37689== 
==37689== D   refs:       50,959,901  (34,248,434 rd   + 16,711,467 wr)
==37689== D1  misses:      2,450,464  (   992,839 rd   +  1,457,625 wr)
==37689== LLd misses:         20,686  (     2,294 rd   +     18,392 wr)
==37689== D1  miss rate:         4.8% (       2.9%     +        8.7%  )
==37689== LLd miss rate:         0.0% (       0.0%     +        0.1%  )
==37689== 
==37689== LL refs:         2,452,004  (   994,379 rd   +  1,457,625 wr)
==37689== LL misses:          22,189  (     3,797 rd   +     18,392 wr)
==37689== LL miss rate:          0.0% (       0.0%     +        0.1%  )
