==41543== Cachegrind, a cache and branch-prediction profiler
==41543== Copyright (C) 2002-2017, and GNU GPL'd, by Nicholas Nethercote et al.
==41543== Using Valgrind-3.16.1 and LibVEX; rerun with -h for copyright info
==41543== Command: ./liblinear-tmedium data/10B/epsilon
==41543== 
--41543-- warning: L3 cache found, using its data for the LL simulation.
--41543-- warning: specified LL cache: line_size 64  assoc 11  total_size 25,952,256
--41543-- warning: simulated LL cache: line_size 64  assoc 12  total_size 25,165,824
Random cache replacement will be used
==41543== 
==41543== I   refs:      19,285,289,592
==41543== I1  misses:             1,848
==41543== LLi misses:             1,839
==41543== I1  miss rate:           0.00%
==41543== LLi miss rate:           0.00%
==41543== 
==41543== D   refs:       5,666,485,980  (3,947,048,634 rd   + 1,719,437,346 wr)
==41543== D1  misses:        41,157,251  (   37,977,423 rd   +     3,179,828 wr)
==41543== LLd misses:        39,662,799  (   36,526,368 rd   +     3,136,431 wr)
==41543== D1  miss rate:            0.7% (          1.0%     +           0.2%  )
==41543== LLd miss rate:            0.7% (          0.9%     +           0.2%  )
==41543== 
==41543== LL refs:           41,159,099  (   37,979,271 rd   +     3,179,828 wr)
==41543== LL misses:         39,664,638  (   36,528,207 rd   +     3,136,431 wr)
==41543== LL miss rate:             0.2% (          0.2%     +           0.2%  )
