==10959== Cachegrind, a cache and branch-prediction profiler
==10959== Copyright (C) 2002-2017, and GNU GPL'd, by Nicholas Nethercote et al.
==10959== Using Valgrind-3.16.1 and LibVEX; rerun with -h for copyright info
==10959== Command: ./kmeans-small ../datasets/yeast 1484 8 10
==10959== 
--10959-- warning: L3 cache found, using its data for the LL simulation.
--10959-- warning: specified LL cache: line_size 64  assoc 11  total_size 25,952,256
--10959-- warning: simulated LL cache: line_size 64  assoc 12  total_size 25,165,824
LIP cache replacement will be used
==10959== 
==10959== I   refs:      56,157,893
==10959== I1  misses:       391,691
==10959== LLi misses:         1,471
==10959== I1  miss rate:       0.70%
==10959== LLi miss rate:       0.00%
==10959== 
==10959== D   refs:      15,831,357  (13,089,320 rd   + 2,742,037 wr)
==10959== D1  misses:       155,997  (   140,172 rd   +    15,825 wr)
==10959== LLd misses:         4,975  (     2,157 rd   +     2,818 wr)
==10959== D1  miss rate:        1.0% (       1.1%     +       0.6%  )
==10959== LLd miss rate:        0.0% (       0.0%     +       0.1%  )
==10959== 
==10959== LL refs:          547,688  (   531,863 rd   +    15,825 wr)
==10959== LL misses:          6,446  (     3,628 rd   +     2,818 wr)
==10959== LL miss rate:         0.0% (       0.0%     +       0.1%  )
