==41665== Cachegrind, a cache and branch-prediction profiler
==41665== Copyright (C) 2002-2017, and GNU GPL'd, by Nicholas Nethercote et al.
==41665== Using Valgrind-3.16.1 and LibVEX; rerun with -h for copyright info
==41665== Command: ./localization .
==41665== 
--41665-- warning: L3 cache found, using its data for the LL simulation.
--41665-- warning: specified LL cache: line_size 64  assoc 11  total_size 25,952,256
--41665-- warning: simulated LL cache: line_size 64  assoc 12  total_size 25,165,824
LRU cache replacement will be used
==41665== 
==41665== I   refs:      3,695,927
==41665== I1  misses:       62,518
==41665== LLi misses:        1,813
==41665== I1  miss rate:      1.69%
==41665== LLi miss rate:      0.05%
==41665== 
==41665== D   refs:      1,169,324  (757,767 rd   + 411,557 wr)
==41665== D1  misses:       12,067  (  9,693 rd   +   2,374 wr)
==41665== LLd misses:        3,110  (  2,458 rd   +     652 wr)
==41665== D1  miss rate:       1.0% (    1.3%     +     0.6%  )
==41665== LLd miss rate:       0.3% (    0.3%     +     0.2%  )
==41665== 
==41665== LL refs:          74,585  ( 72,211 rd   +   2,374 wr)
==41665== LL misses:         4,923  (  4,271 rd   +     652 wr)
==41665== LL miss rate:        0.1% (    0.1%     +     0.2%  )
