==36537== Cachegrind, a cache and branch-prediction profiler
==36537== Copyright (C) 2002-2017, and GNU GPL'd, by Nicholas Nethercote et al.
==36537== Using Valgrind-3.16.1 and LibVEX; rerun with -h for copyright info
==36537== Command: ./mser .
==36537== 
--36537-- warning: L3 cache found, using its data for the LL simulation.
--36537-- warning: specified LL cache: line_size 64  assoc 11  total_size 25,952,256
--36537-- warning: simulated LL cache: line_size 64  assoc 12  total_size 25,165,824
BIP cache replacement will be used
BIP Throttle parameter is set to 0.062500
==36537== 
==36537== I   refs:      39,996,112
==36537== I1  misses:         1,534
==36537== LLi misses:         1,514
==36537== I1  miss rate:       0.00%
==36537== LLi miss rate:       0.00%
==36537== 
==36537== D   refs:      15,054,678  (10,245,445 rd   + 4,809,233 wr)
==36537== D1  misses:       149,903  (   121,016 rd   +    28,887 wr)
==36537== LLd misses:        23,512  (     5,187 rd   +    18,325 wr)
==36537== D1  miss rate:        1.0% (       1.2%     +       0.6%  )
==36537== LLd miss rate:        0.2% (       0.1%     +       0.4%  )
==36537== 
==36537== LL refs:          151,437  (   122,550 rd   +    28,887 wr)
==36537== LL misses:         25,026  (     6,701 rd   +    18,325 wr)
==36537== LL miss rate:         0.0% (       0.0%     +       0.4%  )
