==29999== Cachegrind, a cache and branch-prediction profiler
==29999== Copyright (C) 2002-2017, and GNU GPL'd, by Nicholas Nethercote et al.
==29999== Using Valgrind-3.16.1 and LibVEX; rerun with -h for copyright info
==29999== Command: ./kmeans-small ../datasets/yeast 1484 8 10
==29999== 
--29999-- warning: L3 cache found, using its data for the LL simulation.
--29999-- warning: specified LL cache: line_size 64  assoc 11  total_size 25,952,256
--29999-- warning: simulated LL cache: line_size 64  assoc 12  total_size 25,165,824
BIP cache replacement will be used
BIP Throttle parameter is set to 0.031250
==29999== 
==29999== I   refs:      56,157,743
==29999== I1  misses:       197,525
==29999== LLi misses:         1,470
==29999== I1  miss rate:       0.35%
==29999== LLi miss rate:       0.00%
==29999== 
==29999== D   refs:      15,831,282  (13,089,293 rd   + 2,741,989 wr)
==29999== D1  misses:       152,608  (   130,184 rd   +    22,424 wr)
==29999== LLd misses:         4,979  (     2,162 rd   +     2,817 wr)
==29999== D1  miss rate:        1.0% (       1.0%     +       0.8%  )
==29999== LLd miss rate:        0.0% (       0.0%     +       0.1%  )
==29999== 
==29999== LL refs:          350,133  (   327,709 rd   +    22,424 wr)
==29999== LL misses:          6,449  (     3,632 rd   +     2,817 wr)
==29999== LL miss rate:         0.0% (       0.0%     +       0.1%  )
