==46188== Cachegrind, a cache and branch-prediction profiler
==46188== Copyright (C) 2002-2017, and GNU GPL'd, by Nicholas Nethercote et al.
==46188== Using Valgrind-3.16.1 and LibVEX; rerun with -h for copyright info
==46188== Command: ./me-small
==46188== 
--46188-- warning: L3 cache found, using its data for the LL simulation.
--46188-- warning: specified LL cache: line_size 64  assoc 11  total_size 25,952,256
--46188-- warning: simulated LL cache: line_size 64  assoc 12  total_size 25,165,824
LRU cache replacement will be used
==46188== 
==46188== I   refs:      47,322,214
==46188== I1  misses:         1,440
==46188== LLi misses:         1,437
==46188== I1  miss rate:       0.00%
==46188== LLi miss rate:       0.00%
==46188== 
==46188== D   refs:       7,814,012  (7,203,498 rd   + 610,514 wr)
==46188== D1  misses:        17,874  (    2,149 rd   +  15,725 wr)
==46188== LLd misses:        17,874  (    2,149 rd   +  15,725 wr)
==46188== D1  miss rate:        0.2% (      0.0%     +     2.6%  )
==46188== LLd miss rate:        0.2% (      0.0%     +     2.6%  )
==46188== 
==46188== LL refs:           19,314  (    3,589 rd   +  15,725 wr)
==46188== LL misses:         19,311  (    3,586 rd   +  15,725 wr)
==46188== LL miss rate:         0.0% (      0.0%     +     2.6%  )
