==33498== Cachegrind, a cache and branch-prediction profiler
==33498== Copyright (C) 2002-2017, and GNU GPL'd, by Nicholas Nethercote et al.
==33498== Using Valgrind-3.16.1 and LibVEX; rerun with -h for copyright info
==33498== Command: ./spc-small ../datasets/R15 600 2 15 0.707 1 2
==33498== 
--33498-- warning: L3 cache found, using its data for the LL simulation.
--33498-- warning: specified LL cache: line_size 64  assoc 11  total_size 25,952,256
--33498-- warning: simulated LL cache: line_size 64  assoc 12  total_size 25,165,824
BIP cache replacement will be used
BIP Throttle parameter is set to 0.031250
==33498== 
==33498== I   refs:      217,405
==33498== I1  misses:      1,707
==33498== LLi misses:      1,090
==33498== I1  miss rate:    0.79%
==33498== LLi miss rate:    0.50%
==33498== 
==33498== D   refs:       69,324  (54,846 rd   + 14,478 wr)
==33498== D1  misses:      4,783  ( 3,942 rd   +    841 wr)
==33498== LLd misses:      2,797  ( 2,191 rd   +    606 wr)
==33498== D1  miss rate:     6.9% (   7.2%     +    5.8%  )
==33498== LLd miss rate:     4.0% (   4.0%     +    4.2%  )
==33498== 
==33498== LL refs:         6,490  ( 5,649 rd   +    841 wr)
==33498== LL misses:       3,887  ( 3,281 rd   +    606 wr)
==33498== LL miss rate:      1.4% (   1.2%     +    4.2%  )
