==22936== Cachegrind, a cache and branch-prediction profiler
==22936== Copyright (C) 2002-2017, and GNU GPL'd, by Nicholas Nethercote et al.
==22936== Using Valgrind-3.16.1 and LibVEX; rerun with -h for copyright info
==22936== Command: ./sift .
==22936== 
--22936-- warning: L3 cache found, using its data for the LL simulation.
--22936-- warning: specified LL cache: line_size 64  assoc 11  total_size 25,952,256
--22936-- warning: simulated LL cache: line_size 64  assoc 12  total_size 25,165,824
LIP cache replacement will be used
==22936== brk segment overflow in thread #1: can't grow to 0x4a36000
==22936== (see section Limitations in user manual)
==22936== NOTE: further instances of this message will not be shown
==22936== 
==22936== I   refs:      1,142,732,445
==22936== I1  misses:            4,620
==22936== LLi misses:            2,070
==22936== I1  miss rate:          0.00%
==22936== LLi miss rate:          0.00%
==22936== 
==22936== D   refs:        350,629,227  (243,842,190 rd   + 106,787,037 wr)
==22936== D1  misses:        9,948,663  (  8,195,290 rd   +   1,753,373 wr)
==22936== LLd misses:          897,310  (    311,556 rd   +     585,754 wr)
==22936== D1  miss rate:           2.8% (        3.4%     +         1.6%  )
==22936== LLd miss rate:           0.3% (        0.1%     +         0.5%  )
==22936== 
==22936== LL refs:           9,953,283  (  8,199,910 rd   +   1,753,373 wr)
==22936== LL misses:           899,380  (    313,626 rd   +     585,754 wr)
==22936== LL miss rate:            0.1% (        0.0%     +         0.5%  )
