==44034== Cachegrind, a cache and branch-prediction profiler
==44034== Copyright (C) 2002-2017, and GNU GPL'd, by Nicholas Nethercote et al.
==44034== Using Valgrind-3.16.1 and LibVEX; rerun with -h for copyright info
==44034== Command: ./lda-medium est .1 3 settings.txt medium/medium_data.dat random medium/results
==44034== 
--44034-- warning: L3 cache found, using its data for the LL simulation.
--44034-- warning: specified LL cache: line_size 64  assoc 11  total_size 25,952,256
--44034-- warning: simulated LL cache: line_size 64  assoc 12  total_size 25,165,824
Random cache replacement will be used
==44034== 
==44034== I   refs:      98,661,764,069
==44034== I1  misses:     7,697,883,635
==44034== LLi misses:             2,208
==44034== I1  miss rate:           7.80%
==44034== LLi miss rate:           0.00%
==44034== 
==44034== D   refs:      37,086,880,859  (28,183,827,341 rd   + 8,903,053,518 wr)
==44034== D1  misses:    13,789,887,086  (12,288,465,385 rd   + 1,501,421,701 wr)
==44034== LLd misses:            29,685  (         2,862 rd   +        26,823 wr)
==44034== D1  miss rate:           37.2% (          43.6%     +          16.9%  )
==44034== LLd miss rate:            0.0% (           0.0%     +           0.0%  )
==44034== 
==44034== LL refs:       21,487,770,721  (19,986,349,020 rd   + 1,501,421,701 wr)
==44034== LL misses:             31,893  (         5,070 rd   +        26,823 wr)
==44034== LL miss rate:             0.0% (           0.0%     +           0.0%  )
