==25939== Cachegrind, a cache and branch-prediction profiler
==25939== Copyright (C) 2002-2017, and GNU GPL'd, by Nicholas Nethercote et al.
==25939== Using Valgrind-3.16.1 and LibVEX; rerun with -h for copyright info
==25939== Command: ./tracking .
==25939== 
--25939-- warning: L3 cache found, using its data for the LL simulation.
--25939-- warning: specified LL cache: line_size 64  assoc 11  total_size 25,952,256
--25939-- warning: simulated LL cache: line_size 64  assoc 12  total_size 25,165,824
Random cache replacement will be used
==25939== brk segment overflow in thread #1: can't grow to 0x5026000
==25939== (see section Limitations in user manual)
==25939== NOTE: further instances of this message will not be shown
==25939== 
==25939== I   refs:      7,862,359,172
==25939== I1  misses:          154,466
==25939== LLi misses:            4,967
==25939== I1  miss rate:          0.00%
==25939== LLi miss rate:          0.00%
==25939== 
==25939== D   refs:      2,585,046,542  (1,824,545,534 rd   + 760,501,008 wr)
==25939== D1  misses:       47,827,479  (   27,370,136 rd   +  20,457,343 wr)
==25939== LLd misses:       11,140,554  (    3,690,520 rd   +   7,450,034 wr)
==25939== D1  miss rate:           1.9% (          1.5%     +         2.7%  )
==25939== LLd miss rate:           0.4% (          0.2%     +         1.0%  )
==25939== 
==25939== LL refs:          47,981,945  (   27,524,602 rd   +  20,457,343 wr)
==25939== LL misses:        11,145,521  (    3,695,487 rd   +   7,450,034 wr)
==25939== LL miss rate:            0.1% (          0.0%     +         1.0%  )
