==19644== Cachegrind, a cache and branch-prediction profiler
==19644== Copyright (C) 2002-2017, and GNU GPL'd, by Nicholas Nethercote et al.
==19644== Using Valgrind-3.16.1 and LibVEX; rerun with -h for copyright info
==19644== Command: ./mser .
==19644== 
--19644-- warning: L3 cache found, using its data for the LL simulation.
--19644-- warning: specified LL cache: line_size 64  assoc 11  total_size 25,952,256
--19644-- warning: simulated LL cache: line_size 64  assoc 12  total_size 25,165,824
Random cache replacement will be used
==19644== 
==19644== I   refs:      157,426,193
==19644== I1  misses:          1,498
==19644== LLi misses:          1,493
==19644== I1  miss rate:        0.00%
==19644== LLi miss rate:        0.00%
==19644== 
==19644== D   refs:       59,523,786  (40,510,722 rd   + 19,013,064 wr)
==19644== D1  misses:        271,193  (   182,089 rd   +     89,104 wr)
==19644== LLd misses:         72,769  (     3,850 rd   +     68,919 wr)
==19644== D1  miss rate:         0.5% (       0.4%     +        0.5%  )
==19644== LLd miss rate:         0.1% (       0.0%     +        0.4%  )
==19644== 
==19644== LL refs:           272,691  (   183,587 rd   +     89,104 wr)
==19644== LL misses:          74,262  (     5,343 rd   +     68,919 wr)
==19644== LL miss rate:          0.0% (       0.0%     +        0.4%  )
