==51035== Cachegrind, a cache and branch-prediction profiler
==51035== Copyright (C) 2002-2017, and GNU GPL'd, by Nicholas Nethercote et al.
==51035== Using Valgrind-3.16.1 and LibVEX; rerun with -h for copyright info
==51035== Command: ./rbm-large
==51035== 
--51035-- warning: L3 cache found, using its data for the LL simulation.
--51035-- warning: specified LL cache: line_size 64  assoc 11  total_size 25,952,256
--51035-- warning: simulated LL cache: line_size 64  assoc 12  total_size 25,165,824
LIP cache replacement will be used
==51035== 
==51035== I   refs:      119,676,070,063
==51035== I1  misses:              1,472
==51035== LLi misses:              1,467
==51035== I1  miss rate:            0.00%
==51035== LLi miss rate:            0.00%
==51035== 
==51035== D   refs:       35,862,087,164  (27,106,383,010 rd   + 8,755,704,154 wr)
==51035== D1  misses:      1,773,348,452  ( 1,429,305,231 rd   +   344,043,221 wr)
==51035== LLd misses:             54,278  (        30,133 rd   +        24,145 wr)
==51035== D1  miss rate:             4.9% (           5.3%     +           3.9%  )
==51035== LLd miss rate:             0.0% (           0.0%     +           0.0%  )
==51035== 
==51035== LL refs:         1,773,349,924  ( 1,429,306,703 rd   +   344,043,221 wr)
==51035== LL misses:              55,745  (        31,600 rd   +        24,145 wr)
==51035== LL miss rate:              0.0% (           0.0%     +           0.0%  )
