==48986== Cachegrind, a cache and branch-prediction profiler
==48986== Copyright (C) 2002-2017, and GNU GPL'd, by Nicholas Nethercote et al.
==48986== Using Valgrind-3.16.1 and LibVEX; rerun with -h for copyright info
==48986== Command: ./pca-large large.data 5000 1059 R
==48986== 
--48986-- warning: L3 cache found, using its data for the LL simulation.
--48986-- warning: specified LL cache: line_size 64  assoc 11  total_size 25,952,256
--48986-- warning: simulated LL cache: line_size 64  assoc 12  total_size 25,165,824
FIFO cache replacement will be used
==48986== brk segment overflow in thread #1: can't grow to 0x4a35000
==48986== (see section Limitations in user manual)
==48986== NOTE: further instances of this message will not be shown
==48986== 
==48986== I   refs:      71,275,145,879
==48986== I1  misses:             1,643
==48986== LLi misses:             1,639
==48986== I1  miss rate:           0.00%
==48986== LLi miss rate:           0.00%
==48986== 
==48986== D   refs:      28,625,035,472  (20,878,881,322 rd   + 7,746,154,150 wr)
==48986== D1  misses:     3,312,446,988  ( 3,310,128,051 rd   +     2,318,937 wr)
==48986== LLd misses:           926,215  (       438,389 rd   +       487,826 wr)
==48986== D1  miss rate:           11.6% (          15.9%     +           0.0%  )
==48986== LLd miss rate:            0.0% (           0.0%     +           0.0%  )
==48986== 
==48986== LL refs:        3,312,448,631  ( 3,310,129,694 rd   +     2,318,937 wr)
==48986== LL misses:            927,854  (       440,028 rd   +       487,826 wr)
==48986== LL miss rate:             0.0% (           0.0%     +           0.0%  )
