==20027== Cachegrind, a cache and branch-prediction profiler
==20027== Copyright (C) 2002-2017, and GNU GPL'd, by Nicholas Nethercote et al.
==20027== Using Valgrind-3.16.1 and LibVEX; rerun with -h for copyright info
==20027== Command: ./srr-large
==20027== 
--20027-- warning: L3 cache found, using its data for the LL simulation.
--20027-- warning: specified LL cache: line_size 64  assoc 11  total_size 25,952,256
--20027-- warning: simulated LL cache: line_size 64  assoc 12  total_size 25,165,824
LIP cache replacement will be used
==20027== brk segment overflow in thread #1: can't grow to 0x4a4b000
==20027== (see section Limitations in user manual)
==20027== NOTE: further instances of this message will not be shown
==20027== 
==20027== I   refs:      919,217,731,559
==20027== I1  misses:              1,560
==20027== LLi misses:              1,557
==20027== I1  miss rate:            0.00%
==20027== LLi miss rate:            0.00%
==20027== 
==20027== D   refs:      356,699,040,284  (240,279,389,404 rd   + 116,419,650,880 wr)
==20027== D1  misses:        174,985,462  (    169,506,418 rd   +       5,479,044 wr)
==20027== LLd misses:        144,600,180  (    141,436,843 rd   +       3,163,337 wr)
==20027== D1  miss rate:             0.0% (            0.1%     +             0.0%  )
==20027== LLd miss rate:             0.0% (            0.1%     +             0.0%  )
==20027== 
==20027== LL refs:           174,987,022  (    169,507,978 rd   +       5,479,044 wr)
==20027== LL misses:         144,601,737  (    141,438,400 rd   +       3,163,337 wr)
==20027== LL miss rate:              0.0% (            0.0%     +             0.0%  )
