==38384== Cachegrind, a cache and branch-prediction profiler
==38384== Copyright (C) 2002-2017, and GNU GPL'd, by Nicholas Nethercote et al.
==38384== Using Valgrind-3.16.1 and LibVEX; rerun with -h for copyright info
==38384== Command: ./texture_synthesis .
==38384== 
--38384-- warning: L3 cache found, using its data for the LL simulation.
--38384-- warning: specified LL cache: line_size 64  assoc 11  total_size 25,952,256
--38384-- warning: simulated LL cache: line_size 64  assoc 12  total_size 25,165,824
FIFO cache replacement will be used
==38384== 
==38384== I   refs:      108,075,087,492
==38384== I1  misses:        283,404,116
==38384== LLi misses:              1,586
==38384== I1  miss rate:            0.26%
==38384== LLi miss rate:            0.00%
==38384== 
==38384== D   refs:       28,920,419,482  (26,973,975,417 rd   + 1,946,444,065 wr)
==38384== D1  misses:      3,201,391,965  ( 3,086,701,231 rd   +   114,690,734 wr)
==38384== LLd misses:            291,497  (         2,331 rd   +       289,166 wr)
==38384== D1  miss rate:            11.1% (          11.4%     +           5.9%  )
==38384== LLd miss rate:             0.0% (           0.0%     +           0.0%  )
==38384== 
==38384== LL refs:         3,484,796,081  ( 3,370,105,347 rd   +   114,690,734 wr)
==38384== LL misses:             293,083  (         3,917 rd   +       289,166 wr)
==38384== LL miss rate:              0.0% (           0.0%     +           0.0%  )
