==25629== Cachegrind, a cache and branch-prediction profiler
==25629== Copyright (C) 2002-2017, and GNU GPL'd, by Nicholas Nethercote et al.
==25629== Using Valgrind-3.16.1 and LibVEX; rerun with -h for copyright info
==25629== Command: ./sift .
==25629== 
--25629-- warning: L3 cache found, using its data for the LL simulation.
--25629-- warning: specified LL cache: line_size 64  assoc 11  total_size 25,952,256
--25629-- warning: simulated LL cache: line_size 64  assoc 12  total_size 25,165,824
LIP cache replacement will be used
==25629== 
==25629== I   refs:      288,804,921
==25629== I1  misses:          2,760
==25629== LLi misses:          1,928
==25629== I1  miss rate:        0.00%
==25629== LLi miss rate:        0.00%
==25629== 
==25629== D   refs:       87,842,244  (61,419,192 rd   + 26,423,052 wr)
==25629== D1  misses:      9,710,950  ( 8,717,211 rd   +    993,739 wr)
==25629== LLd misses:        178,624  (    22,993 rd   +    155,631 wr)
==25629== D1  miss rate:        11.1% (      14.2%     +        3.8%  )
==25629== LLd miss rate:         0.2% (       0.0%     +        0.6%  )
==25629== 
==25629== LL refs:         9,713,710  ( 8,719,971 rd   +    993,739 wr)
==25629== LL misses:         180,552  (    24,921 rd   +    155,631 wr)
==25629== LL miss rate:          0.0% (       0.0%     +        0.6%  )
