==37045== Cachegrind, a cache and branch-prediction profiler
==37045== Copyright (C) 2002-2017, and GNU GPL'd, by Nicholas Nethercote et al.
==37045== Using Valgrind-3.16.1 and LibVEX; rerun with -h for copyright info
==37045== Command: ./disparity .
==37045== 
--37045-- warning: L3 cache found, using its data for the LL simulation.
--37045-- warning: specified LL cache: line_size 64  assoc 11  total_size 25,952,256
--37045-- warning: simulated LL cache: line_size 64  assoc 12  total_size 25,165,824
LRU cache replacement will be used
==37045== 
==37045== I   refs:      126,238,832
==37045== I1  misses:          1,537
==37045== LLi misses:          1,501
==37045== I1  miss rate:        0.00%
==37045== LLi miss rate:        0.00%
==37045== 
==37045== D   refs:       50,959,897  (34,248,432 rd   + 16,711,465 wr)
==37045== D1  misses:        601,133  (   298,046 rd   +    303,087 wr)
==37045== LLd misses:         20,641  (     2,251 rd   +     18,390 wr)
==37045== D1  miss rate:         1.2% (       0.9%     +        1.8%  )
==37045== LLd miss rate:         0.0% (       0.0%     +        0.1%  )
==37045== 
==37045== LL refs:           602,670  (   299,583 rd   +    303,087 wr)
==37045== LL misses:          22,142  (     3,752 rd   +     18,390 wr)
==37045== LL miss rate:          0.0% (       0.0%     +        0.1%  )
