==19188== Cachegrind, a cache and branch-prediction profiler
==19188== Copyright (C) 2002-2017, and GNU GPL'd, by Nicholas Nethercote et al.
==19188== Using Valgrind-3.16.1 and LibVEX; rerun with -h for copyright info
==19188== Command: ./mser .
==19188== 
--19188-- warning: L3 cache found, using its data for the LL simulation.
--19188-- warning: specified LL cache: line_size 64  assoc 11  total_size 25,952,256
--19188-- warning: simulated LL cache: line_size 64  assoc 12  total_size 25,165,824
LRU cache replacement will be used
==19188== 
==19188== I   refs:      157,426,193
==19188== I1  misses:         22,956
==19188== LLi misses:          1,493
==19188== I1  miss rate:        0.01%
==19188== LLi miss rate:        0.00%
==19188== 
==19188== D   refs:       59,523,786  (40,510,722 rd   + 19,013,064 wr)
==19188== D1  misses:      1,603,653  ( 1,356,532 rd   +    247,121 wr)
==19188== LLd misses:         71,091  (     2,246 rd   +     68,845 wr)
==19188== D1  miss rate:         2.7% (       3.3%     +        1.3%  )
==19188== LLd miss rate:         0.1% (       0.0%     +        0.4%  )
==19188== 
==19188== LL refs:         1,626,609  ( 1,379,488 rd   +    247,121 wr)
==19188== LL misses:          72,584  (     3,739 rd   +     68,845 wr)
==19188== LL miss rate:          0.0% (       0.0%     +        0.4%  )
