==46395== Cachegrind, a cache and branch-prediction profiler
==46395== Copyright (C) 2002-2017, and GNU GPL'd, by Nicholas Nethercote et al.
==46395== Using Valgrind-3.16.1 and LibVEX; rerun with -h for copyright info
==46395== Command: ./me-small
==46395== 
--46395-- warning: L3 cache found, using its data for the LL simulation.
--46395-- warning: specified LL cache: line_size 64  assoc 11  total_size 25,952,256
--46395-- warning: simulated LL cache: line_size 64  assoc 12  total_size 25,165,824
Random cache replacement will be used
==46395== 
==46395== I   refs:      47,322,202
==46395== I1  misses:       122,002
==46395== LLi misses:         1,459
==46395== I1  miss rate:       0.26%
==46395== LLi miss rate:       0.00%
==46395== 
==46395== D   refs:       7,814,010  (7,203,497 rd   + 610,513 wr)
==46395== D1  misses:       238,844  (  187,066 rd   +  51,778 wr)
==46395== LLd misses:        17,878  (    2,151 rd   +  15,727 wr)
==46395== D1  miss rate:        3.1% (      2.6%     +     8.5%  )
==46395== LLd miss rate:        0.2% (      0.0%     +     2.6%  )
==46395== 
==46395== LL refs:          360,846  (  309,068 rd   +  51,778 wr)
==46395== LL misses:         19,337  (    3,610 rd   +  15,727 wr)
==46395== LL miss rate:         0.0% (      0.0%     +     2.6%  )
