==37645== Cachegrind, a cache and branch-prediction profiler
==37645== Copyright (C) 2002-2017, and GNU GPL'd, by Nicholas Nethercote et al.
==37645== Using Valgrind-3.16.1 and LibVEX; rerun with -h for copyright info
==37645== Command: ./disparity .
==37645== 
--37645-- warning: L3 cache found, using its data for the LL simulation.
--37645-- warning: specified LL cache: line_size 64  assoc 11  total_size 25,952,256
--37645-- warning: simulated LL cache: line_size 64  assoc 12  total_size 25,165,824
BIP cache replacement will be used
BIP Throttle parameter is set to 0.062500
==37645== 
==37645== I   refs:      126,238,856
==37645== I1  misses:      1,173,355
==37645== LLi misses:          1,561
==37645== I1  miss rate:        0.93%
==37645== LLi miss rate:        0.00%
==37645== 
==37645== D   refs:       50,959,901  (34,248,434 rd   + 16,711,467 wr)
==37645== D1  misses:      6,450,414  ( 4,204,860 rd   +  2,245,554 wr)
==37645== LLd misses:         20,684  (     2,293 rd   +     18,391 wr)
==37645== D1  miss rate:        12.7% (      12.3%     +       13.4%  )
==37645== LLd miss rate:         0.0% (       0.0%     +        0.1%  )
==37645== 
==37645== LL refs:         7,623,769  ( 5,378,215 rd   +  2,245,554 wr)
==37645== LL misses:          22,245  (     3,854 rd   +     18,391 wr)
==37645== LL miss rate:          0.0% (       0.0%     +        0.1%  )
