==26699== Cachegrind, a cache and branch-prediction profiler
==26699== Copyright (C) 2002-2017, and GNU GPL'd, by Nicholas Nethercote et al.
==26699== Using Valgrind-3.16.1 and LibVEX; rerun with -h for copyright info
==26699== Command: ./tracking .
==26699== 
--26699-- warning: L3 cache found, using its data for the LL simulation.
--26699-- warning: specified LL cache: line_size 64  assoc 11  total_size 25,952,256
--26699-- warning: simulated LL cache: line_size 64  assoc 12  total_size 25,165,824
Random cache replacement will be used
==26699== 
==26699== I   refs:      426,561,191
==26699== I1  misses:          7,065
==26699== LLi misses:          1,815
==26699== I1  miss rate:        0.00%
==26699== LLi miss rate:        0.00%
==26699== 
==26699== D   refs:      140,543,721  (98,243,013 rd   + 42,300,708 wr)
==26699== D1  misses:      2,280,412  ( 1,246,245 rd   +  1,034,167 wr)
==26699== LLd misses:        102,054  (     3,689 rd   +     98,365 wr)
==26699== D1  miss rate:         1.6% (       1.3%     +        2.4%  )
==26699== LLd miss rate:         0.1% (       0.0%     +        0.2%  )
==26699== 
==26699== LL refs:         2,287,477  ( 1,253,310 rd   +  1,034,167 wr)
==26699== LL misses:         103,869  (     5,504 rd   +     98,365 wr)
==26699== LL miss rate:          0.0% (       0.0%     +        0.2%  )
