==48276== Cachegrind, a cache and branch-prediction profiler
==48276== Copyright (C) 2002-2017, and GNU GPL'd, by Nicholas Nethercote et al.
==48276== Using Valgrind-3.16.1 and LibVEX; rerun with -h for copyright info
==48276== Command: ./liblinear-tsmall data/100M/crime_scale
==48276== 
--48276-- warning: L3 cache found, using its data for the LL simulation.
--48276-- warning: specified LL cache: line_size 64  assoc 11  total_size 25,952,256
--48276-- warning: simulated LL cache: line_size 64  assoc 12  total_size 25,165,824
BIP cache replacement will be used
BIP Throttle parameter is set to 0.015625
==48276== 
==48276== I   refs:      475,760,499
==48276== I1  misses:          1,817
==48276== LLi misses:          1,812
==48276== I1  miss rate:        0.00%
==48276== LLi miss rate:        0.00%
==48276== 
==48276== D   refs:      169,726,964  (132,316,255 rd   + 37,410,709 wr)
==48276== D1  misses:      2,293,029  (  2,228,873 rd   +     64,156 wr)
==48276== LLd misses:        207,175  (    143,462 rd   +     63,713 wr)
==48276== D1  miss rate:         1.4% (        1.7%     +        0.2%  )
==48276== LLd miss rate:         0.1% (        0.1%     +        0.2%  )
==48276== 
==48276== LL refs:         2,294,846  (  2,230,690 rd   +     64,156 wr)
==48276== LL misses:         208,987  (    145,274 rd   +     63,713 wr)
==48276== LL miss rate:          0.0% (        0.0%     +        0.2%  )
