==23890== Cachegrind, a cache and branch-prediction profiler
==23890== Copyright (C) 2002-2017, and GNU GPL'd, by Nicholas Nethercote et al.
==23890== Using Valgrind-3.16.1 and LibVEX; rerun with -h for copyright info
==23890== Command: ./sift .
==23890== 
--23890-- warning: L3 cache found, using its data for the LL simulation.
--23890-- warning: specified LL cache: line_size 64  assoc 11  total_size 25,952,256
--23890-- warning: simulated LL cache: line_size 64  assoc 12  total_size 25,165,824
BIP cache replacement will be used
BIP Throttle parameter is set to 0.015625
==23890== brk segment overflow in thread #1: can't grow to 0x4a36000
==23890== (see section Limitations in user manual)
==23890== NOTE: further instances of this message will not be shown
==23890== 
==23890== I   refs:      1,142,732,445
==23890== I1  misses:            1,801
==23890== LLi misses:            1,796
==23890== I1  miss rate:          0.00%
==23890== LLi miss rate:          0.00%
==23890== 
==23890== D   refs:        350,629,227  (243,842,190 rd   + 106,787,037 wr)
==23890== D1  misses:        1,038,454  (    423,159 rd   +     615,295 wr)
==23890== LLd misses:        1,031,884  (    417,699 rd   +     614,185 wr)
==23890== D1  miss rate:           0.3% (        0.2%     +         0.6%  )
==23890== LLd miss rate:           0.3% (        0.2%     +         0.6%  )
==23890== 
==23890== LL refs:           1,040,255  (    424,960 rd   +     615,295 wr)
==23890== LL misses:         1,033,680  (    419,495 rd   +     614,185 wr)
==23890== LL miss rate:            0.1% (        0.0%     +         0.6%  )
