==53668== Cachegrind, a cache and branch-prediction profiler
==53668== Copyright (C) 2002-2017, and GNU GPL'd, by Nicholas Nethercote et al.
==53668== Using Valgrind-3.16.1 and LibVEX; rerun with -h for copyright info
==53668== Command: ./rbm-small
==53668== 
--53668-- warning: L3 cache found, using its data for the LL simulation.
--53668-- warning: specified LL cache: line_size 64  assoc 11  total_size 25,952,256
--53668-- warning: simulated LL cache: line_size 64  assoc 12  total_size 25,165,824
FIFO cache replacement will be used
==53668== 
==53668== I   refs:      21,565,340
==53668== I1  misses:        12,194
==53668== LLi misses:         1,467
==53668== I1  miss rate:       0.06%
==53668== LLi miss rate:       0.01%
==53668== 
==53668== D   refs:       6,380,275  (4,924,851 rd   + 1,455,424 wr)
==53668== D1  misses:       186,262  (  143,232 rd   +    43,030 wr)
==53668== LLd misses:         3,557  (    2,611 rd   +       946 wr)
==53668== D1  miss rate:        2.9% (      2.9%     +       3.0%  )
==53668== LLd miss rate:        0.1% (      0.1%     +       0.1%  )
==53668== 
==53668== LL refs:          198,456  (  155,426 rd   +    43,030 wr)
==53668== LL misses:          5,024  (    4,078 rd   +       946 wr)
==53668== LL miss rate:         0.0% (      0.0%     +       0.1%  )
