==23253== Cachegrind, a cache and branch-prediction profiler
==23253== Copyright (C) 2002-2017, and GNU GPL'd, by Nicholas Nethercote et al.
==23253== Using Valgrind-3.16.1 and LibVEX; rerun with -h for copyright info
==23253== Command: ./pca-large large.data 5000 1059 R
==23253== 
--23253-- warning: L3 cache found, using its data for the LL simulation.
--23253-- warning: specified LL cache: line_size 64  assoc 11  total_size 25,952,256
--23253-- warning: simulated LL cache: line_size 64  assoc 12  total_size 25,165,824
BIP cache replacement will be used
BIP Throttle parameter is set to 0.031250
==23253== brk segment overflow in thread #1: can't grow to 0x4a35000
==23253== (see section Limitations in user manual)
==23253== NOTE: further instances of this message will not be shown
==23253== 
==23253== I   refs:      71,275,146,040
==23253== I1  misses:       508,732,324
==23253== LLi misses:             1,832
==23253== I1  miss rate:           0.71%
==23253== LLi miss rate:           0.00%
==23253== 
==23253== D   refs:      28,625,035,497  (20,878,881,346 rd   + 7,746,154,151 wr)
==23253== D1  misses:    10,272,288,392  (10,236,876,499 rd   +    35,411,893 wr)
==23253== LLd misses:         1,045,780  (       324,496 rd   +       721,284 wr)
==23253== D1  miss rate:           35.9% (          49.0%     +           0.5%  )
==23253== LLd miss rate:            0.0% (           0.0%     +           0.0%  )
==23253== 
==23253== LL refs:       10,781,020,716  (10,745,608,823 rd   +    35,411,893 wr)
==23253== LL misses:          1,047,612  (       326,328 rd   +       721,284 wr)
==23253== LL miss rate:             0.0% (           0.0%     +           0.0%  )
