==39486== Cachegrind, a cache and branch-prediction profiler
==39486== Copyright (C) 2002-2017, and GNU GPL'd, by Nicholas Nethercote et al.
==39486== Using Valgrind-3.16.1 and LibVEX; rerun with -h for copyright info
==39486== Command: ./mser .
==39486== 
--39486-- warning: L3 cache found, using its data for the LL simulation.
--39486-- warning: specified LL cache: line_size 64  assoc 11  total_size 25,952,256
--39486-- warning: simulated LL cache: line_size 64  assoc 12  total_size 25,165,824
LRU cache replacement will be used
==39486== 
==39486== I   refs:      3,307,919
==39486== I1  misses:       88,005
==39486== LLi misses:        1,504
==39486== I1  miss rate:      2.66%
==39486== LLi miss rate:      0.05%
==39486== 
==39486== D   refs:      1,219,671  (835,960 rd   + 383,711 wr)
==39486== D1  misses:       69,709  ( 57,872 rd   +  11,837 wr)
==39486== LLd misses:        4,354  (  2,251 rd   +   2,103 wr)
==39486== D1  miss rate:       5.7% (    6.9%     +     3.1%  )
==39486== LLd miss rate:       0.4% (    0.3%     +     0.5%  )
==39486== 
==39486== LL refs:         157,714  (145,877 rd   +  11,837 wr)
==39486== LL misses:         5,858  (  3,755 rd   +   2,103 wr)
==39486== LL miss rate:        0.1% (    0.1%     +     0.5%  )
