==53108== Cachegrind, a cache and branch-prediction profiler
==53108== Copyright (C) 2002-2017, and GNU GPL'd, by Nicholas Nethercote et al.
==53108== Using Valgrind-3.16.1 and LibVEX; rerun with -h for copyright info
==53108== Command: ./pca-medium medium.data 722 800 R
==53108== 
--53108-- warning: L3 cache found, using its data for the LL simulation.
--53108-- warning: specified LL cache: line_size 64  assoc 11  total_size 25,952,256
--53108-- warning: simulated LL cache: line_size 64  assoc 12  total_size 25,165,824
LRU cache replacement will be used
==53108== 
==53108== I   refs:      14,218,322,069
==53108== I1  misses:             1,635
==53108== LLi misses:             1,631
==53108== I1  miss rate:           0.00%
==53108== LLi miss rate:           0.00%
==53108== 
==53108== D   refs:       5,351,602,366  (4,031,779,695 rd   + 1,319,822,671 wr)
==53108== D1  misses:        70,003,205  (   69,271,643 rd   +       731,562 wr)
==53108== LLd misses:           120,124  (        2,274 rd   +       117,850 wr)
==53108== D1  miss rate:            1.3% (          1.7%     +           0.1%  )
==53108== LLd miss rate:            0.0% (          0.0%     +           0.0%  )
==53108== 
==53108== LL refs:           70,004,840  (   69,273,278 rd   +       731,562 wr)
==53108== LL misses:            121,755  (        3,905 rd   +       117,850 wr)
==53108== LL miss rate:             0.0% (          0.0%     +           0.0%  )
