==28097== Cachegrind, a cache and branch-prediction profiler
==28097== Copyright (C) 2002-2017, and GNU GPL'd, by Nicholas Nethercote et al.
==28097== Using Valgrind-3.16.1 and LibVEX; rerun with -h for copyright info
==28097== Command: ./mser .
==28097== 
--28097-- warning: L3 cache found, using its data for the LL simulation.
--28097-- warning: specified LL cache: line_size 64  assoc 11  total_size 25,952,256
--28097-- warning: simulated LL cache: line_size 64  assoc 12  total_size 25,165,824
FIFO cache replacement will be used
==28097== 
==28097== Process terminating with default action of signal 15 (SIGTERM)
==28097==    at 0x50DC14F: read (read.c:27)
==28097==    by 0x5059217: _IO_file_underflow@@GLIBC_2.2.5 (fileops.c:531)
==28097==    by 0x5057817: _IO_file_xsgetn (fileops.c:1344)
==28097==    by 0x504B4A0: fread (iofread.c:38)
==28097==    by 0x109350: readImage (in /home/tkloda/cortexsuite/vision/benchmarks/mser/data/fullhd/mser)
==28097==    by 0x108A87: main (in /home/tkloda/cortexsuite/vision/benchmarks/mser/data/fullhd/mser)
==28097== 
==28097== I   refs:      1,128,736,917
==28097== I1  misses:            1,178
==28097== LLi misses:            1,174
==28097== I1  miss rate:          0.00%
==28097== LLi miss rate:          0.00%
==28097== 
==28097== D   refs:        485,835,664  (331,793,919 rd   + 154,041,745 wr)
==28097== D1  misses:          195,489  (      9,414 rd   +     186,075 wr)
==28097== LLd misses:          187,901  (      2,228 rd   +     185,673 wr)
==28097== D1  miss rate:           0.0% (        0.0%     +         0.1%  )
==28097== LLd miss rate:           0.0% (        0.0%     +         0.1%  )
==28097== 
==28097== LL refs:             196,667  (     10,592 rd   +     186,075 wr)
==28097== LL misses:           189,075  (      3,402 rd   +     185,673 wr)
==28097== LL miss rate:            0.0% (        0.0%     +         0.1%  )
