==51900== Cachegrind, a cache and branch-prediction profiler
==51900== Copyright (C) 2002-2017, and GNU GPL'd, by Nicholas Nethercote et al.
==51900== Using Valgrind-3.16.1 and LibVEX; rerun with -h for copyright info
==51900== Command: ./a.out large.txt
==51900== 
--51900-- warning: L3 cache found, using its data for the LL simulation.
--51900-- warning: specified LL cache: line_size 64  assoc 11  total_size 25,952,256
--51900-- warning: simulated LL cache: line_size 64  assoc 12  total_size 25,165,824
BIP cache replacement will be used
BIP Throttle parameter is set to 0.031250
==51900== 
==51900== I   refs:      166,691,482,179
==51900== I1  misses:              1,789
==51900== LLi misses:              1,785
==51900== I1  miss rate:            0.00%
==51900== LLi miss rate:            0.00%
==51900== 
==51900== D   refs:      104,424,129,671  (95,529,538,740 rd   + 8,894,590,931 wr)
==51900== D1  misses:        171,464,483  (   170,860,609 rd   +       603,874 wr)
==51900== LLd misses:          1,124,569  (       759,633 rd   +       364,936 wr)
==51900== D1  miss rate:             0.2% (           0.2%     +           0.0%  )
==51900== LLd miss rate:             0.0% (           0.0%     +           0.0%  )
==51900== 
==51900== LL refs:           171,466,272  (   170,862,398 rd   +       603,874 wr)
==51900== LL misses:           1,126,354  (       761,418 rd   +       364,936 wr)
==51900== LL miss rate:              0.0% (           0.0%     +           0.0%  )
