==30797== Cachegrind, a cache and branch-prediction profiler
==30797== Copyright (C) 2002-2017, and GNU GPL'd, by Nicholas Nethercote et al.
==30797== Using Valgrind-3.16.1 and LibVEX; rerun with -h for copyright info
==30797== Command: ./stitch .
==30797== 
--30797-- warning: L3 cache found, using its data for the LL simulation.
--30797-- warning: specified LL cache: line_size 64  assoc 11  total_size 25,952,256
--30797-- warning: simulated LL cache: line_size 64  assoc 12  total_size 25,165,824
LRU cache replacement will be used
==30797== 
==30797== I   refs:      223,094,015
==30797== I1  misses:          1,687
==30797== LLi misses:          1,683
==30797== I1  miss rate:        0.00%
==30797== LLi miss rate:        0.00%
==30797== 
==30797== D   refs:       60,620,644  (44,316,440 rd   + 16,304,204 wr)
==30797== D1  misses:         57,621  (    26,340 rd   +     31,281 wr)
==30797== LLd misses:         23,693  (     2,267 rd   +     21,426 wr)
==30797== D1  miss rate:         0.1% (       0.1%     +        0.2%  )
==30797== LLd miss rate:         0.0% (       0.0%     +        0.1%  )
==30797== 
==30797== LL refs:            59,308  (    28,027 rd   +     31,281 wr)
==30797== LL misses:          25,376  (     3,950 rd   +     21,426 wr)
==30797== LL miss rate:          0.0% (       0.0%     +        0.1%  )
