==21120== Cachegrind, a cache and branch-prediction profiler
==21120== Copyright (C) 2002-2017, and GNU GPL'd, by Nicholas Nethercote et al.
==21120== Using Valgrind-3.16.1 and LibVEX; rerun with -h for copyright info
==21120== Command: ./disparity .
==21120== 
--21120-- warning: L3 cache found, using its data for the LL simulation.
--21120-- warning: specified LL cache: line_size 64  assoc 11  total_size 25,952,256
--21120-- warning: simulated LL cache: line_size 64  assoc 12  total_size 25,165,824
BIP cache replacement will be used
BIP Throttle parameter is set to 0.062500
==21120== 
==21120== I   refs:      463,775,462
==21120== I1  misses:          1,510
==21120== LLi misses:          1,494
==21120== I1  miss rate:        0.00%
==21120== LLi miss rate:        0.00%
==21120== 
==21120== D   refs:      187,796,937  (126,192,375 rd   + 61,604,562 wr)
==21120== D1  misses:     14,299,956  (  9,117,424 rd   +  5,182,532 wr)
==21120== LLd misses:         86,893  (      8,735 rd   +     78,158 wr)
==21120== D1  miss rate:         7.6% (        7.2%     +        8.4%  )
==21120== LLd miss rate:         0.0% (        0.0%     +        0.1%  )
==21120== 
==21120== LL refs:        14,301,466  (  9,118,934 rd   +  5,182,532 wr)
==21120== LL misses:          88,387  (     10,229 rd   +     78,158 wr)
==21120== LL miss rate:          0.0% (        0.0%     +        0.1%  )
