==24048== Cachegrind, a cache and branch-prediction profiler
==24048== Copyright (C) 2002-2017, and GNU GPL'd, by Nicholas Nethercote et al.
==24048== Using Valgrind-3.16.1 and LibVEX; rerun with -h for copyright info
==24048== Command: ./a.out small.txt
==24048== 
--24048-- warning: L3 cache found, using its data for the LL simulation.
--24048-- warning: specified LL cache: line_size 64  assoc 11  total_size 25,952,256
--24048-- warning: simulated LL cache: line_size 64  assoc 12  total_size 25,165,824
BIP cache replacement will be used
BIP Throttle parameter is set to 0.062500
==24048== 
==24048== I   refs:      219,666,598
==24048== I1  misses:          1,776
==24048== LLi misses:          1,758
==24048== I1  miss rate:        0.00%
==24048== LLi miss rate:        0.00%
==24048== 
==24048== D   refs:      128,686,220  (113,044,781 rd   + 15,641,439 wr)
==24048== D1  misses:          5,477  (      2,355 rd   +      3,122 wr)
==24048== LLd misses:          5,401  (      2,288 rd   +      3,113 wr)
==24048== D1  miss rate:         0.0% (        0.0%     +        0.0%  )
==24048== LLd miss rate:         0.0% (        0.0%     +        0.0%  )
==24048== 
==24048== LL refs:             7,253  (      4,131 rd   +      3,122 wr)
==24048== LL misses:           7,159  (      4,046 rd   +      3,113 wr)
==24048== LL miss rate:          0.0% (        0.0%     +        0.0%  )
