==51173== Cachegrind, a cache and branch-prediction profiler
==51173== Copyright (C) 2002-2017, and GNU GPL'd, by Nicholas Nethercote et al.
==51173== Using Valgrind-3.16.1 and LibVEX; rerun with -h for copyright info
==51173== Command: ./rbm-large
==51173== 
--51173-- warning: L3 cache found, using its data for the LL simulation.
--51173-- warning: specified LL cache: line_size 64  assoc 11  total_size 25,952,256
--51173-- warning: simulated LL cache: line_size 64  assoc 12  total_size 25,165,824
Random cache replacement will be used
==51173== 
==51173== I   refs:      119,676,070,063
==51173== I1  misses:              1,728
==51173== LLi misses:              1,476
==51173== I1  miss rate:            0.00%
==51173== LLi miss rate:            0.00%
==51173== 
==51173== D   refs:       35,862,087,164  (27,106,383,010 rd   + 8,755,704,154 wr)
==51173== D1  misses:      2,069,426,024  ( 1,724,573,179 rd   +   344,852,845 wr)
==51173== LLd misses:             46,872  (        23,234 rd   +        23,638 wr)
==51173== D1  miss rate:             5.8% (           6.4%     +           3.9%  )
==51173== LLd miss rate:             0.0% (           0.0%     +           0.0%  )
==51173== 
==51173== LL refs:         2,069,427,752  ( 1,724,574,907 rd   +   344,852,845 wr)
==51173== LL misses:              48,348  (        24,710 rd   +        23,638 wr)
==51173== LL miss rate:              0.0% (           0.0%     +           0.0%  )
