==49248== Cachegrind, a cache and branch-prediction profiler
==49248== Copyright (C) 2002-2017, and GNU GPL'd, by Nicholas Nethercote et al.
==49248== Using Valgrind-3.16.1 and LibVEX; rerun with -h for copyright info
==49248== Command: ./pca-large large.data 5000 1059 R
==49248== 
--49248-- warning: L3 cache found, using its data for the LL simulation.
--49248-- warning: specified LL cache: line_size 64  assoc 11  total_size 25,952,256
--49248-- warning: simulated LL cache: line_size 64  assoc 12  total_size 25,165,824
BIP cache replacement will be used
BIP Throttle parameter is set to 0.031250
==49248== brk segment overflow in thread #1: can't grow to 0x4a35000
==49248== (see section Limitations in user manual)
==49248== NOTE: further instances of this message will not be shown
==49248== 
==49248== I   refs:      71,275,145,879
==49248== I1  misses:             9,174
==49248== LLi misses:             1,684
==49248== I1  miss rate:           0.00%
==49248== LLi miss rate:           0.00%
==49248== 
==49248== D   refs:      28,625,035,472  (20,878,881,322 rd   + 7,746,154,150 wr)
==49248== D1  misses:     8,741,464,974  ( 8,739,060,678 rd   +     2,404,296 wr)
==49248== LLd misses:         6,222,469  (     5,427,516 rd   +       794,953 wr)
==49248== D1  miss rate:           30.5% (          41.9%     +           0.0%  )
==49248== LLd miss rate:            0.0% (           0.0%     +           0.0%  )
==49248== 
==49248== LL refs:        8,741,474,148  ( 8,739,069,852 rd   +     2,404,296 wr)
==49248== LL misses:          6,224,153  (     5,429,200 rd   +       794,953 wr)
==49248== LL miss rate:             0.0% (           0.0%     +           0.0%  )
