==30692== Cachegrind, a cache and branch-prediction profiler
==30692== Copyright (C) 2002-2017, and GNU GPL'd, by Nicholas Nethercote et al.
==30692== Using Valgrind-3.16.1 and LibVEX; rerun with -h for copyright info
==30692== Command: ./lda-small est .1 3 settings.txt small/small_data.dat random small/result
==30692== 
--30692-- warning: L3 cache found, using its data for the LL simulation.
--30692-- warning: specified LL cache: line_size 64  assoc 11  total_size 25,952,256
--30692-- warning: simulated LL cache: line_size 64  assoc 12  total_size 25,165,824
BIP cache replacement will be used
BIP Throttle parameter is set to 0.062500
==30692== 
==30692== I   refs:      27,045,338,983
==30692== I1  misses:             2,177
==30692== LLi misses:             2,173
==30692== I1  miss rate:           0.00%
==30692== LLi miss rate:           0.00%
==30692== 
==30692== D   refs:      10,229,785,756  (7,748,353,482 rd   + 2,481,432,274 wr)
==30692== D1  misses:            48,397  (       35,094 rd   +        13,303 wr)
==30692== LLd misses:            16,009  (        2,945 rd   +        13,064 wr)
==30692== D1  miss rate:            0.0% (          0.0%     +           0.0%  )
==30692== LLd miss rate:            0.0% (          0.0%     +           0.0%  )
==30692== 
==30692== LL refs:               50,574  (       37,271 rd   +        13,303 wr)
==30692== LL misses:             18,182  (        5,118 rd   +        13,064 wr)
==30692== LL miss rate:             0.0% (          0.0%     +           0.0%  )
