==53097== Cachegrind, a cache and branch-prediction profiler
==53097== Copyright (C) 2002-2017, and GNU GPL'd, by Nicholas Nethercote et al.
==53097== Using Valgrind-3.16.1 and LibVEX; rerun with -h for copyright info
==53097== Command: ./tracking .
==53097== 
--53097-- warning: L3 cache found, using its data for the LL simulation.
--53097-- warning: specified LL cache: line_size 64  assoc 11  total_size 25,952,256
--53097-- warning: simulated LL cache: line_size 64  assoc 12  total_size 25,165,824
BIP cache replacement will be used
BIP Throttle parameter is set to 0.031250
==53097== brk segment overflow in thread #1: can't grow to 0x4a37000
==53097== (see section Limitations in user manual)
==53097== NOTE: further instances of this message will not be shown
==53097== 
==53097== I   refs:      1,258,660,392
==53097== I1  misses:            1,733
==53097== LLi misses:            1,728
==53097== I1  miss rate:          0.00%
==53097== LLi miss rate:          0.00%
==53097== 
==53097== D   refs:        408,310,879  (288,791,462 rd   + 119,519,417 wr)
==53097== D1  misses:        3,776,334  (  1,681,407 rd   +   2,094,927 wr)
==53097== LLd misses:          426,761  (     87,964 rd   +     338,797 wr)
==53097== D1  miss rate:           0.9% (        0.6%     +         1.8%  )
==53097== LLd miss rate:           0.1% (        0.0%     +         0.3%  )
==53097== 
==53097== LL refs:           3,778,067  (  1,683,140 rd   +   2,094,927 wr)
==53097== LL misses:           428,489  (     89,692 rd   +     338,797 wr)
==53097== LL miss rate:            0.0% (        0.0%     +         0.3%  )
