==26375== Cachegrind, a cache and branch-prediction profiler
==26375== Copyright (C) 2002-2017, and GNU GPL'd, by Nicholas Nethercote et al.
==26375== Using Valgrind-3.16.1 and LibVEX; rerun with -h for copyright info
==26375== Command: ./sift .
==26375== 
--26375-- warning: L3 cache found, using its data for the LL simulation.
--26375-- warning: specified LL cache: line_size 64  assoc 11  total_size 25,952,256
--26375-- warning: simulated LL cache: line_size 64  assoc 12  total_size 25,165,824
BIP cache replacement will be used
BIP Throttle parameter is set to 0.031250
==26375== 
==26375== I   refs:      288,804,908
==26375== I1  misses:          1,799
==26375== LLi misses:          1,795
==26375== I1  miss rate:        0.00%
==26375== LLi miss rate:        0.00%
==26375== 
==26375== D   refs:       87,842,240  (61,419,190 rd   + 26,423,050 wr)
==26375== D1  misses:        273,508  (   116,755 rd   +    156,753 wr)
==26375== LLd misses:        261,896  (   106,122 rd   +    155,774 wr)
==26375== D1  miss rate:         0.3% (       0.2%     +        0.6%  )
==26375== LLd miss rate:         0.3% (       0.2%     +        0.6%  )
==26375== 
==26375== LL refs:           275,307  (   118,554 rd   +    156,753 wr)
==26375== LL misses:         263,691  (   107,917 rd   +    155,774 wr)
==26375== LL miss rate:          0.1% (       0.0%     +        0.6%  )
