==23097== Cachegrind, a cache and branch-prediction profiler
==23097== Copyright (C) 2002-2017, and GNU GPL'd, by Nicholas Nethercote et al.
==23097== Using Valgrind-3.16.1 and LibVEX; rerun with -h for copyright info
==23097== Command: ./liblinear-tsmall data/100M/crime_scale
==23097== 
--23097-- warning: L3 cache found, using its data for the LL simulation.
--23097-- warning: specified LL cache: line_size 64  assoc 11  total_size 25,952,256
--23097-- warning: simulated LL cache: line_size 64  assoc 12  total_size 25,165,824
BIP cache replacement will be used
BIP Throttle parameter is set to 0.015625
==23097== 
==23097== I   refs:      475,760,835
==23097== I1  misses:          1,835
==23097== LLi misses:          1,817
==23097== I1  miss rate:        0.00%
==23097== LLi miss rate:        0.00%
==23097== 
==23097== D   refs:      169,726,987  (132,316,278 rd   + 37,410,709 wr)
==23097== D1  misses:      4,271,819  (  4,206,859 rd   +     64,960 wr)
==23097== LLd misses:        204,510  (    140,762 rd   +     63,748 wr)
==23097== D1  miss rate:         2.5% (        3.2%     +        0.2%  )
==23097== LLd miss rate:         0.1% (        0.1%     +        0.2%  )
==23097== 
==23097== LL refs:         4,273,654  (  4,208,694 rd   +     64,960 wr)
==23097== LL misses:         206,327  (    142,579 rd   +     63,748 wr)
==23097== LL miss rate:          0.0% (        0.0%     +        0.2%  )
