==11514== Cachegrind, a cache and branch-prediction profiler
==11514== Copyright (C) 2002-2017, and GNU GPL'd, by Nicholas Nethercote et al.
==11514== Using Valgrind-3.16.1 and LibVEX; rerun with -h for copyright info
==11514== Command: ./lda-large est .1 3 settings.txt large/large_data.dat random large/results
==11514== 
--11514-- warning: L3 cache found, using its data for the LL simulation.
--11514-- warning: specified LL cache: line_size 64  assoc 11  total_size 25,952,256
--11514-- warning: simulated LL cache: line_size 64  assoc 12  total_size 25,165,824
LRU cache replacement will be used
==11514== 
==11514== I   refs:      182,012,166,909
==11514== I1  misses:     32,108,472,951
==11514== LLi misses:              2,150
==11514== I1  miss rate:           17.64%
==11514== LLi miss rate:            0.00%
==11514== 
==11514== D   refs:       68,443,349,420  (52,041,220,330 rd   + 16,402,129,090 wr)
==11514== D1  misses:     30,146,126,704  (26,813,645,591 rd   +  3,332,481,113 wr)
==11514== LLd misses:             52,721  (         2,779 rd   +         49,942 wr)
==11514== D1  miss rate:            44.0% (          51.5%     +           20.3%  )
==11514== LLd miss rate:             0.0% (           0.0%     +            0.0%  )
==11514== 
==11514== LL refs:        62,254,599,655  (58,922,118,542 rd   +  3,332,481,113 wr)
==11514== LL misses:              54,871  (         4,929 rd   +         49,942 wr)
==11514== LL miss rate:              0.0% (           0.0%     +            0.0%  )
