==22383== Cachegrind, a cache and branch-prediction profiler
==22383== Copyright (C) 2002-2017, and GNU GPL'd, by Nicholas Nethercote et al.
==22383== Using Valgrind-3.16.1 and LibVEX; rerun with -h for copyright info
==22383== Command: ./srr-small
==22383== 
--22383-- warning: L3 cache found, using its data for the LL simulation.
--22383-- warning: specified LL cache: line_size 64  assoc 11  total_size 25,952,256
--22383-- warning: simulated LL cache: line_size 64  assoc 12  total_size 25,165,824
LIP cache replacement will be used
==22383== 
==22383== I   refs:      19,999,787,105
==22383== I1  misses:             1,503
==22383== LLi misses:             1,500
==22383== I1  miss rate:           0.00%
==22383== LLi miss rate:           0.00%
==22383== 
==22383== D   refs:       7,796,537,243  (5,247,433,899 rd   + 2,549,103,344 wr)
==22383== D1  misses:            15,459  (        4,607 rd   +        10,852 wr)
==22383== LLd misses:            13,407  (        2,556 rd   +        10,851 wr)
==22383== D1  miss rate:            0.0% (          0.0%     +           0.0%  )
==22383== LLd miss rate:            0.0% (          0.0%     +           0.0%  )
==22383== 
==22383== LL refs:               16,962  (        6,110 rd   +        10,852 wr)
==22383== LL misses:             14,907  (        4,056 rd   +        10,851 wr)
==22383== LL miss rate:             0.0% (          0.0%     +           0.0%  )
