==24894== Cachegrind, a cache and branch-prediction profiler
==24894== Copyright (C) 2002-2017, and GNU GPL'd, by Nicholas Nethercote et al.
==24894== Using Valgrind-3.16.1 and LibVEX; rerun with -h for copyright info
==24894== Command: ./spc-medium ../datasets/Aggregation 788 2 7 0.707 1
==24894== 
--24894-- warning: L3 cache found, using its data for the LL simulation.
--24894-- warning: specified LL cache: line_size 64  assoc 11  total_size 25,952,256
--24894-- warning: simulated LL cache: line_size 64  assoc 12  total_size 25,165,824
BIP cache replacement will be used
BIP Throttle parameter is set to 0.015625
==24894== 
==24894== I   refs:      11,307,967,443
==24894== I1  misses:             1,723
==24894== LLi misses:             1,718
==24894== I1  miss rate:           0.00%
==24894== LLi miss rate:           0.00%
==24894== 
==24894== D   refs:       4,030,824,679  (2,697,589,568 rd   + 1,333,235,111 wr)
==24894== D1  misses:        67,217,651  (   67,094,918 rd   +       122,733 wr)
==24894== LLd misses:           813,283  (      703,041 rd   +       110,242 wr)
==24894== D1  miss rate:            1.7% (          2.5%     +           0.0%  )
==24894== LLd miss rate:            0.0% (          0.0%     +           0.0%  )
==24894== 
==24894== LL refs:           67,219,374  (   67,096,641 rd   +       122,733 wr)
==24894== LL misses:            815,001  (      704,759 rd   +       110,242 wr)
==24894== LL miss rate:             0.0% (          0.0%     +           0.0%  )
