==48384== Cachegrind, a cache and branch-prediction profiler
==48384== Copyright (C) 2002-2017, and GNU GPL'd, by Nicholas Nethercote et al.
==48384== Using Valgrind-3.16.1 and LibVEX; rerun with -h for copyright info
==48384== Command: ./pca-large large.data 5000 1059 R
==48384== 
--48384-- warning: L3 cache found, using its data for the LL simulation.
--48384-- warning: specified LL cache: line_size 64  assoc 11  total_size 25,952,256
--48384-- warning: simulated LL cache: line_size 64  assoc 12  total_size 25,165,824
LRU cache replacement will be used
==48384== brk segment overflow in thread #1: can't grow to 0x4a35000
==48384== (see section Limitations in user manual)
==48384== NOTE: further instances of this message will not be shown
==48384== 
==48384== I   refs:      71,275,145,879
==48384== I1  misses:            25,096
==48384== LLi misses:             1,760
==48384== I1  miss rate:           0.00%
==48384== LLi miss rate:           0.00%
==48384== 
==48384== D   refs:      28,625,035,472  (20,878,881,322 rd   + 7,746,154,150 wr)
==48384== D1  misses:     9,667,500,454  ( 9,664,469,149 rd   +     3,031,305 wr)
==48384== LLd misses:         1,023,429  (       490,628 rd   +       532,801 wr)
==48384== D1  miss rate:           33.8% (          46.3%     +           0.0%  )
==48384== LLd miss rate:            0.0% (           0.0%     +           0.0%  )
==48384== 
==48384== LL refs:        9,667,525,550  ( 9,664,494,245 rd   +     3,031,305 wr)
==48384== LL misses:          1,025,189  (       492,388 rd   +       532,801 wr)
==48384== LL miss rate:             0.0% (           0.0%     +           0.0%  )
