==44999== Cachegrind, a cache and branch-prediction profiler
==44999== Copyright (C) 2002-2017, and GNU GPL'd, by Nicholas Nethercote et al.
==44999== Using Valgrind-3.16.1 and LibVEX; rerun with -h for copyright info
==44999== Command: ./kmeans-large ../datasets/MINST 10000 748 10
==44999== 
--44999-- warning: L3 cache found, using its data for the LL simulation.
--44999-- warning: specified LL cache: line_size 64  assoc 11  total_size 25,952,256
--44999-- warning: simulated LL cache: line_size 64  assoc 12  total_size 25,165,824
LIP cache replacement will be used
==44999== brk segment overflow in thread #1: can't grow to 0x4a44000
==44999== (see section Limitations in user manual)
==44999== NOTE: further instances of this message will not be shown
==44999== 
==44999== I   refs:      31,864,461,091
==44999== I1  misses:             1,610
==44999== LLi misses:             1,534
==44999== I1  miss rate:           0.00%
==44999== LLi miss rate:           0.00%
==44999== 
==44999== D   refs:       9,488,889,172  (8,195,422,233 rd   + 1,293,466,939 wr)
==44999== D1  misses:       471,519,611  (  468,554,529 rd   +     2,965,082 wr)
==44999== LLd misses:        39,087,465  (   37,214,566 rd   +     1,872,899 wr)
==44999== D1  miss rate:            5.0% (          5.7%     +           0.2%  )
==44999== LLd miss rate:            0.4% (          0.5%     +           0.1%  )
==44999== 
==44999== LL refs:          471,521,221  (  468,556,139 rd   +     2,965,082 wr)
==44999== LL misses:         39,088,999  (   37,216,100 rd   +     1,872,899 wr)
==44999== LL miss rate:             0.1% (          0.1%     +           0.1%  )
