==53592== Cachegrind, a cache and branch-prediction profiler
==53592== Copyright (C) 2002-2017, and GNU GPL'd, by Nicholas Nethercote et al.
==53592== Using Valgrind-3.16.1 and LibVEX; rerun with -h for copyright info
==53592== Command: ./rbm-medium
==53592== 
--53592-- warning: L3 cache found, using its data for the LL simulation.
--53592-- warning: specified LL cache: line_size 64  assoc 11  total_size 25,952,256
--53592-- warning: simulated LL cache: line_size 64  assoc 12  total_size 25,165,824
FIFO cache replacement will be used
==53592== 
==53592== I   refs:      12,265,732,027
==53592== I1  misses:           114,500
==53592== LLi misses:             1,468
==53592== I1  miss rate:           0.00%
==53592== LLi miss rate:           0.00%
==53592== 
==53592== D   refs:       3,657,823,178  (2,777,601,363 rd   + 880,221,815 wr)
==53592== D1  misses:       471,402,316  (  436,090,260 rd   +  35,312,056 wr)
==53592== LLd misses:            45,487  (       21,908 rd   +      23,579 wr)
==53592== D1  miss rate:           12.9% (         15.7%     +         4.0%  )
==53592== LLd miss rate:            0.0% (          0.0%     +         0.0%  )
==53592== 
==53592== LL refs:          471,516,816  (  436,204,760 rd   +  35,312,056 wr)
==53592== LL misses:             46,955  (       23,376 rd   +      23,579 wr)
==53592== LL miss rate:             0.0% (          0.0%     +         0.0%  )
