==62433== Cachegrind, a cache and branch-prediction profiler
==62433== Copyright (C) 2002-2017, and GNU GPL'd, by Nicholas Nethercote et al.
==62433== Using Valgrind-3.16.1 and LibVEX; rerun with -h for copyright info
==62433== Command: ./sift .
==62433== 
--62433-- warning: L3 cache found, using its data for the LL simulation.
--62433-- warning: specified LL cache: line_size 64  assoc 11  total_size 25,952,256
--62433-- warning: simulated LL cache: line_size 64  assoc 12  total_size 25,165,824
BIP cache replacement will be used
BIP Throttle parameter is set to 0.015625
==62433== brk segment overflow in thread #1: can't grow to 0x5419000
==62433== (see section Limitations in user manual)
==62433== NOTE: further instances of this message will not be shown
==62433== 
==62433== I   refs:      16,043,915,018
==62433== I1  misses:             1,824
==62433== LLi misses:             1,820
==62433== I1  miss rate:           0.00%
==62433== LLi miss rate:           0.00%
==62433== 
==62433== D   refs:       4,941,072,981  (3,428,287,656 rd   + 1,512,785,325 wr)
==62433== D1  misses:        27,448,454  (   16,424,881 rd   +    11,023,573 wr)
==62433== LLd misses:        26,901,577  (   15,958,066 rd   +    10,943,511 wr)
==62433== D1  miss rate:            0.6% (          0.5%     +           0.7%  )
==62433== LLd miss rate:            0.5% (          0.5%     +           0.7%  )
==62433== 
==62433== LL refs:           27,450,278  (   16,426,705 rd   +    11,023,573 wr)
==62433== LL misses:         26,903,397  (   15,959,886 rd   +    10,943,511 wr)
==62433== LL miss rate:             0.1% (          0.1%     +           0.7%  )
