==50309== Cachegrind, a cache and branch-prediction profiler
==50309== Copyright (C) 2002-2017, and GNU GPL'd, by Nicholas Nethercote et al.
==50309== Using Valgrind-3.16.1 and LibVEX; rerun with -h for copyright info
==50309== Command: ./stitch .
==50309== 
--50309-- warning: L3 cache found, using its data for the LL simulation.
--50309-- warning: specified LL cache: line_size 64  assoc 11  total_size 25,952,256
--50309-- warning: simulated LL cache: line_size 64  assoc 12  total_size 25,165,824
FIFO cache replacement will be used
==50309== brk segment overflow in thread #1: can't grow to 0x4ae3000
==50309== (see section Limitations in user manual)
==50309== NOTE: further instances of this message will not be shown
==50309== 
==50309== I   refs:      8,280,657,689
==50309== I1  misses:        2,651,901
==50309== LLi misses:            1,694
==50309== I1  miss rate:          0.03%
==50309== LLi miss rate:          0.00%
==50309== 
==50309== D   refs:      2,251,787,239  (1,520,764,435 rd   + 731,022,804 wr)
==50309== D1  misses:      140,967,859  (   81,646,012 rd   +  59,321,847 wr)
==50309== LLd misses:          252,958  (        2,266 rd   +     250,692 wr)
==50309== D1  miss rate:           6.3% (          5.4%     +         8.1%  )
==50309== LLd miss rate:           0.0% (          0.0%     +         0.0%  )
==50309== 
==50309== LL refs:         143,619,760  (   84,297,913 rd   +  59,321,847 wr)
==50309== LL misses:           254,652  (        3,960 rd   +     250,692 wr)
==50309== LL miss rate:            0.0% (          0.0%     +         0.0%  )
