==44298== Cachegrind, a cache and branch-prediction profiler
==44298== Copyright (C) 2002-2017, and GNU GPL'd, by Nicholas Nethercote et al.
==44298== Using Valgrind-3.16.1 and LibVEX; rerun with -h for copyright info
==44298== Command: ./lda-medium est .1 3 settings.txt medium/medium_data.dat random medium/results
==44298== 
--44298-- warning: L3 cache found, using its data for the LL simulation.
--44298-- warning: specified LL cache: line_size 64  assoc 11  total_size 25,952,256
--44298-- warning: simulated LL cache: line_size 64  assoc 12  total_size 25,165,824
FIFO cache replacement will be used
==44298== 
==44298== I   refs:      84,669,324,833
==44298== I1  misses:             2,189
==44298== LLi misses:             2,175
==44298== I1  miss rate:           0.00%
==44298== LLi miss rate:           0.00%
==44298== 
==44298== D   refs:      31,816,425,284  (24,177,337,975 rd   + 7,639,087,309 wr)
==44298== D1  misses:        30,337,874  (    29,561,427 rd   +       776,447 wr)
==44298== LLd misses:            29,580  (         2,778 rd   +        26,802 wr)
==44298== D1  miss rate:            0.1% (           0.1%     +           0.0%  )
==44298== LLd miss rate:            0.0% (           0.0%     +           0.0%  )
==44298== 
==44298== LL refs:           30,340,063  (    29,563,616 rd   +       776,447 wr)
==44298== LL misses:             31,755  (         4,953 rd   +        26,802 wr)
==44298== LL miss rate:             0.0% (           0.0%     +           0.0%  )
