==52715== Cachegrind, a cache and branch-prediction profiler
==52715== Copyright (C) 2002-2017, and GNU GPL'd, by Nicholas Nethercote et al.
==52715== Using Valgrind-3.16.1 and LibVEX; rerun with -h for copyright info
==52715== Command: ./tracking .
==52715== 
--52715-- warning: L3 cache found, using its data for the LL simulation.
--52715-- warning: specified LL cache: line_size 64  assoc 11  total_size 25,952,256
--52715-- warning: simulated LL cache: line_size 64  assoc 12  total_size 25,165,824
FIFO cache replacement will be used
==52715== brk segment overflow in thread #1: can't grow to 0x4a37000
==52715== (see section Limitations in user manual)
==52715== NOTE: further instances of this message will not be shown
==52715== 
==52715== I   refs:      1,258,660,380
==52715== I1  misses:            1,747
==52715== LLi misses:            1,728
==52715== I1  miss rate:          0.00%
==52715== LLi miss rate:          0.00%
==52715== 
==52715== D   refs:        408,310,877  (288,791,461 rd   + 119,519,416 wr)
==52715== D1  misses:        5,874,814  (  3,003,767 rd   +   2,871,047 wr)
==52715== LLd misses:          267,948  (      2,260 rd   +     265,688 wr)
==52715== D1  miss rate:           1.4% (        1.0%     +         2.4%  )
==52715== LLd miss rate:           0.1% (        0.0%     +         0.2%  )
==52715== 
==52715== LL refs:           5,876,561  (  3,005,514 rd   +   2,871,047 wr)
==52715== LL misses:           269,676  (      3,988 rd   +     265,688 wr)
==52715== LL miss rate:            0.0% (        0.0%     +         0.2%  )
