==23345== Cachegrind, a cache and branch-prediction profiler
==23345== Copyright (C) 2002-2017, and GNU GPL'd, by Nicholas Nethercote et al.
==23345== Using Valgrind-3.16.1 and LibVEX; rerun with -h for copyright info
==23345== Command: ./pca-medium medium.data 722 800 R
==23345== 
--23345-- warning: L3 cache found, using its data for the LL simulation.
--23345-- warning: specified LL cache: line_size 64  assoc 11  total_size 25,952,256
--23345-- warning: simulated LL cache: line_size 64  assoc 12  total_size 25,165,824
LIP cache replacement will be used
==23345== 
==23345== I   refs:      14,218,322,408
==23345== I1  misses:             1,713
==23345== LLi misses:             1,657
==23345== I1  miss rate:           0.00%
==23345== LLi miss rate:           0.00%
==23345== 
==23345== D   refs:       5,351,602,541  (4,031,779,800 rd   + 1,319,822,741 wr)
==23345== D1  misses:     1,286,170,261  (1,285,071,469 rd   +     1,098,792 wr)
==23345== LLd misses:           185,629  (       55,575 rd   +       130,054 wr)
==23345== D1  miss rate:           24.0% (         31.9%     +           0.1%  )
==23345== LLd miss rate:            0.0% (          0.0%     +           0.0%  )
==23345== 
==23345== LL refs:        1,286,171,974  (1,285,073,182 rd   +     1,098,792 wr)
==23345== LL misses:            187,286  (       57,232 rd   +       130,054 wr)
==23345== LL miss rate:             0.0% (          0.0%     +           0.0%  )
