==23639== Cachegrind, a cache and branch-prediction profiler
==23639== Copyright (C) 2002-2017, and GNU GPL'd, by Nicholas Nethercote et al.
==23639== Using Valgrind-3.16.1 and LibVEX; rerun with -h for copyright info
==23639== Command: ./sift .
==23639== 
--23639-- warning: L3 cache found, using its data for the LL simulation.
--23639-- warning: specified LL cache: line_size 64  assoc 11  total_size 25,952,256
--23639-- warning: simulated LL cache: line_size 64  assoc 12  total_size 25,165,824
BIP cache replacement will be used
BIP Throttle parameter is set to 0.031250
==23639== brk segment overflow in thread #1: can't grow to 0x4a36000
==23639== (see section Limitations in user manual)
==23639== NOTE: further instances of this message will not be shown
==23639== 
==23639== I   refs:      1,142,732,445
==23639== I1  misses:            1,855
==23639== LLi misses:            1,818
==23639== I1  miss rate:          0.00%
==23639== LLi miss rate:          0.00%
==23639== 
==23639== D   refs:        350,629,227  (243,842,190 rd   + 106,787,037 wr)
==23639== D1  misses:        7,064,790  (  3,382,535 rd   +   3,682,255 wr)
==23639== LLd misses:          698,919  (    163,030 rd   +     535,889 wr)
==23639== D1  miss rate:           2.0% (        1.4%     +         3.4%  )
==23639== LLd miss rate:           0.2% (        0.1%     +         0.5%  )
==23639== 
==23639== LL refs:           7,066,645  (  3,384,390 rd   +   3,682,255 wr)
==23639== LL misses:           700,737  (    164,848 rd   +     535,889 wr)
==23639== LL miss rate:            0.0% (        0.0%     +         0.5%  )
