==42306== Cachegrind, a cache and branch-prediction profiler
==42306== Copyright (C) 2002-2017, and GNU GPL'd, by Nicholas Nethercote et al.
==42306== Using Valgrind-3.16.1 and LibVEX; rerun with -h for copyright info
==42306== Command: ./liblinear-tsmall data/100M/crime_scale
==42306== 
--42306-- warning: L3 cache found, using its data for the LL simulation.
--42306-- warning: specified LL cache: line_size 64  assoc 11  total_size 25,952,256
--42306-- warning: simulated LL cache: line_size 64  assoc 12  total_size 25,165,824
LRU cache replacement will be used
==42306== 
==42306== I   refs:      475,760,499
==42306== I1  misses:     23,971,074
==42306== LLi misses:          1,811
==42306== I1  miss rate:        5.04%
==42306== LLi miss rate:        0.00%
==42306== 
==42306== D   refs:      169,726,964  (132,316,255 rd   + 37,410,709 wr)
==42306== D1  misses:      7,629,198  (  7,040,299 rd   +    588,899 wr)
==42306== LLd misses:         65,950  (      2,338 rd   +     63,612 wr)
==42306== D1  miss rate:         4.5% (        5.3%     +        1.6%  )
==42306== LLd miss rate:         0.0% (        0.0%     +        0.2%  )
==42306== 
==42306== LL refs:        31,600,272  ( 31,011,373 rd   +    588,899 wr)
==42306== LL misses:          67,761  (      4,149 rd   +     63,612 wr)
==42306== LL miss rate:          0.0% (        0.0%     +        0.2%  )
