==39582== Cachegrind, a cache and branch-prediction profiler
==39582== Copyright (C) 2002-2017, and GNU GPL'd, by Nicholas Nethercote et al.
==39582== Using Valgrind-3.16.1 and LibVEX; rerun with -h for copyright info
==39582== Command: ./disparity .
==39582== 
--39582-- warning: L3 cache found, using its data for the LL simulation.
--39582-- warning: specified LL cache: line_size 64  assoc 11  total_size 25,952,256
--39582-- warning: simulated LL cache: line_size 64  assoc 12  total_size 25,165,824
LIP cache replacement will be used
==39582== 
==39582== I   refs:      5,413,762
==39582== I1  misses:       44,620
==39582== LLi misses:        1,498
==39582== I1  miss rate:      0.82%
==39582== LLi miss rate:      0.03%
==39582== 
==39582== D   refs:      2,193,334  (1,441,258 rd   + 752,076 wr)
==39582== D1  misses:       55,442  (   28,596 rd   +  26,846 wr)
==39582== LLd misses:        4,934  (    2,263 rd   +   2,671 wr)
==39582== D1  miss rate:       2.5% (      2.0%     +     3.6%  )
==39582== LLd miss rate:       0.2% (      0.2%     +     0.4%  )
==39582== 
==39582== LL refs:         100,062  (   73,216 rd   +  26,846 wr)
==39582== LL misses:         6,432  (    3,761 rd   +   2,671 wr)
==39582== LL miss rate:        0.1% (      0.1%     +     0.4%  )
