==37573== Cachegrind, a cache and branch-prediction profiler
==37573== Copyright (C) 2002-2017, and GNU GPL'd, by Nicholas Nethercote et al.
==37573== Using Valgrind-3.16.1 and LibVEX; rerun with -h for copyright info
==37573== Command: ./disparity .
==37573== 
--37573-- warning: L3 cache found, using its data for the LL simulation.
--37573-- warning: specified LL cache: line_size 64  assoc 11  total_size 25,952,256
--37573-- warning: simulated LL cache: line_size 64  assoc 12  total_size 25,165,824
FIFO cache replacement will be used
==37573== 
==37573== I   refs:      126,238,856
==37573== I1  misses:          1,506
==37573== LLi misses:          1,501
==37573== I1  miss rate:        0.00%
==37573== LLi miss rate:        0.00%
==37573== 
==37573== D   refs:       50,959,901  (34,248,434 rd   + 16,711,467 wr)
==37573== D1  misses:         20,974  (     2,503 rd   +     18,471 wr)
==37573== LLd misses:         20,641  (     2,251 rd   +     18,390 wr)
==37573== D1  miss rate:         0.0% (       0.0%     +        0.1%  )
==37573== LLd miss rate:         0.0% (       0.0%     +        0.1%  )
==37573== 
==37573== LL refs:            22,480  (     4,009 rd   +     18,471 wr)
==37573== LL misses:          22,142  (     3,752 rd   +     18,390 wr)
==37573== LL miss rate:          0.0% (       0.0%     +        0.1%  )
