==47066== Cachegrind, a cache and branch-prediction profiler
==47066== Copyright (C) 2002-2017, and GNU GPL'd, by Nicholas Nethercote et al.
==47066== Using Valgrind-3.16.1 and LibVEX; rerun with -h for copyright info
==47066== Command: ./disparity .
==47066== 
--47066-- warning: L3 cache found, using its data for the LL simulation.
--47066-- warning: specified LL cache: line_size 64  assoc 11  total_size 25,952,256
--47066-- warning: simulated LL cache: line_size 64  assoc 12  total_size 25,165,824
Random cache replacement will be used
==47066== brk segment overflow in thread #1: can't grow to 0x4a37000
==47066== (see section Limitations in user manual)
==47066== NOTE: further instances of this message will not be shown
==47066== 
==47066== I   refs:      9,424,576,143
==47066== I1  misses:      151,657,851
==47066== LLi misses:            2,951
==47066== I1  miss rate:          1.61%
==47066== LLi miss rate:          0.00%
==47066== 
==47066== D   refs:      3,816,070,630  (2,559,180,301 rd   + 1,256,890,329 wr)
==47066== D1  misses:      617,212,545  (  435,578,822 rd   +   181,633,723 wr)
==47066== LLd misses:       73,743,945  (   38,270,257 rd   +    35,473,688 wr)
==47066== D1  miss rate:          16.2% (         17.0%     +          14.5%  )
==47066== LLd miss rate:           1.9% (          1.5%     +           2.8%  )
==47066== 
==47066== LL refs:         768,870,396  (  587,236,673 rd   +   181,633,723 wr)
==47066== LL misses:        73,746,896  (   38,273,208 rd   +    35,473,688 wr)
==47066== LL miss rate:            0.6% (          0.3%     +           2.8%  )
