==43908== Cachegrind, a cache and branch-prediction profiler
==43908== Copyright (C) 2002-2017, and GNU GPL'd, by Nicholas Nethercote et al.
==43908== Using Valgrind-3.16.1 and LibVEX; rerun with -h for copyright info
==43908== Command: ./lda-medium est .1 3 settings.txt medium/medium_data.dat random medium/results
==43908== 
--43908-- warning: L3 cache found, using its data for the LL simulation.
--43908-- warning: specified LL cache: line_size 64  assoc 11  total_size 25,952,256
--43908-- warning: simulated LL cache: line_size 64  assoc 12  total_size 25,165,824
LIP cache replacement will be used
==43908== 
==43908== I   refs:      98,661,764,057
==43908== I1  misses:        33,909,059
==43908== LLi misses:             2,242
==43908== I1  miss rate:           0.03%
==43908== LLi miss rate:           0.00%
==43908== 
==43908== D   refs:      37,086,880,857  (28,183,827,340 rd   + 8,903,053,517 wr)
==43908== D1  misses:     2,684,164,703  ( 2,650,824,221 rd   +    33,340,482 wr)
==43908== LLd misses:            30,010  (         2,990 rd   +        27,020 wr)
==43908== D1  miss rate:            7.2% (           9.4%     +           0.4%  )
==43908== LLd miss rate:            0.0% (           0.0%     +           0.0%  )
==43908== 
==43908== LL refs:        2,718,073,762  ( 2,684,733,280 rd   +    33,340,482 wr)
==43908== LL misses:             32,252  (         5,232 rd   +        27,020 wr)
==43908== LL miss rate:             0.0% (           0.0%     +           0.0%  )
