==52459== Cachegrind, a cache and branch-prediction profiler
==52459== Copyright (C) 2002-2017, and GNU GPL'd, by Nicholas Nethercote et al.
==52459== Using Valgrind-3.16.1 and LibVEX; rerun with -h for copyright info
==52459== Command: ./tracking .
==52459== 
--52459-- warning: L3 cache found, using its data for the LL simulation.
--52459-- warning: specified LL cache: line_size 64  assoc 11  total_size 25,952,256
--52459-- warning: simulated LL cache: line_size 64  assoc 12  total_size 25,165,824
LIP cache replacement will be used
==52459== brk segment overflow in thread #1: can't grow to 0x4a37000
==52459== (see section Limitations in user manual)
==52459== NOTE: further instances of this message will not be shown
==52459== 
==52459== I   refs:      1,258,660,392
==52459== I1  misses:            1,732
==52459== LLi misses:            1,728
==52459== I1  miss rate:          0.00%
==52459== LLi miss rate:          0.00%
==52459== 
==52459== D   refs:        408,310,879  (288,791,462 rd   + 119,519,417 wr)
==52459== D1  misses:          513,404  (     45,707 rd   +     467,697 wr)
==52459== LLd misses:          508,695  (     45,584 rd   +     463,111 wr)
==52459== D1  miss rate:           0.1% (        0.0%     +         0.4%  )
==52459== LLd miss rate:           0.1% (        0.0%     +         0.4%  )
==52459== 
==52459== LL refs:             515,136  (     47,439 rd   +     467,697 wr)
==52459== LL misses:           510,423  (     47,312 rd   +     463,111 wr)
==52459== LL miss rate:            0.0% (        0.0%     +         0.4%  )
