==50039== Cachegrind, a cache and branch-prediction profiler
==50039== Copyright (C) 2002-2017, and GNU GPL'd, by Nicholas Nethercote et al.
==50039== Using Valgrind-3.16.1 and LibVEX; rerun with -h for copyright info
==50039== Command: ./stitch .
==50039== 
--50039-- warning: L3 cache found, using its data for the LL simulation.
--50039-- warning: specified LL cache: line_size 64  assoc 11  total_size 25,952,256
--50039-- warning: simulated LL cache: line_size 64  assoc 12  total_size 25,165,824
LIP cache replacement will be used
==50039== brk segment overflow in thread #1: can't grow to 0x4ae3000
==50039== (see section Limitations in user manual)
==50039== NOTE: further instances of this message will not be shown
==50039== 
==50039== I   refs:      8,280,657,677
==50039== I1  misses:            1,710
==50039== LLi misses:            1,698
==50039== I1  miss rate:          0.00%
==50039== LLi miss rate:          0.00%
==50039== 
==50039== D   refs:      2,251,787,237  (1,520,764,434 rd   + 731,022,803 wr)
==50039== D1  misses:       20,833,607  (   10,279,702 rd   +  10,553,905 wr)
==50039== LLd misses:          277,793  (       21,349 rd   +     256,444 wr)
==50039== D1  miss rate:           0.9% (          0.7%     +         1.4%  )
==50039== LLd miss rate:           0.0% (          0.0%     +         0.0%  )
==50039== 
==50039== LL refs:          20,835,317  (   10,281,412 rd   +  10,553,905 wr)
==50039== LL misses:           279,491  (       23,047 rd   +     256,444 wr)
==50039== LL miss rate:            0.0% (          0.0%     +         0.0%  )
