==60356== Cachegrind, a cache and branch-prediction profiler
==60356== Copyright (C) 2002-2017, and GNU GPL'd, by Nicholas Nethercote et al.
==60356== Using Valgrind-3.16.1 and LibVEX; rerun with -h for copyright info
==60356== Command: ./me-large
==60356== 
--60356-- warning: L3 cache found, using its data for the LL simulation.
--60356-- warning: specified LL cache: line_size 64  assoc 11  total_size 25,952,256
--60356-- warning: simulated LL cache: line_size 64  assoc 12  total_size 25,165,824
BIP cache replacement will be used
BIP Throttle parameter is set to 0.015625
==60356== brk segment overflow in thread #1: can't grow to 0x4a4b000
==60356== (see section Limitations in user manual)
==60356== NOTE: further instances of this message will not be shown
==60356== 
==60356== I   refs:      7,528,529,082
==60356== I1  misses:            1,499
==60356== LLi misses:            1,495
==60356== I1  miss rate:          0.00%
==60356== LLi miss rate:          0.00%
==60356== 
==60356== D   refs:      1,825,539,721  (1,535,870,322 rd   + 289,669,399 wr)
==60356== D1  misses:        2,346,614  (      848,822 rd   +   1,497,792 wr)
==60356== LLd misses:        2,099,077  (      677,240 rd   +   1,421,837 wr)
==60356== D1  miss rate:           0.1% (          0.1%     +         0.5%  )
==60356== LLd miss rate:           0.1% (          0.0%     +         0.5%  )
==60356== 
==60356== LL refs:           2,348,113  (      850,321 rd   +   1,497,792 wr)
==60356== LL misses:         2,100,572  (      678,735 rd   +   1,421,837 wr)
==60356== LL miss rate:            0.0% (          0.0%     +         0.5%  )
