==33777== Cachegrind, a cache and branch-prediction profiler
==33777== Copyright (C) 2002-2017, and GNU GPL'd, by Nicholas Nethercote et al.
==33777== Using Valgrind-3.16.1 and LibVEX; rerun with -h for copyright info
==33777== Command: ./pca-small small.data 1593 256 R
==33777== 
--33777-- warning: L3 cache found, using its data for the LL simulation.
--33777-- warning: specified LL cache: line_size 64  assoc 11  total_size 25,952,256
--33777-- warning: simulated LL cache: line_size 64  assoc 12  total_size 25,165,824
LIP cache replacement will be used
==33777== 
==33777== I   refs:      1,489,668,691
==33777== I1  misses:            1,632
==33777== LLi misses:            1,628
==33777== I1  miss rate:          0.00%
==33777== LLi miss rate:          0.00%
==33777== 
==33777== D   refs:        597,905,808  (426,152,920 rd   + 171,752,888 wr)
==33777== D1  misses:           37,492  (      2,279 rd   +      35,213 wr)
==33777== LLd misses:           37,491  (      2,278 rd   +      35,213 wr)
==33777== D1  miss rate:           0.0% (        0.0%     +         0.0%  )
==33777== LLd miss rate:           0.0% (        0.0%     +         0.0%  )
==33777== 
==33777== LL refs:              39,124  (      3,911 rd   +      35,213 wr)
==33777== LL misses:            39,119  (      3,906 rd   +      35,213 wr)
==33777== LL miss rate:            0.0% (        0.0%     +         0.0%  )
