==52437== Cachegrind, a cache and branch-prediction profiler
==52437== Copyright (C) 2002-2017, and GNU GPL'd, by Nicholas Nethercote et al.
==52437== Using Valgrind-3.16.1 and LibVEX; rerun with -h for copyright info
==52437== Command: ./tracking .
==52437== 
--52437-- warning: L3 cache found, using its data for the LL simulation.
--52437-- warning: specified LL cache: line_size 64  assoc 11  total_size 25,952,256
--52437-- warning: simulated LL cache: line_size 64  assoc 12  total_size 25,165,824
LIP cache replacement will be used
==52437== brk segment overflow in thread #1: can't grow to 0x4a37000
==52437== (see section Limitations in user manual)
==52437== NOTE: further instances of this message will not be shown
==52437== 
==52437== I   refs:      1,258,660,392
==52437== I1  misses:            1,732
==52437== LLi misses:            1,728
==52437== I1  miss rate:          0.00%
==52437== LLi miss rate:          0.00%
==52437== 
==52437== D   refs:        408,310,879  (288,791,462 rd   + 119,519,417 wr)
==52437== D1  misses:        2,531,927  (  1,181,911 rd   +   1,350,016 wr)
==52437== LLd misses:          622,961  (    196,102 rd   +     426,859 wr)
==52437== D1  miss rate:           0.6% (        0.4%     +         1.1%  )
==52437== LLd miss rate:           0.2% (        0.1%     +         0.4%  )
==52437== 
==52437== LL refs:           2,533,659  (  1,183,643 rd   +   1,350,016 wr)
==52437== LL misses:           624,689  (    197,830 rd   +     426,859 wr)
==52437== LL miss rate:            0.0% (        0.0%     +         0.4%  )
