==21819== Cachegrind, a cache and branch-prediction profiler
==21819== Copyright (C) 2002-2017, and GNU GPL'd, by Nicholas Nethercote et al.
==21819== Using Valgrind-3.16.1 and LibVEX; rerun with -h for copyright info
==21819== Command: ./srr-medium
==21819== 
--21819-- warning: L3 cache found, using its data for the LL simulation.
--21819-- warning: specified LL cache: line_size 64  assoc 11  total_size 25,952,256
--21819-- warning: simulated LL cache: line_size 64  assoc 12  total_size 25,165,824
BIP cache replacement will be used
BIP Throttle parameter is set to 0.031250
==21819== 
==21819== I   refs:      151,164,870,258
==21819== I1  misses:              1,731
==21819== LLi misses:              1,550
==21819== I1  miss rate:            0.00%
==21819== LLi miss rate:            0.00%
==21819== 
==21819== D   refs:       57,030,637,061  (38,402,710,439 rd   + 18,627,926,622 wr)
==21819== D1  misses:        380,312,611  (   367,108,088 rd   +     13,204,523 wr)
==21819== LLd misses:             70,264  (         4,097 rd   +         66,167 wr)
==21819== D1  miss rate:             0.7% (           1.0%     +            0.1%  )
==21819== LLd miss rate:             0.0% (           0.0%     +            0.0%  )
==21819== 
==21819== LL refs:           380,314,342  (   367,109,819 rd   +     13,204,523 wr)
==21819== LL misses:              71,814  (         5,647 rd   +         66,167 wr)
==21819== LL miss rate:              0.0% (           0.0%     +            0.0%  )
