==25015== Cachegrind, a cache and branch-prediction profiler
==25015== Copyright (C) 2002-2017, and GNU GPL'd, by Nicholas Nethercote et al.
==25015== Using Valgrind-3.16.1 and LibVEX; rerun with -h for copyright info
==25015== Command: ./stitch .
==25015== 
--25015-- warning: L3 cache found, using its data for the LL simulation.
--25015-- warning: specified LL cache: line_size 64  assoc 11  total_size 25,952,256
--25015-- warning: simulated LL cache: line_size 64  assoc 12  total_size 25,165,824
BIP cache replacement will be used
BIP Throttle parameter is set to 0.015625
==25015== 
==25015== I   refs:      984,189,907
==25015== I1  misses:          1,748
==25015== LLi misses:          1,683
==25015== I1  miss rate:        0.00%
==25015== LLi miss rate:        0.00%
==25015== 
==25015== D   refs:      267,452,303  (187,194,798 rd   + 80,257,505 wr)
==25015== D1  misses:        596,212  (    406,204 rd   +    190,008 wr)
==25015== LLd misses:         63,224  (      2,559 rd   +     60,665 wr)
==25015== D1  miss rate:         0.2% (        0.2%     +        0.2%  )
==25015== LLd miss rate:         0.0% (        0.0%     +        0.1%  )
==25015== 
==25015== LL refs:           597,960  (    407,952 rd   +    190,008 wr)
==25015== LL misses:          64,907  (      4,242 rd   +     60,665 wr)
==25015== LL miss rate:          0.0% (        0.0%     +        0.1%  )
