==20426== Cachegrind, a cache and branch-prediction profiler
==20426== Copyright (C) 2002-2017, and GNU GPL'd, by Nicholas Nethercote et al.
==20426== Using Valgrind-3.16.1 and LibVEX; rerun with -h for copyright info
==20426== Command: ./srr-large
==20426== 
--20426-- warning: L3 cache found, using its data for the LL simulation.
--20426-- warning: specified LL cache: line_size 64  assoc 11  total_size 25,952,256
--20426-- warning: simulated LL cache: line_size 64  assoc 12  total_size 25,165,824
BIP cache replacement will be used
BIP Throttle parameter is set to 0.062500
==20426== brk segment overflow in thread #1: can't grow to 0x4a4b000
==20426== (see section Limitations in user manual)
==20426== NOTE: further instances of this message will not be shown
==20426== 
==20426== I   refs:      919,217,731,571
==20426== I1  misses:             10,278
==20426== LLi misses:              2,043
==20426== I1  miss rate:            0.00%
==20426== LLi miss rate:            0.00%
==20426== 
==20426== D   refs:      356,699,040,286  (240,279,389,405 rd   + 116,419,650,881 wr)
==20426== D1  misses:     32,196,391,055  ( 30,308,111,846 rd   +   1,888,279,209 wr)
==20426== LLd misses:            775,944  (        227,961 rd   +         547,983 wr)
==20426== D1  miss rate:             9.0% (           12.6%     +             1.6%  )
==20426== LLd miss rate:             0.0% (            0.0%     +             0.0%  )
==20426== 
==20426== LL refs:        32,196,401,333  ( 30,308,122,124 rd   +   1,888,279,209 wr)
==20426== LL misses:             777,987  (        230,004 rd   +         547,983 wr)
==20426== LL miss rate:              0.0% (            0.0%     +             0.0%  )
