==42031== Cachegrind, a cache and branch-prediction profiler
==42031== Copyright (C) 2002-2017, and GNU GPL'd, by Nicholas Nethercote et al.
==42031== Using Valgrind-3.16.1 and LibVEX; rerun with -h for copyright info
==42031== Command: ./svm .
==42031== 
--42031-- warning: L3 cache found, using its data for the LL simulation.
--42031-- warning: specified LL cache: line_size 64  assoc 11  total_size 25,952,256
--42031-- warning: simulated LL cache: line_size 64  assoc 12  total_size 25,165,824
LRU cache replacement will be used
==42031== 
==42031== I   refs:      1,554,981,989
==42031== I1  misses:            2,947
==42031== LLi misses:            1,690
==42031== I1  miss rate:          0.00%
==42031== LLi miss rate:          0.00%
==42031== 
==42031== D   refs:        584,123,148  (370,235,684 rd   + 213,887,464 wr)
==42031== D1  misses:        1,055,828  (    701,056 rd   +     354,772 wr)
==42031== LLd misses:           43,513  (      2,761 rd   +      40,752 wr)
==42031== D1  miss rate:           0.2% (        0.2%     +         0.2%  )
==42031== LLd miss rate:           0.0% (        0.0%     +         0.0%  )
==42031== 
==42031== LL refs:           1,058,775  (    704,003 rd   +     354,772 wr)
==42031== LL misses:            45,203  (      4,451 rd   +      40,752 wr)
==42031== LL miss rate:            0.0% (        0.0%     +         0.0%  )
