==53535== Cachegrind, a cache and branch-prediction profiler
==53535== Copyright (C) 2002-2017, and GNU GPL'd, by Nicholas Nethercote et al.
==53535== Using Valgrind-3.16.1 and LibVEX; rerun with -h for copyright info
==53535== Command: ./tracking .
==53535== 
--53535-- warning: L3 cache found, using its data for the LL simulation.
--53535-- warning: specified LL cache: line_size 64  assoc 11  total_size 25,952,256
--53535-- warning: simulated LL cache: line_size 64  assoc 12  total_size 25,165,824
LIP cache replacement will be used
==53535== brk segment overflow in thread #1: can't grow to 0x5026000
==53535== (see section Limitations in user manual)
==53535== NOTE: further instances of this message will not be shown
==53535== 
==53535== I   refs:      7,862,359,008
==53535== I1  misses:            3,772
==53535== LLi misses:            3,498
==53535== I1  miss rate:          0.00%
==53535== LLi miss rate:          0.00%
==53535== 
==53535== D   refs:      2,585,046,518  (1,824,545,511 rd   + 760,501,007 wr)
==53535== D1  misses:      236,071,238  (  168,321,589 rd   +  67,749,649 wr)
==53535== LLd misses:       13,463,709  (    5,023,103 rd   +   8,440,606 wr)
==53535== D1  miss rate:           9.1% (          9.2%     +         8.9%  )
==53535== LLd miss rate:           0.5% (          0.3%     +         1.1%  )
==53535== 
==53535== LL refs:         236,075,010  (  168,325,361 rd   +  67,749,649 wr)
==53535== LL misses:        13,467,207  (    5,026,601 rd   +   8,440,606 wr)
==53535== LL miss rate:            0.1% (          0.1%     +         1.1%  )
