==20332== Cachegrind, a cache and branch-prediction profiler
==20332== Copyright (C) 2002-2017, and GNU GPL'd, by Nicholas Nethercote et al.
==20332== Using Valgrind-3.16.1 and LibVEX; rerun with -h for copyright info
==20332== Command: ./mser .
==20332== 
--20332-- warning: L3 cache found, using its data for the LL simulation.
--20332-- warning: specified LL cache: line_size 64  assoc 11  total_size 25,952,256
--20332-- warning: simulated LL cache: line_size 64  assoc 12  total_size 25,165,824
BIP cache replacement will be used
BIP Throttle parameter is set to 0.015625
==20332== 
==20332== I   refs:      157,426,193
==20332== I1  misses:          1,498
==20332== LLi misses:          1,493
==20332== I1  miss rate:        0.00%
==20332== LLi miss rate:        0.00%
==20332== 
==20332== D   refs:       59,523,786  (40,510,722 rd   + 19,013,064 wr)
==20332== D1  misses:         73,145  (     4,267 rd   +     68,878 wr)
==20332== LLd misses:         73,105  (     4,230 rd   +     68,875 wr)
==20332== D1  miss rate:         0.1% (       0.0%     +        0.4%  )
==20332== LLd miss rate:         0.1% (       0.0%     +        0.4%  )
==20332== 
==20332== LL refs:            74,643  (     5,765 rd   +     68,878 wr)
==20332== LL misses:          74,598  (     5,723 rd   +     68,875 wr)
==20332== LL miss rate:          0.0% (       0.0%     +        0.4%  )
