==5422== Cachegrind, a cache and branch-prediction profiler
==5422== Copyright (C) 2002-2017, and GNU GPL'd, by Nicholas Nethercote et al.
==5422== Using Valgrind-3.16.1 and LibVEX; rerun with -h for copyright info
==5422== Command: ./texture_synthesis .
==5422== 
--5422-- warning: L3 cache found, using its data for the LL simulation.
--5422-- warning: specified LL cache: line_size 64  assoc 11  total_size 25,952,256
--5422-- warning: simulated LL cache: line_size 64  assoc 12  total_size 25,165,824
LIP cache replacement will be used
==5422== 
==5422== I   refs:      108,075,087,226
==5422== I1  misses:              1,605
==5422== LLi misses:              1,601
==5422== I1  miss rate:            0.00%
==5422== LLi miss rate:            0.00%
==5422== 
==5422== D   refs:       28,920,419,318  (26,973,975,322 rd   + 1,946,443,996 wr)
==5422== D1  misses:            650,224  (       167,560 rd   +       482,664 wr)
==5422== LLd misses:            650,224  (       167,560 rd   +       482,664 wr)
==5422== D1  miss rate:             0.0% (           0.0%     +           0.0%  )
==5422== LLd miss rate:             0.0% (           0.0%     +           0.0%  )
==5422== 
==5422== LL refs:               651,829  (       169,165 rd   +       482,664 wr)
==5422== LL misses:             651,825  (       169,161 rd   +       482,664 wr)
==5422== LL miss rate:              0.0% (           0.0%     +           0.0%  )
