==23263== Cachegrind, a cache and branch-prediction profiler
==23263== Copyright (C) 2002-2017, and GNU GPL'd, by Nicholas Nethercote et al.
==23263== Using Valgrind-3.16.1 and LibVEX; rerun with -h for copyright info
==23263== Command: ./pca-large large.data 5000 1059 R
==23263== 
--23263-- warning: L3 cache found, using its data for the LL simulation.
--23263-- warning: specified LL cache: line_size 64  assoc 11  total_size 25,952,256
--23263-- warning: simulated LL cache: line_size 64  assoc 12  total_size 25,165,824
BIP cache replacement will be used
BIP Throttle parameter is set to 0.031250
==23263== brk segment overflow in thread #1: can't grow to 0x4a35000
==23263== (see section Limitations in user manual)
==23263== NOTE: further instances of this message will not be shown
==23263== 
==23263== I   refs:      71,275,146,040
==23263== I1  misses:             1,678
==23263== LLi misses:             1,655
==23263== I1  miss rate:           0.00%
==23263== LLi miss rate:           0.00%
==23263== 
==23263== D   refs:      28,625,035,497  (20,878,881,346 rd   + 7,746,154,151 wr)
==23263== D1  misses:     8,520,369,612  ( 8,518,313,034 rd   +     2,056,578 wr)
==23263== LLd misses:         5,933,904  (     5,130,363 rd   +       803,541 wr)
==23263== D1  miss rate:           29.8% (          40.8%     +           0.0%  )
==23263== LLd miss rate:            0.0% (           0.0%     +           0.0%  )
==23263== 
==23263== LL refs:        8,520,371,290  ( 8,518,314,712 rd   +     2,056,578 wr)
==23263== LL misses:          5,935,559  (     5,132,018 rd   +       803,541 wr)
==23263== LL miss rate:             0.0% (           0.0%     +           0.0%  )
