==37333== Cachegrind, a cache and branch-prediction profiler
==37333== Copyright (C) 2002-2017, and GNU GPL'd, by Nicholas Nethercote et al.
==37333== Using Valgrind-3.16.1 and LibVEX; rerun with -h for copyright info
==37333== Command: ./disparity .
==37333== 
--37333-- warning: L3 cache found, using its data for the LL simulation.
--37333-- warning: specified LL cache: line_size 64  assoc 11  total_size 25,952,256
--37333-- warning: simulated LL cache: line_size 64  assoc 12  total_size 25,165,824
Random cache replacement will be used
==37333== 
==37333== I   refs:      126,238,844
==37333== I1  misses:        427,980
==37333== LLi misses:          1,515
==37333== I1  miss rate:        0.34%
==37333== LLi miss rate:        0.00%
==37333== 
==37333== D   refs:       50,959,899  (34,248,433 rd   + 16,711,466 wr)
==37333== D1  misses:      4,272,978  ( 3,132,367 rd   +  1,140,611 wr)
==37333== LLd misses:         20,653  (     2,261 rd   +     18,392 wr)
==37333== D1  miss rate:         8.4% (       9.1%     +        6.8%  )
==37333== LLd miss rate:         0.0% (       0.0%     +        0.1%  )
==37333== 
==37333== LL refs:         4,700,958  ( 3,560,347 rd   +  1,140,611 wr)
==37333== LL misses:          22,168  (     3,776 rd   +     18,392 wr)
==37333== LL miss rate:          0.0% (       0.0%     +        0.1%  )
