==49052== Cachegrind, a cache and branch-prediction profiler
==49052== Copyright (C) 2002-2017, and GNU GPL'd, by Nicholas Nethercote et al.
==49052== Using Valgrind-3.16.1 and LibVEX; rerun with -h for copyright info
==49052== Command: ./stitch .
==49052== 
--49052-- warning: L3 cache found, using its data for the LL simulation.
--49052-- warning: specified LL cache: line_size 64  assoc 11  total_size 25,952,256
--49052-- warning: simulated LL cache: line_size 64  assoc 12  total_size 25,165,824
Random cache replacement will be used
==49052== brk segment overflow in thread #1: can't grow to 0x4a37000
==49052== (see section Limitations in user manual)
==49052== NOTE: further instances of this message will not be shown
==49052== 
==49052== I   refs:      253,517,705,710
==49052== I1  misses:              1,721
==49052== LLi misses:              1,710
==49052== I1  miss rate:            0.00%
==49052== LLi miss rate:            0.00%
==49052== 
==49052== D   refs:       68,980,624,510  (45,322,620,961 rd   + 23,658,003,549 wr)
==49052== D1  misses:      2,023,008,601  ( 1,077,332,062 rd   +    945,676,539 wr)
==49052== LLd misses:          5,073,451  (     2,521,650 rd   +      2,551,801 wr)
==49052== D1  miss rate:             2.9% (           2.4%     +            4.0%  )
==49052== LLd miss rate:             0.0% (           0.0%     +            0.0%  )
==49052== 
==49052== LL refs:         2,023,010,322  ( 1,077,333,783 rd   +    945,676,539 wr)
==49052== LL misses:           5,075,161  (     2,523,360 rd   +      2,551,801 wr)
==49052== LL miss rate:              0.0% (           0.0%     +            0.0%  )
