==49901== Cachegrind, a cache and branch-prediction profiler
==49901== Copyright (C) 2002-2017, and GNU GPL'd, by Nicholas Nethercote et al.
==49901== Using Valgrind-3.16.1 and LibVEX; rerun with -h for copyright info
==49901== Command: ./stitch .
==49901== 
--49901-- warning: L3 cache found, using its data for the LL simulation.
--49901-- warning: specified LL cache: line_size 64  assoc 11  total_size 25,952,256
--49901-- warning: simulated LL cache: line_size 64  assoc 12  total_size 25,165,824
LRU cache replacement will be used
==49901== brk segment overflow in thread #1: can't grow to 0x4ae3000
==49901== (see section Limitations in user manual)
==49901== NOTE: further instances of this message will not be shown
==49901== 
==49901== I   refs:      8,280,657,689
==49901== I1  misses:            1,698
==49901== LLi misses:            1,694
==49901== I1  miss rate:          0.00%
==49901== LLi miss rate:          0.00%
==49901== 
==49901== D   refs:      2,251,787,239  (1,520,764,435 rd   + 731,022,804 wr)
==49901== D1  misses:          805,149  (      422,516 rd   +     382,633 wr)
==49901== LLd misses:          252,958  (        2,266 rd   +     250,692 wr)
==49901== D1  miss rate:           0.0% (          0.0%     +         0.1%  )
==49901== LLd miss rate:           0.0% (          0.0%     +         0.0%  )
==49901== 
==49901== LL refs:             806,847  (      424,214 rd   +     382,633 wr)
==49901== LL misses:           254,652  (        3,960 rd   +     250,692 wr)
==49901== LL miss rate:            0.0% (          0.0%     +         0.0%  )
