==38781== Cachegrind, a cache and branch-prediction profiler
==38781== Copyright (C) 2002-2017, and GNU GPL'd, by Nicholas Nethercote et al.
==38781== Using Valgrind-3.16.1 and LibVEX; rerun with -h for copyright info
==38781== Command: ./lda-large est .1 3 settings.txt large/large_data.dat random large/results
==38781== 
--38781-- warning: L3 cache found, using its data for the LL simulation.
--38781-- warning: specified LL cache: line_size 64  assoc 11  total_size 25,952,256
--38781-- warning: simulated LL cache: line_size 64  assoc 12  total_size 25,165,824
LIP cache replacement will be used
==38781== 
==38781== I   refs:      132,318,243,519
==38781== I1  misses:        527,315,928
==38781== LLi misses:              2,249
==38781== I1  miss rate:            0.40%
==38781== LLi miss rate:            0.00%
==38781== 
==38781== D   refs:       49,671,835,590  (37,763,853,224 rd   + 11,907,982,366 wr)
==38781== D1  misses:      5,942,393,361  ( 5,794,037,240 rd   +    148,356,121 wr)
==38781== LLd misses:             54,310  (         4,315 rd   +         49,995 wr)
==38781== D1  miss rate:            12.0% (          15.3%     +            1.2%  )
==38781== LLd miss rate:             0.0% (           0.0%     +            0.0%  )
==38781== 
==38781== LL refs:         6,469,709,289  ( 6,321,353,168 rd   +    148,356,121 wr)
==38781== LL misses:              56,559  (         6,564 rd   +         49,995 wr)
==38781== LL miss rate:              0.0% (           0.0%     +            0.0%  )
