==25156== Cachegrind, a cache and branch-prediction profiler
==25156== Copyright (C) 2002-2017, and GNU GPL'd, by Nicholas Nethercote et al.
==25156== Using Valgrind-3.16.1 and LibVEX; rerun with -h for copyright info
==25156== Command: ./a.out med.txt
==25156== 
--25156-- warning: L3 cache found, using its data for the LL simulation.
--25156-- warning: specified LL cache: line_size 64  assoc 11  total_size 25,952,256
--25156-- warning: simulated LL cache: line_size 64  assoc 12  total_size 25,165,824
BIP cache replacement will be used
BIP Throttle parameter is set to 0.062500
==25156== 
==25156== I   refs:      21,540,689,427
==25156== I1  misses:        36,974,653
==25156== LLi misses:             1,917
==25156== I1  miss rate:           0.17%
==25156== LLi miss rate:           0.00%
==25156== 
==25156== D   refs:      13,370,670,449  (12,167,996,488 rd   + 1,202,673,961 wr)
==25156== D1  misses:       647,576,507  (   620,795,457 rd   +    26,781,050 wr)
==25156== LLd misses:            65,523  (         2,318 rd   +        63,205 wr)
==25156== D1  miss rate:            4.8% (           5.1%     +           2.2%  )
==25156== LLd miss rate:            0.0% (           0.0%     +           0.0%  )
==25156== 
==25156== LL refs:          684,551,160  (   657,770,110 rd   +    26,781,050 wr)
==25156== LL misses:             67,440  (         4,235 rd   +        63,205 wr)
==25156== LL miss rate:             0.0% (           0.0%     +           0.0%  )
