==50759== Cachegrind, a cache and branch-prediction profiler
==50759== Copyright (C) 2002-2017, and GNU GPL'd, by Nicholas Nethercote et al.
==50759== Using Valgrind-3.16.1 and LibVEX; rerun with -h for copyright info
==50759== Command: ./stitch .
==50759== 
--50759-- warning: L3 cache found, using its data for the LL simulation.
--50759-- warning: specified LL cache: line_size 64  assoc 11  total_size 25,952,256
--50759-- warning: simulated LL cache: line_size 64  assoc 12  total_size 25,165,824
BIP cache replacement will be used
BIP Throttle parameter is set to 0.031250
==50759== brk segment overflow in thread #1: can't grow to 0x4ae3000
==50759== (see section Limitations in user manual)
==50759== NOTE: further instances of this message will not be shown
==50759== 
==50759== I   refs:      8,280,657,677
==50759== I1  misses:            1,698
==50759== LLi misses:            1,694
==50759== I1  miss rate:          0.00%
==50759== LLi miss rate:          0.00%
==50759== 
==50759== D   refs:      2,251,787,237  (1,520,764,434 rd   + 731,022,803 wr)
==50759== D1  misses:          484,387  (      184,433 rd   +     299,954 wr)
==50759== LLd misses:          465,078  (      169,347 rd   +     295,731 wr)
==50759== D1  miss rate:           0.0% (          0.0%     +         0.0%  )
==50759== LLd miss rate:           0.0% (          0.0%     +         0.0%  )
==50759== 
==50759== LL refs:             486,085  (      186,131 rd   +     299,954 wr)
==50759== LL misses:           466,772  (      171,041 rd   +     295,731 wr)
==50759== LL miss rate:            0.0% (          0.0%     +         0.0%  )
