==29229== Cachegrind, a cache and branch-prediction profiler
==29229== Copyright (C) 2002-2017, and GNU GPL'd, by Nicholas Nethercote et al.
==29229== Using Valgrind-3.16.1 and LibVEX; rerun with -h for copyright info
==29229== Command: ./liblinear-tlarge data/100B/kdda
==29229== 
--29229-- warning: L3 cache found, using its data for the LL simulation.
--29229-- warning: specified LL cache: line_size 64  assoc 11  total_size 25,952,256
--29229-- warning: simulated LL cache: line_size 64  assoc 12  total_size 25,165,824
LRU cache replacement will be used
==29229== 
==29229== I   refs:      111,902,758,013
==29229== I1  misses:              1,806
==29229== LLi misses:              1,802
==29229== I1  miss rate:            0.00%
==29229== LLi miss rate:            0.00%
==29229== 
==29229== D   refs:       44,061,986,476  (36,080,688,134 rd   + 7,981,298,342 wr)
==29229== D1  misses:      2,301,852,163  ( 2,296,136,795 rd   +     5,715,368 wr)
==29229== LLd misses:      1,976,151,387  ( 1,970,436,059 rd   +     5,715,328 wr)
==29229== D1  miss rate:             5.2% (           6.4%     +           0.1%  )
==29229== LLd miss rate:             4.5% (           5.5%     +           0.1%  )
==29229== 
==29229== LL refs:         2,301,853,969  ( 2,296,138,601 rd   +     5,715,368 wr)
==29229== LL misses:       1,976,153,189  ( 1,970,437,861 rd   +     5,715,328 wr)
==29229== LL miss rate:              1.3% (           1.3%     +           0.1%  )
