==27179== Cachegrind, a cache and branch-prediction profiler
==27179== Copyright (C) 2002-2017, and GNU GPL'd, by Nicholas Nethercote et al.
==27179== Using Valgrind-3.16.1 and LibVEX; rerun with -h for copyright info
==27179== Command: ./tracking .
==27179== 
--27179-- warning: L3 cache found, using its data for the LL simulation.
--27179-- warning: specified LL cache: line_size 64  assoc 11  total_size 25,952,256
--27179-- warning: simulated LL cache: line_size 64  assoc 12  total_size 25,165,824
BIP cache replacement will be used
BIP Throttle parameter is set to 0.031250
==27179== 
==27179== I   refs:      426,561,179
==27179== I1  misses:         71,522
==27179== LLi misses:          1,852
==27179== I1  miss rate:        0.02%
==27179== LLi miss rate:        0.00%
==27179== 
==27179== D   refs:      140,543,719  (98,243,012 rd   + 42,300,707 wr)
==27179== D1  misses:      8,758,754  ( 6,987,191 rd   +  1,771,563 wr)
==27179== LLd misses:         96,587  (     2,461 rd   +     94,126 wr)
==27179== D1  miss rate:         6.2% (       7.1%     +        4.2%  )
==27179== LLd miss rate:         0.1% (       0.0%     +        0.2%  )
==27179== 
==27179== LL refs:         8,830,276  ( 7,058,713 rd   +  1,771,563 wr)
==27179== LL misses:          98,439  (     4,313 rd   +     94,126 wr)
==27179== LL miss rate:          0.0% (       0.0%     +        0.2%  )
