==53134== Cachegrind, a cache and branch-prediction profiler
==53134== Copyright (C) 2002-2017, and GNU GPL'd, by Nicholas Nethercote et al.
==53134== Using Valgrind-3.16.1 and LibVEX; rerun with -h for copyright info
==53134== Command: ./pca-medium medium.data 722 800 R
==53134== 
--53134-- warning: L3 cache found, using its data for the LL simulation.
--53134-- warning: specified LL cache: line_size 64  assoc 11  total_size 25,952,256
--53134-- warning: simulated LL cache: line_size 64  assoc 12  total_size 25,165,824
LRU cache replacement will be used
==53134== 
==53134== I   refs:      14,218,322,069
==53134== I1  misses:             1,635
==53134== LLi misses:             1,631
==53134== I1  miss rate:           0.00%
==53134== LLi miss rate:           0.00%
==53134== 
==53134== D   refs:       5,351,602,366  (4,031,779,695 rd   + 1,319,822,671 wr)
==53134== D1  misses:        55,811,251  (   55,183,374 rd   +       627,877 wr)
==53134== LLd misses:           120,124  (        2,274 rd   +       117,850 wr)
==53134== D1  miss rate:            1.0% (          1.4%     +           0.0%  )
==53134== LLd miss rate:            0.0% (          0.0%     +           0.0%  )
==53134== 
==53134== LL refs:           55,812,886  (   55,185,009 rd   +       627,877 wr)
==53134== LL misses:            121,755  (        3,905 rd   +       117,850 wr)
==53134== LL miss rate:             0.0% (          0.0%     +           0.0%  )
