==42133== Cachegrind, a cache and branch-prediction profiler
==42133== Copyright (C) 2002-2017, and GNU GPL'd, by Nicholas Nethercote et al.
==42133== Using Valgrind-3.16.1 and LibVEX; rerun with -h for copyright info
==42133== Command: ./svm .
==42133== 
--42133-- warning: L3 cache found, using its data for the LL simulation.
--42133-- warning: specified LL cache: line_size 64  assoc 11  total_size 25,952,256
--42133-- warning: simulated LL cache: line_size 64  assoc 12  total_size 25,165,824
Random cache replacement will be used
==42133== 
==42133== I   refs:      1,033,783,341
==42133== I1  misses:       18,635,427
==42133== LLi misses:            1,708
==42133== I1  miss rate:          1.80%
==42133== LLi miss rate:          0.00%
==42133== 
==42133== D   refs:        381,756,318  (242,382,237 rd   + 139,374,081 wr)
==42133== D1  misses:        5,693,968  (  4,051,405 rd   +   1,642,563 wr)
==42133== LLd misses:           42,090  (      2,757 rd   +      39,333 wr)
==42133== D1  miss rate:           1.5% (        1.7%     +         1.2%  )
==42133== LLd miss rate:           0.0% (        0.0%     +         0.0%  )
==42133== 
==42133== LL refs:          24,329,395  ( 22,686,832 rd   +   1,642,563 wr)
==42133== LL misses:            43,798  (      4,465 rd   +      39,333 wr)
==42133== LL miss rate:            0.0% (        0.0%     +         0.0%  )
