==24571== Cachegrind, a cache and branch-prediction profiler
==24571== Copyright (C) 2002-2017, and GNU GPL'd, by Nicholas Nethercote et al.
==24571== Using Valgrind-3.16.1 and LibVEX; rerun with -h for copyright info
==24571== Command: ./spc-small ../datasets/R15 600 2 15 0.707 1 2
==24571== 
--24571-- warning: L3 cache found, using its data for the LL simulation.
--24571-- warning: specified LL cache: line_size 64  assoc 11  total_size 25,952,256
--24571-- warning: simulated LL cache: line_size 64  assoc 12  total_size 25,165,824
FIFO cache replacement will be used
==24571== 
==24571== I   refs:      217,567
==24571== I1  misses:      2,095
==24571== LLi misses:      1,089
==24571== I1  miss rate:    0.96%
==24571== LLi miss rate:    0.50%
==24571== 
==24571== D   refs:       69,350  (54,870 rd   + 14,480 wr)
==24571== D1  misses:      7,375  ( 6,137 rd   +  1,238 wr)
==24571== LLd misses:      2,784  ( 2,179 rd   +    605 wr)
==24571== D1  miss rate:    10.6% (  11.2%     +    8.5%  )
==24571== LLd miss rate:     4.0% (   4.0%     +    4.2%  )
==24571== 
==24571== LL refs:         9,470  ( 8,232 rd   +  1,238 wr)
==24571== LL misses:       3,873  ( 3,268 rd   +    605 wr)
==24571== LL miss rate:      1.3% (   1.2%     +    4.2%  )
