==34815== Cachegrind, a cache and branch-prediction profiler
==34815== Copyright (C) 2002-2017, and GNU GPL'd, by Nicholas Nethercote et al.
==34815== Using Valgrind-3.16.1 and LibVEX; rerun with -h for copyright info
==34815== Command: ./spc-medium ../datasets/Aggregation 788 2 7 0.707 1
==34815== 
--34815-- warning: L3 cache found, using its data for the LL simulation.
--34815-- warning: specified LL cache: line_size 64  assoc 11  total_size 25,952,256
--34815-- warning: simulated LL cache: line_size 64  assoc 12  total_size 25,165,824
BIP cache replacement will be used
BIP Throttle parameter is set to 0.015625
==34815== 
==34815== I   refs:      11,307,967,289
==34815== I1  misses:         1,162,294
==34815== LLi misses:             1,752
==34815== I1  miss rate:           0.01%
==34815== LLi miss rate:           0.00%
==34815== 
==34815== D   refs:       4,030,824,654  (2,697,589,545 rd   + 1,333,235,109 wr)
==34815== D1  misses:       547,981,533  (  536,360,669 rd   +    11,620,864 wr)
==34815== LLd misses:            83,693  (        2,897 rd   +        80,796 wr)
==34815== D1  miss rate:           13.6% (         19.9%     +           0.9%  )
==34815== LLd miss rate:            0.0% (          0.0%     +           0.0%  )
==34815== 
==34815== LL refs:          549,143,827  (  537,522,963 rd   +    11,620,864 wr)
==34815== LL misses:             85,445  (        4,649 rd   +        80,796 wr)
==34815== LL miss rate:             0.0% (          0.0%     +           0.0%  )
