==61640== Cachegrind, a cache and branch-prediction profiler
==61640== Copyright (C) 2002-2017, and GNU GPL'd, by Nicholas Nethercote et al.
==61640== Using Valgrind-3.16.1 and LibVEX; rerun with -h for copyright info
==61640== Command: ./mser .
==61640== 
--61640-- warning: L3 cache found, using its data for the LL simulation.
--61640-- warning: specified LL cache: line_size 64  assoc 11  total_size 25,952,256
--61640-- warning: simulated LL cache: line_size 64  assoc 12  total_size 25,165,824
Input size		- (480x640)
Verification		- Successful
Cycles elapsed		- 2909824512

==61640== 
==61640== I   refs:      512,880,557
==61640== I1  misses:     21,392,068
==61640== LLi misses:          1,461
==61640== I1  miss rate:        4.17%
==61640== LLi miss rate:        0.00%
==61640== 
==61640== D   refs:      194,907,702  (132,686,394 rd   + 62,221,308 wr)
==61640== D1  misses:      3,564,608  (  3,071,327 rd   +    493,281 wr)
==61640== LLd misses:        219,779  (      2,258 rd   +    217,521 wr)
==61640== D1  miss rate:         1.8% (        2.3%     +        0.8%  )
==61640== LLd miss rate:         0.1% (        0.0%     +        0.3%  )
==61640== 
==61640== LL refs:        24,956,676  ( 24,463,395 rd   +    493,281 wr)
==61640== LL misses:         221,240  (      3,719 rd   +    217,521 wr)
==61640== LL miss rate:          0.0% (        0.0%     +        0.3%  )
