==12895== Cachegrind, a cache and branch-prediction profiler
==12895== Copyright (C) 2002-2017, and GNU GPL'd, by Nicholas Nethercote et al.
==12895== Using Valgrind-3.16.1 and LibVEX; rerun with -h for copyright info
==12895== Command: ./a.out small.txt
==12895== 
--12895-- warning: L3 cache found, using its data for the LL simulation.
--12895-- warning: specified LL cache: line_size 64  assoc 11  total_size 25,952,256
--12895-- warning: simulated LL cache: line_size 64  assoc 12  total_size 25,165,824
LRU cache replacement will be used
==12895== 
==12895== I   refs:      219,666,342
==12895== I1  misses:      4,999,319
==12895== LLi misses:          1,757
==12895== I1  miss rate:        2.28%
==12895== LLi miss rate:        0.00%
==12895== 
==12895== D   refs:      128,686,167  (113,044,723 rd   + 15,641,444 wr)
==12895== D1  misses:      4,436,120  (  4,344,263 rd   +     91,857 wr)
==12895== LLd misses:          5,405  (      2,290 rd   +      3,115 wr)
==12895== D1  miss rate:         3.4% (        3.8%     +        0.6%  )
==12895== LLd miss rate:         0.0% (        0.0%     +        0.0%  )
==12895== 
==12895== LL refs:         9,435,439  (  9,343,582 rd   +     91,857 wr)
==12895== LL misses:           7,162  (      4,047 rd   +      3,115 wr)
==12895== LL miss rate:          0.0% (        0.0%     +        0.0%  )
