==38896== Cachegrind, a cache and branch-prediction profiler
==38896== Copyright (C) 2002-2017, and GNU GPL'd, by Nicholas Nethercote et al.
==38896== Using Valgrind-3.16.1 and LibVEX; rerun with -h for copyright info
==38896== Command: ./lda-large est .1 3 settings.txt large/large_data.dat random large/results
==38896== 
--38896-- warning: L3 cache found, using its data for the LL simulation.
--38896-- warning: specified LL cache: line_size 64  assoc 11  total_size 25,952,256
--38896-- warning: simulated LL cache: line_size 64  assoc 12  total_size 25,165,824
LIP cache replacement will be used
==38896== 
==38896== I   refs:      195,170,514,199
==38896== I1  misses:              2,154
==38896== LLi misses:              2,150
==38896== I1  miss rate:            0.00%
==38896== LLi miss rate:            0.00%
==38896== 
==38896== D   refs:       73,368,155,716  (55,786,091,835 rd   + 17,582,063,881 wr)
==38896== D1  misses:          1,117,146  (     1,041,622 rd   +         75,524 wr)
==38896== LLd misses:            437,276  (       373,157 rd   +         64,119 wr)
==38896== D1  miss rate:             0.0% (           0.0%     +            0.0%  )
==38896== LLd miss rate:             0.0% (           0.0%     +            0.0%  )
==38896== 
==38896== LL refs:             1,119,300  (     1,043,776 rd   +         75,524 wr)
==38896== LL misses:             439,426  (       375,307 rd   +         64,119 wr)
==38896== LL miss rate:              0.0% (           0.0%     +            0.0%  )
