==53534== Cachegrind, a cache and branch-prediction profiler
==53534== Copyright (C) 2002-2017, and GNU GPL'd, by Nicholas Nethercote et al.
==53534== Using Valgrind-3.16.1 and LibVEX; rerun with -h for copyright info
==53534== Command: ./rbm-small
==53534== 
--53534-- warning: L3 cache found, using its data for the LL simulation.
--53534-- warning: specified LL cache: line_size 64  assoc 11  total_size 25,952,256
--53534-- warning: simulated LL cache: line_size 64  assoc 12  total_size 25,165,824
Random cache replacement will be used
==53534== 
==53534== I   refs:      21,565,340
==53534== I1  misses:         1,691
==53534== LLi misses:         1,467
==53534== I1  miss rate:       0.01%
==53534== LLi miss rate:       0.01%
==53534== 
==53534== D   refs:       6,380,275  (4,924,851 rd   + 1,455,424 wr)
==53534== D1  misses:         5,391  (    4,117 rd   +     1,274 wr)
==53534== LLd misses:         3,558  (    2,612 rd   +       946 wr)
==53534== D1  miss rate:        0.1% (      0.1%     +       0.1%  )
==53534== LLd miss rate:        0.1% (      0.1%     +       0.1%  )
==53534== 
==53534== LL refs:            7,082  (    5,808 rd   +     1,274 wr)
==53534== LL misses:          5,025  (    4,079 rd   +       946 wr)
==53534== LL miss rate:         0.0% (      0.0%     +       0.1%  )
