==53807== Cachegrind, a cache and branch-prediction profiler
==53807== Copyright (C) 2002-2017, and GNU GPL'd, by Nicholas Nethercote et al.
==53807== Using Valgrind-3.16.1 and LibVEX; rerun with -h for copyright info
==53807== Command: ./tracking .
==53807== 
--53807-- warning: L3 cache found, using its data for the LL simulation.
--53807-- warning: specified LL cache: line_size 64  assoc 11  total_size 25,952,256
--53807-- warning: simulated LL cache: line_size 64  assoc 12  total_size 25,165,824
Random cache replacement will be used
==53807== brk segment overflow in thread #1: can't grow to 0x5026000
==53807== (see section Limitations in user manual)
==53807== NOTE: further instances of this message will not be shown
==53807== 
==53807== I   refs:      7,862,358,998
==53807== I1  misses:            1,727
==53807== LLi misses:            1,723
==53807== I1  miss rate:          0.00%
==53807== LLi miss rate:          0.00%
==53807== 
==53807== D   refs:      2,585,046,516  (1,824,545,510 rd   + 760,501,006 wr)
==53807== D1  misses:       17,567,796  (    6,746,098 rd   +  10,821,698 wr)
==53807== LLd misses:       10,982,318  (    3,592,016 rd   +   7,390,302 wr)
==53807== D1  miss rate:           0.7% (          0.4%     +         1.4%  )
==53807== LLd miss rate:           0.4% (          0.2%     +         1.0%  )
==53807== 
==53807== LL refs:          17,569,523  (    6,747,825 rd   +  10,821,698 wr)
==53807== LL misses:        10,984,041  (    3,593,739 rd   +   7,390,302 wr)
==53807== LL miss rate:            0.1% (          0.0%     +         1.0%  )
