==51204== Cachegrind, a cache and branch-prediction profiler
==51204== Copyright (C) 2002-2017, and GNU GPL'd, by Nicholas Nethercote et al.
==51204== Using Valgrind-3.16.1 and LibVEX; rerun with -h for copyright info
==51204== Command: ./a.out large.txt
==51204== 
--51204-- warning: L3 cache found, using its data for the LL simulation.
--51204-- warning: specified LL cache: line_size 64  assoc 11  total_size 25,952,256
--51204-- warning: simulated LL cache: line_size 64  assoc 12  total_size 25,165,824
LIP cache replacement will be used
==51204== 
==51204== I   refs:      166,691,482,167
==51204== I1  misses:              1,807
==51204== LLi misses:              1,794
==51204== I1  miss rate:            0.00%
==51204== LLi miss rate:            0.00%
==51204== 
==51204== D   refs:      104,424,129,669  (95,529,538,739 rd   + 8,894,590,930 wr)
==51204== D1  misses:        594,457,153  (   591,646,018 rd   +     2,811,135 wr)
==51204== LLd misses:            552,121  (       182,168 rd   +       369,953 wr)
==51204== D1  miss rate:             0.6% (           0.6%     +           0.0%  )
==51204== LLd miss rate:             0.0% (           0.0%     +           0.0%  )
==51204== 
==51204== LL refs:           594,458,960  (   591,647,825 rd   +     2,811,135 wr)
==51204== LL misses:             553,915  (       183,962 rd   +       369,953 wr)
==51204== LL miss rate:              0.0% (           0.0%     +           0.0%  )
