==50771== Cachegrind, a cache and branch-prediction profiler
==50771== Copyright (C) 2002-2017, and GNU GPL'd, by Nicholas Nethercote et al.
==50771== Using Valgrind-3.16.1 and LibVEX; rerun with -h for copyright info
==50771== Command: ./stitch .
==50771== 
--50771-- warning: L3 cache found, using its data for the LL simulation.
--50771-- warning: specified LL cache: line_size 64  assoc 11  total_size 25,952,256
--50771-- warning: simulated LL cache: line_size 64  assoc 12  total_size 25,165,824
BIP cache replacement will be used
BIP Throttle parameter is set to 0.031250
==50771== brk segment overflow in thread #1: can't grow to 0x4ae3000
==50771== (see section Limitations in user manual)
==50771== NOTE: further instances of this message will not be shown
==50771== 
==50771== I   refs:      8,280,657,689
==50771== I1  misses:            1,698
==50771== LLi misses:            1,694
==50771== I1  miss rate:          0.00%
==50771== LLi miss rate:          0.00%
==50771== 
==50771== D   refs:      2,251,787,239  (1,520,764,435 rd   + 731,022,804 wr)
==50771== D1  misses:          281,345  (       19,993 rd   +     261,352 wr)
==50771== LLd misses:          280,449  (       19,290 rd   +     261,159 wr)
==50771== D1  miss rate:           0.0% (          0.0%     +         0.0%  )
==50771== LLd miss rate:           0.0% (          0.0%     +         0.0%  )
==50771== 
==50771== LL refs:             283,043  (       21,691 rd   +     261,352 wr)
==50771== LL misses:           282,143  (       20,984 rd   +     261,159 wr)
==50771== LL miss rate:            0.0% (          0.0%     +         0.0%  )
