==385== Cachegrind, a cache and branch-prediction profiler
==385== Copyright (C) 2002-2017, and GNU GPL'd, by Nicholas Nethercote et al.
==385== Using Valgrind-3.16.1 and LibVEX; rerun with -h for copyright info
==385== Command: ./mser .
==385== 
--385-- warning: L3 cache found, using its data for the LL simulation.
--385-- warning: specified LL cache: line_size 64  assoc 11  total_size 25,952,256
--385-- warning: simulated LL cache: line_size 64  assoc 12  total_size 25,165,824
Random cache replacement will be used
==385== 
==385== I   refs:      3,434,253,558
==385== I1  misses:            1,849
==385== LLi misses:            1,612
==385== I1  miss rate:          0.00%
==385== LLi miss rate:          0.00%
==385== 
==385== D   refs:      1,308,839,719  (891,688,008 rd   + 417,151,711 wr)
==385== D1  misses:       20,436,634  ( 17,170,230 rd   +   3,266,404 wr)
==385== LLd misses:        7,165,519  (  4,996,442 rd   +   2,169,077 wr)
==385== D1  miss rate:           1.6% (        1.9%     +         0.8%  )
==385== LLd miss rate:           0.5% (        0.6%     +         0.5%  )
==385== 
==385== LL refs:          20,438,483  ( 17,172,079 rd   +   3,266,404 wr)
==385== LL misses:         7,167,131  (  4,998,054 rd   +   2,169,077 wr)
==385== LL miss rate:            0.2% (        0.1%     +         0.5%  )
