==37896== Cachegrind, a cache and branch-prediction profiler
==37896== Copyright (C) 2002-2017, and GNU GPL'd, by Nicholas Nethercote et al.
==37896== Using Valgrind-3.16.1 and LibVEX; rerun with -h for copyright info
==37896== Command: ./tracking .
==37896== 
--37896-- warning: L3 cache found, using its data for the LL simulation.
--37896-- warning: specified LL cache: line_size 64  assoc 11  total_size 25,952,256
--37896-- warning: simulated LL cache: line_size 64  assoc 12  total_size 25,165,824
LRU cache replacement will be used
==37896== 
==37896== I   refs:      426,561,282
==37896== I1  misses:      9,242,551
==37896== LLi misses:          1,705
==37896== I1  miss rate:        2.17%
==37896== LLi miss rate:        0.00%
==37896== 
==37896== D   refs:      140,543,735  (98,243,026 rd   + 42,300,709 wr)
==37896== D1  misses:      5,773,957  ( 3,834,201 rd   +  1,939,756 wr)
==37896== LLd misses:         96,330  (     2,264 rd   +     94,066 wr)
==37896== D1  miss rate:         4.1% (       3.9%     +        4.6%  )
==37896== LLd miss rate:         0.1% (       0.0%     +        0.2%  )
==37896== 
==37896== LL refs:        15,016,508  (13,076,752 rd   +  1,939,756 wr)
==37896== LL misses:          98,035  (     3,969 rd   +     94,066 wr)
==37896== LL miss rate:          0.0% (       0.0%     +        0.2%  )
