==37629== Cachegrind, a cache and branch-prediction profiler
==37629== Copyright (C) 2002-2017, and GNU GPL'd, by Nicholas Nethercote et al.
==37629== Using Valgrind-3.16.1 and LibVEX; rerun with -h for copyright info
==37629== Command: ./disparity .
==37629== 
--37629-- warning: L3 cache found, using its data for the LL simulation.
--37629-- warning: specified LL cache: line_size 64  assoc 11  total_size 25,952,256
--37629-- warning: simulated LL cache: line_size 64  assoc 12  total_size 25,165,824
BIP cache replacement will be used
BIP Throttle parameter is set to 0.062500
==37629== 
==37629== I   refs:      126,238,856
==37629== I1  misses:      2,144,618
==37629== LLi misses:          1,543
==37629== I1  miss rate:        1.70%
==37629== LLi miss rate:        0.00%
==37629== 
==37629== D   refs:       50,959,901  (34,248,434 rd   + 16,711,467 wr)
==37629== D1  misses:      8,971,193  ( 6,646,753 rd   +  2,324,440 wr)
==37629== LLd misses:         20,670  (     2,280 rd   +     18,390 wr)
==37629== D1  miss rate:        17.6% (      19.4%     +       13.9%  )
==37629== LLd miss rate:         0.0% (       0.0%     +        0.1%  )
==37629== 
==37629== LL refs:        11,115,811  ( 8,791,371 rd   +  2,324,440 wr)
==37629== LL misses:          22,213  (     3,823 rd   +     18,390 wr)
==37629== LL miss rate:          0.0% (       0.0%     +        0.1%  )
