==41641== Cachegrind, a cache and branch-prediction profiler
==41641== Copyright (C) 2002-2017, and GNU GPL'd, by Nicholas Nethercote et al.
==41641== Using Valgrind-3.16.1 and LibVEX; rerun with -h for copyright info
==41641== Command: ./liblinear-tmedium data/10B/epsilon
==41641== 
--41641-- warning: L3 cache found, using its data for the LL simulation.
--41641-- warning: specified LL cache: line_size 64  assoc 11  total_size 25,952,256
--41641-- warning: simulated LL cache: line_size 64  assoc 12  total_size 25,165,824
FIFO cache replacement will be used
==41641== 
==41641== I   refs:      19,285,289,592
==41641== I1  misses:       262,899,197
==41641== LLi misses:             2,583
==41641== I1  miss rate:           1.36%
==41641== LLi miss rate:           0.00%
==41641== 
==41641== D   refs:       5,666,485,980  (3,947,048,634 rd   + 1,719,437,346 wr)
==41641== D1  misses:       125,169,829  (  117,516,319 rd   +     7,653,510 wr)
==41641== LLd misses:        39,973,044  (   36,836,192 rd   +     3,136,852 wr)
==41641== D1  miss rate:            2.2% (          3.0%     +           0.4%  )
==41641== LLd miss rate:            0.7% (          0.9%     +           0.2%  )
==41641== 
==41641== LL refs:          388,069,026  (  380,415,516 rd   +     7,653,510 wr)
==41641== LL misses:         39,975,627  (   36,838,775 rd   +     3,136,852 wr)
==41641== LL miss rate:             0.2% (          0.2%     +           0.2%  )
