==25040== Cachegrind, a cache and branch-prediction profiler
==25040== Copyright (C) 2002-2017, and GNU GPL'd, by Nicholas Nethercote et al.
==25040== Using Valgrind-3.16.1 and LibVEX; rerun with -h for copyright info
==25040== Command: ./a.out med.txt
==25040== 
--25040-- warning: L3 cache found, using its data for the LL simulation.
--25040-- warning: specified LL cache: line_size 64  assoc 11  total_size 25,952,256
--25040-- warning: simulated LL cache: line_size 64  assoc 12  total_size 25,165,824
FIFO cache replacement will be used
==25040== 
==25040== I   refs:      21,540,689,439
==25040== I1  misses:             1,793
==25040== LLi misses:             1,787
==25040== I1  miss rate:           0.00%
==25040== LLi miss rate:           0.00%
==25040== 
==25040== D   refs:      13,370,670,451  (12,167,996,489 rd   + 1,202,673,962 wr)
==25040== D1  misses:        22,074,686  (    21,825,144 rd   +       249,542 wr)
==25040== LLd misses:            65,436  (         2,287 rd   +        63,149 wr)
==25040== D1  miss rate:            0.2% (           0.2%     +           0.0%  )
==25040== LLd miss rate:            0.0% (           0.0%     +           0.0%  )
==25040== 
==25040== LL refs:           22,076,479  (    21,826,937 rd   +       249,542 wr)
==25040== LL misses:             67,223  (         4,074 rd   +        63,149 wr)
==25040== LL miss rate:             0.0% (           0.0%     +           0.0%  )
