==41380== Cachegrind, a cache and branch-prediction profiler
==41380== Copyright (C) 2002-2017, and GNU GPL'd, by Nicholas Nethercote et al.
==41380== Using Valgrind-3.16.1 and LibVEX; rerun with -h for copyright info
==41380== Command: ./texture_synthesis .
==41380== 
--41380-- warning: L3 cache found, using its data for the LL simulation.
--41380-- warning: specified LL cache: line_size 64  assoc 11  total_size 25,952,256
--41380-- warning: simulated LL cache: line_size 64  assoc 12  total_size 25,165,824
LRU cache replacement will be used
==41380== 
==41380== I   refs:      933,706,467
==41380== I1  misses:          2,773
==41380== LLi misses:          1,585
==41380== I1  miss rate:        0.00%
==41380== LLi miss rate:        0.00%
==41380== 
==41380== D   refs:      345,176,637  (235,989,306 rd   + 109,187,331 wr)
==41380== D1  misses:        722,505  (    260,334 rd   +     462,171 wr)
==41380== LLd misses:        131,218  (      2,316 rd   +     128,902 wr)
==41380== D1  miss rate:         0.2% (        0.1%     +         0.4%  )
==41380== LLd miss rate:         0.0% (        0.0%     +         0.1%  )
==41380== 
==41380== LL refs:           725,278  (    263,107 rd   +     462,171 wr)
==41380== LL misses:         132,803  (      3,901 rd   +     128,902 wr)
==41380== LL miss rate:          0.0% (        0.0%     +         0.1%  )
