==53914== Cachegrind, a cache and branch-prediction profiler
==53914== Copyright (C) 2002-2017, and GNU GPL'd, by Nicholas Nethercote et al.
==53914== Using Valgrind-3.16.1 and LibVEX; rerun with -h for copyright info
==53914== Command: ./pca-medium medium.data 722 800 R
==53914== 
--53914-- warning: L3 cache found, using its data for the LL simulation.
--53914-- warning: specified LL cache: line_size 64  assoc 11  total_size 25,952,256
--53914-- warning: simulated LL cache: line_size 64  assoc 12  total_size 25,165,824
BIP cache replacement will be used
BIP Throttle parameter is set to 0.031250
==53914== 
==53914== I   refs:      14,218,322,069
==53914== I1  misses:             2,029
==53914== LLi misses:             1,712
==53914== I1  miss rate:           0.00%
==53914== LLi miss rate:           0.00%
==53914== 
==53914== D   refs:       5,351,602,366  (4,031,779,695 rd   + 1,319,822,671 wr)
==53914== D1  misses:     1,474,495,110  (1,473,237,292 rd   +     1,257,818 wr)
==53914== LLd misses:           178,559  (       50,330 rd   +       128,229 wr)
==53914== D1  miss rate:           27.6% (         36.5%     +           0.1%  )
==53914== LLd miss rate:            0.0% (          0.0%     +           0.0%  )
==53914== 
==53914== LL refs:        1,474,497,139  (1,473,239,321 rd   +     1,257,818 wr)
==53914== LL misses:            180,271  (       52,042 rd   +       128,229 wr)
==53914== LL miss rate:             0.0% (          0.0%     +           0.0%  )
