==11521== Cachegrind, a cache and branch-prediction profiler
==11521== Copyright (C) 2002-2017, and GNU GPL'd, by Nicholas Nethercote et al.
==11521== Using Valgrind-3.16.1 and LibVEX; rerun with -h for copyright info
==11521== Command: ./pca-large large.data 5000 1059 R
==11521== 
--11521-- warning: L3 cache found, using its data for the LL simulation.
--11521-- warning: specified LL cache: line_size 64  assoc 11  total_size 25,952,256
--11521-- warning: simulated LL cache: line_size 64  assoc 12  total_size 25,165,824
BIP cache replacement will be used
BIP Throttle parameter is set to 0.062500
==11521== brk segment overflow in thread #1: can't grow to 0x4a35000
==11521== (see section Limitations in user manual)
==11521== NOTE: further instances of this message will not be shown
==11521== 
==11521== I   refs:      71,275,145,790
==11521== I1  misses:       484,387,381
==11521== LLi misses:             1,819
==11521== I1  miss rate:           0.68%
==11521== LLi miss rate:           0.00%
==11521== 
==11521== D   refs:      28,625,035,458  (20,878,881,310 rd   + 7,746,154,148 wr)
==11521== D1  misses:    10,049,789,436  (10,045,515,506 rd   +     4,273,930 wr)
==11521== LLd misses:         3,049,304  (     2,387,816 rd   +       661,488 wr)
==11521== D1  miss rate:           35.1% (          48.1%     +           0.1%  )
==11521== LLd miss rate:            0.0% (           0.0%     +           0.0%  )
==11521== 
==11521== LL refs:       10,534,176,817  (10,529,902,887 rd   +     4,273,930 wr)
==11521== LL misses:          3,051,123  (     2,389,635 rd   +       661,488 wr)
==11521== LL miss rate:             0.0% (           0.0%     +           0.0%  )
