==40667== Cachegrind, a cache and branch-prediction profiler
==40667== Copyright (C) 2002-2017, and GNU GPL'd, by Nicholas Nethercote et al.
==40667== Using Valgrind-3.16.1 and LibVEX; rerun with -h for copyright info
==40667== Command: ./stitch .
==40667== 
--40667-- warning: L3 cache found, using its data for the LL simulation.
--40667-- warning: specified LL cache: line_size 64  assoc 11  total_size 25,952,256
--40667-- warning: simulated LL cache: line_size 64  assoc 12  total_size 25,165,824
LIP cache replacement will be used
==40667== 
==40667== I   refs:      223,094,181
==40667== I1  misses:        767,907
==40667== LLi misses:          1,727
==40667== I1  miss rate:        0.34%
==40667== LLi miss rate:        0.00%
==40667== 
==40667== D   refs:       60,620,795  (44,316,522 rd   + 16,304,273 wr)
==40667== D1  misses:      2,874,017  ( 1,735,922 rd   +  1,138,095 wr)
==40667== LLd misses:         23,710  (     2,282 rd   +     21,428 wr)
==40667== D1  miss rate:         4.7% (       3.9%     +        7.0%  )
==40667== LLd miss rate:         0.0% (       0.0%     +        0.1%  )
==40667== 
==40667== LL refs:         3,641,924  ( 2,503,829 rd   +  1,138,095 wr)
==40667== LL misses:          25,437  (     4,009 rd   +     21,428 wr)
==40667== LL miss rate:          0.0% (       0.0%     +        0.1%  )
