==39136== Cachegrind, a cache and branch-prediction profiler
==39136== Copyright (C) 2002-2017, and GNU GPL'd, by Nicholas Nethercote et al.
==39136== Using Valgrind-3.16.1 and LibVEX; rerun with -h for copyright info
==39136== Command: ./multi_ncut .
==39136== 
--39136-- warning: L3 cache found, using its data for the LL simulation.
--39136-- warning: specified LL cache: line_size 64  assoc 11  total_size 25,952,256
--39136-- warning: simulated LL cache: line_size 64  assoc 12  total_size 25,165,824
LRU cache replacement will be used
==39136== 
==39136== I   refs:      4,435,393,344
==39136== I1  misses:            2,702
==39136== LLi misses:            1,538
==39136== I1  miss rate:          0.00%
==39136== LLi miss rate:          0.00%
==39136== 
==39136== D   refs:        741,896,753  (740,027,117 rd   + 1,869,636 wr)
==39136== D1  misses:       92,333,317  ( 92,244,756 rd   +    88,561 wr)
==39136== LLd misses:           15,143  (      2,260 rd   +    12,883 wr)
==39136== D1  miss rate:          12.4% (       12.5%     +       4.7%  )
==39136== LLd miss rate:           0.0% (        0.0%     +       0.7%  )
==39136== 
==39136== LL refs:          92,336,019  ( 92,247,458 rd   +    88,561 wr)
==39136== LL misses:            16,681  (      3,798 rd   +    12,883 wr)
==39136== LL miss rate:            0.0% (        0.0%     +       0.7%  )
