==20179== Cachegrind, a cache and branch-prediction profiler
==20179== Copyright (C) 2002-2017, and GNU GPL'd, by Nicholas Nethercote et al.
==20179== Using Valgrind-3.16.1 and LibVEX; rerun with -h for copyright info
==20179== Command: ./mser .
==20179== 
--20179-- warning: L3 cache found, using its data for the LL simulation.
--20179-- warning: specified LL cache: line_size 64  assoc 11  total_size 25,952,256
--20179-- warning: simulated LL cache: line_size 64  assoc 12  total_size 25,165,824
BIP cache replacement will be used
BIP Throttle parameter is set to 0.031250
==20179== 
==20179== I   refs:      157,426,181
==20179== I1  misses:          1,498
==20179== LLi misses:          1,493
==20179== I1  miss rate:        0.00%
==20179== LLi miss rate:        0.00%
==20179== 
==20179== D   refs:       59,523,784  (40,510,721 rd   + 19,013,063 wr)
==20179== D1  misses:         71,101  (     2,255 rd   +     68,846 wr)
==20179== LLd misses:         71,098  (     2,253 rd   +     68,845 wr)
==20179== D1  miss rate:         0.1% (       0.0%     +        0.4%  )
==20179== LLd miss rate:         0.1% (       0.0%     +        0.4%  )
==20179== 
==20179== LL refs:            72,599  (     3,753 rd   +     68,846 wr)
==20179== LL misses:          72,591  (     3,746 rd   +     68,845 wr)
==20179== LL miss rate:          0.0% (       0.0%     +        0.4%  )
