==35464== Cachegrind, a cache and branch-prediction profiler
==35464== Copyright (C) 2002-2017, and GNU GPL'd, by Nicholas Nethercote et al.
==35464== Using Valgrind-3.16.1 and LibVEX; rerun with -h for copyright info
==35464== Command: ./tracking .
==35464== 
--35464-- warning: L3 cache found, using its data for the LL simulation.
--35464-- warning: specified LL cache: line_size 64  assoc 11  total_size 25,952,256
--35464-- warning: simulated LL cache: line_size 64  assoc 12  total_size 25,165,824
BIP cache replacement will be used
BIP Throttle parameter is set to 0.031250
==35464== 
==35464== Process terminating with default action of signal 15 (SIGTERM)
==35464==    at 0x1099D7: imageBlur (in /home/tkloda/cortexsuite/vision/benchmarks/tracking/data/fullhd/tracking)
==35464==    by 0x108AA6: main (in /home/tkloda/cortexsuite/vision/benchmarks/tracking/data/fullhd/tracking)
==35464== 
==35464== I   refs:      965,944,281
==35464== I1  misses:          1,946
==35464== LLi misses:          1,292
==35464== I1  miss rate:        0.00%
==35464== LLi miss rate:        0.00%
==35464== 
==35464== D   refs:      374,067,622  (259,074,982 rd   + 114,992,640 wr)
==35464== D1  misses:      3,268,263  (  2,150,734 rd   +   1,117,529 wr)
==35464== LLd misses:        749,821  (    180,172 rd   +     569,649 wr)
==35464== D1  miss rate:         0.9% (        0.8%     +         1.0%  )
==35464== LLd miss rate:         0.2% (        0.1%     +         0.5%  )
==35464== 
==35464== LL refs:         3,270,209  (  2,152,680 rd   +   1,117,529 wr)
==35464== LL misses:         751,113  (    181,464 rd   +     569,649 wr)
==35464== LL miss rate:          0.1% (        0.0%     +         0.5%  )
