==21082== Cachegrind, a cache and branch-prediction profiler
==21082== Copyright (C) 2002-2017, and GNU GPL'd, by Nicholas Nethercote et al.
==21082== Using Valgrind-3.16.1 and LibVEX; rerun with -h for copyright info
==21082== Command: ./disparity .
==21082== 
--21082-- warning: L3 cache found, using its data for the LL simulation.
--21082-- warning: specified LL cache: line_size 64  assoc 11  total_size 25,952,256
--21082-- warning: simulated LL cache: line_size 64  assoc 12  total_size 25,165,824
BIP cache replacement will be used
BIP Throttle parameter is set to 0.062500
==21082== 
==21082== I   refs:      463,775,450
==21082== I1  misses:        488,334
==21082== LLi misses:          1,597
==21082== I1  miss rate:        0.11%
==21082== LLi miss rate:        0.00%
==21082== 
==21082== D   refs:      187,796,935  (126,192,374 rd   + 61,604,561 wr)
==21082== D1  misses:     43,183,817  ( 28,493,581 rd   + 14,690,236 wr)
==21082== LLd misses:         86,376  (      8,452 rd   +     77,924 wr)
==21082== D1  miss rate:        23.0% (       22.6%     +       23.8%  )
==21082== LLd miss rate:         0.0% (        0.0%     +        0.1%  )
==21082== 
==21082== LL refs:        43,672,151  ( 28,981,915 rd   + 14,690,236 wr)
==21082== LL misses:          87,973  (     10,049 rd   +     77,924 wr)
==21082== LL miss rate:          0.0% (        0.0%     +        0.1%  )
