==53386== Cachegrind, a cache and branch-prediction profiler
==53386== Copyright (C) 2002-2017, and GNU GPL'd, by Nicholas Nethercote et al.
==53386== Using Valgrind-3.16.1 and LibVEX; rerun with -h for copyright info
==53386== Command: ./rbm-small
==53386== 
--53386-- warning: L3 cache found, using its data for the LL simulation.
--53386-- warning: specified LL cache: line_size 64  assoc 11  total_size 25,952,256
--53386-- warning: simulated LL cache: line_size 64  assoc 12  total_size 25,165,824
LIP cache replacement will be used
==53386== 
==53386== I   refs:      21,565,340
==53386== I1  misses:         1,479
==53386== LLi misses:         1,467
==53386== I1  miss rate:       0.01%
==53386== LLi miss rate:       0.01%
==53386== 
==53386== D   refs:       6,380,275  (4,924,851 rd   + 1,455,424 wr)
==53386== D1  misses:         3,634  (    2,679 rd   +       955 wr)
==53386== LLd misses:         3,560  (    2,613 rd   +       947 wr)
==53386== D1  miss rate:        0.1% (      0.1%     +       0.1%  )
==53386== LLd miss rate:        0.1% (      0.1%     +       0.1%  )
==53386== 
==53386== LL refs:            5,113  (    4,158 rd   +       955 wr)
==53386== LL misses:          5,027  (    4,080 rd   +       947 wr)
==53386== LL miss rate:         0.0% (      0.0%     +       0.1%  )
