==25426== Cachegrind, a cache and branch-prediction profiler
==25426== Copyright (C) 2002-2017, and GNU GPL'd, by Nicholas Nethercote et al.
==25426== Using Valgrind-3.16.1 and LibVEX; rerun with -h for copyright info
==25426== Command: ./a.out med.txt
==25426== 
--25426-- warning: L3 cache found, using its data for the LL simulation.
--25426-- warning: specified LL cache: line_size 64  assoc 11  total_size 25,952,256
--25426-- warning: simulated LL cache: line_size 64  assoc 12  total_size 25,165,824
BIP cache replacement will be used
BIP Throttle parameter is set to 0.031250
==25426== 
==25426== I   refs:      21,540,689,427
==25426== I1  misses:             1,791
==25426== LLi misses:             1,787
==25426== I1  miss rate:           0.00%
==25426== LLi miss rate:           0.00%
==25426== 
==25426== D   refs:      13,370,670,449  (12,167,996,488 rd   + 1,202,673,961 wr)
==25426== D1  misses:            65,792  (         2,530 rd   +        63,262 wr)
==25426== LLd misses:            65,748  (         2,491 rd   +        63,257 wr)
==25426== D1  miss rate:            0.0% (           0.0%     +           0.0%  )
==25426== LLd miss rate:            0.0% (           0.0%     +           0.0%  )
==25426== 
==25426== LL refs:               67,583  (         4,321 rd   +        63,262 wr)
==25426== LL misses:             67,535  (         4,278 rd   +        63,257 wr)
==25426== LL miss rate:             0.0% (           0.0%     +           0.0%  )
