==46822== Cachegrind, a cache and branch-prediction profiler
==46822== Copyright (C) 2002-2017, and GNU GPL'd, by Nicholas Nethercote et al.
==46822== Using Valgrind-3.16.1 and LibVEX; rerun with -h for copyright info
==46822== Command: ./me-small
==46822== 
--46822-- warning: L3 cache found, using its data for the LL simulation.
--46822-- warning: specified LL cache: line_size 64  assoc 11  total_size 25,952,256
--46822-- warning: simulated LL cache: line_size 64  assoc 12  total_size 25,165,824
BIP cache replacement will be used
BIP Throttle parameter is set to 0.062500
==46822== 
==46822== I   refs:      47,322,214
==46822== I1  misses:         2,192
==46822== LLi misses:         1,437
==46822== I1  miss rate:       0.00%
==46822== LLi miss rate:       0.00%
==46822== 
==46822== D   refs:       7,814,012  (7,203,498 rd   + 610,514 wr)
==46822== D1  misses:        20,591  (    4,631 rd   +  15,960 wr)
==46822== LLd misses:        17,905  (    2,178 rd   +  15,727 wr)
==46822== D1  miss rate:        0.3% (      0.1%     +     2.6%  )
==46822== LLd miss rate:        0.2% (      0.0%     +     2.6%  )
==46822== 
==46822== LL refs:           22,783  (    6,823 rd   +  15,960 wr)
==46822== LL misses:         19,342  (    3,615 rd   +  15,727 wr)
==46822== LL miss rate:         0.0% (      0.0%     +     2.6%  )
