==41987== Cachegrind, a cache and branch-prediction profiler
==41987== Copyright (C) 2002-2017, and GNU GPL'd, by Nicholas Nethercote et al.
==41987== Using Valgrind-3.16.1 and LibVEX; rerun with -h for copyright info
==41987== Command: ./localization .
==41987== 
--41987-- warning: L3 cache found, using its data for the LL simulation.
--41987-- warning: specified LL cache: line_size 64  assoc 11  total_size 25,952,256
--41987-- warning: simulated LL cache: line_size 64  assoc 12  total_size 25,165,824
Random cache replacement will be used
==41987== 
==41987== I   refs:      2,665,392,950
==41987== I1  misses:          218,685
==41987== LLi misses:            2,127
==41987== I1  miss rate:          0.01%
==41987== LLi miss rate:          0.00%
==41987== 
==41987== D   refs:        861,071,464  (636,716,561 rd   + 224,354,903 wr)
==41987== D1  misses:       40,466,218  ( 37,662,568 rd   +   2,803,650 wr)
==41987== LLd misses:            8,640  (      2,754 rd   +       5,886 wr)
==41987== D1  miss rate:           4.7% (        5.9%     +         1.2%  )
==41987== LLd miss rate:           0.0% (        0.0%     +         0.0%  )
==41987== 
==41987== LL refs:          40,684,903  ( 37,881,253 rd   +   2,803,650 wr)
==41987== LL misses:            10,767  (      4,881 rd   +       5,886 wr)
==41987== LL miss rate:            0.0% (        0.0%     +         0.0%  )
