==25760== Cachegrind, a cache and branch-prediction profiler
==25760== Copyright (C) 2002-2017, and GNU GPL'd, by Nicholas Nethercote et al.
==25760== Using Valgrind-3.16.1 and LibVEX; rerun with -h for copyright info
==25760== Command: ./texture_synthesis .
==25760== 
--25760-- warning: L3 cache found, using its data for the LL simulation.
--25760-- warning: specified LL cache: line_size 64  assoc 11  total_size 25,952,256
--25760-- warning: simulated LL cache: line_size 64  assoc 12  total_size 25,165,824
FIFO cache replacement will be used
==25760== 
==25760== I   refs:      208,057,388
==25760== I1  misses:          1,590
==25760== LLi misses:          1,586
==25760== I1  miss rate:        0.00%
==25760== LLi miss rate:        0.00%
==25760== 
==25760== D   refs:       76,991,608  (52,726,640 rd   + 24,264,968 wr)
==25760== D1  misses:         70,406  (    20,521 rd   +     49,885 wr)
==25760== LLd misses:         31,232  (     2,307 rd   +     28,925 wr)
==25760== D1  miss rate:         0.1% (       0.0%     +        0.2%  )
==25760== LLd miss rate:         0.0% (       0.0%     +        0.1%  )
==25760== 
==25760== LL refs:            71,996  (    22,111 rd   +     49,885 wr)
==25760== LL misses:          32,818  (     3,893 rd   +     28,925 wr)
==25760== LL miss rate:          0.0% (       0.0%     +        0.1%  )
