==48223== Cachegrind, a cache and branch-prediction profiler
==48223== Copyright (C) 2002-2017, and GNU GPL'd, by Nicholas Nethercote et al.
==48223== Using Valgrind-3.16.1 and LibVEX; rerun with -h for copyright info
==48223== Command: ./pca-large large.data 5000 1059 R
==48223== 
--48223-- warning: L3 cache found, using its data for the LL simulation.
--48223-- warning: specified LL cache: line_size 64  assoc 11  total_size 25,952,256
--48223-- warning: simulated LL cache: line_size 64  assoc 12  total_size 25,165,824
BIP cache replacement will be used
BIP Throttle parameter is set to 0.031250
==48223== brk segment overflow in thread #1: can't grow to 0x4a35000
==48223== (see section Limitations in user manual)
==48223== NOTE: further instances of this message will not be shown
==48223== 
==48223== I   refs:      71,275,145,879
==48223== I1  misses:             1,643
==48223== LLi misses:             1,639
==48223== I1  miss rate:           0.00%
==48223== LLi miss rate:           0.00%
==48223== 
==48223== D   refs:      28,625,035,472  (20,878,881,322 rd   + 7,746,154,150 wr)
==48223== D1  misses:     2,020,430,039  ( 2,019,416,797 rd   +     1,013,242 wr)
==48223== LLd misses:         7,498,502  (     6,817,055 rd   +       681,447 wr)
==48223== D1  miss rate:            7.1% (           9.7%     +           0.0%  )
==48223== LLd miss rate:            0.0% (           0.0%     +           0.0%  )
==48223== 
==48223== LL refs:        2,020,431,682  ( 2,019,418,440 rd   +     1,013,242 wr)
==48223== LL misses:          7,500,141  (     6,818,694 rd   +       681,447 wr)
==48223== LL miss rate:             0.0% (           0.0%     +           0.0%  )
