==31717== Cachegrind, a cache and branch-prediction profiler
==31717== Copyright (C) 2002-2017, and GNU GPL'd, by Nicholas Nethercote et al.
==31717== Using Valgrind-3.16.1 and LibVEX; rerun with -h for copyright info
==31717== Command: ./kmeans-large ../datasets/MINST 10000 748 10
==31717== 
--31717-- warning: L3 cache found, using its data for the LL simulation.
--31717-- warning: specified LL cache: line_size 64  assoc 11  total_size 25,952,256
--31717-- warning: simulated LL cache: line_size 64  assoc 12  total_size 25,165,824
LIP cache replacement will be used
==31717== brk segment overflow in thread #1: can't grow to 0x4a44000
==31717== (see section Limitations in user manual)
==31717== NOTE: further instances of this message will not be shown
==31717== 
==31717== I   refs:      31,864,461,091
==31717== I1  misses:            10,034
==31717== LLi misses:             1,516
==31717== I1  miss rate:           0.00%
==31717== LLi miss rate:           0.00%
==31717== 
==31717== D   refs:       9,488,889,172  (8,195,422,233 rd   + 1,293,466,939 wr)
==31717== D1  misses:        57,542,644  (   55,544,614 rd   +     1,998,030 wr)
==31717== LLd misses:        39,021,225  (   37,116,832 rd   +     1,904,393 wr)
==31717== D1  miss rate:            0.6% (          0.7%     +           0.2%  )
==31717== LLd miss rate:            0.4% (          0.5%     +           0.1%  )
==31717== 
==31717== LL refs:           57,552,678  (   55,554,648 rd   +     1,998,030 wr)
==31717== LL misses:         39,022,741  (   37,118,348 rd   +     1,904,393 wr)
==31717== LL miss rate:             0.1% (          0.1%     +           0.1%  )
