==52308== Cachegrind, a cache and branch-prediction profiler
==52308== Copyright (C) 2002-2017, and GNU GPL'd, by Nicholas Nethercote et al.
==52308== Using Valgrind-3.16.1 and LibVEX; rerun with -h for copyright info
==52308== Command: ./rbm-medium
==52308== 
--52308-- warning: L3 cache found, using its data for the LL simulation.
--52308-- warning: specified LL cache: line_size 64  assoc 11  total_size 25,952,256
--52308-- warning: simulated LL cache: line_size 64  assoc 12  total_size 25,165,824
Random cache replacement will be used
==52308== 
==52308== I   refs:      12,265,732,027
==52308== I1  misses:         2,475,704
==52308== LLi misses:             1,497
==52308== I1  miss rate:           0.02%
==52308== LLi miss rate:           0.00%
==52308== 
==52308== D   refs:       3,657,823,178  (2,777,601,363 rd   + 880,221,815 wr)
==52308== D1  misses:       490,726,075  (  451,006,926 rd   +  39,719,149 wr)
==52308== LLd misses:            46,873  (       23,237 rd   +      23,636 wr)
==52308== D1  miss rate:           13.4% (         16.2%     +         4.5%  )
==52308== LLd miss rate:            0.0% (          0.0%     +         0.0%  )
==52308== 
==52308== LL refs:          493,201,779  (  453,482,630 rd   +  39,719,149 wr)
==52308== LL misses:             48,370  (       24,734 rd   +      23,636 wr)
==52308== LL miss rate:             0.0% (          0.0%     +         0.0%  )
