==46182== Cachegrind, a cache and branch-prediction profiler
==46182== Copyright (C) 2002-2017, and GNU GPL'd, by Nicholas Nethercote et al.
==46182== Using Valgrind-3.16.1 and LibVEX; rerun with -h for copyright info
==46182== Command: ./me-small
==46182== 
--46182-- warning: L3 cache found, using its data for the LL simulation.
--46182-- warning: specified LL cache: line_size 64  assoc 11  total_size 25,952,256
--46182-- warning: simulated LL cache: line_size 64  assoc 12  total_size 25,165,824
LRU cache replacement will be used
==46182== 
==46182== I   refs:      47,322,214
==46182== I1  misses:         1,440
==46182== LLi misses:         1,437
==46182== I1  miss rate:       0.00%
==46182== LLi miss rate:       0.00%
==46182== 
==46182== D   refs:       7,814,012  (7,203,498 rd   + 610,514 wr)
==46182== D1  misses:        17,874  (    2,149 rd   +  15,725 wr)
==46182== LLd misses:        17,874  (    2,149 rd   +  15,725 wr)
==46182== D1  miss rate:        0.2% (      0.0%     +     2.6%  )
==46182== LLd miss rate:        0.2% (      0.0%     +     2.6%  )
==46182== 
==46182== LL refs:           19,314  (    3,589 rd   +  15,725 wr)
==46182== LL misses:         19,311  (    3,586 rd   +  15,725 wr)
==46182== LL miss rate:         0.0% (      0.0%     +     2.6%  )
