==29753== Cachegrind, a cache and branch-prediction profiler
==29753== Copyright (C) 2002-2017, and GNU GPL'd, by Nicholas Nethercote et al.
==29753== Using Valgrind-3.16.1 and LibVEX; rerun with -h for copyright info
==29753== Command: ./kmeans-small ../datasets/yeast 1484 8 10
==29753== 
--29753-- warning: L3 cache found, using its data for the LL simulation.
--29753-- warning: specified LL cache: line_size 64  assoc 11  total_size 25,952,256
--29753-- warning: simulated LL cache: line_size 64  assoc 12  total_size 25,165,824
FIFO cache replacement will be used
==29753== 
==29753== I   refs:      56,158,071
==29753== I1  misses:         1,471
==29753== LLi misses:         1,468
==29753== I1  miss rate:       0.00%
==29753== LLi miss rate:       0.00%
==29753== 
==29753== D   refs:      15,831,405  (13,089,370 rd   + 2,742,035 wr)
==29753== D1  misses:         4,964  (     2,147 rd   +     2,817 wr)
==29753== LLd misses:         4,964  (     2,147 rd   +     2,817 wr)
==29753== D1  miss rate:        0.0% (       0.0%     +       0.1%  )
==29753== LLd miss rate:        0.0% (       0.0%     +       0.1%  )
==29753== 
==29753== LL refs:            6,435  (     3,618 rd   +     2,817 wr)
==29753== LL misses:          6,432  (     3,615 rd   +     2,817 wr)
==29753== LL miss rate:         0.0% (       0.0%     +       0.1%  )
