==30301== Cachegrind, a cache and branch-prediction profiler
==30301== Copyright (C) 2002-2017, and GNU GPL'd, by Nicholas Nethercote et al.
==30301== Using Valgrind-3.16.1 and LibVEX; rerun with -h for copyright info
==30301== Command: ./kmeans-medium ../datasets/finland 13467 2 15
==30301== 
--30301-- warning: L3 cache found, using its data for the LL simulation.
--30301-- warning: specified LL cache: line_size 64  assoc 11  total_size 25,952,256
--30301-- warning: simulated LL cache: line_size 64  assoc 12  total_size 25,165,824
LRU cache replacement will be used
==30301== 
==30301== I   refs:      261,008,481
==30301== I1  misses:      2,352,701
==30301== LLi misses:          1,444
==30301== I1  miss rate:        0.90%
==30301== LLi miss rate:        0.00%
==30301== 
==30301== D   refs:       60,294,296  (50,971,203 rd   + 9,323,093 wr)
==30301== D1  misses:        444,882  (   379,350 rd   +    65,532 wr)
==30301== LLd misses:         12,080  (     2,143 rd   +     9,937 wr)
==30301== D1  miss rate:         0.7% (       0.7%     +       0.7%  )
==30301== LLd miss rate:         0.0% (       0.0%     +       0.1%  )
==30301== 
==30301== LL refs:         2,797,583  ( 2,732,051 rd   +    65,532 wr)
==30301== LL misses:          13,524  (     3,587 rd   +     9,937 wr)
==30301== LL miss rate:          0.0% (       0.0%     +       0.1%  )
