==21033== Cachegrind, a cache and branch-prediction profiler
==21033== Copyright (C) 2002-2017, and GNU GPL'd, by Nicholas Nethercote et al.
==21033== Using Valgrind-3.16.1 and LibVEX; rerun with -h for copyright info
==21033== Command: ./disparity .
==21033== 
--21033-- warning: L3 cache found, using its data for the LL simulation.
--21033-- warning: specified LL cache: line_size 64  assoc 11  total_size 25,952,256
--21033-- warning: simulated LL cache: line_size 64  assoc 12  total_size 25,165,824
BIP cache replacement will be used
BIP Throttle parameter is set to 0.062500
==21033== 
==21033== I   refs:      463,775,462
==21033== I1  misses:     13,755,242
==21033== LLi misses:          1,537
==21033== I1  miss rate:        2.97%
==21033== LLi miss rate:        0.00%
==21033== 
==21033== D   refs:      187,796,937  (126,192,375 rd   + 61,604,562 wr)
==21033== D1  misses:     56,482,424  ( 40,406,728 rd   + 16,075,696 wr)
==21033== LLd misses:         86,339  (      8,415 rd   +     77,924 wr)
==21033== D1  miss rate:        30.1% (       32.0%     +       26.1%  )
==21033== LLd miss rate:         0.0% (        0.0%     +        0.1%  )
==21033== 
==21033== LL refs:        70,237,666  ( 54,161,970 rd   + 16,075,696 wr)
==21033== LL misses:          87,876  (      9,952 rd   +     77,924 wr)
==21033== LL miss rate:          0.0% (        0.0%     +        0.1%  )
