==24245== Cachegrind, a cache and branch-prediction profiler
==24245== Copyright (C) 2002-2017, and GNU GPL'd, by Nicholas Nethercote et al.
==24245== Using Valgrind-3.16.1 and LibVEX; rerun with -h for copyright info
==24245== Command: ./sift .
==24245== 
--24245-- warning: L3 cache found, using its data for the LL simulation.
--24245-- warning: specified LL cache: line_size 64  assoc 11  total_size 25,952,256
--24245-- warning: simulated LL cache: line_size 64  assoc 12  total_size 25,165,824
BIP cache replacement will be used
BIP Throttle parameter is set to 0.031250
==24245== brk segment overflow in thread #1: can't grow to 0x5419000
==24245== (see section Limitations in user manual)
==24245== NOTE: further instances of this message will not be shown
==24245== 
==24245== I   refs:      16,043,915,373
==24245== I1  misses:             1,818
==24245== LLi misses:             1,806
==24245== I1  miss rate:           0.00%
==24245== LLi miss rate:           0.00%
==24245== 
==24245== D   refs:       4,941,073,160  (3,428,287,763 rd   + 1,512,785,397 wr)
==24245== D1  misses:        84,057,505  (   63,116,929 rd   +    20,940,576 wr)
==24245== LLd misses:        25,046,261  (   15,148,223 rd   +     9,898,038 wr)
==24245== D1  miss rate:            1.7% (          1.8%     +           1.4%  )
==24245== LLd miss rate:            0.5% (          0.4%     +           0.7%  )
==24245== 
==24245== LL refs:           84,059,323  (   63,118,747 rd   +    20,940,576 wr)
==24245== LL misses:         25,048,067  (   15,150,029 rd   +     9,898,038 wr)
==24245== LL miss rate:             0.1% (          0.1%     +           0.7%  )
