==25543== Cachegrind, a cache and branch-prediction profiler
==25543== Copyright (C) 2002-2017, and GNU GPL'd, by Nicholas Nethercote et al.
==25543== Using Valgrind-3.16.1 and LibVEX; rerun with -h for copyright info
==25543== Command: ./texture_synthesis .
==25543== 
--25543-- warning: L3 cache found, using its data for the LL simulation.
--25543-- warning: specified LL cache: line_size 64  assoc 11  total_size 25,952,256
--25543-- warning: simulated LL cache: line_size 64  assoc 12  total_size 25,165,824
Random cache replacement will be used
==25543== 
==25543== I   refs:      208,057,376
==25543== I1  misses:          2,062
==25543== LLi misses:          1,586
==25543== I1  miss rate:        0.00%
==25543== LLi miss rate:        0.00%
==25543== 
==25543== D   refs:       76,991,606  (52,726,639 rd   + 24,264,967 wr)
==25543== D1  misses:         52,286  (    10,636 rd   +     41,650 wr)
==25543== LLd misses:         31,236  (     2,310 rd   +     28,926 wr)
==25543== D1  miss rate:         0.1% (       0.0%     +        0.2%  )
==25543== LLd miss rate:         0.0% (       0.0%     +        0.1%  )
==25543== 
==25543== LL refs:            54,348  (    12,698 rd   +     41,650 wr)
==25543== LL misses:          32,822  (     3,896 rd   +     28,926 wr)
==25543== LL miss rate:          0.0% (       0.0%     +        0.1%  )
