==22601== Cachegrind, a cache and branch-prediction profiler
==22601== Copyright (C) 2002-2017, and GNU GPL'd, by Nicholas Nethercote et al.
==22601== Using Valgrind-3.16.1 and LibVEX; rerun with -h for copyright info
==22601== Command: ./srr-small
==22601== 
--22601-- warning: L3 cache found, using its data for the LL simulation.
--22601-- warning: specified LL cache: line_size 64  assoc 11  total_size 25,952,256
--22601-- warning: simulated LL cache: line_size 64  assoc 12  total_size 25,165,824
FIFO cache replacement will be used
==22601== 
==22601== I   refs:      19,999,787,117
==22601== I1  misses:        15,038,097
==22601== LLi misses:             1,500
==22601== I1  miss rate:           0.08%
==22601== LLi miss rate:           0.00%
==22601== 
==22601== D   refs:       7,796,537,245  (5,247,433,900 rd   + 2,549,103,345 wr)
==22601== D1  misses:       773,279,304  (  708,743,274 rd   +    64,536,030 wr)
==22601== LLd misses:            13,377  (        2,528 rd   +        10,849 wr)
==22601== D1  miss rate:            9.9% (         13.5%     +           2.5%  )
==22601== LLd miss rate:            0.0% (          0.0%     +           0.0%  )
==22601== 
==22601== LL refs:          788,317,401  (  723,781,371 rd   +    64,536,030 wr)
==22601== LL misses:             14,877  (        4,028 rd   +        10,849 wr)
==22601== LL miss rate:             0.0% (          0.0%     +           0.0%  )
