==67016== Cachegrind, a cache and branch-prediction profiler
==67016== Copyright (C) 2002-2017, and GNU GPL'd, by Nicholas Nethercote et al.
==67016== Using Valgrind-3.16.1 and LibVEX; rerun with -h for copyright info
==67016== Command: ./disparity .
==67016== 
--67016-- warning: L3 cache found, using its data for the LL simulation.
--67016-- warning: specified LL cache: line_size 64  assoc 11  total_size 25,952,256
--67016-- warning: simulated LL cache: line_size 64  assoc 12  total_size 25,165,824
Input size		- (154x176)
Verification		- Successful
Cycles elapsed		- 2249884960

==67016== 
==67016== I   refs:      126,238,696
==67016== I1  misses:      3,726,486
==67016== LLi misses:          1,462
==67016== I1  miss rate:        2.95%
==67016== LLi miss rate:        0.00%
==67016== 
==67016== D   refs:       50,959,606  (34,248,378 rd   + 16,711,228 wr)
==67016== D1  misses:      1,537,404  (   928,402 rd   +    609,002 wr)
==67016== LLd misses:         20,649  (     2,259 rd   +     18,390 wr)
==67016== D1  miss rate:         3.0% (       2.7%     +        3.6%  )
==67016== LLd miss rate:         0.0% (       0.0%     +        0.1%  )
==67016== 
==67016== LL refs:         5,263,890  ( 4,654,888 rd   +    609,002 wr)
==67016== LL misses:          22,111  (     3,721 rd   +     18,390 wr)
==67016== LL miss rate:          0.0% (       0.0%     +        0.1%  )
