==38904== Cachegrind, a cache and branch-prediction profiler
==38904== Copyright (C) 2002-2017, and GNU GPL'd, by Nicholas Nethercote et al.
==38904== Using Valgrind-3.16.1 and LibVEX; rerun with -h for copyright info
==38904== Command: ./sift .
==38904== 
--38904-- warning: L3 cache found, using its data for the LL simulation.
--38904-- warning: specified LL cache: line_size 64  assoc 11  total_size 25,952,256
--38904-- warning: simulated LL cache: line_size 64  assoc 12  total_size 25,165,824
Random cache replacement will be used
==38904== brk segment overflow in thread #1: can't grow to 0x4cd9000
==38904== (see section Limitations in user manual)
==38904== NOTE: further instances of this message will not be shown
==38904== 
==38904== I   refs:      3,167,698,646
==38904== I1  misses:            1,822
==38904== LLi misses:            1,818
==38904== I1  miss rate:          0.00%
==38904== LLi miss rate:          0.00%
==38904== 
==38904== D   refs:        974,218,286  (676,537,037 rd   + 297,681,249 wr)
==38904== D1  misses:        4,219,534  (  2,331,347 rd   +   1,888,187 wr)
==38904== LLd misses:        2,811,962  (  1,146,371 rd   +   1,665,591 wr)
==38904== D1  miss rate:           0.4% (        0.3%     +         0.6%  )
==38904== LLd miss rate:           0.3% (        0.2%     +         0.6%  )
==38904== 
==38904== LL refs:           4,221,356  (  2,333,169 rd   +   1,888,187 wr)
==38904== LL misses:         2,813,780  (  1,148,189 rd   +   1,665,591 wr)
==38904== LL miss rate:            0.1% (        0.0%     +         0.6%  )
