==45661== Cachegrind, a cache and branch-prediction profiler
==45661== Copyright (C) 2002-2017, and GNU GPL'd, by Nicholas Nethercote et al.
==45661== Using Valgrind-3.16.1 and LibVEX; rerun with -h for copyright info
==45661== Command: ./me-medium
==45661== 
--45661-- warning: L3 cache found, using its data for the LL simulation.
--45661-- warning: specified LL cache: line_size 64  assoc 11  total_size 25,952,256
--45661-- warning: simulated LL cache: line_size 64  assoc 12  total_size 25,165,824
BIP cache replacement will be used
BIP Throttle parameter is set to 0.062500
==45661== brk segment overflow in thread #1: can't grow to 0x4a36000
==45661== (see section Limitations in user manual)
==45661== NOTE: further instances of this message will not be shown
==45661== 
==45661== I   refs:      582,717,344
==45661== I1  misses:          1,463
==45661== LLi misses:          1,460
==45661== I1  miss rate:        0.00%
==45661== LLi miss rate:        0.00%
==45661== 
==45661== D   refs:      104,638,589  (94,724,833 rd   + 9,913,756 wr)
==45661== D1  misses:        159,229  (     5,814 rd   +   153,415 wr)
==45661== LLd misses:        158,573  (     5,162 rd   +   153,411 wr)
==45661== D1  miss rate:         0.2% (       0.0%     +       1.5%  )
==45661== LLd miss rate:         0.2% (       0.0%     +       1.5%  )
==45661== 
==45661== LL refs:           160,692  (     7,277 rd   +   153,415 wr)
==45661== LL misses:         160,033  (     6,622 rd   +   153,411 wr)
==45661== LL miss rate:          0.0% (       0.0%     +       1.5%  )
