==54146== Cachegrind, a cache and branch-prediction profiler
==54146== Copyright (C) 2002-2017, and GNU GPL'd, by Nicholas Nethercote et al.
==54146== Using Valgrind-3.16.1 and LibVEX; rerun with -h for copyright info
==54146== Command: ./tracking .
==54146== 
--54146-- warning: L3 cache found, using its data for the LL simulation.
--54146-- warning: specified LL cache: line_size 64  assoc 11  total_size 25,952,256
--54146-- warning: simulated LL cache: line_size 64  assoc 12  total_size 25,165,824
BIP cache replacement will be used
BIP Throttle parameter is set to 0.062500
==54146== brk segment overflow in thread #1: can't grow to 0x5026000
==54146== (see section Limitations in user manual)
==54146== NOTE: further instances of this message will not be shown
==54146== 
==54146== I   refs:      7,862,359,008
==54146== I1  misses:            1,727
==54146== LLi misses:            1,723
==54146== I1  miss rate:          0.00%
==54146== LLi miss rate:          0.00%
==54146== 
==54146== D   refs:      2,585,046,518  (1,824,545,511 rd   + 760,501,007 wr)
==54146== D1  misses:       18,333,057  (    7,152,149 rd   +  11,180,908 wr)
==54146== LLd misses:       13,699,184  (    5,144,743 rd   +   8,554,441 wr)
==54146== D1  miss rate:           0.7% (          0.4%     +         1.5%  )
==54146== LLd miss rate:           0.5% (          0.3%     +         1.1%  )
==54146== 
==54146== LL refs:          18,334,784  (    7,153,876 rd   +  11,180,908 wr)
==54146== LL misses:        13,700,907  (    5,146,466 rd   +   8,554,441 wr)
==54146== LL miss rate:            0.1% (          0.1%     +         1.1%  )
