==20550== Cachegrind, a cache and branch-prediction profiler
==20550== Copyright (C) 2002-2017, and GNU GPL'd, by Nicholas Nethercote et al.
==20550== Using Valgrind-3.16.1 and LibVEX; rerun with -h for copyright info
==20550== Command: ./disparity .
==20550== 
--20550-- warning: L3 cache found, using its data for the LL simulation.
--20550-- warning: specified LL cache: line_size 64  assoc 11  total_size 25,952,256
--20550-- warning: simulated LL cache: line_size 64  assoc 12  total_size 25,165,824
LIP cache replacement will be used
==20550== 
==20550== I   refs:      463,775,462
==20550== I1  misses:      5,963,186
==20550== LLi misses:          1,566
==20550== I1  miss rate:        1.29%
==20550== LLi miss rate:        0.00%
==20550== 
==20550== D   refs:      187,796,937  (126,192,375 rd   + 61,604,562 wr)
==20550== D1  misses:     72,032,012  ( 50,511,215 rd   + 21,520,797 wr)
==20550== LLd misses:         87,136  (      8,841 rd   +     78,295 wr)
==20550== D1  miss rate:        38.4% (       40.0%     +       34.9%  )
==20550== LLd miss rate:         0.0% (        0.0%     +        0.1%  )
==20550== 
==20550== LL refs:        77,995,198  ( 56,474,401 rd   + 21,520,797 wr)
==20550== LL misses:          88,702  (     10,407 rd   +     78,295 wr)
==20550== LL miss rate:          0.0% (        0.0%     +        0.1%  )
