==30066== Cachegrind, a cache and branch-prediction profiler
==30066== Copyright (C) 2002-2017, and GNU GPL'd, by Nicholas Nethercote et al.
==30066== Using Valgrind-3.16.1 and LibVEX; rerun with -h for copyright info
==30066== Command: ./multi_ncut .
==30066== 
--30066-- warning: L3 cache found, using its data for the LL simulation.
--30066-- warning: specified LL cache: line_size 64  assoc 11  total_size 25,952,256
--30066-- warning: simulated LL cache: line_size 64  assoc 12  total_size 25,165,824
LIP cache replacement will be used
==30066== 
==30066== Process terminating with default action of signal 15 (SIGTERM)
==30066==    at 0x10AAB0: fSortIndices (in /home/tkloda/cortexsuite/vision/benchmarks/multi_ncut/data/fullhd/multi_ncut)
==30066==    by 0x10CE27: segment_graph (in /home/tkloda/cortexsuite/vision/benchmarks/multi_ncut/data/fullhd/multi_ncut)
==30066==    by 0x10CAC9: segment_image (in /home/tkloda/cortexsuite/vision/benchmarks/multi_ncut/data/fullhd/multi_ncut)
==30066==    by 0x108B0A: main (in /home/tkloda/cortexsuite/vision/benchmarks/multi_ncut/data/fullhd/multi_ncut)
==30066== 
==30066== I   refs:      1,691,334,075
==30066== I1  misses:       12,443,646
==30066== LLi misses:            1,338
==30066== I1  miss rate:          0.74%
==30066== LLi miss rate:          0.00%
==30066== 
==30066== D   refs:        567,378,123  (384,927,388 rd   + 182,450,735 wr)
==30066== D1  misses:       27,582,211  ( 13,967,279 rd   +  13,614,932 wr)
==30066== LLd misses:        6,600,184  (  2,844,991 rd   +   3,755,193 wr)
==30066== D1  miss rate:           4.9% (        3.6%     +         7.5%  )
==30066== LLd miss rate:           1.2% (        0.7%     +         2.1%  )
==30066== 
==30066== LL refs:          40,025,857  ( 26,410,925 rd   +  13,614,932 wr)
==30066== LL misses:         6,601,522  (  2,846,329 rd   +   3,755,193 wr)
==30066== LL miss rate:            0.3% (        0.1%     +         2.1%  )
