==53203== Cachegrind, a cache and branch-prediction profiler
==53203== Copyright (C) 2002-2017, and GNU GPL'd, by Nicholas Nethercote et al.
==53203== Using Valgrind-3.16.1 and LibVEX; rerun with -h for copyright info
==53203== Command: ./tracking .
==53203== 
--53203-- warning: L3 cache found, using its data for the LL simulation.
--53203-- warning: specified LL cache: line_size 64  assoc 11  total_size 25,952,256
--53203-- warning: simulated LL cache: line_size 64  assoc 12  total_size 25,165,824
BIP cache replacement will be used
BIP Throttle parameter is set to 0.015625
==53203== brk segment overflow in thread #1: can't grow to 0x4a37000
==53203== (see section Limitations in user manual)
==53203== NOTE: further instances of this message will not be shown
==53203== 
==53203== I   refs:      1,258,660,380
==53203== I1  misses:            2,465
==53203== LLi misses:            1,885
==53203== I1  miss rate:          0.00%
==53203== LLi miss rate:          0.00%
==53203== 
==53203== D   refs:        408,310,877  (288,791,461 rd   + 119,519,416 wr)
==53203== D1  misses:        8,546,351  (  4,676,007 rd   +   3,870,344 wr)
==53203== LLd misses:          356,401  (     63,451 rd   +     292,950 wr)
==53203== D1  miss rate:           2.1% (        1.6%     +         3.2%  )
==53203== LLd miss rate:           0.1% (        0.0%     +         0.2%  )
==53203== 
==53203== LL refs:           8,548,816  (  4,678,472 rd   +   3,870,344 wr)
==53203== LL misses:           358,286  (     65,336 rd   +     292,950 wr)
==53203== LL miss rate:            0.0% (        0.0%     +         0.2%  )
