==24159== Cachegrind, a cache and branch-prediction profiler
==24159== Copyright (C) 2002-2017, and GNU GPL'd, by Nicholas Nethercote et al.
==24159== Using Valgrind-3.16.1 and LibVEX; rerun with -h for copyright info
==24159== Command: ./sift .
==24159== 
--24159-- warning: L3 cache found, using its data for the LL simulation.
--24159-- warning: specified LL cache: line_size 64  assoc 11  total_size 25,952,256
--24159-- warning: simulated LL cache: line_size 64  assoc 12  total_size 25,165,824
Random cache replacement will be used
==24159== brk segment overflow in thread #1: can't grow to 0x5419000
==24159== (see section Limitations in user manual)
==24159== NOTE: further instances of this message will not be shown
==24159== 
==24159== I   refs:      16,043,915,373
==24159== I1  misses:             2,070
==24159== LLi misses:             1,958
==24159== I1  miss rate:           0.00%
==24159== LLi miss rate:           0.00%
==24159== 
==24159== D   refs:       4,941,073,160  (3,428,287,763 rd   + 1,512,785,397 wr)
==24159== D1  misses:        80,467,091  (   68,686,328 rd   +    11,780,763 wr)
==24159== LLd misses:        23,897,137  (   13,985,777 rd   +     9,911,360 wr)
==24159== D1  miss rate:            1.6% (          2.0%     +           0.8%  )
==24159== LLd miss rate:            0.5% (          0.4%     +           0.7%  )
==24159== 
==24159== LL refs:           80,469,161  (   68,688,398 rd   +    11,780,763 wr)
==24159== LL misses:         23,899,095  (   13,987,735 rd   +     9,911,360 wr)
==24159== LL miss rate:             0.1% (          0.1%     +           0.7%  )
