==39364== Cachegrind, a cache and branch-prediction profiler
==39364== Copyright (C) 2002-2017, and GNU GPL'd, by Nicholas Nethercote et al.
==39364== Using Valgrind-3.16.1 and LibVEX; rerun with -h for copyright info
==39364== Command: ./sift .
==39364== 
--39364-- warning: L3 cache found, using its data for the LL simulation.
--39364-- warning: specified LL cache: line_size 64  assoc 11  total_size 25,952,256
--39364-- warning: simulated LL cache: line_size 64  assoc 12  total_size 25,165,824
LRU cache replacement will be used
==39364== 
==39364== I   refs:      288,805,074
==39364== I1  misses:          2,391
==39364== LLi misses:          1,776
==39364== I1  miss rate:        0.00%
==39364== LLi miss rate:        0.00%
==39364== 
==39364== D   refs:       87,842,391  (61,419,272 rd   + 26,423,119 wr)
==39364== D1  misses:        760,369  (   531,490 rd   +    228,879 wr)
==39364== LLd misses:        157,931  (     2,321 rd   +    155,610 wr)
==39364== D1  miss rate:         0.9% (       0.9%     +        0.9%  )
==39364== LLd miss rate:         0.2% (       0.0%     +        0.6%  )
==39364== 
==39364== LL refs:           762,760  (   533,881 rd   +    228,879 wr)
==39364== LL misses:         159,707  (     4,097 rd   +    155,610 wr)
==39364== LL miss rate:          0.0% (       0.0%     +        0.6%  )
