==11723== Cachegrind, a cache and branch-prediction profiler
==11723== Copyright (C) 2002-2017, and GNU GPL'd, by Nicholas Nethercote et al.
==11723== Using Valgrind-3.16.1 and LibVEX; rerun with -h for copyright info
==11723== Command: ./pca-large large.data 5000 1059 R
==11723== 
--11723-- warning: L3 cache found, using its data for the LL simulation.
--11723-- warning: specified LL cache: line_size 64  assoc 11  total_size 25,952,256
--11723-- warning: simulated LL cache: line_size 64  assoc 12  total_size 25,165,824
BIP cache replacement will be used
BIP Throttle parameter is set to 0.031250
==11723== brk segment overflow in thread #1: can't grow to 0x4a35000
==11723== (see section Limitations in user manual)
==11723== NOTE: further instances of this message will not be shown
==11723== 
==11723== I   refs:      71,275,145,790
==11723== I1  misses:             1,752
==11723== LLi misses:             1,709
==11723== I1  miss rate:           0.00%
==11723== LLi miss rate:           0.00%
==11723== 
==11723== D   refs:      28,625,035,458  (20,878,881,310 rd   + 7,746,154,148 wr)
==11723== D1  misses:     9,388,733,445  ( 9,386,340,727 rd   +     2,392,718 wr)
==11723== LLd misses:         6,269,954  (     5,468,676 rd   +       801,278 wr)
==11723== D1  miss rate:           32.8% (          45.0%     +           0.0%  )
==11723== LLd miss rate:            0.0% (           0.0%     +           0.0%  )
==11723== 
==11723== LL refs:        9,388,735,197  ( 9,386,342,479 rd   +     2,392,718 wr)
==11723== LL misses:          6,271,663  (     5,470,385 rd   +       801,278 wr)
==11723== LL miss rate:             0.0% (           0.0%     +           0.0%  )
