==35930== Cachegrind, a cache and branch-prediction profiler
==35930== Copyright (C) 2002-2017, and GNU GPL'd, by Nicholas Nethercote et al.
==35930== Using Valgrind-3.16.1 and LibVEX; rerun with -h for copyright info
==35930== Command: ./mser .
==35930== 
--35930-- warning: L3 cache found, using its data for the LL simulation.
--35930-- warning: specified LL cache: line_size 64  assoc 11  total_size 25,952,256
--35930-- warning: simulated LL cache: line_size 64  assoc 12  total_size 25,165,824
LIP cache replacement will be used
==35930== 
==35930== I   refs:      39,996,100
==35930== I1  misses:     1,519,105
==35930== LLi misses:         1,536
==35930== I1  miss rate:       3.80%
==35930== LLi miss rate:       0.00%
==35930== 
==35930== D   refs:      15,054,676  (10,245,444 rd   + 4,809,232 wr)
==35930== D1  misses:     1,576,798  ( 1,231,036 rd   +   345,762 wr)
==35930== LLd misses:        20,548  (     2,277 rd   +    18,271 wr)
==35930== D1  miss rate:       10.5% (      12.0%     +       7.2%  )
==35930== LLd miss rate:        0.1% (       0.0%     +       0.4%  )
==35930== 
==35930== LL refs:        3,095,903  ( 2,750,141 rd   +   345,762 wr)
==35930== LL misses:         22,084  (     3,813 rd   +    18,271 wr)
==35930== LL miss rate:         0.0% (       0.0%     +       0.4%  )
