==23709== Cachegrind, a cache and branch-prediction profiler
==23709== Copyright (C) 2002-2017, and GNU GPL'd, by Nicholas Nethercote et al.
==23709== Using Valgrind-3.16.1 and LibVEX; rerun with -h for copyright info
==23709== Command: ./a.out small.txt
==23709== 
--23709-- warning: L3 cache found, using its data for the LL simulation.
--23709-- warning: specified LL cache: line_size 64  assoc 11  total_size 25,952,256
--23709-- warning: simulated LL cache: line_size 64  assoc 12  total_size 25,165,824
Random cache replacement will be used
==23709== 
==23709== I   refs:      219,666,574
==23709== I1  misses:          1,786
==23709== LLi misses:          1,758
==23709== I1  miss rate:        0.00%
==23709== LLi miss rate:        0.00%
==23709== 
==23709== D   refs:      128,686,216  (113,044,779 rd   + 15,641,437 wr)
==23709== D1  misses:          5,919  (      2,721 rd   +      3,198 wr)
==23709== LLd misses:          5,401  (      2,288 rd   +      3,113 wr)
==23709== D1  miss rate:         0.0% (        0.0%     +        0.0%  )
==23709== LLd miss rate:         0.0% (        0.0%     +        0.0%  )
==23709== 
==23709== LL refs:             7,705  (      4,507 rd   +      3,198 wr)
==23709== LL misses:           7,159  (      4,046 rd   +      3,113 wr)
==23709== LL miss rate:          0.0% (        0.0%     +        0.0%  )
