==53714== Cachegrind, a cache and branch-prediction profiler
==53714== Copyright (C) 2002-2017, and GNU GPL'd, by Nicholas Nethercote et al.
==53714== Using Valgrind-3.16.1 and LibVEX; rerun with -h for copyright info
==53714== Command: ./pca-medium medium.data 722 800 R
==53714== 
--53714-- warning: L3 cache found, using its data for the LL simulation.
--53714-- warning: specified LL cache: line_size 64  assoc 11  total_size 25,952,256
--53714-- warning: simulated LL cache: line_size 64  assoc 12  total_size 25,165,824
BIP cache replacement will be used
BIP Throttle parameter is set to 0.062500
==53714== 
==53714== I   refs:      14,218,322,069
==53714== I1  misses:        60,827,274
==53714== LLi misses:             1,684
==53714== I1  miss rate:           0.43%
==53714== LLi miss rate:           0.00%
==53714== 
==53714== D   refs:       5,351,602,366  (4,031,779,695 rd   + 1,319,822,671 wr)
==53714== D1  misses:     1,686,887,048  (1,671,296,751 rd   +    15,590,297 wr)
==53714== LLd misses:           136,532  (       18,274 rd   +       118,258 wr)
==53714== D1  miss rate:           31.5% (         41.5%     +           1.2%  )
==53714== LLd miss rate:            0.0% (          0.0%     +           0.0%  )
==53714== 
==53714== LL refs:        1,747,714,322  (1,732,124,025 rd   +    15,590,297 wr)
==53714== LL misses:            138,216  (       19,958 rd   +       118,258 wr)
==53714== LL miss rate:             0.0% (          0.0%     +           0.0%  )
