==59635== Cachegrind, a cache and branch-prediction profiler
==59635== Copyright (C) 2002-2017, and GNU GPL'd, by Nicholas Nethercote et al.
==59635== Using Valgrind-3.16.1 and LibVEX; rerun with -h for copyright info
==59635== Command: ./me-large
==59635== 
--59635-- warning: L3 cache found, using its data for the LL simulation.
--59635-- warning: specified LL cache: line_size 64  assoc 11  total_size 25,952,256
--59635-- warning: simulated LL cache: line_size 64  assoc 12  total_size 25,165,824
Random cache replacement will be used
==59635== brk segment overflow in thread #1: can't grow to 0x4a4b000
==59635== (see section Limitations in user manual)
==59635== NOTE: further instances of this message will not be shown
==59635== 
==59635== I   refs:      7,528,529,082
==59635== I1  misses:            1,669
==59635== LLi misses:            1,521
==59635== I1  miss rate:          0.00%
==59635== LLi miss rate:          0.00%
==59635== 
==59635== D   refs:      1,825,539,721  (1,535,870,322 rd   + 289,669,399 wr)
==59635== D1  misses:        2,917,936  (    1,288,112 rd   +   1,629,824 wr)
==59635== LLd misses:        1,294,970  (      162,718 rd   +   1,132,252 wr)
==59635== D1  miss rate:           0.2% (          0.1%     +         0.6%  )
==59635== LLd miss rate:           0.1% (          0.0%     +         0.4%  )
==59635== 
==59635== LL refs:           2,919,605  (    1,289,781 rd   +   1,629,824 wr)
==59635== LL misses:         1,296,491  (      164,239 rd   +   1,132,252 wr)
==59635== LL miss rate:            0.0% (          0.0%     +         0.4%  )
