==41076== Cachegrind, a cache and branch-prediction profiler
==41076== Copyright (C) 2002-2017, and GNU GPL'd, by Nicholas Nethercote et al.
==41076== Using Valgrind-3.16.1 and LibVEX; rerun with -h for copyright info
==41076== Command: ./liblinear-tmedium data/10B/epsilon
==41076== 
--41076-- warning: L3 cache found, using its data for the LL simulation.
--41076-- warning: specified LL cache: line_size 64  assoc 11  total_size 25,952,256
--41076-- warning: simulated LL cache: line_size 64  assoc 12  total_size 25,165,824
LRU cache replacement will be used
==41076== 
==41076== I   refs:      19,285,289,592
==41076== I1  misses:            34,081
==41076== LLi misses:             2,174
==41076== I1  miss rate:           0.00%
==41076== LLi miss rate:           0.00%
==41076== 
==41076== D   refs:       5,666,485,980  (3,947,048,634 rd   + 1,719,437,346 wr)
==41076== D1  misses:       120,254,739  (  111,049,610 rd   +     9,205,129 wr)
==41076== LLd misses:        39,934,269  (   36,799,809 rd   +     3,134,460 wr)
==41076== D1  miss rate:            2.1% (          2.8%     +           0.5%  )
==41076== LLd miss rate:            0.7% (          0.9%     +           0.2%  )
==41076== 
==41076== LL refs:          120,288,820  (  111,083,691 rd   +     9,205,129 wr)
==41076== LL misses:         39,936,443  (   36,801,983 rd   +     3,134,460 wr)
==41076== LL miss rate:             0.2% (          0.2%     +           0.2%  )
