==61927== Cachegrind, a cache and branch-prediction profiler
==61927== Copyright (C) 2002-2017, and GNU GPL'd, by Nicholas Nethercote et al.
==61927== Using Valgrind-3.16.1 and LibVEX; rerun with -h for copyright info
==61927== Command: ./sift .
==61927== 
--61927-- warning: L3 cache found, using its data for the LL simulation.
--61927-- warning: specified LL cache: line_size 64  assoc 11  total_size 25,952,256
--61927-- warning: simulated LL cache: line_size 64  assoc 12  total_size 25,165,824
FIFO cache replacement will be used
==61927== brk segment overflow in thread #1: can't grow to 0x5419000
==61927== (see section Limitations in user manual)
==61927== NOTE: further instances of this message will not be shown
==61927== 
==61927== I   refs:      16,043,915,028
==61927== I1  misses:             1,824
==61927== LLi misses:             1,820
==61927== I1  miss rate:           0.00%
==61927== LLi miss rate:           0.00%
==61927== 
==61927== D   refs:       4,941,072,983  (3,428,287,657 rd   + 1,512,785,326 wr)
==61927== D1  misses:        27,596,962  (   16,433,106 rd   +    11,163,856 wr)
==61927== LLd misses:        22,787,901  (   13,111,774 rd   +     9,676,127 wr)
==61927== D1  miss rate:            0.6% (          0.5%     +           0.7%  )
==61927== LLd miss rate:            0.5% (          0.4%     +           0.6%  )
==61927== 
==61927== LL refs:           27,598,786  (   16,434,930 rd   +    11,163,856 wr)
==61927== LL misses:         22,789,721  (   13,113,594 rd   +     9,676,127 wr)
==61927== LL miss rate:             0.1% (          0.1%     +           0.6%  )
