==24799== Cachegrind, a cache and branch-prediction profiler
==24799== Copyright (C) 2002-2017, and GNU GPL'd, by Nicholas Nethercote et al.
==24799== Using Valgrind-3.16.1 and LibVEX; rerun with -h for copyright info
==24799== Command: ./a.out med.txt
==24799== 
--24799-- warning: L3 cache found, using its data for the LL simulation.
--24799-- warning: specified LL cache: line_size 64  assoc 11  total_size 25,952,256
--24799-- warning: simulated LL cache: line_size 64  assoc 12  total_size 25,165,824
Random cache replacement will be used
==24799== 
==24799== I   refs:      21,540,689,427
==24799== I1  misses:        76,320,223
==24799== LLi misses:             1,830
==24799== I1  miss rate:           0.35%
==24799== LLi miss rate:           0.00%
==24799== 
==24799== D   refs:      13,370,670,449  (12,167,996,488 rd   + 1,202,673,961 wr)
==24799== D1  misses:       723,406,674  (   712,053,738 rd   +    11,352,936 wr)
==24799== LLd misses:            68,057  (         3,436 rd   +        64,621 wr)
==24799== D1  miss rate:            5.4% (           5.9%     +           0.9%  )
==24799== LLd miss rate:            0.0% (           0.0%     +           0.0%  )
==24799== 
==24799== LL refs:          799,726,897  (   788,373,961 rd   +    11,352,936 wr)
==24799== LL misses:             69,887  (         5,266 rd   +        64,621 wr)
==24799== LL miss rate:             0.0% (           0.0%     +           0.0%  )
