==53360== Cachegrind, a cache and branch-prediction profiler
==53360== Copyright (C) 2002-2017, and GNU GPL'd, by Nicholas Nethercote et al.
==53360== Using Valgrind-3.16.1 and LibVEX; rerun with -h for copyright info
==53360== Command: ./pca-medium medium.data 722 800 R
==53360== 
--53360-- warning: L3 cache found, using its data for the LL simulation.
--53360-- warning: specified LL cache: line_size 64  assoc 11  total_size 25,952,256
--53360-- warning: simulated LL cache: line_size 64  assoc 12  total_size 25,165,824
Random cache replacement will be used
==53360== 
==53360== I   refs:      14,218,322,069
==53360== I1  misses:        73,694,047
==53360== LLi misses:             1,696
==53360== I1  miss rate:           0.52%
==53360== LLi miss rate:           0.00%
==53360== 
==53360== D   refs:       5,351,602,366  (4,031,779,695 rd   + 1,319,822,671 wr)
==53360== D1  misses:     1,765,181,294  (1,718,469,788 rd   +    46,711,506 wr)
==53360== LLd misses:           134,935  (       15,807 rd   +       119,128 wr)
==53360== D1  miss rate:           33.0% (         42.6%     +           3.5%  )
==53360== LLd miss rate:            0.0% (          0.0%     +           0.0%  )
==53360== 
==53360== LL refs:        1,838,875,341  (1,792,163,835 rd   +    46,711,506 wr)
==53360== LL misses:            136,631  (       17,503 rd   +       119,128 wr)
==53360== LL miss rate:             0.0% (          0.0%     +           0.0%  )
