==51277== Cachegrind, a cache and branch-prediction profiler
==51277== Copyright (C) 2002-2017, and GNU GPL'd, by Nicholas Nethercote et al.
==51277== Using Valgrind-3.16.1 and LibVEX; rerun with -h for copyright info
==51277== Command: ./a.out large.txt
==51277== 
--51277-- warning: L3 cache found, using its data for the LL simulation.
--51277-- warning: specified LL cache: line_size 64  assoc 11  total_size 25,952,256
--51277-- warning: simulated LL cache: line_size 64  assoc 12  total_size 25,165,824
LIP cache replacement will be used
==51277== 
==51277== I   refs:      166,691,482,179
==51277== I1  misses:              1,789
==51277== LLi misses:              1,785
==51277== I1  miss rate:            0.00%
==51277== LLi miss rate:            0.00%
==51277== 
==51277== D   refs:      104,424,129,671  (95,529,538,740 rd   + 8,894,590,931 wr)
==51277== D1  misses:            973,205  (       610,850 rd   +       362,355 wr)
==51277== LLd misses:            967,297  (       604,981 rd   +       362,316 wr)
==51277== D1  miss rate:             0.0% (           0.0%     +           0.0%  )
==51277== LLd miss rate:             0.0% (           0.0%     +           0.0%  )
==51277== 
==51277== LL refs:               974,994  (       612,639 rd   +       362,355 wr)
==51277== LL misses:             969,082  (       606,766 rd   +       362,316 wr)
==51277== LL miss rate:              0.0% (           0.0%     +           0.0%  )
