==51712== Cachegrind, a cache and branch-prediction profiler
==51712== Copyright (C) 2002-2017, and GNU GPL'd, by Nicholas Nethercote et al.
==51712== Using Valgrind-3.16.1 and LibVEX; rerun with -h for copyright info
==51712== Command: ./rbm-large
==51712== 
--51712-- warning: L3 cache found, using its data for the LL simulation.
--51712-- warning: specified LL cache: line_size 64  assoc 11  total_size 25,952,256
--51712-- warning: simulated LL cache: line_size 64  assoc 12  total_size 25,165,824
BIP cache replacement will be used
BIP Throttle parameter is set to 0.031250
==51712== 
==51712== I   refs:      119,676,070,063
==51712== I1  misses:              1,473
==51712== LLi misses:              1,467
==51712== I1  miss rate:            0.00%
==51712== LLi miss rate:            0.00%
==51712== 
==51712== D   refs:       35,862,087,164  (27,106,383,010 rd   + 8,755,704,154 wr)
==51712== D1  misses:      1,816,894,617  ( 1,472,748,105 rd   +   344,146,512 wr)
==51712== LLd misses:             53,187  (        29,221 rd   +        23,966 wr)
==51712== D1  miss rate:             5.1% (           5.4%     +           3.9%  )
==51712== LLd miss rate:             0.0% (           0.0%     +           0.0%  )
==51712== 
==51712== LL refs:         1,816,896,090  ( 1,472,749,578 rd   +   344,146,512 wr)
==51712== LL misses:              54,654  (        30,688 rd   +        23,966 wr)
==51712== LL miss rate:              0.0% (           0.0%     +           0.0%  )
