==22809== Cachegrind, a cache and branch-prediction profiler
==22809== Copyright (C) 2002-2017, and GNU GPL'd, by Nicholas Nethercote et al.
==22809== Using Valgrind-3.16.1 and LibVEX; rerun with -h for copyright info
==22809== Command: ./liblinear-tlarge data/100B/kdda
==22809== 
--22809-- warning: L3 cache found, using its data for the LL simulation.
--22809-- warning: specified LL cache: line_size 64  assoc 11  total_size 25,952,256
--22809-- warning: simulated LL cache: line_size 64  assoc 12  total_size 25,165,824
FIFO cache replacement will be used
==22809== 
==22809== I   refs:      111,902,758,164
==22809== I1  misses:        432,836,934
==22809== LLi misses:              4,901
==22809== I1  miss rate:            0.39%
==22809== LLi miss rate:            0.00%
==22809== 
==22809== D   refs:       44,061,986,499  (36,080,688,156 rd   + 7,981,298,343 wr)
==22809== D1  misses:      4,346,220,329  ( 4,334,322,211 rd   +    11,898,118 wr)
==22809== LLd misses:      2,066,543,567  ( 2,060,828,019 rd   +     5,715,548 wr)
==22809== D1  miss rate:             9.9% (          12.0%     +           0.1%  )
==22809== LLd miss rate:             4.7% (           5.7%     +           0.1%  )
==22809== 
==22809== LL refs:         4,779,057,263  ( 4,767,159,145 rd   +    11,898,118 wr)
==22809== LL misses:       2,066,548,468  ( 2,060,832,920 rd   +     5,715,548 wr)
==22809== LL miss rate:              1.3% (           1.4%     +           0.1%  )
