==39614== Cachegrind, a cache and branch-prediction profiler
==39614== Copyright (C) 2002-2017, and GNU GPL'd, by Nicholas Nethercote et al.
==39614== Using Valgrind-3.16.1 and LibVEX; rerun with -h for copyright info
==39614== Command: ./disparity .
==39614== 
--39614-- warning: L3 cache found, using its data for the LL simulation.
--39614-- warning: specified LL cache: line_size 64  assoc 11  total_size 25,952,256
--39614-- warning: simulated LL cache: line_size 64  assoc 12  total_size 25,165,824
FIFO cache replacement will be used
==39614== 
==39614== I   refs:      5,413,439
==39614== I1  misses:      377,791
==39614== LLi misses:        1,495
==39614== I1  miss rate:      6.98%
==39614== LLi miss rate:      0.03%
==39614== 
==39614== D   refs:      2,193,210  (1,441,180 rd   + 752,030 wr)
==39614== D1  misses:      110,568  (   74,377 rd   +  36,191 wr)
==39614== LLd misses:        4,923  (    2,253 rd   +   2,670 wr)
==39614== D1  miss rate:       5.0% (      5.2%     +     4.8%  )
==39614== LLd miss rate:       0.2% (      0.2%     +     0.4%  )
==39614== 
==39614== LL refs:         488,359  (  452,168 rd   +  36,191 wr)
==39614== LL misses:         6,418  (    3,748 rd   +   2,670 wr)
==39614== LL miss rate:        0.1% (      0.1%     +     0.4%  )
