==45695== Cachegrind, a cache and branch-prediction profiler
==45695== Copyright (C) 2002-2017, and GNU GPL'd, by Nicholas Nethercote et al.
==45695== Using Valgrind-3.16.1 and LibVEX; rerun with -h for copyright info
==45695== Command: ./me-medium
==45695== 
--45695-- warning: L3 cache found, using its data for the LL simulation.
--45695-- warning: specified LL cache: line_size 64  assoc 11  total_size 25,952,256
--45695-- warning: simulated LL cache: line_size 64  assoc 12  total_size 25,165,824
BIP cache replacement will be used
BIP Throttle parameter is set to 0.031250
==45695== brk segment overflow in thread #1: can't grow to 0x4a36000
==45695== (see section Limitations in user manual)
==45695== NOTE: further instances of this message will not be shown
==45695== 
==45695== I   refs:      582,717,344
==45695== I1  misses:        629,203
==45695== LLi misses:          1,563
==45695== I1  miss rate:        0.11%
==45695== LLi miss rate:        0.00%
==45695== 
==45695== D   refs:      104,638,589  (94,724,833 rd   + 9,913,756 wr)
==45695== D1  misses:     25,663,119  (25,310,550 rd   +   352,569 wr)
==45695== LLd misses:        156,468  (     2,883 rd   +   153,585 wr)
==45695== D1  miss rate:        24.5% (      26.7%     +       3.6%  )
==45695== LLd miss rate:         0.1% (       0.0%     +       1.5%  )
==45695== 
==45695== LL refs:        26,292,322  (25,939,753 rd   +   352,569 wr)
==45695== LL misses:         158,031  (     4,446 rd   +   153,585 wr)
==45695== LL miss rate:          0.0% (       0.0%     +       1.5%  )
