==45175== Cachegrind, a cache and branch-prediction profiler
==45175== Copyright (C) 2002-2017, and GNU GPL'd, by Nicholas Nethercote et al.
==45175== Using Valgrind-3.16.1 and LibVEX; rerun with -h for copyright info
==45175== Command: ./me-medium
==45175== 
--45175-- warning: L3 cache found, using its data for the LL simulation.
--45175-- warning: specified LL cache: line_size 64  assoc 11  total_size 25,952,256
--45175-- warning: simulated LL cache: line_size 64  assoc 12  total_size 25,165,824
Random cache replacement will be used
==45175== brk segment overflow in thread #1: can't grow to 0x4a36000
==45175== (see section Limitations in user manual)
==45175== NOTE: further instances of this message will not be shown
==45175== 
==45175== I   refs:      582,717,344
==45175== I1  misses:          2,050
==45175== LLi misses:          1,491
==45175== I1  miss rate:        0.00%
==45175== LLi miss rate:        0.00%
==45175== 
==45175== D   refs:      104,638,589  (94,724,833 rd   + 9,913,756 wr)
==45175== D1  misses:        511,921  (   264,740 rd   +   247,181 wr)
==45175== LLd misses:        160,845  (     7,251 rd   +   153,594 wr)
==45175== D1  miss rate:         0.5% (       0.3%     +       2.5%  )
==45175== LLd miss rate:         0.2% (       0.0%     +       1.5%  )
==45175== 
==45175== LL refs:           513,971  (   266,790 rd   +   247,181 wr)
==45175== LL misses:         162,336  (     8,742 rd   +   153,594 wr)
==45175== LL miss rate:          0.0% (       0.0%     +       1.5%  )
