==52593== Cachegrind, a cache and branch-prediction profiler
==52593== Copyright (C) 2002-2017, and GNU GPL'd, by Nicholas Nethercote et al.
==52593== Using Valgrind-3.16.1 and LibVEX; rerun with -h for copyright info
==52593== Command: ./tracking .
==52593== 
--52593-- warning: L3 cache found, using its data for the LL simulation.
--52593-- warning: specified LL cache: line_size 64  assoc 11  total_size 25,952,256
--52593-- warning: simulated LL cache: line_size 64  assoc 12  total_size 25,165,824
Random cache replacement will be used
==52593== brk segment overflow in thread #1: can't grow to 0x4a37000
==52593== (see section Limitations in user manual)
==52593== NOTE: further instances of this message will not be shown
==52593== 
==52593== I   refs:      1,258,660,392
==52593== I1  misses:            1,750
==52593== LLi misses:            1,737
==52593== I1  miss rate:          0.00%
==52593== LLi miss rate:          0.00%
==52593== 
==52593== D   refs:        408,310,879  (288,791,462 rd   + 119,519,417 wr)
==52593== D1  misses:        2,765,172  (  1,083,403 rd   +   1,681,769 wr)
==52593== LLd misses:          333,521  (     32,304 rd   +     301,217 wr)
==52593== D1  miss rate:           0.7% (        0.4%     +         1.4%  )
==52593== LLd miss rate:           0.1% (        0.0%     +         0.3%  )
==52593== 
==52593== LL refs:           2,766,922  (  1,085,153 rd   +   1,681,769 wr)
==52593== LL misses:           335,258  (     34,041 rd   +     301,217 wr)
==52593== LL miss rate:            0.0% (        0.0%     +         0.3%  )
