==44846== Cachegrind, a cache and branch-prediction profiler
==44846== Copyright (C) 2002-2017, and GNU GPL'd, by Nicholas Nethercote et al.
==44846== Using Valgrind-3.16.1 and LibVEX; rerun with -h for copyright info
==44846== Command: ./me-medium
==44846== 
--44846-- warning: L3 cache found, using its data for the LL simulation.
--44846-- warning: specified LL cache: line_size 64  assoc 11  total_size 25,952,256
--44846-- warning: simulated LL cache: line_size 64  assoc 12  total_size 25,165,824
LIP cache replacement will be used
==44846== brk segment overflow in thread #1: can't grow to 0x4a36000
==44846== (see section Limitations in user manual)
==44846== NOTE: further instances of this message will not be shown
==44846== 
==44846== I   refs:      582,717,344
==44846== I1  misses:      1,666,385
==44846== LLi misses:          1,530
==44846== I1  miss rate:        0.29%
==44846== LLi miss rate:        0.00%
==44846== 
==44846== D   refs:      104,638,589  (94,724,833 rd   + 9,913,756 wr)
==44846== D1  misses:     51,341,239  (50,456,437 rd   +   884,802 wr)
==44846== LLd misses:        156,423  (     2,853 rd   +   153,570 wr)
==44846== D1  miss rate:        49.1% (      53.3%     +       8.9%  )
==44846== LLd miss rate:         0.1% (       0.0%     +       1.5%  )
==44846== 
==44846== LL refs:        53,007,624  (52,122,822 rd   +   884,802 wr)
==44846== LL misses:         157,953  (     4,383 rd   +   153,570 wr)
==44846== LL miss rate:          0.0% (       0.0%     +       1.5%  )
