==60951== Cachegrind, a cache and branch-prediction profiler
==60951== Copyright (C) 2002-2017, and GNU GPL'd, by Nicholas Nethercote et al.
==60951== Using Valgrind-3.16.1 and LibVEX; rerun with -h for copyright info
==60951== Command: ./multi_ncut .
==60951== 
--60951-- warning: L3 cache found, using its data for the LL simulation.
--60951-- warning: specified LL cache: line_size 64  assoc 11  total_size 25,952,256
--60951-- warning: simulated LL cache: line_size 64  assoc 12  total_size 25,165,824
BIP cache replacement will be used
BIP Throttle parameter is set to 0.031250
==60951== 
==60951== I   refs:      50,837,880,269
==60951== I1  misses:             1,574
==60951== LLi misses:             1,560
==60951== I1  miss rate:           0.00%
==60951== LLi miss rate:           0.00%
==60951== 
==60951== D   refs:       8,481,933,969  (8,475,496,696 rd   + 6,437,273 wr)
==60951== D1  misses:       529,738,049  (  529,448,838 rd   +   289,211 wr)
==60951== LLd misses:            58,073  (        6,891 rd   +    51,182 wr)
==60951== D1  miss rate:            6.2% (          6.2%     +       4.5%  )
==60951== LLd miss rate:            0.0% (          0.0%     +       0.8%  )
==60951== 
==60951== LL refs:          529,739,623  (  529,450,412 rd   +   289,211 wr)
==60951== LL misses:             59,633  (        8,451 rd   +    51,182 wr)
==60951== LL miss rate:             0.0% (          0.0%     +       0.8%  )
