==22747== Cachegrind, a cache and branch-prediction profiler
==22747== Copyright (C) 2002-2017, and GNU GPL'd, by Nicholas Nethercote et al.
==22747== Using Valgrind-3.16.1 and LibVEX; rerun with -h for copyright info
==22747== Command: ./srr-small
==22747== 
--22747-- warning: L3 cache found, using its data for the LL simulation.
--22747-- warning: specified LL cache: line_size 64  assoc 11  total_size 25,952,256
--22747-- warning: simulated LL cache: line_size 64  assoc 12  total_size 25,165,824
FIFO cache replacement will be used
==22747== 
==22747== I   refs:      19,999,787,105
==22747== I1  misses:             1,503
==22747== LLi misses:             1,500
==22747== I1  miss rate:           0.00%
==22747== LLi miss rate:           0.00%
==22747== 
==22747== D   refs:       7,796,537,243  (5,247,433,899 rd   + 2,549,103,344 wr)
==22747== D1  misses:            13,378  (        2,529 rd   +        10,849 wr)
==22747== LLd misses:            13,377  (        2,528 rd   +        10,849 wr)
==22747== D1  miss rate:            0.0% (          0.0%     +           0.0%  )
==22747== LLd miss rate:            0.0% (          0.0%     +           0.0%  )
==22747== 
==22747== LL refs:               14,881  (        4,032 rd   +        10,849 wr)
==22747== LL misses:             14,877  (        4,028 rd   +        10,849 wr)
==22747== LL miss rate:             0.0% (          0.0%     +           0.0%  )
