==22008== Cachegrind, a cache and branch-prediction profiler
==22008== Copyright (C) 2002-2017, and GNU GPL'd, by Nicholas Nethercote et al.
==22008== Using Valgrind-3.16.1 and LibVEX; rerun with -h for copyright info
==22008== Command: ./srr-medium
==22008== 
--22008-- warning: L3 cache found, using its data for the LL simulation.
--22008-- warning: specified LL cache: line_size 64  assoc 11  total_size 25,952,256
--22008-- warning: simulated LL cache: line_size 64  assoc 12  total_size 25,165,824
BIP cache replacement will be used
BIP Throttle parameter is set to 0.015625
==22008== 
==22008== I   refs:      151,164,870,258
==22008== I1  misses:              1,554
==22008== LLi misses:              1,529
==22008== I1  miss rate:            0.00%
==22008== LLi miss rate:            0.00%
==22008== 
==22008== D   refs:       57,030,637,061  (38,402,710,439 rd   + 18,627,926,622 wr)
==22008== D1  misses:        272,557,523  (   270,926,230 rd   +      1,631,293 wr)
==22008== LLd misses:             70,368  (         4,161 rd   +         66,207 wr)
==22008== D1  miss rate:             0.5% (           0.7%     +            0.0%  )
==22008== LLd miss rate:             0.0% (           0.0%     +            0.0%  )
==22008== 
==22008== LL refs:           272,559,077  (   270,927,784 rd   +      1,631,293 wr)
==22008== LL misses:              71,897  (         5,690 rd   +         66,207 wr)
==22008== LL miss rate:              0.0% (           0.0%     +            0.0%  )
