==54022== Cachegrind, a cache and branch-prediction profiler
==54022== Copyright (C) 2002-2017, and GNU GPL'd, by Nicholas Nethercote et al.
==54022== Using Valgrind-3.16.1 and LibVEX; rerun with -h for copyright info
==54022== Command: ./rbm-small
==54022== 
--54022-- warning: L3 cache found, using its data for the LL simulation.
--54022-- warning: specified LL cache: line_size 64  assoc 11  total_size 25,952,256
--54022-- warning: simulated LL cache: line_size 64  assoc 12  total_size 25,165,824
BIP cache replacement will be used
BIP Throttle parameter is set to 0.031250
==54022== 
==54022== I   refs:      21,565,340
==54022== I1  misses:         1,654
==54022== LLi misses:         1,468
==54022== I1  miss rate:       0.01%
==54022== LLi miss rate:       0.01%
==54022== 
==54022== D   refs:       6,380,275  (4,924,851 rd   + 1,455,424 wr)
==54022== D1  misses:        74,427  (   52,826 rd   +    21,601 wr)
==54022== LLd misses:         3,572  (    2,625 rd   +       947 wr)
==54022== D1  miss rate:        1.2% (      1.1%     +       1.5%  )
==54022== LLd miss rate:        0.1% (      0.1%     +       0.1%  )
==54022== 
==54022== LL refs:           76,081  (   54,480 rd   +    21,601 wr)
==54022== LL misses:          5,040  (    4,093 rd   +       947 wr)
==54022== LL miss rate:         0.0% (      0.0%     +       0.1%  )
