==46736== Cachegrind, a cache and branch-prediction profiler
==46736== Copyright (C) 2002-2017, and GNU GPL'd, by Nicholas Nethercote et al.
==46736== Using Valgrind-3.16.1 and LibVEX; rerun with -h for copyright info
==46736== Command: ./me-small
==46736== 
--46736-- warning: L3 cache found, using its data for the LL simulation.
--46736-- warning: specified LL cache: line_size 64  assoc 11  total_size 25,952,256
--46736-- warning: simulated LL cache: line_size 64  assoc 12  total_size 25,165,824
BIP cache replacement will be used
BIP Throttle parameter is set to 0.062500
==46736== 
==46736== I   refs:      47,322,202
==46736== I1  misses:       140,968
==46736== LLi misses:         1,452
==46736== I1  miss rate:       0.30%
==46736== LLi miss rate:       0.00%
==46736== 
==46736== D   refs:       7,814,010  (7,203,497 rd   + 610,513 wr)
==46736== D1  misses:       438,903  (  329,488 rd   + 109,415 wr)
==46736== LLd misses:        17,885  (    2,159 rd   +  15,726 wr)
==46736== D1  miss rate:        5.6% (      4.6%     +    17.9%  )
==46736== LLd miss rate:        0.2% (      0.0%     +     2.6%  )
==46736== 
==46736== LL refs:          579,871  (  470,456 rd   + 109,415 wr)
==46736== LL misses:         19,337  (    3,611 rd   +  15,726 wr)
==46736== LL miss rate:         0.0% (      0.0%     +     2.6%  )
