==43490== Cachegrind, a cache and branch-prediction profiler
==43490== Copyright (C) 2002-2017, and GNU GPL'd, by Nicholas Nethercote et al.
==43490== Using Valgrind-3.16.1 and LibVEX; rerun with -h for copyright info
==43490== Command: ./me-large
==43490== 
--43490-- warning: L3 cache found, using its data for the LL simulation.
--43490-- warning: specified LL cache: line_size 64  assoc 11  total_size 25,952,256
--43490-- warning: simulated LL cache: line_size 64  assoc 12  total_size 25,165,824
LRU cache replacement will be used
==43490== brk segment overflow in thread #1: can't grow to 0x4a4b000
==43490== (see section Limitations in user manual)
==43490== NOTE: further instances of this message will not be shown
==43490== 
==43490== I   refs:      7,528,529,086
==43490== I1  misses:           35,613
==43490== LLi misses:            1,546
==43490== I1  miss rate:          0.00%
==43490== LLi miss rate:          0.00%
==43490== 
==43490== D   refs:      1,825,539,723  (1,535,870,323 rd   + 289,669,400 wr)
==43490== D1  misses:       69,461,925  (   67,383,499 rd   +   2,078,426 wr)
==43490== LLd misses:        1,205,297  (      117,844 rd   +   1,087,453 wr)
==43490== D1  miss rate:           3.8% (          4.4%     +         0.7%  )
==43490== LLd miss rate:           0.1% (          0.0%     +         0.4%  )
==43490== 
==43490== LL refs:          69,497,538  (   67,419,112 rd   +   2,078,426 wr)
==43490== LL misses:         1,206,843  (      119,390 rd   +   1,087,453 wr)
==43490== LL miss rate:            0.0% (          0.0%     +         0.4%  )
