==32489== Cachegrind, a cache and branch-prediction profiler
==32489== Copyright (C) 2002-2017, and GNU GPL'd, by Nicholas Nethercote et al.
==32489== Using Valgrind-3.16.1 and LibVEX; rerun with -h for copyright info
==32489== Command: ./kmeans-large ../datasets/MINST 10000 748 10
==32489== 
--32489-- warning: L3 cache found, using its data for the LL simulation.
--32489-- warning: specified LL cache: line_size 64  assoc 11  total_size 25,952,256
--32489-- warning: simulated LL cache: line_size 64  assoc 12  total_size 25,165,824
BIP cache replacement will be used
BIP Throttle parameter is set to 0.015625
==32489== brk segment overflow in thread #1: can't grow to 0x4a44000
==32489== (see section Limitations in user manual)
==32489== NOTE: further instances of this message will not be shown
==32489== 
==32489== I   refs:      31,864,461,091
==32489== I1  misses:       155,202,657
==32489== LLi misses:             1,666
==32489== I1  miss rate:           0.49%
==32489== LLi miss rate:           0.00%
==32489== 
==32489== D   refs:       9,488,889,172  (8,195,422,233 rd   + 1,293,466,939 wr)
==32489== D1  misses:       892,194,209  (  886,570,023 rd   +     5,624,186 wr)
==32489== LLd misses:        39,414,880  (   37,525,487 rd   +     1,889,393 wr)
==32489== D1  miss rate:            9.4% (         10.8%     +           0.4%  )
==32489== LLd miss rate:            0.4% (          0.5%     +           0.1%  )
==32489== 
==32489== LL refs:        1,047,396,866  (1,041,772,680 rd   +     5,624,186 wr)
==32489== LL misses:         39,416,546  (   37,527,153 rd   +     1,889,393 wr)
==32489== LL miss rate:             0.1% (          0.1%     +           0.1%  )
