==46144== Cachegrind, a cache and branch-prediction profiler
==46144== Copyright (C) 2002-2017, and GNU GPL'd, by Nicholas Nethercote et al.
==46144== Using Valgrind-3.16.1 and LibVEX; rerun with -h for copyright info
==46144== Command: ./me-small
==46144== 
--46144-- warning: L3 cache found, using its data for the LL simulation.
--46144-- warning: specified LL cache: line_size 64  assoc 11  total_size 25,952,256
--46144-- warning: simulated LL cache: line_size 64  assoc 12  total_size 25,165,824
LRU cache replacement will be used
==46144== 
==46144== I   refs:      47,322,214
==46144== I1  misses:         1,440
==46144== LLi misses:         1,437
==46144== I1  miss rate:       0.00%
==46144== LLi miss rate:       0.00%
==46144== 
==46144== D   refs:       7,814,012  (7,203,498 rd   + 610,514 wr)
==46144== D1  misses:        21,358  (    5,601 rd   +  15,757 wr)
==46144== LLd misses:        17,874  (    2,149 rd   +  15,725 wr)
==46144== D1  miss rate:        0.3% (      0.1%     +     2.6%  )
==46144== LLd miss rate:        0.2% (      0.0%     +     2.6%  )
==46144== 
==46144== LL refs:           22,798  (    7,041 rd   +  15,757 wr)
==46144== LL misses:         19,311  (    3,586 rd   +  15,725 wr)
==46144== LL miss rate:         0.0% (      0.0%     +     2.6%  )
