==24711== Cachegrind, a cache and branch-prediction profiler
==24711== Copyright (C) 2002-2017, and GNU GPL'd, by Nicholas Nethercote et al.
==24711== Using Valgrind-3.16.1 and LibVEX; rerun with -h for copyright info
==24711== Command: ./a.out med.txt
==24711== 
--24711-- warning: L3 cache found, using its data for the LL simulation.
--24711-- warning: specified LL cache: line_size 64  assoc 11  total_size 25,952,256
--24711-- warning: simulated LL cache: line_size 64  assoc 12  total_size 25,165,824
LIP cache replacement will be used
==24711== 
==24711== I   refs:      21,540,689,427
==24711== I1  misses:             1,820
==24711== LLi misses:             1,793
==24711== I1  miss rate:           0.00%
==24711== LLi miss rate:           0.00%
==24711== 
==24711== D   refs:      13,370,670,449  (12,167,996,488 rd   + 1,202,673,961 wr)
==24711== D1  misses:        21,933,542  (    21,114,828 rd   +       818,714 wr)
==24711== LLd misses:            65,784  (         2,403 rd   +        63,381 wr)
==24711== D1  miss rate:            0.2% (           0.2%     +           0.1%  )
==24711== LLd miss rate:            0.0% (           0.0%     +           0.0%  )
==24711== 
==24711== LL refs:           21,935,362  (    21,116,648 rd   +       818,714 wr)
==24711== LL misses:             67,577  (         4,196 rd   +        63,381 wr)
==24711== LL miss rate:             0.0% (           0.0%     +           0.0%  )
