==46024== Cachegrind, a cache and branch-prediction profiler
==46024== Copyright (C) 2002-2017, and GNU GPL'd, by Nicholas Nethercote et al.
==46024== Using Valgrind-3.16.1 and LibVEX; rerun with -h for copyright info
==46024== Command: ./liblinear-tlarge data/100B/kdda
==46024== 
--46024-- warning: L3 cache found, using its data for the LL simulation.
--46024-- warning: specified LL cache: line_size 64  assoc 11  total_size 25,952,256
--46024-- warning: simulated LL cache: line_size 64  assoc 12  total_size 25,165,824
LRU cache replacement will be used
==46024== 
==46024== I   refs:      111,902,758,001
==46024== I1  misses:        276,024,244
==46024== LLi misses:              2,049
==46024== I1  miss rate:            0.25%
==46024== LLi miss rate:            0.00%
==46024== 
==46024== D   refs:       44,061,986,474  (36,080,688,133 rd   + 7,981,298,341 wr)
==46024== D1  misses:      3,534,565,047  ( 3,527,721,648 rd   +     6,843,399 wr)
==46024== LLd misses:      1,953,854,108  ( 1,948,138,798 rd   +     5,715,310 wr)
==46024== D1  miss rate:             8.0% (           9.8%     +           0.1%  )
==46024== LLd miss rate:             4.4% (           5.4%     +           0.1%  )
==46024== 
==46024== LL refs:         3,810,589,291  ( 3,803,745,892 rd   +     6,843,399 wr)
==46024== LL misses:       1,953,856,157  ( 1,948,140,847 rd   +     5,715,310 wr)
==46024== LL miss rate:              1.3% (           1.3%     +           0.1%  )
