==58427== Cachegrind, a cache and branch-prediction profiler
==58427== Copyright (C) 2002-2017, and GNU GPL'd, by Nicholas Nethercote et al.
==58427== Using Valgrind-3.16.1 and LibVEX; rerun with -h for copyright info
==58427== Command: ./disparity .
==58427== 
--58427-- warning: L3 cache found, using its data for the LL simulation.
--58427-- warning: specified LL cache: line_size 64  assoc 11  total_size 25,952,256
--58427-- warning: simulated LL cache: line_size 64  assoc 12  total_size 25,165,824
BIP cache replacement will be used
BIP Throttle parameter is set to 0.031250
==58427== 
==58427== I   refs:      1,281,749,285
==58427== I1  misses:       13,740,924
==58427== LLi misses:            1,661
==58427== I1  miss rate:          1.07%
==58427== LLi miss rate:          0.00%
==58427== 
==58427== D   refs:        519,593,906  (348,916,423 rd   + 170,677,483 wr)
==58427== D1  misses:      157,502,884  (109,326,266 rd   +  48,176,618 wr)
==58427== LLd misses:          291,123  (     55,604 rd   +     235,519 wr)
==58427== D1  miss rate:          30.3% (       31.3%     +        28.2%  )
==58427== LLd miss rate:           0.1% (        0.0%     +         0.1%  )
==58427== 
==58427== LL refs:         171,243,808  (123,067,190 rd   +  48,176,618 wr)
==58427== LL misses:           292,784  (     57,265 rd   +     235,519 wr)
==58427== LL miss rate:            0.0% (        0.0%     +         0.1%  )
