==35751== Cachegrind, a cache and branch-prediction profiler
==35751== Copyright (C) 2002-2017, and GNU GPL'd, by Nicholas Nethercote et al.
==35751== Using Valgrind-3.16.1 and LibVEX; rerun with -h for copyright info
==35751== Command: ./spc-small ../datasets/R15 600 2 15 0.707 1 2
==35751== 
--35751-- warning: L3 cache found, using its data for the LL simulation.
--35751-- warning: specified LL cache: line_size 64  assoc 11  total_size 25,952,256
--35751-- warning: simulated LL cache: line_size 64  assoc 12  total_size 25,165,824
BIP cache replacement will be used
BIP Throttle parameter is set to 0.062500
==35751== 
==35751== I   refs:      217,405
==35751== I1  misses:      1,099
==35751== LLi misses:      1,090
==35751== I1  miss rate:    0.51%
==35751== LLi miss rate:    0.50%
==35751== 
==35751== D   refs:       69,324  (54,846 rd   + 14,478 wr)
==35751== D1  misses:      2,889  ( 2,277 rd   +    612 wr)
==35751== LLd misses:      2,786  ( 2,180 rd   +    606 wr)
==35751== D1  miss rate:     4.2% (   4.2%     +    4.2%  )
==35751== LLd miss rate:     4.0% (   4.0%     +    4.2%  )
==35751== 
==35751== LL refs:         3,988  ( 3,376 rd   +    612 wr)
==35751== LL misses:       3,876  ( 3,270 rd   +    606 wr)
==35751== LL miss rate:      1.4% (   1.2%     +    4.2%  )
