==34937== Cachegrind, a cache and branch-prediction profiler
==34937== Copyright (C) 2002-2017, and GNU GPL'd, by Nicholas Nethercote et al.
==34937== Using Valgrind-3.16.1 and LibVEX; rerun with -h for copyright info
==34937== Command: ./tracking .
==34937== 
--34937-- warning: L3 cache found, using its data for the LL simulation.
--34937-- warning: specified LL cache: line_size 64  assoc 11  total_size 25,952,256
--34937-- warning: simulated LL cache: line_size 64  assoc 12  total_size 25,165,824
Random cache replacement will be used
==34937== 
==34937== Process terminating with default action of signal 15 (SIGTERM)
==34937==    at 0x50DC14F: read (read.c:27)
==34937==    by 0x5059217: _IO_file_underflow@@GLIBC_2.2.5 (fileops.c:531)
==34937==    by 0x5057817: _IO_file_xsgetn (fileops.c:1344)
==34937==    by 0x504B4A0: fread (iofread.c:38)
==34937==    by 0x109710: readImage (in /home/tkloda/cortexsuite/vision/benchmarks/tracking/data/fullhd/tracking)
==34937==    by 0x108A77: main (in /home/tkloda/cortexsuite/vision/benchmarks/tracking/data/fullhd/tracking)
==34937== 
==34937== I   refs:      697,481,957
==34937== I1  misses:         23,003
==34937== LLi misses:          1,134
==34937== I1  miss rate:        0.00%
==34937== LLi miss rate:        0.00%
==34937== 
==34937== D   refs:      300,205,699  (205,023,505 rd   + 95,182,194 wr)
==34937== D1  misses:        409,653  (    262,904 rd   +    146,749 wr)
==34937== LLd misses:        117,199  (      2,248 rd   +    114,951 wr)
==34937== D1  miss rate:         0.1% (        0.1%     +        0.2%  )
==34937== LLd miss rate:         0.0% (        0.0%     +        0.1%  )
==34937== 
==34937== LL refs:           432,656  (    285,907 rd   +    146,749 wr)
==34937== LL misses:         118,333  (      3,382 rd   +    114,951 wr)
==34937== LL miss rate:          0.0% (        0.0%     +        0.1%  )
