==27503== Cachegrind, a cache and branch-prediction profiler
==27503== Copyright (C) 2002-2017, and GNU GPL'd, by Nicholas Nethercote et al.
==27503== Using Valgrind-3.16.1 and LibVEX; rerun with -h for copyright info
==27503== Command: ./mser .
==27503== 
--27503-- warning: L3 cache found, using its data for the LL simulation.
--27503-- warning: specified LL cache: line_size 64  assoc 11  total_size 25,952,256
--27503-- warning: simulated LL cache: line_size 64  assoc 12  total_size 25,165,824
LRU cache replacement will be used
==27503== 
==27503== Process terminating with default action of signal 15 (SIGTERM)
==27503==    at 0x50DC14F: read (read.c:27)
==27503==    by 0x5059217: _IO_file_underflow@@GLIBC_2.2.5 (fileops.c:531)
==27503==    by 0x5057817: _IO_file_xsgetn (fileops.c:1344)
==27503==    by 0x504B4A0: fread (iofread.c:38)
==27503==    by 0x109324: readImage (in /home/tkloda/cortexsuite/vision/benchmarks/mser/data/fullhd/mser)
==27503==    by 0x108A87: main (in /home/tkloda/cortexsuite/vision/benchmarks/mser/data/fullhd/mser)
==27503== 
==27503== I   refs:      1,547,623,597
==27503== I1  misses:      170,594,362
==27503== LLi misses:            1,174
==27503== I1  miss rate:         11.02%
==27503== LLi miss rate:          0.00%
==27503== 
==27503== D   refs:        666,143,536  (454,929,617 rd   + 211,213,919 wr)
==27503== D1  misses:       87,548,025  ( 61,021,474 rd   +  26,526,551 wr)
==27503== LLd misses:          256,594  (      2,228 rd   +     254,366 wr)
==27503== D1  miss rate:          13.1% (       13.4%     +        12.6%  )
==27503== LLd miss rate:           0.0% (        0.0%     +         0.1%  )
==27503== 
==27503== LL refs:         258,142,387  (231,615,836 rd   +  26,526,551 wr)
==27503== LL misses:           257,768  (      3,402 rd   +     254,366 wr)
==27503== LL miss rate:            0.0% (        0.0%     +         0.1%  )
