==39096== Cachegrind, a cache and branch-prediction profiler
==39096== Copyright (C) 2002-2017, and GNU GPL'd, by Nicholas Nethercote et al.
==39096== Using Valgrind-3.16.1 and LibVEX; rerun with -h for copyright info
==39096== Command: ./sift .
==39096== 
--39096-- warning: L3 cache found, using its data for the LL simulation.
--39096-- warning: specified LL cache: line_size 64  assoc 11  total_size 25,952,256
--39096-- warning: simulated LL cache: line_size 64  assoc 12  total_size 25,165,824
BIP cache replacement will be used
BIP Throttle parameter is set to 0.062500
==39096== brk segment overflow in thread #1: can't grow to 0x4cd9000
==39096== (see section Limitations in user manual)
==39096== NOTE: further instances of this message will not be shown
==39096== 
==39096== I   refs:      3,167,698,658
==39096== I1  misses:           34,197
==39096== LLi misses:            2,577
==39096== I1  miss rate:          0.00%
==39096== LLi miss rate:          0.00%
==39096== 
==39096== D   refs:        974,218,288  (676,537,038 rd   + 297,681,250 wr)
==39096== D1  misses:      110,301,695  ( 96,823,534 rd   +  13,478,161 wr)
==39096== LLd misses:        3,537,618  (  1,771,878 rd   +   1,765,740 wr)
==39096== D1  miss rate:          11.3% (       14.3%     +         4.5%  )
==39096== LLd miss rate:           0.4% (        0.3%     +         0.6%  )
==39096== 
==39096== LL refs:         110,335,892  ( 96,857,731 rd   +  13,478,161 wr)
==39096== LL misses:         3,540,195  (  1,774,455 rd   +   1,765,740 wr)
==39096== LL miss rate:            0.1% (        0.0%     +         0.6%  )
