==53633== Cachegrind, a cache and branch-prediction profiler
==53633== Copyright (C) 2002-2017, and GNU GPL'd, by Nicholas Nethercote et al.
==53633== Using Valgrind-3.16.1 and LibVEX; rerun with -h for copyright info
==53633== Command: ./tracking .
==53633== 
--53633-- warning: L3 cache found, using its data for the LL simulation.
--53633-- warning: specified LL cache: line_size 64  assoc 11  total_size 25,952,256
--53633-- warning: simulated LL cache: line_size 64  assoc 12  total_size 25,165,824
LIP cache replacement will be used
==53633== brk segment overflow in thread #1: can't grow to 0x5026000
==53633== (see section Limitations in user manual)
==53633== NOTE: further instances of this message will not be shown
==53633== 
==53633== I   refs:      7,862,359,008
==53633== I1  misses:            1,727
==53633== LLi misses:            1,723
==53633== I1  miss rate:          0.00%
==53633== LLi miss rate:          0.00%
==53633== 
==53633== D   refs:      2,585,046,518  (1,824,545,511 rd   + 760,501,007 wr)
==53633== D1  misses:       30,344,403  (   13,691,598 rd   +  16,652,805 wr)
==53633== LLd misses:       15,471,003  (    5,816,340 rd   +   9,654,663 wr)
==53633== D1  miss rate:           1.2% (          0.8%     +         2.2%  )
==53633== LLd miss rate:           0.6% (          0.3%     +         1.3%  )
==53633== 
==53633== LL refs:          30,346,130  (   13,693,325 rd   +  16,652,805 wr)
==53633== LL misses:        15,472,726  (    5,818,063 rd   +   9,654,663 wr)
==53633== LL miss rate:            0.1% (          0.1%     +         1.3%  )
