==21344== Cachegrind, a cache and branch-prediction profiler
==21344== Copyright (C) 2002-2017, and GNU GPL'd, by Nicholas Nethercote et al.
==21344== Using Valgrind-3.16.1 and LibVEX; rerun with -h for copyright info
==21344== Command: ./disparity .
==21344== 
--21344-- warning: L3 cache found, using its data for the LL simulation.
--21344-- warning: specified LL cache: line_size 64  assoc 11  total_size 25,952,256
--21344-- warning: simulated LL cache: line_size 64  assoc 12  total_size 25,165,824
BIP cache replacement will be used
BIP Throttle parameter is set to 0.031250
==21344== 
==21344== I   refs:      463,775,450
==21344== I1  misses:          1,496
==21344== LLi misses:          1,492
==21344== I1  miss rate:        0.00%
==21344== LLi miss rate:        0.00%
==21344== 
==21344== D   refs:      187,796,935  (126,192,374 rd   + 61,604,561 wr)
==21344== D1  misses:        121,682  (     20,667 rd   +    101,015 wr)
==21344== LLd misses:        113,989  (     17,474 rd   +     96,515 wr)
==21344== D1  miss rate:         0.1% (        0.0%     +        0.2%  )
==21344== LLd miss rate:         0.1% (        0.0%     +        0.2%  )
==21344== 
==21344== LL refs:           123,178  (     22,163 rd   +    101,015 wr)
==21344== LL misses:         115,481  (     18,966 rd   +     96,515 wr)
==21344== LL miss rate:          0.0% (        0.0%     +        0.2%  )
