==38729== Cachegrind, a cache and branch-prediction profiler
==38729== Copyright (C) 2002-2017, and GNU GPL'd, by Nicholas Nethercote et al.
==38729== Using Valgrind-3.16.1 and LibVEX; rerun with -h for copyright info
==38729== Command: ./multi_ncut .
==38729== 
--38729-- warning: L3 cache found, using its data for the LL simulation.
--38729-- warning: specified LL cache: line_size 64  assoc 11  total_size 25,952,256
--38729-- warning: simulated LL cache: line_size 64  assoc 12  total_size 25,165,824
FIFO cache replacement will be used
==38729== 
==38729== Process terminating with default action of signal 15 (SIGTERM)
==38729==    at 0x10AAB0: fSortIndices (in /home/tkloda/cortexsuite/vision/benchmarks/multi_ncut/data/qcif/multi_ncut)
==38729==    by 0x10CE27: segment_graph (in /home/tkloda/cortexsuite/vision/benchmarks/multi_ncut/data/qcif/multi_ncut)
==38729==    by 0x10CAC9: segment_image (in /home/tkloda/cortexsuite/vision/benchmarks/multi_ncut/data/qcif/multi_ncut)
==38729==    by 0x108B0A: main (in /home/tkloda/cortexsuite/vision/benchmarks/multi_ncut/data/qcif/multi_ncut)
==38729== 
==38729== I   refs:      655,997,049
==38729== I1  misses:          1,300
==38729== LLi misses:          1,296
==38729== I1  miss rate:        0.00%
==38729== LLi miss rate:        0.00%
==38729== 
==38729== D   refs:      112,577,781  (110,485,602 rd   + 2,092,179 wr)
==38729== D1  misses:         73,076  (     32,049 rd   +    41,027 wr)
==38729== LLd misses:         43,168  (      2,242 rd   +    40,926 wr)
==38729== D1  miss rate:         0.1% (        0.0%     +       2.0%  )
==38729== LLd miss rate:         0.0% (        0.0%     +       2.0%  )
==38729== 
==38729== LL refs:            74,376  (     33,349 rd   +    41,027 wr)
==38729== LL misses:          44,464  (      3,538 rd   +    40,926 wr)
==38729== LL miss rate:          0.0% (        0.0%     +       2.0%  )
