==54390== Cachegrind, a cache and branch-prediction profiler
==54390== Copyright (C) 2002-2017, and GNU GPL'd, by Nicholas Nethercote et al.
==54390== Using Valgrind-3.16.1 and LibVEX; rerun with -h for copyright info
==54390== Command: ./tracking .
==54390== 
--54390-- warning: L3 cache found, using its data for the LL simulation.
--54390-- warning: specified LL cache: line_size 64  assoc 11  total_size 25,952,256
--54390-- warning: simulated LL cache: line_size 64  assoc 12  total_size 25,165,824
BIP cache replacement will be used
BIP Throttle parameter is set to 0.015625
==54390== brk segment overflow in thread #1: can't grow to 0x5026000
==54390== (see section Limitations in user manual)
==54390== NOTE: further instances of this message will not be shown
==54390== 
==54390== I   refs:      7,862,359,008
==54390== I1  misses:            2,099
==54390== LLi misses:            2,025
==54390== I1  miss rate:          0.00%
==54390== LLi miss rate:          0.00%
==54390== 
==54390== D   refs:      2,585,046,518  (1,824,545,511 rd   + 760,501,007 wr)
==54390== D1  misses:       94,403,223  (   54,082,735 rd   +  40,320,488 wr)
==54390== LLd misses:       15,625,618  (    5,793,699 rd   +   9,831,919 wr)
==54390== D1  miss rate:           3.7% (          3.0%     +         5.3%  )
==54390== LLd miss rate:           0.6% (          0.3%     +         1.3%  )
==54390== 
==54390== LL refs:          94,405,322  (   54,084,834 rd   +  40,320,488 wr)
==54390== LL misses:        15,627,643  (    5,795,724 rd   +   9,831,919 wr)
==54390== LL miss rate:            0.1% (          0.1%     +         1.3%  )
