==52307== Cachegrind, a cache and branch-prediction profiler
==52307== Copyright (C) 2002-2017, and GNU GPL'd, by Nicholas Nethercote et al.
==52307== Using Valgrind-3.16.1 and LibVEX; rerun with -h for copyright info
==52307== Command: ./rbm-large
==52307== 
--52307-- warning: L3 cache found, using its data for the LL simulation.
--52307-- warning: specified LL cache: line_size 64  assoc 11  total_size 25,952,256
--52307-- warning: simulated LL cache: line_size 64  assoc 12  total_size 25,165,824
Random cache replacement will be used
==52307== 
==52307== I   refs:      119,675,953,576
==52307== I1  misses:              1,519
==52307== LLi misses:              1,469
==52307== I1  miss rate:            0.00%
==52307== LLi miss rate:            0.00%
==52307== 
==52307== D   refs:       35,862,020,600  (27,106,383,010 rd   + 8,755,637,590 wr)
==52307== D1  misses:      1,854,720,270  ( 1,510,590,221 rd   +   344,130,049 wr)
==52307== LLd misses:             46,886  (        23,250 rd   +        23,636 wr)
==52307== D1  miss rate:             5.2% (           5.6%     +           3.9%  )
==52307== LLd miss rate:             0.0% (           0.0%     +           0.0%  )
==52307== 
==52307== LL refs:         1,854,721,789  ( 1,510,591,740 rd   +   344,130,049 wr)
==52307== LL misses:              48,355  (        24,719 rd   +        23,636 wr)
==52307== LL miss rate:              0.0% (           0.0%     +           0.0%  )
