==46896== Cachegrind, a cache and branch-prediction profiler
==46896== Copyright (C) 2002-2017, and GNU GPL'd, by Nicholas Nethercote et al.
==46896== Using Valgrind-3.16.1 and LibVEX; rerun with -h for copyright info
==46896== Command: ./me-small
==46896== 
--46896-- warning: L3 cache found, using its data for the LL simulation.
--46896-- warning: specified LL cache: line_size 64  assoc 11  total_size 25,952,256
--46896-- warning: simulated LL cache: line_size 64  assoc 12  total_size 25,165,824
BIP cache replacement will be used
BIP Throttle parameter is set to 0.031250
==46896== 
==46896== I   refs:      47,322,202
==46896== I1  misses:       158,415
==46896== LLi misses:         1,451
==46896== I1  miss rate:       0.33%
==46896== LLi miss rate:       0.00%
==46896== 
==46896== D   refs:       7,814,010  (7,203,497 rd   + 610,513 wr)
==46896== D1  misses:       384,807  (  332,150 rd   +  52,657 wr)
==46896== LLd misses:        17,889  (    2,161 rd   +  15,728 wr)
==46896== D1  miss rate:        4.9% (      4.6%     +     8.6%  )
==46896== LLd miss rate:        0.2% (      0.0%     +     2.6%  )
==46896== 
==46896== LL refs:          543,222  (  490,565 rd   +  52,657 wr)
==46896== LL misses:         19,340  (    3,612 rd   +  15,728 wr)
==46896== LL miss rate:         0.0% (      0.0%     +     2.6%  )
