==36477== Cachegrind, a cache and branch-prediction profiler
==36477== Copyright (C) 2002-2017, and GNU GPL'd, by Nicholas Nethercote et al.
==36477== Using Valgrind-3.16.1 and LibVEX; rerun with -h for copyright info
==36477== Command: ./mser .
==36477== 
--36477-- warning: L3 cache found, using its data for the LL simulation.
--36477-- warning: specified LL cache: line_size 64  assoc 11  total_size 25,952,256
--36477-- warning: simulated LL cache: line_size 64  assoc 12  total_size 25,165,824
BIP cache replacement will be used
BIP Throttle parameter is set to 0.062500
==36477== 
==36477== I   refs:      39,996,112
==36477== I1  misses:         2,818
==36477== LLi misses:         1,556
==36477== I1  miss rate:       0.01%
==36477== LLi miss rate:       0.00%
==36477== 
==36477== D   refs:      15,054,678  (10,245,445 rd   + 4,809,233 wr)
==36477== D1  misses:       385,292  (   332,621 rd   +    52,671 wr)
==36477== LLd misses:        21,057  (     2,768 rd   +    18,289 wr)
==36477== D1  miss rate:        2.6% (       3.2%     +       1.1%  )
==36477== LLd miss rate:        0.1% (       0.0%     +       0.4%  )
==36477== 
==36477== LL refs:          388,110  (   335,439 rd   +    52,671 wr)
==36477== LL misses:         22,613  (     4,324 rd   +    18,289 wr)
==36477== LL miss rate:         0.0% (       0.0%     +       0.4%  )
