==40655== Cachegrind, a cache and branch-prediction profiler
==40655== Copyright (C) 2002-2017, and GNU GPL'd, by Nicholas Nethercote et al.
==40655== Using Valgrind-3.16.1 and LibVEX; rerun with -h for copyright info
==40655== Command: ./stitch .
==40655== 
--40655-- warning: L3 cache found, using its data for the LL simulation.
--40655-- warning: specified LL cache: line_size 64  assoc 11  total_size 25,952,256
--40655-- warning: simulated LL cache: line_size 64  assoc 12  total_size 25,165,824
LIP cache replacement will be used
==40655== 
==40655== I   refs:      223,094,205
==40655== I1  misses:      1,001,948
==40655== LLi misses:          1,713
==40655== I1  miss rate:        0.45%
==40655== LLi miss rate:        0.00%
==40655== 
==40655== D   refs:       60,620,799  (44,316,524 rd   + 16,304,275 wr)
==40655== D1  misses:      3,501,677  ( 2,142,757 rd   +  1,358,920 wr)
==40655== LLd misses:         23,708  (     2,281 rd   +     21,427 wr)
==40655== D1  miss rate:         5.8% (       4.8%     +        8.3%  )
==40655== LLd miss rate:         0.0% (       0.0%     +        0.1%  )
==40655== 
==40655== LL refs:         4,503,625  ( 3,144,705 rd   +  1,358,920 wr)
==40655== LL misses:          25,421  (     3,994 rd   +     21,427 wr)
==40655== LL miss rate:          0.0% (       0.0%     +        0.1%  )
