==23729== Cachegrind, a cache and branch-prediction profiler
==23729== Copyright (C) 2002-2017, and GNU GPL'd, by Nicholas Nethercote et al.
==23729== Using Valgrind-3.16.1 and LibVEX; rerun with -h for copyright info
==23729== Command: ./rbm-large
==23729== 
--23729-- warning: L3 cache found, using its data for the LL simulation.
--23729-- warning: specified LL cache: line_size 64  assoc 11  total_size 25,952,256
--23729-- warning: simulated LL cache: line_size 64  assoc 12  total_size 25,165,824
LIP cache replacement will be used
==23729== 
==23729== I   refs:      119,675,764,706
==23729== I1  misses:         39,309,762
==23729== LLi misses:              1,554
==23729== I1  miss rate:            0.03%
==23729== LLi miss rate:            0.00%
==23729== 
==23729== D   refs:       35,861,912,595  (27,106,383,035 rd   + 8,755,529,560 wr)
==23729== D1  misses:      5,411,600,946  ( 5,016,466,783 rd   +   395,134,163 wr)
==23729== LLd misses:             47,438  (        23,717 rd   +        23,721 wr)
==23729== D1  miss rate:            15.1% (          18.5%     +           4.5%  )
==23729== LLd miss rate:             0.0% (           0.0%     +           0.0%  )
==23729== 
==23729== LL refs:         5,450,910,708  ( 5,055,776,545 rd   +   395,134,163 wr)
==23729== LL misses:              48,992  (        25,271 rd   +        23,721 wr)
==23729== LL miss rate:              0.0% (           0.0%     +           0.0%  )
