==26454== Cachegrind, a cache and branch-prediction profiler
==26454== Copyright (C) 2002-2017, and GNU GPL'd, by Nicholas Nethercote et al.
==26454== Using Valgrind-3.16.1 and LibVEX; rerun with -h for copyright info
==26454== Command: ./tracking .
==26454== 
--26454-- warning: L3 cache found, using its data for the LL simulation.
--26454-- warning: specified LL cache: line_size 64  assoc 11  total_size 25,952,256
--26454-- warning: simulated LL cache: line_size 64  assoc 12  total_size 25,165,824
LRU cache replacement will be used
==26454== 
==26454== I   refs:      426,561,191
==26454== I1  misses:          1,709
==26454== LLi misses:          1,705
==26454== I1  miss rate:        0.00%
==26454== LLi miss rate:        0.00%
==26454== 
==26454== D   refs:      140,543,721  (98,243,013 rd   + 42,300,708 wr)
==26454== D1  misses:        278,539  (    55,279 rd   +    223,260 wr)
==26454== LLd misses:         96,327  (     2,261 rd   +     94,066 wr)
==26454== D1  miss rate:         0.2% (       0.1%     +        0.5%  )
==26454== LLd miss rate:         0.1% (       0.0%     +        0.2%  )
==26454== 
==26454== LL refs:           280,248  (    56,988 rd   +    223,260 wr)
==26454== LL misses:          98,032  (     3,966 rd   +     94,066 wr)
==26454== LL miss rate:          0.0% (       0.0%     +        0.2%  )
