==5355== Cachegrind, a cache and branch-prediction profiler
==5355== Copyright (C) 2002-2017, and GNU GPL'd, by Nicholas Nethercote et al.
==5355== Using Valgrind-3.16.1 and LibVEX; rerun with -h for copyright info
==5355== Command: ./texture_synthesis .
==5355== 
--5355-- warning: L3 cache found, using its data for the LL simulation.
--5355-- warning: specified LL cache: line_size 64  assoc 11  total_size 25,952,256
--5355-- warning: simulated LL cache: line_size 64  assoc 12  total_size 25,165,824
LIP cache replacement will be used
==5355== 
==5355== I   refs:      108,075,087,226
==5355== I1  misses:              1,607
==5355== LLi misses:              1,602
==5355== I1  miss rate:            0.00%
==5355== LLi miss rate:            0.00%
==5355== 
==5355== D   refs:       28,920,419,318  (26,973,975,322 rd   + 1,946,443,996 wr)
==5355== D1  misses:            763,101  (       248,408 rd   +       514,693 wr)
==5355== LLd misses:            748,284  (       233,604 rd   +       514,680 wr)
==5355== D1  miss rate:             0.0% (           0.0%     +           0.0%  )
==5355== LLd miss rate:             0.0% (           0.0%     +           0.0%  )
==5355== 
==5355== LL refs:               764,708  (       250,015 rd   +       514,693 wr)
==5355== LL misses:             749,886  (       235,206 rd   +       514,680 wr)
==5355== LL miss rate:              0.0% (           0.0%     +           0.0%  )
