==22395== Cachegrind, a cache and branch-prediction profiler
==22395== Copyright (C) 2002-2017, and GNU GPL'd, by Nicholas Nethercote et al.
==22395== Using Valgrind-3.16.1 and LibVEX; rerun with -h for copyright info
==22395== Command: ./multi_ncut .
==22395== 
--22395-- warning: L3 cache found, using its data for the LL simulation.
--22395-- warning: specified LL cache: line_size 64  assoc 11  total_size 25,952,256
--22395-- warning: simulated LL cache: line_size 64  assoc 12  total_size 25,165,824
BIP cache replacement will be used
BIP Throttle parameter is set to 0.031250
==22395== 
==22395== Process terminating with default action of signal 15 (SIGTERM)
==22395==    at 0x10AAB0: fSortIndices (in /home/tkloda/cortexsuite/vision/benchmarks/multi_ncut/data/cif/multi_ncut)
==22395==    by 0x10CE27: segment_graph (in /home/tkloda/cortexsuite/vision/benchmarks/multi_ncut/data/cif/multi_ncut)
==22395==    by 0x10CAC9: segment_image (in /home/tkloda/cortexsuite/vision/benchmarks/multi_ncut/data/cif/multi_ncut)
==22395==    by 0x108B0A: main (in /home/tkloda/cortexsuite/vision/benchmarks/multi_ncut/data/cif/multi_ncut)
==22395== 
==22395== I   refs:      3,838,627,908
==22395== I1  misses:        1,401,611
==22395== LLi misses:            1,295
==22395== I1  miss rate:          0.04%
==22395== LLi miss rate:          0.00%
==22395== 
==22395== D   refs:        652,634,019  (644,357,679 rd   + 8,276,340 wr)
==22395== D1  misses:       40,973,066  ( 40,148,618 rd   +   824,448 wr)
==22395== LLd misses:          246,529  (     83,966 rd   +   162,563 wr)
==22395== D1  miss rate:           6.3% (        6.2%     +      10.0%  )
==22395== LLd miss rate:           0.0% (        0.0%     +       2.0%  )
==22395== 
==22395== LL refs:          42,374,677  ( 41,550,229 rd   +   824,448 wr)
==22395== LL misses:           247,824  (     85,261 rd   +   162,563 wr)
==22395== LL miss rate:            0.0% (        0.0%     +       2.0%  )
