==52414== Cachegrind, a cache and branch-prediction profiler
==52414== Copyright (C) 2002-2017, and GNU GPL'd, by Nicholas Nethercote et al.
==52414== Using Valgrind-3.16.1 and LibVEX; rerun with -h for copyright info
==52414== Command: ./rbm-medium
==52414== 
--52414-- warning: L3 cache found, using its data for the LL simulation.
--52414-- warning: specified LL cache: line_size 64  assoc 11  total_size 25,952,256
--52414-- warning: simulated LL cache: line_size 64  assoc 12  total_size 25,165,824
Random cache replacement will be used
==52414== 
==52414== I   refs:      12,265,732,027
==52414== I1  misses:             1,479
==52414== LLi misses:             1,469
==52414== I1  miss rate:           0.00%
==52414== LLi miss rate:           0.00%
==52414== 
==52414== D   refs:       3,657,823,178  (2,777,601,363 rd   + 880,221,815 wr)
==52414== D1  misses:        42,145,451  (   31,194,553 rd   +  10,950,898 wr)
==52414== LLd misses:            47,008  (       23,350 rd   +      23,658 wr)
==52414== D1  miss rate:            1.2% (          1.1%     +         1.2%  )
==52414== LLd miss rate:            0.0% (          0.0%     +         0.0%  )
==52414== 
==52414== LL refs:           42,146,930  (   31,196,032 rd   +  10,950,898 wr)
==52414== LL misses:             48,477  (       24,819 rd   +      23,658 wr)
==52414== LL miss rate:             0.0% (          0.0%     +         0.0%  )
