==19684== Cachegrind, a cache and branch-prediction profiler
==19684== Copyright (C) 2002-2017, and GNU GPL'd, by Nicholas Nethercote et al.
==19684== Using Valgrind-3.16.1 and LibVEX; rerun with -h for copyright info
==19684== Command: ./rbm-small
==19684== 
--19684-- warning: L3 cache found, using its data for the LL simulation.
--19684-- warning: specified LL cache: line_size 64  assoc 11  total_size 25,952,256
--19684-- warning: simulated LL cache: line_size 64  assoc 12  total_size 25,165,824
==19684== 
==19684== I   refs:      21,565,536
==19684== I1  misses:       162,628
==19684== LLi misses:         1,467
==19684== I1  miss rate:       0.75%
==19684== LLi miss rate:       0.01%
==19684== 
==19684== D   refs:       6,380,305  (4,924,879 rd   + 1,455,426 wr)
==19684== D1  misses:         3,559  (    2,613 rd   +       946 wr)
==19684== LLd misses:         3,559  (    2,613 rd   +       946 wr)
==19684== D1  miss rate:        0.1% (      0.1%     +       0.1%  )
==19684== LLd miss rate:        0.1% (      0.1%     +       0.1%  )
==19684== 
==19684== LL refs:          166,187  (  165,241 rd   +       946 wr)
==19684== LL misses:          5,026  (    4,080 rd   +       946 wr)
==19684== LL miss rate:         0.0% (      0.0%     +       0.1%  )
