==46714== Cachegrind, a cache and branch-prediction profiler
==46714== Copyright (C) 2002-2017, and GNU GPL'd, by Nicholas Nethercote et al.
==46714== Using Valgrind-3.16.1 and LibVEX; rerun with -h for copyright info
==46714== Command: ./me-small
==46714== 
--46714-- warning: L3 cache found, using its data for the LL simulation.
--46714-- warning: specified LL cache: line_size 64  assoc 11  total_size 25,952,256
--46714-- warning: simulated LL cache: line_size 64  assoc 12  total_size 25,165,824
BIP cache replacement will be used
BIP Throttle parameter is set to 0.062500
==46714== 
==46714== I   refs:      47,322,214
==46714== I1  misses:       186,270
==46714== LLi misses:         1,448
==46714== I1  miss rate:       0.39%
==46714== LLi miss rate:       0.00%
==46714== 
==46714== D   refs:       7,814,012  (7,203,498 rd   + 610,514 wr)
==46714== D1  misses:     1,798,071  (1,708,412 rd   +  89,659 wr)
==46714== LLd misses:        17,888  (    2,161 rd   +  15,727 wr)
==46714== D1  miss rate:       23.0% (     23.7%     +    14.7%  )
==46714== LLd miss rate:        0.2% (      0.0%     +     2.6%  )
==46714== 
==46714== LL refs:        1,984,341  (1,894,682 rd   +  89,659 wr)
==46714== LL misses:         19,336  (    3,609 rd   +  15,727 wr)
==46714== LL miss rate:         0.0% (      0.0%     +     2.6%  )
