==51754== Cachegrind, a cache and branch-prediction profiler
==51754== Copyright (C) 2002-2017, and GNU GPL'd, by Nicholas Nethercote et al.
==51754== Using Valgrind-3.16.1 and LibVEX; rerun with -h for copyright info
==51754== Command: ./pca-small small.data 1593 256 R
==51754== 
--51754-- warning: L3 cache found, using its data for the LL simulation.
--51754-- warning: specified LL cache: line_size 64  assoc 11  total_size 25,952,256
--51754-- warning: simulated LL cache: line_size 64  assoc 12  total_size 25,165,824
BIP cache replacement will be used
BIP Throttle parameter is set to 0.015625
==51754== 
==51754== I   refs:      1,489,668,863
==51754== I1  misses:            2,085
==51754== LLi misses:            1,676
==51754== I1  miss rate:          0.00%
==51754== LLi miss rate:          0.00%
==51754== 
==51754== D   refs:        597,905,958  (426,153,001 rd   + 171,752,957 wr)
==51754== D1  misses:      148,548,812  (148,416,290 rd   +     132,522 wr)
==51754== LLd misses:           37,707  (      2,485 rd   +      35,222 wr)
==51754== D1  miss rate:          24.8% (       34.8%     +         0.1%  )
==51754== LLd miss rate:           0.0% (        0.0%     +         0.0%  )
==51754== 
==51754== LL refs:         148,550,897  (148,418,375 rd   +     132,522 wr)
==51754== LL misses:            39,383  (      4,161 rd   +      35,222 wr)
==51754== LL miss rate:            0.0% (        0.0%     +         0.0%  )
