==26428== Cachegrind, a cache and branch-prediction profiler
==26428== Copyright (C) 2002-2017, and GNU GPL'd, by Nicholas Nethercote et al.
==26428== Using Valgrind-3.16.1 and LibVEX; rerun with -h for copyright info
==26428== Command: ./tracking .
==26428== 
--26428-- warning: L3 cache found, using its data for the LL simulation.
--26428-- warning: specified LL cache: line_size 64  assoc 11  total_size 25,952,256
--26428-- warning: simulated LL cache: line_size 64  assoc 12  total_size 25,165,824
LRU cache replacement will be used
==26428== 
==26428== I   refs:      426,561,191
==26428== I1  misses:          1,709
==26428== LLi misses:          1,705
==26428== I1  miss rate:        0.00%
==26428== LLi miss rate:        0.00%
==26428== 
==26428== D   refs:      140,543,721  (98,243,013 rd   + 42,300,708 wr)
==26428== D1  misses:        803,391  (   342,096 rd   +    461,295 wr)
==26428== LLd misses:         96,327  (     2,261 rd   +     94,066 wr)
==26428== D1  miss rate:         0.6% (       0.3%     +        1.1%  )
==26428== LLd miss rate:         0.1% (       0.0%     +        0.2%  )
==26428== 
==26428== LL refs:           805,100  (   343,805 rd   +    461,295 wr)
==26428== LL misses:          98,032  (     3,966 rd   +     94,066 wr)
==26428== LL miss rate:          0.0% (       0.0%     +        0.2%  )
