==37383== Cachegrind, a cache and branch-prediction profiler
==37383== Copyright (C) 2002-2017, and GNU GPL'd, by Nicholas Nethercote et al.
==37383== Using Valgrind-3.16.1 and LibVEX; rerun with -h for copyright info
==37383== Command: ./disparity .
==37383== 
--37383-- warning: L3 cache found, using its data for the LL simulation.
--37383-- warning: specified LL cache: line_size 64  assoc 11  total_size 25,952,256
--37383-- warning: simulated LL cache: line_size 64  assoc 12  total_size 25,165,824
Random cache replacement will be used
==37383== 
==37383== I   refs:      126,238,856
==37383== I1  misses:          1,518
==37383== LLi misses:          1,501
==37383== I1  miss rate:        0.00%
==37383== LLi miss rate:        0.00%
==37383== 
==37383== D   refs:       50,959,901  (34,248,434 rd   + 16,711,467 wr)
==37383== D1  misses:        577,905  (   258,120 rd   +    319,785 wr)
==37383== LLd misses:         20,649  (     2,258 rd   +     18,391 wr)
==37383== D1  miss rate:         1.1% (       0.8%     +        1.9%  )
==37383== LLd miss rate:         0.0% (       0.0%     +        0.1%  )
==37383== 
==37383== LL refs:           579,423  (   259,638 rd   +    319,785 wr)
==37383== LL misses:          22,150  (     3,759 rd   +     18,391 wr)
==37383== LL miss rate:          0.0% (       0.0%     +        0.1%  )
