==25967== Cachegrind, a cache and branch-prediction profiler
==25967== Copyright (C) 2002-2017, and GNU GPL'd, by Nicholas Nethercote et al.
==25967== Using Valgrind-3.16.1 and LibVEX; rerun with -h for copyright info
==25967== Command: ./sift .
==25967== 
--25967-- warning: L3 cache found, using its data for the LL simulation.
--25967-- warning: specified LL cache: line_size 64  assoc 11  total_size 25,952,256
--25967-- warning: simulated LL cache: line_size 64  assoc 12  total_size 25,165,824
FIFO cache replacement will be used
==25967== 
==25967== I   refs:      288,804,921
==25967== I1  misses:          6,547
==25967== LLi misses:          1,795
==25967== I1  miss rate:        0.00%
==25967== LLi miss rate:        0.00%
==25967== 
==25967== D   refs:       87,842,244  (61,419,192 rd   + 26,423,052 wr)
==25967== D1  misses:      1,181,322  (   928,033 rd   +    253,289 wr)
==25967== LLd misses:        157,933  (     2,323 rd   +    155,610 wr)
==25967== D1  miss rate:         1.3% (       1.5%     +        1.0%  )
==25967== LLd miss rate:         0.2% (       0.0%     +        0.6%  )
==25967== 
==25967== LL refs:         1,187,869  (   934,580 rd   +    253,289 wr)
==25967== LL misses:         159,728  (     4,118 rd   +    155,610 wr)
==25967== LL miss rate:          0.0% (       0.0%     +        0.6%  )
