==33035== Cachegrind, a cache and branch-prediction profiler
==33035== Copyright (C) 2002-2017, and GNU GPL'd, by Nicholas Nethercote et al.
==33035== Using Valgrind-3.16.1 and LibVEX; rerun with -h for copyright info
==33035== Command: ./spc-small ../datasets/R15 600 2 15 0.707 1 2
==33035== 
--33035-- warning: L3 cache found, using its data for the LL simulation.
--33035-- warning: specified LL cache: line_size 64  assoc 11  total_size 25,952,256
--33035-- warning: simulated LL cache: line_size 64  assoc 12  total_size 25,165,824
Random cache replacement will be used
==33035== 
==33035== I   refs:      217,405
==33035== I1  misses:      1,174
==33035== LLi misses:      1,090
==33035== I1  miss rate:    0.54%
==33035== LLi miss rate:    0.50%
==33035== 
==33035== D   refs:       69,324  (54,846 rd   + 14,478 wr)
==33035== D1  misses:      3,376  ( 2,699 rd   +    677 wr)
==33035== LLd misses:      2,786  ( 2,180 rd   +    606 wr)
==33035== D1  miss rate:     4.9% (   4.9%     +    4.7%  )
==33035== LLd miss rate:     4.0% (   4.0%     +    4.2%  )
==33035== 
==33035== LL refs:         4,550  ( 3,873 rd   +    677 wr)
==33035== LL misses:       3,876  ( 3,270 rd   +    606 wr)
==33035== LL miss rate:      1.4% (   1.2%     +    4.2%  )
