==15986== Cachegrind, a cache and branch-prediction profiler
==15986== Copyright (C) 2002-2017, and GNU GPL'd, by Nicholas Nethercote et al.
==15986== Using Valgrind-3.16.1 and LibVEX; rerun with -h for copyright info
==15986== Command: ./lda-large est .1 3 settings.txt large/large_data.dat random large/results
==15986== 
--15986-- warning: L3 cache found, using its data for the LL simulation.
--15986-- warning: specified LL cache: line_size 64  assoc 11  total_size 25,952,256
--15986-- warning: simulated LL cache: line_size 64  assoc 12  total_size 25,165,824
BIP cache replacement will be used
BIP Throttle parameter is set to 0.062500
==15986== 
==15986== I   refs:      203,022,786,250
==15986== I1  misses:              2,194
==15986== LLi misses:              2,174
==15986== I1  miss rate:            0.00%
==15986== LLi miss rate:            0.00%
==15986== 
==15986== D   refs:       76,299,301,400  (58,017,976,777 rd   + 18,281,324,623 wr)
==15986== D1  misses:         75,596,336  (    74,517,410 rd   +      1,078,926 wr)
==15986== LLd misses:            124,236  (        71,979 rd   +         52,257 wr)
==15986== D1  miss rate:             0.1% (           0.1%     +            0.0%  )
==15986== LLd miss rate:             0.0% (           0.0%     +            0.0%  )
==15986== 
==15986== LL refs:            75,598,530  (    74,519,604 rd   +      1,078,926 wr)
==15986== LL misses:             126,410  (        74,153 rd   +         52,257 wr)
==15986== LL miss rate:              0.0% (           0.0%     +            0.0%  )
