==47539== Cachegrind, a cache and branch-prediction profiler
==47539== Copyright (C) 2002-2017, and GNU GPL'd, by Nicholas Nethercote et al.
==47539== Using Valgrind-3.16.1 and LibVEX; rerun with -h for copyright info
==47539== Command: ./pca-large large.data 5000 1059 R
==47539== 
--47539-- warning: L3 cache found, using its data for the LL simulation.
--47539-- warning: specified LL cache: line_size 64  assoc 11  total_size 25,952,256
--47539-- warning: simulated LL cache: line_size 64  assoc 12  total_size 25,165,824
LIP cache replacement will be used
==47539== brk segment overflow in thread #1: can't grow to 0x4a35000
==47539== (see section Limitations in user manual)
==47539== NOTE: further instances of this message will not be shown
==47539== 
==47539== I   refs:      71,275,145,879
==47539== I1  misses:             1,643
==47539== LLi misses:             1,639
==47539== I1  miss rate:           0.00%
==47539== LLi miss rate:           0.00%
==47539== 
==47539== D   refs:      28,625,035,472  (20,878,881,322 rd   + 7,746,154,150 wr)
==47539== D1  misses:     2,918,331,262  ( 2,916,987,053 rd   +     1,344,209 wr)
==47539== LLd misses:     2,824,674,016  ( 2,823,569,472 rd   +     1,104,544 wr)
==47539== D1  miss rate:           10.2% (          14.0%     +           0.0%  )
==47539== LLd miss rate:            9.9% (          13.5%     +           0.0%  )
==47539== 
==47539== LL refs:        2,918,332,905  ( 2,916,988,696 rd   +     1,344,209 wr)
==47539== LL misses:      2,824,675,655  ( 2,823,571,111 rd   +     1,104,544 wr)
==47539== LL miss rate:             2.8% (           3.1%     +           0.0%  )
