==23009== Cachegrind, a cache and branch-prediction profiler
==23009== Copyright (C) 2002-2017, and GNU GPL'd, by Nicholas Nethercote et al.
==23009== Using Valgrind-3.16.1 and LibVEX; rerun with -h for copyright info
==23009== Command: ./liblinear-tsmall data/100M/crime_scale
==23009== 
--23009-- warning: L3 cache found, using its data for the LL simulation.
--23009-- warning: specified LL cache: line_size 64  assoc 11  total_size 25,952,256
--23009-- warning: simulated LL cache: line_size 64  assoc 12  total_size 25,165,824
FIFO cache replacement will be used
==23009== 
==23009== I   refs:      475,760,835
==23009== I1  misses:          2,121
==23009== LLi misses:          1,812
==23009== I1  miss rate:        0.00%
==23009== LLi miss rate:        0.00%
==23009== 
==23009== D   refs:      169,726,987  (132,316,278 rd   + 37,410,709 wr)
==23009== D1  misses:      4,667,801  (  4,599,465 rd   +     68,336 wr)
==23009== LLd misses:         65,952  (      2,338 rd   +     63,614 wr)
==23009== D1  miss rate:         2.8% (        3.5%     +        0.2%  )
==23009== LLd miss rate:         0.0% (        0.0%     +        0.2%  )
==23009== 
==23009== LL refs:         4,669,922  (  4,601,586 rd   +     68,336 wr)
==23009== LL misses:          67,764  (      4,150 rd   +     63,614 wr)
==23009== LL miss rate:          0.0% (        0.0%     +        0.2%  )
