==45554== Cachegrind, a cache and branch-prediction profiler
==45554== Copyright (C) 2002-2017, and GNU GPL'd, by Nicholas Nethercote et al.
==45554== Using Valgrind-3.16.1 and LibVEX; rerun with -h for copyright info
==45554== Command: ./me-medium
==45554== 
--45554-- warning: L3 cache found, using its data for the LL simulation.
--45554-- warning: specified LL cache: line_size 64  assoc 11  total_size 25,952,256
--45554-- warning: simulated LL cache: line_size 64  assoc 12  total_size 25,165,824
BIP cache replacement will be used
BIP Throttle parameter is set to 0.062500
==45554== brk segment overflow in thread #1: can't grow to 0x4a36000
==45554== (see section Limitations in user manual)
==45554== NOTE: further instances of this message will not be shown
==45554== 
==45554== I   refs:      582,717,344
==45554== I1  misses:          4,093
==45554== LLi misses:          1,626
==45554== I1  miss rate:        0.00%
==45554== LLi miss rate:        0.00%
==45554== 
==45554== D   refs:      104,638,589  (94,724,833 rd   + 9,913,756 wr)
==45554== D1  misses:        961,589  (   676,735 rd   +   284,854 wr)
==45554== LLd misses:        156,428  (     2,860 rd   +   153,568 wr)
==45554== D1  miss rate:         0.9% (       0.7%     +       2.9%  )
==45554== LLd miss rate:         0.1% (       0.0%     +       1.5%  )
==45554== 
==45554== LL refs:           965,682  (   680,828 rd   +   284,854 wr)
==45554== LL misses:         158,054  (     4,486 rd   +   153,568 wr)
==45554== LL miss rate:          0.0% (       0.0%     +       1.5%  )
