==45840== Cachegrind, a cache and branch-prediction profiler
==45840== Copyright (C) 2002-2017, and GNU GPL'd, by Nicholas Nethercote et al.
==45840== Using Valgrind-3.16.1 and LibVEX; rerun with -h for copyright info
==45840== Command: ./me-medium
==45840== 
--45840-- warning: L3 cache found, using its data for the LL simulation.
--45840-- warning: specified LL cache: line_size 64  assoc 11  total_size 25,952,256
--45840-- warning: simulated LL cache: line_size 64  assoc 12  total_size 25,165,824
BIP cache replacement will be used
BIP Throttle parameter is set to 0.031250
==45840== brk segment overflow in thread #1: can't grow to 0x4a36000
==45840== (see section Limitations in user manual)
==45840== NOTE: further instances of this message will not be shown
==45840== 
==45840== I   refs:      582,717,332
==45840== I1  misses:          1,463
==45840== LLi misses:          1,460
==45840== I1  miss rate:        0.00%
==45840== LLi miss rate:        0.00%
==45840== 
==45840== D   refs:      104,638,587  (94,724,832 rd   + 9,913,755 wr)
==45840== D1  misses:        159,229  (     5,814 rd   +   153,415 wr)
==45840== LLd misses:        158,691  (     5,280 rd   +   153,411 wr)
==45840== D1  miss rate:         0.2% (       0.0%     +       1.5%  )
==45840== LLd miss rate:         0.2% (       0.0%     +       1.5%  )
==45840== 
==45840== LL refs:           160,692  (     7,277 rd   +   153,415 wr)
==45840== LL misses:         160,151  (     6,740 rd   +   153,411 wr)
==45840== LL miss rate:          0.0% (       0.0%     +       1.5%  )
