==47146== Cachegrind, a cache and branch-prediction profiler
==47146== Copyright (C) 2002-2017, and GNU GPL'd, by Nicholas Nethercote et al.
==47146== Using Valgrind-3.16.1 and LibVEX; rerun with -h for copyright info
==47146== Command: ./disparity .
==47146== 
--47146-- warning: L3 cache found, using its data for the LL simulation.
--47146-- warning: specified LL cache: line_size 64  assoc 11  total_size 25,952,256
--47146-- warning: simulated LL cache: line_size 64  assoc 12  total_size 25,165,824
Random cache replacement will be used
==47146== brk segment overflow in thread #1: can't grow to 0x4a37000
==47146== (see section Limitations in user manual)
==47146== NOTE: further instances of this message will not be shown
==47146== 
==47146== I   refs:      9,424,576,143
==47146== I1  misses:            1,599
==47146== LLi misses:            1,561
==47146== I1  miss rate:          0.00%
==47146== LLi miss rate:          0.00%
==47146== 
==47146== D   refs:      3,816,070,630  (2,559,180,301 rd   + 1,256,890,329 wr)
==47146== D1  misses:      321,075,274  (  233,239,065 rd   +    87,836,209 wr)
==47146== LLd misses:       73,781,598  (   38,301,328 rd   +    35,480,270 wr)
==47146== D1  miss rate:           8.4% (          9.1%     +           7.0%  )
==47146== LLd miss rate:           1.9% (          1.5%     +           2.8%  )
==47146== 
==47146== LL refs:         321,076,873  (  233,240,664 rd   +    87,836,209 wr)
==47146== LL misses:        73,783,159  (   38,302,889 rd   +    35,480,270 wr)
==47146== LL miss rate:            0.6% (          0.3%     +           2.8%  )
