==49638== Cachegrind, a cache and branch-prediction profiler
==49638== Copyright (C) 2002-2017, and GNU GPL'd, by Nicholas Nethercote et al.
==49638== Using Valgrind-3.16.1 and LibVEX; rerun with -h for copyright info
==49638== Command: ./pca-medium medium.data 722 800 R
==49638== 
--49638-- warning: L3 cache found, using its data for the LL simulation.
--49638-- warning: specified LL cache: line_size 64  assoc 11  total_size 25,952,256
--49638-- warning: simulated LL cache: line_size 64  assoc 12  total_size 25,165,824
LRU cache replacement will be used
==49638== 
==49638== I   refs:      14,218,322,245
==49638== I1  misses:             1,615
==49638== LLi misses:             1,611
==49638== I1  miss rate:           0.00%
==49638== LLi miss rate:           0.00%
==49638== 
==49638== D   refs:       5,351,602,516  (4,031,779,776 rd   + 1,319,822,740 wr)
==49638== D1  misses:        35,192,128  (   34,729,446 rd   +       462,682 wr)
==49638== LLd misses:           120,121  (        2,274 rd   +       117,847 wr)
==49638== D1  miss rate:            0.7% (          0.9%     +           0.0%  )
==49638== LLd miss rate:            0.0% (          0.0%     +           0.0%  )
==49638== 
==49638== LL refs:           35,193,743  (   34,731,061 rd   +       462,682 wr)
==49638== LL misses:            121,732  (        3,885 rd   +       117,847 wr)
==49638== LL miss rate:             0.0% (          0.0%     +           0.0%  )
