==36109== Cachegrind, a cache and branch-prediction profiler
==36109== Copyright (C) 2002-2017, and GNU GPL'd, by Nicholas Nethercote et al.
==36109== Using Valgrind-3.16.1 and LibVEX; rerun with -h for copyright info
==36109== Command: ./mser .
==36109== 
--36109-- warning: L3 cache found, using its data for the LL simulation.
--36109-- warning: specified LL cache: line_size 64  assoc 11  total_size 25,952,256
--36109-- warning: simulated LL cache: line_size 64  assoc 12  total_size 25,165,824
Random cache replacement will be used
==36109== 
==36109== I   refs:      39,996,112
==36109== I1  misses:       796,200
==36109== LLi misses:         1,528
==36109== I1  miss rate:       1.99%
==36109== LLi miss rate:       0.00%
==36109== 
==36109== D   refs:      15,054,678  (10,245,445 rd   + 4,809,233 wr)
==36109== D1  misses:     1,172,525  (   997,702 rd   +   174,823 wr)
==36109== LLd misses:        20,679  (     2,416 rd   +    18,263 wr)
==36109== D1  miss rate:        7.8% (       9.7%     +       3.6%  )
==36109== LLd miss rate:        0.1% (       0.0%     +       0.4%  )
==36109== 
==36109== LL refs:        1,968,725  ( 1,793,902 rd   +   174,823 wr)
==36109== LL misses:         22,207  (     3,944 rd   +    18,263 wr)
==36109== LL miss rate:         0.0% (       0.0%     +       0.4%  )
