==25106== Cachegrind, a cache and branch-prediction profiler
==25106== Copyright (C) 2002-2017, and GNU GPL'd, by Nicholas Nethercote et al.
==25106== Using Valgrind-3.16.1 and LibVEX; rerun with -h for copyright info
==25106== Command: ./stitch .
==25106== 
--25106-- warning: L3 cache found, using its data for the LL simulation.
--25106-- warning: specified LL cache: line_size 64  assoc 11  total_size 25,952,256
--25106-- warning: simulated LL cache: line_size 64  assoc 12  total_size 25,165,824
LRU cache replacement will be used
==25106== brk segment overflow in thread #1: can't grow to 0x4a37000
==25106== (see section Limitations in user manual)
==25106== NOTE: further instances of this message will not be shown
==25106== 
==25106== I   refs:      253,517,705,884
==25106== I1  misses:              1,865
==25106== LLi misses:              1,839
==25106== I1  miss rate:            0.00%
==25106== LLi miss rate:            0.00%
==25106== 
==25106== D   refs:       68,980,624,536  (45,322,620,985 rd   + 23,658,003,551 wr)
==25106== D1  misses:      4,657,766,454  ( 2,623,724,863 rd   +  2,034,041,591 wr)
==25106== LLd misses:          3,949,189  (     1,613,665 rd   +      2,335,524 wr)
==25106== D1  miss rate:             6.8% (           5.8%     +            8.6%  )
==25106== LLd miss rate:             0.0% (           0.0%     +            0.0%  )
==25106== 
==25106== LL refs:         4,657,768,319  ( 2,623,726,728 rd   +  2,034,041,591 wr)
==25106== LL misses:           3,951,028  (     1,615,504 rd   +      2,335,524 wr)
==25106== LL miss rate:              0.0% (           0.0%     +            0.0%  )
