==35647== Cachegrind, a cache and branch-prediction profiler
==35647== Copyright (C) 2002-2017, and GNU GPL'd, by Nicholas Nethercote et al.
==35647== Using Valgrind-3.16.1 and LibVEX; rerun with -h for copyright info
==35647== Command: ./spc-small ../datasets/R15 600 2 15 0.707 1 2
==35647== 
--35647-- warning: L3 cache found, using its data for the LL simulation.
--35647-- warning: specified LL cache: line_size 64  assoc 11  total_size 25,952,256
--35647-- warning: simulated LL cache: line_size 64  assoc 12  total_size 25,165,824
BIP cache replacement will be used
BIP Throttle parameter is set to 0.062500
==35647== 
==35647== I   refs:      217,405
==35647== I1  misses:      8,538
==35647== LLi misses:      1,090
==35647== I1  miss rate:    3.93%
==35647== LLi miss rate:    0.50%
==35647== 
==35647== D   refs:       69,324  (54,846 rd   + 14,478 wr)
==35647== D1  misses:     18,746  (15,711 rd   +  3,035 wr)
==35647== LLd misses:      2,796  ( 2,190 rd   +    606 wr)
==35647== D1  miss rate:    27.0% (  28.6%     +   21.0%  )
==35647== LLd miss rate:     4.0% (   4.0%     +    4.2%  )
==35647== 
==35647== LL refs:        27,284  (24,249 rd   +  3,035 wr)
==35647== LL misses:       3,886  ( 3,280 rd   +    606 wr)
==35647== LL miss rate:      1.4% (   1.2%     +    4.2%  )
