==53200== Cachegrind, a cache and branch-prediction profiler
==53200== Copyright (C) 2002-2017, and GNU GPL'd, by Nicholas Nethercote et al.
==53200== Using Valgrind-3.16.1 and LibVEX; rerun with -h for copyright info
==53200== Command: ./pca-medium medium.data 722 800 R
==53200== 
--53200-- warning: L3 cache found, using its data for the LL simulation.
--53200-- warning: specified LL cache: line_size 64  assoc 11  total_size 25,952,256
--53200-- warning: simulated LL cache: line_size 64  assoc 12  total_size 25,165,824
LIP cache replacement will be used
==53200== 
==53200== I   refs:      14,218,322,069
==53200== I1  misses:        71,836,242
==53200== LLi misses:             1,670
==53200== I1  miss rate:           0.51%
==53200== LLi miss rate:           0.00%
==53200== 
==53200== D   refs:       5,351,602,366  (4,031,779,695 rd   + 1,319,822,671 wr)
==53200== D1  misses:     1,667,015,215  (1,658,409,840 rd   +     8,605,375 wr)
==53200== LLd misses:           141,002  (       21,607 rd   +       119,395 wr)
==53200== D1  miss rate:           31.1% (         41.1%     +           0.7%  )
==53200== LLd miss rate:            0.0% (          0.0%     +           0.0%  )
==53200== 
==53200== LL refs:        1,738,851,457  (1,730,246,082 rd   +     8,605,375 wr)
==53200== LL misses:            142,672  (       23,277 rd   +       119,395 wr)
==53200== LL miss rate:             0.0% (          0.0%     +           0.0%  )
