==45073== Cachegrind, a cache and branch-prediction profiler
==45073== Copyright (C) 2002-2017, and GNU GPL'd, by Nicholas Nethercote et al.
==45073== Using Valgrind-3.16.1 and LibVEX; rerun with -h for copyright info
==45073== Command: ./kmeans-large ../datasets/MINST 10000 748 10
==45073== 
--45073-- warning: L3 cache found, using its data for the LL simulation.
--45073-- warning: specified LL cache: line_size 64  assoc 11  total_size 25,952,256
--45073-- warning: simulated LL cache: line_size 64  assoc 12  total_size 25,165,824
LIP cache replacement will be used
==45073== brk segment overflow in thread #1: can't grow to 0x4a44000
==45073== (see section Limitations in user manual)
==45073== NOTE: further instances of this message will not be shown
==45073== 
==45073== I   refs:      31,864,461,091
==45073== I1  misses:             1,515
==45073== LLi misses:             1,512
==45073== I1  miss rate:           0.00%
==45073== LLi miss rate:           0.00%
==45073== 
==45073== D   refs:       9,488,889,172  (8,195,422,233 rd   + 1,293,466,939 wr)
==45073== D1  misses:        41,981,273  (   40,070,470 rd   +     1,910,803 wr)
==45073== LLd misses:        41,976,129  (   40,065,778 rd   +     1,910,351 wr)
==45073== D1  miss rate:            0.4% (          0.5%     +           0.1%  )
==45073== LLd miss rate:            0.4% (          0.5%     +           0.1%  )
==45073== 
==45073== LL refs:           41,982,788  (   40,071,985 rd   +     1,910,803 wr)
==45073== LL misses:         41,977,641  (   40,067,290 rd   +     1,910,351 wr)
==45073== LL miss rate:             0.1% (          0.1%     +           0.1%  )
