==1116== Cachegrind, a cache and branch-prediction profiler
==1116== Copyright (C) 2002-2017, and GNU GPL'd, by Nicholas Nethercote et al.
==1116== Using Valgrind-3.16.1 and LibVEX; rerun with -h for copyright info
==1116== Command: ./mser .
==1116== 
--1116-- warning: L3 cache found, using its data for the LL simulation.
--1116-- warning: specified LL cache: line_size 64  assoc 11  total_size 25,952,256
--1116-- warning: simulated LL cache: line_size 64  assoc 12  total_size 25,165,824
BIP cache replacement will be used
BIP Throttle parameter is set to 0.031250
==1116== 
==1116== I   refs:      3,434,253,570
==1116== I1  misses:            1,500
==1116== LLi misses:            1,495
==1116== I1  miss rate:          0.00%
==1116== LLi miss rate:          0.00%
==1116== 
==1116== D   refs:      1,308,839,721  (891,688,009 rd   + 417,151,712 wr)
==1116== D1  misses:       11,520,743  (  8,888,165 rd   +   2,632,578 wr)
==1116== LLd misses:        7,094,948  (  4,865,376 rd   +   2,229,572 wr)
==1116== D1  miss rate:           0.9% (        1.0%     +         0.6%  )
==1116== LLd miss rate:           0.5% (        0.5%     +         0.5%  )
==1116== 
==1116== LL refs:          11,522,243  (  8,889,665 rd   +   2,632,578 wr)
==1116== LL misses:         7,096,443  (  4,866,871 rd   +   2,229,572 wr)
==1116== LL miss rate:            0.1% (        0.1%     +         0.5%  )
