==42782== Cachegrind, a cache and branch-prediction profiler
==42782== Copyright (C) 2002-2017, and GNU GPL'd, by Nicholas Nethercote et al.
==42782== Using Valgrind-3.16.1 and LibVEX; rerun with -h for copyright info
==42782== Command: ./disparity .
==42782== 
--42782-- warning: L3 cache found, using its data for the LL simulation.
--42782-- warning: specified LL cache: line_size 64  assoc 11  total_size 25,952,256
--42782-- warning: simulated LL cache: line_size 64  assoc 12  total_size 25,165,824
Random cache replacement will be used
==42782== brk segment overflow in thread #1: can't grow to 0x4a37000
==42782== (see section Limitations in user manual)
==42782== NOTE: further instances of this message will not be shown
==42782== 
==42782== I   refs:      9,424,576,324
==42782== I1  misses:       61,337,720
==42782== LLi misses:            1,909
==42782== I1  miss rate:          0.65%
==42782== LLi miss rate:          0.00%
==42782== 
==42782== D   refs:      3,816,070,782  (2,559,180,384 rd   + 1,256,890,398 wr)
==42782== D1  misses:      772,035,585  (  491,314,502 rd   +   280,721,083 wr)
==42782== LLd misses:       73,714,909  (   38,237,834 rd   +    35,477,075 wr)
==42782== D1  miss rate:          20.2% (         19.2%     +          22.3%  )
==42782== LLd miss rate:           1.9% (          1.5%     +           2.8%  )
==42782== 
==42782== LL refs:         833,373,305  (  552,652,222 rd   +   280,721,083 wr)
==42782== LL misses:        73,716,818  (   38,239,743 rd   +    35,477,075 wr)
==42782== LL miss rate:            0.6% (          0.3%     +           2.8%  )
