==30561== Cachegrind, a cache and branch-prediction profiler
==30561== Copyright (C) 2002-2017, and GNU GPL'd, by Nicholas Nethercote et al.
==30561== Using Valgrind-3.16.1 and LibVEX; rerun with -h for copyright info
==30561== Command: ./liblinear-tmedium data/10B/epsilon
==30561== 
--30561-- warning: L3 cache found, using its data for the LL simulation.
--30561-- warning: specified LL cache: line_size 64  assoc 11  total_size 25,952,256
--30561-- warning: simulated LL cache: line_size 64  assoc 12  total_size 25,165,824
LIP cache replacement will be used
==30561== 
==30561== I   refs:      19,285,289,582
==30561== I1  misses:             1,833
==30561== LLi misses:             1,829
==30561== I1  miss rate:           0.00%
==30561== LLi miss rate:           0.00%
==30561== 
==30561== D   refs:       5,666,485,978  (3,947,048,633 rd   + 1,719,437,345 wr)
==30561== D1  misses:        40,450,952  (   37,316,283 rd   +     3,134,669 wr)
==30561== LLd misses:        40,271,808  (   37,137,326 rd   +     3,134,482 wr)
==30561== D1  miss rate:            0.7% (          0.9%     +           0.2%  )
==30561== LLd miss rate:            0.7% (          0.9%     +           0.2%  )
==30561== 
==30561== LL refs:           40,452,785  (   37,318,116 rd   +     3,134,669 wr)
==30561== LL misses:         40,273,637  (   37,139,155 rd   +     3,134,482 wr)
==30561== LL miss rate:             0.2% (          0.2%     +           0.2%  )
