==29569== Cachegrind, a cache and branch-prediction profiler
==29569== Copyright (C) 2002-2017, and GNU GPL'd, by Nicholas Nethercote et al.
==29569== Using Valgrind-3.16.1 and LibVEX; rerun with -h for copyright info
==29569== Command: ./kmeans-small ../datasets/yeast 1484 8 10
==29569== 
--29569-- warning: L3 cache found, using its data for the LL simulation.
--29569-- warning: specified LL cache: line_size 64  assoc 11  total_size 25,952,256
--29569-- warning: simulated LL cache: line_size 64  assoc 12  total_size 25,165,824
Random cache replacement will be used
==29569== 
==29569== I   refs:      56,158,059
==29569== I1  misses:         1,471
==29569== LLi misses:         1,468
==29569== I1  miss rate:       0.00%
==29569== LLi miss rate:       0.00%
==29569== 
==29569== D   refs:      15,831,403  (13,089,369 rd   + 2,742,034 wr)
==29569== D1  misses:         4,977  (     2,160 rd   +     2,817 wr)
==29569== LLd misses:         4,964  (     2,147 rd   +     2,817 wr)
==29569== D1  miss rate:        0.0% (       0.0%     +       0.1%  )
==29569== LLd miss rate:        0.0% (       0.0%     +       0.1%  )
==29569== 
==29569== LL refs:            6,448  (     3,631 rd   +     2,817 wr)
==29569== LL misses:          6,432  (     3,615 rd   +     2,817 wr)
==29569== LL miss rate:         0.0% (       0.0%     +       0.1%  )
