==11567== Cachegrind, a cache and branch-prediction profiler
==11567== Copyright (C) 2002-2017, and GNU GPL'd, by Nicholas Nethercote et al.
==11567== Using Valgrind-3.16.1 and LibVEX; rerun with -h for copyright info
==11567== Command: ./pca-large large.data 5000 1059 R
==11567== 
--11567-- warning: L3 cache found, using its data for the LL simulation.
--11567-- warning: specified LL cache: line_size 64  assoc 11  total_size 25,952,256
--11567-- warning: simulated LL cache: line_size 64  assoc 12  total_size 25,165,824
BIP cache replacement will be used
BIP Throttle parameter is set to 0.062500
==11567== brk segment overflow in thread #1: can't grow to 0x4a35000
==11567== (see section Limitations in user manual)
==11567== NOTE: further instances of this message will not be shown
==11567== 
==11567== I   refs:      71,275,145,790
==11567== I1  misses:             1,675
==11567== LLi misses:             1,654
==11567== I1  miss rate:           0.00%
==11567== LLi miss rate:           0.00%
==11567== 
==11567== D   refs:      28,625,035,458  (20,878,881,310 rd   + 7,746,154,148 wr)
==11567== D1  misses:     8,642,264,324  ( 8,640,271,727 rd   +     1,992,597 wr)
==11567== LLd misses:         3,364,623  (     2,652,779 rd   +       711,844 wr)
==11567== D1  miss rate:           30.2% (          41.4%     +           0.0%  )
==11567== LLd miss rate:            0.0% (           0.0%     +           0.0%  )
==11567== 
==11567== LL refs:        8,642,265,999  ( 8,640,273,402 rd   +     1,992,597 wr)
==11567== LL misses:          3,366,277  (     2,654,433 rd   +       711,844 wr)
==11567== LL miss rate:             0.0% (           0.0%     +           0.0%  )
