==22163== Cachegrind, a cache and branch-prediction profiler
==22163== Copyright (C) 2002-2017, and GNU GPL'd, by Nicholas Nethercote et al.
==22163== Using Valgrind-3.16.1 and LibVEX; rerun with -h for copyright info
==22163== Command: ./srr-small
==22163== 
--22163-- warning: L3 cache found, using its data for the LL simulation.
--22163-- warning: specified LL cache: line_size 64  assoc 11  total_size 25,952,256
--22163-- warning: simulated LL cache: line_size 64  assoc 12  total_size 25,165,824
LRU cache replacement will be used
==22163== 
==22163== I   refs:      19,999,787,105
==22163== I1  misses:             1,510
==22163== LLi misses:             1,500
==22163== I1  miss rate:           0.00%
==22163== LLi miss rate:           0.00%
==22163== 
==22163== D   refs:       7,796,537,243  (5,247,433,899 rd   + 2,549,103,344 wr)
==22163== D1  misses:        10,185,017  (    9,331,533 rd   +       853,484 wr)
==22163== LLd misses:            13,377  (        2,528 rd   +        10,849 wr)
==22163== D1  miss rate:            0.1% (          0.2%     +           0.0%  )
==22163== LLd miss rate:            0.0% (          0.0%     +           0.0%  )
==22163== 
==22163== LL refs:           10,186,527  (    9,333,043 rd   +       853,484 wr)
==22163== LL misses:             14,877  (        4,028 rd   +        10,849 wr)
==22163== LL miss rate:             0.0% (          0.0%     +           0.0%  )
