==21383== Cachegrind, a cache and branch-prediction profiler
==21383== Copyright (C) 2002-2017, and GNU GPL'd, by Nicholas Nethercote et al.
==21383== Using Valgrind-3.16.1 and LibVEX; rerun with -h for copyright info
==21383== Command: ./srr-medium
==21383== 
--21383-- warning: L3 cache found, using its data for the LL simulation.
--21383-- warning: specified LL cache: line_size 64  assoc 11  total_size 25,952,256
--21383-- warning: simulated LL cache: line_size 64  assoc 12  total_size 25,165,824
Random cache replacement will be used
==21383== 
==21383== I   refs:      151,164,870,258
==21383== I1  misses:              1,530
==21383== LLi misses:              1,527
==21383== I1  miss rate:            0.00%
==21383== LLi miss rate:            0.00%
==21383== 
==21383== D   refs:       57,030,637,061  (38,402,710,439 rd   + 18,627,926,622 wr)
==21383== D1  misses:          1,596,779  (     1,101,134 rd   +        495,645 wr)
==21383== LLd misses:             69,500  (         3,531 rd   +         65,969 wr)
==21383== D1  miss rate:             0.0% (           0.0%     +            0.0%  )
==21383== LLd miss rate:             0.0% (           0.0%     +            0.0%  )
==21383== 
==21383== LL refs:             1,598,309  (     1,102,664 rd   +        495,645 wr)
==21383== LL misses:              71,027  (         5,058 rd   +         65,969 wr)
==21383== LL miss rate:              0.0% (           0.0%     +            0.0%  )
