==44718== Cachegrind, a cache and branch-prediction profiler
==44718== Copyright (C) 2002-2017, and GNU GPL'd, by Nicholas Nethercote et al.
==44718== Using Valgrind-3.16.1 and LibVEX; rerun with -h for copyright info
==44718== Command: ./me-medium
==44718== 
--44718-- warning: L3 cache found, using its data for the LL simulation.
--44718-- warning: specified LL cache: line_size 64  assoc 11  total_size 25,952,256
--44718-- warning: simulated LL cache: line_size 64  assoc 12  total_size 25,165,824
LRU cache replacement will be used
==44718== brk segment overflow in thread #1: can't grow to 0x4a36000
==44718== (see section Limitations in user manual)
==44718== NOTE: further instances of this message will not be shown
==44718== 
==44718== I   refs:      582,717,332
==44718== I1  misses:         73,585
==44718== LLi misses:          1,459
==44718== I1  miss rate:        0.01%
==44718== LLi miss rate:        0.00%
==44718== 
==44718== D   refs:      104,638,587  (94,724,832 rd   + 9,913,755 wr)
==44718== D1  misses:     12,255,671  (11,993,009 rd   +   262,662 wr)
==44718== LLd misses:        156,025  (     2,620 rd   +   153,405 wr)
==44718== D1  miss rate:        11.7% (      12.7%     +       2.6%  )
==44718== LLd miss rate:         0.1% (       0.0%     +       1.5%  )
==44718== 
==44718== LL refs:        12,329,256  (12,066,594 rd   +   262,662 wr)
==44718== LL misses:         157,484  (     4,079 rd   +   153,405 wr)
==44718== LL miss rate:          0.0% (       0.0%     +       1.5%  )
