==10935== Cachegrind, a cache and branch-prediction profiler
==10935== Copyright (C) 2002-2017, and GNU GPL'd, by Nicholas Nethercote et al.
==10935== Using Valgrind-3.16.1 and LibVEX; rerun with -h for copyright info
==10935== Command: ./kmeans-small ../datasets/yeast 1484 8 10
==10935== 
--10935-- warning: L3 cache found, using its data for the LL simulation.
--10935-- warning: specified LL cache: line_size 64  assoc 11  total_size 25,952,256
--10935-- warning: simulated LL cache: line_size 64  assoc 12  total_size 25,165,824
LRU cache replacement will be used
==10935== 
==10935== I   refs:      56,157,893
==10935== I1  misses:     2,661,164
==10935== LLi misses:         1,468
==10935== I1  miss rate:       4.74%
==10935== LLi miss rate:       0.00%
==10935== 
==10935== D   refs:      15,831,357  (13,089,320 rd   + 2,742,037 wr)
==10935== D1  misses:       801,133  (   662,840 rd   +   138,293 wr)
==10935== LLd misses:         4,965  (     2,148 rd   +     2,817 wr)
==10935== D1  miss rate:        5.1% (       5.1%     +       5.0%  )
==10935== LLd miss rate:        0.0% (       0.0%     +       0.1%  )
==10935== 
==10935== LL refs:        3,462,297  ( 3,324,004 rd   +   138,293 wr)
==10935== LL misses:          6,433  (     3,616 rd   +     2,817 wr)
==10935== LL miss rate:         0.0% (       0.0%     +       0.1%  )
