==31889== Cachegrind, a cache and branch-prediction profiler
==31889== Copyright (C) 2002-2017, and GNU GPL'd, by Nicholas Nethercote et al.
==31889== Using Valgrind-3.16.1 and LibVEX; rerun with -h for copyright info
==31889== Command: ./kmeans-large ../datasets/MINST 10000 748 10
==31889== 
--31889-- warning: L3 cache found, using its data for the LL simulation.
--31889-- warning: specified LL cache: line_size 64  assoc 11  total_size 25,952,256
--31889-- warning: simulated LL cache: line_size 64  assoc 12  total_size 25,165,824
Random cache replacement will be used
==31889== brk segment overflow in thread #1: can't grow to 0x4a44000
==31889== (see section Limitations in user manual)
==31889== NOTE: further instances of this message will not be shown
==31889== 
==31889== I   refs:      31,864,461,091
==31889== I1  misses:             1,527
==31889== LLi misses:             1,519
==31889== I1  miss rate:           0.00%
==31889== LLi miss rate:           0.00%
==31889== 
==31889== D   refs:       9,488,889,172  (8,195,422,233 rd   + 1,293,466,939 wr)
==31889== D1  misses:        49,464,809  (   47,554,573 rd   +     1,910,236 wr)
==31889== LLd misses:        35,232,341  (   33,427,567 rd   +     1,804,774 wr)
==31889== D1  miss rate:            0.5% (          0.6%     +           0.1%  )
==31889== LLd miss rate:            0.4% (          0.4%     +           0.1%  )
==31889== 
==31889== LL refs:           49,466,336  (   47,556,100 rd   +     1,910,236 wr)
==31889== LL misses:         35,233,860  (   33,429,086 rd   +     1,804,774 wr)
==31889== LL miss rate:             0.1% (          0.1%     +           0.1%  )
