==26025== Cachegrind, a cache and branch-prediction profiler
==26025== Copyright (C) 2002-2017, and GNU GPL'd, by Nicholas Nethercote et al.
==26025== Using Valgrind-3.16.1 and LibVEX; rerun with -h for copyright info
==26025== Command: ./tracking .
==26025== 
--26025-- warning: L3 cache found, using its data for the LL simulation.
--26025-- warning: specified LL cache: line_size 64  assoc 11  total_size 25,952,256
--26025-- warning: simulated LL cache: line_size 64  assoc 12  total_size 25,165,824
BIP cache replacement will be used
BIP Throttle parameter is set to 0.031250
==26025== brk segment overflow in thread #1: can't grow to 0x5026000
==26025== (see section Limitations in user manual)
==26025== NOTE: further instances of this message will not be shown
==26025== 
==26025== I   refs:      7,862,359,160
==26025== I1  misses:           30,192
==26025== LLi misses:            4,731
==26025== I1  miss rate:          0.00%
==26025== LLi miss rate:          0.00%
==26025== 
==26025== D   refs:      2,585,046,540  (1,824,545,533 rd   + 760,501,007 wr)
==26025== D1  misses:      209,739,973  (  148,330,983 rd   +  61,408,990 wr)
==26025== LLd misses:       12,993,772  (    4,581,348 rd   +   8,412,424 wr)
==26025== D1  miss rate:           8.1% (          8.1%     +         8.1%  )
==26025== LLd miss rate:           0.5% (          0.3%     +         1.1%  )
==26025== 
==26025== LL refs:         209,770,165  (  148,361,175 rd   +  61,408,990 wr)
==26025== LL misses:        12,998,503  (    4,586,079 rd   +   8,412,424 wr)
==26025== LL miss rate:            0.1% (          0.0%     +         1.1%  )
