==36517== Cachegrind, a cache and branch-prediction profiler
==36517== Copyright (C) 2002-2017, and GNU GPL'd, by Nicholas Nethercote et al.
==36517== Using Valgrind-3.16.1 and LibVEX; rerun with -h for copyright info
==36517== Command: ./mser .
==36517== 
--36517-- warning: L3 cache found, using its data for the LL simulation.
--36517-- warning: specified LL cache: line_size 64  assoc 11  total_size 25,952,256
--36517-- warning: simulated LL cache: line_size 64  assoc 12  total_size 25,165,824
BIP cache replacement will be used
BIP Throttle parameter is set to 0.062500
==36517== 
==36517== I   refs:      39,996,112
==36517== I1  misses:         1,607
==36517== LLi misses:         1,528
==36517== I1  miss rate:       0.00%
==36517== LLi miss rate:       0.00%
==36517== 
==36517== D   refs:      15,054,678  (10,245,445 rd   + 4,809,233 wr)
==36517== D1  misses:       194,882  (   156,718 rd   +    38,164 wr)
==36517== LLd misses:        22,401  (     4,033 rd   +    18,368 wr)
==36517== D1  miss rate:        1.3% (       1.5%     +       0.8%  )
==36517== LLd miss rate:        0.1% (       0.0%     +       0.4%  )
==36517== 
==36517== LL refs:          196,489  (   158,325 rd   +    38,164 wr)
==36517== LL misses:         23,929  (     5,561 rd   +    18,368 wr)
==36517== LL miss rate:         0.0% (       0.0%     +       0.4%  )
