==19346== Cachegrind, a cache and branch-prediction profiler
==19346== Copyright (C) 2002-2017, and GNU GPL'd, by Nicholas Nethercote et al.
==19346== Using Valgrind-3.16.1 and LibVEX; rerun with -h for copyright info
==19346== Command: ./mser .
==19346== 
--19346-- warning: L3 cache found, using its data for the LL simulation.
--19346-- warning: specified LL cache: line_size 64  assoc 11  total_size 25,952,256
--19346-- warning: simulated LL cache: line_size 64  assoc 12  total_size 25,165,824
LIP cache replacement will be used
==19346== 
==19346== I   refs:      157,426,193
==19346== I1  misses:      3,000,235
==19346== LLi misses:          1,543
==19346== I1  miss rate:        1.91%
==19346== LLi miss rate:        0.00%
==19346== 
==19346== D   refs:       59,523,786  (40,510,722 rd   + 19,013,064 wr)
==19346== D1  misses:      5,097,735  ( 4,384,630 rd   +    713,105 wr)
==19346== LLd misses:         76,327  (     7,000 rd   +     69,327 wr)
==19346== D1  miss rate:         8.6% (      10.8%     +        3.8%  )
==19346== LLd miss rate:         0.1% (       0.0%     +        0.4%  )
==19346== 
==19346== LL refs:         8,097,970  ( 7,384,865 rd   +    713,105 wr)
==19346== LL misses:          77,870  (     8,543 rd   +     69,327 wr)
==19346== LL miss rate:          0.0% (       0.0%     +        0.4%  )
