==60360== Cachegrind, a cache and branch-prediction profiler
==60360== Copyright (C) 2002-2017, and GNU GPL'd, by Nicholas Nethercote et al.
==60360== Using Valgrind-3.16.1 and LibVEX; rerun with -h for copyright info
==60360== Command: ./me-large
==60360== 
--60360-- warning: L3 cache found, using its data for the LL simulation.
--60360-- warning: specified LL cache: line_size 64  assoc 11  total_size 25,952,256
--60360-- warning: simulated LL cache: line_size 64  assoc 12  total_size 25,165,824
BIP cache replacement will be used
BIP Throttle parameter is set to 0.015625
==60360== brk segment overflow in thread #1: can't grow to 0x4a4b000
==60360== (see section Limitations in user manual)
==60360== NOTE: further instances of this message will not be shown
==60360== 
==60360== I   refs:      7,528,529,070
==60360== I1  misses:            1,499
==60360== LLi misses:            1,495
==60360== I1  miss rate:          0.00%
==60360== LLi miss rate:          0.00%
==60360== 
==60360== D   refs:      1,825,539,719  (1,535,870,321 rd   + 289,669,398 wr)
==60360== D1  misses:        2,346,318  (      849,527 rd   +   1,496,791 wr)
==60360== LLd misses:        1,638,602  (      363,708 rd   +   1,274,894 wr)
==60360== D1  miss rate:           0.1% (          0.1%     +         0.5%  )
==60360== LLd miss rate:           0.1% (          0.0%     +         0.4%  )
==60360== 
==60360== LL refs:           2,347,817  (      851,026 rd   +   1,496,791 wr)
==60360== LL misses:         1,640,097  (      365,203 rd   +   1,274,894 wr)
==60360== LL miss rate:            0.0% (          0.0%     +         0.4%  )
