==21479== Cachegrind, a cache and branch-prediction profiler
==21479== Copyright (C) 2002-2017, and GNU GPL'd, by Nicholas Nethercote et al.
==21479== Using Valgrind-3.16.1 and LibVEX; rerun with -h for copyright info
==21479== Command: ./srr-medium
==21479== 
--21479-- warning: L3 cache found, using its data for the LL simulation.
--21479-- warning: specified LL cache: line_size 64  assoc 11  total_size 25,952,256
--21479-- warning: simulated LL cache: line_size 64  assoc 12  total_size 25,165,824
FIFO cache replacement will be used
==21479== 
==21479== I   refs:      151,164,870,270
==21479== I1  misses:              2,469
==21479== LLi misses:              1,527
==21479== I1  miss rate:            0.00%
==21479== LLi miss rate:            0.00%
==21479== 
==21479== D   refs:       57,030,637,063  (38,402,710,440 rd   + 18,627,926,623 wr)
==21479== D1  misses:        698,810,562  (   664,248,879 rd   +     34,561,683 wr)
==21479== LLd misses:             68,963  (         3,000 rd   +         65,963 wr)
==21479== D1  miss rate:             1.2% (           1.7%     +            0.2%  )
==21479== LLd miss rate:             0.0% (           0.0%     +            0.0%  )
==21479== 
==21479== LL refs:           698,813,031  (   664,251,348 rd   +     34,561,683 wr)
==21479== LL misses:              70,490  (         4,527 rd   +         65,963 wr)
==21479== LL miss rate:              0.0% (           0.0%     +            0.0%  )
