==43687== Cachegrind, a cache and branch-prediction profiler
==43687== Copyright (C) 2002-2017, and GNU GPL'd, by Nicholas Nethercote et al.
==43687== Using Valgrind-3.16.1 and LibVEX; rerun with -h for copyright info
==43687== Command: ./me-large
==43687== 
--43687-- warning: L3 cache found, using its data for the LL simulation.
--43687-- warning: specified LL cache: line_size 64  assoc 11  total_size 25,952,256
--43687-- warning: simulated LL cache: line_size 64  assoc 12  total_size 25,165,824
LIP cache replacement will be used
==43687== brk segment overflow in thread #1: can't grow to 0x4a4b000
==43687== (see section Limitations in user manual)
==43687== NOTE: further instances of this message will not be shown
==43687== 
==43687== I   refs:      7,528,529,074
==43687== I1  misses:            5,915
==43687== LLi misses:            3,398
==43687== I1  miss rate:          0.00%
==43687== LLi miss rate:          0.00%
==43687== 
==43687== D   refs:      1,825,539,721  (1,535,870,322 rd   + 289,669,399 wr)
==43687== D1  misses:       75,495,833  (   71,563,933 rd   +   3,931,900 wr)
==43687== LLd misses:        1,409,105  (      171,650 rd   +   1,237,455 wr)
==43687== D1  miss rate:           4.1% (          4.7%     +         1.4%  )
==43687== LLd miss rate:           0.1% (          0.0%     +         0.4%  )
==43687== 
==43687== LL refs:          75,501,748  (   71,569,848 rd   +   3,931,900 wr)
==43687== LL misses:         1,412,503  (      175,048 rd   +   1,237,455 wr)
==43687== LL miss rate:            0.0% (          0.0%     +         0.4%  )
