==37875== Cachegrind, a cache and branch-prediction profiler
==37875== Copyright (C) 2002-2017, and GNU GPL'd, by Nicholas Nethercote et al.
==37875== Using Valgrind-3.16.1 and LibVEX; rerun with -h for copyright info
==37875== Command: ./lda-medium est .1 3 settings.txt medium/medium_data.dat random medium/results
==37875== 
--37875-- warning: L3 cache found, using its data for the LL simulation.
--37875-- warning: specified LL cache: line_size 64  assoc 11  total_size 25,952,256
--37875-- warning: simulated LL cache: line_size 64  assoc 12  total_size 25,165,824
Random cache replacement will be used
==37875== 
==37875== I   refs:      99,042,944,003
==37875== I1  misses:             2,170
==37875== LLi misses:             2,156
==37875== I1  miss rate:           0.00%
==37875== LLi miss rate:           0.00%
==37875== 
==37875== D   refs:      37,270,700,825  (28,317,997,257 rd   + 8,952,703,568 wr)
==37875== D1  misses:            34,281  (         7,305 rd   +        26,976 wr)
==37875== LLd misses:            29,609  (         2,805 rd   +        26,804 wr)
==37875== D1  miss rate:            0.0% (           0.0%     +           0.0%  )
==37875== LLd miss rate:            0.0% (           0.0%     +           0.0%  )
==37875== 
==37875== LL refs:               36,451  (         9,475 rd   +        26,976 wr)
==37875== LL misses:             31,765  (         4,961 rd   +        26,804 wr)
==37875== LL miss rate:             0.0% (           0.0%     +           0.0%  )
