==30765== Cachegrind, a cache and branch-prediction profiler
==30765== Copyright (C) 2002-2017, and GNU GPL'd, by Nicholas Nethercote et al.
==30765== Using Valgrind-3.16.1 and LibVEX; rerun with -h for copyright info
==30765== Command: ./stitch .
==30765== 
--30765-- warning: L3 cache found, using its data for the LL simulation.
--30765-- warning: specified LL cache: line_size 64  assoc 11  total_size 25,952,256
--30765-- warning: simulated LL cache: line_size 64  assoc 12  total_size 25,165,824
LRU cache replacement will be used
==30765== 
==30765== I   refs:      223,094,015
==30765== I1  misses:          1,840
==30765== LLi misses:          1,683
==30765== I1  miss rate:        0.00%
==30765== LLi miss rate:        0.00%
==30765== 
==30765== D   refs:       60,620,644  (44,316,440 rd   + 16,304,204 wr)
==30765== D1  misses:        582,341  (   295,999 rd   +    286,342 wr)
==30765== LLd misses:         23,693  (     2,267 rd   +     21,426 wr)
==30765== D1  miss rate:         1.0% (       0.7%     +        1.8%  )
==30765== LLd miss rate:         0.0% (       0.0%     +        0.1%  )
==30765== 
==30765== LL refs:           584,181  (   297,839 rd   +    286,342 wr)
==30765== LL misses:          25,376  (     3,950 rd   +     21,426 wr)
==30765== LL miss rate:          0.0% (       0.0%     +        0.1%  )
