==39248== Cachegrind, a cache and branch-prediction profiler
==39248== Copyright (C) 2002-2017, and GNU GPL'd, by Nicholas Nethercote et al.
==39248== Using Valgrind-3.16.1 and LibVEX; rerun with -h for copyright info
==39248== Command: ./sift .
==39248== 
--39248-- warning: L3 cache found, using its data for the LL simulation.
--39248-- warning: specified LL cache: line_size 64  assoc 11  total_size 25,952,256
--39248-- warning: simulated LL cache: line_size 64  assoc 12  total_size 25,165,824
FIFO cache replacement will be used
==39248== 
==39248== I   refs:      13,577,425
==39248== I1  misses:       130,449
==39248== LLi misses:         1,762
==39248== I1  miss rate:       0.96%
==39248== LLi miss rate:       0.01%
==39248== 
==39248== D   refs:       4,088,962  (2,884,614 rd   + 1,204,348 wr)
==39248== D1  misses:     1,140,212  (1,010,302 rd   +   129,910 wr)
==39248== LLd misses:         9,018  (    2,314 rd   +     6,704 wr)
==39248== D1  miss rate:       27.9% (     35.0%     +      10.8%  )
==39248== LLd miss rate:        0.2% (      0.1%     +       0.6%  )
==39248== 
==39248== LL refs:        1,270,661  (1,140,751 rd   +   129,910 wr)
==39248== LL misses:         10,780  (    4,076 rd   +     6,704 wr)
==39248== LL miss rate:         0.1% (      0.0%     +       0.6%  )
