==58525== Cachegrind, a cache and branch-prediction profiler
==58525== Copyright (C) 2002-2017, and GNU GPL'd, by Nicholas Nethercote et al.
==58525== Using Valgrind-3.16.1 and LibVEX; rerun with -h for copyright info
==58525== Command: ./srr-large
==58525== 
--58525-- warning: L3 cache found, using its data for the LL simulation.
--58525-- warning: specified LL cache: line_size 64  assoc 11  total_size 25,952,256
--58525-- warning: simulated LL cache: line_size 64  assoc 12  total_size 25,165,824
FIFO cache replacement will be used
==58525== brk segment overflow in thread #1: can't grow to 0x4a4b000
==58525== (see section Limitations in user manual)
==58525== NOTE: further instances of this message will not be shown
==58525== 
==58525== I   refs:      919,217,731,553
==58525== I1  misses:              1,570
==58525== LLi misses:              1,559
==58525== I1  miss rate:            0.00%
==58525== LLi miss rate:            0.00%
==58525== 
==58525== D   refs:      356,699,040,284  (240,279,389,404 rd   + 116,419,650,880 wr)
==58525== D1  misses:        828,649,859  (    750,070,989 rd   +      78,578,870 wr)
==58525== LLd misses:            402,488  (          2,554 rd   +         399,934 wr)
==58525== D1  miss rate:             0.2% (            0.3%     +             0.1%  )
==58525== LLd miss rate:             0.0% (            0.0%     +             0.0%  )
==58525== 
==58525== LL refs:           828,651,429  (    750,072,559 rd   +      78,578,870 wr)
==58525== LL misses:             404,047  (          4,113 rd   +         399,934 wr)
==58525== LL miss rate:              0.0% (            0.0%     +             0.0%  )
