==22427== Cachegrind, a cache and branch-prediction profiler
==22427== Copyright (C) 2002-2017, and GNU GPL'd, by Nicholas Nethercote et al.
==22427== Using Valgrind-3.16.1 and LibVEX; rerun with -h for copyright info
==22427== Command: ./disparity .
==22427== 
--22427-- warning: L3 cache found, using its data for the LL simulation.
--22427-- warning: specified LL cache: line_size 64  assoc 11  total_size 25,952,256
--22427-- warning: simulated LL cache: line_size 64  assoc 12  total_size 25,165,824
FIFO cache replacement will be used
==22427== 
==22427== I   refs:      1,281,749,648
==22427== I1  misses:            1,493
==22427== LLi misses:            1,489
==22427== I1  miss rate:          0.00%
==22427== LLi miss rate:          0.00%
==22427== 
==22427== D   refs:        519,594,083  (348,916,529 rd   + 170,677,554 wr)
==22427== D1  misses:       15,381,005  (  9,279,214 rd   +   6,101,791 wr)
==22427== LLd misses:          199,323  (      2,313 rd   +     197,010 wr)
==22427== D1  miss rate:           3.0% (        2.7%     +         3.6%  )
==22427== LLd miss rate:           0.0% (        0.0%     +         0.1%  )
==22427== 
==22427== LL refs:          15,382,498  (  9,280,707 rd   +   6,101,791 wr)
==22427== LL misses:           200,812  (      3,802 rd   +     197,010 wr)
==22427== LL miss rate:            0.0% (        0.0%     +         0.1%  )
