==38878== Cachegrind, a cache and branch-prediction profiler
==38878== Copyright (C) 2002-2017, and GNU GPL'd, by Nicholas Nethercote et al.
==38878== Using Valgrind-3.16.1 and LibVEX; rerun with -h for copyright info
==38878== Command: ./sift .
==38878== 
--38878-- warning: L3 cache found, using its data for the LL simulation.
--38878-- warning: specified LL cache: line_size 64  assoc 11  total_size 25,952,256
--38878-- warning: simulated LL cache: line_size 64  assoc 12  total_size 25,165,824
Random cache replacement will be used
==38878== brk segment overflow in thread #1: can't grow to 0x4cd9000
==38878== (see section Limitations in user manual)
==38878== NOTE: further instances of this message will not be shown
==38878== 
==38878== I   refs:      3,167,698,646
==38878== I1  misses:            1,823
==38878== LLi misses:            1,819
==38878== I1  miss rate:          0.00%
==38878== LLi miss rate:          0.00%
==38878== 
==38878== D   refs:        974,218,286  (676,537,037 rd   + 297,681,249 wr)
==38878== D1  misses:        5,369,327  (  3,206,636 rd   +   2,162,691 wr)
==38878== LLd misses:        2,880,667  (  1,205,066 rd   +   1,675,601 wr)
==38878== D1  miss rate:           0.6% (        0.5%     +         0.7%  )
==38878== LLd miss rate:           0.3% (        0.2%     +         0.6%  )
==38878== 
==38878== LL refs:           5,371,150  (  3,208,459 rd   +   2,162,691 wr)
==38878== LL misses:         2,882,486  (  1,206,885 rd   +   1,675,601 wr)
==38878== LL miss rate:            0.1% (        0.0%     +         0.6%  )
