==27205== Cachegrind, a cache and branch-prediction profiler
==27205== Copyright (C) 2002-2017, and GNU GPL'd, by Nicholas Nethercote et al.
==27205== Using Valgrind-3.16.1 and LibVEX; rerun with -h for copyright info
==27205== Command: ./tracking .
==27205== 
--27205-- warning: L3 cache found, using its data for the LL simulation.
--27205-- warning: specified LL cache: line_size 64  assoc 11  total_size 25,952,256
--27205-- warning: simulated LL cache: line_size 64  assoc 12  total_size 25,165,824
BIP cache replacement will be used
BIP Throttle parameter is set to 0.031250
==27205== 
==27205== I   refs:      426,561,167
==27205== I1  misses:          7,114
==27205== LLi misses:          1,920
==27205== I1  miss rate:        0.00%
==27205== LLi miss rate:        0.00%
==27205== 
==27205== D   refs:      140,543,717  (98,243,011 rd   + 42,300,706 wr)
==27205== D1  misses:      2,868,052  ( 1,790,959 rd   +  1,077,093 wr)
==27205== LLd misses:         96,677  (     2,526 rd   +     94,151 wr)
==27205== D1  miss rate:         2.0% (       1.8%     +        2.5%  )
==27205== LLd miss rate:         0.1% (       0.0%     +        0.2%  )
==27205== 
==27205== LL refs:         2,875,166  ( 1,798,073 rd   +  1,077,093 wr)
==27205== LL misses:          98,597  (     4,446 rd   +     94,151 wr)
==27205== LL miss rate:          0.0% (       0.0%     +        0.2%  )
