==49348== Cachegrind, a cache and branch-prediction profiler
==49348== Copyright (C) 2002-2017, and GNU GPL'd, by Nicholas Nethercote et al.
==49348== Using Valgrind-3.16.1 and LibVEX; rerun with -h for copyright info
==49348== Command: ./stitch .
==49348== 
--49348-- warning: L3 cache found, using its data for the LL simulation.
--49348-- warning: specified LL cache: line_size 64  assoc 11  total_size 25,952,256
--49348-- warning: simulated LL cache: line_size 64  assoc 12  total_size 25,165,824
BIP cache replacement will be used
BIP Throttle parameter is set to 0.062500
==49348== brk segment overflow in thread #1: can't grow to 0x4a37000
==49348== (see section Limitations in user manual)
==49348== NOTE: further instances of this message will not be shown
==49348== 
==49348== I   refs:      253,517,705,710
==49348== I1  misses:              1,704
==49348== LLi misses:              1,695
==49348== I1  miss rate:            0.00%
==49348== LLi miss rate:            0.00%
==49348== 
==49348== D   refs:       68,980,624,510  (45,322,620,961 rd   + 23,658,003,549 wr)
==49348== D1  misses:      4,610,254,541  ( 2,584,073,665 rd   +  2,026,180,876 wr)
==49348== LLd misses:          6,696,699  (     3,940,044 rd   +      2,756,655 wr)
==49348== D1  miss rate:             6.7% (           5.7%     +            8.6%  )
==49348== LLd miss rate:             0.0% (           0.0%     +            0.0%  )
==49348== 
==49348== LL refs:         4,610,256,245  ( 2,584,075,369 rd   +  2,026,180,876 wr)
==49348== LL misses:           6,698,394  (     3,941,739 rd   +      2,756,655 wr)
==49348== LL miss rate:              0.0% (           0.0%     +            0.0%  )
