==11487== Cachegrind, a cache and branch-prediction profiler
==11487== Copyright (C) 2002-2017, and GNU GPL'd, by Nicholas Nethercote et al.
==11487== Using Valgrind-3.16.1 and LibVEX; rerun with -h for copyright info
==11487== Command: ./pca-large large.data 5000 1059 R
==11487== 
--11487-- warning: L3 cache found, using its data for the LL simulation.
--11487-- warning: specified LL cache: line_size 64  assoc 11  total_size 25,952,256
--11487-- warning: simulated LL cache: line_size 64  assoc 12  total_size 25,165,824
FIFO cache replacement will be used
==11487== brk segment overflow in thread #1: can't grow to 0x4a35000
==11487== (see section Limitations in user manual)
==11487== NOTE: further instances of this message will not be shown
==11487== 
==11487== I   refs:      71,275,145,778
==11487== I1  misses:             1,643
==11487== LLi misses:             1,639
==11487== I1  miss rate:           0.00%
==11487== LLi miss rate:           0.00%
==11487== 
==11487== D   refs:      28,625,035,456  (20,878,881,309 rd   + 7,746,154,147 wr)
==11487== D1  misses:       161,900,911  (   160,931,293 rd   +       969,618 wr)
==11487== LLd misses:           921,992  (       434,425 rd   +       487,567 wr)
==11487== D1  miss rate:            0.6% (           0.8%     +           0.0%  )
==11487== LLd miss rate:            0.0% (           0.0%     +           0.0%  )
==11487== 
==11487== LL refs:          161,902,554  (   160,932,936 rd   +       969,618 wr)
==11487== LL misses:            923,631  (       436,064 rd   +       487,567 wr)
==11487== LL miss rate:             0.0% (           0.0%     +           0.0%  )
