==23139== Cachegrind, a cache and branch-prediction profiler
==23139== Copyright (C) 2002-2017, and GNU GPL'd, by Nicholas Nethercote et al.
==23139== Using Valgrind-3.16.1 and LibVEX; rerun with -h for copyright info
==23139== Command: ./pca-large large.data 5000 1059 R
==23139== 
--23139-- warning: L3 cache found, using its data for the LL simulation.
--23139-- warning: specified LL cache: line_size 64  assoc 11  total_size 25,952,256
--23139-- warning: simulated LL cache: line_size 64  assoc 12  total_size 25,165,824
LIP cache replacement will be used
==23139== brk segment overflow in thread #1: can't grow to 0x4a35000
==23139== (see section Limitations in user manual)
==23139== NOTE: further instances of this message will not be shown
==23139== 
==23139== I   refs:      71,275,146,040
==23139== I1  misses:       530,409,799
==23139== LLi misses:             1,854
==23139== I1  miss rate:           0.74%
==23139== LLi miss rate:           0.00%
==23139== 
==23139== D   refs:      28,625,035,497  (20,878,881,346 rd   + 7,746,154,151 wr)
==23139== D1  misses:    11,900,145,727  (11,643,403,308 rd   +   256,742,419 wr)
==23139== LLd misses:        25,234,554  (    24,455,625 rd   +       778,929 wr)
==23139== D1  miss rate:           41.6% (          55.8%     +           3.3%  )
==23139== LLd miss rate:            0.1% (           0.1%     +           0.0%  )
==23139== 
==23139== LL refs:       12,430,555,526  (12,173,813,107 rd   +   256,742,419 wr)
==23139== LL misses:         25,236,408  (    24,457,479 rd   +       778,929 wr)
==23139== LL miss rate:             0.0% (           0.0%     +           0.0%  )
