==24701== Cachegrind, a cache and branch-prediction profiler
==24701== Copyright (C) 2002-2017, and GNU GPL'd, by Nicholas Nethercote et al.
==24701== Using Valgrind-3.16.1 and LibVEX; rerun with -h for copyright info
==24701== Command: ./a.out med.txt
==24701== 
--24701-- warning: L3 cache found, using its data for the LL simulation.
--24701-- warning: specified LL cache: line_size 64  assoc 11  total_size 25,952,256
--24701-- warning: simulated LL cache: line_size 64  assoc 12  total_size 25,165,824
LIP cache replacement will be used
==24701== 
==24701== I   refs:      21,540,689,427
==24701== I1  misses:             4,195
==24701== LLi misses:             1,810
==24701== I1  miss rate:           0.00%
==24701== LLi miss rate:           0.00%
==24701== 
==24701== D   refs:      13,370,670,449  (12,167,996,488 rd   + 1,202,673,961 wr)
==24701== D1  misses:        48,150,799  (    47,121,354 rd   +     1,029,445 wr)
==24701== LLd misses:            65,624  (         2,382 rd   +        63,242 wr)
==24701== D1  miss rate:            0.4% (           0.4%     +           0.1%  )
==24701== LLd miss rate:            0.0% (           0.0%     +           0.0%  )
==24701== 
==24701== LL refs:           48,154,994  (    47,125,549 rd   +     1,029,445 wr)
==24701== LL misses:             67,434  (         4,192 rd   +        63,242 wr)
==24701== LL miss rate:             0.0% (           0.0%     +           0.0%  )
