==5496== Cachegrind, a cache and branch-prediction profiler
==5496== Copyright (C) 2002-2017, and GNU GPL'd, by Nicholas Nethercote et al.
==5496== Using Valgrind-3.16.1 and LibVEX; rerun with -h for copyright info
==5496== Command: ./texture_synthesis .
==5496== 
--5496-- warning: L3 cache found, using its data for the LL simulation.
--5496-- warning: specified LL cache: line_size 64  assoc 11  total_size 25,952,256
--5496-- warning: simulated LL cache: line_size 64  assoc 12  total_size 25,165,824
Random cache replacement will be used
==5496== 
==5496== I   refs:      108,075,087,226
==5496== I1  misses:              2,045
==5496== LLi misses:              1,705
==5496== I1  miss rate:            0.00%
==5496== LLi miss rate:            0.00%
==5496== 
==5496== D   refs:       28,920,419,318  (26,973,975,322 rd   + 1,946,443,996 wr)
==5496== D1  misses:          3,619,468  (     3,016,172 rd   +       603,296 wr)
==5496== LLd misses:            387,728  (        47,421 rd   +       340,307 wr)
==5496== D1  miss rate:             0.0% (           0.0%     +           0.0%  )
==5496== LLd miss rate:             0.0% (           0.0%     +           0.0%  )
==5496== 
==5496== LL refs:             3,621,513  (     3,018,217 rd   +       603,296 wr)
==5496== LL misses:             389,433  (        49,126 rd   +       340,307 wr)
==5496== LL miss rate:              0.0% (           0.0%     +           0.0%  )
