==56423== Cachegrind, a cache and branch-prediction profiler
==56423== Copyright (C) 2002-2017, and GNU GPL'd, by Nicholas Nethercote et al.
==56423== Using Valgrind-3.16.1 and LibVEX; rerun with -h for copyright info
==56423== Command: ./sift .
==56423== 
--56423-- warning: L3 cache found, using its data for the LL simulation.
--56423-- warning: specified LL cache: line_size 64  assoc 11  total_size 25,952,256
--56423-- warning: simulated LL cache: line_size 64  assoc 12  total_size 25,165,824
BIP cache replacement will be used
BIP Throttle parameter is set to 0.015625
==56423== brk segment overflow in thread #1: can't grow to 0x4cd9000
==56423== (see section Limitations in user manual)
==56423== NOTE: further instances of this message will not be shown
==56423== 
==56423== I   refs:      3,167,698,833
==56423== I1  misses:        3,910,159
==56423== LLi misses:            2,516
==56423== I1  miss rate:          0.12%
==56423== LLi miss rate:          0.00%
==56423== 
==56423== D   refs:        974,218,439  (676,537,120 rd   + 297,681,319 wr)
==56423== D1  misses:      160,780,128  (137,015,093 rd   +  23,765,035 wr)
==56423== LLd misses:        3,523,812  (  1,755,956 rd   +   1,767,856 wr)
==56423== D1  miss rate:          16.5% (       20.3%     +         8.0%  )
==56423== LLd miss rate:           0.4% (        0.3%     +         0.6%  )
==56423== 
==56423== LL refs:         164,690,287  (140,925,252 rd   +  23,765,035 wr)
==56423== LL misses:         3,526,328  (  1,758,472 rd   +   1,767,856 wr)
==56423== LL miss rate:            0.1% (        0.0%     +         0.6%  )
