==53498== Cachegrind, a cache and branch-prediction profiler
==53498== Copyright (C) 2002-2017, and GNU GPL'd, by Nicholas Nethercote et al.
==53498== Using Valgrind-3.16.1 and LibVEX; rerun with -h for copyright info
==53498== Command: ./rbm-small
==53498== 
--53498-- warning: L3 cache found, using its data for the LL simulation.
--53498-- warning: specified LL cache: line_size 64  assoc 11  total_size 25,952,256
--53498-- warning: simulated LL cache: line_size 64  assoc 12  total_size 25,165,824
Random cache replacement will be used
==53498== 
==53498== I   refs:      21,565,340
==53498== I1  misses:         8,142
==53498== LLi misses:         1,467
==53498== I1  miss rate:       0.04%
==53498== LLi miss rate:       0.01%
==53498== 
==53498== D   refs:       6,380,275  (4,924,851 rd   + 1,455,424 wr)
==53498== D1  misses:       268,547  (  218,496 rd   +    50,051 wr)
==53498== LLd misses:         3,558  (    2,612 rd   +       946 wr)
==53498== D1  miss rate:        4.2% (      4.4%     +       3.4%  )
==53498== LLd miss rate:        0.1% (      0.1%     +       0.1%  )
==53498== 
==53498== LL refs:          276,689  (  226,638 rd   +    50,051 wr)
==53498== LL misses:          5,025  (    4,079 rd   +       946 wr)
==53498== LL miss rate:         0.0% (      0.0%     +       0.1%  )
