==23723== Cachegrind, a cache and branch-prediction profiler
==23723== Copyright (C) 2002-2017, and GNU GPL'd, by Nicholas Nethercote et al.
==23723== Using Valgrind-3.16.1 and LibVEX; rerun with -h for copyright info
==23723== Command: ./sift .
==23723== 
--23723-- warning: L3 cache found, using its data for the LL simulation.
--23723-- warning: specified LL cache: line_size 64  assoc 11  total_size 25,952,256
--23723-- warning: simulated LL cache: line_size 64  assoc 12  total_size 25,165,824
BIP cache replacement will be used
BIP Throttle parameter is set to 0.031250
==23723== brk segment overflow in thread #1: can't grow to 0x4a36000
==23723== (see section Limitations in user manual)
==23723== NOTE: further instances of this message will not be shown
==23723== 
==23723== I   refs:      1,142,732,433
==23723== I1  misses:            1,801
==23723== LLi misses:            1,796
==23723== I1  miss rate:          0.00%
==23723== LLi miss rate:          0.00%
==23723== 
==23723== D   refs:        350,629,225  (243,842,189 rd   + 106,787,036 wr)
==23723== D1  misses:        1,041,283  (    427,629 rd   +     613,654 wr)
==23723== LLd misses:        1,025,290  (    414,626 rd   +     610,664 wr)
==23723== D1  miss rate:           0.3% (        0.2%     +         0.6%  )
==23723== LLd miss rate:           0.3% (        0.2%     +         0.6%  )
==23723== 
==23723== LL refs:           1,043,084  (    429,430 rd   +     613,654 wr)
==23723== LL misses:         1,027,086  (    416,422 rd   +     610,664 wr)
==23723== LL miss rate:            0.1% (        0.0%     +         0.6%  )
