==49714== Cachegrind, a cache and branch-prediction profiler
==49714== Copyright (C) 2002-2017, and GNU GPL'd, by Nicholas Nethercote et al.
==49714== Using Valgrind-3.16.1 and LibVEX; rerun with -h for copyright info
==49714== Command: ./pca-medium medium.data 722 800 R
==49714== 
--49714-- warning: L3 cache found, using its data for the LL simulation.
--49714-- warning: specified LL cache: line_size 64  assoc 11  total_size 25,952,256
--49714-- warning: simulated LL cache: line_size 64  assoc 12  total_size 25,165,824
LIP cache replacement will be used
==49714== 
==49714== I   refs:      14,218,322,245
==49714== I1  misses:        31,309,547
==49714== LLi misses:             1,678
==49714== I1  miss rate:           0.22%
==49714== LLi miss rate:           0.00%
==49714== 
==49714== D   refs:       5,351,602,516  (4,031,779,776 rd   + 1,319,822,740 wr)
==49714== D1  misses:     1,640,715,767  (1,632,142,682 rd   +     8,573,085 wr)
==49714== LLd misses:           140,452  (       21,912 rd   +       118,540 wr)
==49714== D1  miss rate:           30.7% (         40.5%     +           0.6%  )
==49714== LLd miss rate:            0.0% (          0.0%     +           0.0%  )
==49714== 
==49714== LL refs:        1,672,025,314  (1,663,452,229 rd   +     8,573,085 wr)
==49714== LL misses:            142,130  (       23,590 rd   +       118,540 wr)
==49714== LL miss rate:             0.0% (          0.0%     +           0.0%  )
