==52326== Cachegrind, a cache and branch-prediction profiler
==52326== Copyright (C) 2002-2017, and GNU GPL'd, by Nicholas Nethercote et al.
==52326== Using Valgrind-3.16.1 and LibVEX; rerun with -h for copyright info
==52326== Command: ./tracking .
==52326== 
--52326-- warning: L3 cache found, using its data for the LL simulation.
--52326-- warning: specified LL cache: line_size 64  assoc 11  total_size 25,952,256
--52326-- warning: simulated LL cache: line_size 64  assoc 12  total_size 25,165,824
LIP cache replacement will be used
==52326== brk segment overflow in thread #1: can't grow to 0x4a37000
==52326== (see section Limitations in user manual)
==52326== NOTE: further instances of this message will not be shown
==52326== 
==52326== I   refs:      1,258,660,392
==52326== I1  misses:           39,381
==52326== LLi misses:            2,035
==52326== I1  miss rate:          0.00%
==52326== LLi miss rate:          0.00%
==52326== 
==52326== D   refs:        408,310,879  (288,791,462 rd   + 119,519,417 wr)
==52326== D1  misses:       32,113,532  ( 25,184,594 rd   +   6,928,938 wr)
==52326== LLd misses:          323,958  (     38,544 rd   +     285,414 wr)
==52326== D1  miss rate:           7.9% (        8.7%     +         5.8%  )
==52326== LLd miss rate:           0.1% (        0.0%     +         0.2%  )
==52326== 
==52326== LL refs:          32,152,913  ( 25,223,975 rd   +   6,928,938 wr)
==52326== LL misses:           325,993  (     40,579 rd   +     285,414 wr)
==52326== LL miss rate:            0.0% (        0.0%     +         0.2%  )
