==29711== Cachegrind, a cache and branch-prediction profiler
==29711== Copyright (C) 2002-2017, and GNU GPL'd, by Nicholas Nethercote et al.
==29711== Using Valgrind-3.16.1 and LibVEX; rerun with -h for copyright info
==29711== Command: ./kmeans-small ../datasets/yeast 1484 8 10
==29711== 
--29711-- warning: L3 cache found, using its data for the LL simulation.
--29711-- warning: specified LL cache: line_size 64  assoc 11  total_size 25,952,256
--29711-- warning: simulated LL cache: line_size 64  assoc 12  total_size 25,165,824
FIFO cache replacement will be used
==29711== 
==29711== I   refs:      56,157,743
==29711== I1  misses:         1,503
==29711== LLi misses:         1,468
==29711== I1  miss rate:       0.00%
==29711== LLi miss rate:       0.00%
==29711== 
==29711== D   refs:      15,831,282  (13,089,293 rd   + 2,741,989 wr)
==29711== D1  misses:         4,981  (     2,164 rd   +     2,817 wr)
==29711== LLd misses:         4,964  (     2,147 rd   +     2,817 wr)
==29711== D1  miss rate:        0.0% (       0.0%     +       0.1%  )
==29711== LLd miss rate:        0.0% (       0.0%     +       0.1%  )
==29711== 
==29711== LL refs:            6,484  (     3,667 rd   +     2,817 wr)
==29711== LL misses:          6,432  (     3,615 rd   +     2,817 wr)
==29711== LL miss rate:         0.0% (       0.0%     +       0.1%  )
