==47137== Cachegrind, a cache and branch-prediction profiler
==47137== Copyright (C) 2002-2017, and GNU GPL'd, by Nicholas Nethercote et al.
==47137== Using Valgrind-3.16.1 and LibVEX; rerun with -h for copyright info
==47137== Command: ./me-small
==47137== 
--47137-- warning: L3 cache found, using its data for the LL simulation.
--47137-- warning: specified LL cache: line_size 64  assoc 11  total_size 25,952,256
--47137-- warning: simulated LL cache: line_size 64  assoc 12  total_size 25,165,824
BIP cache replacement will be used
BIP Throttle parameter is set to 0.015625
==47137== 
==47137== I   refs:      47,322,214
==47137== I1  misses:         2,219
==47137== LLi misses:         1,437
==47137== I1  miss rate:       0.00%
==47137== LLi miss rate:       0.00%
==47137== 
==47137== D   refs:       7,814,012  (7,203,498 rd   + 610,514 wr)
==47137== D1  misses:        32,059  (   11,660 rd   +  20,399 wr)
==47137== LLd misses:        17,896  (    2,167 rd   +  15,729 wr)
==47137== D1  miss rate:        0.4% (      0.2%     +     3.3%  )
==47137== LLd miss rate:        0.2% (      0.0%     +     2.6%  )
==47137== 
==47137== LL refs:           34,278  (   13,879 rd   +  20,399 wr)
==47137== LL misses:         19,333  (    3,604 rd   +  15,729 wr)
==47137== LL miss rate:         0.0% (      0.0%     +     2.6%  )
