==44643== Cachegrind, a cache and branch-prediction profiler
==44643== Copyright (C) 2002-2017, and GNU GPL'd, by Nicholas Nethercote et al.
==44643== Using Valgrind-3.16.1 and LibVEX; rerun with -h for copyright info
==44643== Command: ./disparity .
==44643== 
--44643-- warning: L3 cache found, using its data for the LL simulation.
--44643-- warning: specified LL cache: line_size 64  assoc 11  total_size 25,952,256
--44643-- warning: simulated LL cache: line_size 64  assoc 12  total_size 25,165,824
BIP cache replacement will be used
BIP Throttle parameter is set to 0.015625
==44643== 
==44643== I   refs:      1,281,749,480
==44643== I1  misses:        1,643,864
==44643== LLi misses:            1,650
==44643== I1  miss rate:          0.13%
==44643== LLi miss rate:          0.00%
==44643== 
==44643== D   refs:        519,594,058  (348,916,506 rd   + 170,677,552 wr)
==44643== D1  misses:      166,762,710  (111,098,218 rd   +  55,664,492 wr)
==44643== LLd misses:          293,289  (     56,869 rd   +     236,420 wr)
==44643== D1  miss rate:          32.1% (       31.8%     +        32.6%  )
==44643== LLd miss rate:           0.1% (        0.0%     +         0.1%  )
==44643== 
==44643== LL refs:         168,406,574  (112,742,082 rd   +  55,664,492 wr)
==44643== LL misses:           294,939  (     58,519 rd   +     236,420 wr)
==44643== LL miss rate:            0.0% (        0.0%     +         0.1%  )
