==37741== Cachegrind, a cache and branch-prediction profiler
==37741== Copyright (C) 2002-2017, and GNU GPL'd, by Nicholas Nethercote et al.
==37741== Using Valgrind-3.16.1 and LibVEX; rerun with -h for copyright info
==37741== Command: ./disparity .
==37741== 
--37741-- warning: L3 cache found, using its data for the LL simulation.
--37741-- warning: specified LL cache: line_size 64  assoc 11  total_size 25,952,256
--37741-- warning: simulated LL cache: line_size 64  assoc 12  total_size 25,165,824
BIP cache replacement will be used
BIP Throttle parameter is set to 0.062500
==37741== 
==37741== I   refs:      126,238,856
==37741== I1  misses:          1,506
==37741== LLi misses:          1,502
==37741== I1  miss rate:        0.00%
==37741== LLi miss rate:        0.00%
==37741== 
==37741== D   refs:       50,959,901  (34,248,434 rd   + 16,711,467 wr)
==37741== D1  misses:         20,974  (     2,503 rd   +     18,471 wr)
==37741== LLd misses:         20,718  (     2,324 rd   +     18,394 wr)
==37741== D1  miss rate:         0.0% (       0.0%     +        0.1%  )
==37741== LLd miss rate:         0.0% (       0.0%     +        0.1%  )
==37741== 
==37741== LL refs:            22,480  (     4,009 rd   +     18,471 wr)
==37741== LL misses:          22,220  (     3,826 rd   +     18,394 wr)
==37741== LL miss rate:          0.0% (       0.0%     +        0.1%  )
