==35203== Cachegrind, a cache and branch-prediction profiler
==35203== Copyright (C) 2002-2017, and GNU GPL'd, by Nicholas Nethercote et al.
==35203== Using Valgrind-3.16.1 and LibVEX; rerun with -h for copyright info
==35203== Command: ./tracking .
==35203== 
--35203-- warning: L3 cache found, using its data for the LL simulation.
--35203-- warning: specified LL cache: line_size 64  assoc 11  total_size 25,952,256
--35203-- warning: simulated LL cache: line_size 64  assoc 12  total_size 25,165,824
FIFO cache replacement will be used
==35203== 
==35203== Process terminating with default action of signal 15 (SIGTERM)
==35203==    at 0x10C460: fSetArray (in /home/tkloda/cortexsuite/vision/benchmarks/tracking/data/fullhd/tracking)
==35203==    by 0x10984A: imageBlur (in /home/tkloda/cortexsuite/vision/benchmarks/tracking/data/fullhd/tracking)
==35203==    by 0x108AA6: main (in /home/tkloda/cortexsuite/vision/benchmarks/tracking/data/fullhd/tracking)
==35203== 
==35203== I   refs:      793,263,264
==35203== I1  misses:          1,246
==35203== LLi misses:          1,242
==35203== I1  miss rate:        0.00%
==35203== LLi miss rate:        0.00%
==35203== 
==35203== D   refs:      340,935,885  (232,368,634 rd   + 108,567,251 wr)
==35203== D1  misses:        176,794  (      3,449 rd   +     173,345 wr)
==35203== LLd misses:        175,482  (      2,235 rd   +     173,247 wr)
==35203== D1  miss rate:         0.1% (        0.0%     +         0.2%  )
==35203== LLd miss rate:         0.1% (        0.0%     +         0.2%  )
==35203== 
==35203== LL refs:           178,040  (      4,695 rd   +     173,345 wr)
==35203== LL misses:         176,724  (      3,477 rd   +     173,247 wr)
==35203== LL miss rate:          0.0% (        0.0%     +         0.2%  )
