==52579== Cachegrind, a cache and branch-prediction profiler
==52579== Copyright (C) 2002-2017, and GNU GPL'd, by Nicholas Nethercote et al.
==52579== Using Valgrind-3.16.1 and LibVEX; rerun with -h for copyright info
==52579== Command: ./tracking .
==52579== 
--52579-- warning: L3 cache found, using its data for the LL simulation.
--52579-- warning: specified LL cache: line_size 64  assoc 11  total_size 25,952,256
--52579-- warning: simulated LL cache: line_size 64  assoc 12  total_size 25,165,824
Random cache replacement will be used
==52579== brk segment overflow in thread #1: can't grow to 0x4a37000
==52579== (see section Limitations in user manual)
==52579== NOTE: further instances of this message will not be shown
==52579== 
==52579== I   refs:      1,258,660,392
==52579== I1  misses:            1,761
==52579== LLi misses:            1,741
==52579== I1  miss rate:          0.00%
==52579== LLi miss rate:          0.00%
==52579== 
==52579== D   refs:        408,310,879  (288,791,462 rd   + 119,519,417 wr)
==52579== D1  misses:        3,007,977  (  1,199,926 rd   +   1,808,051 wr)
==52579== LLd misses:          334,716  (     25,398 rd   +     309,318 wr)
==52579== D1  miss rate:           0.7% (        0.4%     +         1.5%  )
==52579== LLd miss rate:           0.1% (        0.0%     +         0.3%  )
==52579== 
==52579== LL refs:           3,009,738  (  1,201,687 rd   +   1,808,051 wr)
==52579== LL misses:           336,457  (     27,139 rd   +     309,318 wr)
==52579== LL miss rate:            0.0% (        0.0%     +         0.3%  )
