==39448== Cachegrind, a cache and branch-prediction profiler
==39448== Copyright (C) 2002-2017, and GNU GPL'd, by Nicholas Nethercote et al.
==39448== Using Valgrind-3.16.1 and LibVEX; rerun with -h for copyright info
==39448== Command: ./sift .
==39448== 
--39448-- warning: L3 cache found, using its data for the LL simulation.
--39448-- warning: specified LL cache: line_size 64  assoc 11  total_size 25,952,256
--39448-- warning: simulated LL cache: line_size 64  assoc 12  total_size 25,165,824
BIP cache replacement will be used
BIP Throttle parameter is set to 0.015625
==39448== brk segment overflow in thread #1: can't grow to 0x4cd9000
==39448== (see section Limitations in user manual)
==39448== NOTE: further instances of this message will not be shown
==39448== 
==39448== I   refs:      3,167,698,658
==39448== I1  misses:        1,858,350
==39448== LLi misses:            2,483
==39448== I1  miss rate:          0.06%
==39448== LLi miss rate:          0.00%
==39448== 
==39448== D   refs:        974,218,288  (676,537,038 rd   + 297,681,250 wr)
==39448== D1  misses:      132,053,956  ( 80,329,047 rd   +  51,724,909 wr)
==39448== LLd misses:        3,450,536  (  1,678,261 rd   +   1,772,275 wr)
==39448== D1  miss rate:          13.6% (       11.9%     +        17.4%  )
==39448== LLd miss rate:           0.4% (        0.2%     +         0.6%  )
==39448== 
==39448== LL refs:         133,912,306  ( 82,187,397 rd   +  51,724,909 wr)
==39448== LL misses:         3,453,019  (  1,680,744 rd   +   1,772,275 wr)
==39448== LL miss rate:            0.1% (        0.0%     +         0.6%  )
