==30045== Cachegrind, a cache and branch-prediction profiler
==30045== Copyright (C) 2002-2017, and GNU GPL'd, by Nicholas Nethercote et al.
==30045== Using Valgrind-3.16.1 and LibVEX; rerun with -h for copyright info
==30045== Command: ./kmeans-small ../datasets/yeast 1484 8 10
==30045== 
--30045-- warning: L3 cache found, using its data for the LL simulation.
--30045-- warning: specified LL cache: line_size 64  assoc 11  total_size 25,952,256
--30045-- warning: simulated LL cache: line_size 64  assoc 12  total_size 25,165,824
BIP cache replacement will be used
BIP Throttle parameter is set to 0.031250
==30045== 
==30045== I   refs:      56,158,059
==30045== I1  misses:         1,481
==30045== LLi misses:         1,468
==30045== I1  miss rate:       0.00%
==30045== LLi miss rate:       0.00%
==30045== 
==30045== D   refs:      15,831,403  (13,089,369 rd   + 2,742,034 wr)
==30045== D1  misses:         5,053  (     2,231 rd   +     2,822 wr)
==30045== LLd misses:         4,966  (     2,149 rd   +     2,817 wr)
==30045== D1  miss rate:        0.0% (       0.0%     +       0.1%  )
==30045== LLd miss rate:        0.0% (       0.0%     +       0.1%  )
==30045== 
==30045== LL refs:            6,534  (     3,712 rd   +     2,822 wr)
==30045== LL misses:          6,434  (     3,617 rd   +     2,817 wr)
==30045== LL miss rate:         0.0% (       0.0%     +       0.1%  )
