==48914== Cachegrind, a cache and branch-prediction profiler
==48914== Copyright (C) 2002-2017, and GNU GPL'd, by Nicholas Nethercote et al.
==48914== Using Valgrind-3.16.1 and LibVEX; rerun with -h for copyright info
==48914== Command: ./stitch .
==48914== 
--48914-- warning: L3 cache found, using its data for the LL simulation.
--48914-- warning: specified LL cache: line_size 64  assoc 11  total_size 25,952,256
--48914-- warning: simulated LL cache: line_size 64  assoc 12  total_size 25,165,824
LIP cache replacement will be used
==48914== brk segment overflow in thread #1: can't grow to 0x4a37000
==48914== (see section Limitations in user manual)
==48914== NOTE: further instances of this message will not be shown
==48914== 
==48914== I   refs:      253,517,705,710
==48914== I1  misses:              1,697
==48914== LLi misses:              1,693
==48914== I1  miss rate:            0.00%
==48914== LLi miss rate:            0.00%
==48914== 
==48914== D   refs:       68,980,624,510  (45,322,620,961 rd   + 23,658,003,549 wr)
==48914== D1  misses:          7,783,383  (     4,561,724 rd   +      3,221,659 wr)
==48914== LLd misses:          7,783,381  (     4,561,724 rd   +      3,221,657 wr)
==48914== D1  miss rate:             0.0% (           0.0%     +            0.0%  )
==48914== LLd miss rate:             0.0% (           0.0%     +            0.0%  )
==48914== 
==48914== LL refs:             7,785,080  (     4,563,421 rd   +      3,221,659 wr)
==48914== LL misses:           7,785,074  (     4,563,417 rd   +      3,221,657 wr)
==48914== LL miss rate:              0.0% (           0.0%     +            0.0%  )
