==60293== Cachegrind, a cache and branch-prediction profiler
==60293== Copyright (C) 2002-2017, and GNU GPL'd, by Nicholas Nethercote et al.
==60293== Using Valgrind-3.16.1 and LibVEX; rerun with -h for copyright info
==60293== Command: ./multi_ncut .
==60293== 
--60293-- warning: L3 cache found, using its data for the LL simulation.
--60293-- warning: specified LL cache: line_size 64  assoc 11  total_size 25,952,256
--60293-- warning: simulated LL cache: line_size 64  assoc 12  total_size 25,165,824
LIP cache replacement will be used
==60293== 
==60293== I   refs:      50,837,880,281
==60293== I1  misses:             1,575
==60293== LLi misses:             1,561
==60293== I1  miss rate:           0.00%
==60293== LLi miss rate:           0.00%
==60293== 
==60293== D   refs:       8,481,933,971  (8,475,496,697 rd   + 6,437,274 wr)
==60293== D1  misses:       529,428,194  (  529,266,857 rd   +   161,337 wr)
==60293== LLd misses:            59,889  (        8,126 rd   +    51,763 wr)
==60293== D1  miss rate:            6.2% (          6.2%     +       2.5%  )
==60293== LLd miss rate:            0.0% (          0.0%     +       0.8%  )
==60293== 
==60293== LL refs:          529,429,769  (  529,268,432 rd   +   161,337 wr)
==60293== LL misses:             61,450  (        9,687 rd   +    51,763 wr)
==60293== LL miss rate:             0.0% (          0.0%     +       0.8%  )
