==43011== Cachegrind, a cache and branch-prediction profiler
==43011== Copyright (C) 2002-2017, and GNU GPL'd, by Nicholas Nethercote et al.
==43011== Using Valgrind-3.16.1 and LibVEX; rerun with -h for copyright info
==43011== Command: ./liblinear-tsmall data/100M/crime_scale
==43011== 
--43011-- warning: L3 cache found, using its data for the LL simulation.
--43011-- warning: specified LL cache: line_size 64  assoc 11  total_size 25,952,256
--43011-- warning: simulated LL cache: line_size 64  assoc 12  total_size 25,165,824
BIP cache replacement will be used
BIP Throttle parameter is set to 0.062500
==43011== 
==43011== I   refs:      475,760,487
==43011== I1  misses:      4,526,615
==43011== LLi misses:          1,923
==43011== I1  miss rate:        0.95%
==43011== LLi miss rate:        0.00%
==43011== 
==43011== D   refs:      169,726,962  (132,316,254 rd   + 37,410,708 wr)
==43011== D1  misses:      5,655,524  (  5,560,226 rd   +     95,298 wr)
==43011== LLd misses:        169,290  (    105,624 rd   +     63,666 wr)
==43011== D1  miss rate:         3.3% (        4.2%     +        0.3%  )
==43011== LLd miss rate:         0.1% (        0.1%     +        0.2%  )
==43011== 
==43011== LL refs:        10,182,139  ( 10,086,841 rd   +     95,298 wr)
==43011== LL misses:         171,213  (    107,547 rd   +     63,666 wr)
==43011== LL miss rate:          0.0% (        0.0%     +        0.2%  )
