==5307== Cachegrind, a cache and branch-prediction profiler
==5307== Copyright (C) 2002-2017, and GNU GPL'd, by Nicholas Nethercote et al.
==5307== Using Valgrind-3.16.1 and LibVEX; rerun with -h for copyright info
==5307== Command: ./texture_synthesis .
==5307== 
--5307-- warning: L3 cache found, using its data for the LL simulation.
--5307-- warning: specified LL cache: line_size 64  assoc 11  total_size 25,952,256
--5307-- warning: simulated LL cache: line_size 64  assoc 12  total_size 25,165,824
LIP cache replacement will be used
==5307== 
==5307== I   refs:      108,075,087,226
==5307== I1  misses:          1,859,088
==5307== LLi misses:              1,742
==5307== I1  miss rate:            0.00%
==5307== LLi miss rate:            0.00%
==5307== 
==5307== D   refs:       28,920,419,318  (26,973,975,322 rd   + 1,946,443,996 wr)
==5307== D1  misses:         46,113,497  (    44,282,424 rd   +     1,831,073 wr)
==5307== LLd misses:            564,854  (       105,618 rd   +       459,236 wr)
==5307== D1  miss rate:             0.2% (           0.2%     +           0.1%  )
==5307== LLd miss rate:             0.0% (           0.0%     +           0.0%  )
==5307== 
==5307== LL refs:            47,972,585  (    46,141,512 rd   +     1,831,073 wr)
==5307== LL misses:             566,596  (       107,360 rd   +       459,236 wr)
==5307== LL miss rate:              0.0% (           0.0%     +           0.0%  )
