==29575== Cachegrind, a cache and branch-prediction profiler
==29575== Copyright (C) 2002-2017, and GNU GPL'd, by Nicholas Nethercote et al.
==29575== Using Valgrind-3.16.1 and LibVEX; rerun with -h for copyright info
==29575== Command: ./kmeans-small ../datasets/yeast 1484 8 10
==29575== 
--29575-- warning: L3 cache found, using its data for the LL simulation.
--29575-- warning: specified LL cache: line_size 64  assoc 11  total_size 25,952,256
--29575-- warning: simulated LL cache: line_size 64  assoc 12  total_size 25,165,824
Random cache replacement will be used
==29575== 
==29575== I   refs:      56,158,047
==29575== I1  misses:         1,471
==29575== LLi misses:         1,468
==29575== I1  miss rate:       0.00%
==29575== LLi miss rate:       0.00%
==29575== 
==29575== D   refs:      15,831,401  (13,089,368 rd   + 2,742,033 wr)
==29575== D1  misses:         4,971  (     2,149 rd   +     2,822 wr)
==29575== LLd misses:         4,964  (     2,147 rd   +     2,817 wr)
==29575== D1  miss rate:        0.0% (       0.0%     +       0.1%  )
==29575== LLd miss rate:        0.0% (       0.0%     +       0.1%  )
==29575== 
==29575== LL refs:            6,442  (     3,620 rd   +     2,822 wr)
==29575== LL misses:          6,432  (     3,615 rd   +     2,817 wr)
==29575== LL miss rate:         0.0% (       0.0%     +       0.1%  )
