==20484== Cachegrind, a cache and branch-prediction profiler
==20484== Copyright (C) 2002-2017, and GNU GPL'd, by Nicholas Nethercote et al.
==20484== Using Valgrind-3.16.1 and LibVEX; rerun with -h for copyright info
==20484== Command: ./disparity .
==20484== 
--20484-- warning: L3 cache found, using its data for the LL simulation.
--20484-- warning: specified LL cache: line_size 64  assoc 11  total_size 25,952,256
--20484-- warning: simulated LL cache: line_size 64  assoc 12  total_size 25,165,824
LRU cache replacement will be used
==20484== 
==20484== I   refs:      463,775,449
==20484== I1  misses:          1,497
==20484== LLi misses:          1,492
==20484== I1  miss rate:        0.00%
==20484== LLi miss rate:        0.00%
==20484== 
==20484== D   refs:      187,796,933  (126,192,373 rd   + 61,604,560 wr)
==20484== D1  misses:      1,814,891  (    877,673 rd   +    937,218 wr)
==20484== LLd misses:         74,246  (      2,314 rd   +     71,932 wr)
==20484== D1  miss rate:         1.0% (        0.7%     +        1.5%  )
==20484== LLd miss rate:         0.0% (        0.0%     +        0.1%  )
==20484== 
==20484== LL refs:         1,816,388  (    879,170 rd   +    937,218 wr)
==20484== LL misses:          75,738  (      3,806 rd   +     71,932 wr)
==20484== LL miss rate:          0.0% (        0.0%     +        0.1%  )
