==26210== Cachegrind, a cache and branch-prediction profiler
==26210== Copyright (C) 2002-2017, and GNU GPL'd, by Nicholas Nethercote et al.
==26210== Using Valgrind-3.16.1 and LibVEX; rerun with -h for copyright info
==26210== Command: ./texture_synthesis .
==26210== 
--26210-- warning: L3 cache found, using its data for the LL simulation.
--26210-- warning: specified LL cache: line_size 64  assoc 11  total_size 25,952,256
--26210-- warning: simulated LL cache: line_size 64  assoc 12  total_size 25,165,824
BIP cache replacement will be used
BIP Throttle parameter is set to 0.015625
==26210== 
==26210== I   refs:      208,057,388
==26210== I1  misses:      2,245,876
==26210== LLi misses:          1,610
==26210== I1  miss rate:        1.08%
==26210== LLi miss rate:        0.00%
==26210== 
==26210== D   refs:       76,991,608  (52,726,640 rd   + 24,264,968 wr)
==26210== D1  misses:      3,563,905  ( 2,601,910 rd   +    961,995 wr)
==26210== LLd misses:         31,274  (     2,349 rd   +     28,925 wr)
==26210== D1  miss rate:         4.6% (       4.9%     +        4.0%  )
==26210== LLd miss rate:         0.0% (       0.0%     +        0.1%  )
==26210== 
==26210== LL refs:         5,809,781  ( 4,847,786 rd   +    961,995 wr)
==26210== LL misses:          32,884  (     3,959 rd   +     28,925 wr)
==26210== LL miss rate:          0.0% (       0.0%     +        0.1%  )
