==59607== Cachegrind, a cache and branch-prediction profiler
==59607== Copyright (C) 2002-2017, and GNU GPL'd, by Nicholas Nethercote et al.
==59607== Using Valgrind-3.16.1 and LibVEX; rerun with -h for copyright info
==59607== Command: ./me-large
==59607== 
--59607-- warning: L3 cache found, using its data for the LL simulation.
--59607-- warning: specified LL cache: line_size 64  assoc 11  total_size 25,952,256
--59607-- warning: simulated LL cache: line_size 64  assoc 12  total_size 25,165,824
Random cache replacement will be used
==59607== brk segment overflow in thread #1: can't grow to 0x4a4b000
==59607== (see section Limitations in user manual)
==59607== NOTE: further instances of this message will not be shown
==59607== 
==59607== I   refs:      7,528,529,070
==59607== I1  misses:            5,168
==59607== LLi misses:            2,263
==59607== I1  miss rate:          0.00%
==59607== LLi miss rate:          0.00%
==59607== 
==59607== D   refs:      1,825,539,719  (1,535,870,321 rd   + 289,669,398 wr)
==59607== D1  misses:       37,450,669  (   35,747,957 rd   +   1,702,712 wr)
==59607== LLd misses:        1,293,698  (      162,354 rd   +   1,131,344 wr)
==59607== D1  miss rate:           2.1% (          2.3%     +         0.6%  )
==59607== LLd miss rate:           0.1% (          0.0%     +         0.4%  )
==59607== 
==59607== LL refs:          37,455,837  (   35,753,125 rd   +   1,702,712 wr)
==59607== LL misses:         1,295,961  (      164,617 rd   +   1,131,344 wr)
==59607== LL miss rate:            0.0% (          0.0%     +         0.4%  )
