==57605== Cachegrind, a cache and branch-prediction profiler
==57605== Copyright (C) 2002-2017, and GNU GPL'd, by Nicholas Nethercote et al.
==57605== Using Valgrind-3.16.1 and LibVEX; rerun with -h for copyright info
==57605== Command: ./disparity .
==57605== 
--57605-- warning: L3 cache found, using its data for the LL simulation.
--57605-- warning: specified LL cache: line_size 64  assoc 11  total_size 25,952,256
--57605-- warning: simulated LL cache: line_size 64  assoc 12  total_size 25,165,824
LRU cache replacement will be used
==57605== 
==57605== I   refs:      1,281,749,273
==57605== I1  misses:            2,722
==57605== LLi misses:            1,506
==57605== I1  miss rate:          0.00%
==57605== LLi miss rate:          0.00%
==57605== 
==57605== D   refs:        519,593,904  (348,916,422 rd   + 170,677,482 wr)
==57605== D1  misses:       57,496,638  ( 34,517,272 rd   +  22,979,366 wr)
==57605== LLd misses:          199,325  (      2,314 rd   +     197,011 wr)
==57605== D1  miss rate:          11.1% (        9.9%     +        13.5%  )
==57605== LLd miss rate:           0.0% (        0.0%     +         0.1%  )
==57605== 
==57605== LL refs:          57,499,360  ( 34,519,994 rd   +  22,979,366 wr)
==57605== LL misses:           200,831  (      3,820 rd   +     197,011 wr)
==57605== LL miss rate:            0.0% (        0.0%     +         0.1%  )
