==30507== Cachegrind, a cache and branch-prediction profiler
==30507== Copyright (C) 2002-2017, and GNU GPL'd, by Nicholas Nethercote et al.
==30507== Using Valgrind-3.16.1 and LibVEX; rerun with -h for copyright info
==30507== Command: ./liblinear-tmedium data/10B/epsilon
==30507== 
--30507-- warning: L3 cache found, using its data for the LL simulation.
--30507-- warning: specified LL cache: line_size 64  assoc 11  total_size 25,952,256
--30507-- warning: simulated LL cache: line_size 64  assoc 12  total_size 25,165,824
LIP cache replacement will be used
==30507== 
==30507== I   refs:      19,285,289,548
==30507== I1  misses:       150,203,989
==30507== LLi misses:             1,847
==30507== I1  miss rate:           0.78%
==30507== LLi miss rate:           0.00%
==30507== 
==30507== D   refs:       5,666,485,972  (3,947,048,630 rd   + 1,719,437,342 wr)
==30507== D1  misses:        47,235,025  (   43,704,819 rd   +     3,530,206 wr)
==30507== LLd misses:        40,083,917  (   36,949,230 rd   +     3,134,687 wr)
==30507== D1  miss rate:            0.8% (          1.1%     +           0.2%  )
==30507== LLd miss rate:            0.7% (          0.9%     +           0.2%  )
==30507== 
==30507== LL refs:          197,439,014  (  193,908,808 rd   +     3,530,206 wr)
==30507== LL misses:         40,085,764  (   36,951,077 rd   +     3,134,687 wr)
==30507== LL miss rate:             0.2% (          0.2%     +           0.2%  )
