==50369== Cachegrind, a cache and branch-prediction profiler
==50369== Copyright (C) 2002-2017, and GNU GPL'd, by Nicholas Nethercote et al.
==50369== Using Valgrind-3.16.1 and LibVEX; rerun with -h for copyright info
==50369== Command: ./stitch .
==50369== 
--50369-- warning: L3 cache found, using its data for the LL simulation.
--50369-- warning: specified LL cache: line_size 64  assoc 11  total_size 25,952,256
--50369-- warning: simulated LL cache: line_size 64  assoc 12  total_size 25,165,824
FIFO cache replacement will be used
==50369== brk segment overflow in thread #1: can't grow to 0x4ae3000
==50369== (see section Limitations in user manual)
==50369== NOTE: further instances of this message will not be shown
==50369== 
==50369== I   refs:      8,280,657,689
==50369== I1  misses:            1,698
==50369== LLi misses:            1,694
==50369== I1  miss rate:          0.00%
==50369== LLi miss rate:          0.00%
==50369== 
==50369== D   refs:      2,251,787,239  (1,520,764,435 rd   + 731,022,804 wr)
==50369== D1  misses:       16,009,337  (    7,802,435 rd   +   8,206,902 wr)
==50369== LLd misses:          252,958  (        2,266 rd   +     250,692 wr)
==50369== D1  miss rate:           0.7% (          0.5%     +         1.1%  )
==50369== LLd miss rate:           0.0% (          0.0%     +         0.0%  )
==50369== 
==50369== LL refs:          16,011,035  (    7,804,133 rd   +   8,206,902 wr)
==50369== LL misses:           254,652  (        3,960 rd   +     250,692 wr)
==50369== LL miss rate:            0.0% (          0.0%     +         0.0%  )
