==44307== Cachegrind, a cache and branch-prediction profiler
==44307== Copyright (C) 2002-2017, and GNU GPL'd, by Nicholas Nethercote et al.
==44307== Using Valgrind-3.16.1 and LibVEX; rerun with -h for copyright info
==44307== Command: ./disparity .
==44307== 
--44307-- warning: L3 cache found, using its data for the LL simulation.
--44307-- warning: specified LL cache: line_size 64  assoc 11  total_size 25,952,256
--44307-- warning: simulated LL cache: line_size 64  assoc 12  total_size 25,165,824
BIP cache replacement will be used
BIP Throttle parameter is set to 0.062500
==44307== 
==44307== I   refs:      1,281,749,480
==44307== I1  misses:        1,643,863
==44307== LLi misses:            1,644
==44307== I1  miss rate:          0.13%
==44307== LLi miss rate:          0.00%
==44307== 
==44307== D   refs:        519,594,058  (348,916,506 rd   + 170,677,552 wr)
==44307== D1  misses:      130,637,641  ( 85,628,557 rd   +  45,009,084 wr)
==44307== LLd misses:          287,186  (     53,072 rd   +     234,114 wr)
==44307== D1  miss rate:          25.1% (       24.5%     +        26.4%  )
==44307== LLd miss rate:           0.1% (        0.0%     +         0.1%  )
==44307== 
==44307== LL refs:         132,281,504  ( 87,272,420 rd   +  45,009,084 wr)
==44307== LL misses:           288,830  (     54,716 rd   +     234,114 wr)
==44307== LL miss rate:            0.0% (        0.0%     +         0.1%  )
