==35947== Cachegrind, a cache and branch-prediction profiler
==35947== Copyright (C) 2002-2017, and GNU GPL'd, by Nicholas Nethercote et al.
==35947== Using Valgrind-3.16.1 and LibVEX; rerun with -h for copyright info
==35947== Command: ./mser .
==35947== 
--35947-- warning: L3 cache found, using its data for the LL simulation.
--35947-- warning: specified LL cache: line_size 64  assoc 11  total_size 25,952,256
--35947-- warning: simulated LL cache: line_size 64  assoc 12  total_size 25,165,824
LIP cache replacement will be used
==35947== 
==35947== I   refs:      39,996,112
==35947== I1  misses:        13,677
==35947== LLi misses:         1,548
==35947== I1  miss rate:       0.03%
==35947== LLi miss rate:       0.00%
==35947== 
==35947== D   refs:      15,054,678  (10,245,445 rd   + 4,809,233 wr)
==35947== D1  misses:       496,048  (   425,961 rd   +    70,087 wr)
==35947== LLd misses:        20,850  (     2,567 rd   +    18,283 wr)
==35947== D1  miss rate:        3.3% (       4.2%     +       1.5%  )
==35947== LLd miss rate:        0.1% (       0.0%     +       0.4%  )
==35947== 
==35947== LL refs:          509,725  (   439,638 rd   +    70,087 wr)
==35947== LL misses:         22,398  (     4,115 rd   +    18,283 wr)
==35947== LL miss rate:         0.0% (       0.0%     +       0.4%  )
