==21395== Cachegrind, a cache and branch-prediction profiler
==21395== Copyright (C) 2002-2017, and GNU GPL'd, by Nicholas Nethercote et al.
==21395== Using Valgrind-3.16.1 and LibVEX; rerun with -h for copyright info
==21395== Command: ./srr-medium
==21395== 
--21395-- warning: L3 cache found, using its data for the LL simulation.
--21395-- warning: specified LL cache: line_size 64  assoc 11  total_size 25,952,256
--21395-- warning: simulated LL cache: line_size 64  assoc 12  total_size 25,165,824
Random cache replacement will be used
==21395== 
==21395== I   refs:      151,164,870,270
==21395== I1  misses:              1,530
==21395== LLi misses:              1,527
==21395== I1  miss rate:            0.00%
==21395== LLi miss rate:            0.00%
==21395== 
==21395== D   refs:       57,030,637,063  (38,402,710,440 rd   + 18,627,926,623 wr)
==21395== D1  misses:            878,573  (       672,059 rd   +        206,514 wr)
==21395== LLd misses:             69,203  (         3,239 rd   +         65,964 wr)
==21395== D1  miss rate:             0.0% (           0.0%     +            0.0%  )
==21395== LLd miss rate:             0.0% (           0.0%     +            0.0%  )
==21395== 
==21395== LL refs:               880,103  (       673,589 rd   +        206,514 wr)
==21395== LL misses:              70,730  (         4,766 rd   +         65,964 wr)
==21395== LL miss rate:              0.0% (           0.0%     +            0.0%  )
