==38084== Cachegrind, a cache and branch-prediction profiler
==38084== Copyright (C) 2002-2017, and GNU GPL'd, by Nicholas Nethercote et al.
==38084== Using Valgrind-3.16.1 and LibVEX; rerun with -h for copyright info
==38084== Command: ./lda-medium est .1 3 settings.txt medium/medium_data.dat random medium/results
==38084== 
--38084-- warning: L3 cache found, using its data for the LL simulation.
--38084-- warning: specified LL cache: line_size 64  assoc 11  total_size 25,952,256
--38084-- warning: simulated LL cache: line_size 64  assoc 12  total_size 25,165,824
BIP cache replacement will be used
BIP Throttle parameter is set to 0.062500
==38084== 
==38084== I   refs:      80,009,489,038
==38084== I1  misses:     6,921,736,318
==38084== LLi misses:             2,203
==38084== I1  miss rate:           8.65%
==38084== LLi miss rate:           0.00%
==38084== 
==38084== D   refs:      30,096,654,212  (22,864,631,552 rd   + 7,232,022,660 wr)
==38084== D1  misses:     9,784,545,255  ( 8,965,074,884 rd   +   819,470,371 wr)
==38084== LLd misses:            29,874  (         2,869 rd   +        27,005 wr)
==38084== D1  miss rate:           32.5% (          39.2%     +          11.3%  )
==38084== LLd miss rate:            0.0% (           0.0%     +           0.0%  )
==38084== 
==38084== LL refs:       16,706,281,573  (15,886,811,202 rd   +   819,470,371 wr)
==38084== LL misses:             32,077  (         5,072 rd   +        27,005 wr)
==38084== LL miss rate:             0.0% (           0.0%     +           0.0%  )
