==50173== Cachegrind, a cache and branch-prediction profiler
==50173== Copyright (C) 2002-2017, and GNU GPL'd, by Nicholas Nethercote et al.
==50173== Using Valgrind-3.16.1 and LibVEX; rerun with -h for copyright info
==50173== Command: ./stitch .
==50173== 
--50173-- warning: L3 cache found, using its data for the LL simulation.
--50173-- warning: specified LL cache: line_size 64  assoc 11  total_size 25,952,256
--50173-- warning: simulated LL cache: line_size 64  assoc 12  total_size 25,165,824
Random cache replacement will be used
==50173== brk segment overflow in thread #1: can't grow to 0x4ae3000
==50173== (see section Limitations in user manual)
==50173== NOTE: further instances of this message will not be shown
==50173== 
==50173== I   refs:      8,280,657,677
==50173== I1  misses:            2,167
==50173== LLi misses:            1,781
==50173== I1  miss rate:          0.00%
==50173== LLi miss rate:          0.00%
==50173== 
==50173== D   refs:      2,251,787,237  (1,520,764,434 rd   + 731,022,803 wr)
==50173== D1  misses:      127,848,413  (   71,742,228 rd   +  56,106,185 wr)
==50173== LLd misses:          287,703  (       27,244 rd   +     260,459 wr)
==50173== D1  miss rate:           5.7% (          4.7%     +         7.7%  )
==50173== LLd miss rate:           0.0% (          0.0%     +         0.0%  )
==50173== 
==50173== LL refs:         127,850,580  (   71,744,395 rd   +  56,106,185 wr)
==50173== LL misses:           289,484  (       29,025 rd   +     260,459 wr)
==50173== LL miss rate:            0.0% (          0.0%     +         0.0%  )
