==25510== Cachegrind, a cache and branch-prediction profiler
==25510== Copyright (C) 2002-2017, and GNU GPL'd, by Nicholas Nethercote et al.
==25510== Using Valgrind-3.16.1 and LibVEX; rerun with -h for copyright info
==25510== Command: ./a.out med.txt
==25510== 
--25510-- warning: L3 cache found, using its data for the LL simulation.
--25510-- warning: specified LL cache: line_size 64  assoc 11  total_size 25,952,256
--25510-- warning: simulated LL cache: line_size 64  assoc 12  total_size 25,165,824
BIP cache replacement will be used
BIP Throttle parameter is set to 0.015625
==25510== 
==25510== I   refs:      21,540,689,439
==25510== I1  misses:             2,460
==25510== LLi misses:             1,880
==25510== I1  miss rate:           0.00%
==25510== LLi miss rate:           0.00%
==25510== 
==25510== D   refs:      13,370,670,451  (12,167,996,489 rd   + 1,202,673,962 wr)
==25510== D1  misses:       420,472,092  (   419,039,233 rd   +     1,432,859 wr)
==25510== LLd misses:            65,671  (         2,340 rd   +        63,331 wr)
==25510== D1  miss rate:            3.1% (           3.4%     +           0.1%  )
==25510== LLd miss rate:            0.0% (           0.0%     +           0.0%  )
==25510== 
==25510== LL refs:          420,474,552  (   419,041,693 rd   +     1,432,859 wr)
==25510== LL misses:             67,551  (         4,220 rd   +        63,331 wr)
==25510== LL miss rate:             0.0% (           0.0%     +           0.0%  )
