==41537== Cachegrind, a cache and branch-prediction profiler
==41537== Copyright (C) 2002-2017, and GNU GPL'd, by Nicholas Nethercote et al.
==41537== Using Valgrind-3.16.1 and LibVEX; rerun with -h for copyright info
==41537== Command: ./liblinear-tmedium data/10B/epsilon
==41537== 
--41537-- warning: L3 cache found, using its data for the LL simulation.
--41537-- warning: specified LL cache: line_size 64  assoc 11  total_size 25,952,256
--41537-- warning: simulated LL cache: line_size 64  assoc 12  total_size 25,165,824
Random cache replacement will be used
==41537== 
==41537== I   refs:      19,285,289,592
==41537== I1  misses:             1,850
==41537== LLi misses:             1,832
==41537== I1  miss rate:           0.00%
==41537== LLi miss rate:           0.00%
==41537== 
==41537== D   refs:       5,666,485,980  (3,947,048,634 rd   + 1,719,437,346 wr)
==41537== D1  misses:        41,280,145  (   38,103,217 rd   +     3,176,928 wr)
==41537== LLd misses:        39,662,080  (   36,525,662 rd   +     3,136,418 wr)
==41537== D1  miss rate:            0.7% (          1.0%     +           0.2%  )
==41537== LLd miss rate:            0.7% (          0.9%     +           0.2%  )
==41537== 
==41537== LL refs:           41,281,995  (   38,105,067 rd   +     3,176,928 wr)
==41537== LL misses:         39,663,912  (   36,527,494 rd   +     3,136,418 wr)
==41537== LL miss rate:             0.2% (          0.2%     +           0.2%  )
