==57763== Cachegrind, a cache and branch-prediction profiler
==57763== Copyright (C) 2002-2017, and GNU GPL'd, by Nicholas Nethercote et al.
==57763== Using Valgrind-3.16.1 and LibVEX; rerun with -h for copyright info
==57763== Command: ./spc-medium ../datasets/Aggregation 788 2 7 0.707 1
==57763== 
--57763-- warning: L3 cache found, using its data for the LL simulation.
--57763-- warning: specified LL cache: line_size 64  assoc 11  total_size 25,952,256
--57763-- warning: simulated LL cache: line_size 64  assoc 12  total_size 25,165,824
LRU cache replacement will be used
==57763== 
==57763== I   refs:      11,307,967,289
==57763== I1  misses:         2,287,300
==57763== LLi misses:             1,721
==57763== I1  miss rate:           0.02%
==57763== LLi miss rate:           0.00%
==57763== 
==57763== D   refs:       4,030,824,654  (2,697,589,545 rd   + 1,333,235,109 wr)
==57763== D1  misses:       288,105,649  (  285,417,632 rd   +     2,688,017 wr)
==57763== LLd misses:            82,589  (        2,503 rd   +        80,086 wr)
==57763== D1  miss rate:            7.1% (         10.6%     +           0.2%  )
==57763== LLd miss rate:            0.0% (          0.0%     +           0.0%  )
==57763== 
==57763== LL refs:          290,392,949  (  287,704,932 rd   +     2,688,017 wr)
==57763== LL misses:             84,310  (        4,224 rd   +        80,086 wr)
==57763== LL miss rate:             0.0% (          0.0%     +           0.0%  )
