==11877== Cachegrind, a cache and branch-prediction profiler
==11877== Copyright (C) 2002-2017, and GNU GPL'd, by Nicholas Nethercote et al.
==11877== Using Valgrind-3.16.1 and LibVEX; rerun with -h for copyright info
==11877== Command: ./pca-large large.data 5000 1059 R
==11877== 
--11877-- warning: L3 cache found, using its data for the LL simulation.
--11877-- warning: specified LL cache: line_size 64  assoc 11  total_size 25,952,256
--11877-- warning: simulated LL cache: line_size 64  assoc 12  total_size 25,165,824
BIP cache replacement will be used
BIP Throttle parameter is set to 0.015625
==11877== brk segment overflow in thread #1: can't grow to 0x4a35000
==11877== (see section Limitations in user manual)
==11877== NOTE: further instances of this message will not be shown
==11877== 
==11877== I   refs:      71,275,145,790
==11877== I1  misses:            25,102
==11877== LLi misses:             1,775
==11877== I1  miss rate:           0.00%
==11877== LLi miss rate:           0.00%
==11877== 
==11877== D   refs:      28,625,035,458  (20,878,881,310 rd   + 7,746,154,148 wr)
==11877== D1  misses:     9,603,154,750  ( 9,600,457,230 rd   +     2,697,520 wr)
==11877== LLd misses:        17,474,513  (    16,577,399 rd   +       897,114 wr)
==11877== D1  miss rate:           33.5% (          46.0%     +           0.0%  )
==11877== LLd miss rate:            0.1% (           0.1%     +           0.0%  )
==11877== 
==11877== LL refs:        9,603,179,852  ( 9,600,482,332 rd   +     2,697,520 wr)
==11877== LL misses:         17,476,288  (    16,579,174 rd   +       897,114 wr)
==11877== LL miss rate:             0.0% (           0.0%     +           0.0%  )
