==73449== Cachegrind, a cache and branch-prediction profiler
==73449== Copyright (C) 2002-2017, and GNU GPL'd, by Nicholas Nethercote et al.
==73449== Using Valgrind-3.16.1 and LibVEX; rerun with -h for copyright info
==73449== Command: ./mser .
==73449== 
--73449-- warning: L3 cache found, using its data for the LL simulation.
--73449-- warning: specified LL cache: line_size 64  assoc 11  total_size 25,952,256
--73449-- warning: simulated LL cache: line_size 64  assoc 12  total_size 25,165,824
LRU cache replacement will be used
==73449== 
==73449== I   refs:      3,434,253,570
==73449== I1  misses:            1,499
==73449== LLi misses:            1,495
==73449== I1  miss rate:          0.00%
==73449== LLi miss rate:          0.00%
==73449== 
==73449== D   refs:      1,308,839,721  (891,688,009 rd   + 417,151,712 wr)
==73449== D1  misses:       16,732,443  ( 13,712,273 rd   +   3,020,170 wr)
==73449== LLd misses:        7,029,584  (  4,883,953 rd   +   2,145,631 wr)
==73449== D1  miss rate:           1.3% (        1.5%     +         0.7%  )
==73449== LLd miss rate:           0.5% (        0.5%     +         0.5%  )
==73449== 
==73449== LL refs:          16,733,942  ( 13,713,772 rd   +   3,020,170 wr)
==73449== LL misses:         7,031,079  (  4,885,448 rd   +   2,145,631 wr)
==73449== LL miss rate:            0.1% (        0.1%     +         0.5%  )
