==45350== Cachegrind, a cache and branch-prediction profiler
==45350== Copyright (C) 2002-2017, and GNU GPL'd, by Nicholas Nethercote et al.
==45350== Using Valgrind-3.16.1 and LibVEX; rerun with -h for copyright info
==45350== Command: ./me-medium
==45350== 
--45350-- warning: L3 cache found, using its data for the LL simulation.
--45350-- warning: specified LL cache: line_size 64  assoc 11  total_size 25,952,256
--45350-- warning: simulated LL cache: line_size 64  assoc 12  total_size 25,165,824
FIFO cache replacement will be used
==45350== brk segment overflow in thread #1: can't grow to 0x4a36000
==45350== (see section Limitations in user manual)
==45350== NOTE: further instances of this message will not be shown
==45350== 
==45350== I   refs:      582,717,344
==45350== I1  misses:         49,853
==45350== LLi misses:          1,459
==45350== I1  miss rate:        0.01%
==45350== LLi miss rate:        0.00%
==45350== 
==45350== D   refs:      104,638,589  (94,724,833 rd   + 9,913,756 wr)
==45350== D1  misses:      7,398,941  ( 7,101,368 rd   +   297,573 wr)
==45350== LLd misses:        156,025  (     2,620 rd   +   153,405 wr)
==45350== D1  miss rate:         7.1% (       7.5%     +       3.0%  )
==45350== LLd miss rate:         0.1% (       0.0%     +       1.5%  )
==45350== 
==45350== LL refs:         7,448,794  ( 7,151,221 rd   +   297,573 wr)
==45350== LL misses:         157,484  (     4,079 rd   +   153,405 wr)
==45350== LL miss rate:          0.0% (       0.0%     +       1.5%  )
