==30683== Cachegrind, a cache and branch-prediction profiler
==30683== Copyright (C) 2002-2017, and GNU GPL'd, by Nicholas Nethercote et al.
==30683== Using Valgrind-3.16.1 and LibVEX; rerun with -h for copyright info
==30683== Command: ./multi_ncut .
==30683== 
--30683-- warning: L3 cache found, using its data for the LL simulation.
--30683-- warning: specified LL cache: line_size 64  assoc 11  total_size 25,952,256
--30683-- warning: simulated LL cache: line_size 64  assoc 12  total_size 25,165,824
BIP cache replacement will be used
BIP Throttle parameter is set to 0.062500
==30683== 
==30683== Process terminating with default action of signal 15 (SIGTERM)
==30683==    at 0x10AAB0: fSortIndices (in /home/tkloda/cortexsuite/vision/benchmarks/multi_ncut/data/fullhd/multi_ncut)
==30683==    by 0x10CE27: segment_graph (in /home/tkloda/cortexsuite/vision/benchmarks/multi_ncut/data/fullhd/multi_ncut)
==30683==    by 0x10CAC9: segment_image (in /home/tkloda/cortexsuite/vision/benchmarks/multi_ncut/data/fullhd/multi_ncut)
==30683==    by 0x108B0A: main (in /home/tkloda/cortexsuite/vision/benchmarks/multi_ncut/data/fullhd/multi_ncut)
==30683== 
==30683== I   refs:      1,669,734,021
==30683== I1  misses:            1,293
==30683== LLi misses:            1,289
==30683== I1  miss rate:          0.00%
==30683== LLi miss rate:          0.00%
==30683== 
==30683== D   refs:        563,778,105  (381,327,388 rd   + 182,450,717 wr)
==30683== D1  misses:        6,991,643  (  3,106,815 rd   +   3,884,828 wr)
==30683== LLd misses:        6,727,001  (  2,879,720 rd   +   3,847,281 wr)
==30683== D1  miss rate:           1.2% (        0.8%     +         2.1%  )
==30683== LLd miss rate:           1.2% (        0.8%     +         2.1%  )
==30683== 
==30683== LL refs:           6,992,936  (  3,108,108 rd   +   3,884,828 wr)
==30683== LL misses:         6,728,290  (  2,881,009 rd   +   3,847,281 wr)
==30683== LL miss rate:            0.3% (        0.1%     +         2.1%  )
