==53741== Cachegrind, a cache and branch-prediction profiler
==53741== Copyright (C) 2002-2017, and GNU GPL'd, by Nicholas Nethercote et al.
==53741== Using Valgrind-3.16.1 and LibVEX; rerun with -h for copyright info
==53741== Command: ./rbm-medium
==53741== 
--53741-- warning: L3 cache found, using its data for the LL simulation.
--53741-- warning: specified LL cache: line_size 64  assoc 11  total_size 25,952,256
--53741-- warning: simulated LL cache: line_size 64  assoc 12  total_size 25,165,824
BIP cache replacement will be used
BIP Throttle parameter is set to 0.062500
==53741== 
==53741== I   refs:      12,265,732,027
==53741== I1  misses:         4,788,734
==53741== LLi misses:             1,540
==53741== I1  miss rate:           0.04%
==53741== LLi miss rate:           0.00%
==53741== 
==53741== D   refs:       3,657,823,178  (2,777,601,363 rd   + 880,221,815 wr)
==53741== D1  misses:       528,486,431  (  489,478,098 rd   +  39,008,333 wr)
==53741== LLd misses:            47,420  (       23,739 rd   +      23,681 wr)
==53741== D1  miss rate:           14.4% (         17.6%     +         4.4%  )
==53741== LLd miss rate:            0.0% (          0.0%     +         0.0%  )
==53741== 
==53741== LL refs:          533,275,165  (  494,266,832 rd   +  39,008,333 wr)
==53741== LL misses:             48,960  (       25,279 rd   +      23,681 wr)
==53741== LL miss rate:             0.0% (          0.0%     +         0.0%  )
