==25228== Cachegrind, a cache and branch-prediction profiler
==25228== Copyright (C) 2002-2017, and GNU GPL'd, by Nicholas Nethercote et al.
==25228== Using Valgrind-3.16.1 and LibVEX; rerun with -h for copyright info
==25228== Command: ./a.out med.txt
==25228== 
--25228-- warning: L3 cache found, using its data for the LL simulation.
--25228-- warning: specified LL cache: line_size 64  assoc 11  total_size 25,952,256
--25228-- warning: simulated LL cache: line_size 64  assoc 12  total_size 25,165,824
BIP cache replacement will be used
BIP Throttle parameter is set to 0.062500
==25228== 
==25228== I   refs:      21,540,689,427
==25228== I1  misses:             1,808
==25228== LLi misses:             1,793
==25228== I1  miss rate:           0.00%
==25228== LLi miss rate:           0.00%
==25228== 
==25228== D   refs:      13,370,670,449  (12,167,996,488 rd   + 1,202,673,961 wr)
==25228== D1  misses:        17,580,791  (    17,147,973 rd   +       432,818 wr)
==25228== LLd misses:            65,770  (         2,402 rd   +        63,368 wr)
==25228== D1  miss rate:            0.1% (           0.1%     +           0.0%  )
==25228== LLd miss rate:            0.0% (           0.0%     +           0.0%  )
==25228== 
==25228== LL refs:           17,582,599  (    17,149,781 rd   +       432,818 wr)
==25228== LL misses:             67,563  (         4,195 rd   +        63,368 wr)
==25228== LL miss rate:             0.0% (           0.0%     +           0.0%  )
