==26012== Cachegrind, a cache and branch-prediction profiler
==26012== Copyright (C) 2002-2017, and GNU GPL'd, by Nicholas Nethercote et al.
==26012== Using Valgrind-3.16.1 and LibVEX; rerun with -h for copyright info
==26012== Command: ./texture_synthesis .
==26012== 
--26012-- warning: L3 cache found, using its data for the LL simulation.
--26012-- warning: specified LL cache: line_size 64  assoc 11  total_size 25,952,256
--26012-- warning: simulated LL cache: line_size 64  assoc 12  total_size 25,165,824
BIP cache replacement will be used
BIP Throttle parameter is set to 0.031250
==26012== 
==26012== I   refs:      208,057,388
==26012== I1  misses:     11,216,944
==26012== LLi misses:          1,624
==26012== I1  miss rate:        5.39%
==26012== LLi miss rate:        0.00%
==26012== 
==26012== D   refs:       76,991,608  (52,726,640 rd   + 24,264,968 wr)
==26012== D1  misses:        865,352  (   722,578 rd   +    142,774 wr)
==26012== LLd misses:         31,261  (     2,335 rd   +     28,926 wr)
==26012== D1  miss rate:         1.1% (       1.4%     +        0.6%  )
==26012== LLd miss rate:         0.0% (       0.0%     +        0.1%  )
==26012== 
==26012== LL refs:        12,082,296  (11,939,522 rd   +    142,774 wr)
==26012== LL misses:          32,885  (     3,959 rd   +     28,926 wr)
==26012== LL miss rate:          0.0% (       0.0%     +        0.1%  )
