==55146== Cachegrind, a cache and branch-prediction profiler
==55146== Copyright (C) 2002-2017, and GNU GPL'd, by Nicholas Nethercote et al.
==55146== Using Valgrind-3.16.1 and LibVEX; rerun with -h for copyright info
==55146== Command: ./sift .
==55146== 
--55146-- warning: L3 cache found, using its data for the LL simulation.
--55146-- warning: specified LL cache: line_size 64  assoc 11  total_size 25,952,256
--55146-- warning: simulated LL cache: line_size 64  assoc 12  total_size 25,165,824
BIP cache replacement will be used
BIP Throttle parameter is set to 0.031250
==55146== brk segment overflow in thread #1: can't grow to 0x5419000
==55146== (see section Limitations in user manual)
==55146== NOTE: further instances of this message will not be shown
==55146== 
==55146== I   refs:      16,043,915,203
==55146== I1  misses:             1,855
==55146== LLi misses:             1,839
==55146== I1  miss rate:           0.00%
==55146== LLi miss rate:           0.00%
==55146== 
==55146== D   refs:       4,941,073,136  (3,428,287,740 rd   + 1,512,785,396 wr)
==55146== D1  misses:        98,535,582  (   77,541,258 rd   +    20,994,324 wr)
==55146== LLd misses:        24,191,170  (   15,027,661 rd   +     9,163,509 wr)
==55146== D1  miss rate:            2.0% (          2.3%     +           1.4%  )
==55146== LLd miss rate:            0.5% (          0.4%     +           0.6%  )
==55146== 
==55146== LL refs:           98,537,437  (   77,543,113 rd   +    20,994,324 wr)
==55146== LL misses:         24,193,009  (   15,029,500 rd   +     9,163,509 wr)
==55146== LL miss rate:             0.1% (          0.1%     +           0.6%  )
