==20538== Cachegrind, a cache and branch-prediction profiler
==20538== Copyright (C) 2002-2017, and GNU GPL'd, by Nicholas Nethercote et al.
==20538== Using Valgrind-3.16.1 and LibVEX; rerun with -h for copyright info
==20538== Command: ./disparity .
==20538== 
--20538-- warning: L3 cache found, using its data for the LL simulation.
--20538-- warning: specified LL cache: line_size 64  assoc 11  total_size 25,952,256
--20538-- warning: simulated LL cache: line_size 64  assoc 12  total_size 25,165,824
LIP cache replacement will be used
==20538== 
==20538== I   refs:      463,775,462
==20538== I1  misses:      7,815,723
==20538== LLi misses:          1,544
==20538== I1  miss rate:        1.69%
==20538== LLi miss rate:        0.00%
==20538== 
==20538== D   refs:      187,796,937  (126,192,375 rd   + 61,604,562 wr)
==20538== D1  misses:     72,605,024  ( 50,930,514 rd   + 21,674,510 wr)
==20538== LLd misses:         87,122  (      8,831 rd   +     78,291 wr)
==20538== D1  miss rate:        38.7% (       40.4%     +       35.2%  )
==20538== LLd miss rate:         0.0% (        0.0%     +        0.1%  )
==20538== 
==20538== LL refs:        80,420,747  ( 58,746,237 rd   + 21,674,510 wr)
==20538== LL misses:          88,666  (     10,375 rd   +     78,291 wr)
==20538== LL miss rate:          0.0% (        0.0%     +        0.1%  )
