==19408== Cachegrind, a cache and branch-prediction profiler
==19408== Copyright (C) 2002-2017, and GNU GPL'd, by Nicholas Nethercote et al.
==19408== Using Valgrind-3.16.1 and LibVEX; rerun with -h for copyright info
==19408== Command: ./mser .
==19408== 
--19408-- warning: L3 cache found, using its data for the LL simulation.
--19408-- warning: specified LL cache: line_size 64  assoc 11  total_size 25,952,256
--19408-- warning: simulated LL cache: line_size 64  assoc 12  total_size 25,165,824
LIP cache replacement will be used
==19408== 
==19408== I   refs:      157,426,181
==19408== I1  misses:          1,610
==19408== LLi misses:          1,528
==19408== I1  miss rate:        0.00%
==19408== LLi miss rate:        0.00%
==19408== 
==19408== D   refs:       59,523,784  (40,510,721 rd   + 19,013,063 wr)
==19408== D1  misses:      1,266,326  ( 1,100,269 rd   +    166,057 wr)
==19408== LLd misses:         85,550  (    15,943 rd   +     69,607 wr)
==19408== D1  miss rate:         2.1% (       2.7%     +        0.9%  )
==19408== LLd miss rate:         0.1% (       0.0%     +        0.4%  )
==19408== 
==19408== LL refs:         1,267,936  ( 1,101,879 rd   +    166,057 wr)
==19408== LL misses:          87,078  (    17,471 rd   +     69,607 wr)
==19408== LL miss rate:          0.0% (       0.0%     +        0.4%  )
