==42296== Cachegrind, a cache and branch-prediction profiler
==42296== Copyright (C) 2002-2017, and GNU GPL'd, by Nicholas Nethercote et al.
==42296== Using Valgrind-3.16.1 and LibVEX; rerun with -h for copyright info
==42296== Command: ./liblinear-tsmall data/100M/crime_scale
==42296== 
--42296-- warning: L3 cache found, using its data for the LL simulation.
--42296-- warning: specified LL cache: line_size 64  assoc 11  total_size 25,952,256
--42296-- warning: simulated LL cache: line_size 64  assoc 12  total_size 25,165,824
LRU cache replacement will be used
==42296== 
==42296== I   refs:      475,760,499
==42296== I1  misses:     25,776,825
==42296== LLi misses:          1,811
==42296== I1  miss rate:        5.42%
==42296== LLi miss rate:        0.00%
==42296== 
==42296== D   refs:      169,726,964  (132,316,255 rd   + 37,410,709 wr)
==42296== D1  misses:     17,974,335  ( 16,930,286 rd   +  1,044,049 wr)
==42296== LLd misses:         65,950  (      2,338 rd   +     63,612 wr)
==42296== D1  miss rate:        10.6% (       12.8%     +        2.8%  )
==42296== LLd miss rate:         0.0% (        0.0%     +        0.2%  )
==42296== 
==42296== LL refs:        43,751,160  ( 42,707,111 rd   +  1,044,049 wr)
==42296== LL misses:          67,761  (      4,149 rd   +     63,612 wr)
==42296== LL miss rate:          0.0% (        0.0%     +        0.2%  )
