==36375== Cachegrind, a cache and branch-prediction profiler
==36375== Copyright (C) 2002-2017, and GNU GPL'd, by Nicholas Nethercote et al.
==36375== Using Valgrind-3.16.1 and LibVEX; rerun with -h for copyright info
==36375== Command: ./lda-small est .1 3 settings.txt small/small_data.dat random small/result
==36375== 
--36375-- warning: L3 cache found, using its data for the LL simulation.
--36375-- warning: specified LL cache: line_size 64  assoc 11  total_size 25,952,256
--36375-- warning: simulated LL cache: line_size 64  assoc 12  total_size 25,165,824
LIP cache replacement will be used
==36375== 
==36375== I   refs:      21,431,527,596
==36375== I1  misses:         5,583,884
==36375== LLi misses:             2,245
==36375== I1  miss rate:           0.03%
==36375== LLi miss rate:           0.00%
==36375== 
==36375== D   refs:       8,101,971,611  (6,137,052,137 rd   + 1,964,919,474 wr)
==36375== D1  misses:       246,795,529  (  243,975,231 rd   +     2,820,298 wr)
==36375== LLd misses:            15,952  (        2,863 rd   +        13,089 wr)
==36375== D1  miss rate:            3.0% (          4.0%     +           0.1%  )
==36375== LLd miss rate:            0.0% (          0.0%     +           0.0%  )
==36375== 
==36375== LL refs:          252,379,413  (  249,559,115 rd   +     2,820,298 wr)
==36375== LL misses:             18,197  (        5,108 rd   +        13,089 wr)
==36375== LL miss rate:             0.0% (          0.0%     +           0.0%  )
