==21528== Cachegrind, a cache and branch-prediction profiler
==21528== Copyright (C) 2002-2017, and GNU GPL'd, by Nicholas Nethercote et al.
==21528== Using Valgrind-3.16.1 and LibVEX; rerun with -h for copyright info
==21528== Command: ./disparity .
==21528== 
--21528-- warning: L3 cache found, using its data for the LL simulation.
--21528-- warning: specified LL cache: line_size 64  assoc 11  total_size 25,952,256
--21528-- warning: simulated LL cache: line_size 64  assoc 12  total_size 25,165,824
BIP cache replacement will be used
BIP Throttle parameter is set to 0.015625
==21528== 
==21528== I   refs:      463,775,462
==21528== I1  misses:          1,496
==21528== LLi misses:          1,492
==21528== I1  miss rate:        0.00%
==21528== LLi miss rate:        0.00%
==21528== 
==21528== D   refs:      187,796,937  (126,192,375 rd   + 61,604,562 wr)
==21528== D1  misses:         74,254  (      2,321 rd   +     71,933 wr)
==21528== LLd misses:         74,251  (      2,318 rd   +     71,933 wr)
==21528== D1  miss rate:         0.0% (        0.0%     +        0.1%  )
==21528== LLd miss rate:         0.0% (        0.0%     +        0.1%  )
==21528== 
==21528== LL refs:            75,750  (      3,817 rd   +     71,933 wr)
==21528== LL misses:          75,743  (      3,810 rd   +     71,933 wr)
==21528== LL miss rate:          0.0% (        0.0%     +        0.1%  )
