==60923== Cachegrind, a cache and branch-prediction profiler
==60923== Copyright (C) 2002-2017, and GNU GPL'd, by Nicholas Nethercote et al.
==60923== Using Valgrind-3.16.1 and LibVEX; rerun with -h for copyright info
==60923== Command: ./stitch .
==60923== 
--60923-- warning: L3 cache found, using its data for the LL simulation.
--60923-- warning: specified LL cache: line_size 64  assoc 11  total_size 25,952,256
--60923-- warning: simulated LL cache: line_size 64  assoc 12  total_size 25,165,824
BIP cache replacement will be used
BIP Throttle parameter is set to 0.062500
==60923== brk segment overflow in thread #1: can't grow to 0x4a37000
==60923== (see section Limitations in user manual)
==60923== NOTE: further instances of this message will not be shown
==60923== 
==60923== I   refs:      253,517,705,674
==60923== I1  misses:              1,697
==60923== LLi misses:              1,693
==60923== I1  miss rate:            0.00%
==60923== LLi miss rate:            0.00%
==60923== 
==60923== D   refs:       68,980,624,506  (45,322,620,959 rd   + 23,658,003,547 wr)
==60923== D1  misses:      2,312,846,563  ( 1,259,401,012 rd   +  1,053,445,551 wr)
==60923== LLd misses:          7,156,886  (     4,190,597 rd   +      2,966,289 wr)
==60923== D1  miss rate:             3.4% (           2.8%     +            4.5%  )
==60923== LLd miss rate:             0.0% (           0.0%     +            0.0%  )
==60923== 
==60923== LL refs:         2,312,848,260  ( 1,259,402,709 rd   +  1,053,445,551 wr)
==60923== LL misses:           7,158,579  (     4,192,290 rd   +      2,966,289 wr)
==60923== LL miss rate:              0.0% (           0.0%     +            0.0%  )
