==38192== Cachegrind, a cache and branch-prediction profiler
==38192== Copyright (C) 2002-2017, and GNU GPL'd, by Nicholas Nethercote et al.
==38192== Using Valgrind-3.16.1 and LibVEX; rerun with -h for copyright info
==38192== Command: ./lda-medium est .1 3 settings.txt medium/medium_data.dat random medium/results
==38192== 
--38192-- warning: L3 cache found, using its data for the LL simulation.
--38192-- warning: specified LL cache: line_size 64  assoc 11  total_size 25,952,256
--38192-- warning: simulated LL cache: line_size 64  assoc 12  total_size 25,165,824
BIP cache replacement will be used
BIP Throttle parameter is set to 0.062500
==38192== 
==38192== I   refs:      140,455,547,304
==38192== I1  misses:              2,160
==38192== LLi misses:              2,156
==38192== I1  miss rate:            0.00%
==38192== LLi miss rate:            0.00%
==38192== 
==38192== D   refs:       52,756,055,867  (40,106,273,380 rd   + 12,649,782,487 wr)
==38192== D1  misses:          5,783,256  (     5,482,053 rd   +        301,203 wr)
==38192== LLd misses:             31,638  (         4,611 rd   +         27,027 wr)
==38192== D1  miss rate:             0.0% (           0.0%     +            0.0%  )
==38192== LLd miss rate:             0.0% (           0.0%     +            0.0%  )
==38192== 
==38192== LL refs:             5,785,416  (     5,484,213 rd   +        301,203 wr)
==38192== LL misses:              33,794  (         6,767 rd   +         27,027 wr)
==38192== LL miss rate:              0.0% (           0.0%     +            0.0%  )
