==53811== Cachegrind, a cache and branch-prediction profiler
==53811== Copyright (C) 2002-2017, and GNU GPL'd, by Nicholas Nethercote et al.
==53811== Using Valgrind-3.16.1 and LibVEX; rerun with -h for copyright info
==53811== Command: ./tracking .
==53811== 
--53811-- warning: L3 cache found, using its data for the LL simulation.
--53811-- warning: specified LL cache: line_size 64  assoc 11  total_size 25,952,256
--53811-- warning: simulated LL cache: line_size 64  assoc 12  total_size 25,165,824
Random cache replacement will be used
==53811== brk segment overflow in thread #1: can't grow to 0x5026000
==53811== (see section Limitations in user manual)
==53811== NOTE: further instances of this message will not be shown
==53811== 
==53811== I   refs:      7,862,359,008
==53811== I1  misses:            1,728
==53811== LLi misses:            1,724
==53811== I1  miss rate:          0.00%
==53811== LLi miss rate:          0.00%
==53811== 
==53811== D   refs:      2,585,046,518  (1,824,545,511 rd   + 760,501,007 wr)
==53811== D1  misses:       17,712,686  (    6,730,281 rd   +  10,982,405 wr)
==53811== LLd misses:       10,810,375  (    3,547,804 rd   +   7,262,571 wr)
==53811== D1  miss rate:           0.7% (          0.4%     +         1.4%  )
==53811== LLd miss rate:           0.4% (          0.2%     +         1.0%  )
==53811== 
==53811== LL refs:          17,714,414  (    6,732,009 rd   +  10,982,405 wr)
==53811== LL misses:        10,812,099  (    3,549,528 rd   +   7,262,571 wr)
==53811== LL miss rate:            0.1% (          0.0%     +         1.0%  )
