==60278== Cachegrind, a cache and branch-prediction profiler
==60278== Copyright (C) 2002-2017, and GNU GPL'd, by Nicholas Nethercote et al.
==60278== Using Valgrind-3.16.1 and LibVEX; rerun with -h for copyright info
==60278== Command: ./inst/amd64-linux.gcc-serial.pre/bin/ferret inputs/corel_large/ lsh inputs/queries_large/ 10 20 1 /dev/null
==60278== 
--60278-- warning: L3 cache found, using its data for the LL simulation.
--60278-- warning: specified LL cache: line_size 64  assoc 11  total_size 25,952,256
--60278-- warning: simulated LL cache: line_size 64  assoc 12  total_size 25,165,824
LRU cache replacement will be used
==60278== brk segment overflow in thread #1: can't grow to 0x4a2d000
==60278== (see section Limitations in user manual)
==60278== NOTE: further instances of this message will not be shown
==60278== 
==60278== I   refs:      31,123,553,883
==60278== I1  misses:        37,466,530
==60278== LLi misses:            20,765
==60278== I1  miss rate:           0.12%
==60278== LLi miss rate:           0.00%
==60278== 
==60278== D   refs:      14,075,639,069  (7,298,106,373 rd   + 6,777,532,696 wr)
==60278== D1  misses:       371,116,903  (  253,336,028 rd   +   117,780,875 wr)
==60278== LLd misses:        11,967,401  (   11,510,802 rd   +       456,599 wr)
==60278== D1  miss rate:            2.6% (          3.5%     +           1.7%  )
==60278== LLd miss rate:            0.1% (          0.2%     +           0.0%  )
==60278== 
==60278== LL refs:          408,583,433  (  290,802,558 rd   +   117,780,875 wr)
==60278== LL misses:         11,988,166  (   11,531,567 rd   +       456,599 wr)
==60278== LL miss rate:             0.0% (          0.0%     +           0.0%  )
