==64791== Cachegrind, a cache and branch-prediction profiler
==64791== Copyright (C) 2002-2017, and GNU GPL'd, by Nicholas Nethercote et al.
==64791== Using Valgrind-3.16.1 and LibVEX; rerun with -h for copyright info
==64791== Command: ./inst/amd64-linux.gcc-serial.pre/bin/rtview inputs/happy_buddha.obj -nodisplay -automove -nthreads 1 -frames 3 -res 1920 1080
==64791== 
--64791-- warning: L3 cache found, using its data for the LL simulation.
--64791-- warning: specified LL cache: line_size 64  assoc 11  total_size 25,952,256
--64791-- warning: simulated LL cache: line_size 64  assoc 12  total_size 25,165,824
LRU cache replacement will be used
==64791== brk segment overflow in thread #1: can't grow to 0x4a39000
==64791== (see section Limitations in user manual)
==64791== NOTE: further instances of this message will not be shown
==64791== 
==64791== I   refs:      38,902,346,875
==64791== I1  misses:           432,396
==64791== LLi misses:             6,017
==64791== I1  miss rate:           0.00%
==64791== LLi miss rate:           0.00%
==64791== 
==64791== D   refs:      16,972,898,322  (10,249,491,917 rd   + 6,723,406,405 wr)
==64791== D1  misses:        31,089,107  (    25,763,981 rd   +     5,325,126 wr)
==64791== LLd misses:         9,602,907  (     5,430,211 rd   +     4,172,696 wr)
==64791== D1  miss rate:            0.2% (           0.3%     +           0.1%  )
==64791== LLd miss rate:            0.1% (           0.1%     +           0.1%  )
==64791== 
==64791== LL refs:           31,521,503  (    26,196,377 rd   +     5,325,126 wr)
==64791== LL misses:          9,608,924  (     5,436,228 rd   +     4,172,696 wr)
==64791== LL miss rate:             0.0% (           0.0%     +           0.1%  )
