==62584== Cachegrind, a cache and branch-prediction profiler
==62584== Copyright (C) 2002-2017, and GNU GPL'd, by Nicholas Nethercote et al.
==62584== Using Valgrind-3.16.1 and LibVEX; rerun with -h for copyright info
==62584== Command: ./inst/amd64-linux.gcc-serial.pre/bin/rtview inputs/happy_buddha.obj -nodisplay -automove -nthreads 1 -frames 3 -res 960 540
==62584== 
--62584-- warning: L3 cache found, using its data for the LL simulation.
--62584-- warning: specified LL cache: line_size 64  assoc 11  total_size 25,952,256
--62584-- warning: simulated LL cache: line_size 64  assoc 12  total_size 25,165,824
FIFO cache replacement will be used
==62584== brk segment overflow in thread #1: can't grow to 0x4a39000
==62584== (see section Limitations in user manual)
==62584== NOTE: further instances of this message will not be shown
==62584== 
==62584== I   refs:      33,950,961,596
==62584== I1  misses:             4,311
==62584== LLi misses:             4,295
==62584== I1  miss rate:           0.00%
==62584== LLi miss rate:           0.00%
==62584== 
==62584== D   refs:      14,344,892,244  (8,662,306,762 rd   + 5,682,585,482 wr)
==62584== D1  misses:        17,587,834  (   13,160,703 rd   +     4,427,131 wr)
==62584== LLd misses:         8,749,811  (    4,947,300 rd   +     3,802,511 wr)
==62584== D1  miss rate:            0.1% (          0.2%     +           0.1%  )
==62584== LLd miss rate:            0.1% (          0.1%     +           0.1%  )
==62584== 
==62584== LL refs:           17,592,145  (   13,165,014 rd   +     4,427,131 wr)
==62584== LL misses:          8,754,106  (    4,951,595 rd   +     3,802,511 wr)
==62584== LL miss rate:             0.0% (          0.0%     +           0.1%  )
