==18126== Cachegrind, a cache and branch-prediction profiler
==18126== Copyright (C) 2002-2017, and GNU GPL'd, by Nicholas Nethercote et al.
==18126== Using Valgrind-3.16.1 and LibVEX; rerun with -h for copyright info
==18126== Command: ./inst/amd64-linux.gcc-serial.pre/bin/vips --vips-concurrency=1 im_benchmark ./inputs/vulture_2336x2336.v output-medium-date.v
==18126== 
--18126-- warning: L3 cache found, using its data for the LL simulation.
--18126-- warning: specified LL cache: line_size 64  assoc 11  total_size 25,952,256
--18126-- warning: simulated LL cache: line_size 64  assoc 12  total_size 25,165,824
LIP cache replacement will be used
==18126== 
==18126== I   refs:      12,118,789,054
==18126== I1  misses:             5,326
==18126== LLi misses:             5,320
==18126== I1  miss rate:           0.00%
==18126== LLi miss rate:           0.00%
==18126== 
==18126== D   refs:       3,142,675,186  (2,573,452,982 rd   + 569,222,204 wr)
==18126== D1  misses:           355,548  (      292,179 rd   +      63,369 wr)
==18126== LLd misses:           355,365  (      292,066 rd   +      63,299 wr)
==18126== D1  miss rate:            0.0% (          0.0%     +         0.0%  )
==18126== LLd miss rate:            0.0% (          0.0%     +         0.0%  )
==18126== 
==18126== LL refs:              360,874  (      297,505 rd   +      63,369 wr)
==18126== LL misses:            360,685  (      297,386 rd   +      63,299 wr)
==18126== LL miss rate:             0.0% (          0.0%     +         0.0%  )
