==14279== Cachegrind, a cache and branch-prediction profiler
==14279== Copyright (C) 2002-2017, and GNU GPL'd, by Nicholas Nethercote et al.
==14279== Using Valgrind-3.16.1 and LibVEX; rerun with -h for copyright info
==14279== Command: ./inst/amd64-linux.gcc-serial.pre/bin/streamcluster 10 20 128 16384 16384 1000 none /dev/null 1
==14279== 
--14279-- warning: L3 cache found, using its data for the LL simulation.
--14279-- warning: specified LL cache: line_size 64  assoc 11  total_size 25,952,256
--14279-- warning: simulated LL cache: line_size 64  assoc 12  total_size 25,165,824
BIP cache replacement will be used
BIP Throttle parameter is set to 0.015625
PARSEC Benchmark Suite Version 2.1
read 16384 points
==14279== 
==14279== I   refs:      20,343,633,218
==14279== I1  misses:            16,042
==14279== LLi misses:             2,298
==14279== I1  miss rate:           0.00%
==14279== LLi miss rate:           0.00%
==14279== 
==14279== D   refs:       8,076,743,674  (7,986,001,273 rd   + 90,742,401 wr)
==14279== D1  misses:       291,921,238  (  290,259,495 rd   +  1,661,743 wr)
==14279== LLd misses:         6,791,507  (    6,639,393 rd   +    152,114 wr)
==14279== D1  miss rate:            3.6% (          3.6%     +        1.8%  )
==14279== LLd miss rate:            0.1% (          0.1%     +        0.2%  )
==14279== 
==14279== LL refs:          291,937,280  (  290,275,537 rd   +  1,661,743 wr)
==14279== LL misses:          6,793,805  (    6,641,691 rd   +    152,114 wr)
==14279== LL miss rate:             0.0% (          0.0%     +        0.2%  )
