==64823== Cachegrind, a cache and branch-prediction profiler
==64823== Copyright (C) 2002-2017, and GNU GPL'd, by Nicholas Nethercote et al.
==64823== Using Valgrind-3.16.1 and LibVEX; rerun with -h for copyright info
==64823== Command: ./inst/amd64-linux.gcc-serial.pre/bin/rtview inputs/happy_buddha.obj -nodisplay -automove -nthreads 1 -frames 3 -res 1920 1080
==64823== 
--64823-- warning: L3 cache found, using its data for the LL simulation.
--64823-- warning: specified LL cache: line_size 64  assoc 11  total_size 25,952,256
--64823-- warning: simulated LL cache: line_size 64  assoc 12  total_size 25,165,824
LIP cache replacement will be used
==64823== brk segment overflow in thread #1: can't grow to 0x4a39000
==64823== (see section Limitations in user manual)
==64823== NOTE: further instances of this message will not be shown
==64823== 
==64823== I   refs:      38,902,346,867
==64823== I1  misses:             4,447
==64823== LLi misses:             4,423
==64823== I1  miss rate:           0.00%
==64823== LLi miss rate:           0.00%
==64823== 
==64823== D   refs:      16,972,898,318  (10,249,491,916 rd   + 6,723,406,402 wr)
==64823== D1  misses:        50,350,262  (    33,072,655 rd   +    17,277,607 wr)
==64823== LLd misses:        12,479,187  (     8,403,149 rd   +     4,076,038 wr)
==64823== D1  miss rate:            0.3% (           0.3%     +           0.3%  )
==64823== LLd miss rate:            0.1% (           0.1%     +           0.1%  )
==64823== 
==64823== LL refs:           50,354,709  (    33,077,102 rd   +    17,277,607 wr)
==64823== LL misses:         12,483,610  (     8,407,572 rd   +     4,076,038 wr)
==64823== LL miss rate:             0.0% (           0.0%     +           0.1%  )
