==60338== Cachegrind, a cache and branch-prediction profiler
==60338== Copyright (C) 2002-2017, and GNU GPL'd, by Nicholas Nethercote et al.
==60338== Using Valgrind-3.16.1 and LibVEX; rerun with -h for copyright info
==60338== Command: ./inst/amd64-linux.gcc-serial.pre/bin/ferret inputs/corel_large/ lsh inputs/queries_large/ 10 20 1 /dev/null
==60338== 
--60338-- warning: L3 cache found, using its data for the LL simulation.
--60338-- warning: specified LL cache: line_size 64  assoc 11  total_size 25,952,256
--60338-- warning: simulated LL cache: line_size 64  assoc 12  total_size 25,165,824
Random cache replacement will be used
==60338== brk segment overflow in thread #1: can't grow to 0x4a2d000
==60338== (see section Limitations in user manual)
==60338== NOTE: further instances of this message will not be shown
==60338== 
==60338== I   refs:      31,123,553,939
==60338== I1  misses:         2,827,599
==60338== LLi misses:           134,943
==60338== I1  miss rate:           0.01%
==60338== LLi miss rate:           0.00%
==60338== 
==60338== D   refs:      14,075,639,090  (7,298,106,386 rd   + 6,777,532,704 wr)
==60338== D1  misses:       240,195,708  (  137,812,327 rd   +   102,383,381 wr)
==60338== LLd misses:        15,367,171  (   13,845,976 rd   +     1,521,195 wr)
==60338== D1  miss rate:            1.7% (          1.9%     +           1.5%  )
==60338== LLd miss rate:            0.1% (          0.2%     +           0.0%  )
==60338== 
==60338== LL refs:          243,023,307  (  140,639,926 rd   +   102,383,381 wr)
==60338== LL misses:         15,502,114  (   13,980,919 rd   +     1,521,195 wr)
==60338== LL miss rate:             0.0% (          0.0%     +           0.0%  )
