==14251== Cachegrind, a cache and branch-prediction profiler
==14251== Copyright (C) 2002-2017, and GNU GPL'd, by Nicholas Nethercote et al.
==14251== Using Valgrind-3.16.1 and LibVEX; rerun with -h for copyright info
==14251== Command: ./inst/amd64-linux.gcc-serial.pre/bin/streamcluster 10 20 128 16384 16384 1000 none /dev/null 1
==14251== 
--14251-- warning: L3 cache found, using its data for the LL simulation.
--14251-- warning: specified LL cache: line_size 64  assoc 11  total_size 25,952,256
--14251-- warning: simulated LL cache: line_size 64  assoc 12  total_size 25,165,824
BIP cache replacement will be used
BIP Throttle parameter is set to 0.031250
PARSEC Benchmark Suite Version 2.1
read 16384 points
==14251== 
==14251== I   refs:      20,343,633,218
==14251== I1  misses:            16,044
==14251== LLi misses:             2,291
==14251== I1  miss rate:           0.00%
==14251== LLi miss rate:           0.00%
==14251== 
==14251== D   refs:       8,076,743,674  (7,986,001,273 rd   + 90,742,401 wr)
==14251== D1  misses:       291,669,146  (  290,031,033 rd   +  1,638,113 wr)
==14251== LLd misses:         2,353,839  (    2,202,334 rd   +    151,505 wr)
==14251== D1  miss rate:            3.6% (          3.6%     +        1.8%  )
==14251== LLd miss rate:            0.0% (          0.0%     +        0.2%  )
==14251== 
==14251== LL refs:          291,685,190  (  290,047,077 rd   +  1,638,113 wr)
==14251== LL misses:          2,356,130  (    2,204,625 rd   +    151,505 wr)
==14251== LL miss rate:             0.0% (          0.0%     +        0.2%  )
