==13600== Cachegrind, a cache and branch-prediction profiler
==13600== Copyright (C) 2002-2017, and GNU GPL'd, by Nicholas Nethercote et al.
==13600== Using Valgrind-3.16.1 and LibVEX; rerun with -h for copyright info
==13600== Command: ./inst/amd64-linux.gcc-serial.pre/bin/vips --vips-concurrency=1 im_benchmark ./inputs/pomegranate_1600x1200.v output-small-date.v
==13600== 
--13600-- warning: L3 cache found, using its data for the LL simulation.
--13600-- warning: specified LL cache: line_size 64  assoc 11  total_size 25,952,256
--13600-- warning: simulated LL cache: line_size 64  assoc 12  total_size 25,165,824
BIP cache replacement will be used
BIP Throttle parameter is set to 0.015625
==13600== 
==13600== I   refs:      3,968,124,733
==13600== I1  misses:        2,552,491
==13600== LLi misses:            5,446
==13600== I1  miss rate:          0.06%
==13600== LLi miss rate:          0.00%
==13600== 
==13600== D   refs:      1,039,732,715  (847,822,484 rd   + 191,910,231 wr)
==13600== D1  misses:       60,910,417  ( 51,210,783 rd   +   9,699,634 wr)
==13600== LLd misses:          158,353  (     99,770 rd   +      58,583 wr)
==13600== D1  miss rate:           5.9% (        6.0%     +         5.1%  )
==13600== LLd miss rate:           0.0% (        0.0%     +         0.0%  )
==13600== 
==13600== LL refs:          63,462,908  ( 53,763,274 rd   +   9,699,634 wr)
==13600== LL misses:           163,799  (    105,216 rd   +      58,583 wr)
==13600== LL miss rate:            0.0% (        0.0%     +         0.0%  )
