==14147== Cachegrind, a cache and branch-prediction profiler
==14147== Copyright (C) 2002-2017, and GNU GPL'd, by Nicholas Nethercote et al.
==14147== Using Valgrind-3.16.1 and LibVEX; rerun with -h for copyright info
==14147== Command: ./inst/amd64-linux.gcc-serial.pre/bin/streamcluster 10 20 128 16384 16384 1000 none /dev/null 1
==14147== 
--14147-- warning: L3 cache found, using its data for the LL simulation.
--14147-- warning: specified LL cache: line_size 64  assoc 11  total_size 25,952,256
--14147-- warning: simulated LL cache: line_size 64  assoc 12  total_size 25,165,824
LIP cache replacement will be used
PARSEC Benchmark Suite Version 2.1
read 16384 points
==14147== 
==14147== I   refs:      20,343,633,218
==14147== I1  misses:             2,114
==14147== LLi misses:             2,104
==14147== I1  miss rate:           0.00%
==14147== LLi miss rate:           0.00%
==14147== 
==14147== D   refs:       8,076,743,674  (7,986,001,273 rd   + 90,742,401 wr)
==14147== D1  misses:       283,760,516  (  282,703,434 rd   +  1,057,082 wr)
==14147== LLd misses:       115,972,170  (  115,717,199 rd   +    254,971 wr)
==14147== D1  miss rate:            3.5% (          3.5%     +        1.2%  )
==14147== LLd miss rate:            1.4% (          1.4%     +        0.3%  )
==14147== 
==14147== LL refs:          283,762,630  (  282,705,548 rd   +  1,057,082 wr)
==14147== LL misses:        115,974,274  (  115,719,303 rd   +    254,971 wr)
==14147== LL miss rate:             0.4% (          0.4%     +        0.3%  )
