==64955== Cachegrind, a cache and branch-prediction profiler
==64955== Copyright (C) 2002-2017, and GNU GPL'd, by Nicholas Nethercote et al.
==64955== Using Valgrind-3.16.1 and LibVEX; rerun with -h for copyright info
==64955== Command: ./inst/amd64-linux.gcc-serial.pre/bin/rtview inputs/happy_buddha.obj -nodisplay -automove -nthreads 1 -frames 3 -res 1920 1080
==64955== 
--64955-- warning: L3 cache found, using its data for the LL simulation.
--64955-- warning: specified LL cache: line_size 64  assoc 11  total_size 25,952,256
--64955-- warning: simulated LL cache: line_size 64  assoc 12  total_size 25,165,824
BIP cache replacement will be used
BIP Throttle parameter is set to 0.015625
==64955== brk segment overflow in thread #1: can't grow to 0x4a39000
==64955== (see section Limitations in user manual)
==64955== NOTE: further instances of this message will not be shown
==64955== 
==64955== I   refs:      38,902,346,875
==64955== I1  misses:     1,049,218,672
==64955== LLi misses:             6,976
==64955== I1  miss rate:           2.70%
==64955== LLi miss rate:           0.00%
==64955== 
==64955== D   refs:      16,972,898,322  (10,249,491,917 rd   + 6,723,406,405 wr)
==64955== D1  misses:       208,137,819  (   177,268,973 rd   +    30,868,846 wr)
==64955== LLd misses:        12,208,602  (     8,199,586 rd   +     4,009,016 wr)
==64955== D1  miss rate:            1.2% (           1.7%     +           0.5%  )
==64955== LLd miss rate:            0.1% (           0.1%     +           0.1%  )
==64955== 
==64955== LL refs:        1,257,356,491  ( 1,226,487,645 rd   +    30,868,846 wr)
==64955== LL misses:         12,215,578  (     8,206,562 rd   +     4,009,016 wr)
==64955== LL miss rate:             0.0% (           0.0%     +           0.1%  )
