==62490== Cachegrind, a cache and branch-prediction profiler
==62490== Copyright (C) 2002-2017, and GNU GPL'd, by Nicholas Nethercote et al.
==62490== Using Valgrind-3.16.1 and LibVEX; rerun with -h for copyright info
==62490== Command: ./inst/amd64-linux.gcc-serial.pre/bin/rtview inputs/happy_buddha.obj -nodisplay -automove -nthreads 1 -frames 3 -res 960 540
==62490== 
--62490-- warning: L3 cache found, using its data for the LL simulation.
--62490-- warning: specified LL cache: line_size 64  assoc 11  total_size 25,952,256
--62490-- warning: simulated LL cache: line_size 64  assoc 12  total_size 25,165,824
LRU cache replacement will be used
==62490== brk segment overflow in thread #1: can't grow to 0x4a39000
==62490== (see section Limitations in user manual)
==62490== NOTE: further instances of this message will not be shown
==62490== 
==62490== I   refs:      33,950,961,577
==62490== I1  misses:           373,594
==62490== LLi misses:             5,553
==62490== I1  miss rate:           0.00%
==62490== LLi miss rate:           0.00%
==62490== 
==62490== D   refs:      14,344,892,237  (8,662,306,759 rd   + 5,682,585,478 wr)
==62490== D1  misses:        29,879,387  (   24,862,417 rd   +     5,016,970 wr)
==62490== LLd misses:         8,730,905  (    4,878,848 rd   +     3,852,057 wr)
==62490== D1  miss rate:            0.2% (          0.3%     +           0.1%  )
==62490== LLd miss rate:            0.1% (          0.1%     +           0.1%  )
==62490== 
==62490== LL refs:           30,252,981  (   25,236,011 rd   +     5,016,970 wr)
==62490== LL misses:          8,736,458  (    4,884,401 rd   +     3,852,057 wr)
==62490== LL miss rate:             0.0% (          0.0%     +           0.1%  )
