==64897== Cachegrind, a cache and branch-prediction profiler
==64897== Copyright (C) 2002-2017, and GNU GPL'd, by Nicholas Nethercote et al.
==64897== Using Valgrind-3.16.1 and LibVEX; rerun with -h for copyright info
==64897== Command: ./inst/amd64-linux.gcc-serial.pre/bin/rtview inputs/happy_buddha.obj -nodisplay -automove -nthreads 1 -frames 3 -res 1920 1080
==64897== 
--64897-- warning: L3 cache found, using its data for the LL simulation.
--64897-- warning: specified LL cache: line_size 64  assoc 11  total_size 25,952,256
--64897-- warning: simulated LL cache: line_size 64  assoc 12  total_size 25,165,824
BIP cache replacement will be used
BIP Throttle parameter is set to 0.062500
==64897== brk segment overflow in thread #1: can't grow to 0x4a39000
==64897== (see section Limitations in user manual)
==64897== NOTE: further instances of this message will not be shown
==64897== 
==64897== I   refs:      38,902,346,857
==64897== I1  misses:     2,191,953,738
==64897== LLi misses:             7,094
==64897== I1  miss rate:           5.63%
==64897== LLi miss rate:           0.00%
==64897== 
==64897== D   refs:      16,972,898,310  (10,249,491,914 rd   + 6,723,406,396 wr)
==64897== D1  misses:       459,889,682  (   389,386,688 rd   +    70,502,994 wr)
==64897== LLd misses:        11,350,189  (     7,281,503 rd   +     4,068,686 wr)
==64897== D1  miss rate:            2.7% (           3.8%     +           1.0%  )
==64897== LLd miss rate:            0.1% (           0.1%     +           0.1%  )
==64897== 
==64897== LL refs:        2,651,843,420  ( 2,581,340,426 rd   +    70,502,994 wr)
==64897== LL misses:         11,357,283  (     7,288,597 rd   +     4,068,686 wr)
==64897== LL miss rate:             0.0% (           0.0%     +           0.1%  )
