==66718== Cachegrind, a cache and branch-prediction profiler
==66718== Copyright (C) 2002-2017, and GNU GPL'd, by Nicholas Nethercote et al.
==66718== Using Valgrind-3.16.1 and LibVEX; rerun with -h for copyright info
==66718== Command: ./inst/amd64-linux.gcc.pre/bin/canneal 1 15000 2000 run/400000.nets 128
==66718== 
--66718-- warning: L3 cache found, using its data for the LL simulation.
--66718-- warning: specified LL cache: line_size 64  assoc 11  total_size 25,952,256
--66718-- warning: simulated LL cache: line_size 64  assoc 12  total_size 25,165,824
LIP cache replacement will be used
==66718== brk segment overflow in thread #1: can't grow to 0x4a31000
==66718== (see section Limitations in user manual)
==66718== NOTE: further instances of this message will not be shown
==66718== 
==66718== I   refs:      6,574,245,409
==66718== I1  misses:      272,986,238
==66718== LLi misses:            4,160
==66718== I1  miss rate:          4.15%
==66718== LLi miss rate:          0.00%
==66718== 
==66718== D   refs:      2,492,073,512  (1,890,322,139 rd   + 601,751,373 wr)
==66718== D1  misses:      332,182,005  (  319,947,866 rd   +  12,234,139 wr)
==66718== LLd misses:       38,215,778  (   35,065,145 rd   +   3,150,633 wr)
==66718== D1  miss rate:          13.3% (         16.9%     +         2.0%  )
==66718== LLd miss rate:           1.5% (          1.9%     +         0.5%  )
==66718== 
==66718== LL refs:         605,168,243  (  592,934,104 rd   +  12,234,139 wr)
==66718== LL misses:        38,219,938  (   35,069,305 rd   +   3,150,633 wr)
==66718== LL miss rate:            0.4% (          0.4%     +         0.5%  )
