==64939== Cachegrind, a cache and branch-prediction profiler
==64939== Copyright (C) 2002-2017, and GNU GPL'd, by Nicholas Nethercote et al.
==64939== Using Valgrind-3.16.1 and LibVEX; rerun with -h for copyright info
==64939== Command: ./inst/amd64-linux.gcc-serial.pre/bin/rtview inputs/happy_buddha.obj -nodisplay -automove -nthreads 1 -frames 3 -res 1920 1080
==64939== 
--64939-- warning: L3 cache found, using its data for the LL simulation.
--64939-- warning: specified LL cache: line_size 64  assoc 11  total_size 25,952,256
--64939-- warning: simulated LL cache: line_size 64  assoc 12  total_size 25,165,824
BIP cache replacement will be used
BIP Throttle parameter is set to 0.031250
==64939== brk segment overflow in thread #1: can't grow to 0x4a39000
==64939== (see section Limitations in user manual)
==64939== NOTE: further instances of this message will not be shown
==64939== 
==64939== I   refs:      38,902,346,896
==64939== I1  misses:             4,316
==64939== LLi misses:             4,300
==64939== I1  miss rate:           0.00%
==64939== LLi miss rate:           0.00%
==64939== 
==64939== D   refs:      16,972,898,327  (10,249,491,921 rd   + 6,723,406,406 wr)
==64939== D1  misses:        20,604,142  (    15,875,949 rd   +     4,728,193 wr)
==64939== LLd misses:        12,053,426  (     7,893,418 rd   +     4,160,008 wr)
==64939== D1  miss rate:            0.1% (           0.2%     +           0.1%  )
==64939== LLd miss rate:            0.1% (           0.1%     +           0.1%  )
==64939== 
==64939== LL refs:           20,608,458  (    15,880,265 rd   +     4,728,193 wr)
==64939== LL misses:         12,057,726  (     7,897,718 rd   +     4,160,008 wr)
==64939== LL miss rate:             0.0% (           0.0%     +           0.1%  )
