==18252== Cachegrind, a cache and branch-prediction profiler
==18252== Copyright (C) 2002-2017, and GNU GPL'd, by Nicholas Nethercote et al.
==18252== Using Valgrind-3.16.1 and LibVEX; rerun with -h for copyright info
==18252== Command: ./inst/amd64-linux.gcc-serial.pre/bin/vips --vips-concurrency=1 im_benchmark ./inputs/vulture_2336x2336.v output-medium-date.v
==18252== 
--18252-- warning: L3 cache found, using its data for the LL simulation.
--18252-- warning: specified LL cache: line_size 64  assoc 11  total_size 25,952,256
--18252-- warning: simulated LL cache: line_size 64  assoc 12  total_size 25,165,824
BIP cache replacement will be used
BIP Throttle parameter is set to 0.015625
==18252== 
==18252== I   refs:      12,118,789,054
==18252== I1  misses:            23,761
==18252== LLi misses:             5,699
==18252== I1  miss rate:           0.00%
==18252== LLi miss rate:           0.00%
==18252== 
==18252== D   refs:       3,142,675,186  (2,573,452,982 rd   + 569,222,204 wr)
==18252== D1  misses:        48,383,754  (   28,921,070 rd   +  19,462,684 wr)
==18252== LLd misses:           377,144  (      301,268 rd   +      75,876 wr)
==18252== D1  miss rate:            1.5% (          1.1%     +         3.4%  )
==18252== LLd miss rate:            0.0% (          0.0%     +         0.0%  )
==18252== 
==18252== LL refs:           48,407,515  (   28,944,831 rd   +  19,462,684 wr)
==18252== LL misses:            382,843  (      306,967 rd   +      75,876 wr)
==18252== LL miss rate:             0.0% (          0.0%     +         0.0%  )
