==24316== Cachegrind, a cache and branch-prediction profiler
==24316== Copyright (C) 2002-2017, and GNU GPL'd, by Nicholas Nethercote et al.
==24316== Using Valgrind-3.16.1 and LibVEX; rerun with -h for copyright info
==24316== Command: ./fir
==24316== 
--24316-- warning: L3 cache found, using its data for the LL simulation.
--24316-- warning: specified LL cache: line_size 64  assoc 11  total_size 25,952,256
--24316-- warning: simulated LL cache: line_size 64  assoc 12  total_size 25,165,824
Random cache replacement will be used
==24316== 
==24316== I   refs:      469,954
==24316== I1  misses:     10,782
==24316== LLi misses:        852
==24316== I1  miss rate:    2.29%
==24316== LLi miss rate:    0.18%
==24316== 
==24316== D   refs:      292,529  (229,679 rd   + 62,850 wr)
==24316== D1  misses:     38,315  ( 32,881 rd   +  5,434 wr)
==24316== LLd misses:      1,757  (  1,210 rd   +    547 wr)
==24316== D1  miss rate:    13.1% (   14.3%     +    8.6%  )
==24316== LLd miss rate:     0.6% (    0.5%     +    0.9%  )
==24316== 
==24316== LL refs:        49,097  ( 43,663 rd   +  5,434 wr)
==24316== LL misses:       2,609  (  2,062 rd   +    547 wr)
==24316== LL miss rate:      0.3% (    0.3%     +    0.9%  )
