==24923== Cachegrind, a cache and branch-prediction profiler
==24923== Copyright (C) 2002-2017, and GNU GPL'd, by Nicholas Nethercote et al.
==24923== Using Valgrind-3.16.1 and LibVEX; rerun with -h for copyright info
==24923== Command: ./fdct
==24923== 
--24923-- warning: L3 cache found, using its data for the LL simulation.
--24923-- warning: specified LL cache: line_size 64  assoc 11  total_size 25,952,256
--24923-- warning: simulated LL cache: line_size 64  assoc 12  total_size 25,165,824
LRU cache replacement will be used
==24923== 
==24923== I   refs:      117,336
==24923== I1  misses:      1,526
==24923== LLi misses:        873
==24923== I1  miss rate:    1.30%
==24923== LLi miss rate:    0.74%
==24923== 
==24923== D   refs:       40,903  (30,002 rd   + 10,901 wr)
==24923== D1  misses:      3,100  ( 2,102 rd   +    998 wr)
==24923== LLd misses:      1,627  ( 1,108 rd   +    519 wr)
==24923== D1  miss rate:     7.6% (   7.0%     +    9.2%  )
==24923== LLd miss rate:     4.0% (   3.7%     +    4.8%  )
==24923== 
==24923== LL refs:         4,626  ( 3,628 rd   +    998 wr)
==24923== LL misses:       2,500  ( 1,981 rd   +    519 wr)
==24923== LL miss rate:      1.6% (   1.3%     +    4.8%  )
