==25059== Cachegrind, a cache and branch-prediction profiler
==25059== Copyright (C) 2002-2017, and GNU GPL'd, by Nicholas Nethercote et al.
==25059== Using Valgrind-3.16.1 and LibVEX; rerun with -h for copyright info
==25059== Command: ./lms
==25059== 
--25059-- warning: L3 cache found, using its data for the LL simulation.
--25059-- warning: specified LL cache: line_size 64  assoc 11  total_size 25,952,256
--25059-- warning: simulated LL cache: line_size 64  assoc 12  total_size 25,165,824
LRU cache replacement will be used
==25059== 
==25059== I   refs:      323,821,374
==25059== I1  misses:          1,890
==25059== LLi misses:            874
==25059== I1  miss rate:        0.00%
==25059== LLi miss rate:        0.00%
==25059== 
==25059== D   refs:      173,760,405  (148,458,023 rd   + 25,302,382 wr)
==25059== D1  misses:          8,463  (      4,924 rd   +      3,539 wr)
==25059== LLd misses:          2,893  (      1,122 rd   +      1,771 wr)
==25059== D1  miss rate:         0.0% (        0.0%     +        0.0%  )
==25059== LLd miss rate:         0.0% (        0.0%     +        0.0%  )
==25059== 
==25059== LL refs:            10,353  (      6,814 rd   +      3,539 wr)
==25059== LL misses:           3,767  (      1,996 rd   +      1,771 wr)
==25059== LL miss rate:          0.0% (        0.0%     +        0.0%  )
