==24614== Cachegrind, a cache and branch-prediction profiler
==24614== Copyright (C) 2002-2017, and GNU GPL'd, by Nicholas Nethercote et al.
==24614== Using Valgrind-3.16.1 and LibVEX; rerun with -h for copyright info
==24614== Command: ./select
==24614== 
--24614-- warning: L3 cache found, using its data for the LL simulation.
--24614-- warning: specified LL cache: line_size 64  assoc 11  total_size 25,952,256
--24614-- warning: simulated LL cache: line_size 64  assoc 12  total_size 25,165,824
LRU cache replacement will be used
==24614== 
==24614== I   refs:      113,358
==24614== I1  misses:      8,606
==24614== LLi misses:        855
==24614== I1  miss rate:    7.59%
==24614== LLi miss rate:    0.75%
==24614== 
==24614== D   refs:       38,691  (28,463 rd   + 10,228 wr)
==24614== D1  misses:     10,462  ( 8,202 rd   +  2,260 wr)
==24614== LLd misses:      1,627  ( 1,108 rd   +    519 wr)
==24614== D1  miss rate:    27.0% (  28.8%     +   22.1%  )
==24614== LLd miss rate:     4.2% (   3.9%     +    5.1%  )
==24614== 
==24614== LL refs:        19,068  (16,808 rd   +  2,260 wr)
==24614== LL misses:       2,482  ( 1,963 rd   +    519 wr)
==24614== LL miss rate:      1.6% (   1.4%     +    5.1%  )
