==25211== Cachegrind, a cache and branch-prediction profiler
==25211== Copyright (C) 2002-2017, and GNU GPL'd, by Nicholas Nethercote et al.
==25211== Using Valgrind-3.16.1 and LibVEX; rerun with -h for copyright info
==25211== Command: ./qsort-exam
==25211== 
--25211-- warning: L3 cache found, using its data for the LL simulation.
--25211-- warning: specified LL cache: line_size 64  assoc 11  total_size 25,952,256
--25211-- warning: simulated LL cache: line_size 64  assoc 12  total_size 25,165,824
LRU cache replacement will be used
==25211== 
==25211== I   refs:      114,091
==25211== I1  misses:      1,509
==25211== LLi misses:        865
==25211== I1  miss rate:    1.32%
==25211== LLi miss rate:    0.76%
==25211== 
==25211== D   refs:       39,074  (28,781 rd   + 10,293 wr)
==25211== D1  misses:      3,100  ( 2,099 rd   +  1,001 wr)
==25211== LLd misses:      1,625  ( 1,107 rd   +    518 wr)
==25211== D1  miss rate:     7.9% (   7.3%     +    9.7%  )
==25211== LLd miss rate:     4.2% (   3.8%     +    5.0%  )
==25211== 
==25211== LL refs:         4,609  ( 3,608 rd   +  1,001 wr)
==25211== LL misses:       2,490  ( 1,972 rd   +    518 wr)
==25211== LL miss rate:      1.6% (   1.4%     +    5.0%  )
