==24503== Cachegrind, a cache and branch-prediction profiler
==24503== Copyright (C) 2002-2017, and GNU GPL'd, by Nicholas Nethercote et al.
==24503== Using Valgrind-3.16.1 and LibVEX; rerun with -h for copyright info
==24503== Command: ./ns
==24503== 
--24503-- warning: L3 cache found, using its data for the LL simulation.
--24503-- warning: specified LL cache: line_size 64  assoc 11  total_size 25,952,256
--24503-- warning: simulated LL cache: line_size 64  assoc 12  total_size 25,165,824
LIP cache replacement will be used
==24503== 
==24503== I   refs:      133,602
==24503== I1  misses:      9,405
==24503== LLi misses:        848
==24503== I1  miss rate:    7.04%
==24503== LLi miss rate:    0.63%
==24503== 
==24503== D   refs:       43,891  (33,575 rd   + 10,316 wr)
==24503== D1  misses:     14,150  (10,871 rd   +  3,279 wr)
==24503== LLd misses:      1,669  ( 1,150 rd   +    519 wr)
==24503== D1  miss rate:    32.2% (  32.4%     +   31.8%  )
==24503== LLd miss rate:     3.8% (   3.4%     +    5.0%  )
==24503== 
==24503== LL refs:        23,555  (20,276 rd   +  3,279 wr)
==24503== LL misses:       2,517  ( 1,998 rd   +    519 wr)
==24503== LL miss rate:      1.4% (   1.2%     +    5.0%  )
