==24630== Cachegrind, a cache and branch-prediction profiler
==24630== Copyright (C) 2002-2017, and GNU GPL'd, by Nicholas Nethercote et al.
==24630== Using Valgrind-3.16.1 and LibVEX; rerun with -h for copyright info
==24630== Command: ./select
==24630== 
--24630-- warning: L3 cache found, using its data for the LL simulation.
--24630-- warning: specified LL cache: line_size 64  assoc 11  total_size 25,952,256
--24630-- warning: simulated LL cache: line_size 64  assoc 12  total_size 25,165,824
LRU cache replacement will be used
==24630== 
==24630== I   refs:      113,358
==24630== I1  misses:      1,587
==24630== LLi misses:        855
==24630== I1  miss rate:    1.40%
==24630== LLi miss rate:    0.75%
==24630== 
==24630== D   refs:       38,691  (28,463 rd   + 10,228 wr)
==24630== D1  misses:      3,179  ( 2,174 rd   +  1,005 wr)
==24630== LLd misses:      1,627  ( 1,108 rd   +    519 wr)
==24630== D1  miss rate:     8.2% (   7.6%     +    9.8%  )
==24630== LLd miss rate:     4.2% (   3.9%     +    5.1%  )
==24630== 
==24630== LL refs:         4,766  ( 3,761 rd   +  1,005 wr)
==24630== LL misses:       2,482  ( 1,963 rd   +    519 wr)
==24630== LL miss rate:      1.6% (   1.4%     +    5.1%  )
