==25245== Cachegrind, a cache and branch-prediction profiler
==25245== Copyright (C) 2002-2017, and GNU GPL'd, by Nicholas Nethercote et al.
==25245== Using Valgrind-3.16.1 and LibVEX; rerun with -h for copyright info
==25245== Command: ./statemate
==25245== 
--25245-- warning: L3 cache found, using its data for the LL simulation.
--25245-- warning: specified LL cache: line_size 64  assoc 11  total_size 25,952,256
--25245-- warning: simulated LL cache: line_size 64  assoc 12  total_size 25,165,824
Random cache replacement will be used
==25245== 
==25245== I   refs:      113,232
==25245== I1  misses:      1,796
==25245== LLi misses:        891
==25245== I1  miss rate:    1.59%
==25245== LLi miss rate:    0.79%
==25245== 
==25245== D   refs:       38,847  (28,395 rd   + 10,452 wr)
==25245== D1  misses:      3,454  ( 2,378 rd   +  1,076 wr)
==25245== LLd misses:      1,630  ( 1,107 rd   +    523 wr)
==25245== D1  miss rate:     8.9% (   8.4%     +   10.3%  )
==25245== LLd miss rate:     4.2% (   3.9%     +    5.0%  )
==25245== 
==25245== LL refs:         5,250  ( 4,174 rd   +  1,076 wr)
==25245== LL misses:       2,521  ( 1,998 rd   +    523 wr)
==25245== LL miss rate:      1.7% (   1.4%     +    5.0%  )
