==24403== Cachegrind, a cache and branch-prediction profiler
==24403== Copyright (C) 2002-2017, and GNU GPL'd, by Nicholas Nethercote et al.
==24403== Using Valgrind-3.16.1 and LibVEX; rerun with -h for copyright info
==24403== Command: ./lcdnum
==24403== 
--24403-- warning: L3 cache found, using its data for the LL simulation.
--24403-- warning: specified LL cache: line_size 64  assoc 11  total_size 25,952,256
--24403-- warning: simulated LL cache: line_size 64  assoc 12  total_size 25,165,824
FIFO cache replacement will be used
==24403== 
==24403== I   refs:      112,712
==24403== I1  misses:      6,234
==24403== LLi misses:        844
==24403== I1  miss rate:    5.53%
==24403== LLi miss rate:    0.75%
==24403== 
==24403== D   refs:       38,378  (28,189 rd   + 10,189 wr)
==24403== D1  misses:      6,673  ( 4,975 rd   +  1,698 wr)
==24403== LLd misses:      1,626  ( 1,107 rd   +    519 wr)
==24403== D1  miss rate:    17.4% (  17.6%     +   16.7%  )
==24403== LLd miss rate:     4.2% (   3.9%     +    5.1%  )
==24403== 
==24403== LL refs:        12,907  (11,209 rd   +  1,698 wr)
==24403== LL misses:       2,470  ( 1,951 rd   +    519 wr)
==24403== LL miss rate:      1.6% (   1.4%     +    5.1%  )
