==24102== Cachegrind, a cache and branch-prediction profiler
==24102== Copyright (C) 2002-2017, and GNU GPL'd, by Nicholas Nethercote et al.
==24102== Using Valgrind-3.16.1 and LibVEX; rerun with -h for copyright info
==24102== Command: ./bsort100
==24102== 
--24102-- warning: L3 cache found, using its data for the LL simulation.
--24102-- warning: specified LL cache: line_size 64  assoc 11  total_size 25,952,256
--24102-- warning: simulated LL cache: line_size 64  assoc 12  total_size 25,165,824
Random cache replacement will be used
==24102== 
==24102== I   refs:      176,290
==24102== I1  misses:      9,458
==24102== LLi misses:        848
==24102== I1  miss rate:    5.37%
==24102== LLi miss rate:    0.48%
==24102== 
==24102== D   refs:       69,647  (54,431 rd   + 15,216 wr)
==24102== D1  misses:     14,185  (10,703 rd   +  3,482 wr)
==24102== LLd misses:      1,630  ( 1,108 rd   +    522 wr)
==24102== D1  miss rate:    20.4% (  19.7%     +   22.9%  )
==24102== LLd miss rate:     2.3% (   2.0%     +    3.4%  )
==24102== 
==24102== LL refs:        23,643  (20,161 rd   +  3,482 wr)
==24102== LL misses:       2,478  ( 1,956 rd   +    522 wr)
==24102== LL miss rate:      1.0% (   0.8%     +    3.4%  )
