==24086== Cachegrind, a cache and branch-prediction profiler
==24086== Copyright (C) 2002-2017, and GNU GPL'd, by Nicholas Nethercote et al.
==24086== Using Valgrind-3.16.1 and LibVEX; rerun with -h for copyright info
==24086== Command: ./adpcm
==24086== 
--24086-- warning: L3 cache found, using its data for the LL simulation.
--24086-- warning: specified LL cache: line_size 64  assoc 11  total_size 25,952,256
--24086-- warning: simulated LL cache: line_size 64  assoc 12  total_size 25,165,824
Random cache replacement will be used
==24086== 
==24086== I   refs:      22,925,516
==24086== I1  misses:         1,887
==24086== LLi misses:           925
==24086== I1  miss rate:       0.01%
==24086== LLi miss rate:       0.00%
==24086== 
==24086== D   refs:      14,523,017  (13,305,638 rd   + 1,217,379 wr)
==24086== D1  misses:         3,469  (     2,385 rd   +     1,084 wr)
==24086== LLd misses:         1,658  (     1,118 rd   +       540 wr)
==24086== D1  miss rate:        0.0% (       0.0%     +       0.1%  )
==24086== LLd miss rate:        0.0% (       0.0%     +       0.0%  )
==24086== 
==24086== LL refs:            5,356  (     4,272 rd   +     1,084 wr)
==24086== LL misses:          2,583  (     2,043 rd   +       540 wr)
==24086== LL miss rate:         0.0% (       0.0%     +       0.0%  )
