==24904== Cachegrind, a cache and branch-prediction profiler
==24904== Copyright (C) 2002-2017, and GNU GPL'd, by Nicholas Nethercote et al.
==24904== Using Valgrind-3.16.1 and LibVEX; rerun with -h for copyright info
==24904== Command: ./fdct
==24904== 
--24904-- warning: L3 cache found, using its data for the LL simulation.
--24904-- warning: specified LL cache: line_size 64  assoc 11  total_size 25,952,256
--24904-- warning: simulated LL cache: line_size 64  assoc 12  total_size 25,165,824
Random cache replacement will be used
==24904== 
==24904== I   refs:      117,336
==24904== I1  misses:      8,397
==24904== LLi misses:        874
==24904== I1  miss rate:    7.16%
==24904== LLi miss rate:    0.74%
==24904== 
==24904== D   refs:       40,903  (30,002 rd   + 10,901 wr)
==24904== D1  misses:     10,765  ( 8,222 rd   +  2,543 wr)
==24904== LLd misses:      1,629  ( 1,110 rd   +    519 wr)
==24904== D1  miss rate:    26.3% (  27.4%     +   23.3%  )
==24904== LLd miss rate:     4.0% (   3.7%     +    4.8%  )
==24904== 
==24904== LL refs:        19,162  (16,619 rd   +  2,543 wr)
==24904== LL misses:       2,503  ( 1,984 rd   +    519 wr)
==24904== LL miss rate:      1.6% (   1.3%     +    4.8%  )
