==24124== Cachegrind, a cache and branch-prediction profiler
==24124== Copyright (C) 2002-2017, and GNU GPL'd, by Nicholas Nethercote et al.
==24124== Using Valgrind-3.16.1 and LibVEX; rerun with -h for copyright info
==24124== Command: ./bsort100
==24124== 
--24124-- warning: L3 cache found, using its data for the LL simulation.
--24124-- warning: specified LL cache: line_size 64  assoc 11  total_size 25,952,256
--24124-- warning: simulated LL cache: line_size 64  assoc 12  total_size 25,165,824
LRU cache replacement will be used
==24124== 
==24124== I   refs:      176,290
==24124== I1  misses:      1,475
==24124== LLi misses:        847
==24124== I1  miss rate:    0.84%
==24124== LLi miss rate:    0.48%
==24124== 
==24124== D   refs:       69,647  (54,431 rd   + 15,216 wr)
==24124== D1  misses:      3,108  ( 2,102 rd   +  1,006 wr)
==24124== LLd misses:      1,627  ( 1,106 rd   +    521 wr)
==24124== D1  miss rate:     4.5% (   3.9%     +    6.6%  )
==24124== LLd miss rate:     2.3% (   2.0%     +    3.4%  )
==24124== 
==24124== LL refs:         4,583  ( 3,577 rd   +  1,006 wr)
==24124== LL misses:       2,474  ( 1,953 rd   +    521 wr)
==24124== LL miss rate:      1.0% (   0.8%     +    3.4%  )
