==24321== Cachegrind, a cache and branch-prediction profiler
==24321== Copyright (C) 2002-2017, and GNU GPL'd, by Nicholas Nethercote et al.
==24321== Using Valgrind-3.16.1 and LibVEX; rerun with -h for copyright info
==24321== Command: ./fir
==24321== 
--24321-- warning: L3 cache found, using its data for the LL simulation.
--24321-- warning: specified LL cache: line_size 64  assoc 11  total_size 25,952,256
--24321-- warning: simulated LL cache: line_size 64  assoc 12  total_size 25,165,824
FIFO cache replacement will be used
==24321== 
==24321== I   refs:      469,954
==24321== I1  misses:      9,380
==24321== LLi misses:        851
==24321== I1  miss rate:    2.00%
==24321== LLi miss rate:    0.18%
==24321== 
==24321== D   refs:      292,529  (229,679 rd   + 62,850 wr)
==24321== D1  misses:     29,541  ( 25,413 rd   +  4,128 wr)
==24321== LLd misses:      1,755  (  1,208 rd   +    547 wr)
==24321== D1  miss rate:    10.1% (   11.1%     +    6.6%  )
==24321== LLd miss rate:     0.6% (    0.5%     +    0.9%  )
==24321== 
==24321== LL refs:        38,921  ( 34,793 rd   +  4,128 wr)
==24321== LL misses:       2,606  (  2,059 rd   +    547 wr)
==24321== LL miss rate:      0.3% (    0.3%     +    0.9%  )
