==24065== Cachegrind, a cache and branch-prediction profiler
==24065== Copyright (C) 2002-2017, and GNU GPL'd, by Nicholas Nethercote et al.
==24065== Using Valgrind-3.16.1 and LibVEX; rerun with -h for copyright info
==24065== Command: ./adpcm
==24065== 
--24065-- warning: L3 cache found, using its data for the LL simulation.
--24065-- warning: specified LL cache: line_size 64  assoc 11  total_size 25,952,256
--24065-- warning: simulated LL cache: line_size 64  assoc 12  total_size 25,165,824
Random cache replacement will be used
==24065== 
==24065== I   refs:      22,925,516
==24065== I1  misses:        10,008
==24065== LLi misses:           926
==24065== I1  miss rate:       0.04%
==24065== LLi miss rate:       0.00%
==24065== 
==24065== D   refs:      14,523,017  (13,305,638 rd   + 1,217,379 wr)
==24065== D1  misses:        14,730  (    11,056 rd   +     3,674 wr)
==24065== LLd misses:         1,657  (     1,117 rd   +       540 wr)
==24065== D1  miss rate:        0.1% (       0.1%     +       0.3%  )
==24065== LLd miss rate:        0.0% (       0.0%     +       0.0%  )
==24065== 
==24065== LL refs:           24,738  (    21,064 rd   +     3,674 wr)
==24065== LL misses:          2,583  (     2,043 rd   +       540 wr)
==24065== LL miss rate:         0.0% (       0.0%     +       0.0%  )
