==24072== Cachegrind, a cache and branch-prediction profiler
==24072== Copyright (C) 2002-2017, and GNU GPL'd, by Nicholas Nethercote et al.
==24072== Using Valgrind-3.16.1 and LibVEX; rerun with -h for copyright info
==24072== Command: ./adpcm
==24072== 
--24072-- warning: L3 cache found, using its data for the LL simulation.
--24072-- warning: specified LL cache: line_size 64  assoc 11  total_size 25,952,256
--24072-- warning: simulated LL cache: line_size 64  assoc 12  total_size 25,165,824
LIP cache replacement will be used
==24072== 
==24072== I   refs:      22,925,516
==24072== I1  misses:         6,444
==24072== LLi misses:           927
==24072== I1  miss rate:       0.03%
==24072== LLi miss rate:       0.00%
==24072== 
==24072== D   refs:      14,523,017  (13,305,638 rd   + 1,217,379 wr)
==24072== D1  misses:         6,618  (     5,244 rd   +     1,374 wr)
==24072== LLd misses:         1,660  (     1,120 rd   +       540 wr)
==24072== D1  miss rate:        0.0% (       0.0%     +       0.1%  )
==24072== LLd miss rate:        0.0% (       0.0%     +       0.0%  )
==24072== 
==24072== LL refs:           13,062  (    11,688 rd   +     1,374 wr)
==24072== LL misses:          2,587  (     2,047 rd   +       540 wr)
==24072== LL miss rate:         0.0% (       0.0%     +       0.0%  )
