==25182== Cachegrind, a cache and branch-prediction profiler
==25182== Copyright (C) 2002-2017, and GNU GPL'd, by Nicholas Nethercote et al.
==25182== Using Valgrind-3.16.1 and LibVEX; rerun with -h for copyright info
==25182== Command: ./nsichneu
==25182== 
--25182-- warning: L3 cache found, using its data for the LL simulation.
--25182-- warning: specified LL cache: line_size 64  assoc 11  total_size 25,952,256
--25182-- warning: simulated LL cache: line_size 64  assoc 12  total_size 25,165,824
FIFO cache replacement will be used
==25182== 
==25182== I   refs:      118,013
==25182== I1  misses:      2,061
==25182== LLi misses:      1,206
==25182== I1  miss rate:    1.75%
==25182== LLi miss rate:    1.02%
==25182== 
==25182== D   refs:       41,272  (30,609 rd   + 10,663 wr)
==25182== D1  misses:      3,093  ( 2,052 rd   +  1,041 wr)
==25182== LLd misses:      1,627  ( 1,108 rd   +    519 wr)
==25182== D1  miss rate:     7.5% (   6.7%     +    9.8%  )
==25182== LLd miss rate:     3.9% (   3.6%     +    4.9%  )
==25182== 
==25182== LL refs:         5,154  ( 4,113 rd   +  1,041 wr)
==25182== LL misses:       2,833  ( 2,314 rd   +    519 wr)
==25182== LL miss rate:      1.8% (   1.6%     +    4.9%  )
