==24280== Cachegrind, a cache and branch-prediction profiler
==24280== Copyright (C) 2002-2017, and GNU GPL'd, by Nicholas Nethercote et al.
==24280== Using Valgrind-3.16.1 and LibVEX; rerun with -h for copyright info
==24280== Command: ./fft1
==24280== 
--24280-- warning: L3 cache found, using its data for the LL simulation.
--24280-- warning: specified LL cache: line_size 64  assoc 11  total_size 25,952,256
--24280-- warning: simulated LL cache: line_size 64  assoc 12  total_size 25,165,824
Random cache replacement will be used
==24280== 
==24280== I   refs:      114,788
==24280== I1  misses:     10,947
==24280== LLi misses:        854
==24280== I1  miss rate:    9.54%
==24280== LLi miss rate:    0.74%
==24280== 
==24280== D   refs:       39,719  (29,129 rd   + 10,590 wr)
==24280== D1  misses:     17,354  (12,933 rd   +  4,421 wr)
==24280== LLd misses:      1,629  ( 1,109 rd   +    520 wr)
==24280== D1  miss rate:    43.7% (  44.4%     +   41.7%  )
==24280== LLd miss rate:     4.1% (   3.8%     +    4.9%  )
==24280== 
==24280== LL refs:        28,301  (23,880 rd   +  4,421 wr)
==24280== LL misses:       2,483  ( 1,963 rd   +    520 wr)
==24280== LL miss rate:      1.6% (   1.4%     +    4.9%  )
