==24309== Cachegrind, a cache and branch-prediction profiler
==24309== Copyright (C) 2002-2017, and GNU GPL'd, by Nicholas Nethercote et al.
==24309== Using Valgrind-3.16.1 and LibVEX; rerun with -h for copyright info
==24309== Command: ./fft1
==24309== 
--24309-- warning: L3 cache found, using its data for the LL simulation.
--24309-- warning: specified LL cache: line_size 64  assoc 11  total_size 25,952,256
--24309-- warning: simulated LL cache: line_size 64  assoc 12  total_size 25,165,824
FIFO cache replacement will be used
==24309== 
==24309== I   refs:      114,788
==24309== I1  misses:      1,501
==24309== LLi misses:        853
==24309== I1  miss rate:    1.31%
==24309== LLi miss rate:    0.74%
==24309== 
==24309== D   refs:       39,719  (29,129 rd   + 10,590 wr)
==24309== D1  misses:      3,132  ( 2,124 rd   +  1,008 wr)
==24309== LLd misses:      1,628  ( 1,108 rd   +    520 wr)
==24309== D1  miss rate:     7.9% (   7.3%     +    9.5%  )
==24309== LLd miss rate:     4.1% (   3.8%     +    4.9%  )
==24309== 
==24309== LL refs:         4,633  ( 3,625 rd   +  1,008 wr)
==24309== LL misses:       2,481  ( 1,961 rd   +    520 wr)
==24309== LL miss rate:      1.6% (   1.4%     +    4.9%  )
