==24134== Cachegrind, a cache and branch-prediction profiler
==24134== Copyright (C) 2002-2017, and GNU GPL'd, by Nicholas Nethercote et al.
==24134== Using Valgrind-3.16.1 and LibVEX; rerun with -h for copyright info
==24134== Command: ./compress
==24134== 
--24134-- warning: L3 cache found, using its data for the LL simulation.
--24134-- warning: specified LL cache: line_size 64  assoc 11  total_size 25,952,256
--24134-- warning: simulated LL cache: line_size 64  assoc 12  total_size 25,165,824
Random cache replacement will be used
==24134== 
==24134== I   refs:      118,598
==24134== I1  misses:     11,318
==24134== LLi misses:        863
==24134== I1  miss rate:    9.54%
==24134== LLi miss rate:    0.73%
==24134== 
==24134== D   refs:       40,468  (29,276 rd   + 11,192 wr)
==24134== D1  misses:     17,231  (13,003 rd   +  4,228 wr)
==24134== LLd misses:      1,671  ( 1,108 rd   +    563 wr)
==24134== D1  miss rate:    42.6% (  44.4%     +   37.8%  )
==24134== LLd miss rate:     4.1% (   3.8%     +    5.0%  )
==24134== 
==24134== LL refs:        28,549  (24,321 rd   +  4,228 wr)
==24134== LL misses:       2,534  ( 1,971 rd   +    563 wr)
==24134== LL miss rate:      1.6% (   1.3%     +    5.0%  )
