==24732== Cachegrind, a cache and branch-prediction profiler
==24732== Copyright (C) 2002-2017, and GNU GPL'd, by Nicholas Nethercote et al.
==24732== Using Valgrind-3.16.1 and LibVEX; rerun with -h for copyright info
==24732== Command: ./bs
==24732== 
--24732-- warning: L3 cache found, using its data for the LL simulation.
--24732-- warning: specified LL cache: line_size 64  assoc 11  total_size 25,952,256
--24732-- warning: simulated LL cache: line_size 64  assoc 12  total_size 25,165,824
Random cache replacement will be used
==24732== 
==24732== I   refs:      112,634
==24732== I1  misses:      2,414
==24732== LLi misses:        846
==24732== I1  miss rate:    2.14%
==24732== LLi miss rate:    0.75%
==24732== 
==24732== D   refs:       38,335  (28,159 rd   + 10,176 wr)
==24732== D1  misses:      4,454  ( 3,210 rd   +  1,244 wr)
==24732== LLd misses:      1,629  ( 1,110 rd   +    519 wr)
==24732== D1  miss rate:    11.6% (  11.4%     +   12.2%  )
==24732== LLd miss rate:     4.2% (   3.9%     +    5.1%  )
==24732== 
==24732== LL refs:         6,868  ( 5,624 rd   +  1,244 wr)
==24732== LL misses:       2,475  ( 1,956 rd   +    519 wr)
==24732== LL miss rate:      1.6% (   1.4%     +    5.1%  )
