==24137== Cachegrind, a cache and branch-prediction profiler
==24137== Copyright (C) 2002-2017, and GNU GPL'd, by Nicholas Nethercote et al.
==24137== Using Valgrind-3.16.1 and LibVEX; rerun with -h for copyright info
==24137== Command: ./compress
==24137== 
--24137-- warning: L3 cache found, using its data for the LL simulation.
--24137-- warning: specified LL cache: line_size 64  assoc 11  total_size 25,952,256
--24137-- warning: simulated LL cache: line_size 64  assoc 12  total_size 25,165,824
LIP cache replacement will be used
==24137== 
==24137== I   refs:      118,598
==24137== I1  misses:      9,547
==24137== LLi misses:        865
==24137== I1  miss rate:    8.05%
==24137== LLi miss rate:    0.73%
==24137== 
==24137== D   refs:       40,468  (29,276 rd   + 11,192 wr)
==24137== D1  misses:     14,710  (11,309 rd   +  3,401 wr)
==24137== LLd misses:      1,672  ( 1,109 rd   +    563 wr)
==24137== D1  miss rate:    36.3% (  38.6%     +   30.4%  )
==24137== LLd miss rate:     4.1% (   3.8%     +    5.0%  )
==24137== 
==24137== LL refs:        24,257  (20,856 rd   +  3,401 wr)
==24137== LL misses:       2,537  ( 1,974 rd   +    563 wr)
==24137== LL miss rate:      1.6% (   1.3%     +    5.0%  )
