==24606== Cachegrind, a cache and branch-prediction profiler
==24606== Copyright (C) 2002-2017, and GNU GPL'd, by Nicholas Nethercote et al.
==24606== Using Valgrind-3.16.1 and LibVEX; rerun with -h for copyright info
==24606== Command: ./select
==24606== 
--24606-- warning: L3 cache found, using its data for the LL simulation.
--24606-- warning: specified LL cache: line_size 64  assoc 11  total_size 25,952,256
--24606-- warning: simulated LL cache: line_size 64  assoc 12  total_size 25,165,824
LRU cache replacement will be used
==24606== 
==24606== I   refs:      113,358
==24606== I1  misses:     10,356
==24606== LLi misses:        855
==24606== I1  miss rate:    9.14%
==24606== LLi miss rate:    0.75%
==24606== 
==24606== D   refs:       38,691  (28,463 rd   + 10,228 wr)
==24606== D1  misses:     16,283  (12,066 rd   +  4,217 wr)
==24606== LLd misses:      1,627  ( 1,108 rd   +    519 wr)
==24606== D1  miss rate:    42.1% (  42.4%     +   41.2%  )
==24606== LLd miss rate:     4.2% (   3.9%     +    5.1%  )
==24606== 
==24606== LL refs:        26,639  (22,422 rd   +  4,217 wr)
==24606== LL misses:       2,482  ( 1,963 rd   +    519 wr)
==24606== LL miss rate:      1.6% (   1.4%     +    5.1%  )
