==24931== Cachegrind, a cache and branch-prediction profiler
==24931== Copyright (C) 2002-2017, and GNU GPL'd, by Nicholas Nethercote et al.
==24931== Using Valgrind-3.16.1 and LibVEX; rerun with -h for copyright info
==24931== Command: ./fibcall
==24931== 
--24931-- warning: L3 cache found, using its data for the LL simulation.
--24931-- warning: specified LL cache: line_size 64  assoc 11  total_size 25,952,256
--24931-- warning: simulated LL cache: line_size 64  assoc 12  total_size 25,165,824
LRU cache replacement will be used
==24931== 
==24931== I   refs:      112,815
==24931== I1  misses:     10,255
==24931== LLi misses:        843
==24931== I1  miss rate:    9.09%
==24931== LLi miss rate:    0.75%
==24931== 
==24931== D   refs:       38,541  (28,318 rd   + 10,223 wr)
==24931== D1  misses:     15,893  (11,769 rd   +  4,124 wr)
==24931== LLd misses:      1,623  ( 1,106 rd   +    517 wr)
==24931== D1  miss rate:    41.2% (  41.6%     +   40.3%  )
==24931== LLd miss rate:     4.2% (   3.9%     +    5.1%  )
==24931== 
==24931== LL refs:        26,148  (22,024 rd   +  4,124 wr)
==24931== LL misses:       2,466  ( 1,949 rd   +    517 wr)
==24931== LL miss rate:      1.6% (   1.4%     +    5.1%  )
