==23600== Cachegrind, a cache and branch-prediction profiler
==23600== Copyright (C) 2002-2017, and GNU GPL'd, by Nicholas Nethercote et al.
==23600== Using Valgrind-3.16.1 and LibVEX; rerun with -h for copyright info
==23600== Command: ./bsort100
==23600== 
--23600-- warning: L3 cache found, using its data for the LL simulation.
--23600-- warning: specified LL cache: line_size 64  assoc 11  total_size 25,952,256
--23600-- warning: simulated LL cache: line_size 64  assoc 12  total_size 25,165,824
==23600== 
==23600== I   refs:      63,750,138,164
==23600== I1  misses:             5,220
==23600== LLi misses:               834
==23600== I1  miss rate:           0.00%
==23600== LLi miss rate:           0.00%
==23600== 
==23600== D   refs:      31,250,163,440  (26,250,103,271 rd   + 5,000,060,169 wr)
==23600== D1  misses:             4,780  (         1,132 rd   +         3,648 wr)
==23600== LLd misses:             4,764  (         1,120 rd   +         3,644 wr)
==23600== D1  miss rate:            0.0% (           0.0%     +           0.0%  )
==23600== LLd miss rate:            0.0% (           0.0%     +           0.0%  )
==23600== 
==23600== LL refs:               10,000  (         6,352 rd   +         3,648 wr)
==23600== LL misses:              5,598  (         1,954 rd   +         3,644 wr)
==23600== LL miss rate:             0.0% (           0.0%     +           0.0%  )
