==24167== Cachegrind, a cache and branch-prediction profiler
==24167== Copyright (C) 2002-2017, and GNU GPL'd, by Nicholas Nethercote et al.
==24167== Using Valgrind-3.16.1 and LibVEX; rerun with -h for copyright info
==24167== Command: ./compress
==24167== 
--24167-- warning: L3 cache found, using its data for the LL simulation.
--24167-- warning: specified LL cache: line_size 64  assoc 11  total_size 25,952,256
--24167-- warning: simulated LL cache: line_size 64  assoc 12  total_size 25,165,824
Random cache replacement will be used
==24167== 
==24167== I   refs:      118,598
==24167== I1  misses:      1,555
==24167== LLi misses:        864
==24167== I1  miss rate:    1.31%
==24167== LLi miss rate:    0.73%
==24167== 
==24167== D   refs:       40,468  (29,276 rd   + 11,192 wr)
==24167== D1  misses:      3,173  ( 2,088 rd   +  1,085 wr)
==24167== LLd misses:      1,669  ( 1,106 rd   +    563 wr)
==24167== D1  miss rate:     7.8% (   7.1%     +    9.7%  )
==24167== LLd miss rate:     4.1% (   3.8%     +    5.0%  )
==24167== 
==24167== LL refs:         4,728  ( 3,643 rd   +  1,085 wr)
==24167== LL misses:       2,533  ( 1,970 rd   +    563 wr)
==24167== LL miss rate:      1.6% (   1.3%     +    5.0%  )
