==25227== Cachegrind, a cache and branch-prediction profiler
==25227== Copyright (C) 2002-2017, and GNU GPL'd, by Nicholas Nethercote et al.
==25227== Using Valgrind-3.16.1 and LibVEX; rerun with -h for copyright info
==25227== Command: ./statemate
==25227== 
--25227-- warning: L3 cache found, using its data for the LL simulation.
--25227-- warning: specified LL cache: line_size 64  assoc 11  total_size 25,952,256
--25227-- warning: simulated LL cache: line_size 64  assoc 12  total_size 25,165,824
LRU cache replacement will be used
==25227== 
==25227== I   refs:      113,232
==25227== I1  misses:      8,699
==25227== LLi misses:        891
==25227== I1  miss rate:    7.68%
==25227== LLi miss rate:    0.79%
==25227== 
==25227== D   refs:       38,847  (28,395 rd   + 10,452 wr)
==25227== D1  misses:     10,758  ( 8,530 rd   +  2,228 wr)
==25227== LLd misses:      1,629  ( 1,107 rd   +    522 wr)
==25227== D1  miss rate:    27.7% (  30.0%     +   21.3%  )
==25227== LLd miss rate:     4.2% (   3.9%     +    5.0%  )
==25227== 
==25227== LL refs:        19,457  (17,229 rd   +  2,228 wr)
==25227== LL misses:       2,520  ( 1,998 rd   +    522 wr)
==25227== LL miss rate:      1.7% (   1.4%     +    5.0%  )
