==24916== Cachegrind, a cache and branch-prediction profiler
==24916== Copyright (C) 2002-2017, and GNU GPL'd, by Nicholas Nethercote et al.
==24916== Using Valgrind-3.16.1 and LibVEX; rerun with -h for copyright info
==24916== Command: ./fdct
==24916== 
--24916-- warning: L3 cache found, using its data for the LL simulation.
--24916-- warning: specified LL cache: line_size 64  assoc 11  total_size 25,952,256
--24916-- warning: simulated LL cache: line_size 64  assoc 12  total_size 25,165,824
LIP cache replacement will be used
==24916== 
==24916== I   refs:      117,336
==24916== I1  misses:      1,897
==24916== LLi misses:        875
==24916== I1  miss rate:    1.62%
==24916== LLi miss rate:    0.75%
==24916== 
==24916== D   refs:       40,903  (30,002 rd   + 10,901 wr)
==24916== D1  misses:      3,729  ( 2,669 rd   +  1,060 wr)
==24916== LLd misses:      1,634  ( 1,115 rd   +    519 wr)
==24916== D1  miss rate:     9.1% (   8.9%     +    9.7%  )
==24916== LLd miss rate:     4.0% (   3.7%     +    4.8%  )
==24916== 
==24916== LL refs:         5,626  ( 4,566 rd   +  1,060 wr)
==24916== LL misses:       2,509  ( 1,990 rd   +    519 wr)
==24916== LL miss rate:      1.6% (   1.4%     +    4.8%  )
