==25179== Cachegrind, a cache and branch-prediction profiler
==25179== Copyright (C) 2002-2017, and GNU GPL'd, by Nicholas Nethercote et al.
==25179== Using Valgrind-3.16.1 and LibVEX; rerun with -h for copyright info
==25179== Command: ./nsichneu
==25179== 
--25179-- warning: L3 cache found, using its data for the LL simulation.
--25179-- warning: specified LL cache: line_size 64  assoc 11  total_size 25,952,256
--25179-- warning: simulated LL cache: line_size 64  assoc 12  total_size 25,165,824
LRU cache replacement will be used
==25179== 
==25179== I   refs:      118,013
==25179== I1  misses:      2,059
==25179== LLi misses:      1,206
==25179== I1  miss rate:    1.74%
==25179== LLi miss rate:    1.02%
==25179== 
==25179== D   refs:       41,272  (30,609 rd   + 10,663 wr)
==25179== D1  misses:      3,043  ( 2,010 rd   +  1,033 wr)
==25179== LLd misses:      1,627  ( 1,108 rd   +    519 wr)
==25179== D1  miss rate:     7.4% (   6.6%     +    9.7%  )
==25179== LLd miss rate:     3.9% (   3.6%     +    4.9%  )
==25179== 
==25179== LL refs:         5,102  ( 4,069 rd   +  1,033 wr)
==25179== LL misses:       2,833  ( 2,314 rd   +    519 wr)
==25179== LL miss rate:      1.8% (   1.6%     +    4.9%  )
