==24976== Cachegrind, a cache and branch-prediction profiler
==24976== Copyright (C) 2002-2017, and GNU GPL'd, by Nicholas Nethercote et al.
==24976== Using Valgrind-3.16.1 and LibVEX; rerun with -h for copyright info
==24976== Command: ./insertsort
==24976== 
--24976-- warning: L3 cache found, using its data for the LL simulation.
--24976-- warning: specified LL cache: line_size 64  assoc 11  total_size 25,952,256
--24976-- warning: simulated LL cache: line_size 64  assoc 12  total_size 25,165,824
LIP cache replacement will be used
==24976== 
==24976== I   refs:      114,401
==24976== I1  misses:      8,575
==24976== LLi misses:        848
==24976== I1  miss rate:    7.50%
==24976== LLi miss rate:    0.74%
==24976== 
==24976== D   refs:       39,024  (28,711 rd   + 10,313 wr)
==24976== D1  misses:     10,035  ( 8,132 rd   +  1,903 wr)
==24976== LLd misses:      1,628  ( 1,109 rd   +    519 wr)
==24976== D1  miss rate:    25.7% (  28.3%     +   18.5%  )
==24976== LLd miss rate:     4.2% (   3.9%     +    5.0%  )
==24976== 
==24976== LL refs:        18,610  (16,707 rd   +  1,903 wr)
==24976== LL misses:       2,476  ( 1,957 rd   +    519 wr)
==24976== LL miss rate:      1.6% (   1.4%     +    5.0%  )
