==24902== Cachegrind, a cache and branch-prediction profiler
==24902== Copyright (C) 2002-2017, and GNU GPL'd, by Nicholas Nethercote et al.
==24902== Using Valgrind-3.16.1 and LibVEX; rerun with -h for copyright info
==24902== Command: ./fdct
==24902== 
--24902-- warning: L3 cache found, using its data for the LL simulation.
--24902-- warning: specified LL cache: line_size 64  assoc 11  total_size 25,952,256
--24902-- warning: simulated LL cache: line_size 64  assoc 12  total_size 25,165,824
LRU cache replacement will be used
==24902== 
==24902== I   refs:      117,336
==24902== I1  misses:      8,749
==24902== LLi misses:        873
==24902== I1  miss rate:    7.46%
==24902== LLi miss rate:    0.74%
==24902== 
==24902== D   refs:       40,903  (30,002 rd   + 10,901 wr)
==24902== D1  misses:     10,444  ( 8,183 rd   +  2,261 wr)
==24902== LLd misses:      1,627  ( 1,108 rd   +    519 wr)
==24902== D1  miss rate:    25.5% (  27.3%     +   20.7%  )
==24902== LLd miss rate:     4.0% (   3.7%     +    4.8%  )
==24902== 
==24902== LL refs:        19,193  (16,932 rd   +  2,261 wr)
==24902== LL misses:       2,500  ( 1,981 rd   +    519 wr)
==24902== LL miss rate:      1.6% (   1.3%     +    4.8%  )
