==24075== Cachegrind, a cache and branch-prediction profiler
==24075== Copyright (C) 2002-2017, and GNU GPL'd, by Nicholas Nethercote et al.
==24075== Using Valgrind-3.16.1 and LibVEX; rerun with -h for copyright info
==24075== Command: ./adpcm
==24075== 
--24075-- warning: L3 cache found, using its data for the LL simulation.
--24075-- warning: specified LL cache: line_size 64  assoc 11  total_size 25,952,256
--24075-- warning: simulated LL cache: line_size 64  assoc 12  total_size 25,165,824
FIFO cache replacement will be used
==24075== 
==24075== I   refs:      22,925,516
==24075== I1  misses:         6,575
==24075== LLi misses:           925
==24075== I1  miss rate:       0.03%
==24075== LLi miss rate:       0.00%
==24075== 
==24075== D   refs:      14,523,017  (13,305,638 rd   + 1,217,379 wr)
==24075== D1  misses:         6,751  (     5,010 rd   +     1,741 wr)
==24075== LLd misses:         1,656  (     1,116 rd   +       540 wr)
==24075== D1  miss rate:        0.0% (       0.0%     +       0.1%  )
==24075== LLd miss rate:        0.0% (       0.0%     +       0.0%  )
==24075== 
==24075== LL refs:           13,326  (    11,585 rd   +     1,741 wr)
==24075== LL misses:          2,581  (     2,041 rd   +       540 wr)
==24075== LL miss rate:         0.0% (       0.0%     +       0.0%  )
