==24618== Cachegrind, a cache and branch-prediction profiler
==24618== Copyright (C) 2002-2017, and GNU GPL'd, by Nicholas Nethercote et al.
==24618== Using Valgrind-3.16.1 and LibVEX; rerun with -h for copyright info
==24618== Command: ./select
==24618== 
--24618-- warning: L3 cache found, using its data for the LL simulation.
--24618-- warning: specified LL cache: line_size 64  assoc 11  total_size 25,952,256
--24618-- warning: simulated LL cache: line_size 64  assoc 12  total_size 25,165,824
LRU cache replacement will be used
==24618== 
==24618== I   refs:      113,358
==24618== I1  misses:      6,177
==24618== LLi misses:        855
==24618== I1  miss rate:    5.45%
==24618== LLi miss rate:    0.75%
==24618== 
==24618== D   refs:       38,691  (28,463 rd   + 10,228 wr)
==24618== D1  misses:      6,034  ( 4,677 rd   +  1,357 wr)
==24618== LLd misses:      1,627  ( 1,108 rd   +    519 wr)
==24618== D1  miss rate:    15.6% (  16.4%     +   13.3%  )
==24618== LLd miss rate:     4.2% (   3.9%     +    5.1%  )
==24618== 
==24618== LL refs:        12,211  (10,854 rd   +  1,357 wr)
==24618== LL misses:       2,482  ( 1,963 rd   +    519 wr)
==24618== LL miss rate:      1.6% (   1.4%     +    5.1%  )
